sUzqtUiKTfBYZgH84LJi02LNyvtPWbqywF92CWuKiv1VyjIoMoTxGFyNhJJo/WO99dc4sYqNDuQhgbl8TUeU2L/827JVk4VnLY8YT6cFZrMP
Ymd9IkvR50QwcUInmxmgZPlwwgb8JdZY4irifMFq1PMIPn9Y03kB8ZihUpYeo5RTaaQ7EjFkC0FJCdIpfj4XnI/QUFtu/y4sdWZS3nSMpkWAz3k3oYSSxMIWqv3Oy++U8NXa6Sr0i1cdO1FX2OcYO3mVTPsBcOe/CR0yfj4jZKlpko8Ur7M6R8jyIVGpmyhkZR2sIZxptBi/0oNGTYZObZggPijrsUnw+/vsBNWZNUzRL+CYi1THQlkLscd591QfGy3ys5s=
L6w1pUZpglhrvXrrl12cjvlwwgb8JdZY4irifMFq1PMIPn9Y03kB8ZihUpYeo5RTaaQ7EjFkC0FJCdIpfj4XnI/QUFtu/y4sdWZS3nSMpkWAz3k3oYSSxMIWqv3Oy++U8NXa6Sr0i1cdO1FX2OcYO3mVTPsBcOe/CR0yfj4jZKlpko8Ur7M6R8jyIVGpmyhkZR2sIZxptBi/0oNGTYZObZggPijrsUnw+/vsBNWZNUzRL+eYi1THQlkLscd591QfGy3ys5s=
XQCqNwNQUZjQsearizyIT9/4242Yog+Y1FQMv6lj2N23iAxpRuYQl1yK33QIqlWRyNwKnm76KQzv1uHFC5And7Mc
T3DG/Tn8rINXNSxAholTmJAnVndW43+fYmhmUrrMWyCS/R/6k3pFUlrSoZzJwlJmeDlDDaFF7kxfkAu1+Hq/8BR8fGcJGwj1t6DcEeY+YL+c4m+saJKF9kg0WqaOopnkr/4Rnatod1+zNA==
jlIUcxp1UzCepK89moBOgzfV4vL36NM2V8nVOpp5U2epHx8aHX/Ntemwg0BOVRSlRuRRb28l1JRBTSVcOzqu3ahyWBdPYmB6teI6BHXZVcwx70uY6xTnwnlL0cfZN3Sfe21Sszs=
/ul/dsXC92yNOFmhBQ3az/aEJ1eNrSoBhh6IHc/VDwesVF1eWt65kPkuSkoYFZvhkQm2gJ9cU/lIlmdcdNDki7mXkHk3LESdVtL4E/xOt0DY3t06iPgC6r5OQcjP0glxm2RvU7M4
qOvqHchceZ9jfPkclIJheRd+YCxRRiViWuLBrAkSMvb4qeNdYbXOPF9gK8W4qh9glOycN0kr6MW3kDwhpm6ALxxyz3wo4qUGSER6Vk7yOXQvbnFNa1gXb7ME
ObZSSU09ingjALhzzUhodCppy9cvmVEZQ08tZlrmybgZBhoS2M3LiTHhBvgfpOOR6H63BDQINKPZv2BBNxS0tTb6KMu8FmeoeLZtwgiAsgIeJhEQD4pZWXtMH2uzAA==
PDY6w05jyDID53HQB/fNSgNa5PIeq3ADdE8tZlrmybgZBhoS2M3LiTHhBvgfpOOR6H63BDQINKPZv2BBNxS0tTb6KMu8FmeoeLZtwgiAsgIeJhEQD4pZWXtMH2uzAA==
1MjNnjkGNW05nKUcSCBN7XM1mRjFp93noeDaZE02kZyGhEg/f/eJC6qevwaHPwDEy7LEWmB9AfUsh/dWcHt+oPQd7CSTlgCcgeRoYpZsNtwtZj+YTUdjRhNtswI=
Ffi8+9uycUpMqtMwNUfNlPlwwgb8JdZY4irifMFq1PMIPn9Y03kB8ZihUpYeo5RTaaQ7EjFkC0FJCdIpfj4XnI/QUFtu/y4sdWZS3nSMpkWAz3k3oYSSxMIWqv3Oy++U8NXa6Sr0i1cdO1FX2OcYO3mVTPsBcOe/CR0yfj4jZKlpko8Ur7M6R8jyIVGpmyhkZR2sIZxptBi/0oNGTYZObZggPijrsUnw+/vsBNWZNUzRL+uYi1THQlkLscd591QfGy3ys5s=
6fWEpgiW2VyE2zZTHadD0DT2+FW7pmre2fVRTaACL1wk9Ctly7Qv0x15dao4uqf3TzeHC6rn5dEMs2U=
vUTmtITcfjim0jN7L0LcJoYgOMJxdxrhIlhu8h+NTGC7inBoGUCpRpwR5kiVql+cJZvT8ssBs2Y=
WfnMXP6/LRepsknXBQ1QR1Ff/vlOHfPt8smH4XqK3fiR19l58OMfkOf7BJsZevnMISl6tffX3FgPSH9McEh6JnFqMr0+8LD3mx9cl1Rwai4IPjgY+SIataKeaaOfTUygO8pwqJkJqQYc0eYIFWpfXKXb0zJLQbMm
gz35j2KuQvd6aWI/pCTIQykfg7d6/hliED4MWyvL4NAOT3mBjHjJ3trEDWZhzSvPnMIvDOgyxR9IVJgHDgJZxK8e0f0riDd/sxQ=
NL2EfrCxFOeQpyEBgnftkZwFinpShUtEvq4hDSOE/4nRUkElUpK3nMVBh6C58gJnOILtBiBPQPjTQ6t6c0OPXc7Z4sQ9ib1sqX/aGHOGfiLRGxkHkUdcf0MdarMD
HUjnFUlgdUddOKcGH5wXZikFhbdm5hhiED4MWyvL4NAOT3mBjHjJ3trEDWZhzSvPnMIvDOgyxRxIVJgHDgJZxK8e0f0riDd/sxQ=
DE1HqE9HvsKSEvrzZMQpKA+ewy7QctQXm2e4PG6j4S089FFSWkiV6tFhsyP8LnegWH4dUIgYQEs+LgEoz/LJ0RuEL3OzGA==
qliO7P1IHWhBVvQH3hE3KTcSx7QSeUdfpsDwWOABk2W0Il6ZxctEBg2cmgJBnDkDH51stPMmwOyh/mhytB32bE32vwit9yO2M32zEg==
d3OSvG9yD7eIQyf2xFqN4TYSx7QSeUdfpsDwWOABk2W0Il6ZxctEBg2cmgJBnDkDH51stPMmwOyh/mhytB32bE32vwit9yO2M32zEg==
Zn7w7fOaRITj8UQ5oDejKigfg7d6/hliED4MWyvL4NAOT3mBjHjJ3trEDWZhzSvPnMIvDOgyxRxIVJgHDgJZxK8e0f0riDd/sxQ=
5raC0ZRByR7BCSGF7WO04igFhbdm5hhiED4MWyvL4NAOT3mBjHjJ3trEDWZhzSvPnMIvDOgyxRxIVJgHDgJZxK8e0f0riDd/sxQ=
mhmhf3Z2ixysUp7LJWQxrA6ewy7QctQXm2e4PG6j4S089FFSWkiV6tFhsyP8LnegWH4dUIgYQEs+LgEoz/LJ0RuEL3OzGA==
oZemCWY7k7DXTd8QDiATxDUSx7QSeUdfpsDwWOABk2W0Il6ZxctEBg2cmgJBnDkDH51stPMmwOyh/mhytB32bE32vwit9yO2M32zEg==
SlGVBMUSeXHOSqSmSOn8SEUR8Y5UYAfGFXn3oImS0qdIYl2GsO8QOOMju3pjo78dHnlyRI3pTSz5n+kYg6Yu4mG76YcBpww/sz16sxM=
n4BBzi6R3leH3nbNGVYeDDQSx7QSeUdfpsDwWOABk2W0Il6ZxctEBg2cmgJBnDkDH51stPMmwOyh/mhytB32bE32vwit9yO2M32zEg==
FveRZf8FyfQQVVLkdNwH/Fqx+kifPJNZyHKlMnTwpCs591BZNwyE/dZyuDP8LnegWH4dUIgYQEs+LgEoz/LJ0RuEL3OzGA==
ltAZdTmGgp7wjMoRRiMAN1qx+kifPJNZyHanPHTwpCs591BZNwyE/dZyuDP8LnegWH4dUIgYQEs+LgEoz/LJ0RuEL3OzGA==
08+WjALUudJUCbHdXmuUvJdW/wLJQ/Agt/t9Y47JX////zl11i4dZHk0Y7VjFLdDh/jtOqBazycH98/7wgedIXSzHQ==
87yFmU2CFyc0rrpy9g4/uzT2+FW7pmre2fVRTaACL1wk9Ctly7Qv0x54dao4uqf3TzeHC6rn5dEMs2U=
gm8K9GGyigXcXhkzbqixIIYgOMJxdxrhIlhu8h+NTGC7inBoGUOoRpwR5kiVql+cJZvT8ssBs2Y=
Dz+4eLqCeDuv5tkuQJNH5084VssGqWzF5sNQS5XjZC4dlJoKUaUYJ0JELHyjjmBEMXXp+ie0VscdPv/A/d8DniN1sxo=
mdOExTwE3nh3ZFqpSvH2Awa+5o4C+Ym0xRZz4TB7DjAmayfjaC4q8vIJvg4pJjsDLTzBEYPQGNsycc2ftfULUZG2c6pqSpms/MOD5PtUy/R/Ze4CpYe/v9trYAZl1ritL6GKkXaHpIl8CQ/9TvgkIO+qDt856mpDioQKbr1P3tnZ0Phpc5nJJ45cw2z1il/9JXeHkMN/C1zaYBtI4zkmy5H7ZVCUbNTCKY0z2dxa+Sz553hsK3+xIaPTHF6MKL4Y1LFBwca9SCaLXiRKdXfMsJsaMHi5kamWPwCm27V630wFC5Pia9Gztg==
mTI87cX4m+OueopNttXGuVcfeXpUcs7/+wkz+9vRj/f3x/LxtiCLsKY4dsc2nvHHrJKMYx/YODyv+YLXIAPchqapWewL4LaEWe64BUs+tyqbJotTtmiZaV+dv01I/EnIyJ87t7Kbaomki3gPB+dCxjQy21wW9UXESqGu4mJUUZHuq40GAKMv14nlShqLNjl0j69RwV96fxFr/j7GszJPp9Z5BW3d2gjiVECtC7tDUORpvk2R4MbX0RFDBzX05OB2DuoA5zmLGnOIZM+Y7JA5CZxibyxoEoV/SbRbJo4hmWSvfhEdq+h337O0
jkgZZm8mjI7BidtUOZOqLpqotTIcPeeVKqxiIhBH5PpxfLOQnOahvpwa1WF1zeXtfLWLPg3jrZrxaz7dgaO9KN8XCYjrOcNCLh9Pgf1TY8kQepFXNi8gVZbsne9vMCqpJA4S9AYkBuKEs3bUcdyXeT+6LKt7GvxkGaYVF9Y2fr91XIrR+KmIcPGfB09jh6pTwlNDcQ5bgxTdVxMpwO6M1z6hk9YtlA33wE+SBpPBW68yjF95LoHejY5wZWbxln/yVKXipJxoybUzOGGPXtSnre8ka8uguYkxfarAv0PXSwMOl+Fp0LO5
UmEcHRy28+zQbVtHGmpsbyU9f2KxeMK1WxZWX4z0rSVjI7/IFEVtcDIwSvpN/vu9S3GSDeWiowMDxp/T/BYv2u/6Bq9H1CX5DR5gJ4FdsyNNFf5C/wsYzw5J+NRz80FAJLUqNhzoCCQI/oqLeMh/rLll0YJCt1X60jh3nvvL+EYwY7tkxI02aUYsvyfJky33BI8s6y0toLstiLPv/bVungJLsBkdSqMUg2tO9xyaHbH1M9w0MeWAYXDR4MiLul/mMS6aHaz4UqgH6X0Ar1MQpIlxARwFl45Zpy0Tki6jbadFHwCv73Xes7c=
0FGquWZ822BM+mPioYQVS7pu3PtPHHv0MgorOez9BVLW8JHbDAkR1/Lm+bR+Y8EBHXI+xh3MGaWG+fV6M/aXoN0pS4tJZ70QZ7lP2prv2ymB878hpCrF7/rvbC3CPGnHM1AWQTA+ZuwKJAr68INiPE28y1HLanjTN9ow3E32of8KlgIX4aw+SXQpBOhF75Pnnyf2O3aDl8lCG0/sCQdnARwOsL8qkWfOIZQB7zR/hm6vIYeHRtyLgeLBkjVaoNEOrTaDWsDVVjwQ6EUth8j1JyJ0e0VbdD9zbHnFSSl6NJcft3frGqeVcdyztQ==
1wxtaDjQgwV0HSvtprUbtSU9f2KxeMK1WxZWX4z0rSVjI7/IFEVtcDIwSvpN/vu9S3GSDeWiowMDxp/T0AEvze71G69H1CX5DR5gJ4FdsyNNFf5C/wsYzw5J+NRz80FAJLUqNhzoCCQI/oqLeMh/rLll0YJCt1X60jh3nvvL+EYwY7tkxI02aUYsvyfJky33BI8s6y0toLstiLPv/bVungJLsBkdSqMUg2tO9xyaHbH1M9w0MeWAYXDR4MiLul/mMS6aHaz4UqgH6X0Ar1MQpIlxARwFl45Zpy0Tki6jbadFHwCv73Xes7c=
KA+NSa/E3y5FhfEzLEpymLpu3PtPHHv0MgorOez9BVLW8JHbDAkR0fLm+bR4Y8EBHXI+xh3MGaWG+fV6IvCVtdk9S4tJZ70QZ7lP2prv2ymB878hpCrF7/rvbC3CPGnHM1AWQTA+ZuwKJAr68INiPE28y1HLanjTN9ow3E32of8KlgIX4aw+SXQpBOhF75Pnnyf2O3aDl8lCG0/sCQdnARwOsL8qkWfOIZQB7zR/hm6vIYeHRtyLgeLBkjVaoNEOrTaDWsDVVjwQ6EUth8j1JyJ0e0VbdD9zbHnFSSl6NJcft3frGqeVcdyztQ==
LBEzfUjt7x0VhOIc0eb/pwa+5o4C+Ym0xRZz4TB7DjAmayfjaC4q9ONR5h4/LW9cKj/UOMWzX5klKdrfsccMR4Src6pqSpms/MOD5PtUy/R/Ze4CpYe/v9trYAZl1ritL6GKkXaHpIl8CQ/9TvgkIO+qDt856mpDioQKbr1P3tnZ0Phpc5nJJ45cw2z1il/9JXeHkMN/C1zaYBtI4zkmy5H7ZVCUbNTCKY0z2dxa+Sz553hsK3+xIaPTHF6MKL4Y1LFBwca9SCaLXiRKdXfMsJsaMHi5kamWPwCm27V630wFC5Pia9Gztg==
ECGY06ulLaRljinBgWdLeAa+5o4C+Ym0xRZz4TB7DjAmayfjaC4q9ONR5h4/LW9cKj/UOMWzX5klKdrfuNQGWoSpc6pqSpms/MOD5PtUy/R/Ze4CpYe/v9trYAZl1ritL6GKkXaHpIl8CQ/9TvgkIO+qDt856mpDioQKbr1P3tnZ0Phpc5nJJ45cw2z1il/9JXeHkMN/C1zaYBtI4zkmy5H7ZVCUbNTCKY0z2dxa+Sz553hsK3+xIaPTHF6MKL4Y1LFBwca9SCaLXiRKdXfMsJsaMHi5kamWPwCm27V630wFC5Pia9Gztg==
Qf70yenO9wh2rKZ3ohR54Z68uFaWHwuw5vEG76lM6FcRsq7avmZMmsRU16SwdX65cvUeIJnfojSIduQ47OBBP/KYvu4CQ69fm5Q+ANlqMHHbil/OO0Lj52acUS0f2Xe5mMghrOh704Oi72KNpI9wexfTqiIUVrNoxgGNgArlZhay4Dn1Tk9lspDXp1MJYcJuG4LRkC/LOXWPjrdVK7r2MmMGJ8P2ne1Zza4A5lREpX+rd7gASdolpTAyH5VRB8/BJFCIEq4O6FOp/5L3COBH7Hwk0e08BgeYuOZNOAnwk9JeFfEAj5r5Kbucf9uzsA==
