iKJAmXJIOlQkhohngNglEcyPsNsEQouveVUnZWsB6jmvUyohOXxXejLLqfzZTZWvFooCNKwL9m5vqhbqJ1lN5MtxgE4hamYBQsW1fqv5iWxc0pFnFD8qCfcyVxRKVuTDkdE0BFEBYpgB4wi4USGMNPYBKQKcxYDiDMVTKSXD20azC4LEfQn9bOn/mhgzAj0ilZjZC1HHnH+DnbGuxA==
+zpFUqzbq//EYviw4Rw0J0vglfGistAqt5+9qMRZGnPgrf7JxP19vbRx3LVChgE+ttKQsj/I7A1mT/kxNoK0i7UFh2yukJ+scFPokG8H0RdtoOCeVAEAMS8uu6Wc0r/vDKYBscgK50kImVsI6q/Lneb79zoJDjXuCuzBc3wel1CYbn0DiMikWH5aYhhDAulhW5SPuK7P
0OU33loAF4MzGsqKnAm8Y9nN8LvYFm3XBpeqlxogxT4QTQ5q35gsbjrTeu1QgwDW4/hOhj0w2g1PNllZBoNcwD0pCH7hiNlwdpTgV/4Q6KqFV+BD1SqDbr0fBVaesmb/Fv73BlDZBGkzHm3Vj3RqvgfXQvMcERF+8ZTsGgLbpx1itMdtVIAHz87Y143K7MBt/7IKSTa66sl16YNPPR6FB5T0q2VLtK/TnHj1rru6I/TPOwcLKudl0Zeu4g==
P8EPtmkHNMF/yVf2t2e91sYNp6B5EesPRGIlYSpzpJvRL0zvWD7fMJ3cHnzk6P8OID8+Md0bxpSIib0Lk5aOtvP+SI0sWj9xjbWFTlQE1IeMw7eQ388sBEMtROhViyjsy1twh18C+pnX/87VA+BJSHlc0hJl2QyIK9IQ4Ol5KG5IisYEJlKT9DVDM/q7oq7J
Ln82cH4vQodl7Y+tVLCbKWmcSMmRHGDm0bzj65BnnWLY4Itv/Pu5/EInZFcJCzzzUMv/HOWYzoBMfH+CuNuObZUvJniwja03e0LO+qtauBGkLp/ddXHVMnwQ1IuUp4dMF3tMaPup1FQ93+ggE38Am1f22rWvux4pq3TJxOG4Yk4t7exkE9YA3AGtaCIQLjaYriYzWM2HY4aTtq7F
us1fsN9CzUa7kPFuEloEGGmcSMmRHGDm0bzj65BnnWLY8YNh+vS4rkInZFcJCzzzUMj/HOWYzoBMfH+CuNuObZUvJniwja03e0LO+qtauBGkLp/ddXHVMnwQ1IuUp4dMF3tMaPup1FQ93+ggE38Am1f22rWvux4pq3TJxOG4Yk4t7exkE9YA3AGtaCIQLjaYriYzWM2HY4aTtq7F
naX0h6N2GUbE5LSzi1vQdwoo0F+zgwSiyEcAZZhFIGHqacx+ocjoRSl4sDq9mO2ByKcmHBFlpmpQkfyyalOku5GPzE8YHd8Q3Xye3KTI/y5gn76RnTvGtMgpPavTto6Ws17ILWx6P1HNFQXuFCTUp8xjNzCf7ywkA43ESBWrKMyL+/AnHyL6uZdfTnVDwEloOfxSsiX5DKhrcpBAqVkoTggqRqRmcpPUdeOzWvuCruk=
MeeYjhNfmTNBAOdfZFaj2Ffxbkae5GVbP3V+Su8I9wAZNak+KHgdMJaUwJeekAjqp1eDAzWqI67dH+UWPjIGP/b+18YwWeQpEx4NFS/0yn5n12KzvJFxvtGUzNpiWwddQrSnrfQApw+u2PfNKmygrd+y6olWOkqJlenjj52eZUf09IslqzTPE7x4Fe4bOoO0Lzsny4pnhZG3rsI=
twO4NW4IIXySIoaHgrMENI7A0DFHYAfNgUFw6tql5cLuV3ce/MRoqLWqPGIKY6SrsX+MH/irX4B9DF4MxPj/PkBv/sF9i0YkaFn9e7OGjoaTroh9jMq/wW1lxT50FNS37JN3YH9frLSj/QSYdZso3KsLsHf/knopNy+OpSPwSXgZDBLixUmMOMsCUJDJaSheKNoG9IbCE0TVk3OKm7Ku+Q==
uGk/eGc+GQp02qFGmvqQA5GcussYSoj8Y1c5dXhG9hqvXipOXxI+YDvcsPTme7jIXsZTZ/VP43Jl4hvfI1p46tBzgE4hamYBQsW1fqv5iWxc0pFnFD8qCfcyVxRKVuTDkdE0BFEBYpgB4wi4USGMNPYBKQKcxYDiDMVTKSXD20azC4LEfQn9bOn/mhgzAj0ilZjZC1HHnH+DnbGuxA==
VCY5WjhnzdBSDjEtU9IwtbGpUPLKreX6nn+XxrOG5gJAiZz6muskE0HX7EcoYR/4TeR+FNTw/wYwRx4ZLcOG3NgxXeMjDg4+YwboJVwC/7ldjeUmZBzUj5y7l7gvF2xME5WkAOUTqGRbo9AvL1o6UQfHrr0z+ElAaSTyOpUBTMB7avAIWeGo5thyZqxWClM85XtTkou6rsE=
y5zrBewIlRgaWyIbxby3P31jZBSibTLWKnu825eK1EAeFEgn9vCwGngQ+1PtSgu+1R/tBhZSXu8OPo+2iLkMmZueheWHVLLOvxda4+Sxma7ZlMTKintfDXp0fx2MoA//Jlh/fcKMGN2HchJZDlpimZ3p65+1fr0XjLRT1RNUp6M0+J2es5p7BHd7HxtSR+2Bv67K
2syzaoNkR/SITWnlXsuN1W0J+rOTzx2lTHD6tKo50oOjhPyYuR4rG6jaVN/YDQwWMp/k73mz3EsgdzgklaAuuDxEf7rI425V5RfmwMA1TY8L+k5C2+JYqdSWX+UFSTUKDCjUs+SfZ3RnQ4zQixE07E1naJhjx+AjJ04ajd+D/hHbTMn8kYCCdl3VLNxjbuBkcRXommCW1iDenvNgvb+DvuOOrv0=
6xBZslLqSiiKuUdMx4ihgMj1kg4F52rXZ9n4GJM2u14AMRhoGTudr5UupdxWQpaAo0wodH7rIGg2lpigvX8LUh3S499baoDKuENIDmm6jqHaVS3+M2kRDPQCWSdczwJpz8JvFHKm3KO5IXxEmdHK+JlzkDjJsRSUHtFhQlT16ML09Ssp3fOjZls7ygS1WZXMcW8CmKuSpcI9yJHLmbe0n7vtia78
5PgpZT3Ke5tGuXglOSSoiZU7oYFr9bWs4lnZ7zATZmglL0STcdASaVZqcatJ+GjOnlS0KSnZcZz1SxXPA94cuQUZYe3AeZTjyAzXsG3mxX/U9mb4n2WZKnm5/kNer0csCeyQ65L0Rup2vmv/wwSsNHqjrBjK7nzBWGfXwtHaJ18fYsxa5Fss7g1C8lFWnSk+t6EdPEi6fQf4V955A0qrFLYuELNludhkvWl2yJW7FPjNeZhkYikFojDttFK4/W+pGftv9ocjLmRRIWm8/ScG2C/aqfKBcLXrPS/oj/dlza64
1zLuY+Ei0COszvW98h93ML3qrBc777/jTzsviLZftASSXN6Xot22mbZeTznGeSL3ZHgTpvrbJCMh5yz3SNGZSS1UviS0wP82UHfeqU1zBmy4gZ3TQz4ODgM2KJU8sn8JPT0lFgQs1L/8i1cIT6fs/HMlZDCFI6hUO5MQn0/quuFnd26NU8hJcAkUMor1scxwG9owODnRqNa4QqYcNrrTjIXLk6Lriq7x
7D2nbqzRoXxroYkpZ4qkOEla+4io2wpegvRpWzljaBbuEfVKfRMEUhodo/jS1ARf0uC0Eg82JpupOq8mWZ9hnrKimqdSHnO+jKkoYVfeyV1jxDZGA/eGq6CBfbbVlMjSbksbRaaUw5UIMOtHahizheacHNV7Uk4RyqrGARFpZwcRDvnfUJQv3RdEg9t4OFEm1wr/jMsbQ9OWd4mZs67G
nUfmjg99rW3YTlLp7Uuy+z3w7QE6kpih6f+bZbo8qJKic/HLwfSmBQQxJfEEnQQYKiSZ0gZeCD6/RHSB1qNhnVYubGcFSd+gblzH4EC/MLwPK8n7Xaz4klQNGD0fwqOJ/P5nAzzqWX0Ixr8FuHWDpIoDU3FWd2+2iYKtYroAWd8csk+8KCIlz0gE/BROtro0Iy7xjWuYl7Suww==
TdW+wgxOvB8idTBc18x0gYv4PkYG/UgbFHQOUURlDRUUmQwNCvBRFlY6oKo/0NzlhmepSXY6ZGMVrff0LghvBNA7uCiv/wE/DcjQhlQZMFlPBmtdXGrvh6wO8SlIkpfhqHGLsKrXm7UGE8ciCRYFBurEkQs8pke4OMYNmwhQVPDeMjKgg/o5STv8v6Cu1w==
qfmRUmt43UcL8RPSQ4a4a3+k7p1g2o6g6/zA9NabaIgupufia++zMlUCC98zOkgqANMQzpGKlsESpYV+W9nZLOxyYeeEX3rJBxJHFFp2FAPBsaSEoaHS2FHD+LhhQdz0BuGZggxlUCI8pUMpNSPrBuOrEkTNaY0sOR+qGEMi7eIlOKmLwSdMP/O9oa7U
hKxobZfQvPhBHxP1D+R1iYn4PlcE60wbFHQOUURlDRUUmQwPCvBRFlY6oKo/0NzlhmepSXY6ZGMVrff0LghvBNA7uCiv/wE/DcjQhlQZMFlPBmtdXGrvh6wO8SlIkpfhqHGLsKrXm7UGE8ciCRYFBurEkQs8pke4OMYNmwhQVPDeMjKgg/o5STv8v6Cu1w==
kTD4nOMgii8YUkKJwsXC4X+k6It8x46g6/zA9NabaIgupuHia++zMlUCC98zOkgqANMQzpGKlsESpYV+W9nZLOxyYeeEX3rJBxJHFFp2FAPBsaSEoaHS2FHD+LhhQdz0BuGZggxlUCI8pUMpNSPrBuOrEkTNaY0sOR+qGEMi7eIlOKmLwSdMP/O9oa7U
nk4UVtMMVLQmknAkefHQC3+k6Z1uwo6g6/zA9NabaIgupuDia++zMlUCC98zOkgqANMQzpGKlsESpYV+W9nZLOxyYeeEX3rJBxJHFFp2FAPBsaSEoaHS2FHD+LhhQdz0BuGZggxlUCI8pUMpNSPrBuOrEkTNaY0sOR+qGEMi7eIlOKmLwSdMP/O9oa7U
3Sf5w2nlVfvpb+rVMh7r600xE+6JmXvuOZRFbYlczSDdiLKV/5fiQXsAxzhT3otsJnzeucQNXc30oXwlyRnhbvbicII/+Aw9Jh8ZobYSFFv1daecruC/XLADSADvl7HHrZCArlQxYAHv/ts1HEIfv8xWIcHI+sc5SEn7mGo/K82myxcKCT7V3kq8IeP8jjeA2B5d84i4hKi+CsKIw5KJsZuk74iu/w==
dTJVqtzRbb/ttZRnWM4fNtZxBDRUhNMTPvbXpuXoh2e1KMmzubLyos5NellMStsIM4Hgq9wXdVOKwMi3CsT/IEgsy/n2ysQzVZ0X5C4YDzQQ6xhYL0/h70248JZUCRApD9aL7dwaT1dsPpE5SIJ30eghK0AqZ/vlxuPnMgkGJfYqlPG7vFbn6Hj27YkIQDTAHuKS0ANK2Zl7jJ+wrsc=
dTJVqtzRbb/ttZRnWM4fNtZxBDRUhNMTPvbXpuXoh2e1KMmzubLyos5NellMStsIM4Hgq9wXdVOKwMi3CsT/IEgsy/n2ysQzVZ0X5C4YDzQQ6xhYL0/h70248JZUCRApD9aL7dwaT1dsPpE5SIJ30eghK0AqZ/vlxuPnMgkGJfYqlPG7vFbn6Hj27YkIQDTAHuKS0ANK2Zl7jJ+wrsc=
