TdeRkPjXpuI2r1W+g9qhnsyPsNsEQouveVUnZWsB6jmvUyohOXxXejLLqfzZTZWvFooCNKwL9m5vqhbqJ1lN5MtxgE4hamYBQsW1fqv5iWxc0pFnFD8qCfcyVxRKVuTDkdE0BFEBYpgB4wi4USGMNPYBKQKcxYDiDMVTKSXD20azC4LEfQn9bOn/nhgzBD4ik5vZC1HHnH+DnbGuxA==
tFCYlFEyzziThKPHYKNwakvglfGistAqt5+9qMRZGnPgrf7JxP19vbRx3LVChgE+ttKQsj/I7A1mT/kxNoK0i7UFh2yukJ+scFPokG8H0RdtoOCeVAEAMS8uu6Wc0r/vDKYBscgK50kImVsI6q/Lneb79zoJDjXuCuzBc3wel1CYbn0HiMiiW35cYRhDAulhW5SPuK7P
ZWMOLf1315M6aCw26ezx99nN8LvYFm3XBpeqlxogxT4QTQ5q35gsbjrTeu1QgwDW4/hOhj0w2g1PNllZBoNcwD0pCH7hiNlwdpTgV/4Q6KqFV+BD1SqDbr0fBVaesmb/Fv73BlDZBGkzHm3Vj3RqvgfXQvMcERF+8ZTsGgLbpx1itMdtVIAHz87Y143K7MBt/7IKSTa66sl16YNPPR6FB5T0q2VLtK/TmHj1qLi6JffPOwcLKudl0Zeu4g==
/bHJp2nDv2VtA42KbnEnwcYNp6B5EesPRGIlYSpzpJvRL0zvWD7fMJ3cHnzk6P8OID8+Md0bxpSIib0Lk5aOtvP+SI0sWj9xjbWFTlQE1IeMw7eQ388sBEMtROhViyjsy1twh18C+pnX/87VA+BJSHlc0hJl2QyIK9IQ4Ol9KG5OicYCJVKT9DVDM/q7oq7J
xL37lNSyEgnRGo9LGO9Mj2mcSMmRHGDm0bzj65BnnWLY4Itv/Pu5/EInZFcJCzzzUMv/HOWYzoBMfH+CuNuObZUvJniwja03e0LO+qtauBGkLp/ddXHVMnwQ1IuUp4dMF3tMaPup1FQ93+ggE38Am1f22rWvux4pq3TJxOG4Yk4t7exkE9YA3AGpaCIWLTaerSYzWM2HY4aTtq7F
k1D21VpDhUG38nm4ilmE6mmcSMmRHGDm0bzj65BnnWLY8YNh+vS4rkInZFcJCzzzUMj/HOWYzoBMfH+CuNuObZUvJniwja03e0LO+qtauBGkLp/ddXHVMnwQ1IuUp4dMF3tMaPup1FQ93+ggE38Am1f22rWvux4pq3TJxOG4Yk4t7exkE9YA3AGpaCIWLTaerSYzWM2HY4aTtq7F
MT5avCFqaiIPYagyyurhAwoo0F+zgwSiyEcAZZhFIGHqacx+ocjoRSl4sDq9mO2ByKcmHBFlpmpQkfyyalOku5GPzE8YHd8Q3Xye3KTI/y5gn76RnTvGtMgpPavTto6Ws17ILWx6P1HNFQXuFCTUp8xjNzCf7ywkA43ESBWrKMyL+/AnHyL6uZdfTnVDwEloOfxSsiX5DKhrcpBAqV0oTg4pRqJlcpPUdeOzWvuCruk=
NdpOupZj86+5cuj4Mk4/yVfxbkae5GVbP3V+Su8I9wAZNak+KHgdMJaUwJeekAjqp1eDAzWqI67dH+UWPjIGP/b+18YwWeQpEx4NFS/0yn5n12KzvJFxvtGUzNpiWwddQrSnrfQApw+u2PfNKmygrd+y6olWOkqJlenjj52eZUf09IslqzTPE7h4FegYOoW3Lzsny4pnhZG3rsI=
4gK5RmN5dTUzCaxjHQ8+I47A0DFHYAfNgUFw6tql5cLuV3ce/MRoqLWqPGIKY6SrsX+MH/irX4B9DF4MxPj/PkBv/sF9i0YkaFn9e7OGjoaTroh9jMq/wW1lxT50FNS37JN3YH9frLSj/QSYdZso3KsLsHf/knopNy+OpSPwSXgZDBLixUmMOMsCUJDJbSheLtkG8oXCE0TVk3OKm7Ku+Q==
wAdpcxE0pTeJtF7ISydaU5GcussYSoj8Y1c5dXhG9hqvXipOXxI+YDvcsPTme7jIXsZTZ/VP43Jl4hvfI1p46tBzgE4hamYBQsW1fqv5iWxc0pFnFD8qCfcyVxRKVuTDkdE0BFEBYpgB4wi4USGMNPYBKQKcxYDiDMVTKSXD20azC4LEfQn9bOn/nhgzBD4ik5vZC1HHnH+DnbGuxA==
zvQNjhZBBqCCCVk51AsHJ7GpUPLKreX6nn+XxrOG5gJAiZz6muskE0HX7EcoYR/4TeR+FNTw/wYwRx4ZLcOG3NgxXeMjDg4+YwboJVwC/7ldjeUmZBzUj5y7l7gvF2xME5WkAOUTqGRbo9AvL1o6UQfHrr0z+ElAaSTyOpUBTMB7avAIWeWo5t5xZqpVClM85XtTkou6rsE=
QY9rOBFfjkSG4Kx8J9XBmX1jZBSibTLWKnu825eK1EAeFEgn9vCwGngQ+1PtSgu+1R/tBhZSXu8OPo+2iLkMmZueheWHVLLOvxda4+Sxma7ZlMTKintfDXp0fx2MoA//Jlh/fcKMGN2HchJZDlpimZ3p65+1fr0XjLRT1RNUp6Mw+J2YsJp9B3d7HxtSR+2Bv67K
M4/0K1I1Cng6bVMhXi9npng0ezjHZIigRZXCEL7vZxaAzmcSNwsbOP+tZIOh7xQO9BE0UB51be8mztVcxiJGQPOsGHSOy3CoZjYIIA3fe5ItsvPfS4qwikjj+I75Gl7hCnVd/gMJwUyk4smnrK+yqb/ifxRihqxjCUGMxAkxmrhJE6A4uZHE1M5x8cLkVRiCxBU7Kc2Tk6Yrm3qEJfnFDCFP9pibdPYC66sBS+lXBN9LzZmu7A==
aODg8pKRn6iddfCzPkL7lMj1kg4F52rXZ9n4GJM2u14AMRhoGTudr5UupdxWQpaAo0wodH7rIGg2lpigvX8LUh3S499baoDKuENIDmm6jqHaVS3+M2kRDPQCWSdczwJpz8JvFHKm3KO5IXxEmdHK+JlzkDjJsRSUHtFhQlT16ML09Ssp3fOjZls7ygS1WZXMcW8GmKuUpsI7y5HLmbe0n7vtia78
hotwcOBvtRCpeWjNIxG8IJU7oYFr9bWs4lnZ7zATZmglL0STcdASaVZqcatJ+GjOnlS0KSnZcZz1SxXPA94cuQUZYe3AeZTjyAzXsG3mxX/U9mb4n2WZKnm5/kNer0csCeyQ65L0Rup2vmv/wwSsNHqjrBjK7nzBWGfXwtHaJ18fYsxa5Fss7g1C8lFWnSk+t6EdPEi6fQf4V955A0qrFLYuELNludhkvWl2yJW7FPjNeZhkYikFojDttFK4/W+pGftv9ocjLmRRIWm8/ScC2C/cqvKHc7XrPS/oj/dlza64
1WG5Q4xWbFZF57rqh4vLhL3qrBc777/jTzsviLZftASSXN6Xot22mbZeTznGeSL3ZHgTpvrbJCMh5yz3SNGZSS1UviS0wP82UHfeqU1zBmy4gZ3TQz4ODgM2KJU8sn8JPT0lFgQs1L/8i1cIT6fs/HMlZDCFI6hUO5MQn0/quuFnd26NU8hJcAkUMor1scxwG9owODnVqNa+QaYaNbrTjIXLk6Lriq7x
AvdSo1Os/sSTqh2seOQdxhMmZT0VNtyj46N/JwcH/9yOs9QgekDuY7rRtp2+ol8tPlUCE0wk45KiF2Rn6Vt8I/C9ee1FyA5QLEx/stgLTj0136YIEF3tZ5tyzspLCvjBBF4fLdUhFeIcINS79HdHHLeLzBhbeZQE3e/oEPMvQEv3hlpFD+ve+ctEyfSBaKIejR1sFLMGQIzhmWgS9n12Tg1Ws6ht16NW84au9Q==
IyzfxBEuN168igCP8CAYEHZ5gstKj52wNl00j5aV9GtReCxsqfD7cuY0VjYcPCHbkLjaioq2r29nPKD09lvICI5mwuFEL1OyNcLr31N6qKpgkzDOsco2QbLlpX67mbmsDLIB52Sf2kmn0mcUera0g2FxRITBYTJYMYMYuEEBfHSmobmCLCUwotzlIynV44uGA2syRO2pLayZ344YI+QOYkN7SYuhZ+y/U/2BrvQ=
essAon+at2kZGSAtLgCvpvWQwhg/4CFoJInPRR8F42nXxvKl5FJufvZptte2n7qsVxciIxIBODrb+E4xRIXNdZR5zGsJ35G21ppgij/wHEUGx2lpdlqkg5XNNxQuaC/kUFv4yK/fQZ+NaJCmVDlw+c+mK31ciq/nLO6xSUhyV4EokUvQqvdbFYazBwIJNsWmamRRKzzGh1i4ps1/CDASE15UcUCD2nnpu1z/gK73
mQir4Bg8OfD7GV3/0U2dMEla+4io2wpegvRpWzljaBbuEfVKfRMEUhodo/jS1ARf0uC0Eg82JpupOq8mWZ9hnrKimqdSHnO+jKkoYVfeyV1jxDZGA/eGq6CBfbbVlMjSbksbRaaUw5UIMOtHahizheacHNV7Uk4RyqrGARFpZwcRDvnfUJQv3RdEg9t8OFEg1Ar5j8sbQ9OWd4mZs67G
0X14cm3Ddr0w+k7xOHYA2T3w7QE6kpih6f+bZbo8qJKic/HLwfSmBQQxJfEEnQQYKiSZ0gZeCD6/RHSB1qNhnVYubGcFSd+gblzH4EC/MLwPK8n7Xaz4klQNGD0fwqOJ/P5nAzzqWX0Ixr8FuHWDpIoDU3FWd2+2iYKtYroAWd8csk+8KCIly0gE+hdOsLk0Iy7xjWuYl7Suww==
MlJfz0rj1PN67556vQKPIov4PkYG/UgbFHQOUURlDRUUmQwNCvBRFlY6oKo/0NzlhmepSXY6ZGMVrff0LghvBNA7uCiv/wE/DcjQhlQZMFlPBmtdXGrvh6wO8SlIkpfhqHGLsKrXm7UGE8ciCRYFBurEkQs8pke4OMYNnwhQUvPeNDGgg/o5STv8v6Cu1w==
1RO9NgRlfdkrOIq12JHY/X+k7p1g2o6g6/zA9NabaIgupufia++zMlUCC98zOkgqANMQzpGKlsESpYV+W9nZLOxyYeeEX3rJBxJHFFp2FAPBsaSEoaHS2FHD+LhhQdz0BuGZggxlUCI8pUMpNSPrBuOrEkTNaY0sOR+uGEMk7uIjO6mLwSdMP/O9oa7U
cdAljtsylNI/sYvqLmTT5In4PlcE60wbFHQOUURlDRUUmQwPCvBRFlY6oKo/0NzlhmepSXY6ZGMVrff0LghvBNA7uCiv/wE/DcjQhlQZMFlPBmtdXGrvh6wO8SlIkpfhqHGLsKrXm7UGE8ciCRYFBurEkQs8pke4OMYNnwhQUvPeNDGgg/o5STv8v6Cu1w==
LfZ5O/Vr5xFFoC/X2HN2U3+k6It8x46g6/zA9NabaIgupuHia++zMlUCC98zOkgqANMQzpGKlsESpYV+W9nZLOxyYeeEX3rJBxJHFFp2FAPBsaSEoaHS2FHD+LhhQdz0BuGZggxlUCI8pUMpNSPrBuOrEkTNaY0sOR+uGEMk7uIjO6mLwSdMP/O9oa7U
PuYOeKrcebsn7/S5jQH223+k6Z1uwo6g6/zA9NabaIgupuDia++zMlUCC98zOkgqANMQzpGKlsESpYV+W9nZLOxyYeeEX3rJBxJHFFp2FAPBsaSEoaHS2FHD+LhhQdz0BuGZggxlUCI8pUMpNSPrBuOrEkTNaY0sOR+uGEMk7uIjO6mLwSdMP/O9oa7U
SIY/tMdmvu915FbKYtAKfRYDqJuixQ1blL0nXyVlLhDuH6UZaxsfQRsagfjS1ARf0uC0EgUwKJupOq8mWZ9hnrKimqdSHnO+jKkoYVfeyV1jxDZGA/eGq6CBfbbVlMjSbksbRaaUw5UIMOtHahizheacHNV7Uk4RyqrGARFpZwcRDvnfUJQv3RdEg9txOFEg1Ar5j8sbQ9OWd4mZs67G
1o5pyrbrS2sqgv9Jc2fB/IGg4L/kOxEse6T+qqR/ZRUHP+Tq0mfuDl9jWXk67um1greNzJlsHhCGlNB3rtC4ChvQHONl6vOOrR8VNm7y1l9mfmemgJnUSQMeHTXfNLrel1fyE2zRIV7hlPw6MhvX/dI0Vw2EwFcvvtjnrRqsEM1vMnrphvoaqWXpk69N3jWnZHQ7xRt0//OleAXIaHp1F1+7t2vap1Xxh67y
ixFsI3If4sQQ0Ix2XxGGI6LR23K9ew4luTwEdP/rrsiaW1+LaBFC5Ues75sfj0ymBRGLCAIsQlcUr2LcYBO1eC7J/lI+Tdfa7Pn2SCGzLGAydheoNqqNzT9MCRWKXkuuhInwEf9eoe27pD5Wezde2yghBWb9lOACFuuTNX5Uu4UAUDP3Apgb9T68FMVDEpahQkp+UflpD9epbnFvCFQXzR9k2yvYuLmQjOrxnzNbGyMe13HJm67u
Fmb/L0LGH26IZCWLrdF8fqLR23K9ew4luTwEdP/rrsiaW1+LaBFC5Ues75sfj0ymBRGLCAIsQlcUr2LcYBO1eC7J/lI+Tdfa7Pn2SCGzLGAydheoNqqNzT9MCRWKXkuuhInwEf9eoe27pD5Wezde2yghBWb9lOACFuuTNX5Uu4UAUDP3Apgb9T68FMVDEpahQkp+UflpD9epbnFvCFQXzR9k2yvRv7mQjOrxnzNbGyMe13HJm67u
FqYKHQ47bt/JeJSZxHnGmcnrjlfFBl7792JI8SbD2xw6Tk7XWvC45r9Z5zPlygQyBbXk2dAsG4PyJgx68QoK7Whx52armT+iT7qLX9zEuOhJRXjTGnywCvRu8gDCnT6DkkazkpvQvsrnQmOaAVZBZI4qKYXjXAVtTj7PNki5zBnbnsVlx1RyTn8XGmOksdkuGZQESsp7H406dL+dTKBPf2ZYP/0CjNhdx3JS2U5aohld6asf9X59l0y0k1VTVOcj8P9dGHCaPYc3e9+bkkctAf+uig==
6ZqvYLUS/C58I/M9b/Das5RibbqW5pcmPSWuDAgiASxXcNj/0npH5yczJNnvieFbMyvra5l3MMMe55fCkVpnX9/iDFok2+zuzcIyUZYd6T53Id08iDq9BzjXHnnDymsUdq7Qs6U5GGR96bbIVTvU+A35WGSiqcWi8G10Unh9r6lZey/2x6NuZBGhKby9p0Hfb1zq8sfz9et9r6iPt+WNrvg=
RCehTahWPHJnCnYo9CXXYdg7T3IHhMgdeLPYvKzojmGDYYjyn4DVhb1EY0wrfOUiJ9qw9YtJMUaWyoC6P8D8FUY3yfn2ysQzVZ0X5C4YDzQQ6xhYL0/h70248JZUCRApD9aL7dwaT1dsPpE5SIJ30eghK0AqZ/vlxuPnMgkGJfYqlPG7vFbn6Hj27YwPQDLDHuSR0ANK2Zl7jJ+wrsc=
eUI0YirpdbONShUtdAk6rd/4242Yog+Y1FQMv6lj2N23iAxpRuYQl1yK33QIqlWTy9wNn274KQzj1uHFC5AnbK4b
MQQ4e3hrTAew+kmSvLsBy7XuoB8+2+z5QQZgmKwW1wbBZuK5k8ilibUbCSbQOmj3bGwYhbeCdAUVyhauPYHFF3FUpzX53coyU0LQsk9zBmy4gZ3TQz4ODgM2KJU8sn8JPT0lFgQs1L/8i1cIT6fs/HMlZDCFI6hUO5MQn0/quuFnd26NU8hJcAkUMor1scxwG9owODnVq9a5QaYaNbrTjIXLk6Lriq7x
liCZLY7s7eQc3OdLWNvEBYowLMF+pFjDtYbKxLai1adZl+ddizMkHpL8pdkNWx9U+7kohBk4FxQUKaJMj1JsaEv6krw6P2P6d20eVEnMaqJPKZ/taxaauucstej+H5zPg4M3iwqVu+I6AqK3Ot7bDlTJIDHvXrGNa+TuNuu3rrvYYfUGDZQQYuarY1WO1Cvl0BDjlxKYC9Xu/MRl05ImAfIKTnHJaT/3ma7Bz7jUh21PpIsLxrupd9wqoX+j22vDbhcBKeuung==
u7umKP25hyO/fMlq5GthZU+LCpSGL8qzuFD2OTvhaMudj8hz630mIVB9owBPy9zkYy+ImAz6STgiv4lyLYTPb6uVsbrDk0aq5gKd1sfdamgul3Y1+3e1Lo4aFZYxTas9E7Dqo4gXyRDR2HiWDL1ORv5OnJpUO7xufeIiEWZ9OT6ngW38mNrNh2j3LjlTqpsUhs5A85UZSOQNCaYI5ZsE+N2ZqCSyiXUioI0Ekujdn6lp27+2N8O+5KGBOXzNRxDbP/tasteTBWutj5hPJwX9rog=
24r7Qt1dLS1EcFMrVKBESTtw2o4+j0c+T2tse0nJ079WDRcfztbqu3rjCvpQwveN5HmQOXo4NPzQpm1IWlOurDHtO9e8FmeoeLZtwguAtQMeJBEQA4pZWXtMH3CuBw==
de4ZrNZ3/6fqn+AFNxUOcnd3eqplXSNlZgvpKkNrTm62yn12aX1jvd/APwIgx7HQSWhQ9vQthka23uR6fIskLoWyirE+jXG+77G1nHCK9UfwB0YZ6zpTFE5e+NP96dAkNVlOaD2rTHiVafCEGtmNYjg9LHKQTdepoUtH1h9zJiTZUZHcFTfXW/fLAlK/Qz0rNf9wb5+Vta7A
VX+Ea2xL3qofm3nPwd+lfMyAp8ABV5qSeVUnZWgH6jmvUypOUhJRBlW1p/2bCMOyTJ8VMO0Q/GZopQLGMlZ46tBzgE4hamYBQsW1fqv5iWxc0pFnFD8qCfcyVxRKVuTDkdE0BFEBYpgB4wi4USGMNPYBKQKcxYDiDMVTKSXD20azC4LEfQn9bOn/kxszAz4ik5vZC1HHnH+DnbGuxA==
guK1CClRXJFXKBKjbzQl7IowLMF+pFjDtYbKxLai1adZl+ddizMkHpL8pdkNWx9U+7kohBk4FxQUKaJMj1JsaEv6krw6P2P6d20eVEnMaqJPKZ/taxaauucstej+H5zPg4M3iwqVu+I6AqK3Ot7bDlTJIDHvXrGNa+TuNuu3rrvYYfUGDZQQYuarY1WO1Cvl0BDjlxKYC9Xu/MRl05ImAfIKTnHJaT/3ma7Bz7jUh21PpIsLybupd9wqoX+j22vDbhcBKeuung==
SUkOcNXZTgDTPCqdtMtlIXPZcpjICSn826Dl6YVpvTLVpcYrqNqKwCswbSp6cEbhCYqoBLqH2o0LZWaTtNuObZUvJniwja03e0LO+qtauBGkLp/ddXHVMnwQ1IuUp4dMF3tMaPup1FQ93+ggE38Am1f22rWvux4pq3TJxOG4Yk4t7exkE9YA3AGkayIRLTaerSYzWM2HY4aTtq7F
nQPwruFdaq+/TwsG+e6UQKLR1Xq5JQsipGtQe7CSj+Cgc2ykWzhC5EvtoJxanFWxGBCLAQ1lQlMYkS23YB64FjPO5yEtXdHc8bquW3+gZ3Q+ThqxKIaYwgpCEheKXkuuhInwEf9eoe27pD5Wezde2yghBWb9lOACFuuTNX5Uu4UAUDP3Apgb9T68FMVDEpahQkp+UflpD9epbnFvCFQXzR9k2yvZu7mXjOrxnzNbGyMe13HJm67u
6A2MXqGsSlzIOOXYHvvW8xs5itVqN2DPYuwcLuwW3x7FRFshHWVSc8jR/Rfwngi2w47XAV1d4bwB+h67DyD3FO4OSlE4hoii2oJC9xreu840SYDxz15RzYtkTvbLt857eOFVRu2U8CJGK8OV7tQLJXCQA9fymCsVTnykpbOSBkESiq4x6WkfN/kuoQ+Y1GctryQrS+m7ybe8qgE/g9uLg86XoemLrv4=
zrsD7HTFlXYKkeLEvCZxKZ/ynh8Z8mrAatDvAMknslJBJR9lUHfS2Ycj4o4aQvnmzSU/fQOYWxIkz93wpSAURhCV+sZKZoDKuENIDmm6jqHaVS3+M2kRDPQCWSdczwJpz8JvFHKm3KO5IXxEmdHK+JlzkDjJsRSUHtFhQlT16ML09Ssp3fOjZls7ygS1WZXMcW8Lm6uTpsI7y5HLmbe0n7vtia78
LYGrYRICcrqAM3/6cm2UZzK9lwGjm2wUM4vIy2dSbC/30ZJ3/xVDYP26/tdUWklmhLfsaE/LL/r3yxPNYqFGJJnRUdzVtx9aN0tCUv/DfSt1fzBvXxV1rgA=
TA5LmNwzpp6UeZH8ktF4kJwFinpShUtEvq4hDSOE/4nRUkElUpK3nMVBh6C58gJnOILtBiBPQPjTQ6t6c0OPXc7Z4sQ9ib1sqX/ZGnODfiLTGxkLkUdcf0Mdca4E
udopt1ecAAQwvbdQQbwMzCkFhbdm5hhiED4MWyvL4NAOT3mBjHjJ3trEDWZhzSvPnMIvDOgyxRxKVJ0HDgBZxKMe0f0riDdkrhM=
2RfEMHJZsNYCV1serfv4Mm0BtJ40Ub3REcBvPnR/Po4LNmaj5mAl7/26JW95Reg1pHTbBTv037MPemWPCPoVV/+7F6v6J7UxZ64S
QIRIWy3RWEP9uFZQ+b0HmT+QnaMxScTIzlp2GW+ly+B1ymZ3PIrxJlyHhIh32yf6/9srrYqRHuQhgbl8TUeU2r/72rJXk4VrLY8YT6cFfa4I
JDflr9EuZGTcFvJdyy6EDOfG5+nHo+laDCvOwP9uew6FwaXKX5ywjIgtg2GsHj5tjYe0YrUAGpbp8OlHR2FMgPsq8MjZI6omWbFm6tVKU3xlO1NSC3quAQ==
nn407UxSmLDNXz18e3Qehyibhr4OO7T4nAkkGWely+B1ymZ3PIrxJlyHhIh32yf6/9srrYqRHuQhgbl8TUeU2r/72rJXk4VrLY8YT6cFfa4I
6fYGJrLJtLQqrSFlW3biIygFhbdm5hhiED4MWyvL4NAOT3mBjHjJ3trEDWZhzSvPnMIvDOgyxR1KVJ0HDgBZxKMe0f0riDdkrhM=
zNEoVFcWa8VV3UKtoRBwGjRiu7JcP2ffvNdCplD6RO/7vwh0rusRdRzMQVpaQIXS8TlDazxmx3g4ho3ZCpDVM950seCDOrkJO7w/YK4X
aQzLpxo9Nepwf9H9cVLqkfrp1ndknc/ZF1wM9aOZZOUeWHDAUJnzvQR6nsH1EyQePYSaGnGEWdsvxazsQ/6gdBFn6uoBhZa2/a5zUJ0vQ64Dfq4N
oW3BTndgIqWkYUEiWeMRJqOXtxIoY7u0xmgumdi9zU+pQJeuzN9WXkN2rtPOQD0f5bo9H2FlwMXstBNV01RnI3b63R/wmr2Ht3tfmxJHrQF/rgo=
yg6HUh1k4L0Vs5ESOK1EEXJiZXNczpCxeHUn/9mVMCoQf7Q+0GI0R1vX2MzuE0Fd/KRxQlpYtboREROTfN4XEJgu/UGKCCWbfpzhWENCaSFbVA94rg8=
bMGVdk2A0k2flQKIco+RVUv8zkVifYOuvGNfA8wLevqQpvwzi2OwKE53qelsUPnG2tw9ToGl+/fcOn+kSFo1hcrM7e+uqIm8YyaBFUugB3yuCw==
HCpE3wec4ir1WDvWnflGIBzci6VrPVDm6GHxGVUAK3a4D+I2r9YCO1rwqWd5OqHn9dVUrUAUf71nBJN7yjqhx8TKSa+bmzOzBje5OWOuFg==
MLnQL7Vp3OHnzSMVmKYtjUn2zEdmYoOuvGNfA8wLevqQpvwzi2OwKE53qelsUPnG2tw9ToGl+/fcOn+kSFo1hcrM7e+uqIm8YyaBFUugB3yuCw==
arOC2UkzuuQagZp7sWl/d07U+8pGIRmHkD1VousEMAQYVSPJ3Mb+JV2/1IqFGBqe+QjJb7c5DEirkhCgabsqrsnJxkKlkpM0tQMzujtirgk=
HEvJc4xA3so5QedK+cIvUrScrBQRMbvdlXQqldSw1kypQJeuzN9WXkN2rtPOQD0f5bo9H2FlwMXstBNV01RnI3b63R/wmr2Ht3tfmxJHrQF/rgo=
bTIxUugUziAzTP0egKjvtUv8zFluXPP9oGdTD8EQefqQpvwzi2OwKE53qelsUPnG2tw9ToGl+/fcOn+kSFo1hcrM7e+uqIm8YyaBFUugB3yuCw==
xgaAZUDshJMXEEqSPxwFZDYRmJhwJQbFE3P3oImS0qdIYl2GsO8QOOMju3pjo78dHnlyRI3pTSz5n+gag6Mu4mO76YsBpww/sz1hrhQ=
sT0NH34g/iDEXj9sOgN851o9xoBOwQRiED4MWyvL4NAOT3mBjHjJ3trEDWZhzSvPnMIvDOgyxR1KVJ0HDgBZxKMe0f0riDdkrhM=
7IqQ/45I5OkvG86YEBnVY3JiZXNczpC6ZXU/0IqeLjotILY+0GI0R1vX2MzuE0Fd/KRxQlpYtboREROTfN4XEJgu/UGKCCWbfpzhWENCaSFbVA94rg8=
vZYgk50C+XC/t/b+HRTcLSqRhrsAJbT4nA0yFWery+B1ymZ3PIrxJlyHhIh32yf6/9srrYqRHuQhgbl8TUeU2r/72rJXk4VrLY8YT6cFfa4I
atSusj0OSKC2CT9AETUkYHJiZXNczpChdlZr3IuQKTsNbLs+0GI0R1vX2MzuE0Fd/KRxQlpYtboREROTfN4XEJgu/UGKCCWbfpzhWENCaSFbVA94rg8=
lgC4m+w+9b8olGHyi5//bXBoZ3FY0ZChdlZr3IuQKTsNbLs+0GI0R1vX2MzuE0Fd/KRxQlpYtboREROTfN4XEJgu/UGKCCWbfpzhWENCaSFbVA94rg8=
lr9pVyrvPirS1CS6UxP2dq6n+k8U3/7cF0ob4r2VdfYXWHDAUJnzvQR6nsH1EyQePYSaGnGEWdsvxazsQ/6gdBFn6uoBhZa2/a5zUJ0vQ64Dfq4N
Vd1b/H31IN9PsYT03w69M0Rh+7EickLJG333oImS0qdIYl2GsO8QOOMju3pjo78dHnlyRI3pTSz5n+gag6Mu4mO76YsBpww/sz1hrhQ=
2ZdU49Rky98BQoVoZQzW/nrJmFVmYoO4q3RBD90Yc/qQpvwzi2OwKE53qelsUPnG2tw9ToGl+/fcOn+kSFo1hcrM7e+uqIm8YyaBFUugB3yuCw==
Djfzak91s1swoI5h+jCePh+pNjuri4xSZjKLpadDWVP00RmN7YBT5hBvOobnFkprotCBl2E6uZfd9Sx9iFS3DT/kO+syuhlXrGqR31Nbe2M+V1EJe64O
S/2NL5x70qcub685gKrvOQXVloIqCAK1umH5GVUAK3a4D+I2r9YCO1rwqWd5OqHn9dVUrUAUf71nBJN7zTqhx8TKSa+bmzOzBje5OWOuFg==
8jxXqwGo3KYghOvr8XK+dh7WjIAqCAK1umH5GVUAK3a4D+I2r9YCO1rwqWd5OqHn9dVUrUAUf71nBJN7zTqhx8TKSa+bmzOzBje5OWOuFg==
BEgaezQMbo1mRp2p/yKjYygfg7d6/hliED4MWyvL4NAOT3mBjHjJ3trEDWZhzSvPnMIvDOgyxRpKVJ0HDgBZxKMe0f0riDdkrhM=
pKRYXMLquc5NohVicB9EbisFhbdm5hhiED4MWyvL4NAOT3mBjHjJ3trEDWZhzSvPnMIvDOgyxRpKVJ0HDgBZxKMe0f0riDdkrhM=
Hv4sdEoSDkqjLgKtGn8/6g+ewy7QctQXm2e4PG6j4S089FFSWkiV6tFhsyP8LnegWH4dVooYRUs+LAEow/LJ0RuEL2iuHw==
OK1yTzp/yIOdFQA387FtXSkfg7V99BhiED4MWyvL4NAOT3mBjHjJ3trEDWZhzSvPnMIvDOgyxRpKVJ0HDgBZxKMe0f0riDdkrhM=
6zeWy1sIlcVMsN8byopl8DcSx7QSeUdfpsDwWOABk2W0Il6ZxctEBg2cmgJBnDkDH51stPMmwOyh+GpysR32bk32swit9yO2M2auFQ==
8EPQDVpBy2dmy1RIc/DrxjUSx7QSeUdfpsDwWOABk2W0Il6ZxctEBg2cmgJBnDkDH51stPMmwOyh+GpysR32bk32swit9yO2M2auFQ==
g3x6TeyVymCFiTjF3VUglSsfg7d6/hliED4MWyvL4NAOT3mBjHjJ3trEDWZhzSvPnMIvDOgyxRpKVJ0HDgBZxKMe0f0riDdkrhM=
Go3SJktMzhPk6cN8poZBESoFhbdm5hhiED4MWyvL4NAOT3mBjHjJ3trEDWZhzSvPnMIvDOgyxRpKVJ0HDgBZxKMe0f0riDdkrhM=
EknkP+sRTVRx6OaTaRRRow6ewy7QctQXm2e4PG6j4S089FFSWkiV6tFhsyP8LnegWH4dVooYRUs+LAEow/LJ0RuEL2iuHw==
KvIU5RwCF8u0SS53KuGzkzMSx7QSeUdfpsDwWOABk2W0Il6ZxctEBg2cmgJBnDkDH51stPMmwOyh+GpysR32bk32swit9yO2M2auFQ==
vsrE9msFYXXGPfHc5qc7dTISx7QSeUdfpsDwWOABk2W0Il6ZxctEBg2cmgJBnDkDH51stPMmwOyh+GpysR32bk32swit9yO2M2auFQ==
dH/hiLdsmH7kdjC/MyXX6Cgfg7V99BhiED4MWyvL4NAOT3mBjHjJ3trEDWZhzSvPnMIvDOgyxRpKVJ0HDgBZxKMe0f0riDdkrhM=
yGgxqn4gRYo2LLkLoay18J0FinpShUtEvq4hDSOE/4nRUkElUpK3nMVBh6C58gJnOILtBiBPQPjTQ6t6c0OPXc7Z4sQ9ib1sqX/fGnODfiLTGxkLkUdcf0Mdca4E
c/EsFiC3stLaI58T2F1XU/aLvQ4NLLndlWI5kNmhzVqpQJeuzN9WXkN2rtPOQD0f5bo9H2FlwMXstBNV01RnI3H63R/wmr2Ht3tfmxJHrQF/rgo=
1cWBYzXR3HxwO3iaENok1ykdibd/8AdiED4MWyvL4NAOT3mBjHjJ3trEDWZhzSvPnMIvDOgyxRpKVJ0HDgBZxKMe0f0riDdkrhM=
1BnQGcybaYclcH3PadPPvQ2ewy7QctQXm2e4PG6j4S089FFSWkiV6tFhsyP8LnegWH4dVooYRUs+LAEow/LJ0RuEL2iuHw==
XJRsyD+pe30JyKK2rmD2qfeLvQ4NLLndlWI5kNmhzVqpQJeuzN9WXkN2rtPOQD0f5bo9H2FlwMXstBNV01RnI3H63R/wmr2Ht3tfmxJHrQF/rgo=
HhfWzKWGZVqcAu4Pn+ob8Ayewy7QctQXm2e4PG6j4S089FFSWkiV6tFhsyP8LnegWH4dVooYRUs+LAEow/LJ0RuEL2iuHw==
m3W8nOr1Z7LtRTZqStD8qSgdibd/8AdiED4MWyvL4NAOT3mBjHjJ3trEDWZhzSvPnMIvDOgyxRpKVJ0HDgBZxKMe0f0riDdkrhM=
LcNWt+eFBrBOxJc7Gv8fikUC6MF2JQ7JG2X3oImS0qdIYl2GsO8QOOMju3pjo78dHnlyRI3pTSz5n+8ag6Mu4mO76YsBpww/sz1hrhQ=
GOYq0llzPoCS2Hu2USjMrEdX9a5ROXrFvshQplD6RO/7vwh0rusRdRzMQVpaQIXS8TlDazxmx3g4ho3eCpDVM950seCDOrkJO7w/YK4X
EGpk6lDiV34uvgmTLiGCLlMf55a13gpSlqdzUSVlagPgMaVHOF5ABjsuv5HF3XksqZqmS0dgP8S2LqJhQIZwkrKimqdSHnO+jKkoYVfeyV1jxDZGA/eGq6CBfbbVlMjSbksbRaaUw5UIMOtHahizheacHNV7Uk4RyqrGARFpZwcRDvnfUJQv3RdEg9t8OlEn1Ar5j8sbQ9OWd4mZs67G
Xb+4qEEblrl8ZsxZ0It48poiLP3C85A9OTiuSE0tG2VUf97JmzsGrn56BdaB7fs9R1CXYpg3eZABuIjWnB1+Rs7uDFok2+zuzcIyUZYd6T53Id08iDq9BzjXHnnDymsUdq7Qs6U5GGR96bbIVTvU+A35WGSiqcWi8G10Unh9r6lZey/2x6NuZBGhKby9p0Lab1vq8sfz9et9r6iPt+WNrvg=
Is6rYw1pVWkKKeuPn9o0bDEf6a2D2F+aDWanrqs/88SrmOXR9VFdCqWdBpPYYmp4W4jtkgrIpll5Mmg8yr86tXtdZqvE425V5RfmwMA1TY8L+k5C2+JYqdSWX+UFSTUKDCjUs+SfZ3RnQ4zQixE07E1naJhjx+AjJ04ajd+D/hHbTMn8kYCCdl3VLNxjbuBkcRHqmmGV1ibdnvNgvb+DvuOOrv0=
jFrqmH8aUqlWFrf1mRyscYJAtL98Wnw057ShKevKr5rl1/lbRRSxjzbl5JhCFn9qjbTm4t5njQA46hblcnu/H6ZtiKm2i7FFFna8j6Uhb1juJHcI4NdgZM9zmdO9hIiqVDVoFf/q89E8JjdrnALpBYg+D20YnVP8ytuDWTZfn46Jul1K2iiJB1zqn1SISpUzynxN/+7Y6ezjdqGli7DnjK77
GkpwyNjw2NqK8LxKr6+O0ZPKjFYSj/dkKjTPYAaU7cd6nhPEHUkd7Mm//hqTw96is9t5C7EHvP/j3RGuZA==
S+HC08UMQrQYPvZY5iPxKs0P9AfaS+ww8rtsc4mcVMixoHhokz8EYm00Y7VjFLdDgPrtP6BazScH+8/7wgedIW+uGg==
HeosxZmN0QZPUBi2XbCODzdYmbocCRNhhsC8BadIz262IBjLxdxYHzrYgFdWniMXGIxstPMmwOyh+WpysR32bk32swit9yO2M2auFQ==
whtRMfuA3kf/IInDm2BpSbLEdwX+735a3V3PTamHX0zwBF0JD5z+we57C00YQY7mn176iNZLU/5HjHpeKNGhmqCNpjZAPUKIS9X0EvxOt0DY3t03ivgF675MQcjD0glxm2RvSK4/
IdtuxXHdOFj1+Y6xGXV+aDSJna8VHPzyzgc4Wy3AjeYsjS8rN4jzYA6Hk5Ru7GPgqswpt56WD+Qhgbl8TUeS2r/72rJXk4VrLY8YT6cFfa4I
6pwtkUNwWft88aeW0Kb9a0XqcONGZCD2vidD1J6Mc+C6LFl3zja/ZLHhSTydZ6LazxuKcuczFevd78gPlyVtrhg=
kOl0w689zwJuoKATGaSNEc0P9AfaS+ww8qZsc4mcVMixoHhokz8EYm00Y7VjFLdDgPrtP6BazScH+8/7wgedIW+uGg==
GkpwyNjw2NqK8LxKr6+O0ZPKjFYSj/dkKjTPYAaU7cd6nhPEHUkd7Mm//hqTw96is9t5C7EHvP/j3RGuZA==
0I+/v5NfwRVu3Vt6C5IzdEXqcONGZCDrvidD1J6Mc+C6LFl3zja/ZLHhSTydZ6LazxuKcuczFevd78gPlyVtrhg=
3f5CVL2MehDiy6hPRMsvHO/u1mkU0fD/Rw8Z4KKVJ+c2WDydF9CvtgZ42JP1BDgHCsCAT2aGQ88o1KzsQ/6gdBFh6uoBhZa2/a5zUJ0vQ64Dfq4N
u7GIroRKtjaU3JU2lV8ZBdJmFysAiC/JPiMmFu2/E3rLuFi2xgpFDwCQ6JSVyURxfCMGQKZW4kQRxQ/24W2l9Uh9OXYQAT66wLHaBPs5bL6c4m+saJKF+0o0XaeOoJnko/4Rnatod0SuMw==
LVFOvDBY+caMsSYR7EvvshbSBEIq86QtedGjrZHuC8mDlpq6XG9uPPD0qLzPOvME/0GczTHVAPvWsEwzaRz0CNGgmCgzv2SiTTSD9QOUFwNg+s3/wNptZyf7rztih31hT646
0R0XVl8oE5JeD1Y0eXiW/BbSBEIq86QtedGjrZHuC8mDlpq3XG9uPPD0qLzPOvME/0GczTHVAPvWsEwzaRz0CNGgmCgzv2SiTTSD9QOUFwNg+s3/wNptZyf7rztih31hT646
Uf2xawZzE+zpmN7PxjdqZ72rs4iRH+StlfF/R/BTEhUJnOnHqTFqOSnq9vjGznLMkU2fbgHV1b2ItQkOMBkussC5yhzbQVx2XKofFIgKFXPKvM0/7hhpLOO2IWWLcGdMrjs=
aM4PpLeu4/aV35/NuC35oXMe0b5aCk5ohobxQ6MM2WOxJxjLxdxYHzrYgFdWniMXGIxstPMmwOyh+WpysR32bk32swit9yO2M2auFQ==
YDLIxtoYJZMny5YfdSgGSvrk0GlG2Oy9TkEG67qUa/IrWDydF9CvtgZ42JP1BDgHCsCAT2aGQ88o1KzsQ/6gdBFh6uoBhZa2/a5zUJ0vQ64Dfq4N
oKF4Opq1lWlpaoyIwm4vs047ZTteZGN9XLzQrkpWcLzgs+lbP6THNwt3K8K3sAJiyO3ZJlAx3orAgTo0u2mMLhxyz3wo4qULSkR9V07wOXQjbnFNa1gXdK4D
QWKVscegRRGvJFNkB8X/So3xLh1zjp+2fVJZ2KT/YjunzUo7aEXjW+swl4CqH28E4mTnYC5EpSfiDquExTnljAEPVpr7M5aCi+uhS0mXJF+rDXmuDA==
4ntTk6uV2Mv+yKNDhFxtZb8sbYRKE96MjSTVlL/H2a4joV+um8zSYKc1Q7f4Ebqhe2MVFg0WLjIdkrnYxL/CuweNajuIBYPbC/C3gIrfz4SCpAdgTgRFp0JOi4TleYUM4c82mtvzNgIrK0FLKdfE3wtNWa4s
kKJrdWlia9+s4bA397mfPWW7KYBbspYa4oUpNqvZuxZpEg+Wk4iOG1AzpdkgG4IRoZNZVD0QIJudrICwLSDkkMcPEAqhlO9d10RDW7w6kacUCjkPCxuDU1Z3SRlzrgY=
UNYbTpLLWOFEI6UeQ23LOS6Xiq5BSr34gAc+C2uFjvssjS8rN4jzYA6Hk5Ru7GPgqswpt56WD+Qhgbl8TUeS2r/72rJXk4VrLY8YT6cFfa4I
YDLIxtoYJZMny5YfdSgGSvrk0GlG2Oy9TkEG67qUa/IrWDydF9CvtgZ42JP1BDgHCsCAT2aGQ88o1KzsQ/6gdBFh6uoBhZa2/a5zUJ0vQ64Dfq4N
wn7iuDIxjdwMOhrzNNIdfrOI5uW65td8RDnKrPwicAGdzafOe9mr1c9k32quHHg/jZCoe4JEAMP+8vNTQHBMgPsq8MjZJaomWbFm6tVKU3xlO1NSC3quAQ==
PdjRXXS6Okls4YdiOscaOrWfv7a38dxxQTzBrPwiZwvfwLnEf8y61c9k32quHHg/jZCoe4JEAMP+8vNTQHBMgPsq8MjZJaomWbFm6tVKU3xlO1NSC3quAQ==
hv2UFKnGjdzRS1xiLpw+HbCI5uW65td8RDnKrPwiZwvfwLnEf8y61c9k32quHHg/jZCoe4JEAMP+8vNTQHBMgPsq8MjZJaomWbFm6tVKU3xlO1NSC3quAQ==
M3mZRMAihU+mylYmLk3oRLqfv7a38dxxQTzBrPwiZwvfwLnEf8y61c9k32quHHg/jZCoe4JEAMP+8vNTQHBMgPsq8MjZJaomWbFm6tVKU3xlO1NSC3quAQ==
bsmcXd8QjVB8Bu0/VyiL6bufv7a38dxxQTzBrPwiZwvfwLnEf8y61c9k32quHHg/jZCoe4JEAMP+8vNTQHBMgPsq8MjZJaomWbFm6tVKU3xlO1NSC3quAQ==
1Squ3/LxUr+2idSimJeGii6Xiq5BSr3vikUzFWGBm+osjS8rN4jzYA6Hk5Ru7GPgqswpt56WD+Qhgbl8TUeS2r/72rJXk4VrLY8YT6cFfa4I
tBBpW3VX34NFDdSio5SkM1dDZ4HdzP7BafNBZFXQiAtlDMhANSD84A+vaJoJ1Adtz6QLC0S6KXdcKiF/I9vrw+4XgSlrrh4=
2Ma1qj/KWiKXL+ZhcAKjkEv99GfZaJtUgWywfT7r5zo89WcWQB6Y7stprDP8LnegWH4dV4oYRUs+LAEow/LJ0RuEL2iuHw==
pYg04/LH0SnTAD5mlMoxepPKjFYIifd4MjXPYAWO68dmhhLEHUkd7Mm//hqTw96is9t5C7EHvP/j3RGuZA==
2/y/h45eX9TGkb33JMcxL0XqcONGZCDrpCFDyIaNc+C5Nl930i6+ZLHhSTydZ6LazxuKcuczFevd78gPlyVtrhg=
hZgtBF1ztm+TgvdSfHuSiqqqiDAE3PmwUkgH4rjRc/k2WDydF9CvtgZ42InzBCQfC8CATHyAQ9Mw1azsQ/6gdBFh6uoBhZa2/a5zUJ0vQ64Dfq4N
7a8u1J0Y8pZ/9b8uewjc+QePRxRnqPM8Mof18ZHoHNKGkYvuQXRofbW4qfuCcuZA/0beyXXDDfzRsFY1aQDsCdGgmzI1v3i6TDSD9QOUFwNg+s3/wNptZyf7rztih31hT646
dxwEQsZfyPps9O0ZrdyFoBbcWhBovbJ5NIr16pHoHNKGkYvuQXRofbW4qfuCcuZA/0beyXXDDfzRsFY1aQDsCdGgmzI1v3i6TDSD9QOUFwNg+s3/wNptZyf7rztih31hT646
MKgKI7ZL8sGkjjL/CTxBUkjY98EPcGDCxXNWsYpCNl1fHH/C3sS4bVuo1IuzXADI9AzTZ6gpDEirkhCgab0qrsnJxkKlkpM0tQMzujtirgk=
9NXsLbTbDl3WUFQN1Y9LxVdDZ4HdzP7BafNBZFXQkg1lENBBNSD/+gmvdIII1Adtz6QLC0S6KXdcKiF/I9vrw+4XgSlrrh4=
zKp7czzrNQk8cROTO1Fcl5PKjFYSj/dkKjTPYAWU7cd6nhPEHUkd7Mm//hqTw96is9t5C7EHvP/j3RGuZA==
Mng5oseQ/O5tuZu92y7kMUXqcONGZCDrvidD1J6Mc+C5LFl3zja/ZLHhSTydZ6LazxuKcuczFevd78gPlyVtrhg=
EB0dF1S1eQD141qtUsYs71Vxl9FjJkLfFFj37NTVm/tDYF/A4u8HJPoU/2A1tL0HCn5jRI3pTSz5n+4ag6Mu4mO76YsBpww/sz1hrhQ=
2E86RqVe9m6IwhOhNfalvLLEdwX+735a3V3PTamHX0zwA10JD5z+we57C00YQY7mn176iNZLU/5HjHpeKNGhmqCNpjZAPkKIS9X0EvxOt0DY3t03ivgF675MQcjD0glxm2RvSK4/
8FOHHuYrhFPDDla5fWexVDSJna8VHPzyzgc4Wy3AjeYsjS8rN4jzYA6Hk5Ru7GPgqcwpt56WD+Qhgbl8TUeS2r/72rJXk4VrLY8YT6cFfa4I
U+iPXRZEzFT9DabbYOBVux2lLSPilbMddHO35qpVGFT5g1vsq4YKoVkzMYTlUBhrtcyYoCUg74Df7zh6mVS3DT/kO+s0uhlXrGqR31Nbe2M+V1EJe64O
orGUgwp/pCLiXiE6/bakQtJmFysAiC/JPiMmFu2/E3rLv1i2xgpFDwCQ6JSVyURxfCMGQKZW4kQRxQ/24W2l9Uh9OXYQAT66wLLaBPs5bL6c4m+saJKF+0o0XaeOoJnko/4Rnatod0SuMw==
z3rWzapCp2hlAZFJGelyIRbSBEUq86QtedGjrZHuC8mDlpq3XG9uPPD0qLzPOvME/0GczTHVAPvWsEwzaRz0CNGgmygzv2SiTTSD9QOUFwNg+s3/wNptZyf7rztih31hT646
xblQEf5tzWzIA8ExD4t7kr2rs4+RH+StlfF/R/BTEhUJnOnHqTFqOSnq9vjGznLMkU2fbgHV1b2ItQkOMBkussC6yhzbQVx2XKofFIgKFXPKvM0/7hhpLOO2IWWLcGdMrjs=
QwTvklKyWwUs9ktOrb+OD3Me0b5aCk5ohobxQ6MM2WOxJxjLxdxYHzrYgFRWniMXGIxstPMmwOyh+WpysR32bk32swit9yO2M2auFQ==
+EH5iwpw/GkSsK76yID99frk0GlG2Oy9TkEG67qUa/IrWDydF9CvtgZ42JP1BDgHCsCATGaGQ88o1KzsQ/6gdBFh6uoBhZa2/a5zUJ0vQ64Dfq4N
iUoPYIGShDWqZ7A8OpgzfnX4hhqjoTwcf5brhmk6ZTj415Zr8zUGe6T9t4tfWEsg1rf7dFb8a+Ch3BHXdqZXJJnRUdzVtxpaN0tCUv/DfSt1fzBvXxV1rgA=
VmjIIKwZQtJrGow2Ra9iLY3xLh1zjp+2fVJZ2KT/YjunzUo7aEXjW+swl4CqH28E4mTnYC1EpSfiDquExTnljAEPVpr7M5aCi+uhS0mXJF+rDXmuDA==
0Q0YIGwMIRUN+xsUbFLAZ78sbYRKE96MjSTVlL/A2a4joV+um8zSYKc1Q7f4Ebqhe2MVFg0WLjIdkrnYxL/CuweNajuIBYPbC/C3gIrfz4SCpAdgTQRFp0JOi4TleYUM4c82mtvzNgIrK0FLKdfE3wtNWa4s
I7TzgzOC+3kGlDIvuYEJqGW7KYBbspYa4oUpNqvZuxZpEg+Wk4iOG1AzpdkgG4IRoZNZVD0QIJudrICwLSDnkMcPEAqhlO9d10RDW7w6kacUCjkPCxuDU1Z3SRlzrgY=
R/9anNpE02jDX4KP8Kfm3C6Xiq5BSr34gAc+C2uFjvssjS8rN4jzYA6Hk5Ru7GPgqcwpt56WD+Qhgbl8TUeS2r/72rJXk4VrLY8YT6cFfa4I
+EH5iwpw/GkSsK76yID99frk0GlG2Oy9TkEG67qUa/IrWDydF9CvtgZ42JP1BDgHCsCATGaGQ88o1KzsQ/6gdBFh6uoBhZa2/a5zUJ0vQ64Dfq4N
7ZTDxupGXBXyZjq8imIZ+7OI5uW65td8RDnKrPwicAGdzafOe9mr1c9k32quHHg/jZCoe4JEAMD+8vNTQHBMgPsq8MjZJaomWbFm6tVKU3xlO1NSC3quAQ==
yLwQKOWIc+B7hgCecNefn7qQsLm38dxxQTzBrPwiZwvfwLnEf8y61c9k32quHHg/jZCoe4JEAMD+8vNTQHBMgPsq8MjZJaomWbFm6tVKU3xlO1NSC3quAQ==
jG/3xYWTNqDzJlwolJop6rCI5uW65td8RDnKrPwiZwvfwLnEf8y61c9k32quHHg/jZCoe4JEAMD+8vNTQHBMgPsq8MjZJaomWbFm6tVKU3xlO1NSC3quAQ==
oesu2d/9YCzgiFe1jIycV7uQsLm38dxxQTzBrPwiZwvfwLnEf8y61c9k32quHHg/jZCoe4JEAMD+8vNTQHBMgPsq8MjZJaomWbFm6tVKU3xlO1NSC3quAQ==
uAASz6EHn3iwqZRs49jboLGI5uW65td8RDnKrPwiZwvfwLnEf8y61c9k32quHHg/jZCoe4JEAMD+8vNTQHBMgPsq8MjZJaomWbFm6tVKU3xlO1NSC3quAQ==
BlOwpPy6VSJ65mZapHf+XbKQsLm38dxxQTzBrPwiZwvfwLnEf8y61c9k32quHHg/jZCoe4JEAMD+8vNTQHBMgPsq8MjZJaomWbFm6tVKU3xlO1NSC3quAQ==
slgL6HegWLPt5ShqfhvE1y6Xiq5BSr3vikUzFWGBm+osjS8rN4jzYA6Hk5Ru7GPgqcwpt56WD+Qhgbl8TUeS2r/72rJXk4VrLY8YT6cFfa4I
9E7lCoAw7UiTOK2692B/WVdDZ4HdzP7BafNBZFXQiAtlDMhANSD/4A+vaJoJ1Adtz6QLC0S6KXdcKiF/I9vrw+4XgSlrrh4=
3DWoyC7tNbJZWGqQqlaWLJPKjFYIifd4MjXPYASO68dmhhLEHUkd7Mm//hqTw96is9t5C7EHvP/j3RGuZA==
PIjCVSLqB1Y3xEh/7xnZRUXqcONGZCDrpCFDyIaNc+C4Nl930i6+ZLHhSTydZ6LazxuKcuczFevd78gPlyVtrhg=
iAzO5UEag032Xmp4glHe6qqqiDAE3PmwUkgH4rjRc/k2WDydF9CvtgZ42InzBCQfC8CATXyAQ9Mw1azsQ/6gdBFh6uoBhZa2/a5zUJ0vQ64Dfq4N
4gviZCGxKjVLF+5t2cgTW//25tjcRvL536wrVqRRFEVRyqyOsC0jbnDgsbWO2zbMlg+bKhfY0rqIrw8OLAEvssC70BrbXUR3XKofFIgKFXPKvM0/7hhpLOO2IWWLcGdMrjs=
Le+ABuvil6LCuXBBXwCpd72l7drTUfL52KopAPBXCVpJwayOsC0jbnDgsbWO2zbMlg+bKhfY0rqIrw8OLAEvssC70BrbXUR3XKofFIgKFXPKvM0/7hhpLOO2IWWLcGdMrjs=
Nqg/uhS0mgz2EW3eQ3P+/BbcWhBovbJ5NIr16pHoHNKGkYvuQXRofbW4qfuCcuZA/0beyXXDDfzRsFY1aQDsCdGgmjI1v3i6TDSD9QOUFwNg+s3/wNptZyf7rztih31hT646
oCRvImW9Mzf6u7jr/+kgrnqKm7MESbeoiw84GnzEjeYsjS8rN4jzYBSBk4h27WPgqNYvt4KODuQhgbl8TUeS2r/72rJXk4VrLY8YT6cFfa4I
owSQvofBi7I0E0eVp+c+6VdDZ4HdzP7BafNBZFXQkg1lENBBNSD++gmvdIII1Adtz6QLC0S6KXdcKiF/I9vrw+4XgSlrrh4=
GkpwyNjw2NqK8LxKr6+O0ZPKjFYSj/dkKjTPYAaU7cd6nhPEHUkd7Mm//hqTw96is9t5C7EHvP/j3RGuZA==
0I+/v5NfwRVu3Vt6C5IzdEXqcONGZCDrvidD1J6Mc+C6LFl3zja/ZLHhSTydZ6LazxuKcuczFevd78gPlyVtrhg=
UZAOvIa4NYrzG+uaexCGeUcdqO4JLH2Xq8tqphynA6antAp26LkRYgDVdh5AFZLQ6y1Eejxmx3g4ho3fCpDVM950seCDOrkJO7w/YK4X
nfTRWitsW1hAu9+NWgmDBLLEdwX+735a3V3PTamHX0zwA10JD5z+we57C00YQY7mn176iNZLU/5HjHpeKNGhmqCNpjZAPUKIS9X0EvxOt0DY3t03ivgF675MQcjD0glxm2RvSK4/
IdtuxXHdOFj1+Y6xGXV+aDSJna8VHPzyzgc4Wy3AjeYsjS8rN4jzYA6Hk5Ru7GPgqswpt56WD+Qhgbl8TUeS2r/72rJXk4VrLY8YT6cFfa4I
FYj5IF3npL6FdxclUed6VQE00JIiLwyLWRixptDVm/tDYF/A4u8HJPoU/2A2tL0HCn5jRI3pTSz5n+4ag6Mu4mO76YsBpww/sz1hrhQ=
BP+G5bzXguOO8Ej8cFMlUzA3IzUPvdW3dmhr0pqeMjxfLtp41jtzDgfc2s6oQUFK4L1GBkANorgLBRSCfN4XEJgu/UeKCCWbfpzhWENCaSFbVA94rg8=
ZcmdypZCCMnjoKdAlE2n+G0EnqYvsmIkFmdLEnfA4tJIHXmWkGH+msCRGmR72SzenMIvDOgyxRtKVJ0HDgBZxKMe0f0riDdkrhM=
qevzrhCSyJeEDIn61jUXJAUoysxwJRbeFUP37NTVm/tDYF/A4u8HJPoU/2A2tL0HCn5jRI3pTSz5n+4ag6Mu4mO76YsBpww/sz1hrhQ=
rga4QlhuasLLC5NETodoqgUoysFwJRbeFUP37NTVm/tDYF/A4u8HJPoU/2A2tL0HCn5jRI3pTSz5n+4ag6Mu4mO76YsBpww/sz1hrhQ=
chW+fgQ5UcB36HiGkQdEE/TZthURMJmYkDF/1c620HjmXc7phYNdXEEw/NPZXCQooaBoCGN/1ML9tBNV01RnI3D63R/wmr2Ht3tfmxJHrQF/rgo=
wYC6Iz6XVIVFOiBSvQKKtzmqghmhvD9UPZr/iml2ImG1kYx+4iwMfaT9t4tfWEsg1rf7dFb8a+Ci3BHXdqZXJJnRUdzVtxpaN0tCUv/DfSt1fzBvXxV1rgA=
UURpmQmQTxi11sx821FHVX41mpR1xwh7Di06OBn+0rRAFh4fmZqHlXrhFvlNs+OW52SqBmgJcbLApVYOQAWyoCv9JMq8FmeoeLZtzwqAtQMeJBEQA4pZWXtMH3CuBw==
U8EA89Da+4wL6/7eSCvKWQNb46QZaifFutF26U2jA6antAp26LkRYgDVdh5AFZLQ6y1Eejxmx3g4ho3fCpDVM950seCDOrkJO7w/YK4X
KXUf/6pS25S6wjcTwpRlSHUSzKtaRQZmi8C8BadIz262IBjLxdxYHzrYgFdWniMXGIxstPMmwOyh+WpysR32bk32swit9yO2M2auFQ==
zKp7czzrNQk8cROTO1Fcl5PKjFYSj/dkKjTPYAWU7cd6nhPEHUkd7Mm//hqTw96is9t5C7EHvP/j3RGuZA==
Mng5oseQ/O5tuZu92y7kMUXqcONGZCDrvidD1J6Mc+C5LFl3zja/ZLHhSTydZ6LazxuKcuczFevd78gPlyVtrhg=
GFAU6YNETvUyPGY1hwqpf0cdqO4JLH2Xq8tqphynA6antAp26LkRYgDVdh5AFpLQ6y1Eejxmx3g4ho3fCpDVM950seCDOrkJO7w/YK4X
vq6z7YjastH0BIeRCVVzorLEdwX+735a3V3PTamHX0zwBF0JD5z+we57C00YQY7mn176iNZLU/5HjHpeKNGhmqCNpjZAPkKIS9X0EvxOt0DY3t03ivgF675MQcjD0glxm2RvSK4/
8FOHHuYrhFPDDla5fWexVDSJna8VHPzyzgc4Wy3AjeYsjS8rN4jzYA6Hk5Ru7GPgqcwpt56WD+Qhgbl8TUeS2r/72rJXk4VrLY8YT6cFfa4I
EfJ6lizYPteCNjA25fNsIm0EnqYvsmIkFmdLEnfA4tJIHXmWkGH+msCSGmR72SzenMIvDOgyxRtKVJ0HDgBZxKMe0f0riDdkrhM=
16BFz76HOu7XIftHf9sawwUoysFwJRbeFUP37NTVm/tDYF/A4u8HJPoU/2A1tL0HCn5jRI3pTSz5n+4ag6Mu4mO76YsBpww/sz1hrhQ=
ksU0QmC0SCk14axoecGthPTZthURMJmYkDF/1c620HjmXc7phYNdXEEw/NPZXCQooaBrCGN/1ML9tBNV01RnI3D63R/wmr2Ht3tfmxJHrQF/rgo=
nwUmqfwtqgxXCIzY8wjjkRnS37pkUVP9umbkIBodcjHxU+k0rZBQO03ssFA9IPfw989AqlEUf71nBJN7zDqhx8TKSa+bmzOzBje5OWOuFg==
HM/tVfRnQqMyQV/C0mRDFn81mpR1xwh7Di06OBn+0rRAFh4fmZqHlXrhFvlNs+OW52SqBmgJcbLApVYOQAayoCv9JMq8FmeoeLZtzwqAtQMeJBEQA4pZWXtMH3CuBw==
Fm+MxrojpuvO0PhGLZ6A8n81mpN1xwh7Di06OBn+0rRAFh4fmZqHlXrhFvlNs+OW52SqBmgJcbLApVYOQAayoCv9JMq8FmeoeLZtzwqAtQMeJBEQA4pZWXtMH3CuBw==
Lxt0TfIyoYJUhxLTcrv9rwAS9KUZaifFutF26U2jA6antAp26LkRYgDVdh5AFpLQ6y1Eejxmx3g4ho3fCpDVM950seCDOrkJO7w/YK4X
4x+L+HqBCPfiNuRowS4Q12kSieUITBN6gLK/FrJE3XW2ERDUwc1vUEazmghFkjsOHpJstPMmwOyh+WpysR32bk32swit9yO2M2auFQ==
i3kqiHenTBBEePntonV2CkiR6cpAMGmE0HhDtsh2f0pKEG3Z3vWwaFm5/9zONxqU/QbLYrY2DEirkhCgab0qrsnJxkKlkpM0tQMzujtirgk=
jvAGKfJv2uW5p8RjndaTJZxP2zwUhXxEpK8hWXXP8ZLDT0cCWpK3n99+9e/3oEcpKIDeSG1LRtOFCIR6eUeBX8PY7cQ9ib1sqX/eGnODfiLTGxkLkUdcf0Mdca4E
iq1/c2qNRqXBL1hzMt7MAb4yaINYSZnWzyrRj73UxrgloV+klMzcIe1hEbf9UOetODJJHxcbOTJb3//CgqLPvxeOXW+fEI/JEPCGiJXb3rPN2Gx6ERdJv1tIlYTleYUM4c82mtvzNgIrK0FLKdfE3wtNWa4s
5GC5Vxqc6gORAdIl1dbhJb4yaINYSZnWzyrRj73UxrglpV+klMzcIe1hEbf9UOetODJJHxcbOTJb3//CgqLPvxeOXW+fEI/JEPCGiJXb3rPN2Gx6ERdJv1tIlYTleYUM4c82mtvzNgIrK0FLKdfE3wtNWa4s
/DkjLaFuTCaIcc1MZz/5KglquOlKR6MCkq/GuaSi30JxBiay4ayqPzAoA0boZn96KsCtqX5lMNi56b8s7icapJ3WCxIWpoz4S8JQUEmtKp6pGQYyBQIThFVTc0obcq45
lt8NNpMkZI7QvbrAP25KXnWAsaikvccnZcKBOI9/S2fIElkfBzvJ8uu/j0ISQh//R+5tb28w34lAUBYIJXuu8/04fHoBd3l/q+glBHXZVcwx70aa6xPmwntL0cvZN3Sfe21Jrjw=
qD/Wx/Zk/2jNoHvEtp1D7DSxmxHs6mUfO8Ptgi93IyK+yptv4zYxL7Pou5lEWHooybPqQxmAAPr9zx3Pb6BJJJnRUdzVtxpaN0tCUv/DfSt1fzBvXxV1rgA=
S53Cl7twQOXKKrey4emPQci4Mll935myOx8fwuLibz+3zn1vf1DvSfAwpoi1G34zrRiMenFXqT/7CLWExTnljAEPVpr7M5aCi+uhS0mXJF+rDXmuDA==
7n8OSIyNarPLfvgtMTRAcWY/mU3Ysczg4P2ZNA0y1p6JiEpjaPzTCqCivwaSNB3F1oGQRCF9L6Bmo5oYZWJ7vv4C7CSTlgCcgelqYpFtNt4tZjOYTUdjRhN2rgU=
Lls4+0NG/piajomEp02kBb6l7dTWVKD5zeNlX6JGD0BW2/WArjhtIjqtpL6b3HT43xiOJgXD0ouAqg0fB1ZS2drm2RDDWFpoXKofFIgKFXPKvM0/7hhpLOO2IWWLcGdMrjs=
Hd59+1h5PQz7SbTYCXjX5jp6is813x1jUnp3fFbnjbxeBBUe2pHcgmvgDMQfpPaa9X+qN2AWdaP36iplWlqhrDPkItS8FmeoeLZtzwqAtQMeJBEQA4pZWXtMH3CuBw==
woKVPmTMFOsNd6MSszZnSuRanMlpHCkHgzIwLToGeJwLdBz99GNWVmVVDRYUKyHSs++3gsryZ1/vHuXv54A3afggTsjdq/aT1Sh0eglnUZ9zuF1ErSntrFlfzhpjY05ig/uJi+HnrL8TfUGuNA==
dmBAyqnmMkdJiF3YGAnM8+RanMtpHCkHgzIwLToGeJwLdBz99GNWVmVVDRYUKyHSs++3gsryZ1/vHuXv54A3afggTsjdq/aT1Sh0eglnUZ9zuF1ErSntrFlfzhpjY05ig/uJi+HnrL8TfUGuNA==
KDcXVAi8JrBxzhiFJE8SBtgJkXYEwyYWtbU9FiTL8ZLDT0cCWpK3n99+9e/3oEcpKIDeSG1LRtOFCIR6eUeBX8PY7cQ9ib1sqX/eGnODfiLTGxkLkUdcf0Mdca4E
GkpwyNjw2NqK8LxKr6+O0ZPKjFYSj/dkKjTPYAaU7cd6nhPEHUkd7Mm//hqTw96is9t5C7EHvP/j3RGuZA==
0I+/v5NfwRVu3Vt6C5IzdEXqcONGZCDrvidD1J6Mc+C6LFl3zja/ZLHhSTydZ6LazxuKcuczFevd78gPlyVtrhg=
5r0tCjNHLF+fJ+3KRJy2JEcdqe4JLH2Xq8tqphynA6antAp26LkRYgDVdh5AFZLQ6y1Eejxmx3g4ho3fCpDVM950seCDOrkJO7w/YK4X
whtRMfuA3kf/IInDm2BpSbLEdwX+735a3V3PTamHX0zwBF0JD5z+we57C00YQY7mn176iNZLU/5HjHpeKNGhmqCNpjZAPUKIS9X0EvxOt0DY3t03ivgF675MQcjD0glxm2RvSK4/
uE19HpgXPyAx8gXeY9BKFrLEdwX+735a3V3PTamHX0zwAV0JD5z+we57C00YQY7mn176iNZLU/5HjHpeKNGhmqCNpjZAPUKIS9X0EvxOt0DY3t03ivgF675MQcjD0glxm2RvSK4/
IdtuxXHdOFj1+Y6xGXV+aDSJna8VHPzyzgc4Wy3AjeYsjS8rN4jzYA6Hk5Ru7GPgqswpt56WD+Qhgbl8TUeS2r/72rJXk4VrLY8YT6cFfa4I
ZcmdypZCCMnjoKdAlE2n+G0EnqYvsmIkFmdLEnfA4tJIHXmWkGH+msCRGmR72SzenMIvDOgyxRtKVJ0HDgBZxKMe0f0riDdkrhM=
qevzrhCSyJeEDIn61jUXJAUoysxwJRbeFUP37NTVm/tDYF/A4u8HJPoU/2A2tL0HCn5jRI3pTSz5n+4ag6Mu4mO76YsBpww/sz1hrhQ=
rga4QlhuasLLC5NETodoqgUoysFwJRbeFUP37NTVm/tDYF/A4u8HJPoU/2A2tL0HCn5jRI3pTSz5n+4ag6Mu4mO76YsBpww/sz1hrhQ=
chW+fgQ5UcB36HiGkQdEE/TZthURMJmYkDF/1c620HjmXc7phYNdXEEw/NPZXCQooaBoCGN/1ML9tBNV01RnI3D63R/wmr2Ht3tfmxJHrQF/rgo=
8Iqidke5VBQWb5ElJ6rcihnS37pkUVP9umbkIBodcjHxU+k0rZBQO03ssFA9IPTw989AqlEUf71nBJN7zDqhx8TKSa+bmzOzBje5OWOuFg==
wqtbk/5tW3Op2l2tUmI1b341mpN1xwh7Di06OBn+0rRAFh4fmZqHlXrhFvlNs+OW52SqBmgJcbLApVYOQAWyoCv9JMq8FmeoeLZtzwqAtQMeJBEQA4pZWXtMH3CuBw==
6ASEhXOq1JUDUsjPawROvn41mpF1xwh7Di06OBn+0rRAFh4fmZqHlXrhFvlNs+OW52SqBmgJcbLApVYOQAWyoCv9JMq8FmeoeLZtzwqAtQMeJBEQA4pZWXtMH3CuBw==
GskpIo3G7iYPqjNZfsf0EQAS9KUZaifFutF26U2jA6antAp26LkRYgDVdh5AFZLQ6y1Eejxmx3g4ho3fCpDVM950seCDOrkJO7w/YK4X
ytTSZV8oWphb2/gXTwfriVSmdOxHYiD2vidD1J6Mc+C6LFl3zja/ZLHhSTydZ6LazxuKcuczFevd78gPlyVtrhg=
12nTuC52WtpehSs+AE1kcRkg1ohvMgffWlSluprblPNCbBzL4u8HJPoU/2A2tL0HCn5jRI3pTSz5n+4ag6Mu4mO76YsBpww/sz1hrhQ=
rga4QlhuasLLC5NETodoqgUoysFwJRbeFUP37NTVm/tDYF/A4u8HJPoU/2A2tL0HCn5jRI3pTSz5n+4ag6Mu4mO76YsBpww/sz1hrhQ=
Vio+KxVNXuJsZ7vav4ZpLn81mpZ1xwh7Di06OBn+0rRAFh4fmZqHlXrhFvlNs+OW52SqBmgJcbLApVYOQAWyoCv9JMq8FmeoeLZtzwqAtQMeJBEQA4pZWXtMH3CuBw==
8X+3aXsgp9U026nqi+MSIX81mpV1xwh7Di06OBn+0rRAFh4fmZqHlXrhFvlNs+OW52SqBmgJcbLApVYOQAWyoCv9JMq8FmeoeLZtzwqAtQMeJBEQA4pZWXtMH3CuBw==
pgx/nDZnMqdkWVcRasPjvVSmdOxHYiD2vidD1J6Mc+C5LFl3zja/ZLHhSTydZ6LazxuKcuczFevd78gPlyVtrhg=
A+bA23TbByOhaPAPAGWc4Bkg1ohvMgffWlSluprblPNCbBzL4u8HJPoU/2A1tL0HCn5jRI3pTSz5n+4ag6Mu4mO76YsBpww/sz1hrhQ=
C3+YhSrxPrYfNSo3DSZSfrKHu66n79h6Xiz8rLpoaAmAwKPFfpz80c9k32quHHg/jZCoe4JEAMD+8vNTQHBMgPsq8MjZJaomWbFm6tVKU3xlO1NSC3quAQ==
/ozAQoi5sZ15Ls7moz1650pkJH2bwH6ZnVKJ9N5L+0LcEGz0/42on8fIwPmzRhFpKjBUnN2TX/R3xlY53aNVTClwFGNR/NwY2aCTOBvfXHKVdPtF23S/c+h6RU+oerWXn7v365qnFXFHrjI=
EfJ6lizYPteCNjA25fNsIm0EnqYvsmIkFmdLEnfA4tJIHXmWkGH+msCSGmR72SzenMIvDOgyxRtKVJ0HDgBZxKMe0f0riDdkrhM=
C3+YhSrxPrYfNSo3DSZSfrKHu66n79h6Xiz8rLpoaAmAwKPFfpz80c9k32quHHg/jZCoe4JEAMD+8vNTQHBMgPsq8MjZJaomWbFm6tVKU3xlO1NSC3quAQ==
/ozAQoi5sZ15Ls7moz1650pkJH2bwH6ZnVKJ9N5L+0LcEGz0/42on8fIwPmzRhFpKjBUnN2TX/R3xlY53aNVTClwFGNR/NwY2aCTOBvfXHKVdPtF23S/c+h6RU+oerWXn7v365qnFXFHrjI=
ytTSZV8oWphb2/gXTwfriVSmdOxHYiD2vidD1J6Mc+C6LFl3zja/ZLHhSTydZ6LazxuKcuczFevd78gPlyVtrhg=
12nTuC52WtpehSs+AE1kcRkg1ohvMgffWlSluprblPNCbBzL4u8HJPoU/2A2tL0HCn5jRI3pTSz5n+4ag6Mu4mO76YsBpww/sz1hrhQ=
1yUAuy8h2Fxn48Q3cTDGsLKHu66n79h6Xiz8rLpoaAmAwKPFfpz80c9k32quHHg/jZCoe4JEAMP+8vNTQHBMgPsq8MjZJaomWbFm6tVKU3xlO1NSC3quAQ==
XlYZL+JafzWE/N8BkTlQ8EpkJH2bwH6ZnVKJ9N5L+ULcEGz0/42on8fIwPmzRhFpKjBUnN2TX/R3xlY53aNVTClwFGNR/NwY2aCQOBvfXHKVdPtF23S/c+h6RU+oerWXn7v365qnFXFHrjI=
XlYZL+JafzWE/N8BkTlQ8EpkJH2bwH6ZnVKJ9N5L+ULcEGz0/42on8fIwPmzRhFpKjBUnN2TX/R3xlY53aNVTClwFGNR/NwY2aCQOBvfXHKVdPtF23S/c+h6RU+oerWXn7v365qnFXFHrjI=
EfJ6lizYPteCNjA25fNsIm0EnqYvsmIkFmdLEnfA4tJIHXmWkGH+msCSGmR72SzenMIvDOgyxRtKVJ0HDgBZxKMe0f0riDdkrhM=
16BFz76HOu7XIftHf9sawwUoysFwJRbeFUP37NTVm/tDYF/A4u8HJPoU/2A1tL0HCn5jRI3pTSz5n+4ag6Mu4mO76YsBpww/sz1hrhQ=
V5xDMmq3LFgnGCWFCjayrX81mZN1xwh7Di06OBn+0rRAFh4fmZqHlXrhFvlNs+OW52SqBmgJcbLApVYOQAayoCv9JMq8FmeoeLZtzwqAtQMeJBEQA4pZWXtMH3CuBw==
DdaFqDq2xfn+x0ijDSxtoREv3cEhaRDODkS4vdDVm/tDYF/A4u8HJPoU/2A1tL0HCn5jRI3pTSz5n+4ag6Mu4mO76YsBpww/sz1hrhQ=
A+bA23TbByOhaPAPAGWc4Bkg1ohvMgffWlSluprblPNCbBzL4u8HJPoU/2A1tL0HCn5jRI3pTSz5n+4ag6Mu4mO76YsBpww/sz1hrhQ=
16BFz76HOu7XIftHf9sawwUoysFwJRbeFUP37NTVm/tDYF/A4u8HJPoU/2A1tL0HCn5jRI3pTSz5n+4ag6Mu4mO76YsBpww/sz1hrhQ=
ZcmdypZCCMnjoKdAlE2n+G0EnqYvsmIkFmdLEnfA4tJIHXmWkGH+msCRGmR72SzenMIvDOgyxRtKVJ0HDgBZxKMe0f0riDdkrhM=
rga4QlhuasLLC5NETodoqgUoysFwJRbeFUP37NTVm/tDYF/A4u8HJPoU/2A2tL0HCn5jRI3pTSz5n+4ag6Mu4mO76YsBpww/sz1hrhQ=
BW81g48Ehco/PH9Y+9lGwBEv3cEhaRDODkS4vdDVm/tDYF/A4u8HJPoU/2A2tL0HCn5jRI3pTSz5n+4ag6Mu4mO76YsBpww/sz1hrhQ=
12nTuC52WtpehSs+AE1kcRkg1ohvMgffWlSluprblPNCbBzL4u8HJPoU/2A2tL0HCn5jRI3pTSz5n+4ag6Mu4mO76YsBpww/sz1hrhQ=
1yUAuy8h2Fxn48Q3cTDGsLKHu66n79h6Xiz8rLpoaAmAwKPFfpz80c9k32quHHg/jZCoe4JEAMP+8vNTQHBMgPsq8MjZJaomWbFm6tVKU3xlO1NSC3quAQ==
DdaFqDq2xfn+x0ijDSxtoREv3cEhaRDODkS4vdDVm/tDYF/A4u8HJPoU/2A1tL0HCn5jRI3pTSz5n+4ag6Mu4mO76YsBpww/sz1hrhQ=
A+bA23TbByOhaPAPAGWc4Bkg1ohvMgffWlSluprblPNCbBzL4u8HJPoU/2A1tL0HCn5jRI3pTSz5n+4ag6Mu4mO76YsBpww/sz1hrhQ=
C3+YhSrxPrYfNSo3DSZSfrKHu66n79h6Xiz8rLpoaAmAwKPFfpz80c9k32quHHg/jZCoe4JEAMD+8vNTQHBMgPsq8MjZJaomWbFm6tVKU3xlO1NSC3quAQ==
kWGE6wrIsU2cwZHkVXowUkpkJH2bwH6ZnVKJ9N5L/0LcEGz0/42on8fIwPmzRhFpKjBUnN2TX/R3xlY53aNVTClwFGNR/NwY2aCTOBvfXHKVdPtF23S/c+h6RU+oerWXn7v365qnFXFHrjI=
EfJ6lizYPteCNjA25fNsIm0EnqYvsmIkFmdLEnfA4tJIHXmWkGH+msCSGmR72SzenMIvDOgyxRtKVJ0HDgBZxKMe0f0riDdkrhM=
/WFqFHLPU6oAwPPtq7RS0LKHuq6n79h6Xiz8rLpoaAmAwKPFfpz80c9k32quHHg/jZCoe4JEAMD+8vNTQHBMgPsq8MjZJaomWbFm6tVKU3xlO1NSC3quAQ==
xmJHYdvRXB6hRFL5BaY4MUpkJH2bwH6ZnVKJ9N5L+ELbEGz0/42on8fIwPmzRhFpKjBUnN2TX/R3xlY53aNVTClwFGNR/NwY2aCTOBvfXHKVdPtF23S/c+h6RU+oerWXn7v365qnFXFHrjI=
xmJHYdvRXB6hRFL5BaY4MUpkJH2bwH6ZnVKJ9N5L+ELbEGz0/42on8fIwPmzRhFpKjBUnN2TX/R3xlY53aNVTClwFGNR/NwY2aCTOBvfXHKVdPtF23S/c+h6RU+oerWXn7v365qnFXFHrjI=
IwdyfWC/bXTjo769658YwDcZ9RpZyf/W+riNoQ698Oc6UemxnyYam94mtZTm/swQW/qwGPk1qjZ5YSY6ddrT7MXrE4Iraq4R
jyFJWzGE/uYgtrhbnaVSvvPm13ZZz/rkF0ob9q2YYfkwGz+XAty9rQZJ0NviFTkdN7KaB2aCRdguyqzsQ/6gdBFh6uoBhZa2/a5zUJ0vQ64Dfq4N
kESXGdNJfp3MOidkyUmfdGC0dNtL79cd94kJZa+atQRuFlvb09HDXV8qptsqDIcErYFCVAwYaIyMrZqNXzqskMMJBwy/lO9d10RDW7w6kacUCjkPCxuDU1Z3SRlzrgY=
H8XKjDRJBmPwoLEktyuYh+ZjfHAtwAPckN7Hw6AuX0q4ps2zScZc3gJChtXjNilBXdjY5+6uwNS/nFtsRv8V1ZwabhZFk3J7AE1+T/HzM9Da4eroHQY62Nxav0TIOvVjyqytDy7IyVxjBsG1ywBHXK4r
H8XKjDRJBmPwoLEktyuYh+ZjfHAtwAPckN7Hw6AuX0q4ps2zScZc3gJChtXjNilBXdjY5+6uwNS/nFtsRv8V1ZwabhZFk3J7AE1+T/HzM9Da4eroHQY62Nxav0TIOvVjyqytDy7IyVxjBsG1ywBHXK4r
EfJ6lizYPteCNjA25fNsIm0EnqYvsmIkFmdLEnfA4tJIHXmWkGH+msCSGmR72SzenMIvDOgyxRtKVJ0HDgBZxKMe0f0riDdkrhM=
/WFqFHLPU6oAwPPtq7RS0LKHuq6n79h6Xiz8rLpoaAmAwKPFfpz80c9k32quHHg/jZCoe4JEAMD+8vNTQHBMgPsq8MjZJaomWbFm6tVKU3xlO1NSC3quAQ==
EfJ6lizYPteCNjA25fNsIm0EnqYvsmIkFmdLEnfA4tJIHXmWkGH+msCSGmR72SzenMIvDOgyxRtKVJ0HDgBZxKMe0f0riDdkrhM=
16BFz76HOu7XIftHf9sawwUoysFwJRbeFUP37NTVm/tDYF/A4u8HJPoU/2A1tL0HCn5jRI3pTSz5n+4ag6Mu4mO76YsBpww/sz1hrhQ=
DdaFqDq2xfn+x0ijDSxtoREv3cEhaRDODkS4vdDVm/tDYF/A4u8HJPoU/2A1tL0HCn5jRI3pTSz5n+4ag6Mu4mO76YsBpww/sz1hrhQ=
A+bA23TbByOhaPAPAGWc4Bkg1ohvMgffWlSluprblPNCbBzL4u8HJPoU/2A1tL0HCn5jRI3pTSz5n+4ag6Mu4mO76YsBpww/sz1hrhQ=
16BFz76HOu7XIftHf9sawwUoysFwJRbeFUP37NTVm/tDYF/A4u8HJPoU/2A1tL0HCn5jRI3pTSz5n+4ag6Mu4mO76YsBpww/sz1hrhQ=
hZtZjkygzfa1hnEo6STldH81npN1xwh7Di06OBn+0rRAFh4fmZqHlXrhFvlNs+OW52SqBmgJcbLApVYOQAayoCv9JMq8FmeoeLZtzwqAtQMeJBEQA4pZWXtMH3CuBw==
DdaFqDq2xfn+x0ijDSxtoREv3cEhaRDODkS4vdDVm/tDYF/A4u8HJPoU/2A1tL0HCn5jRI3pTSz5n+4ag6Mu4mO76YsBpww/sz1hrhQ=
A+bA23TbByOhaPAPAGWc4Bkg1ohvMgffWlSluprblPNCbBzL4u8HJPoU/2A1tL0HCn5jRI3pTSz5n+4ag6Mu4mO76YsBpww/sz1hrhQ=
16BFz76HOu7XIftHf9sawwUoysFwJRbeFUP37NTVm/tDYF/A4u8HJPoU/2A1tL0HCn5jRI3pTSz5n+4ag6Mu4mO76YsBpww/sz1hrhQ=
ZcmdypZCCMnjoKdAlE2n+G0EnqYvsmIkFmdLEnfA4tJIHXmWkGH+msCRGmR72SzenMIvDOgyxRtKVJ0HDgBZxKMe0f0riDdkrhM=
rga4QlhuasLLC5NETodoqgUoysFwJRbeFUP37NTVm/tDYF/A4u8HJPoU/2A2tL0HCn5jRI3pTSz5n+4ag6Mu4mO76YsBpww/sz1hrhQ=
4cYJxJgP70krA1Q1pdULEH81mZN1xwh7Di06OBn+0rRAFh4fmZqHlXrhFvlNs+OW52SqBmgJcbLApVYOQAWyoCv9JMq8FmeoeLZtzwqAtQMeJBEQA4pZWXtMH3CuBw==
DdaFqDq2xfn+x0ijDSxtoREv3cEhaRDODkS4vdDVm/tDYF/A4u8HJPoU/2A1tL0HCn5jRI3pTSz5n+4ag6Mu4mO76YsBpww/sz1hrhQ=
A+bA23TbByOhaPAPAGWc4Bkg1ohvMgffWlSluprblPNCbBzL4u8HJPoU/2A1tL0HCn5jRI3pTSz5n+4ag6Mu4mO76YsBpww/sz1hrhQ=
16BFz76HOu7XIftHf9sawwUoysFwJRbeFUP37NTVm/tDYF/A4u8HJPoU/2A1tL0HCn5jRI3pTSz5n+4ag6Mu4mO76YsBpww/sz1hrhQ=
IwdyfWC/bXTjo769658YwDcZ9RpZyf/W+riNoQ698Oc6UemxnyYam94mtZTm/swQW/qwGPk1qjZ5YSY6ddrT7MXrE4Iraq4R
jyFJWzGE/uYgtrhbnaVSvvPm13ZZz/rkF0ob9q2YYfkwGz+XAty9rQZJ0NviFTkdN7KaB2aCRdguyqzsQ/6gdBFh6uoBhZa2/a5zUJ0vQ64Dfq4N
uCtZEeavRQzgOAAxSQo9WO/uyz9G2OvlWF1JoOOWbvExF3ycAty9rQZJ0NviFTkdN7KaB2aCRdguyqzsQ/6gdBFh6uoBhZa2/a5zUJ0vQ64Dfq4N
2XESBDKptC7ppBFIEg6YKHWeta+8pZRiKoKYYsx7VWufRRUXTjWH6eillU5IHR3iVO9QLH0w34lAUBYIcmiuxah5ZXoWZHFhpeglBHXZVcwx70aa6xPmwntL0cvZN3Sfe21Jrjw=
U9OSN8XzbcZ0HQN/ijoDFlnd7cVBNmmZ0HhDtsh2f0pKEG3Z3vWwaFm5/9zONxqU/QbLYrY2DEirkhCgab0qrsnJxkKlkpM0tQMzujtirgk=
capn9emB2ebTX8simBNmfno3hQTHpt3hr+rLYkM82ZaIhAloaPzTCqCivwaSNB3F1oGQRCF9L6Bmo5oYZWJ7vv4C7CSTlgCcgelqYpFtNt4tZjOYTUdjRhN2rgU=
7n8OSIyNarPLfvgtMTRAcWY/mU3Ysczg4P2ZNA0y1p6JiEpjaPzTCqCivwaSNB3F1oGQRCF9L6Bmo5oYZWJ7vv4C7CSTlgCcgelqYpFtNt4tZjOYTUdjRhN2rgU=
ADisiKDLXcO0ZrYfDSQqh+VanM9pHCkHgzIwLToGeJwLdBz99GNWVmVVDRYUKyHSs++3gsryZ1/vHuXv54A3afggTsjdq/aT1Sh0eglnUZ9zuF1ErSntrFlfzhpjY05ig/uJi+HnrL8TfUGuNA==
8V0x9AFPtMuE/MRblrHXyvvp3D8XlO31Q1oG8eeWbvExF3ycAty9rQZJ0NviFTkdN7KaB2aCRdguyqzsQ/6gdBFh6uoBhZa2/a5zUJ0vQ64Dfq4N
jyFJWzGE/uYgtrhbnaVSvvPm13ZZz/rkF0ob9q2YYfkwGz+XAty9rQZJ0NviFTkdN7KaB2aCRdguyqzsQ/6gdBFh6uoBhZa2/a5zUJ0vQ64Dfq4N
uCtZEeavRQzgOAAxSQo9WO/uyz9G2OvlWF1JoOOWbvExF3ycAty9rQZJ0NviFTkdN7KaB2aCRdguyqzsQ/6gdBFh6uoBhZa2/a5zUJ0vQ64Dfq4N
DdaFqDq2xfn+x0ijDSxtoREv3cEhaRDODkS4vdDVm/tDYF/A4u8HJPoU/2A1tL0HCn5jRI3pTSz5n+4ag6Mu4mO76YsBpww/sz1hrhQ=
A+bA23TbByOhaPAPAGWc4Bkg1ohvMgffWlSluprblPNCbBzL4u8HJPoU/2A1tL0HCn5jRI3pTSz5n+4ag6Mu4mO76YsBpww/sz1hrhQ=
16BFz76HOu7XIftHf9sawwUoysFwJRbeFUP37NTVm/tDYF/A4u8HJPoU/2A1tL0HCn5jRI3pTSz5n+4ag6Mu4mO76YsBpww/sz1hrhQ=
GkpwyNjw2NqK8LxKr6+O0ZPKjFYSj/dkKjTPYAaU7cd6nhPEHUkd7Mm//hqTw96is9t5C7EHvP/j3RGuZA==
0I+/v5NfwRVu3Vt6C5IzdEXqcONGZCDrvidD1J6Mc+C6LFl3zja/ZLHhSTydZ6LazxuKcuczFevd78gPlyVtrhg=
xwV5KAam0afmBSfjfJSY80wCYYHdzP7BafNBZFXQiAtlDMhANSD84A+vaJoJ1Adtz6QLC0S6KXdcKiF/I9vrw+4XgSlrrh4=
iAWi9BNq18NMcL6rCes0gDCxjALs+GwcMYflnWlrKSTmlZJ6/z1DLKD9t4tfWEsg1rf7dFb8a+Ci3BHXdqZXJJnRUdzVtxpaN0tCUv/DfSt1fzBvXxV1rgA=
Rx3hcMKIdtwcS+tbmqWtmWuer6Sy89A2cMTAI8F+SG2cUB4QGmXL/63yyVNfVQqmXuBWK3gl05tbUCcAOn+/xLJEF2BeZHVnsu47BHXZVcwx70aa6xPmwntL0cvZN3Sfe21Jrjw=
ouClparjV8MEjHnbKaLs9uRanM5pHCkHgzIwLSBZfIMVIA32szIeUCBPFxAVdSPI9aLxk4flcgb2EN6r8JU7e+Mgf8DCr+ekmlQfYFZ0XYdqvkNErSntrFlfzhpjY05ig/uJi+HnrL8TfUGuNA==
exv5fFj1W2Zau5ZpkvmMXS6Xiq5BSr3ziw0mVmKIgussjS8rN4jzYA6Hk5Ru7GPgqswpt56WD+Qhgbl8TUeS2r/72rJXk4VrLY8YT6cFfa4I
tBBpW3VX34NFDdSio5SkM1dDZ4HdzP7BafNBZFXQiAtlDMhANSD84A+vaJoJ1Adtz6QLC0S6KXdcKiF/I9vrw+4XgSlrrh4=
zKp7czzrNQk8cROTO1Fcl5PKjFYSj/dkKjTPYAWU7cd6nhPEHUkd7Mm//hqTw96is9t5C7EHvP/j3RGuZA==
Mng5oseQ/O5tuZu92y7kMUXqcONGZCDrvidD1J6Mc+C5LFl3zja/ZLHhSTydZ6LazxuKcuczFevd78gPlyVtrhg=
nxzBaVhydihrhWVHe/wUdDCxjALs+GwcMYflnWlrKSTmlZJ6/z1DLKD9t4tfWEsg1rf7dFb8a+Ch3BHXdqZXJJnRUdzVtxpaN0tCUv/DfSt1fzBvXxV1rgA=
JS8xRs5WYFHhKqcbCU19I2uer6uy89A2cMTAI8F+SG2cUB4QGmXL/63yyVNfVQqmXuBWK3gl05tbUCcAOn+/xLJEF2BdZHVnsu47BHXZVcwx70aa6xPmwntL0cvZN3Sfe21Jrjw=
YH7zDMJRwnjRIfiBWQEs9+RanMlpHCkHgzIwLSBZfIMVIA32szIeUCBPFxAVdSPI9aLxk4flcgb2EN6r8JU7e+Mgf8DCr+ekmlQfYFV0XYdqvkNErSntrFlfzhpjY05ig/uJi+HnrL8TfUGuNA==
FjOH3yP3JMFKCZiQbA/2kC6Xiq5BSr3ziw0mVmKIgussjS8rN4jzYA6Hk5Ru7GPgqcwpt56WD+Qhgbl8TUeS2r/72rJXk4VrLY8YT6cFfa4I
9E7lCoAw7UiTOK2692B/WVdDZ4HdzP7BafNBZFXQiAtlDMhANSD/4A+vaJoJ1Adtz6QLC0S6KXdcKiF/I9vrw+4XgSlrrh4=
iAWi9BNq18NMcL6rCes0gDCxjALs+GwcMYflnWlrKSTmlZJ6/z1DLKD9t4tfWEsg1rf7dFb8a+Ci3BHXdqZXJJnRUdzVtxpaN0tCUv/DfSt1fzBvXxV1rgA=
JaXktM8UvWdktZhPLbROxWuer6my89A2cMTAI8F+SG2cUB4QGmXL/63yyVNfVQqmXuBWK3gl05tbUCcAOn+/xLJEF2BeZHVnsu47BHXZVcwx70aa6xPmwntL0cvZN3Sfe21Jrjw=
tQgegV7lq+lTPrar1LKMH+RanMtpHCkHgzIwLSBZfIMVIA32szIeUCBPFxAVdSPI9aLxk4flcgb2EN6r8JU7e+Mgf8DCr+ekmlQfYFZ0XYdqvkNErSntrFlfzhpjY05ig/uJi+HnrL8TfUGuNA==
exv5fFj1W2Zau5ZpkvmMXS6Xiq5BSr3ziw0mVmKIgussjS8rN4jzYA6Hk5Ru7GPgqswpt56WD+Qhgbl8TUeS2r/72rJXk4VrLY8YT6cFfa4I
tBBpW3VX34NFDdSio5SkM1dDZ4HdzP7BafNBZFXQiAtlDMhANSD84A+vaJoJ1Adtz6QLC0S6KXdcKiF/I9vrw+4XgSlrrh4=
4x+L+HqBCPfiNuRowS4Q12kSieUITBN6gLK/FrJE3XW2ERDUwc1vUEazmghFkjsOHpJstPMmwOyh+WpysR32bk32swit9yO2M2auFQ==
i3kqiHenTBBEePntonV2CkiR6cpAMGmE0HhDtsh2f0pKEG3Z3vWwaFm5/9zONxqU/QbLYrY2DEirkhCgab0qrsnJxkKlkpM0tQMzujtirgk=
Z5HkaN5hrvdWTLz3ZY+YrmxmemUZvpmkfnwl1prZLDoLeJxMnyxmAhXH2v+gXkVb1/I6bVpSsbQTHBKcfN4XEJgu/UeKCCWbfpzhWENCaSFbVA94rg8=
+LA9ogP/AOZUYVsL1xwh5ibBhTqGo0zKlOwYk664blySNSTQnteZAGUeBlrR1Or34HBj7hje//K6WA3Bzp3wkOkxXwSeHxqsjc4r+ibezDCbmjD4uRWqFjmBplq1+tPMBYuTYmtKrjE=
Tv8p8CYwRqkFUn18ALI1/pzUODwlYTU1lm8zVmPClQm6p0Iae1KiDSZdgrdfOWjws8bQW1l6dhYZIApLePTzQvAKP67CfD3NxqnQ7LH1j+g2i5owNSrbNm6qrAyDniDU0UHqysElFtY9TnMw3c/DDkNeri0=
VZtMmjKpLkVmsaev+UmdJoj0+zmjsAhyjMAvMi8TEQjbc2YLeXY7vH4gw5Ls+gKydhXC/w8RSNijztBTSVJWPkloSgMoXFPqYIK/JlLUnWWW4ZCk4d2vwCaDmjglAvsePuLsRNM2gHxByWpCUY22fm0GM3iN5+MmU1auJQ==
ABpaNdJOzbaxN5gZCqzsNBN0r+geEeID16XYtOvq0E9xBiay4ayqPzAoA0boZn96KsCtqX5lMNi56b8s7icapJ3WCxIWpoz4S8JQUEmtKp6pGQYyBQIThFVTc0obcq45
k37QB6cBEMwp1Jd8w0oVJncnfGUZvpmkfnwl1prZLDoLeJxMnyxmAhXH2v+gXkVb1/I6bVpSsbQTHBKcfN4XEJgu/UeKCCWbfpzhWENCaSFbVA94rg8=
8Ws13d0MYR+usbae9PU4xbIvOm9LcD8JIJA2CJKozkUIOYV6dqTR4UWoRQRVmbVMUS9mmgtTRkLbCzHL+ffUH5staa4c
p7fUKDE/2cmhJWd1tgnNmSZV8RVYz//L+riNoQ698Oc6UemxnyYam94mtZTm/swQW/qwGPk1qjZ5YSY6ddrT7MXrE4Iraq4R
iAWi9BNq18NMcL6rCes0gDCxjALs+GwcMYflnWlrKSTmlZJ6/z1DLKD9t4tfWEsg1rf7dFb8a+Ci3BHXdqZXJJnRUdzVtxpaN0tCUv/DfSt1fzBvXxV1rgA=
qjBUAxKlE6OJsJtLz8L8/Wuer6qy89A2cMTAI8F+SG2cUB4QGmXL/63yyVNfVQqmXuBWK3gl05tbUCcAOn+/xLJEF2BeZHVnsu47BHXZVcwx70aa6xPmwntL0cvZN3Sfe21Jrjw=
OXclIXEUrH7AW84nusbvluRanMhpHCkHgzIwLSBZfIMVIA32szIeUCBPFxAVdSPI9aLxk4flcgb2EN6r8JU7e+Mgf8DCr+ekmlQfYFZ0XYdqvkNErSntrFlfzhpjY05ig/uJi+HnrL8TfUGuNA==
exv5fFj1W2Zau5ZpkvmMXS6Xiq5BSr3ziw0mVmKIgussjS8rN4jzYA6Hk5Ru7GPgqswpt56WD+Qhgbl8TUeS2r/72rJXk4VrLY8YT6cFfa4I
tBBpW3VX34NFDdSio5SkM1dDZ4HdzP7BafNBZFXQiAtlDMhANSD84A+vaJoJ1Adtz6QLC0S6KXdcKiF/I9vrw+4XgSlrrh4=
LxoOXgkY8NHSBFbx8kpTZhd0uPseA+sU0anH76f53E4sTCO15qfpNGsqHlXpWzxoKsCtqX5lMI+q6Yl5rz4as47eFRwWpoz4S8JQUEmtKp6pGQYyBQIThFVTc0obcq45
6DyPu1EWLpp1c2MAZ9OS8/ztvMnemuidCirNm5LXyFjCxwV0fncdoc+ckFUhYA8FK/bA35eujslBr/wkcuRdlXZxEGOSrdmlR4qaPxY6pWBecmzUM8ZATGHZalJxvXaOjZaz6O2XoxZzRq41
/W6djQcTAZ+o5EeKE34AQIPUJjgrN3FhzClrF3SYjBCn5lgWaFOmHSYQxKxJL32u/4SQTRF4b10bLgAHJ/buUfE3fLzCfD3NxqnQu6L1ub13kponJiLFOG6qrAyDniDU0UHqysElFtY9TnMw3c/DDkNeri0=
wsoTDczjdf+LglwMpzRlRPbB8OS3oJBhSSzfobNqYAvfwr7NedO80NpozXGuLXB3moGpYb82Gov+9vVERm5MgPsq8MjZJaomWbFm6tVKU3xlO1NSC3quAQ==
mT8lMW9Xg0rB50SXw8mL5gAS9KUZaifQtsNt6VymFqq1rwpH4PEGcwHPS2xaXZLU7TpCZDxmx3g4ho3fCpDVM950seCDOrkJO7w/YK4X
iHqqES4oHEDFRDRKaJFV5pPKjFYIifd4MjXPYAaO68dmhhLEHUkd7Mm//hqTw96is9t5C7EHvP/j3RGuZA==
JYoNTCTnZgXU3/MjT/Vn5EXqcONGZCDrpCFDyIaNc+C6Nl930i6+ZLHhSTydZ6LazxuKcuczFevd78gPlyVtrhg=
da1tCQDHCdXp2OqHy1NOCldDZ4HdzP7BafNBZFXQkg1lENBBNSD8+gmvdIII1Adtz6QLC0S6KXdcKiF/I9vrw+4XgSlrrh4=
4x+L+HqBCPfiNuRowS4Q12kSieUITBN6gLK/FrJE3XW2ERDUwc1vUEazmghFkjsOHpJstPMmwOyh+WpysR32bk32swit9yO2M2auFQ==
i3kqiHenTBBEePntonV2CkiR6cpAMGmE0HhDtsh2f0pKEG3Z3vWwaFm5/9zONxqU/QbLYrY2DEirkhCgab0qrsnJxkKlkpM0tQMzujtirgk=
3DWoyC7tNbJZWGqQqlaWLJPKjFYIifd4MjXPYASO68dmhhLEHUkd7Mm//hqTw96is9t5C7EHvP/j3RGuZA==
PIjCVSLqB1Y3xEh/7xnZRUXqcONGZCDrpCFDyIaNc+C4Nl930i6+ZLHhSTydZ6LazxuKcuczFevd78gPlyVtrhg=
owSQvofBi7I0E0eVp+c+6VdDZ4HdzP7BafNBZFXQkg1lENBBNSD++gmvdIII1Adtz6QLC0S6KXdcKiF/I9vrw+4XgSlrrh4=
+LA9ogP/AOZUYVsL1xwh5ibBhTqGo0zKlOwYk664blySNSTQnteZAGUeBlrR1Or34HBj7hje//K6WA3Bzp3wkOkxXwSeHxqsjc4r+ibezDCbmjD4uRWqFjmBplq1+tPMBYuTYmtKrjE=
f/L/cVad2UDpgrA2a8pDypzUODMlYTU1lm8zVmPClQm6p0Iae1KiDSZdgrdfOWjws8bQW1l6dhYZIApLePTzQvAKP67CfD3NxqnQ7LH1j+g2i5owNSrbNm6qrAyDniDU0UHqysElFtY9TnMw3c/DDkNeri0=
QSxZ1nxtesNLEp4C1zNJ/fUBdWeNHwWzyD5sh0JNcHV1vRwOUiPdlwnAl3NDPinWf4DqOjbFypQdbQkQEgsREmMPJwJ6Uhcfvz7V7xdg56lIQD5ITQsmUyXIZHoZByHfIxjNxF3JXewJP74aU0OeonNbOQtxh/z/I11RriQ=
PoEEzZh3rltP0VsiJfu+6oj0+z6jsAhyjMAvMi8TEQjbc2YLeXY7vH4gw5Ls+gKydhXC/w8RSNijztBTSVJWPkloSgMoXFPqYIK/JlLUnWWW4ZCk4d2vwCaDmjglAvsePuLsRNM2gHxByWpCUY22fm0GM3iN5+MmU1auJQ==
ABpaNdJOzbaxN5gZCqzsNBN0r+geEeID16XYtOvq0E9xBiay4ayqPzAoA0boZn96KsCtqX5lMNi56b8s7icapJ3WCxIWpoz4S8JQUEmtKp6pGQYyBQIThFVTc0obcq45
k37QB6cBEMwp1Jd8w0oVJncnfGUZvpmkfnwl1prZLDoLeJxMnyxmAhXH2v+gXkVb1/I6bVpSsbQTHBKcfN4XEJgu/UeKCCWbfpzhWENCaSFbVA94rg8=
pYg04/LH0SnTAD5mlMoxepPKjFYIifd4MjXPYAWO68dmhhLEHUkd7Mm//hqTw96is9t5C7EHvP/j3RGuZA==
2/y/h45eX9TGkb33JMcxL0XqcONGZCDrpCFDyIaNc+C5Nl930i6+ZLHhSTydZ6LazxuKcuczFevd78gPlyVtrhg=
9NXsLbTbDl3WUFQN1Y9LxVdDZ4HdzP7BafNBZFXQkg1lENBBNSD/+gmvdIII1Adtz6QLC0S6KXdcKiF/I9vrw+4XgSlrrh4=
bgMuE7c1i7fruDzhr4GZmxENP5oi7H3d5tlQS4LleS0XopoXRrIFKE5aLHyjjmBEMXHq+iG1VsYdPvPA/d8DniNurh0=
p7fUKDE/2cmhJWd1tgnNmSZV8RVYz//L+riNoQ698Oc6UemxnyYam94mtZTm/swQW/qwGPk1qjZ5YSY6ddrT7MXrE4Iraq4R
LxoOXgkY8NHSBFbx8kpTZhd0uPseA+sU0anH76f53E4sTCO15qfpNGsqHlXpWzxoKsCtqX5lMI+q6Yl5rz4as47eFRwWpoz4S8JQUEmtKp6pGQYyBQIThFVTc0obcq45
MVABUzB+EYp9mAvXFXbaxIPUJj8rN3FhzClrF3SYjBCn5lgWaFOmHSYQxKxJL32u/4SQTRF4b10bLgAHJ/buUfE3fLzCfD3NxqnQu6L1ub13kponJiLFOG6qrAyDniDU0UHqysElFtY9TnMw3c/DDkNeri0=
wsoTDczjdf+LglwMpzRlRPbB8OS3oJBhSSzfobNqYAvfwr7NedO80NpozXGuLXB3moGpYb82Gov+9vVERm5MgPsq8MjZJaomWbFm6tVKU3xlO1NSC3quAQ==
mT8lMW9Xg0rB50SXw8mL5gAS9KUZaifQtsNt6VymFqq1rwpH4PEGcwHPS2xaXZLU7TpCZDxmx3g4ho3fCpDVM950seCDOrkJO7w/YK4X
3DWoyC7tNbJZWGqQqlaWLJPKjFYIifd4MjXPYASO68dmhhLEHUkd7Mm//hqTw96is9t5C7EHvP/j3RGuZA==
zXdrOF8WP1lYwOVbTwAdyx9VOJ9eG9rdPTD4cQ0gxsohj6zSwJTPHTfE45vcOrHn9IqZz2sboxO29+nZE65m
PIjCVSLqB1Y3xEh/7xnZRUXqcONGZCDrpCFDyIaNc+C4Nl930i6+ZLHhSTydZ6LazxuKcuczFevd78gPlyVtrhg=
owSQvofBi7I0E0eVp+c+6VdDZ4HdzP7BafNBZFXQkg1lENBBNSD++gmvdIII1Adtz6QLC0S6KXdcKiF/I9vrw+4XgSlrrh4=
pYg04/LH0SnTAD5mlMoxepPKjFYIifd4MjXPYAWO68dmhhLEHUkd7Mm//hqTw96is9t5C7EHvP/j3RGuZA==
2/y/h45eX9TGkb33JMcxL0XqcONGZCDrpCFDyIaNc+C5Nl930i6+ZLHhSTydZ6LazxuKcuczFevd78gPlyVtrhg=
9NXsLbTbDl3WUFQN1Y9LxVdDZ4HdzP7BafNBZFXQkg1lENBBNSD/+gmvdIII1Adtz6QLC0S6KXdcKiF/I9vrw+4XgSlrrh4=
WX0Ppea4VUK7eWio/pIvYFQKcIDdzP7BafNBZFXQkg1lENBBNSD/+gmvdIII1Adtz6QLC0S6KXdcKiF/I9vrw+4XgSlrrh4=
+ObNWv7kKHU+nECOM/vzHs0P9AfbS+ww8rt2dYmATMmxoHtylT8Yemw0Y7VjFLdDgPrtP6BazScH+8/7wgedIW+uGg==
N4PKFp3w8QTWjPv9OTdRcs0P9AfaS+ww8rt2dYmATMmxoHtylT8Yemw0Y7VjFLdDgPrtP6BazScH+8/7wgedIW+uGg==
9NXsLbTbDl3WUFQN1Y9LxVdDZ4HdzP7BafNBZFXQkg1lENBBNSD/+gmvdIII1Adtz6QLC0S6KXdcKiF/I9vrw+4XgSlrrh4=
9NXsLbTbDl3WUFQN1Y9LxVdDZ4HdzP7BafNBZFXQkg1lENBBNSD/+gmvdIII1Adtz6QLC0S6KXdcKiF/I9vrw+4XgSlrrh4=
iHqqES4oHEDFRDRKaJFV5pPKjFYIifd4MjXPYAaO68dmhhLEHUkd7Mm//hqTw96is9t5C7EHvP/j3RGuZA==
JYoNTCTnZgXU3/MjT/Vn5EXqcONGZCDrpCFDyIaNc+C6Nl930i6+ZLHhSTydZ6LazxuKcuczFevd78gPlyVtrhg=
da1tCQDHCdXp2OqHy1NOCldDZ4HdzP7BafNBZFXQkg1lENBBNSD8+gmvdIII1Adtz6QLC0S6KXdcKiF/I9vrw+4XgSlrrh4=
SHc/jEj5s+PboY9nYCPv91qx+kifPJNZyHKlMnTwpCs591BZNwyE/dZyuDP8LnegWH4dV4oYRUs+LAEow/LJ0RuEL2iuHw==
QVaNXrEteVcK/fZcj86Jhlqx+kifPJNZyHanPHTwpCs591BZNwyE/dZyuDP8LnegWH4dV4oYRUs+LAEow/LJ0RuEL2iuHw==
VD3tlcxmWje3my5pMXkazbXuoB8+2+z5QQZgmKwW1wbBZuK5k8ilibUbCSbQOmj3bGwYhbeCdAUVyhauPYHFF3FUpzX53coyU0LQsk9zBmy4gZ3TQz4ODgM2KJU8sn8JPT0lFgQs1L/8i1cIT6fs/HMlZDCFI6hUO5MQn0/quuFnd26NU8hJcAkUMor1scxwG9owODnVqta5QaYaNbrTjIXLk6Lriq7x
epBgsH723fKSwVXkZCjCf5dW/wLJQ/Agt/t9Y47JX////zl11i4dZHk0Y7VjFLdDgPrtP6BazScH+8/7wgedIW+uGg==
MidVuHYugBeYno/iBDNUhBkJ4Iyu0Q1R1bo2RgQsaw7mO6VHOF5ABjsuv5HF3XksqZqmS0dgP8S2LqJhQIZwkrKimqdSHnO+jKkoYVfeyV1jxDZGA/eGq6CBfbbVlMjSbksbRaaUw5UIMOtHahizheacHNV7Uk4RyqrGARFpZwcRDvnfUJQv3RdEg9t8OlEn1Ar5j8sbQ9OWd4mZs67G
XbRIKoIbd2C9ApP7zPbVrh5hpJUnE6jvXt87ajVlP4YeKiey9ikh7+/oJFluRv0NpHTbBTv037MIemWPCPoVV/+7F6v6J7UxZ64S
1PIwRd9SFywVtnMx3zCOSDfV4vL36NM2V8nVOpp5U2epHx8aHX/Ntemwg0BOVRSlRuRRb28l1JRBTSVcOzqu3ahyWBdPYmB6teI6BHXZVcwx70aa6xPmwntL0cvZN3Sfe21Jrjw=
m2yJhTM4kw6k8sMxznQNY/aEJ1eNrSoBhh6IHc/VDwesVF1eWt65kPkuSkoYFZvhkQm2gJ9cU/lIlmdcdNDki7mXkHk3LESdVtL4E/xOt0DY3t00ivgF675MQcjD0glxm2RvSK4/
kqYJzR2vrKGKW/5Ru5/oPhd+YCxRRiViWuLBrAkSMvb4qeNdYbXOPF9gK8W4qh9glOycN0kr6MW3kDwhpm6ALxxyz3wo4qUISkR9V07wOXQjbnFNa1gXdK4D
2bFSaGeUmkiYEEjAftthgippy9cvmVEZQ08tZlrmybgZBhoS2M3LiTHhBvgfpOOR6H63BDQINKPZv2BBNxS0tTb6KMu8FmeoeLZtzAqAtQMeJBEQA4pZWXtMH3CuBw==
IDAQXr4Z0fPpM0DK821gdANa5PIeq3ADdE8tZlrmybgZBhoS2M3LiTHhBvgfpOOR6H63BDQINKPZv2BBNxS0tTb6KMu8FmeoeLZtzAqAtQMeJBEQA4pZWXtMH3CuBw==
bSfW7Fa+ujd1kWfCZXWMfnM1mRjFp93noeDaZE02kZyGhEg/f/eJC6qevwaHPwDEy7LEWmB9AfUsh/dWcHt+oPQd7CSTlgCcgepqYpFtNt4tZjOYTUdjRhN2rgU=
2088eUImYR/POQU7aH8KyKLR23K9ew4luTwEdP/rrsiaW1+LaBFC5Ues75sfj0ymBRGLCAIsQlcUr2LcYBO1eC7J/lI+Tdfa7Pn2SCGzLGAydheoNqqNzT9MCRWKXkuuhInwEf9eoe27pD5Wezde2yghBWb9lOACFuuTNX5Uu4UAUDP3Apgb9T68FMVDEpahQkp+UflpD9epbnFvCFQXzR9k2yvXurmXjOrxnzNbGyMe13HJm67u
aC8N8zzKf6yqGqdzvHF7rx5hpJQnE6jvXt87ajVlP4YeKiey9ikh7+/oJFluRv0NpHTbBTv037MKemWPCPoVV/+7F6v6J7UxZ64S
0a6ipWIzCqXFipgkLSN/b0c7Lhj+hoaDkPJiFgLr2LjSPmLhpFEGp4bJ5sCIkLOio0d/JVkCNXgN8VnCdV/8xtjBAvfM2Za+Y31athx/V6HSULvsLxSf/QeEczurOIGHZErp77ubE/Omtxl5Q642
b8Is2tNdeGV7ZHB2QYD9srSz5pxai4ExQ2wvxl9NzAY1COMosdBrkmFVBKyV0u4bE2UvNBwALOuHz940xzQ6Phe96XiD5v12WEZZOdQ9X6i/70zA9hYMaOsykAApmiiOiWlG4uWykxT1o7Mae0KuKQ==
lIKFlGXyIlDLl1Ahshxm+2+Y23SGvh/ckukSl+edKwmQfTzEmOGZUD8cA1nN0t7//WE3qwT/uqStTxDjgf+TrahueUHENV+wj4cs+CbezDCbmjD4uRKoFjmBplq1+tPMBYuTYmtKrjE=
OCM02m5RIIinw566R5uzdG+Y23SGvh/ckukSl+edKwiQfTzEmOGZUD8cA1nN0t7//WE3qwT/uqStTxDjgfyTrahueUHENV+wj4cs+CbezDCbmjD4uRKoFjmBplq1+tPMBYuTYmtKrjE=
KOty0THo+ZgSbe3JGjRar+xEncJnCGxFyGxsbnM6KpoaaS6zrTIeVmJINFkJcmaLpvK9jYfya3y6A9K8iNIrb+w9foH86qm1kHJePxVlGJhxuF1ErSntrFlfyRhjY05ig/uJi+HnrL8TfUGuNA==
pt60INafJWmyRZMbiovefuvzo8be2OmLGzLJmdbuhwDEwx9oZVZYtpza1UI2bCgIKOOJi8m6gsNKsvZbILBZj21TURXA8sm1XLnfNAd7vGxecmzUM8ZATGHeaFJxvXaOjZaz6O2XoxZzRq41
HxxFzjClkV6JSAwZHoxq8uvzo8be2OmLGzLJmdbuhwHEwx9oZVZYtpza1UI2bCgIKOOJi8m6gsNKsvZbILFZj21TURXA8sm1XLnfNAd7vGxecmzUM8ZATGHeaFJxvXaOjZaz6O2XoxZzRq41
5mKs75FkljNgNPz4N27hGBN2p6NbQrIF3bTH6/ekyk89DiO6+KyNOCc7Hl/oGywyPdaM8yt0MI+94JRq4ANO6pvRDggeuYz4S8JQUEmtKp6pHQYxBwIShFVTc0obbrQr
rJqHngvB8Oqp8T82movE0qgXK2rYoOn/WO32BMo7cLZB+80CGzdp2WD1bZTJnbj5U4hTYtETDHsISwqEZuoeblYKHfbJPUO9vwDfgoAHkdCpKPB2VG1mRtYeRPrcS0QupfIqMV7Nkb7PcRUckMqVR9BHppmL+nMUbp6YUx2p8CRVGa7onWtseHUpkAS6ma1iWP2M8jCNt6lBC+dWvzPGJPmRMVz197pa14um0tyB3SoVPxDvf9WJtPI=
Bz+OfCkVhHIB0lUMPAnpYGujnMfOqKJMH+MSMnsGPYzGoH20iZ+btDhqP90RJB7C1lqJgfuH1YM49XhrljGsvFISV77NYE5mTsPF1Bj+HsEivxeLJvkgbeavuVE2ovQrNaXHjK7wXwzw8yiwb+cRd+1AoL5UIUDRr057RZzyf0+MBsHRyOqn6Yg5Gyjqz4t9Zps3Ggku9Y6KDIETfD7X8BjOPeSKqGX//v+jOELiKQHbdM+EtP0=
LSGC0hDMtGeOwnh6GsPe7KKEgpiC5thFGK6ZzdussFQ/2yJ6u07N9CY47TwJFwssWJJPFVHsLvr2QpmJ+4/FmxjNSKPW+dxEMorHNk3o3v6uuzWc2LYu+QKnB4Mm8TB1xpeJGfbqBFPVPVcELnjPlJALWHgvLyFPzViwtlQpUMmPdkuN3DoPt+yeUVlIYjdxaEHrYCqHu0VGgycSCSbllqo0sVu8dieI+FatbAog9WeeB9PwAioZOfts34y09Q==
lFBwQEIMtW427OF9AiqQkrxM+1bTUcAS0a8ZbORAk5+qbgftFkiLYOHeDh7JHikJFzZAhFsHQeIi8P5EnYv78Tnh4Lu80SaXMC7a7CNUrbYCpHbt4c4I+OKzyuHDweZPjM9+IT2rRkSo+X2b86aO5lMOCJ3M6r+hrcVF3jQ01NcsM/eAP3+s1GNdhHg1uyi8a6swl7+yekn3jw5FY9BJGNmskgKFaYxYC6LQcIlOKj7pfYYRx+ISJBUz82rbjrSL
1vXTFpbgP1GtJi2D+HCn0O+aP3zLCZjqfQbntcYAS9hRdq6GWZap8WfeIFwLzwHaEtjeXI2D+4nJiQDjbJnmL4CGenSz3C1OckwWNbEGSMDSm+r508nmN3ynnnnt44b8GFHdA2MuDh4j5mhFnCL/mZ3tZcYkPNSv3FsX2O83bGzT9STgpTOoRBtDUE/vejpxx6cuXXPYSWApxHJaVSFM4LsKcOgZxqrGmZXmyZcqUhwlG9Nyy4a08w==
NH4uqKcyUhnZqBwqsWTH2eMeIW2ItOzkQfulQ9AgZ6NB+80CGzdp2WD1bZTJnbj5U4hTYtETDHsISwqEZuoeblYKHfbJPUO9vwDfgoAHkdCpKPB2VG1mRtYeRPrcS0QupfIqMV7Nkb7PcRUckMqVR9BHppmL+nMUbp6YUx2p8CRVGa7onWtseHUpkAS6ma1iWP2M8jCNt6lBC+dWvzPGJPmRMVz197la14um0tyB3SoVPxDvf9WJtPI=
owzlaVgwUUKd/EDdkzwRne+aInDNG4PjTQbntcYAS9hRdq6GWZap8WfeIFwLzwHaEtjeXI2D+4nJiQDjbJnmL4CGenSz3C1OckwWNbEGSMDSm+r508nmN3ynnnnt44b8GFHdA2MuDh4j5mhFnCL/mZ3tZcYkPNSv3FsX2O83bGzT9STgpTOoRBtDUE/vejpxx6cuXXPYSWApxHJaVSFM4LsKcOgZxqrGmZXmyZcqUhwlG9Nyy4a08w==
s/EZTLh0eEeGxEmBFhwvSnHaVeBR4GP5epllG6nUfK1P3Wooz6faBlsyNYjWRBVAyWvzUKjut2mxkNaGBj5h9fvzPefosbDfNoUkOML2P0qNlCaCXsfN4DjK1oXy2///po3ICTbrcWUWlvwvJUGveO4EN+hgd6AEz1PZMz0kSMpUVai1fwqz8TxG98sc4qkliB7PDZg9ExzK+0M5tv/fbolaHepaSEknXArf9AgqVRDKXA0bbnsrjOJW4UULECfwtIk=
u4bm4sa8DXk4QMGhPSkDhmntcKQGOMD1UY0EaNWadwF+rOu8uQpe0oHaaTUvAnCocyNh/jrk7kiVj/uNwZUQ11S1xsvoegqg6xBtCroQxkFJaqhkeidabUtFZrP0Ow7NVU8mmPAtLVe7Ys7aazo4seTOn7210VXSPDDUq9RHB+zXG0yIuwlUNP3/6ADTH4A7Fxba1W8bnsnrVMnkoVji7u2N7IRTdoC8wYpqAtFJtj3vxjI4DSfjZtOKtPc=
jZwAV0FwOSTTbmbPR7tQ5GjkbbMAO4nnAYMYYtDbQ09ytuOpuQpe0oHaaTUvAnCocyNh/jrk7kiVj/uNwZUQ11S1xsvoegqg6xBtCroQxkFJaqhkeidabUtFZrP0Ow7NVU8mmPAtLVe7Ys7aazo4seTOn7210VXSPDDUq9RHB+zXG0yIuwlUNP3/6ADTH4A7Fxba1W8bnsnrVMnkoVji7u2N7IRTdoC8wYpqAtFJtj3vxjI4DSfjZtOKtPc=
JzJuX+nmLPTJ6Yx+2+nDVTT2+FW7pmre2fVRTaACL1wk9Ctly7Qv0xt6da88uqb1TzqHC6rn5dELtHA=
M5LzzijOBrqa1/m7+5D0tYYgOMJxdxrhIlhu8h+NTGC7inBoGUaqRpkV5kmXqlKcJZvT8ssGtHM=
4sDqMuo8sgprrOZrmdaku9G70I+EsA6KxURPr7Y22NeMyQs5SvgaglyK33QIqlWQytwNm277Kwzi1uHFC5AncLQJ
NTK/4hLKfqDlZ7O+w1n6RFqx+kifPJNZyHKlMnTwpCs591BZNwyE/dZyuDP8LnegWH4dU4kYRU8+LwMowvLJ0RuEL3S0DQ==
pL8CfAJfiVxDQamBoOxX3X97D+KBXUlebzoLTiH8j1AuX3KLBSiO8Gxsf5KYq87ddb+m6NA9bcdbUs7qi6p4ocS+H02VwZVCXADUm7TXx/z368z4mxkUpB3P6DAzj8ArN2ZaJU8LXlmLZMnUwcgi/s19bPRzZsAsIb5pMjHZ9i3PtrLILTcj9rO6tMc=
RWsS0sXDdzYIiOJy9ACEAzT2+FW7pmre2fVRTaACL1wk9Ctly7Qv0x95da88uqb1TzqHC6rn5dELtHA=
zeNQRjb7OzHILtiY9racV4YgOMJxdxrhIlhu8h+NTGC7inBoGUKpRpkV5kmXqlKcJZvT8ssGtHM=
RWsS0sXDdzYIiOJy9ACEAzT2+FW7pmre2fVRTaACL1wk9Ctly7Qv0x95da88uqb1TzqHC6rn5dELtHA=
zeNQRjb7OzHILtiY9racV4YgOMJxdxrhIlhu8h+NTGC7inBoGUKpRpkV5kmXqlKcJZvT8ssGtHM=
imI6XLnBZmcC/XFd3CpWdXM1mRjFp93noeDaZE02kZyGhEg/f/eJC6qevwaHPwDAybzEWmB9AfUsh/dWcHt+oPQd7CSTlgCcge5pYpFpNt0vZjKYTUdjRhNqtBc=
sorYFxXYNsbFfIQ6IrtAfQNa5PIeq3ADdE8tZlrmybgZBhoS2M3LiTHhBvgfpOOR6Hq1CjQINKPZv2BBNxS0tTb6KMu8FmeoeLZtyAmAtQceJxMQAopZWXtMH2y0FQ==
StuDrUhxSgaX2YhKl/BRySppy9cvmVEZQ08tZlrmybgZBhoS2M3LiTHhBvgfpOOR6Hq1CjQINKPZv2BBNxS0tTb6KMu8FmeoeLZtyAmAtQceJxMQAopZWXtMH2y0FQ==
4ed/QQUmwrt5S0Qk2oi0JBd+YCxRRiViWuLBrAkSMvb4qeNdYbXOPF9gK8W4rh1ulOycN0kr6MW3kDwhpm6ALxxyz3wo4qUMSUR9U07zO3QibnFNa1gXaLQR
E2w/RFzC7CykMGlMOLEW2faEJ1eNrSoBhh6IHc/VDwesVF1eWt65kPkuSkoYFZvhkQm2gJ9cU/lIkmVSdNDki7mXkHk3LESdVtL4E/xOt0DY3t0wifgF775PQ8jC0glxm2RvVLQt
Cj1Mojd4gVQR7jfOzXPK5DfV4vL36NM2V8nVOpp5U2epHx8aHX/Ntemwg0BOVRSlRuRRb28l1JRFTytcOzqu3ahyWBdPYmB6teI6BHXZVcwx70GZ6xPiwnhJ0crZN3Sfe21VtC4=
jFGkgFFUQ/l673OSwlTet5Gv1VJQ6mDNPtr+BtIjp11BJxl4FHHT/NNvrMdaENP0o0ElG3fjJxsljJSqun8LUh3S499baoDKuENIDmm6jqHaVS3+M2kRDPQCWSdczwJpz8JvFHKm3KO5IXxEmdHK+JlzkDjJsRSUHtFhQlT16ML09Ssp3fOjZls7ygS1WZXMcW8BmauTosI4yZHKmbe0n7vtlbTu
nJ2J30jBsN8hufupM2Vt1u3Gqw31jDM+uon+BXMQWs7wtWUvJQdpky/bDlCkP+wtk6yVAxsnDAn68zVKXpu4hRL0S6VrNI+T/nlVb1w6xjVvOmdLSmdFEWu0EA==
JeHeMIaz9REzXvA0p6w79C/O4PUwNKDVFRghuAix0xWynNv7vPYnCPjWrekJoPXnnofTcAKqGbn77N8MtHU=
JeHeMIaz9REzXvA0p6w79C/O4PUwNKDVFRghuAix0xWynNv7vPYnCPjWrekJoPXnnofTcAKqGbn77N8MtHU=
