Z7TFC9Ju3alQVq3B+TBFGcyPsNsEQouveVUnZWsB6jmvUyohOXxXejLLqfzZTZWvFooCNKwL9m5vqhbqJ1lN5MtxgE4hamYBQsW1fqv5iWxc0pFnFD8qCfcyVxRKVuTDkdE0BFEBYpgB4wi4USGMNPYBKQKcxYDiDMVTKSXD20azC4LEfQn9bOn/mB4zDj8ikJvZBlHHnH+Dnaqp3Q==
rOLt8qRRNofOFHzUfmRex0vglfGistAqt5+9qMRZGnPgrf7JxP19vbRx3LVChgE+ttKQsj/I7A1mT/kxNoK0i7UFh2yukJ+scFPokG8H0RdtoOCeVAEAMS8uu6Wc0r/vDKYBscgK50kImVsI6q/Lneb79zoJDjXuCuzBc3wel1CYbn0BjsioWn5fYRhOAulhW5SPo6nW
1sSkOfBFx6nXZde2pQt3yNnN8LvYFm3XBpeqlxogxT4QTQ5q35gsbjrTeu1QgwDW4/hOhj0w2g1PNllZBoNcwD0pCH7hiNlwdpTgV/4Q6KqFV+BD1SqDbr0fBVaesmb/Fv73BlDZBGkzHm3Vj3RqvgfXQvMcERF+8ZTsGgLbpx1itMdtVIAHz87Y143K7MBt/7IKSTa66sl16YNPPR6FB5T0q2VLtK/Tnn71orm6JvfPNgcLKudl0Yyp+w==
8YQf+htb3OL6Jsxkn0leasYNp6B5EesPRGIlYSpzpJvRL0zvWD7fMJ3cHnzk6P8OID8+Md0bxpSIib0Lk5aOtvP+SI0sWj9xjbWFTlQE1IeMw7eQ388sBEMtROhViyjsy1twh18C+pnX/87VA+BJSHlc0hJl2QyIK9IQ4Ol7Lm5EiMYBJVKe9DVDM/q7uanQ
nWCvg8K9F7QUx/7ZOKTinWmcSMmRHGDm0bzj65BnnWLY4Itv/Pu5/EInZFcJCzzzUMv/HOWYzoBMfH+CuNuObZUvJniwja03e0LO+qtauBGkLp/ddXHVMnwQ1IuUp4dMF3tMaPup1FQ93+ggE38Am1f22rWvux4pq3TJxOG4Yk4t7exkE9YA3AGvbiIcLDadrSY+WM2HY4aTranc
6GSrTSLx9JPgkvJqc035U2mcSMmRHGDm0bzj65BnnWLY8YNh+vS4rkInZFcJCzzzUMj/HOWYzoBMfH+CuNuObZUvJniwja03e0LO+qtauBGkLp/ddXHVMnwQ1IuUp4dMF3tMaPup1FQ93+ggE38Am1f22rWvux4pq3TJxOG4Yk4t7exkE9YA3AGvbiIcLDadrSY+WM2HY4aTranc
i7+Ep2O7h8r9gTXuRIM8pwoo0F+zgwSiyEcAZZhFIGHqacx+ocjoRSl4sDq9mO2ByKcmHBFlpmpQkfyyalOku5GPzE8YHd8Q3Xye3KTI/y5gn76RnTvGtMgpPavTto6Ws17ILWx6P1HNFQXuFCTUp8xjNzCf7ywkA43ESBWrKMyL+/AnHyL6uZdfTnVDwEloOfxSsiX5DKhrcpBAqVsuTgQoRqFlcp7UdeOzWvuZqfA=
hvF3LOW63gjO5tdbn94qzVfxbkae5GVbP3V+Su8I9wAZNak+KHgdMJaUwJeekAjqp1eDAzWqI67dH+UWPjIGP/b+18YwWeQpEx4NFS/0yn5n12KzvJFxvtGUzNpiWwddQrSnrfQApw+u2PfNKmygrd+y6olWOkqJlenjj52eZUf09IslqzTPE75+FeIZOoa3LzYny4pnhZGsqds=
+GHVOzQg5tCiK+ghrWUMR47A0DFHYAfNgUFw6tql5cLuV3ce/MRoqLWqPGIKY6SrsX+MH/irX4B9DF4MxPj/PkBv/sF9i0YkaFn9e7OGjoaTroh9jMq/wW1lxT50FNS37JN3YH9frLSj/QSYdZso3KsLsHf/knopNy+OpSPwSXgZDBLixUmMOMsCUJDJay5eJNgG8YXCHkTVk3OKm6mp4A==
K94G37CxAHuZtaBCO8JiqJGcussYSoj8Y1c5dXhG9hqvXipOXxI+YDvcsPTme7jIXsZTZ/VP43Jl4hvfI1p46tBzgE4hamYBQsW1fqv5iWxc0pFnFD8qCfcyVxRKVuTDkdE0BFEBYpgB4wi4USGMNPYBKQKcxYDiDMVTKSXD20azC4LEfQn9bOn/mB4zDj8ikJvZBlHHnH+Dnaqp3Q==
gYhOKtuZrHXoOtkqaGvLH7GpUPLKreX6nn+XxrOG5gJAiZz6muskE0HX7EcoYR/4TeR+FNTw/wYwRx4ZLcOG3NgxXeMjDg4+YwboJVwC/7ldjeUmZBzUj5y7l7gvF2xME5WkAOUTqGRbo9AvL1o6UQfHrr0z+ElAaSTyOpUBTMB7avAIWeOu5tRwZqlVCl485XtTkouhqdg=
YNvAvpAiHO1FpGolcvr36X1jZBSibTLWKnu825eK1EAeFEgn9vCwGngQ+1PtSgu+1R/tBhZSXu8OPo+2iLkMmZueheWHVLLOvxda4+Sxma7ZlMTKintfDXp0fx2MoA//Jlh/fcKMGN2HchJZDlpimZ3p65+1fr0XjLRT1RNUp6M2/p2SsZp+B3d2HxtSR+2BpKnT
qQNDgb5zpHQFOny6+ptTLW0J+rOTzx2lTHD6tKo50oOjhPyYuR4rG6jaVN/YDQwWMp/k73mz3EsgdzgklaAuuDxEf7rI425V5RfmwMA1TY8L+k5C2+JYqdSWX+UFSTUKDCjUs+SfZ3RnQ4zQixE07E1naJhjx+AjJ04ajd+D/hHbTMn8kYCCdl3VLNxjbuBkcRfummyU1iXdnv5gvb+DvuOVqeQ=
tyDyAHmWMUnSw8DRtpuMV8j1kg4F52rXZ9n4GJM2u14AMRhoGTudr5UupdxWQpaAo0wodH7rIGg2lpigvX8LUh3S499baoDKuENIDmm6jqHaVS3+M2kRDPQCWSdczwJpz8JvFHKm3KO5IXxEmdHK+JlzkDjJsRSUHtFhQlT16ML09Ssp3fOjZls7ygS1WZXMcW8Anquep8I4y5HGmbe0n7vtkqnl
uq32kJDAnde5+svRj42O05U7oYFr9bWs4lnZ7zATZmglL0STcdASaVZqcatJ+GjOnlS0KSnZcZz1SxXPA94cuQUZYe3AeZTjyAzXsG3mxX/U9mb4n2WZKnm5/kNer0csCeyQ65L0Rup2vmv/wwSsNHqjrBjK7nzBWGfXwtHaJ18fYsxa5Fss7g1C8lFWnSk+t6EdPEi6fQf4V955A0qrFLYuELNludhkvWl2yJW7FPjNeZhkYikFojDttFK4/W+pGftv9ocjLmRRIWm8/ScE3i/Wq/KEc7XmPS/oj/dl1qmh
uGQ9l9BpVBQAs7O/dZ87Mb3qrBc777/jTzsviLZftASSXN6Xot22mbZeTznGeSL3ZHgTpvrbJCMh5yz3SNGZSS1UviS0wP82UHfeqU1zBmy4gZ3TQz4ODgM2KJU8sn8JPT0lFgQs1L/8i1cIT6fs/HMlZDCFI6hUO5MQn0/quuFnd26NU8hJcAkUMor1scxwG9owODnTrta0QKYZNbrejIXLk6Lrkano
bYYKplLGvWAjEtaDr0ZndUla+4io2wpegvRpWzljaBbuEfVKfRMEUhodo/jS1ARf0uC0Eg82JpupOq8mWZ9hnrKimqdSHnO+jKkoYVfeyV1jxDZGA/eGq6CBfbbVlMjSbksbRaaUw5UIMOtHahizheacHNV7Uk4RyqrGARFpZwcRDvnfUJQv3RdEg9t6PlEq1Qr6j8sWQ9OWd4mZqKnf
ySJw/TSDKQ6Zam/G39KUPz3w7QE6kpih6f+bZbo8qJKic/HLwfSmBQQxJfEEnQQYKiSZ0gZeCD6/RHSB1qNhnVYubGcFSd+gblzH4EC/MLwPK8n7Xaz4klQNGD0fwqOJ/P5nAzzqWX0Ixr8FuHWDpIoDU3FWd2+2iYKtYroAWd8csk+8KCIlzU4E8BZOs7k0Li7xjWuYl6+p2g==
rgLLxWZBQ/ij4EXtQffI5Yv4PkYG/UgbFHQOUURlDRUUmQwNCvBRFlY6oKo/0NzlhmepSXY6ZGMVrff0LghvBNA7uCiv/wE/DcjQhlQZMFlPBmtdXGrvh6wO8SlIkpfhqHGLsKrXm7UGE8ciCRYFBurEkQs8pke4OMYNmQ5QWPLeNzGgjvo5STv8v7upzg==
XnmxsjBP6rGEpEvSby/SVH+k7p1g2o6g6/zA9NabaIgupufia++zMlUCC98zOkgqANMQzpGKlsESpYV+W9nZLOxyYeeEX3rJBxJHFFp2FAPBsaSEoaHS2FHD+LhhQdz0BuGZggxlUCI8pUMpNSPrBuOrEkTNaY0sOR+oHkMu7+IgO6mGwSdMP/O9uqnN
uqAwkLiR9lGMOXlZIKl2mIn4PlcE60wbFHQOUURlDRUUmQwPCvBRFlY6oKo/0NzlhmepSXY6ZGMVrff0LghvBNA7uCiv/wE/DcjQhlQZMFlPBmtdXGrvh6wO8SlIkpfhqHGLsKrXm7UGE8ciCRYFBurEkQs8pke4OMYNmQ5QWPLeNzGgjvo5STv8v7upzg==
UyyQgrs0jydctHauRSdeDX+k6It8x46g6/zA9NabaIgupuHia++zMlUCC98zOkgqANMQzpGKlsESpYV+W9nZLOxyYeeEX3rJBxJHFFp2FAPBsaSEoaHS2FHD+LhhQdz0BuGZggxlUCI8pUMpNSPrBuOrEkTNaY0sOR+oHkMu7+IgO6mGwSdMP/O9uqnN
CIB45+fWPMAdwq/G5uHwOH+k6Z1uwo6g6/zA9NabaIgupuDia++zMlUCC98zOkgqANMQzpGKlsESpYV+W9nZLOxyYeeEX3rJBxJHFFp2FAPBsaSEoaHS2FHD+LhhQdz0BuGZggxlUCI8pUMpNSPrBuOrEkTNaY0sOR+oHkMu7+IgO6mGwSdMP/O9uqnN
hkrYNitOWqfpfXizNjO7WU0xE+6JmXvuOZRFbYlczSDdiLKV/5fiQXsAxzhT3otsJnzeucQNXc30oXwlyRnhbvbicII/+Aw9Jh8ZobYSFFv1daecruC/XLADSADvl7HHrZCArlQxYAHv/ts1HEIfv8xWIcHI+sc5SEn7mGo/K82myxcKCT7V3kq8IeP8jjeA2B5d8Y64iKq+D8GIzpKJsZuk75Op5g==
rhuF60LNfEgeT4Ru+0T9malyMwFF33zgjjFoO6RAAy9XIRJV/cP4OB2qdHaIyNXjDUZ2IzsKv+G8zA9rTqbW36YbEyhGEu4Pvr4fFlj5fLmLnpWFt5Riri+XqkOU8UlO6ZT0Klo7L62K9O99XGA/nzZYb12yzMh9F/Kiub4aMrlt6Zu/Zb4Ndzw0w3VDlFeDI/6NcoHaLufn9m+7ooe94ZSp4w==
Gr5g92frFMdXnynNANjNqqlyMwFF33zgjjFoO6RAAy9XIRJV/cP4OB2qdHaIyNXjDUZ2IzsKv+G8zA9rTqbW36YbEyhGEu4Pvr4fFlj5fLmLnpWFt5Riri+XqkOU8UlO6ZT0Klo7L62K9O99XGA/nzZYb12yzMh9F/Kiub4aMrlt6Zu/Zb4Ndzw0w3VDlFeDIv6Nc4XaK+Xn9W+7ooe94Z+z+g==
xVQ+imyHQ6HPEvd2wQIb7qlyMwFF33zgjjFoO6RAAy9XIRJV/cP4OB2qdHaIyNXjDUZ2IzsKv+G8zA9rTqbW36YbEyhGEu4Pvr4fFlj5fLmLnpWFt5Riri+XqkOU8UlO6ZT0Klo7L62K9O99XGA/nzZYb12yzMh9F/Kiub4aMrlt6Zu/Zb4Ndzw0w3VDlFeDI/uNfILaLuTn9W+7ooe94Z+z+g==
KEvHlz7ZVI9ruE2F3PVjg6lyMwFF33zgjjFoO6RAAy9XIRJV/cP4OB2qdHaIyNXjDUZ2IzsKv+G8zA9rTqbW36YbEyhGEu4Pvr4fFlj5fLmLnpWFt5Riri+XqkOU8UlO6ZT0Klo7L62K9O99XGA/nzZYb12yzMh9F/Kiub4aMrlt6Zu/Zb4Ndzw0w3VDlFeDIvqNfILaLuTn9W+7ooe94Z+z+g==
ZTluOvR0WvPcEc0Sc88JQ6lyMwFF33zgjjFoO6RAAy9XIRJV/cP4OB2qdHaIyNXjDUZ2IzsKv+G8zA9rTqbW36YbEyhGEu4Pvr4fFlj5fLmLnpWFt5Riri+XqkOU8UlO6ZT0Klo7L62K9O99XGA/nzZYb12yzMh9F/Kiub4aMrlt6Zu/Zb4Ndzw0w3VDlFeDLfmNfILaLuTn9W+7ooe94Z+z+g==
