CoHLhg1K8avSFdNkR1BuJ8yPsNsEQouveVUnZWsB6jmvUyohOXxXejLLqfzZTZWvFooCNKwL9m5vqhbqJ1lN5MtxgE4hamYBQsW1fqv5iWxc0pFnFD8qCfcyVxRKVuTDkdE0BFEBYpgB4wi4USGMNPYBKQKcxYDiDMVTKSXD20azC4LEfQn9bOn/mhozDjwimZjZBFHHnH+DnaCjxw==
CCdixbYN9w9Lo4DgYuAUv0vglfGistAqt5+9qMRZGnPgrf7JxP19vbRx3LVChgE+ttKQsj/I7A1mT/kxNoK0i7UFh2yukJ+scFPokG8H0RdtoOCeVAEAMS8uu6Wc0r/vDKYBscgK50kImVsI6q/Lneb79zoJDjXuCuzBc3wel1CYbn0DisioWX5WYhhMAulhW5SPqaPM
SDdMN+b9dI84xncjdYocn9nN8LvYFm3XBpeqlxogxT4QTQ5q35gsbjrTeu1QgwDW4/hOhj0w2g1PNllZBoNcwD0pCH7hiNlwdpTgV/4Q6KqFV+BD1SqDbr0fBVaesmb/Fv73BlDZBGkzHm3Vj3RqvgfXQvMcERF+8ZTsGgLbpx1itMdtVIAHz87Y143K7MBt/7IKSTa66sl16YNPPR6FB5T0q2VLtK/TnHr1orq6L/TPNAcLKudl0Yaj4Q==
Gvtq87uUYeZCIr0o0ayO+cYNp6B5EesPRGIlYSpzpJvRL0zvWD7fMJ3cHnzk6P8OID8+Md0bxpSIib0Lk5aOtvP+SI0sWj9xjbWFTlQE1IeMw7eQ388sBEMtROhViyjsy1twh18C+pnX/87VA+BJSHlc0hJl2QyIK9IQ4Ol5Km5Ei8YIJlKc9DVDM/q7s6PK
oMb1/Eyf0S9piWq2OABSUWmcSMmRHGDm0bzj65BnnWLY4Itv/Pu5/EInZFcJCzzzUMv/HOWYzoBMfH+CuNuObZUvJniwja03e0LO+qtauBGkLp/ddXHVMnwQ1IuUp4dMF3tMaPup1FQ93+ggE38Am1f22rWvux4pq3TJxOG4Yk4t7exkE9YA3AGtaiIcLzaUriY8WM2HY4aTp6PG
y8f6OxU09KP0Ys+Edbnc/WmcSMmRHGDm0bzj65BnnWLY8YNh+vS4rkInZFcJCzzzUMj/HOWYzoBMfH+CuNuObZUvJniwja03e0LO+qtauBGkLp/ddXHVMnwQ1IuUp4dMF3tMaPup1FQ93+ggE38Am1f22rWvux4pq3TJxOG4Yk4t7exkE9YA3AGtaiIcLzaUriY8WM2HY4aTp6PG
TLisT+VzKvzpaSX5RGGhegoo0F+zgwSiyEcAZZhFIGHqacx+ocjoRSl4sDq9mO2ByKcmHBFlpmpQkfyyalOku5GPzE8YHd8Q3Xye3KTI/y5gn76RnTvGtMgpPavTto6Ws17ILWx6P1HNFQXuFCTUp8xjNzCf7ywkA43ESBWrKMyL+/AnHyL6uZdfTnVDwEloOfxSsiX5DKhrcpBAqVkqTgQrRqhmcpzUdeOzWvuTo+o=
mjTdeKP1RrZGRAdY+H2pgVfxbkae5GVbP3V+Su8I9wAZNak+KHgdMJaUwJeekAjqp1eDAzWqI67dH+UWPjIGP/b+18YwWeQpEx4NFS/0yn5n12KzvJFxvtGUzNpiWwddQrSnrfQApw+u2PfNKmygrd+y6olWOkqJlenjj52eZUf09IslqzTPE7x6FeIaOo+0LzQny4pnhZGmo8E=
FKZbQAlKHl4InV4BcrZ4tY7A0DFHYAfNgUFw6tql5cLuV3ce/MRoqLWqPGIKY6SrsX+MH/irX4B9DF4MxPj/PkBv/sF9i0YkaFn9e7OGjoaTroh9jMq/wW1lxT50FNS37JN3YH9frLSj/QSYdZso3KsLsHf/knopNy+OpSPwSXgZDBLixUmMOMsCUJDJaSpeJNsG+IbCHETVk3OKm6Oj+g==
RYxHHYFo7kRz36/70TYw1pGcussYSoj8Y1c5dXhG9hqvXipOXxI+YDvcsPTme7jIXsZTZ/VP43Jl4hvfI1p46tBzgE4hamYBQsW1fqv5iWxc0pFnFD8qCfcyVxRKVuTDkdE0BFEBYpgB4wi4USGMNPYBKQKcxYDiDMVTKSXD20azC4LEfQn9bOn/mhozDjwimZjZBFHHnH+DnaCjxw==
xz8KAftRkiSZeyVfhMppb7GpUPLKreX6nn+XxrOG5gJAiZz6muskE0HX7EcoYR/4TeR+FNTw/wYwRx4ZLcOG3NgxXeMjDg4+YwboJVwC/7ldjeUmZBzUj5y7l7gvF2xME5WkAOUTqGRbo9AvL1o6UQfHrr0z+ElAaSTyOpUBTMB7avAIWeGq5tRzZqBWClw85XtTkouro8I=
oVbwuZFRSRxzCExguTDJn31jZBSibTLWKnu825eK1EAeFEgn9vCwGngQ+1PtSgu+1R/tBhZSXu8OPo+2iLkMmZueheWHVLLOvxda4+Sxma7ZlMTKintfDXp0fx2MoA//Jlh/fcKMGN2HchJZDlpimZ3p65+1fr0XjLRT1RNUp6M0+p2Sspp3BHd0HxtSR+2BrqPJ
dxG+Jp99zlBVurg4+HBlNkwxLnMAMoa8ECxmfMV2aZmixBpQEV8/9ug+75K/u7OYJ92cw3m/LC7cATxQFmVFzx6eDRw+Up7gWxyQ9AY7GEg+hrBg1Y+D8sWi+99DmthqMDOgTkGqhoHiBdV+i7lp7PwSsWf0f4qJl/J3FGqWhEMxkdQEccHCGOGjKLgx4Sy0FsFJAryFYGKsBTMpxYN7xtPLosSdSZ3sSb96GhPOXKI52PkEMQc8/2PdgKPn
L5aXtk4aSEg3L1BxRmZ5Zcj1kg4F52rXZ9n4GJM2u14AMRhoGTudr5UupdxWQpaAo0wodH7rIGg2lpigvX8LUh3S499baoDKuENIDmm6jqHaVS3+M2kRDPQCWSdczwJpz8JvFHKm3KO5IXxEmdHK+JlzkDjJsRSUHtFhQlT16ML09Ssp3fOjZls7ygS1WZXMcW8CmquepMIxyJHEmbe0n7vtmKP/
AFAuxNelVG+QjPBOhIFJRpU7oYFr9bWs4lnZ7zATZmglL0STcdASaVZqcatJ+GjOnlS0KSnZcZz1SxXPA94cuQUZYe3AeZTjyAzXsG3mxX/U9mb4n2WZKnm5/kNer0csCeyQ65L0Rup2vmv/wwSsNHqjrBjK7nzBWGfXwtHaJ18fYsxa5Fss7g1C8lFWnSk+t6EdPEi6fQf4V955A0qrFLYuELNludhkvWl2yJW7FPjNeZhkYikFojDttFK4/W+pGftv9ocjLmRRIWm8/ScG2i/WqPKNcLXkPS/oj/dl3KO7
GWILhxJKZrDABf6uPsOzkb3qrBc777/jTzsviLZftASSXN6Xot22mbZeTznGeSL3ZHgTpvrbJCMh5yz3SNGZSS1UviS0wP82UHfeqU1zBmy4gZ3TQz4ODgM2KJU8sn8JPT0lFgQs1L/8i1cIT6fs/HMlZDCFI6hUO5MQn0/quuFnd26NU8hJcAkUMor1scxwG9owODnRqta0Q6YQNrrcjIXLk6Lrm6Py
3UxFiTlaf6IwW9o5Dt8CpBMmZT0VNtyj46N/JwcH/9yOs9QgekDuY7rRtp2+ol8tPlUCE0wk45KiF2Rn6Vt8I/C9ee1FyA5QLEx/stgLTj0136YIEF3tZ5tyzspLCvjBBF4fLdUhFeIcINS79HdHHLeLzBhbeZQE3e/oEPMvQEv3hlpFD+ve+ctEyfSBaKIejR1sFLMGQIzhnWoS/H92RA5WvKht16NW85ej9g==
GbBRzY7ICFrv0oau5ezxDHZ5gstKj52wNl00j5aV9GtReCxsqfD7cuY0VjYcPCHbkLjaioq2r29nPKD09lvICI5mwuFEL1OyNcLr31N6qKpgkzDOsco2QbLlpX67mbmsDLIB52Sf2kmn0mcUera0g2FxRITBYTJYMYMYuEEBfHSmobmCLCUwotzlIynV44uGA2syRO2pLayZ34oaI+4MYkl4SYShZ+y/U/2Qo/c=
P5c1MixsRieFRWQNp8J1wPWQwhg/4CFoJInPRR8F42nXxvKl5FJufvZptte2n7qsVxciIxIBODrb+E4xRIXNdZR5zGsJ35G21ppgij/wHEUGx2lpdlqkg5XNNxQuaC/kUFv4yK/fQZ+NaJCmVDlw+c+mK31ciq/nLO6xSUhyV4EokUvQqvdbFYazBwIJNsWmamRRKzzGh1i4ps17CjAYEV5eckCM2nnpu1z/kaP0
ICaGwqd6Pl5kOGvphWmzSUla+4io2wpegvRpWzljaBbuEfVKfRMEUhodo/jS1ARf0uC0Eg82JpupOq8mWZ9hnrKimqdSHnO+jKkoYVfeyV1jxDZGA/eGq6CBfbbVlMjSbksbRaaUw5UIMOtHahizheacHNV7Uk4RyqrGARFpZwcRDvnfUJQv3RdEg9t4OlEq1grzjMsUQ9OWd4mZoqPF
ohtnO9e4fjqRhXvhUrGHHj3w7QE6kpih6f+bZbo8qJKic/HLwfSmBQQxJfEEnQQYKiSZ0gZeCD6/RHSB1qNhnVYubGcFSd+gblzH4EC/MLwPK8n7Xaz4klQNGD0fwqOJ/P5nAzzqWX0Ixr8FuHWDpIoDU3FWd2+2iYKtYroAWd8csk+8KCIlz0oE8BVOuro0LC7xjWuYl6WjwA==
J2amDXMVgluX3E/gw7HSIYv4PkYG/UgbFHQOUURlDRUUmQwNCvBRFlY6oKo/0NzlhmepSXY6ZGMVrff0LghvBNA7uCiv/wE/DcjQhlQZMFlPBmtdXGrvh6wO8SlIkpfhqHGLsKrXm7UGE8ciCRYFBurEkQs8pke4OMYNmwpQWPHePjKgjPo5STv8v7Gj1A==
Kv//GjkaSnU2tSZsD3j48X+k7p1g2o6g6/zA9NabaIgupufia++zMlUCC98zOkgqANMQzpGKlsESpYV+W9nZLOxyYeeEX3rJBxJHFFp2FAPBsaSEoaHS2FHD+LhhQdz0BuGZggxlUCI8pUMpNSPrBuOrEkTNaY0sOR+qGkMu7OIpOKmEwSdMP/O9sKPX
ixdCIa+yJWNwRqydti5t6In4PlcE60wbFHQOUURlDRUUmQwPCvBRFlY6oKo/0NzlhmepSXY6ZGMVrff0LghvBNA7uCiv/wE/DcjQhlQZMFlPBmtdXGrvh6wO8SlIkpfhqHGLsKrXm7UGE8ciCRYFBurEkQs8pke4OMYNmwpQWPHePjKgjPo5STv8v7Gj1A==
CSZsZaT/AnqNe1aYAYlkpX+k6It8x46g6/zA9NabaIgupuHia++zMlUCC98zOkgqANMQzpGKlsESpYV+W9nZLOxyYeeEX3rJBxJHFFp2FAPBsaSEoaHS2FHD+LhhQdz0BuGZggxlUCI8pUMpNSPrBuOrEkTNaY0sOR+qGkMu7OIpOKmEwSdMP/O9sKPX
MncEtMSiYxZnGG96czYLFn+k6Z1uwo6g6/zA9NabaIgupuDia++zMlUCC98zOkgqANMQzpGKlsESpYV+W9nZLOxyYeeEX3rJBxJHFFp2FAPBsaSEoaHS2FHD+LhhQdz0BuGZggxlUCI8pUMpNSPrBuOrEkTNaY0sOR+qGkMu7OIpOKmEwSdMP/O9sKPX
2KsH+NAeJG6adJsl3CdBBRYDqJuixQ1blL0nXyVlLhDuH6UZaxsfQRsagfjS1ARf0uC0EgUwKJupOq8mWZ9hnrKimqdSHnO+jKkoYVfeyV1jxDZGA/eGq6CBfbbVlMjSbksbRaaUw5UIMOtHahizheacHNV7Uk4RyqrGARFpZwcRDvnfUJQv3RdEg9t7OlEq1grzjMsUQ9OWd4mZoqPF
YuD8x/B4YeaGi42xDgphnIGg4L/kOxEse6T+qqR/ZRUHP+Tq0mfuDl9jWXk67um1greNzJlsHhCGlNB3rtC4ChvQHONl6vOOrR8VNm7y1l9mfmemgJnUSQMeHTXfNLrel1fyE2zRIV7hlPw6MhvX/dI0Vw2EwFcvvtjnrRqsEM1vMnrphvoaqWXpk69N3jWnZHQ7xRt0//OvegXCanp/FF+0t2vap1XxlqPx
z6a6qhv7VqjNMQjrmVxvbqLR23K9ew4luTwEdP/rrsiaW1+LaBFC5Ues75sfj0ymBRGLCAIsQlcUr2LcYBO1eC7J/lI+Tdfa7Pn2SCGzLGAydheoNqqNzT9MCRWKXkuuhInwEf9eoe27pD5Wezde2yghBWb9lOACFuuTNX5Uu4UAUDP3Apgb9T68FMVDEpahQkp+UflpD9epbnFvCFQXzR9k2yvTurmajur7nDNUGyMe13HJiqPt
z6a6qhv7VqjNMQjrmVxvbqLR23K9ew4luTwEdP/rrsiaW1+LaBFC5Ues75sfj0ymBRGLCAIsQlcUr2LcYBO1eC7J/lI+Tdfa7Pn2SCGzLGAydheoNqqNzT9MCRWKXkuuhInwEf9eoe27pD5Wezde2yghBWb9lOACFuuTNX5Uu4UAUDP3Apgb9T68FMVDEpahQkp+UflpD9epbnFvCFQXzR9k2yvTurmajur7nDNUGyMe13HJiqPt
4ig9YILDNU7w+E+ECMrD9MnrjlfFBl7792JI8SbD2xw6Tk7XWvC45r9Z5zPlygQyBbXk2dAsG4PyJgx68QoK7Whx52armT+iT7qLX9zEuOhJRXjTGnywCvRu8gDCnT6DkkazkpvQvsrnQmOaAVZBZI4qKYXjXAVtTj7PNki5zBnbnsVlx1RyTn8XGmOksdkuGZQESsp7H406dL+dTKBPf2ZYP/0CjNhdx3JS2U5aohld6asf9X59l0y0k1VTVOcj8PpdEnKaN4Q3dN+bkkctAe6jiQ==
eQISilLfJ8+Jm5niWbO22pRibbqW5pcmPSWuDAgiASxXcNj/0npH5yczJNnvieFbMyvra5l3MMMe55fCkVpnX9/iDFok2+zuzcIyUZYd6T53Id08iDq9BzjXHnnDymsUdq7Qs6U5GGR96bbIVTvU+A35WGSiqcWi8G10Unh9r6lZey/2x6NuZBGhKby9p0Lab1bo8s3w9eR9r6iPt+Wco/s=
nHddHxBUsC5gWeNx1mZNO9g7T3IHhMgdeLPYvKzojmGDYYjyn4DVhb1EY0wrfOUiJ9qw9YtJMUaWyoC6P8D8FUY3yfn2ysQzVZ0X5C4YDzQQ6xhYL0/h70248JZUCRApD9aL7dwaT1dsPpE5SIJ30eghK0AqZ/vlxuPnMgkGJfYqlPG7vFbn6Hj27Y8KQDjBHu6S0AxK2Zl7jJ+ho8Q=
+v0/gA/ETfX4fsxI8qWW6t/4242Yog+Y1FQMv6lj2N23iAxpRuYQl1yK33QIqlWUydwAnW7yKgzs1uHFC5AnfaMY
F8WMgIhvccO8mgq/ANWpJbXuoB8+2+z5QQZgmKwW1wbBZuK5k8ilibUbCSbQOmj3bGwYhbeCdAUVyhauPYHFF3FUpzX53coyU0LQsk9zBmy4gZ3TQz4ODgM2KJU8sn8JPT0lFgQs1L/8i1cIT6fs/HMlZDCFI6hUO5MQn0/quuFnd26NU8hJcAkUMor1scxwG9owODnSqda0Q6YQNrrcjIXLk6Lrm6Py
wjmAQvg7kIY9oOUI4nwNJ4owLMF+pFjDtYbKxLai1adZl+ddizMkHpL8pdkNWx9U+7kohBk4FxQUKaJMj1JsaEv6krw6P2P6d20eVEnMaqJPKZ/taxaauucstej+H5zPg4M3iwqVu+I6AqK3Ot7bDlTJIDHvXrGNa+TuNuu3rrvYYfUGDZQQYuarY1WO1Cvl0BDjlxKYC9Xu/MRl05ImAfIKTnHJaT/3ma7Bz7jUh21PpIsLxbmpet4qq3yj1GvDbhcBKfqjnQ==
1FjWfQuV86zKX7w+yYKVkJ3NBc9etFlmR5Nn8KRdGyrfgV5ZtFHgSxX/UNODrZ5hiE3L4Hfb1ORrP7D45MoR+JrvYdK1dEfvIyUpWmvDvuq+8rX2P81iaCaHjhXTh+1udkq9dqn9I72bQHIDYEdx0InokPY0rUZG9l6kejwLZC7FMkqx/g2xvi8x9ZwwCrVHsIcGGSu6kxSO3jjTvWmQJHXZDmh9K4x4VekwhNpZzWJ4vWxy0M2XqWHLh9bf8+YkGdHR3FW3mlm3RsBSdcD9JPV/sG/fFeSjgw==
pj3j4c0pTPPYZ15/xgeoKvaBMh7l8GNPmxCfEvTVHk+wQhxDXvGjl7YlR0cODrrT2gu6gtA6R+VEkUBhOuDk1LCOnXBaa16EUcXrD/xOt0DY3t03ifgI6b5GQsjM0glxm2RvWaM8
0ac6GUX0LjyFDX/dvJoUwXd3eqplXSNlZgvpKkNrTm62yn12aX1jvd/APwIgx7HQSWhQ9vQthka23uR6fIskLoWyirE+jXG+77G1nHCK9UfwB0YZ6zpTFE5e+NP96dAkNVlOaD2rTHiVafCEGtmNYjg9LHKQTdepoUtH1h9zJiTZUZHcFTfaWffGAFK1QD0kNf9wb5+VpKPD
x0hnxpPOevt53i+9MNTkbcyAp8ABV5qSeVUnZWgH6jmvUypOUhJRBlW1p/2bCMOyTJ8VMO0Q/GZopQLGMlZ46tBzgE4hamYBQsW1fqv5iWxc0pFnFD8qCfcyVxRKVuTDkdE0BFEBYpgB4wi4USGMNPYBKQKcxYDiDMVTKSXD20azC4LEfQn9bOn/nhkzDjwimZjZBFHHnH+DnaCjxw==
9q0V1S6HMfD62vgEbsqI74owLMF+pFjDtYbKxLai1adZl+ddizMkHpL8pdkNWx9U+7kohBk4FxQUKaJMj1JsaEv6krw6P2P6d20eVEnMaqJPKZ/taxaauucstej+H5zPg4M3iwqVu+I6AqK3Ot7bDlTJIDHvXrGNa+TuNuu3rrvYYfUGDZQQYuarY1WO1Cvl0BDjlxKYC9Xu/MRl05ImAfIKTnHJaT/3ma7Bz7jUh21PpIsLxLmpet4qq3yj1GvDbhcBKfqjnQ==
ijHFfCGNIZQM095pQuqSFXPZcpjICSn826Dl6YVpvTLVpcYrqNqKwCswbSp6cEbhCYqoBLqH2o0LZWaTtNuObZUvJniwja03e0LO+qtauBGkLp/ddXHVMnwQ1IuUp4dMF3tMaPup1FQ93+ggE38Am1f22rWvux4pq3TJxOG4Yk4t7exkE9YA3AGpaSIcLzaUriY8WM2HY4aTp6PG
ze/jX3Kcwgwf0rpLcIcNKqLR1Xq5JQsipGtQe7CSj+Cgc2ykWzhC5EvtoJxanFWxGBCLAQ1lQlMYkS23YB64FjPO5yEtXdHc8bquW3+gZ3Q+ThqxKIaYwgpCEheKXkuuhInwEf9eoe27pD5Wezde2yghBWb9lOACFuuTNX5Uu4UAUDP3Apgb9T68FMVDEpahQkp+UflpD9epbnFvCFQXzR9k2yvUubmajur7nDNUGyMe13HJiqPt
70h1BQ00DrP22SyvBE42wRs5itVqN2DPYuwcLuwW3x7FRFshHWVSc8jR/Rfwngi2w47XAV1d4bwB+h67DyD3FO4OSlE4hoii2oJC9xreu840SYDxz15RzYtkTvbLt857eOFVRu2U8CJGK8OV7tQLJXCQA9fymCsVTnykpbOSBkESiq4x6WkfN/kuoQ+Y1GctryQrS+S5ybq+qgs8g9SLg86Xoemao/0=
F92C8B/efkXJmYrl4kmPBJ/ynh8Z8mrAatDvAMknslJBJR9lUHfS2Ycj4o4aQvnmzSU/fQOYWxIkz93wpSAURhCV+sZKZoDKuENIDmm6jqHaVS3+M2kRDPQCWSdczwJpz8JvFHKm3KO5IXxEmdHK+JlzkDjJsRSUHtFhQlT16ML09Ssp3fOjZls7ygS1WZXMcW8GmauepMIxyJHEmbe0n7vtmKP/
X1uRfCmGSExCPkmGzVgRRjK9lwGjm2wUM4vIy2dSbC/30ZJ3/xVDYP26/tdUWklmhLfsaE/LL/r3yxPNYqFGJJnRUdzVtxlZN0ZAUvXAfSR1fzBvXxVkowM=
6Ku8VpLCrC3lVLXLw0c1FZwFinpShUtEvq4hDSOE/4nRUkElUpK3nMVBh6C58gJnOILtBiBPQPjTQ6t6c0OPXc7Z4sQ9ib1sqX/dGXOOfCLZGBkEkUdcf0MdYKMH
O+dvbc1+V87MsbTceYe2PSkFhbdm5hhiED4MWyvL4NAOT3mBjHjJ3trEDWZhzSvPnMIvDOgyxRhJVJAFDgpaxKwe0f0riDd1oxA=
vLXMPxsplNPUbFCjKTz4fW0BtJ40Ub3REcBvPnR/Po4LNmaj5mAl7/26JW95Reg1pHTbBTv037MLeWWCCvofVP+0F6v6J7UxdqMR
58LOzFw8vijIVRMIDiV9qD+QnaMxScTIzlp2GW+ly+B1ymZ3PIrxJlyHhIh32yf6/9srrYqRHuQhgbl8TUeR2b/22LJdkIVkLY8YT6cFbKML
RCpJjJdUdfe56Aot0IaNa+fG5+nHo+laDCvOwP9uew6FwaXKX5ywjIgtg2GsHj5tjYe0YrUAGpbp8OlHR2FMgPsq8MjZJqkmVLNm4NZKXHxlO1NSC2ujAg==
3Sh3bF3Tq/+w+B7qU9s+Xyibhr4OO7T4nAkkGWely+B1ymZ3PIrxJlyHhIh32yf6/9srrYqRHuQhgbl8TUeR2b/22LJdkIVkLY8YT6cFbKML
ppsUvoPc508R20jHSx++gigFhbdm5hhiED4MWyvL4NAOT3mBjHjJ3trEDWZhzSvPnMIvDOgyxRhJVJAFDgpaxKwe0f0riDd1oxA=
cLeFFY6CEhe83J4YExht2DRiu7JcP2ffvNdCplD6RO/7vwh0rusRdRzMQVpaQIXS8TlDazxmx3g4ho3cCZDYMd5+suCMOrkJO7w/caMU
QYL/2g5N/osQ9OKhf/YQWPrp1ndknc/ZF1wM9aOZZOUeWHDAUJnzvQR6nsH1EyQePYSaGnGEWdsvxazsQ/6gdBFi6eoMh5a8/q58UJ0vQ64Db6MO
ycN4DRO3y/+aJbEaA69s9qOXtxIoY7u0xmgumdi9zU+pQJeuzN9WXkN2rtPOQD0f5bo9H2FlwMXstBNV01RnI3P53RLymreEt3RfmxJHrQFuowk=
8DCmIMf8Mmpg7+bFOapnhXJiZXNczpCxeHUn/9mVMCoQf7Q+0GI0R1vX2MzuE0Fd/KRxQlpYtboREROTfN4XEJgu/USJCCiZfpbiWExCaSFbVA9poww=
5nvM5HBua5qrL3Y+ymzHx0v8zkVifYOuvGNfA8wLevqQpvwzi2OwKE53qelsUPnG2tw9ToGl+/fcOn+kSFo1gMnM4O2uooq8bCaBFUugB22jCA==
Zl+glEZ2a3dIxk6FTWs5hhzci6VrPVDm6GHxGVUAK3a4D+I2r9YCO1rwqWd5OqHn9dVUrUAUf71nBJN7zzmhysbKQ6yblDOzBje5OXKjFQ==
F3ywvgmCL1wv/260LcWqlEn2zEdmYoOuvGNfA8wLevqQpvwzi2OwKE53qelsUPnG2tw9ToGl+/fcOn+kSFo1gMnM4O2uooq8bCaBFUugB22jCA==
ozf7my1GQF76LchpcgCSck7U+8pGIRmHkD1VousEMAQYVSPJ3Mb+JV2/1IqFGBqe+QjJb7c5DEirkhCgab4prsTLxkimkpw0tQMzujtzowo=
bd2dohPJE3wQl7NHVWN3JLScrBQRMbvdlXQqldSw1kypQJeuzN9WXkN2rtPOQD0f5bo9H2FlwMXstBNV01RnI3P53RLymreEt3RfmxJHrQFuowk=
qSrFB6L+cAL5DgY8Xe131kv8zFluXPP9oGdTD8EQefqQpvwzi2OwKE53qelsUPnG2tw9ToGl+/fcOn+kSFo1gMnM4O2uooq8bCaBFUugB22jCA==
OPqaEwxKMCz8TG8erHGnYzYRmJhwJQbFE3P3oImS0qdIYl2GsO8QOOMju3pjo78dHnlyRI3pTSz5n+0Zg64s4mm46YQBpww/sz1woxc=
a6mvJrH2tNQxp2HjAtar9Vo9xoBOwQRiED4MWyvL4NAOT3mBjHjJ3trEDWZhzSvPnMIvDOgyxRhJVJAFDgpaxKwe0f0riDd1oxA=
PlRvxoEnuS5HlajHIy4ynXJiZXNczpC6ZXU/0IqeLjotILY+0GI0R1vX2MzuE0Fd/KRxQlpYtboREROTfN4XEJgu/USJCCiZfpbiWExCaSFbVA9poww=
r8XZ1pgDsgT86CfnozqwDCqRhrsAJbT4nA0yFWery+B1ymZ3PIrxJlyHhIh32yf6/9srrYqRHuQhgbl8TUeR2b/22LJdkIVkLY8YT6cFbKML
eSoSmZ859EHBmV2/E+EdiXJiZXNczpChdlZr3IuQKTsNbLs+0GI0R1vX2MzuE0Fd/KRxQlpYtboREROTfN4XEJgu/USJCCiZfpbiWExCaSFbVA9poww=
HTOEN7SrbzhckO3Wdo5pGnBoZ3FY0ZChdlZr3IuQKTsNbLs+0GI0R1vX2MzuE0Fd/KRxQlpYtboREROTfN4XEJgu/USJCCiZfpbiWExCaSFbVA9poww=
dF8u/Owi3PMQZ9m2gvMpH66n+k8U3/7cF0ob4r2VdfYXWHDAUJnzvQR6nsH1EyQePYSaGnGEWdsvxazsQ/6gdBFi6eoMh5a8/q58UJ0vQ64Db6MO
njldAWSxGTUA3QElxIofB0Rh+7EickLJG333oImS0qdIYl2GsO8QOOMju3pjo78dHnlyRI3pTSz5n+0Zg64s4mm46YQBpww/sz1woxc=
kCFyiLoV2+cPIahdO83L8XrJmFVmYoO4q3RBD90Yc/qQpvwzi2OwKE53qelsUPnG2tw9ToGl+/fcOn+kSFo1gMnM4O2uooq8bCaBFUugB22jCA==
I2MfuQhsX7iO8V5glLcKEh+pNjuri4xSZjKLpadDWVP00RmN7YBT5hBvOobnFkprotCBl2E6uZfd9Sx9iFS3DT/kO+s3uRlarmqb3FNUe2M+V1EJaqMN
Ubx7r9Nh5KP4JmA2bdWpbAXVloIqCAK1umH5GVUAK3a4D+I2r9YCO1rwqWd5OqHn9dVUrUAUf71nBJN7zzmhysbKQ6yblDOzBje5OXKjFQ==
nAtoaizcL7sQUNIeoDAfBx7WjIAqCAK1umH5GVUAK3a4D+I2r9YCO1rwqWd5OqHn9dVUrUAUf71nBJN7zzmhysbKQ6yblDOzBje5OXKjFQ==
hk5FAFenAeBmIionX01UOCgfg7d6/hliED4MWyvL4NAOT3mBjHjJ3trEDWZhzSvPnMIvDOgyxRhJVJAFDgpaxKwe0f0riDd1oxA=
nnp5GJMizKXLxT7tqv+kMysFhbdm5hhiED4MWyvL4NAOT3mBjHjJ3trEDWZhzSvPnMIvDOgyxRlJVJAFDgpaxKwe0f0riDd1oxA=
Ybk/CRyYn4LVMFujea+nsA+ewy7QctQXm2e4PG6j4S089FFSWkiV6tFhsyP8LnegWH4dVYkYSEk+JgIozPLJ0RuEL3mjHA==
AZSf56xVEbtuYgabzMNubykfg7V99BhiED4MWyvL4NAOT3mBjHjJ3trEDWZhzSvPnMIvDOgyxRlJVJAFDgpaxKwe0f0riDd1oxA=
hA5GYIJ9h0qg+jPXc6f6WDcSx7QSeUdfpsDwWOABk2W0Il6ZxctEBg2cmgJBnDkDH51stPMmwOyh+2lyvB/2ZE72vAit9yO2M3ejFg==
lCq6ihf9+R9r++69o1kfhjYSx7QSeUdfpsDwWOABk2W0Il6ZxctEBg2cmgJBnDkDH51stPMmwOyh+2lyvB/2ZE72vAit9yO2M3ejFg==
bvjZg4daLmIQ9ysuPV1EgjUSx7QSeUdfpsDwWOABk2W0Il6ZxctEBg2cmgJBnDkDH51stPMmwOyh+2lyvB/2ZE72vAit9yO2M3ejFg==
H3zArVrUjBmKVDEYpMdX2Csfg7d6/hliED4MWyvL4NAOT3mBjHjJ3trEDWZhzSvPnMIvDOgyxRlJVJAFDgpaxKwe0f0riDd1oxA=
k0FRaTxnU1vPD2yTyukTryoFhbdm5hhiED4MWyvL4NAOT3mBjHjJ3trEDWZhzSvPnMIvDOgyxRlJVJAFDgpaxKwe0f0riDd1oxA=
BEhIv2EEHBklPHDQVEsTXQ6ewy7QctQXm2e4PG6j4S089FFSWkiV6tFhsyP8LnegWH4dVYkYSEk+JgIozPLJ0RuEL3mjHA==
YC3M40akBetPBkOvs6d9bjQSx7QSeUdfpsDwWOABk2W0Il6ZxctEBg2cmgJBnDkDH51stPMmwOyh+2lyvB/2ZE72vAit9yO2M3ejFg==
V1HaUkSZlUNxOzs/itSf0jMSx7QSeUdfpsDwWOABk2W0Il6ZxctEBg2cmgJBnDkDH51stPMmwOyh+2lyvB/2ZE72vAit9yO2M3ejFg==
tpW4HzbID5GrOrjIkuLjxTISx7QSeUdfpsDwWOABk2W0Il6ZxctEBg2cmgJBnDkDH51stPMmwOyh+2lyvB/2ZE72vAit9yO2M3ejFg==
RNXXFydLw8pgaLF9SDrxySgfg7V99BhiED4MWyvL4NAOT3mBjHjJ3trEDWZhzSvPnMIvDOgyxRlJVJAFDgpaxKwe0f0riDd1oxA=
OGqBs6/sX1Nvap+mmcWpgp0FinpShUtEvq4hDSOE/4nRUkElUpK3nMVBh6C58gJnOILtBiBPQPjTQ6t6c0OPXc7Z4sQ9ib1sqX/cGXOOfCLZGBkEkUdcf0MdYKMH
2Ty5GsY3Fcqja2TxxpHCvFMf55a13gpSlqdzUSVlagPgMaVHOF5ABjsuv5HF3XksqZqmS0dgP8S2LqJhQIZwkrKimqdSHnO+jKkoYVfeyV1jxDZGA/eGq6CBfbbVlMjSbksbRaaUw5UIMOtHahizheacHNV7Uk4RyqrGARFpZwcRDvnfUJQv3RdEg9t+OVEq1grzjMsUQ9OWd4mZoqPF
nO68Cmoim40Le11oZFCZ65oiLP3C85A9OTiuSE0tG2VUf97JmzsGrn56BdaB7fs9R1CXYpg3eZABuIjWnB1+Rs7uDFok2+zuzcIyUZYd6T53Id08iDq9BzjXHnnDymsUdq7Qs6U5GGR96bbIVTvU+A35WGSiqcWi8G10Unh9r6lZey/2x6NuZBGhKby9p0DZb1bo8s3w9eR9r6iPt+Wco/s=
wmuMp99GcCfGQi1PPlplQjEf6a2D2F+aDWanrqs/88SrmOXR9VFdCqWdBpPYYmp4W4jtkgrIpll5Mmg8yr86tXtdZqvE425V5RfmwMA1TY8L+k5C2+JYqdSWX+UFSTUKDCjUs+SfZ3RnQ4zQixE07E1naJhjx+AjJ04ajd+D/hHbTMn8kYCCdl3VLNxjbuBkcRPpmmyX1izenvxgvb+DvuOfo/4=
eFWR1kIaJr3d4tOJRUcohIJAtL98Wnw057ShKevKr5rl1/lbRRSxjzbl5JhCFn9qjbTm4t5njQA46hblcnu/H6ZtiKm2i7FFFna8j6Uhb1juJHcI4NdgZM9zmdO9hIiqVDVoFf/q89E8JjdrnALpBYg+D20YnVP8ytuDWTZfn46Jul1K2iiJB1zqn1SISpUxyXxA/e7S6uzsdqGli7DnnaP4
KS/yINcew+SWCZcIkaN0G5PKjFYSj/dkKjTPYAaU7cd6nhPEHUkd7Mm//BmTztyiudh5BLEHvP/j3QCjZw==
j6qNYgeIMxD8mGpviXcuts0P9AfaS+ww8rtsc4mcVMixoHhokz8EYm00Y7VjFLdDgvntMqJaxyQH9M/7wgedIX6jGQ==
+GRBx3jj6c6cRdbEH1zATzdYmbocCRNhhsC8BadIz262IBjLxdxYHzrYgFdWniMXGIxstPMmwOyh+2lyvB/2ZE72vAit9yO2M3ejFg==
9soQBP2F5uM8X9diPCDThbLEdwX+735a3V3PTamHX0zwBF0JD5z+we57C00YQY7mn176iNZLU/5HjHpeKNGhmqCNpjZAPUKIS9X0EvxOt0DY3t01ifgI6b5GQsjM0glxm2RvWaM8
pec2pM8xw8RZilznqHaSTzSJna8VHPzyzgc4Wy3AjeYsjS8rN4jzYA6Hk5Ru7GPgqswpt56WD+Qhgbl8TUeQ2b/22LJdkIVkLY8YT6cFbKML
OPRol7Mgmtp2Hntcym/Tu0XqcONGZCD2vidD1J6Mc+C6LFl3zja/ZLHhSTydZ6DZzxaIcu0wFeTd78gPlyV8oxs=
eUPJyGpRRi3cujmZ2Qjf+80P9AfaS+ww8qZsc4mcVMixoHhokz8EYm00Y7VjFLdDgvntMqJaxyQH9M/7wgedIX6jGQ==
KS/yINcew+SWCZcIkaN0G5PKjFYSj/dkKjTPYAaU7cd6nhPEHUkd7Mm//BmTztyiudh5BLEHvP/j3QCjZw==
a82AOmfWiRbnMEgsRRPln0XqcONGZCDrvidD1J6Mc+C6LFl3zja/ZLHhSTydZ6DZzxaIcu0wFeTd78gPlyV8oxs=
IenEgTmEJkqPpyt9q+M2du/u1mkU0fD/Rw8Z4KKVJ+c2WDydF9CvtgZ42JP1BDgHCsCAT2aGQ88o1KzsQ/6gdBFj6eoMh5a8/q58UJ0vQ64Db6MO
v/5frSckPTUZ1L/GadHRbdJmFysAiC/JPiMmFu2/E3rLuFi2xgpFDwCQ6JSVyURxfCMGQKZW4kQRxQ/24W2l9Uh9OXYQAT66wLHaBPs5bL6c4m+saJKF+Uk0UKWOqprkrP4Rnatod1WjMA==
Okmj+TZCWQq8ZUXNSFiiNhbSBEIq86QtedGjrZHuC8mDlpq6XG9uPPD0qLzPOvME/0GczTHVAPvWsEwzaRz0CNGgmCgzv2SiTTSD9QOUFwNi+c3ywtpnZCf0rztih31hXqM5
1JuMIkmAT+t2vna+tuHQHBbSBEIq86QtedGjrZHuC8mDlpq3XG9uPPD0qLzPOvME/0GczTHVAPvWsEwzaRz0CNGgmCgzv2SiTTSD9QOUFwNi+c3ywtpnZCf0rztih31hXqM5
RQMCJ6uMlbLpLx/VrFBvKr2rs4iRH+StlfF/R/BTEhUJnOnHqTFqOSnq9vjGznLMkU2fbgHV1b2ItQkOMBkussC5yhzbQVx2XKofFIgKFXHJvMA97hJqLOy2IWWLcGddozg=
A8wuUMM1aI4h/NudMNnm2HMe0b5aCk5ohobxQ6MM2WOxJxjLxdxYHzrYgFdWniMXGIxstPMmwOyh+2lyvB/2ZE72vAit9yO2M3ejFg==
7VRUqABbvjcly3D/7M9YEvrk0GlG2Oy9TkEG67qUa/IrWDydF9CvtgZ42JP1BDgHCsCAT2aGQ88o1KzsQ/6gdBFj6eoMh5a8/q58UJ0vQ64Db6MO
0KVRYMt6NdRrB4WM708+Jk47ZTteZGN9XLzQrkpWcLzgs+lbP6THNwt3K8K3sAJiyO3ZJlAx3orAgTo0u2mMLhxyz3wo4qUJSURwVU76OnQsbnFNa1gXZaMA
jQjPrzihgJB+XZEhNMhyLo3xLh1zjp+2fVJZ2KT/YjunzUo7aEXjW+swl4CqH28E4mTnYC5EpSfiDquExTnljAEPVJn7PpSCgeihREmXJF+rDWijDw==
SHh3uPOLd+9yZ1ucIMzqP78sbYRKE96MjSTVlL/H2a4joV+um8zSYKc1Q7f4Ebqhe2MVFg0WLjIdkrnYxL/CuweNajuIBYPbC/C3gIrfz4SCpAdgTgRFp0JOi4TleYUM4c80mdv+NAIhKEFEKdfE3wtNSKMv
ZklE83BF0vHKrz6S9pqUDWW7KYBbspYa4oUpNqvZuxZpEg+Wk4iOG1AzpdkgG4IRoZNZVD0QIJudrICwLSDkkMcPEAqhlO9d10RDW745kaoWCjMMCxSDU1Z3SRliowU=
DFkNhMFl2ekzP5jOjRatCy6Xiq5BSr34gAc+C2uFjvssjS8rN4jzYA6Hk5Ru7GPgqswpt56WD+Qhgbl8TUeQ2b/22LJdkIVkLY8YT6cFbKML
7VRUqABbvjcly3D/7M9YEvrk0GlG2Oy9TkEG67qUa/IrWDydF9CvtgZ42JP1BDgHCsCAT2aGQ88o1KzsQ/6gdBFj6eoMh5a8/q58UJ0vQ64Db6MO
xz19BXa++GJYsyhko87NhLOI5uW65td8RDnKrPwicAGdzafOe9mr1c9k32quHHg/jZCoe4JEAMP+8vNTQHBMgPsq8MjZJ6kmVLNm4NZKXHxlO1NSC2ujAg==
rDsta2a4tMkz+ZQxaGa0V7Wfv7a38dxxQTzBrPwiZwvfwLnEf8y61c9k32quHHg/jZCoe4JEAMP+8vNTQHBMgPsq8MjZJ6kmVLNm4NZKXHxlO1NSC2ujAg==
4rLo5ZB4R+2abMPvXrfF9LCI5uW65td8RDnKrPwiZwvfwLnEf8y61c9k32quHHg/jZCoe4JEAMP+8vNTQHBMgPsq8MjZJ6kmVLNm4NZKXHxlO1NSC2ujAg==
NNhnviLnezgOKggr09zXNLqfv7a38dxxQTzBrPwiZwvfwLnEf8y61c9k32quHHg/jZCoe4JEAMP+8vNTQHBMgPsq8MjZJ6kmVLNm4NZKXHxlO1NSC2ujAg==
PFIHQ1oQl68JEgXFiKeM/7ufv7a38dxxQTzBrPwiZwvfwLnEf8y61c9k32quHHg/jZCoe4JEAMP+8vNTQHBMgPsq8MjZJ6kmVLNm4NZKXHxlO1NSC2ujAg==
CtWUH3eA0VyEmvbBwbo14y6Xiq5BSr3vikUzFWGBm+osjS8rN4jzYA6Hk5Ru7GPgqswpt56WD+Qhgbl8TUeQ2b/22LJdkIVkLY8YT6cFbKML
d2Yeu6W4v4Y3TYotmyHHkFdDZ4HdzP7BafNBZFXQiAtlDMhANSD84A+vaJoJ1Adtz6QLC0a5KXpeKit8I9Trw+4XgSl6ox0=
LBZwzt98FK+Thw5xeUb2ZUv99GfZaJtUgWywfT7r5zo89WcWQB6Y7stprDP8LnegWH4dVYkYSEk+JgIozPLJ0RuEL3mjHA==
kX8qhSjX+G03kmM9KbP6kZPKjFYIifd4MjXPYAWO68dmhhLEHUkd7Mm//BmTztyiudh5BLEHvP/j3QCjZw==
KNIs1jig9WtXUGPyhJCnCUXqcONGZCDrpCFDyIaNc+C5Nl930i6+ZLHhSTydZ6DZzxaIcu0wFeTd78gPlyV8oxs=
Njp7MSf8uivFeZ88Jt11+6qqiDAE3PmwUkgH4rjRc/k2WDydF9CvtgZ42InzBCQfC8CATHyAQ9Mw1azsQ/6gdBFj6eoMh5a8/q58UJ0vQ64Db6MO
NBLM4j+JMHkti1LJeuSmbwePRxRnqPM8Mof18ZHoHNKGkYvuQXRofbW4qfuCcuZA/0beyXXDDfzRsFY1aQDsCdGgmzI1v3i6TDSD9QOUFwNi+c3ywtpnZCf0rztih31hXqM5
ZUk49E+fdfcSKZ55SPRQkBbcWhBovbJ5NIr16pHoHNKGkYvuQXRofbW4qfuCcuZA/0beyXXDDfzRsFY1aQDsCdGgmzI1v3i6TDSD9QOUFwNi+c3ywtpnZCf0rztih31hXqM5
7d33uvMQyL4qu4ObXCtxZUjY98EPcGDCxXNWsYpCNl1fHH/C3sS4bVuo1IuzXADI9AzTZ6gpDEirkhCgab8prsTLxkimkpw0tQMzujtzowo=
+w+gVhY6G3WuDaymDHfDLFdDZ4HdzP7BafNBZFXQkg1lENBBNSD/+gmvdIII1Adtz6QLC0a5KXpeKit8I9Trw+4XgSl6ox0=
SiZFuD3cEMyF0QbMK49JCZPKjFYSj/dkKjTPYAWU7cd6nhPEHUkd7Mm//BmTztyiudh5BLEHvP/j3QCjZw==
5+HAxctj55y5RQ4ebYQY4UXqcONGZCDrvidD1J6Mc+C5LFl3zja/ZLHhSTydZ6DZzxaIcu0wFeTd78gPlyV8oxs=
EJqMXyACmeCdtA8YszlOq1Vxl9FjJkLfFFj37NTVm/tDYF/A4u8HJPoU/2A1tL0HCn5jRI3pTSz5n+wZg64s4mm46YQBpww/sz1woxc=
7+dM1BOfKUpD7ilTsU55AbLEdwX+735a3V3PTamHX0zwA10JD5z+we57C00YQY7mn176iNZLU/5HjHpeKNGhmqCNpjZAPkKIS9X0EvxOt0DY3t01ifgI6b5GQsjM0glxm2RvWaM8
vDSdpHo+bq1tR8V8LerkHDSJna8VHPzyzgc4Wy3AjeYsjS8rN4jzYA6Hk5Ru7GPgqcwpt56WD+Qhgbl8TUeQ2b/22LJdkIVkLY8YT6cFbKML
Hd3mhnrXBPi+YLD849gp4B2lLSPilbMddHO35qpVGFT5g1vsq4YKoVkzMYTlUBhrtcyYoCUg74Df7zh6mVS3DT/kO+s2uRlarmqb3FNUe2M+V1EJaqMN
Zo3wQdUzzHWyu8YlKfjxVtJmFysAiC/JPiMmFu2/E3rLv1i2xgpFDwCQ6JSVyURxfCMGQKZW4kQRxQ/24W2l9Uh9OXYQAT66wLLaBPs5bL6c4m+saJKF+Uk0UKWOqprkrP4Rnatod1WjMA==
y+IJh2WwOc6/RS0+r8WozxbSBEUq86QtedGjrZHuC8mDlpq3XG9uPPD0qLzPOvME/0GczTHVAPvWsEwzaRz0CNGgmygzv2SiTTSD9QOUFwNi+c3ywtpnZCf0rztih31hXqM5
OUvunYtsIEdsIYuhCwzuzb2rs4+RH+StlfF/R/BTEhUJnOnHqTFqOSnq9vjGznLMkU2fbgHV1b2ItQkOMBkussC6yhzbQVx2XKofFIgKFXHJvMA97hJqLOy2IWWLcGddozg=
UwwxQc3awxG4usnZU1Ii3XMe0b5aCk5ohobxQ6MM2WOxJxjLxdxYHzrYgFRWniMXGIxstPMmwOyh+2lyvB/2ZE72vAit9yO2M3ejFg==
upmRgsljlhdo+m+NdC7eSfrk0GlG2Oy9TkEG67qUa/IrWDydF9CvtgZ42JP1BDgHCsCATGaGQ88o1KzsQ/6gdBFj6eoMh5a8/q58UJ0vQ64Db6MO
VEq01AcP50+xLffQA3BCwHX4hhqjoTwcf5brhmk6ZTj415Zr8zUGe6T9t4tfWEsg1rf7dFb8a+Ch3BHXdqZXJJnRUdzVtxhZN0ZAUvXAfSR1fzBvXxVkowM=
WK0V0iYVv+JRW5SI4MQRhY3xLh1zjp+2fVJZ2KT/YjunzUo7aEXjW+swl4CqH28E4mTnYC1EpSfiDquExTnljAEPVJn7PpSCgeihREmXJF+rDWijDw==
3j6VV+90W0TiNRKq9xzS0r8sbYRKE96MjSTVlL/A2a4joV+um8zSYKc1Q7f4Ebqhe2MVFg0WLjIdkrnYxL/CuweNajuIBYPbC/C3gIrfz4SCpAdgTQRFp0JOi4TleYUM4c80mdv+NAIhKEFEKdfE3wtNSKMv
Fg2clBSzuehgMKnb0bkzImW7KYBbspYa4oUpNqvZuxZpEg+Wk4iOG1AzpdkgG4IRoZNZVD0QIJudrICwLSDnkMcPEAqhlO9d10RDW745kaoWCjMMCxSDU1Z3SRliowU=
+yCsSvzqFRh7pkoENAkaoS6Xiq5BSr34gAc+C2uFjvssjS8rN4jzYA6Hk5Ru7GPgqcwpt56WD+Qhgbl8TUeQ2b/22LJdkIVkLY8YT6cFbKML
upmRgsljlhdo+m+NdC7eSfrk0GlG2Oy9TkEG67qUa/IrWDydF9CvtgZ42JP1BDgHCsCATGaGQ88o1KzsQ/6gdBFj6eoMh5a8/q58UJ0vQ64Db6MO
8/P91TasWjTrsfdiNGa+bbOI5uW65td8RDnKrPwicAGdzafOe9mr1c9k32quHHg/jZCoe4JEAMD+8vNTQHBMgPsq8MjZJ6kmVLNm4NZKXHxlO1NSC2ujAg==
suKZ3/PnehS8iAdRWTonkrqQsLm38dxxQTzBrPwiZwvfwLnEf8y61c9k32quHHg/jZCoe4JEAMD+8vNTQHBMgPsq8MjZJ6kmVLNm4NZKXHxlO1NSC2ujAg==
bpWa/5WZNnlN/o00k/mwJLCI5uW65td8RDnKrPwiZwvfwLnEf8y61c9k32quHHg/jZCoe4JEAMD+8vNTQHBMgPsq8MjZJ6kmVLNm4NZKXHxlO1NSC2ujAg==
eoygtAoFSG3mpfcmLZOReLuQsLm38dxxQTzBrPwiZwvfwLnEf8y61c9k32quHHg/jZCoe4JEAMD+8vNTQHBMgPsq8MjZJ6kmVLNm4NZKXHxlO1NSC2ujAg==
V+qDFpnFuODMeKbIOpMJd7GI5uW65td8RDnKrPwiZwvfwLnEf8y61c9k32quHHg/jZCoe4JEAMD+8vNTQHBMgPsq8MjZJ6kmVLNm4NZKXHxlO1NSC2ujAg==
5Hmx6yA7EZ/LJIoRky83qrKQsLm38dxxQTzBrPwiZwvfwLnEf8y61c9k32quHHg/jZCoe4JEAMD+8vNTQHBMgPsq8MjZJ6kmVLNm4NZKXHxlO1NSC2ujAg==
dNvw1Qj0ZZFkyqawj1AXvC6Xiq5BSr3vikUzFWGBm+osjS8rN4jzYA6Hk5Ru7GPgqcwpt56WD+Qhgbl8TUeQ2b/22LJdkIVkLY8YT6cFbKML
E3KugSaXOoI6eXvWOq+uyFdDZ4HdzP7BafNBZFXQiAtlDMhANSD/4A+vaJoJ1Adtz6QLC0a5KXpeKit8I9Trw+4XgSl6ox0=
cCU4fB3qXQ3vXy0rbVPMu5PKjFYIifd4MjXPYASO68dmhhLEHUkd7Mm//BmTztyiudh5BLEHvP/j3QCjZw==
k/X/y/39ESV+7QkTbb/wjUXqcONGZCDrpCFDyIaNc+C4Nl930i6+ZLHhSTydZ6DZzxaIcu0wFeTd78gPlyV8oxs=
lsz6btQ60ah44v5BOVn3PaqqiDAE3PmwUkgH4rjRc/k2WDydF9CvtgZ42InzBCQfC8CATXyAQ9Mw1azsQ/6gdBFj6eoMh5a8/q58UJ0vQ64Db6MO
hBc4hgDfcl9zD8dGfQ40Rv/25tjcRvL536wrVqRRFEVRyqyOsC0jbnDgsbWO2zbMlg+bKhfY0rqIrw8OLAEvssC70BrbXUR3XKofFIgKFXHJvMA97hJqLOy2IWWLcGddozg=
C6ThmGFOJZIn1QX23LkAEb2l7drTUfL52KopAPBXCVpJwayOsC0jbnDgsbWO2zbMlg+bKhfY0rqIrw8OLAEvssC70BrbXUR3XKofFIgKFXHJvMA97hJqLOy2IWWLcGddozg=
Rtx710xiqgG8O2Nh1kdHZRbcWhBovbJ5NIr16pHoHNKGkYvuQXRofbW4qfuCcuZA/0beyXXDDfzRsFY1aQDsCdGgmjI1v3i6TDSD9QOUFwNi+c3ywtpnZCf0rztih31hXqM5
++1p2c2iiD7deN821GqoS3qKm7MESbeoiw84GnzEjeYsjS8rN4jzYBSBk4h27WPgqNYvt4KODuQhgbl8TUeQ2b/22LJdkIVkLY8YT6cFbKML
dOYLhDeWAcGXzhaukgOndVdDZ4HdzP7BafNBZFXQkg1lENBBNSD++gmvdIII1Adtz6QLC0a5KXpeKit8I9Trw+4XgSl6ox0=
KS/yINcew+SWCZcIkaN0G5PKjFYSj/dkKjTPYAaU7cd6nhPEHUkd7Mm//BmTztyiudh5BLEHvP/j3QCjZw==
a82AOmfWiRbnMEgsRRPln0XqcONGZCDrvidD1J6Mc+C6LFl3zja/ZLHhSTydZ6DZzxaIcu0wFeTd78gPlyV8oxs=
X7QghSX8LI3XpPRbqCNjskcdqO4JLH2Xq8tqphynA6antAp26LkRYgDVdh5AFZLQ6y1Eejxmx3g4ho3dCZDYMd5+suCMOrkJO7w/caMU
wcpEG/e84hd7y7VTnSBh7rLEdwX+735a3V3PTamHX0zwA10JD5z+we57C00YQY7mn176iNZLU/5HjHpeKNGhmqCNpjZAPUKIS9X0EvxOt0DY3t01ifgI6b5GQsjM0glxm2RvWaM8
pec2pM8xw8RZilznqHaSTzSJna8VHPzyzgc4Wy3AjeYsjS8rN4jzYA6Hk5Ru7GPgqswpt56WD+Qhgbl8TUeQ2b/22LJdkIVkLY8YT6cFbKML
nXjIBHKj34IlwgsrL5UoVQE00JIiLwyLWRixptDVm/tDYF/A4u8HJPoU/2A2tL0HCn5jRI3pTSz5n+wZg64s4mm46YQBpww/sz1woxc=
9dPJqUvLJafLR21+JOQWLDA3IzUPvdW3dmhr0pqeMjxfLtp41jtzDgfc2s6oQUFK4L1GBkANorgLBRSCfN4XEJgu/UWJCCiZfpbiWExCaSFbVA9poww=
BYzoOD+Pg58IHEB5a6TNaW0EnqYvsmIkFmdLEnfA4tJIHXmWkGH+msCRGmR72SzenMIvDOgyxRlJVJAFDgpaxKwe0f0riDd1oxA=
mUKXtg/RZCUQ4Y9yLw+0QwUoysxwJRbeFUP37NTVm/tDYF/A4u8HJPoU/2A2tL0HCn5jRI3pTSz5n+wZg64s4mm46YQBpww/sz1woxc=
zYssC0uGi8t90qpRNQx7kQUoysFwJRbeFUP37NTVm/tDYF/A4u8HJPoU/2A2tL0HCn5jRI3pTSz5n+wZg64s4mm46YQBpww/sz1woxc=
CYlovpTgOZMXEP2V1clGx/TZthURMJmYkDF/1c620HjmXc7phYNdXEEw/NPZXCQooaBoCGN/1ML9tBNV01RnI3L53RLymreEt3RfmxJHrQFuowk=
xfUJPTTYK54QnHpce1wc9DmqghmhvD9UPZr/iml2ImG1kYx+4iwMfaT9t4tfWEsg1rf7dFb8a+Ci3BHXdqZXJJnRUdzVtxhZN0ZAUvXAfSR1fzBvXxVkowM=
tEr0SwEhqRvfPeqiCEnIGn41mpR1xwh7Di06OBn+0rRAFh4fmZqHlXrhFvlNs+OW52SqBmgJcbLApVYOQAWyoCv9JMq8FmeoeLZtzQmAuAEeLhIQDIpZWXtMH2GjBA==
CJVERsQJEdeDkeT9oPJxrANb46QZaifFutF26U2jA6antAp26LkRYgDVdh5AFZLQ6y1Eejxmx3g4ho3dCZDYMd5+suCMOrkJO7w/caMU
RKuQwosTX/uYFivcCW0FO3USzKtaRQZmi8C8BadIz262IBjLxdxYHzrYgFdWniMXGIxstPMmwOyh+2lyvB/2ZE72vAit9yO2M3ejFg==
SiZFuD3cEMyF0QbMK49JCZPKjFYSj/dkKjTPYAWU7cd6nhPEHUkd7Mm//BmTztyiudh5BLEHvP/j3QCjZw==
5+HAxctj55y5RQ4ebYQY4UXqcONGZCDrvidD1J6Mc+C5LFl3zja/ZLHhSTydZ6DZzxaIcu0wFeTd78gPlyV8oxs=
kx3YS5ht1t4slvWKVjjIzEcdqO4JLH2Xq8tqphynA6antAp26LkRYgDVdh5AFpLQ6y1Eejxmx3g4ho3dCZDYMd5+suCMOrkJO7w/caMU
iELkhZT6tbRozbKMBh2dSLLEdwX+735a3V3PTamHX0zwBF0JD5z+we57C00YQY7mn176iNZLU/5HjHpeKNGhmqCNpjZAPkKIS9X0EvxOt0DY3t01ifgI6b5GQsjM0glxm2RvWaM8
vDSdpHo+bq1tR8V8LerkHDSJna8VHPzyzgc4Wy3AjeYsjS8rN4jzYA6Hk5Ru7GPgqcwpt56WD+Qhgbl8TUeQ2b/22LJdkIVkLY8YT6cFbKML
h1JLUC9ecVNlqL5AD4+mX20EnqYvsmIkFmdLEnfA4tJIHXmWkGH+msCSGmR72SzenMIvDOgyxRlJVJAFDgpaxKwe0f0riDd1oxA=
RSml5mXeC3vWyy8XAc2X7AUoysFwJRbeFUP37NTVm/tDYF/A4u8HJPoU/2A1tL0HCn5jRI3pTSz5n+wZg64s4mm46YQBpww/sz1woxc=
yqPEM1PSa6ci5CbRYPC/WPTZthURMJmYkDF/1c620HjmXc7phYNdXEEw/NPZXCQooaBrCGN/1ML9tBNV01RnI3L53RLymreEt3RfmxJHrQFuowk=
8v7E5sl7DxQfdGzVjJbk+RnS37pkUVP9umbkIBodcjHxU+k0rZBQO03ssFA9IPfw989AqlEUf71nBJN7zjmhysbKQ6yblDOzBje5OXKjFQ==
R2GZXXTbhumV98ZoDjGG+n81mpR1xwh7Di06OBn+0rRAFh4fmZqHlXrhFvlNs+OW52SqBmgJcbLApVYOQAayoCv9JMq8FmeoeLZtzQmAuAEeLhIQDIpZWXtMH2GjBA==
+wDCiBeaHywV5dRdX3Qs6381mpN1xwh7Di06OBn+0rRAFh4fmZqHlXrhFvlNs+OW52SqBmgJcbLApVYOQAayoCv9JMq8FmeoeLZtzQmAuAEeLhIQDIpZWXtMH2GjBA==
8xn9RInUCnuaRs2hVAKihAAS9KUZaifFutF26U2jA6antAp26LkRYgDVdh5AFpLQ6y1Eejxmx3g4ho3dCZDYMd5+suCMOrkJO7w/caMU
vcNevP806pYX3JcoeXBgiGkSieUITBN6gLK/FrJE3XW2ERDUwc1vUEazmghFkjsOHpJstPMmwOyh+2lyvB/2ZE72vAit9yO2M3ejFg==
3pbzJMkV3nzSUJbYmKCvCkiR6cpAMGmE0HhDtsh2f0pKEG3Z3vWwaFm5/9zONxqU/QbLYrY2DEirkhCgab8prsTLxkimkpw0tQMzujtzowo=
93RUfrDpmyr4z237KR4NTpxP2zwUhXxEpK8hWXXP8ZLDT0cCWpK3n99+9e/3oEcpKIDeSG1LRtOFCIR6eUeBX8PY7cQ9ib1sqX/cGXOOfCLZGBkEkUdcf0MdYKMH
H7vbZfkD8t8VVb3zkXk1Xb4yaINYSZnWzyrRj73UxrgloV+klMzcIe1hEbf9UOetODJJHxcbOTJb3//CgqLPvxeOXW+fEI/JEPCGiJXb3rPN2Gx6ERdJv1tIlYTleYUM4c80mdv+NAIhKEFEKdfE3wtNSKMv
fEjO1lE76vkNFoxfQVj5074yaINYSZnWzyrRj73UxrglpV+klMzcIe1hEbf9UOetODJJHxcbOTJb3//CgqLPvxeOXW+fEI/JEPCGiJXb3rPN2Gx6ERdJv1tIlYTleYUM4c80mdv+NAIhKEFEKdfE3wtNSKMv
jjR1tHRpbThaJWJXme7lhAlquOlKR6MCkq/GuaSi30JxBiay4ayqPzAoA0boZn96KsCtqX5lMNi56b8s7icapJ3WCxIWpoz4S8JQUEmvKZ6kGwY4BgIchFVTc0obY6M6
CjdMMj4Tur+d8zteKzjbEnWAsaikvccnZcKBOI9/S2fIElkfBzvJ8uu/j0ISQh//R+5tb28w34lAUBYIJXuu8/04fHoBd3l/q+glBHXZVcwx70SZ6x7kwnFI0cTZN3Sfe21Yoz8=
ATbvDlNBRtijZIng2tUwizSxmxHs6mUfO8Ptgi93IyK+yptv4zYxL7Pou5lEWHooybPqQxmAAPr9zx3Pb6BJJJnRUdzVtxhZN0ZAUvXAfSR1fzBvXxVkowM=
AWVJ/VySLVLDQ8itf/tnBsi4Mll935myOx8fwuLibz+3zn1vf1DvSfAwpoi1G34zrRiMenFXqT/7CLWExTnljAEPVJn7PpSCgeihREmXJF+rDWijDw==
YeNuLrF09pKBoO+lPToxMGY/mU3Ysczg4P2ZNA0y1p6JiEpjaPzTCqCivwaSNB3F1oGQRCF9L6Bmo5oYZWJ7vv4C7CSTlgCcgetpYpxvNtQuZjyYTUdjRhNnowY=
LQC/3HI43sqR4avnIbP7vb6l7dTWVKD5zeNlX6JGD0BW2/WArjhtIjqtpL6b3HT43xiOJgXD0ouAqg0fB1ZS2drm2RDDWFpoXKofFIgKFXHJvMA97hJqLOy2IWWLcGddozg=
HTHsD9lstgqp9nLc0VHFMjp6is813x1jUnp3fFbnjbxeBBUe2pHcgmvgDMQfpPaa9X+qN2AWdaP36iplWlqhrDPkItS8FmeoeLZtzQmAuAEeLhIQDIpZWXtMH2GjBA==
IePUy3R3Vq9S4Yrgpn+EZuRanMlpHCkHgzIwLToGeJwLdBz99GNWVmVVDRYUKyHSs++3gsryZ1/vHuXv54A3afggTsjdq/aT1Sh0eglnUZ9zuF1ErSntrFlfzBljbkxiifiJhOHnrL8TfVCjNw==
CndLpA12t+pjwjKIJeD9keRanMtpHCkHgzIwLToGeJwLdBz99GNWVmVVDRYUKyHSs++3gsryZ1/vHuXv54A3afggTsjdq/aT1Sh0eglnUZ9zuF1ErSntrFlfzBljbkxiifiJhOHnrL8TfVCjNw==
4nXc8IciutDsM2Qr+KFkf9gJkXYEwyYWtbU9FiTL8ZLDT0cCWpK3n99+9e/3oEcpKIDeSG1LRtOFCIR6eUeBX8PY7cQ9ib1sqX/cGXOOfCLZGBkEkUdcf0MdYKMH
KS/yINcew+SWCZcIkaN0G5PKjFYSj/dkKjTPYAaU7cd6nhPEHUkd7Mm//BmTztyiudh5BLEHvP/j3QCjZw==
a82AOmfWiRbnMEgsRRPln0XqcONGZCDrvidD1J6Mc+C6LFl3zja/ZLHhSTydZ6DZzxaIcu0wFeTd78gPlyV8oxs=
Y6ZQBa3GglYMyoufVmBi1kcdqe4JLH2Xq8tqphynA6antAp26LkRYgDVdh5AFZLQ6y1Eejxmx3g4ho3dCZDYMd5+suCMOrkJO7w/caMU
9soQBP2F5uM8X9diPCDThbLEdwX+735a3V3PTamHX0zwBF0JD5z+we57C00YQY7mn176iNZLU/5HjHpeKNGhmqCNpjZAPUKIS9X0EvxOt0DY3t01ifgI6b5GQsjM0glxm2RvWaM8
91Glm0GS5Jk7FcvBJV+bLbLEdwX+735a3V3PTamHX0zwAV0JD5z+we57C00YQY7mn176iNZLU/5HjHpeKNGhmqCNpjZAPUKIS9X0EvxOt0DY3t01ifgI6b5GQsjM0glxm2RvWaM8
pec2pM8xw8RZilznqHaSTzSJna8VHPzyzgc4Wy3AjeYsjS8rN4jzYA6Hk5Ru7GPgqswpt56WD+Qhgbl8TUeQ2b/22LJdkIVkLY8YT6cFbKML
BYzoOD+Pg58IHEB5a6TNaW0EnqYvsmIkFmdLEnfA4tJIHXmWkGH+msCRGmR72SzenMIvDOgyxRlJVJAFDgpaxKwe0f0riDd1oxA=
mUKXtg/RZCUQ4Y9yLw+0QwUoysxwJRbeFUP37NTVm/tDYF/A4u8HJPoU/2A2tL0HCn5jRI3pTSz5n+wZg64s4mm46YQBpww/sz1woxc=
zYssC0uGi8t90qpRNQx7kQUoysFwJRbeFUP37NTVm/tDYF/A4u8HJPoU/2A2tL0HCn5jRI3pTSz5n+wZg64s4mm46YQBpww/sz1woxc=
CYlovpTgOZMXEP2V1clGx/TZthURMJmYkDF/1c620HjmXc7phYNdXEEw/NPZXCQooaBoCGN/1ML9tBNV01RnI3L53RLymreEt3RfmxJHrQFuowk=
jO1KLO3uGjHH2SH9I1CKlBnS37pkUVP9umbkIBodcjHxU+k0rZBQO03ssFA9IPTw989AqlEUf71nBJN7zjmhysbKQ6yblDOzBje5OXKjFQ==
PhFatE2HRkly1UlCAXb1L341mpN1xwh7Di06OBn+0rRAFh4fmZqHlXrhFvlNs+OW52SqBmgJcbLApVYOQAWyoCv9JMq8FmeoeLZtzQmAuAEeLhIQDIpZWXtMH2GjBA==
GP4jSXtu1IRO7RsZPHW3Pn41mpF1xwh7Di06OBn+0rRAFh4fmZqHlXrhFvlNs+OW52SqBmgJcbLApVYOQAWyoCv9JMq8FmeoeLZtzQmAuAEeLhIQDIpZWXtMH2GjBA==
4IFVrS4RVjSaefbcISC9gAAS9KUZaifFutF26U2jA6antAp26LkRYgDVdh5AFZLQ6y1Eejxmx3g4ho3dCZDYMd5+suCMOrkJO7w/caMU
NVO//msQOGA0Kf5e7ME9Q1SmdOxHYiD2vidD1J6Mc+C6LFl3zja/ZLHhSTydZ6DZzxaIcu0wFeTd78gPlyV8oxs=
hIoHsrWOpsIPMSPAq608mBkg1ohvMgffWlSluprblPNCbBzL4u8HJPoU/2A2tL0HCn5jRI3pTSz5n+wZg64s4mm46YQBpww/sz1woxc=
zYssC0uGi8t90qpRNQx7kQUoysFwJRbeFUP37NTVm/tDYF/A4u8HJPoU/2A2tL0HCn5jRI3pTSz5n+wZg64s4mm46YQBpww/sz1woxc=
tpkJB+7PEvVOHCqpz/OPwX81mpZ1xwh7Di06OBn+0rRAFh4fmZqHlXrhFvlNs+OW52SqBmgJcbLApVYOQAWyoCv9JMq8FmeoeLZtzQmAuAEeLhIQDIpZWXtMH2GjBA==
C9Ko8gojGAiQBP4O6WVGlX81mpV1xwh7Di06OBn+0rRAFh4fmZqHlXrhFvlNs+OW52SqBmgJcbLApVYOQAWyoCv9JMq8FmeoeLZtzQmAuAEeLhIQDIpZWXtMH2GjBA==
lsxmLvjr+NrgyrlD0nob7VSmdOxHYiD2vidD1J6Mc+C5LFl3zja/ZLHhSTydZ6DZzxaIcu0wFeTd78gPlyV8oxs=
H7Dlu44iCapj0Fg/oJ8MkBkg1ohvMgffWlSluprblPNCbBzL4u8HJPoU/2A1tL0HCn5jRI3pTSz5n+wZg64s4mm46YQBpww/sz1woxc=
E4pZAvvGRSshBFdrYZIY/bKHu66n79h6Xiz8rLpoaAmAwKPFfpz80c9k32quHHg/jZCoe4JEAMD+8vNTQHBMgPsq8MjZJ6kmVLNm4NZKXHxlO1NSC2ujAg==
CAypm3l6qW7/cX9Xgu7qQEpkJH2bwH6ZnVKJ9N5L+0LcEGz0/42on8fIwPmzRhFpKjBUnN2TX/R3xlY53aNVTClwFGNR/NwY2aCTOBvfXHKVdPtF23S/c+p5RUKqer+Un7T365qnFXFWozE=
h1JLUC9ecVNlqL5AD4+mX20EnqYvsmIkFmdLEnfA4tJIHXmWkGH+msCSGmR72SzenMIvDOgyxRlJVJAFDgpaxKwe0f0riDd1oxA=
E4pZAvvGRSshBFdrYZIY/bKHu66n79h6Xiz8rLpoaAmAwKPFfpz80c9k32quHHg/jZCoe4JEAMD+8vNTQHBMgPsq8MjZJ6kmVLNm4NZKXHxlO1NSC2ujAg==
CAypm3l6qW7/cX9Xgu7qQEpkJH2bwH6ZnVKJ9N5L+0LcEGz0/42on8fIwPmzRhFpKjBUnN2TX/R3xlY53aNVTClwFGNR/NwY2aCTOBvfXHKVdPtF23S/c+p5RUKqer+Un7T365qnFXFWozE=
NVO//msQOGA0Kf5e7ME9Q1SmdOxHYiD2vidD1J6Mc+C6LFl3zja/ZLHhSTydZ6DZzxaIcu0wFeTd78gPlyV8oxs=
hIoHsrWOpsIPMSPAq608mBkg1ohvMgffWlSluprblPNCbBzL4u8HJPoU/2A2tL0HCn5jRI3pTSz5n+wZg64s4mm46YQBpww/sz1woxc=
EOYar0WXuWeyZ9934EaLx7KHu66n79h6Xiz8rLpoaAmAwKPFfpz80c9k32quHHg/jZCoe4JEAMP+8vNTQHBMgPsq8MjZJ6kmVLNm4NZKXHxlO1NSC2ujAg==
4ZMPim0RsOik9yIjTevRhEpkJH2bwH6ZnVKJ9N5L+ULcEGz0/42on8fIwPmzRhFpKjBUnN2TX/R3xlY53aNVTClwFGNR/NwY2aCQOBvfXHKVdPtF23S/c+p5RUKqer+Un7T365qnFXFWozE=
4ZMPim0RsOik9yIjTevRhEpkJH2bwH6ZnVKJ9N5L+ULcEGz0/42on8fIwPmzRhFpKjBUnN2TX/R3xlY53aNVTClwFGNR/NwY2aCQOBvfXHKVdPtF23S/c+p5RUKqer+Un7T365qnFXFWozE=
h1JLUC9ecVNlqL5AD4+mX20EnqYvsmIkFmdLEnfA4tJIHXmWkGH+msCSGmR72SzenMIvDOgyxRlJVJAFDgpaxKwe0f0riDd1oxA=
RSml5mXeC3vWyy8XAc2X7AUoysFwJRbeFUP37NTVm/tDYF/A4u8HJPoU/2A1tL0HCn5jRI3pTSz5n+wZg64s4mm46YQBpww/sz1woxc=
HnvIGSEC2YxLiZw4aup8I381mZN1xwh7Di06OBn+0rRAFh4fmZqHlXrhFvlNs+OW52SqBmgJcbLApVYOQAayoCv9JMq8FmeoeLZtzQmAuAEeLhIQDIpZWXtMH2GjBA==
7Lfu/mnIo7uOsl0QhpUeSxEv3cEhaRDODkS4vdDVm/tDYF/A4u8HJPoU/2A1tL0HCn5jRI3pTSz5n+wZg64s4mm46YQBpww/sz1woxc=
H7Dlu44iCapj0Fg/oJ8MkBkg1ohvMgffWlSluprblPNCbBzL4u8HJPoU/2A1tL0HCn5jRI3pTSz5n+wZg64s4mm46YQBpww/sz1woxc=
RSml5mXeC3vWyy8XAc2X7AUoysFwJRbeFUP37NTVm/tDYF/A4u8HJPoU/2A1tL0HCn5jRI3pTSz5n+wZg64s4mm46YQBpww/sz1woxc=
BYzoOD+Pg58IHEB5a6TNaW0EnqYvsmIkFmdLEnfA4tJIHXmWkGH+msCRGmR72SzenMIvDOgyxRlJVJAFDgpaxKwe0f0riDd1oxA=
zYssC0uGi8t90qpRNQx7kQUoysFwJRbeFUP37NTVm/tDYF/A4u8HJPoU/2A2tL0HCn5jRI3pTSz5n+wZg64s4mm46YQBpww/sz1woxc=
UeuBci/9O3HkJFZORgg0MhEv3cEhaRDODkS4vdDVm/tDYF/A4u8HJPoU/2A2tL0HCn5jRI3pTSz5n+wZg64s4mm46YQBpww/sz1woxc=
hIoHsrWOpsIPMSPAq608mBkg1ohvMgffWlSluprblPNCbBzL4u8HJPoU/2A2tL0HCn5jRI3pTSz5n+wZg64s4mm46YQBpww/sz1woxc=
EOYar0WXuWeyZ9934EaLx7KHu66n79h6Xiz8rLpoaAmAwKPFfpz80c9k32quHHg/jZCoe4JEAMP+8vNTQHBMgPsq8MjZJ6kmVLNm4NZKXHxlO1NSC2ujAg==
7Lfu/mnIo7uOsl0QhpUeSxEv3cEhaRDODkS4vdDVm/tDYF/A4u8HJPoU/2A1tL0HCn5jRI3pTSz5n+wZg64s4mm46YQBpww/sz1woxc=
H7Dlu44iCapj0Fg/oJ8MkBkg1ohvMgffWlSluprblPNCbBzL4u8HJPoU/2A1tL0HCn5jRI3pTSz5n+wZg64s4mm46YQBpww/sz1woxc=
E4pZAvvGRSshBFdrYZIY/bKHu66n79h6Xiz8rLpoaAmAwKPFfpz80c9k32quHHg/jZCoe4JEAMD+8vNTQHBMgPsq8MjZJ6kmVLNm4NZKXHxlO1NSC2ujAg==
MN3l3HH4qIPffm27/evthUpkJH2bwH6ZnVKJ9N5L/0LcEGz0/42on8fIwPmzRhFpKjBUnN2TX/R3xlY53aNVTClwFGNR/NwY2aCTOBvfXHKVdPtF23S/c+p5RUKqer+Un7T365qnFXFWozE=
h1JLUC9ecVNlqL5AD4+mX20EnqYvsmIkFmdLEnfA4tJIHXmWkGH+msCSGmR72SzenMIvDOgyxRlJVJAFDgpaxKwe0f0riDd1oxA=
wto3pRTVezKUVwCLxMz4vLKHuq6n79h6Xiz8rLpoaAmAwKPFfpz80c9k32quHHg/jZCoe4JEAMD+8vNTQHBMgPsq8MjZJ6kmVLNm4NZKXHxlO1NSC2ujAg==
EOqnKDw9EkaDelIArEvLOEpkJH2bwH6ZnVKJ9N5L+ELbEGz0/42on8fIwPmzRhFpKjBUnN2TX/R3xlY53aNVTClwFGNR/NwY2aCTOBvfXHKVdPtF23S/c+p5RUKqer+Un7T365qnFXFWozE=
EOqnKDw9EkaDelIArEvLOEpkJH2bwH6ZnVKJ9N5L+ELbEGz0/42on8fIwPmzRhFpKjBUnN2TX/R3xlY53aNVTClwFGNR/NwY2aCTOBvfXHKVdPtF23S/c+p5RUKqer+Un7T365qnFXFWozE=
HDYhKSAVVXNu72vZPiRCDzcZ9RpZyf/W+riNoQ698Oc6UemxnyYam94mtZTm/swQW/qwGPk3qTZ0YyYwdtrc7MXrE4Ire6MS
aZVJ4BAL5UzTEgyKwD08APPm13ZZz/rkF0ob9q2YYfkwGz+XAty9rQZJ0NviFTkdN7KaB2aCRdguyqzsQ/6gdBFj6eoMh5a8/q58UJ0vQ64Db6MO
3oWL9VJQdOzjahnJh8pUZGC0dNtL79cd94kJZa+atQRuFlvb09HDXV8qptsqDIcErYFCVAwYaIyMrZqNXzqskMMJBwy/lO9d10RDW745kaoWCjMMCxSDU1Z3SRliowU=
z7yNI2SICZTSDM36mceMwuZjfHAtwAPckN7Hw6AuX0q4ps2zScZc3gJChtXjNilBXdjY5+6uwNS/nFtsRv8V1ZwabhZFk3J7AE1+T/HzM9Da4eroHQY62Nxav0TIOvVhyaygDS7CylxsBsG1ywBHTaMo
z7yNI2SICZTSDM36mceMwuZjfHAtwAPckN7Hw6AuX0q4ps2zScZc3gJChtXjNilBXdjY5+6uwNS/nFtsRv8V1ZwabhZFk3J7AE1+T/HzM9Da4eroHQY62Nxav0TIOvVhyaygDS7CylxsBsG1ywBHTaMo
h1JLUC9ecVNlqL5AD4+mX20EnqYvsmIkFmdLEnfA4tJIHXmWkGH+msCSGmR72SzenMIvDOgyxRlJVJAFDgpaxKwe0f0riDd1oxA=
wto3pRTVezKUVwCLxMz4vLKHuq6n79h6Xiz8rLpoaAmAwKPFfpz80c9k32quHHg/jZCoe4JEAMD+8vNTQHBMgPsq8MjZJ6kmVLNm4NZKXHxlO1NSC2ujAg==
h1JLUC9ecVNlqL5AD4+mX20EnqYvsmIkFmdLEnfA4tJIHXmWkGH+msCSGmR72SzenMIvDOgyxRlJVJAFDgpaxKwe0f0riDd1oxA=
RSml5mXeC3vWyy8XAc2X7AUoysFwJRbeFUP37NTVm/tDYF/A4u8HJPoU/2A1tL0HCn5jRI3pTSz5n+wZg64s4mm46YQBpww/sz1woxc=
7Lfu/mnIo7uOsl0QhpUeSxEv3cEhaRDODkS4vdDVm/tDYF/A4u8HJPoU/2A1tL0HCn5jRI3pTSz5n+wZg64s4mm46YQBpww/sz1woxc=
H7Dlu44iCapj0Fg/oJ8MkBkg1ohvMgffWlSluprblPNCbBzL4u8HJPoU/2A1tL0HCn5jRI3pTSz5n+wZg64s4mm46YQBpww/sz1woxc=
RSml5mXeC3vWyy8XAc2X7AUoysFwJRbeFUP37NTVm/tDYF/A4u8HJPoU/2A1tL0HCn5jRI3pTSz5n+wZg64s4mm46YQBpww/sz1woxc=
7TTyCNvShSrWKCq+sj/6Tn81npN1xwh7Di06OBn+0rRAFh4fmZqHlXrhFvlNs+OW52SqBmgJcbLApVYOQAayoCv9JMq8FmeoeLZtzQmAuAEeLhIQDIpZWXtMH2GjBA==
7Lfu/mnIo7uOsl0QhpUeSxEv3cEhaRDODkS4vdDVm/tDYF/A4u8HJPoU/2A1tL0HCn5jRI3pTSz5n+wZg64s4mm46YQBpww/sz1woxc=
H7Dlu44iCapj0Fg/oJ8MkBkg1ohvMgffWlSluprblPNCbBzL4u8HJPoU/2A1tL0HCn5jRI3pTSz5n+wZg64s4mm46YQBpww/sz1woxc=
RSml5mXeC3vWyy8XAc2X7AUoysFwJRbeFUP37NTVm/tDYF/A4u8HJPoU/2A1tL0HCn5jRI3pTSz5n+wZg64s4mm46YQBpww/sz1woxc=
BYzoOD+Pg58IHEB5a6TNaW0EnqYvsmIkFmdLEnfA4tJIHXmWkGH+msCRGmR72SzenMIvDOgyxRlJVJAFDgpaxKwe0f0riDd1oxA=
zYssC0uGi8t90qpRNQx7kQUoysFwJRbeFUP37NTVm/tDYF/A4u8HJPoU/2A2tL0HCn5jRI3pTSz5n+wZg64s4mm46YQBpww/sz1woxc=
lDo75Vn1Kqv+o3+OCykuNH81mZN1xwh7Di06OBn+0rRAFh4fmZqHlXrhFvlNs+OW52SqBmgJcbLApVYOQAWyoCv9JMq8FmeoeLZtzQmAuAEeLhIQDIpZWXtMH2GjBA==
7Lfu/mnIo7uOsl0QhpUeSxEv3cEhaRDODkS4vdDVm/tDYF/A4u8HJPoU/2A1tL0HCn5jRI3pTSz5n+wZg64s4mm46YQBpww/sz1woxc=
H7Dlu44iCapj0Fg/oJ8MkBkg1ohvMgffWlSluprblPNCbBzL4u8HJPoU/2A1tL0HCn5jRI3pTSz5n+wZg64s4mm46YQBpww/sz1woxc=
RSml5mXeC3vWyy8XAc2X7AUoysFwJRbeFUP37NTVm/tDYF/A4u8HJPoU/2A1tL0HCn5jRI3pTSz5n+wZg64s4mm46YQBpww/sz1woxc=
HDYhKSAVVXNu72vZPiRCDzcZ9RpZyf/W+riNoQ698Oc6UemxnyYam94mtZTm/swQW/qwGPk3qTZ0YyYwdtrc7MXrE4Ire6MS
aZVJ4BAL5UzTEgyKwD08APPm13ZZz/rkF0ob9q2YYfkwGz+XAty9rQZJ0NviFTkdN7KaB2aCRdguyqzsQ/6gdBFj6eoMh5a8/q58UJ0vQ64Db6MO
YTkd9eReZ/7TxFFe581Ezu/uyz9G2OvlWF1JoOOWbvExF3ycAty9rQZJ0NviFTkdN7KaB2aCRdguyqzsQ/6gdBFj6eoMh5a8/q58UJ0vQ64Db6MO
Akd8mUaXINxK9lUL/YTsY3Weta+8pZRiKoKYYsx7VWufRRUXTjWH6eillU5IHR3iVO9QLH0w34lAUBYIcmiuxah5ZXoWZHFhpeglBHXZVcwx70SZ6x7kwnFI0cTZN3Sfe21Yoz8=
ToS8a7xZ5pWlXTdCmYI/p1nd7cVBNmmZ0HhDtsh2f0pKEG3Z3vWwaFm5/9zONxqU/QbLYrY2DEirkhCgab8prsTLxkimkpw0tQMzujtzowo=
R9NWuP6SyvayOWk0iCMCVHo3hQTHpt3hr+rLYkM82ZaIhAloaPzTCqCivwaSNB3F1oGQRCF9L6Bmo5oYZWJ7vv4C7CSTlgCcgetpYpxvNtQuZjyYTUdjRhNnowY=
YeNuLrF09pKBoO+lPToxMGY/mU3Ysczg4P2ZNA0y1p6JiEpjaPzTCqCivwaSNB3F1oGQRCF9L6Bmo5oYZWJ7vv4C7CSTlgCcgetpYpxvNtQuZjyYTUdjRhNnowY=
AeTywgGTVRhRMhn+c1ADruVanM9pHCkHgzIwLToGeJwLdBz99GNWVmVVDRYUKyHSs++3gsryZ1/vHuXv54A3afggTsjdq/aT1Sh0eglnUZ9zuF1ErSntrFlfzBljbkxiifiJhOHnrL8TfVCjNw==
1Br7bOE6YAfIBlnsSNj29vvp3D8XlO31Q1oG8eeWbvExF3ycAty9rQZJ0NviFTkdN7KaB2aCRdguyqzsQ/6gdBFj6eoMh5a8/q58UJ0vQ64Db6MO
aZVJ4BAL5UzTEgyKwD08APPm13ZZz/rkF0ob9q2YYfkwGz+XAty9rQZJ0NviFTkdN7KaB2aCRdguyqzsQ/6gdBFj6eoMh5a8/q58UJ0vQ64Db6MO
YTkd9eReZ/7TxFFe581Ezu/uyz9G2OvlWF1JoOOWbvExF3ycAty9rQZJ0NviFTkdN7KaB2aCRdguyqzsQ/6gdBFj6eoMh5a8/q58UJ0vQ64Db6MO
7Lfu/mnIo7uOsl0QhpUeSxEv3cEhaRDODkS4vdDVm/tDYF/A4u8HJPoU/2A1tL0HCn5jRI3pTSz5n+wZg64s4mm46YQBpww/sz1woxc=
H7Dlu44iCapj0Fg/oJ8MkBkg1ohvMgffWlSluprblPNCbBzL4u8HJPoU/2A1tL0HCn5jRI3pTSz5n+wZg64s4mm46YQBpww/sz1woxc=
RSml5mXeC3vWyy8XAc2X7AUoysFwJRbeFUP37NTVm/tDYF/A4u8HJPoU/2A1tL0HCn5jRI3pTSz5n+wZg64s4mm46YQBpww/sz1woxc=
HEfy7CtCOZdecq5F+2K9w1qx+kifPJNZyHKlMnTwpCs591BZNwyE/dZyuDP8LnegWH4dVYkYSEk+JgIozPLJ0RuEL3mjHA==
4tRKymacyK/acQ3t25u8GFqx+kifPJNZyHanPHTwpCs591BZNwyE/dZyuDP8LnegWH4dVYkYSEk+JgIozPLJ0RuEL3mjHA==
cfoLRDd/ripdZAQUjqDbrrXuoB8+2+z5QQZgmKwW1wbBZuK5k8ilibUbCSbQOmj3bGwYhbeCdAUVyhauPYHFF3FUpzX53coyU0LQsk9zBmy4gZ3TQz4ODgM2KJU8sn8JPT0lFgQs1L/8i1cIT6fs/HMlZDCFI6hUO5MQn0/quuFnd26NU8hJcAkUMor1scxwG9owODnXqda0Q6YQNrrcjIXLk6Lrm6Py
G6q1NlIkbtmAyzXRr8hgHJdW/wLJQ/Agt/t9Y47JX////zl11i4dZHk0Y7VjFLdDgvntMqJaxyQH9M/7wgedIX6jGQ==
oNujpv54PvPb3mFJBDSWOxkJ4Iyu0Q1R1bo2RgQsaw7mO6VHOF5ABjsuv5HF3XksqZqmS0dgP8S2LqJhQIZwkrKimqdSHnO+jKkoYVfeyV1jxDZGA/eGq6CBfbbVlMjSbksbRaaUw5UIMOtHahizheacHNV7Uk4RyqrGARFpZwcRDvnfUJQv3RdEg9t+OVEq1grzjMsUQ9OWd4mZoqPF
omDXypqE38wkID9EXTmBRBxhpJUnE6jvXt87ajVlP4YeKiey9ikh7+/oJFluRv0NpHTbBTv037MKeWWCCvofVP+0F6v6J7UxdqMR
GkoyZ438WsrsISHFG1nL1TfV4vL36NM2V8nVOpp5U2epHx8aHX/Ntemwg0BOVRSlRuRRb28l1JRBTSVcOzqu3ahyWBdPYmB6teI6BHXZVcwx70SZ6x7kwnFI0cTZN3Sfe21Yoz8=
3ubOUYMDeT47ajCbZEhklvaEJ1eNrSoBhh6IHc/VDwesVF1eWt65kPkuSkoYFZvhkQm2gJ9cU/lIlmdcdNDki7mXkHk3LESdVtL4E/xOt0DY3t01ifgI6b5GQsjM0glxm2RvWaM8
W69SF/e1QqTxJtfujt/U5Bd+YCxRRiViWuLBrAkSMvb4qeNdYbXOPF9gK8W4qh9glOycN0kr6MW3kDwhpm6ALxxyz3wo4qUJSURwVU76OnQsbnFNa1gXZaMA
PP1aMQV0WO2Yyakl9Z1mHyppy9cvmVEZQ08tZlrmybgZBhoS2M3LiTHhBvgfpOOR6H63BDQINKPZv2BBNxS0tTb6KMu8FmeoeLZtzQmAuAEeLhIQDIpZWXtMH2GjBA==
B1rvJ0KjKzbVYNyE1DwMKANa5PIeq3ADdE8tZlrmybgZBhoS2M3LiTHhBvgfpOOR6H63BDQINKPZv2BBNxS0tTb6KMu8FmeoeLZtzQmAuAEeLhIQDIpZWXtMH2GjBA==
gyOft0BDbM5Ix9x6dnr0sXM1mRjFp93noeDaZE02kZyGhEg/f/eJC6qevwaHPwDEy7LEWmB9AfUsh/dWcHt+oPQd7CSTlgCcgeRpYpxvNtQuZjyYTUdjRhNnowY=
t/Bd0eSmDN/dp2sMtFx0PKLR23K9ew4luTwEdP/rrsiaW1+LaBFC5Ues75sfj0ymBRGLCAIsQlcUr2LcYBO1eC7J/lI+Tdfa7Pn2SCGzLGAydheoNqqNzT9MCRWKXkuuhInwEf9eoe27pD5Wezde2yghBWb9lOACFuuTNX5Uu4UAUDP3Apgb9T68FMVDEpahQkp+UflpD9epbnFvCFQXzR9k2yvZubmajur7nDNUGyMe13HJiqPt
ARHrMzEklv75nzUn4okUdBxhpJQnE6jvXt87ajVlP4YeKiey9ikh7+/oJFluRv0NpHTbBTv037MFeWWCCvofVP+0F6v6J7UxdqMR
QfKv6FRJt+W4yriRsjWAJ+xEncJnCGxFyGxsbnM6KpoaaS6zrTIeVmJINFkJcmaLpvK9jYfya3y6A9K8iNIrb+w9foH86qm1kHJePxVlGJhxuF1ErSntrFlfzx9jbkxiifiJhOHnrL8TfVCjNw==
uwpjUbAV0QjjsJI+eJM0PXwS0hp1dOectEMWv/ZG1hJlATAVrCRTEv9f5vkhoWwWJjCzsAjTQqhGg04uKQlNrQrWZoKlUKSFXuqp0dzzqFcpZzUUOu1L/vmISHHJEwp5n+o9TZFYdphHEIiRLIXfB2guRAEqk8n9u4r6QdZj4d1WbuwnBQlf4G6cRyBAf7B8D+tJu13seNJUTZh9H4IjSfw+58M8Ktm9CIY/Rbg1A+SKQ9OxVrfvdolCLaK6wNmfHPLP/ChipYpLxHnSTno69Czucc1r2Bflo4A=
1lW+umhdTjhHCPsKrjD0Rbn15xYEho2CcQEmjppvfdprJZWbhfY7ijv4H3FKCc2Qv8djrwmZB0+RqhIFB1L06iSV5ow6aI0ugGd+zEXrpN28RTmRCR4y80/8+Y5Ea9EdPouv/CFn+WaSuif2pOsUa4tVuBg4y+LNjT97zDabji0Vbya4ME2t9/uCzjormrjRJO6fnfUx1XL8UNTLFOeHDJc7TKh7adSUvR/o4JO/AFvXNtr1L/seaSs0yYRh+GIOra3spJMWAByBaGvileg2VC7mPBhNx2PGE+ejhg==
GUYxh7PFQtiA/CPfzFsz/601QUBfLc0twfWRDLgggrvD8kdp2GNlmcCv7hRWZG6MfIjM6T6LYm8CoL+my49B0w19Y4wVOb0S9u57O14oRibMse6Pk7ZwzX15CcruTZa08hdzt/pt1eAL12E6frgQMbwQh95mhm5vnhsrmP4yxr82/hdG8FmkqVMeTZVv9Ir+J9ciM3yRsT4RlAxaolvH3QK05y20AOeP7ti3TWpsYC0fsioJljqKCVXpow/dniXHtPTLpes0D5N5e9Vr3TpPNO8050vKZ8UR5qOB
oWpHOqEWdrPpHUOAkrhhza01QUBfLc0twfWRDLgggrvD8kdp2GNln8Cv7hRQZG6MfIjM6T6LYm8CoL+m55hB2hFzdIwVOb0S9u57O14oRibMse6Pk7ZwzX15CcruTZa08hdzt/pt1eAL12E6frgQMbwQh95mhm5vnhsrmP4yxr82/hdG8FmkqVMeTZVv9Ir+J9ciM3yRsT4RlAxaolvH3QK05y20AOeP7ti3TWpsYC0fsioJljqKCVXpow/dniXHtPTLpes0D5N5e9Vr3TpPNO8050vKZ8UR5qOB
YwUN/SdMnVkt6KbcfVvJqWFe0Pfd2rndWb5VPhfKLaodcnVOGIwx7d5lL88G6eA37H8NOy+MLjDjeVA476cQQhe18UYXoMNhm/7Qjl3XeDBQCrqBGIOFrnbBe3kPxuhVgLgEJwWb7HXzDC23R9ZY4MYdyiBxkjBeqCPY223UOOqQ88BOYeomAQJF9X7reclsHFJRZ9S/6gk3spcUitYkw1FR9ASRgSKYQWNIuBGhzDS2gWkC3EXA4kxFEynlQxtGc4tCxL2JPWwpf18b84f7IlkYmQQRR9x/wx3go4c=
tAfDaYpnl5ppSHhGl1KQna01QUBfLc0twfWRDLgggrvD8kdp2GNln8Cv7hRQZG6MfIjM6T6LYm8CoL+my49BzRB8aYwVOb0S9u57O14oRibMse6Pk7ZwzX15CcruTZa08hdzt/pt1eAL12E6frgQMbwQh95mhm5vnhsrmP4yxr82/hdG8FmkqVMeTZVv9Ir+J9ciM3yRsT4RlAxaolvH3QK05y20AOeP7ti3TWpsYC0fsioJljqKCVXpow/dniXHtPTLpes0D5N5e9Vr3TpPNO8050vKZ8UR5qOB
A3iE+e2nPS6oJM18MZefdGFe0Pfd2rndWb5VPhfKLaodcnVOGIwx695lL88A6eA37H8NOy+MLjDjeVA4/qESVxOh8UYXoMNhm/7Qjl3XeDBQCrqBGIOFrnbBe3kPxuhVgLgEJwWb7HXzDC23R9ZY4MYdyiBxkjBeqCPY223UOOqQ88BOYeomAQJF9X7reclsHFJRZ9S/6gk3spcUitYkw1FR9ASRgSKYQWNIuBGhzDS2gWkC3EXA4kxFEynlQxtGc4tCxL2JPWwpf18b84f7IlkYmQQRR9x/wx3go4c=
cGqDeUi3z94ixegMgJfHKXwS0hp1dOectEMWv/ZG1hJlATAVrCRTFO4Hvuk3qjhJITOmmU6wBepR21luLTtKux/LZoKlUKSFXuqp0dzzqFcpZzUUOu1L/vmISHHJEwp5n+o9TZFYdphHEIiRLIXfB2guRAEqk8n9u4r6QdZj4d1WbuwnBQlf4G6cRyBAf7B8D+tJu13seNJUTZh9H4IjSfw+58M8Ktm9CIY/Rbg1A+SKQ9OxVrfvdolCLaK6wNmfHPLP/ChipYpLxHnSTno69Czucc1r2Bflo4A=
ta4TrLCPS+6YKRFG8e2DQ3wS0hp1dOectEMWv/ZG1hJlATAVrCRTFO4Hvuk3qjhJITOmmU6wBepR21luJChAph/JZoKlUKSFXuqp0dzzqFcpZzUUOu1L/vmISHHJEwp5n+o9TZFYdphHEIiRLIXfB2guRAEqk8n9u4r6QdZj4d1WbuwnBQlf4G6cRyBAf7B8D+tJu13seNJUTZh9H4IjSfw+58M8Ktm9CIY/Rbg1A+SKQ9OxVrfvdolCLaK6wNmfHPLP/ChipYpLxHnSTno69Czucc1r2Bflo4A=
USdk5CpZMJziIWfy0r+pO1adyaPw9d10fuWd2msENer4DMS/akQjmL8iv9Zldd8HpqJ6/wIKhVDWV4ODGnOZpf3JjkrIP5hX4jzd4kgjPjB9n5QxlCEZjREKIv9H+PmyPF8hMVavT6B5sykq2n7nihwfpAcjsRiEoF9yQQW7+3DOL/6B/ctGZOgZ/Tszxo7GE+6IPQyKv4HtJcV+9FTU92zTdyD/H6z0I70E2PXbKJwrS7A3f9J6abdvjuWjsEk4mUwSokUJjHhLQlDQSSwrHq2cBrgGghwEVdNzyhvjo7o=
q07DUMK25VTeD+w8UJm8QoUS8c5aeMP0fABLmmTXXY7IwLyyv0M7v9UJQXPuSiBUxz1ny5XQeTHaELOYvcBm4eCIRQKGDKnSoKgwP2nuRUX8MKOcoGYN4e05wbYwLhWkN2x0j/Yr4SuF38DVcbYIKsBTUM7RClbB0iXFfptZGSys8iHnRN86yUeShxSa9lQDgTFkhOEhktiRQzi4IcEc9MZh2YJM5ZAifCUDKfWjKwajK9JEDenNLHmfbxgDp6vi6bhphIGnjD8zPfCjlw==
gKyLc0ttrZLIk42LJN5rSquxTf7eAPpeqlPJVILLwrG6wFUqi85jpFPJZHmolO9ak1qWuHWRysZI6n7PjQPq6KoZ+thGGyK1v+5g/NmPwj4kDwDshUaDlEZH8Fzo9C65x8n9sN/e9eW1ltgRFtNBLdbeDFfF2T/wboyncACP0MyPm+kLHTxYwlRduK1fMoM5fI6HM3x6Oa0Ill+VeEXjVAqzcwGW589miVIN8npweW+cQi+M6LLFmkjUmYIOilpErJ7RfSsIN/WjkA==
/2JwtdIQEf3vYuapQ7BD2quxTf7eAPpeqlPJVILLwrG6wFUqi85jpFPJZHmolO9ak1qWuHWRysZI6n7PjQPq6KoZ+thGGyK1v+5g/NmPwj4kDwDshUaDlEZH8Fzo9C65x8n9sN/e9eW1ltgRFtNBLdbeDFfF2T/wboyncACP0MyPm+kLHTxYwlRduK1fMoM5fI6HM3x6Oa0Ill+VeEXjVAqzcwGW589miVIN8npweW+cQi+M6LLFmEjUmYIOilpErJ7RfSsIN/WjkA==
/2JwtdIQEf3vYuapQ7BD2quxTf7eAPpeqlPJVILLwrG6wFUqi85jpFPJZHmolO9ak1qWuHWRysZI6n7PjQPq6KoZ+thGGyK1v+5g/NmPwj4kDwDshUaDlEZH8Fzo9C65x8n9sN/e9eW1ltgRFtNBLdbeDFfF2T/wboyncACP0MyPm+kLHTxYwlRduK1fMoM5fI6HM3x6Oa0Ill+VeEXjVAqzcwGW589miVIN8npweW+cQi+M6LLFmEjUmYIOilpErJ7RfSsIN/WjkA==
/2JwtdIQEf3vYuapQ7BD2quxTf7eAPpeqlPJVILLwrG6wFUqi85jpFPJZHmolO9ak1qWuHWRysZI6n7PjQPq6KoZ+thGGyK1v+5g/NmPwj4kDwDshUaDlEZH8Fzo9C65x8n9sN/e9eW1ltgRFtNBLdbeDFfF2T/wboyncACP0MyPm+kLHTxYwlRduK1fMoM5fI6HM3x6Oa0Ill+VeEXjVAqzcwGW589miVIN8npweW+cQi+M6LLFmEjUmYIOilpErJ7RfSsIN/WjkA==
/2JwtdIQEf3vYuapQ7BD2quxTf7eAPpeqlPJVILLwrG6wFUqi85jpFPJZHmolO9ak1qWuHWRysZI6n7PjQPq6KoZ+thGGyK1v+5g/NmPwj4kDwDshUaDlEZH8Fzo9C65x8n9sN/e9eW1ltgRFtNBLdbeDFfF2T/wboyncACP0MyPm+kLHTxYwlRduK1fMoM5fI6HM3x6Oa0Ill+VeEXjVAqzcwGW589miVIN8npweW+cQi+M6LLFmEjUmYIOilpErJ7RfSsIN/WjkA==
OxiqEknYTU/h6CkvZomwC4US8c5aeMP0fABLmmTXXY7IwLyyv0M7v9UJQXPuSiBUxz1ny5XQeTHaELOYvcBm4eCIRQKGDKnSoKgwP2nuRUX8MKOcoGYN4e05wbYwLhWkN2x0j/Yr4SuF38DVcbYIKsBTUM7RClbB0iXFfptZGSys8iHnRN86yUeShxSa9lQDgTFkhOEhktiRQzi4IcEc9MZh2YJM5ZAifCUDKfWjKwajK9JEDenNLHmfbR4Dp6vi6bhphIGnjD8zPfCjlw==
ZALeO5btWRR4z7cluz8hE6uxTf7eAPpeqlPJVILLwrG6wFUqi85jpFPJZHmolO9ak1qWuHWRysZI6n7PjQPq6KoZ+thGGyK1v+5g/NmPwj4kDwDshUaDlEZH8Fzo9C65x8n9sN/e9eW1ltgRFtNBLdbeDFfF2T/wboyncACP0MyPm+kLHTxYwlRduK1fMoM5fI6HM3x6Oa0Ill+VeEXjVAqzcwGW589miVIN8npweW+cQi+M6LLFmE7UmYIOilpErJ7RfSsIN/WjkA==
ZALeO5btWRR4z7cluz8hE6uxTf7eAPpeqlPJVILLwrG6wFUqi85jpFPJZHmolO9ak1qWuHWRysZI6n7PjQPq6KoZ+thGGyK1v+5g/NmPwj4kDwDshUaDlEZH8Fzo9C65x8n9sN/e9eW1ltgRFtNBLdbeDFfF2T/wboyncACP0MyPm+kLHTxYwlRduK1fMoM5fI6HM3x6Oa0Ill+VeEXjVAqzcwGW589miVIN8npweW+cQi+M6LLFmE7UmYIOilpErJ7RfSsIN/WjkA==
ZALeO5btWRR4z7cluz8hE6uxTf7eAPpeqlPJVILLwrG6wFUqi85jpFPJZHmolO9ak1qWuHWRysZI6n7PjQPq6KoZ+thGGyK1v+5g/NmPwj4kDwDshUaDlEZH8Fzo9C65x8n9sN/e9eW1ltgRFtNBLdbeDFfF2T/wboyncACP0MyPm+kLHTxYwlRduK1fMoM5fI6HM3x6Oa0Ill+VeEXjVAqzcwGW589miVIN8npweW+cQi+M6LLFmE7UmYIOilpErJ7RfSsIN/WjkA==
ZALeO5btWRR4z7cluz8hE6uxTf7eAPpeqlPJVILLwrG6wFUqi85jpFPJZHmolO9ak1qWuHWRysZI6n7PjQPq6KoZ+thGGyK1v+5g/NmPwj4kDwDshUaDlEZH8Fzo9C65x8n9sN/e9eW1ltgRFtNBLdbeDFfF2T/wboyncACP0MyPm+kLHTxYwlRduK1fMoM5fI6HM3x6Oa0Ill+VeEXjVAqzcwGW589miVIN8npweW+cQi+M6LLFmE7UmYIOilpErJ7RfSsIN/WjkA==
ZALeO5btWRR4z7cluz8hE6uxTf7eAPpeqlPJVILLwrG6wFUqi85jpFPJZHmolO9ak1qWuHWRysZI6n7PjQPq6KoZ+thGGyK1v+5g/NmPwj4kDwDshUaDlEZH8Fzo9C65x8n9sN/e9eW1ltgRFtNBLdbeDFfF2T/wboyncACP0MyPm+kLHTxYwlRduK1fMoM5fI6HM3x6Oa0Ill+VeEXjVAqzcwGW589miVIN8npweW+cQi+M6LLFmE7UmYIOilpErJ7RfSsIN/WjkA==
f6ug5YWNFCD2zWjgXOdsP4US8c5aeMP0fABLmmTXXY7IwLyyv0M7v9UJQXPuSiBUxz1ny5XQeTHaELOYvcBm4eCIRQKGDKnSoKgwP2nuRUX8MKOcoGYN4e05wbYwLhWkN2x0j/Yr4SuF38DVcbYIKsBTUM7RClbB0iXFfptZGSys8iHnRN86yUeShxSa9lQDgTFkhOEhktiRQzi4IcEc9MZh2YJM5ZAifCUDKfWjKwajK9JEDenNLHmfahgDpqvi6bhphIGnjD8zPfCjlw==
V4lSwkgDXOoImokwR+zDA6uxTf7eAPpeqlPJVILLwrG6wFUqi85jpFPJZHmolO9ak1qWuHWRysZI6n7PjQPq6KoZ+thGGyK1v+5g/NmPwj4kDwDshUaDlEZH8Fzo9C65x8n9sN/e9eW1ltgRFtNBLdbeDFfF2T/wboyncACP0MyPm+kLHTxYwlRduK1fMoM5fI6HM3x6Oa0Ill+VeEXjVAqzcwGW589miVIN8npweW+cQi+M6LLFn0jUmIIOilpErJ7RfSsIN/WjkA==
yEtF1gf5JCRk4mkx+C7SQoUS8c5aeMP0fABLmmTXXY7IwLyyv0M7v9UJQXPuSiBUxz1ny5XQeTHaELOYvcBm4eCIRQKGDKnSoKgwP2nuRUX8MKOcoGYN4e05wbYwLhWkN2x0j/Yr4SuF38DVcbYIKsBTUM7RClbB0iXFfptZGSys8iHnRN86yUeShxSa9lQDgTFkhOEhktiRQzi4IcEc9MZh2YJM5ZAifCUDKfWjKwajK9JEDenNLHmfbx8Dpqvi6bhphIGnjD8zPfCjlw==
8sMqzKgmw01SEnPrUc+O+quxTf7eAPpeqlPJVILLwrG6wFUqi85jpFPJZHmolO9ak1qWuHWRysZI6n7PjQPq6KoZ+thGGyK1v+5g/NmPwj4kDwDshUaDlEZH8Fzo9C65x8n9sN/e9eW1ltgRFtNBLdbeDFfF2T/wboyncACP0MyPm+kLHTxYwlRduK1fMoM5fI6HM3x6Oa0Ill+VeEXjVAqzcwGW589miVIN8npweW+cQi+M6LLFmk/UmIIOilpErJ7RfSsIN/WjkA==
jCTy78sOjImOHUnJBhWl9iLDmmKPo0SPg+YSj+G4exSSbSfDkJzKRy0WA1LI1M3w92N+9xijrLqtTiybm4zwx+04dEKQO07ii8ku4C7BzDCbmjD4uRKpFj+Bplu1+tzMBYuTYmtbozI=
utxKxhjnL/aEDBstlTLOzKgXK2rYoOn/WO32BMo7cLZB+80CGzdp2WD1bZTJnbj5U4hTYtETDHsISwqEZuoeblYKHfbJPUO9vwDfgoAHkdCpKPB2VG1mRtYeRPrcS0QupfIqMV7Nkb7PcRUckMqVR9BHppmL+nMUbp6YUx2p8CRVGa7onWtseHUpkAS6ma1iWP2M8jCNt6lBC+dWvzPGJPmRMVz1971Z142i0t6D3SQVPxDvf9WEo+M=
UKnkB3f6mCfUCL/5o301TmujnMfOqKJMH+MSMnsGPYzGoH20iZ+btDhqP90RJB7C1lqJgfuH1YM49XhrljGsvFISV77NYE5mTsPF1Bj+HsEivxeLJvkgbeavuVE2ovQrNaXHjK7wXwzw8yiwb+cRd+1AoL5UIUDRr057RZzyf0+MBsHRyOqn6Yg5Gyjqz4t9Zps3Ggku9Y6KDIETfD7X8BjOPeCJqGP7/v2hOEziKQHbdM+Jo+w=
51YNQDC7cksQ+zUXG7AJLaKEgpiC5thFGK6ZzdussFQ/2yJ6u07N9CY47TwJFwssWJJPFVHsLvr2QpmJ+4/FmxjNSKPW+dxEMorHNk3o3v6uuzWc2LYu+QKnB4Mm8TB1xpeJGfbqBFPVPVcELnjPlJALWHgvLyFPzViwtlQpUMmPdkuN3DoPt+yeUVlIYjdxaEHrYCqHu0VGgycSCSbllqo0sVu8dieI+FataQkg82OeBdHwDCoZOfts34Gj5A==
lbJr1o12sjukjq8nkCaz5bxM+1bTUcAS0a8ZbORAk5+qbgftFkiLYOHeDh7JHikJFzZAhFsHQeIi8P5EnYv78Tnh4Lu80SaXMC7a7CNUrbYCpHbt4c4I+OKzyuHDweZPjM9+IT2rRkSo+X2b86aO5lMOCJ3M6r+hrcVF3jQ01NcsM/eAP3+s1GNdhHg1uyi8a6swl7+yekn3jw5FY9BJGNmskgKFaYxYC6LQcIlLKT7veYYTxeIcJBUz82rbg6Oa
5Ip9AjJHv3Wlj9JcnYCCb++aP3zLCZjqfQbntcYAS9hRdq6GWZap8WfeIFwLzwHaEtjeXI2D+4nJiQDjbJnmL4CGenSz3C1OckwWNbEGSMDSm+r508nmN3ynnnnt44b8GFHdA2MuDh4j5mhFnCL/mZ3tZcYkPNSv3FsX2O83bGzT9STgpTOoRBtDUE/vejpxx6cuXXPYSWApxHJaVSFM4LsKcOgZxanGn5Hmy5UqXBwlG9Nyy4uj4g==
MfkNTyXNAGFNiXI+pxXEDOMeIW2ItOzkQfulQ9AgZ6NB+80CGzdp2WD1bZTJnbj5U4hTYtETDHsISwqEZuoeblYKHfbJPUO9vwDfgoAHkdCpKPB2VG1mRtYeRPrcS0QupfIqMV7Nkb7PcRUckMqVR9BHppmL+nMUbp6YUx2p8CRVGa7onWtseHUpkAS6ma1iWP2M8jCNt6lBC+dWvzPGJPmRMVz197pZ142i0t6D3SQVPxDvf9WEo+M=
yQ0O9HuPf+p9ciAxFboOYu+aInDNG4PjTQbntcYAS9hRdq6GWZap8WfeIFwLzwHaEtjeXI2D+4nJiQDjbJnmL4CGenSz3C1OckwWNbEGSMDSm+r508nmN3ynnnnt44b8GFHdA2MuDh4j5mhFnCL/mZ3tZcYkPNSv3FsX2O83bGzT9STgpTOoRBtDUE/vejpxx6cuXXPYSWApxHJaVSFM4LsKcOgZxanGn5Hmy5UqXBwlG9Nyy4uj4g==
siTwoI3vezALj9Hx2Ao5oHHaVeBR4GP5epllG6nUfK1P3Wooz6faBlsyNYjWRBVAyWvzUKjut2mxkNaGBj5h9fvzPefosbDfNoUkOML2P0qNlCaCXsfN4DjK1oXy2///po3ICTbrcWUWlvwvJUGveO4EN+hgd6AEz1PZMz0kSMpUVai1fwqz8TxG98sc4qkliB7PDZg9ExzK+0M5tv/fbolaHepaSEknXArf9AgqVRPJXAsfbnkpjOxW4UULECf9o5g=
6aYaTMuu8WS8rYNdvKIgPmntcKQGOMD1UY0EaNWadwF+rOu8uQpe0oHaaTUvAnCocyNh/jrk7kiVj/uNwZUQ11S1xsvoegqg6xBtCroQxkFJaqhkeidabUtFZrP0Ow7NVU8mmPAtLVe7Ys7aazo4seTOn7210VXSPDDUq9RHB+zXG0yIuwlUNP3/6ADTH4A7Fxba1W8bnsnrVMnkoVji7u2N7IRTdoC8wYlpAtdNtj/txjw4DSfjZtOHo+Y=
xkkfvl58DwVTNAJj0ijM6mjkbbMAO4nnAYMYYtDbQ09ytuOpuQpe0oHaaTUvAnCocyNh/jrk7kiVj/uNwZUQ11S1xsvoegqg6xBtCroQxkFJaqhkeidabUtFZrP0Ow7NVU8mmPAtLVe7Ys7aazo4seTOn7210VXSPDDUq9RHB+zXG0yIuwlUNP3/6ADTH4A7Fxba1W8bnsnrVMnkoVji7u2N7IRTdoC8wYlpAtdNtj/txjw4DSfjZtOHo+Y=
MBDKYhHQLGFn1kqEWbRZXzT2+FW7pmre2fVRTaACL1wk9Ctly7Qv0xh5dak4uqT3TzSHC6rn5dEGo2E=
mFfmk8fbGLjRwuCY0dwK74YgOMJxdxrhIlhu8h+NTGC7inBoGUWpRp8R5kuVqlycJZvT8ssLo2I=
AUToS1chvWuiuIfolxUQutG70I+EsA6KxURPr7Y22NeMyQs5SvgaglyK33QIqlWTydwLn275KQzs1uHFC5AnfaMY
Dy/hNCCCE5UX+J31WtpCO1qx+kifPJNZyHKlMnTwpCs591BZNwyE/dZyuDP8LnegWH4dU4gYQ0s+LQEozPLJ0RuEL3mjHA==
ZCseGv6QvpvTy/KWDyMLaX97D+KBXUlebzoLTiH8j1AuX3KLBSiO8Gxsf5KYq87ddb+m6NA9bcdbUs7qi6p4ocS+H02VwZVCXADUm7TXx/z368z4mxkUpB3P6DAzj8ArN2ZaJU8LXlmLZMnUwcgi/s19bPRzZsAsIb5oMjfd9i/NtrzILTcj9rO3o9Y=
ITI5xth2lqD8W6G5/1ecAzT2+FW7pmre2fVRTaACL1wk9Ctly7Qv0x94dak4uqT3TzSHC6rn5dEGo2E=
B8r8PIyGZkFDXnPrc4V4H4YgOMJxdxrhIlhu8h+NTGC7inBoGUKoRp8R5kuVqlycJZvT8ssLo2I=
ITI5xth2lqD8W6G5/1ecAzT2+FW7pmre2fVRTaACL1wk9Ctly7Qv0x94dak4uqT3TzSHC6rn5dEGo2E=
B8r8PIyGZkFDXnPrc4V4H4YgOMJxdxrhIlhu8h+NTGC7inBoGUKoRp8R5kuVqlycJZvT8ssLo2I=
IfBV7RN0GEF73Dlrcz0KVHM1mRjFp93noeDaZE02kZyGhEg/f/eJC6qevwaHPwDAybzEWmB9AfUsh/dWcHt+oPQd7CSTlgCcge9oYpdtNt8tZjyYTUdjRhNnowY=
IyPdPyeJ8oocab8OhOOttwNa5PIeq3ADdE8tZlrmybgZBhoS2M3LiTHhBvgfpOOR6Hq1CjQINKPZv2BBNxS0tTb6KMu8FmeoeLZtyQiAswMeJREQDIpZWXtMH2GjBA==
+f+CWAJb5vm3/mfjGC0k8Cppy9cvmVEZQ08tZlrmybgZBhoS2M3LiTHhBvgfpOOR6Hq1CjQINKPZv2BBNxS0tTb6KMu8FmeoeLZtzwiAswMeJREQDIpZWXtMH2GjBA==
E+aCcoaE+/bkWZlVa8f+Nhd+YCxRRiViWuLBrAkSMvb4qeNdYbXOPF9gK8W4rh1ulOycN0kr6MW3kDwhpm6ALxxyz3wo4qULSER7V07xOXQsbnFNa1gXZaMA
N3eCORR8dTRSupxs5PzaDfaEJ1eNrSoBhh6IHc/VDwesVF1eWt65kPkuSkoYFZvhkQm2gJ9cU/lIkmVSdNDki7mXkHk3LESdVtL4E/xOt0DY3t03iPgD675NQcjM0glxm2RvWaM8
XpQ78FijAurj5ZBd+sqGZTfV4vL36NM2V8nVOpp5U2epHx8aHX/Ntemwg0BOVRSlRuRRb28l1JRFTytcOzqu3ahyWBdPYmB6teI6BHXZVcwx70aY6xXmwnpL0cTZN3Sfe21Yoz8=
D67KbhERjpaHy8OSWj4orpGv1VJQ6mDNPtr+BtIjp11BJxl4FHHT/NNvrMdaENP0o0ElG3fjJxsljJSqun8LUh3S499baoDKuENIDmm6jqHaVS3+M2kRDPQCWSdczwJpz8JvFHKm3KO5IXxEmdHK+JlzkDjJsRSUHtFhQlT16ML09Ssp3fOjZls7ygS1WZXMcW8FmKuVpsI6y5HEmbe0n7vtmKP/
307S+pQJrNGHYoiTcXpjX+3Gqw31jDM+uon+BXMQWs7wtWUvJQdpky/bDlCkP+wtk6yVAxsnDAn68zVKXpu4hRL0S6VrNI+T9XhVaVg6xDdvNGdLSmdFEWajAQ==
