/AdR3qgKyDv8Cp4AR/uMpMyPsNsEQouveVUnZWsB6jmvUyohOXxXejLLqfzZTZWvFooCNKwL9m5vqhbqJ1lN5MtxgE4hamYBQsW1fqv5iWxc0pFnFD8qCfcyVxRKVuTDkdE0BFEBYpgB4wi4USGMNPYBKQKcxYDiDMVTKSXD20azC4LEfQn9bOn/nxkzAjsimZjZBFHHnH+DnaCjxw==
VrR0PsWVGLTzenje2INLt0vglfGistAqt5+9qMRZGnPgrf7JxP19vbRx3LVChgE+ttKQsj/I7A1mT/kxNoK0i7UFh2yukJ+scFPokG8H0RdtoOCeVAEAMS8uu6Wc0r/vDKYBscgK50kImVsI6q/Lneb79zoJDjXuCuzBc3wel1CYbn0GicikXn5WYhhMAulhW5SPqaPM
Andh8ccqN3ke7sFwB8rLe9nN8LvYFm3XBpeqlxogxT4QTQ5q35gsbjrTeu1QgwDW4/hOhj0w2g1PNllZBoNcwD0pCH7hiNlwdpTgV/4Q6KqFV+BD1SqDbr0fBVaesmb/Fv73BlDZBGkzHm3Vj3RqvgfXQvMcERF+8ZTsGgLbpx1itMdtVIAHz87Y143K7MBt/7IKSTa66sl16YNPPR6FB5T0q2VLtK/TmXn1rr26L/TPNAcLKudl0Yaj4Q==
7l9iv6Cu5CpSor+hsWkn88YNp6B5EesPRGIlYSpzpJvRL0zvWD7fMJ3cHnzk6P8OID8+Md0bxpSIib0Lk5aOtvP+SI0sWj9xjbWFTlQE1IeMw7eQ388sBEMtROhViyjsy1twh18C+pnX/87VA+BJSHlc0hJl2QyIK9IQ4Ol8KW5IjMYIJlKc9DVDM/q7s6PK
ZR2eg6dwnxDjuFzsmLoQTWmcSMmRHGDm0bzj65BnnWLY4Itv/Pu5/EInZFcJCzzzUMv/HOWYzoBMfH+CuNuObZUvJniwja03e0LO+qtauBGkLp/ddXHVMnwQ1IuUp4dMF3tMaPup1FQ93+ggE38Am1f22rWvux4pq3TJxOG4Yk4t7exkE9YA3AGoaSIQKDaUriY8WM2HY4aTp6PG
cAJax9OoK78708Co/hhbUmmcSMmRHGDm0bzj65BnnWLY8YNh+vS4rkInZFcJCzzzUMj/HOWYzoBMfH+CuNuObZUvJniwja03e0LO+qtauBGkLp/ddXHVMnwQ1IuUp4dMF3tMaPup1FQ93+ggE38Am1f22rWvux4pq3TJxOG4Yk4t7exkE9YA3AGoaSIQKDaUriY8WM2HY4aTp6PG
KSqhShIyTYWAbRrgzTs0Ugoo0F+zgwSiyEcAZZhFIGHqacx+ocjoRSl4sDq9mO2ByKcmHBFlpmpQkfyyalOku5GPzE8YHd8Q3Xye3KTI/y5gn76RnTvGtMgpPavTto6Ws17ILWx6P1HNFQXuFCTUp8xjNzCf7ywkA43ESBWrKMyL+/AnHyL6uZdfTnVDwEloOfxSsiX5DKhrcpBAqVwpTggsRqhmcpzUdeOzWvuTo+o=
PpFe00eUj6TUcm7UJ8CtrFfxbkae5GVbP3V+Su8I9wAZNak+KHgdMJaUwJeekAjqp1eDAzWqI67dH+UWPjIGP/b+18YwWeQpEx4NFS/0yn5n12KzvJFxvtGUzNpiWwddQrSnrfQApw+u2PfNKmygrd+y6olWOkqJlenjj52eZUf09IslqzTPE7l5Fe4dOo+0LzQny4pnhZGmo8E=
OrTxtTSyrRpZCnTg+QlOAo7A0DFHYAfNgUFw6tql5cLuV3ce/MRoqLWqPGIKY6SrsX+MH/irX4B9DF4MxPj/PkBv/sF9i0YkaFn9e7OGjoaTroh9jMq/wW1lxT50FNS37JN3YH9frLSj/QSYdZso3KsLsHf/knopNy+OpSPwSXgZDBLixUmMOMsCUJDJbCleKNwG+IbCHETVk3OKm6Oj+g==
OLirg0IEjGZcYRh2sW4+0ZGcussYSoj8Y1c5dXhG9hqvXipOXxI+YDvcsPTme7jIXsZTZ/VP43Jl4hvfI1p46tBzgE4hamYBQsW1fqv5iWxc0pFnFD8qCfcyVxRKVuTDkdE0BFEBYpgB4wi4USGMNPYBKQKcxYDiDMVTKSXD20azC4LEfQn9bOn/nxkzAjsimZjZBFHHnH+DnaCjxw==
nzKtklFleTVmYmEpBKsJwrGpUPLKreX6nn+XxrOG5gJAiZz6muskE0HX7EcoYR/4TeR+FNTw/wYwRx4ZLcOG3NgxXeMjDg4+YwboJVwC/7ldjeUmZBzUj5y7l7gvF2xME5WkAOUTqGRbo9AvL1o6UQfHrr0z+ElAaSTyOpUBTMB7avAIWeSp5th0ZqBWClw85XtTkouro8I=
aBr38fz3nszJt4it2U4ajX1jZBSibTLWKnu825eK1EAeFEgn9vCwGngQ+1PtSgu+1R/tBhZSXu8OPo+2iLkMmZueheWHVLLOvxda4+Sxma7ZlMTKintfDXp0fx2MoA//Jlh/fcKMGN2HchJZDlpimZ3p65+1fr0XjLRT1RNUp6Mx+Z2etZp3BHd0HxtSR+2BrqPJ
bnu/Z8R9elJ+z0P1uFYZeHg0ezjHZIigRZXCEL7vZxaAzmcSNwsbOP+tZIOh7xQO9BE0UB51be8mztVcxiJGQPOsGHSOy3CoZjYIIA3fe5ItsvPfS4qwikjj+I75Gl7hCnVd/gMJwUyk4smnrK+yqb/ifxRihqxjCUGMxAkxmrhJE6A4uZHE1M5x8cLkVRiCxBU7Kc2Tk6Yrm3qEJfnFDCFP95mbcvMC4agBROlXBN9LzYij7w==
SRF/TGO79OV20A6t9zGUAsj1kg4F52rXZ9n4GJM2u14AMRhoGTudr5UupdxWQpaAo0wodH7rIGg2lpigvX8LUh3S499baoDKuENIDmm6jqHaVS3+M2kRDPQCWSdczwJpz8JvFHKm3KO5IXxEmdHK+JlzkDjJsRSUHtFhQlT16ML09Ssp3fOjZls7ygS1WZXMcW8HmauSo8IxyJHEmbe0n7vtmKP/
mDgMDhZ70/E2vresBpQUsJU7oYFr9bWs4lnZ7zATZmglL0STcdASaVZqcatJ+GjOnlS0KSnZcZz1SxXPA94cuQUZYe3AeZTjyAzXsG3mxX/U9mb4n2WZKnm5/kNer0csCeyQ65L0Rup2vmv/wwSsNHqjrBjK7nzBWGfXwtHaJ18fYsxa5Fss7g1C8lFWnSk+t6EdPEi6fQf4V955A0qrFLYuELNludhkvWl2yJW7FPjNeZhkYikFojDttFK4/W+pGftv9ocjLmRRIWm8/ScD2S/ar/KNcLXkPS/oj/dl3KO7
sp/Wr4T4EhK/RReLhCN7Gr3qrBc777/jTzsviLZftASSXN6Xot22mbZeTznGeSL3ZHgTpvrbJCMh5yz3SNGZSS1UviS0wP82UHfeqU1zBmy4gZ3TQz4ODgM2KJU8sn8JPT0lFgQs1L/8i1cIT6fs/HMlZDCFI6hUO5MQn0/quuFnd26NU8hJcAkUMor1scxwG9owODnUqda4RKYQNrrcjIXLk6Lrm6Py
kDGV7xY3uwHXeFpWZALF6xMmZT0VNtyj46N/JwcH/9yOs9QgekDuY7rRtp2+ol8tPlUCE0wk45KiF2Rn6Vt8I/C9ee1FyA5QLEx/stgLTj0136YIEF3tZ5tyzspLCvjBBF4fLdUhFeIcINS79HdHHLeLzBhbeZQE3e/oEPMvQEv3hlpFD+ve+ctEyfSBaKIejR1sFLMGQIzhmGkS8Hh2RA5WvKht16NW85ej9g==
iqh9RBt7qfo0T+ek7T3rj3Z5gstKj52wNl00j5aV9GtReCxsqfD7cuY0VjYcPCHbkLjaioq2r29nPKD09lvICI5mwuFEL1OyNcLr31N6qKpgkzDOsco2QbLlpX67mbmsDLIB52Sf2kmn0mcUera0g2FxRITBYTJYMYMYuEEBfHSmobmCLCUwotzlIynV44uGA2syRO2pLayZ348ZI+ILYkl4SYShZ+y/U/2Qo/c=
cqOREXUqytAf6P819vCtC/WQwhg/4CFoJInPRR8F42nXxvKl5FJufvZptte2n7qsVxciIxIBODrb+E4xRIXNdZR5zGsJ35G21ppgij/wHEUGx2lpdlqkg5XNNxQuaC/kUFv4yK/fQZ+NaJCmVDlw+c+mK31ciq/nLO6xSUhyV4EokUvQqvdbFYazBwIJNsWmamRRKzzGh1i4ps1+CTAUFl5eckCM2nnpu1z/kaP0
6MCtHu9kuw4/tZujq2PJnEla+4io2wpegvRpWzljaBbuEfVKfRMEUhodo/jS1ARf0uC0Eg82JpupOq8mWZ9hnrKimqdSHnO+jKkoYVfeyV1jxDZGA/eGq6CBfbbVlMjSbksbRaaUw5UIMOtHahizheacHNV7Uk4RyqrGARFpZwcRDvnfUJQv3RdEg9t9OVEm0QrzjMsUQ9OWd4mZoqPF
5J6OiGkYDGOQtkd7+Q3jHz3w7QE6kpih6f+bZbo8qJKic/HLwfSmBQQxJfEEnQQYKiSZ0gZeCD6/RHSB1qNhnVYubGcFSd+gblzH4EC/MLwPK8n7Xaz4klQNGD0fwqOJ/P5nAzzqWX0Ixr8FuHWDpIoDU3FWd2+2iYKtYroAWd8csk+8KCIlykkE/BJOuro0LC7xjWuYl6WjwA==
c6AlNzjXWvQr2WblW+xbnov4PkYG/UgbFHQOUURlDRUUmQwNCvBRFlY6oKo/0NzlhmepSXY6ZGMVrff0LghvBNA7uCiv/wE/DcjQhlQZMFlPBmtdXGrvh6wO8SlIkpfhqHGLsKrXm7UGE8ciCRYFBurEkQs8pke4OMYNnglQVPbePjKgjPo5STv8v7Gj1A==
tJtUpRgjr+YDpBLq3lgUS3+k7p1g2o6g6/zA9NabaIgupufia++zMlUCC98zOkgqANMQzpGKlsESpYV+W9nZLOxyYeeEX3rJBxJHFFp2FAPBsaSEoaHS2FHD+LhhQdz0BuGZggxlUCI8pUMpNSPrBuOrEkTNaY0sOR+vGUMi6+IpOKmEwSdMP/O9sKPX
g4vRXX59WP58Im4ryEd+dYn4PlcE60wbFHQOUURlDRUUmQwPCvBRFlY6oKo/0NzlhmepSXY6ZGMVrff0LghvBNA7uCiv/wE/DcjQhlQZMFlPBmtdXGrvh6wO8SlIkpfhqHGLsKrXm7UGE8ciCRYFBurEkQs8pke4OMYNnglQVPbePjKgjPo5STv8v7Gj1A==
PV3EqOaNe98PLisrMrLv7H+k6It8x46g6/zA9NabaIgupuHia++zMlUCC98zOkgqANMQzpGKlsESpYV+W9nZLOxyYeeEX3rJBxJHFFp2FAPBsaSEoaHS2FHD+LhhQdz0BuGZggxlUCI8pUMpNSPrBuOrEkTNaY0sOR+vGUMi6+IpOKmEwSdMP/O9sKPX
+y/xXLEyzHWk/HdWN3wqP3+k6Z1uwo6g6/zA9NabaIgupuDia++zMlUCC98zOkgqANMQzpGKlsESpYV+W9nZLOxyYeeEX3rJBxJHFFp2FAPBsaSEoaHS2FHD+LhhQdz0BuGZggxlUCI8pUMpNSPrBuOrEkTNaY0sOR+vGUMi6+IpOKmEwSdMP/O9sKPX
Zw457WEZCb0NmtD54qUfnBYDqJuixQ1blL0nXyVlLhDuH6UZaxsfQRsagfjS1ARf0uC0EgUwKJupOq8mWZ9hnrKimqdSHnO+jKkoYVfeyV1jxDZGA/eGq6CBfbbVlMjSbksbRaaUw5UIMOtHahizheacHNV7Uk4RyqrGARFpZwcRDvnfUJQv3RdEg9t8OVEm0QrzjMsUQ9OWd4mZoqPF
o1viN9BUNcS1N74IbwxSBYGg4L/kOxEse6T+qqR/ZRUHP+Tq0mfuDl9jWXk67um1greNzJlsHhCGlNB3rtC4ChvQHONl6vOOrR8VNm7y1l9mfmemgJnUSQMeHTXfNLrel1fyE2zRIV7hlPw6MhvX/dI0Vw2EwFcvvtjnrRqsEM1vMnrphvoaqWXpk69N3jWnZHQ7xRt0//OoeQXObXp/FF+0t2vap1XxlqPx
kiSNifUjDcksXU4fMRZ7jaLR23K9ew4luTwEdP/rrsiaW1+LaBFC5Ues75sfj0ymBRGLCAIsQlcUr2LcYBO1eC7J/lI+Tdfa7Pn2SCGzLGAydheoNqqNzT9MCRWKXkuuhInwEf9eoe27pD5Wezde2yghBWb9lOACFuuTNX5Uu4UAUDP3Apgb9T68FMVDEpahQkp+UflpD9epbnFvCFQXzR9k2yvUubmWier7nDNUGyMe13HJiqPt
kiSNifUjDcksXU4fMRZ7jaLR23K9ew4luTwEdP/rrsiaW1+LaBFC5Ues75sfj0ymBRGLCAIsQlcUr2LcYBO1eC7J/lI+Tdfa7Pn2SCGzLGAydheoNqqNzT9MCRWKXkuuhInwEf9eoe27pD5Wezde2yghBWb9lOACFuuTNX5Uu4UAUDP3Apgb9T68FMVDEpahQkp+UflpD9epbnFvCFQXzR9k2yvUubmWier7nDNUGyMe13HJiqPt
yDjYBisMer/NBS9mXMOiT8nrjlfFBl7792JI8SbD2xw6Tk7XWvC45r9Z5zPlygQyBbXk2dAsG4PyJgx68QoK7Whx52armT+iT7qLX9zEuOhJRXjTGnywCvRu8gDCnT6DkkazkpvQvsrnQmOaAVZBZI4qKYXjXAVtTj7PNki5zBnbnsVlx1RyTn8XGmOksdkuGZQESsp7H406dL+dTKBPf2ZYP/0CjNhdx3JS2U5aohld6asf9X59l0y0k1VTVOcj/fldHnWaN4Q3dN+bkkctAe6jiQ==
nAW3pq+ei5Wd8f5C/Jdn25RibbqW5pcmPSWuDAgiASxXcNj/0npH5yczJNnvieFbMyvra5l3MMMe55fCkVpnX9/iDFok2+zuzcIyUZYd6T53Id08iDq9BzjXHnnDymsUdq7Qs6U5GGR96bbIVTvU+A35WGSiqcWi8G10Unh9r6lZey/2x6NuZBGhKby9p07Zb1rv8s3w9eR9r6iPt+Wco/s=
CoW3t35ONA9hL6uiubqHQtg7T3IHhMgdeLPYvKzojmGDYYjyn4DVhb1EY0wrfOUiJ9qw9YtJMUaWyoC6P8D8FUY3yfn2ysQzVZ0X5C4YDzQQ6xhYL0/h70248JZUCRApD9aL7dwaT1dsPpE5SIJ30eghK0AqZ/vlxuPnMgkGJfYqlPG7vFbn6Hj27YMJQDTGHu6S0AxK2Zl7jJ+ho8Q=
DpSa18ePPiUUldizpIYao9/4242Yog+Y1FQMv6lj2N23iAxpRuYQl1yK33QIqlWTyNwMmm7yKgzs1uHFC5AnfaMY
8Aiov2CqAu/sWnBme+kJ8rXuoB8+2+z5QQZgmKwW1wbBZuK5k8ilibUbCSbQOmj3bGwYhbeCdAUVyhauPYHFF3FUpzX53coyU0LQsk9zBmy4gZ3TQz4ODgM2KJU8sn8JPT0lFgQs1L/8i1cIT6fs/HMlZDCFI6hUO5MQn0/quuFnd26NU8hJcAkUMor1scxwG9owODnVqNa4RKYQNrrcjIXLk6Lrm6Py
nEOBstV/tCEjGNAExHAQQoowLMF+pFjDtYbKxLai1adZl+ddizMkHpL8pdkNWx9U+7kohBk4FxQUKaJMj1JsaEv6krw6P2P6d20eVEnMaqJPKZ/taxaauucstej+H5zPg4M3iwqVu+I6AqK3Ot7bDlTJIDHvXrGNa+TuNuu3rrvYYfUGDZQQYuarY1WO1Cvl0BDjlxKYC9Xu/MRl05ImAfIKTnHJaT/3ma7Bz7jUh21PpIsLx7ipdtkqq3yj1GvDbhcBKfqjnQ==
HEEn9gEccYkiX3IO+1UaWE+LCpSGL8qzuFD2OTvhaMudj8hz630mIVB9owBPy9zkYy+ImAz6STgiv4lyLYTPb6uVsbrDk0aq5gKd1sfdamgul3Y1+3e1Lo4aFZYxTas9E7Dqo4gXyRDR2HiWDL1ORv5OnJpUO7xufeIiEWZ9OT6ngW38mNrNh2j3LjlTqpsUhs5A85UZSOQNCaYI5ZsE+N2ZqCSyiXUioI0Ekujdn6lp27+2N8O+5KGBOXzNRxDYP/pfst2QBWStj5hPJwXso4s=
OCaFMreA1VU3uDjW8xg+/Ttw2o4+j0c+T2tse0nJ079WDRcfztbqu3rjCvpQwveN5HmQOXo4NPzQpm1IWlOurDHtO9e8FmeoeLZtzQiAtAYeLhIQDIpZWXtMH2GjBA==
AmgFS6/5CE3FS+6QbGPG/Hd3eqplXSNlZgvpKkNrTm62yn12aX1jvd/APwIgx7HQSWhQ9vQthka23uR6fIskLoWyirE+jXG+77G1nHCK9UfwB0YZ6zpTFE5e+NP96dAkNVlOaD2rTHiVafCEGtmNYjg9LHKQTdepoUtH1h9zJiTZUZHcFTfYWPfKB1K1QD0kNf9wb5+VpKPD
rkFnsSvQR3tj3PsOSLQVosyAp8ABV5qSeVUnZWgH6jmvUypOUhJRBlW1p/2bCMOyTJ8VMO0Q/GZopQLGMlZ46tBzgE4hamYBQsW1fqv5iWxc0pFnFD8qCfcyVxRKVuTDkdE0BFEBYpgB4wi4USGMNPYBKQKcxYDiDMVTKSXD20azC4LEfQn9bOn/nBgzAjsimZjZBFHHnH+DnaCjxw==
kU6KWZIPgm17bGgpMj66V4owLMF+pFjDtYbKxLai1adZl+ddizMkHpL8pdkNWx9U+7kohBk4FxQUKaJMj1JsaEv6krw6P2P6d20eVEnMaqJPKZ/taxaauucstej+H5zPg4M3iwqVu+I6AqK3Ot7bDlTJIDHvXrGNa+TuNuu3rrvYYfUGDZQQYuarY1WO1Cvl0BDjlxKYC9Xu/MRl05ImAfIKTnHJaT/3ma7Bz7jUh21PpIsLxripdtkqq3yj1GvDbhcBKfqjnQ==
CEtWfQqgmHWFP3UFQJ6Ej3PZcpjICSn826Dl6YVpvTLVpcYrqNqKwCswbSp6cEbhCYqoBLqH2o0LZWaTtNuObZUvJniwja03e0LO+qtauBGkLp/ddXHVMnwQ1IuUp4dMF3tMaPup1FQ93+ggE38Am1f22rWvux4pq3TJxOG4Yk4t7exkE9YA3AGraCIQKDaUriY8WM2HY4aTp6PG
G5WK9mMAHAd2cYAOJMNELKLR1Xq5JQsipGtQe7CSj+Cgc2ykWzhC5EvtoJxanFWxGBCLAQ1lQlMYkS23YB64FjPO5yEtXdHc8bquW3+gZ3Q+ThqxKIaYwgpCEheKXkuuhInwEf9eoe27pD5Wezde2yghBWb9lOACFuuTNX5Uu4UAUDP3Apgb9T68FMVDEpahQkp+UflpD9epbnFvCFQXzR9k2yvWuLmWier7nDNUGyMe13HJiqPt
BAf0cvonC1gTRRAuLmCrvxs5itVqN2DPYuwcLuwW3x7FRFshHWVSc8jR/Rfwngi2w47XAV1d4bwB+h67DyD3FO4OSlE4hoii2oJC9xreu840SYDxz15RzYtkTvbLt857eOFVRu2U8CJGK8OV7tQLJXCQA9fymCsVTnykpbOSBkESiq4x6WkfN/kuoQ+Y1GctryQrS+a4yba5qgs8g9SLg86Xoemao/0=
PSi8ru7DLBNq3G0+ZPAbHp/ynh8Z8mrAatDvAMknslJBJR9lUHfS2Ycj4o4aQvnmzSU/fQOYWxIkz93wpSAURhCV+sZKZoDKuENIDmm6jqHaVS3+M2kRDPQCWSdczwJpz8JvFHKm3KO5IXxEmdHK+JlzkDjJsRSUHtFhQlT16ML09Ssp3fOjZls7ygS1WZXMcW8LmKuSo8IxyJHEmbe0n7vtmKP/
8KvNE+PqsCDXnVgehL2t/jK9lwGjm2wUM4vIy2dSbC/30ZJ3/xVDYP26/tdUWklmhLfsaE/LL/r3yxPNYqFGJJnRUdzVtxdYN0pHUvXAfSR1fzBvXxVkowM=
5lsXtMXu/tSyhtVLWZ+ehZwFinpShUtEvq4hDSOE/4nRUkElUpK3nMVBh6C58gJnOILtBiBPQPjTQ6t6c0OPXc7Z4sQ9ib1sqX/TGHOCeyLZGBkEkUdcf0MdYKMH
LupmLyxIpHzb4klkJnlFrSkFhbdm5hhiED4MWyvL4NAOT3mBjHjJ3trEDWZhzSvPnMIvDOgyxRZIVJwCDgpaxKwe0f0riDd1oxA=
Nl249t/qJydMm5YQ6Znqlm0BtJ40Ub3REcBvPnR/Po4LNmaj5mAl7/26JW95Reg1pHTbBTv037MFeGWODfofVP+0F6v6J7UxdqMR
xqcyrQ3xnGPbwjR5JqUdVz+QnaMxScTIzlp2GW+ly+B1ymZ3PIrxJlyHhIh32yf6/9srrYqRHuQhgbl8TUef2L/637JdkIVkLY8YT6cFbKML
W/mXLHcF5369NjWQt3AUm+fG5+nHo+laDCvOwP9uew6FwaXKX5ywjIgtg2GsHj5tjYe0YrUAGpbp8OlHR2FMgPsq8MjZKKgmWLRm4NZKXHxlO1NSC2ujAg==
/AW1I8EHZXAAKBtP1O8kbiibhr4OO7T4nAkkGWely+B1ymZ3PIrxJlyHhIh32yf6/9srrYqRHuQhgbl8TUef2L/637JdkIVkLY8YT6cFbKML
pRcHzHXPfYnWA05y5eQc2SgFhbdm5hhiED4MWyvL4NAOT3mBjHjJ3trEDWZhzSvPnMIvDOgyxRZIVJwCDgpaxKwe0f0riDd1oxA=
b4NXAmJNq9sbEqTCx7l5xjRiu7JcP2ffvNdCplD6RO/7vwh0rusRdRzMQVpaQIXS8TlDazxmx3g4ho3SCJDUNt5+suCMOrkJO7w/caMU
k6rYJAJIBwUUf5WwC8GpMvrp1ndknc/ZF1wM9aOZZOUeWHDAUJnzvQR6nsH1EyQePYSaGnGEWdsvxazsQ/6gdBFs6OoAgJa8/q58UJ0vQ64Db6MO
VYoyk3vqBARUno6c17lRe6OXtxIoY7u0xmgumdi9zU+pQJeuzN9WXkN2rtPOQD0f5bo9H2FlwMXstBNV01RnI3343R71mreEt3RfmxJHrQFuowk=
BY1dwFzwy4dNb6v2rJuWWHJiZXNczpCxeHUn/9mVMCoQf7Q+0GI0R1vX2MzuE0Fd/KRxQlpYtboREROTfN4XEJgu/UqICCSefpbiWExCaSFbVA9poww=
KYLtKFXP6OLMvSsphp7VFkv8zkVifYOuvGNfA8wLevqQpvwzi2OwKE53qelsUPnG2tw9ToGl+/fcOn+kSFo1jsjM7Oquooq8bCaBFUugB22jCA==
3q8YmOTWtBc+LLhuQv5JmBzci6VrPVDm6GHxGVUAK3a4D+I2r9YCO1rwqWd5OqHn9dVUrUAUf71nBJN7wTihxsHKQ6yblDOzBje5OXKjFQ==
OP6I90qpaupkkZrSjj7jlEn2zEdmYoOuvGNfA8wLevqQpvwzi2OwKE53qelsUPnG2tw9ToGl+/fcOn+kSFo1jsjM7Oquooq8bCaBFUugB22jCA==
m4/Ac2bDju9bkJs3c0kfDk7U+8pGIRmHkD1VousEMAQYVSPJ3Mb+JV2/1IqFGBqe+QjJb7c5DEirkhCgabAorsjMxkimkpw0tQMzujtzowo=
FcvLwP3zf+VaS5wvfSb9wrScrBQRMbvdlXQqldSw1kypQJeuzN9WXkN2rtPOQD0f5bo9H2FlwMXstBNV01RnI3343R71mreEt3RfmxJHrQFuowk=
frSkF2aos1CTZbnWh4hlgUv8zFluXPP9oGdTD8EQefqQpvwzi2OwKE53qelsUPnG2tw9ToGl+/fcOn+kSFo1jsjM7Oquooq8bCaBFUugB22jCA==
cO9Z6l44uMifwLgRr2ORQDYRmJhwJQbFE3P3oImS0qdIYl2GsO8QOOMju3pjo78dHnlyRI3pTSz5n+MYg6Ir4mm46YQBpww/sz1woxc=
VXmarLV9Pjnr588shEj73Fo9xoBOwQRiED4MWyvL4NAOT3mBjHjJ3trEDWZhzSvPnMIvDOgyxRZIVJwCDgpaxKwe0f0riDd1oxA=
QLU2/EtJH/fL8BFomEGueXJiZXNczpC6ZXU/0IqeLjotILY+0GI0R1vX2MzuE0Fd/KRxQlpYtboREROTfN4XEJgu/UqICCSefpbiWExCaSFbVA9poww=
BjB8Jc0WcThTqpBXuh8XdyqRhrsAJbT4nA0yFWery+B1ymZ3PIrxJlyHhIh32yf6/9srrYqRHuQhgbl8TUef2L/637JdkIVkLY8YT6cFbKML
bI5Y0CaPTDj7tVJA6Cvvm3JiZXNczpChdlZr3IuQKTsNbLs+0GI0R1vX2MzuE0Fd/KRxQlpYtboREROTfN4XEJgu/UqICCSefpbiWExCaSFbVA9poww=
upsvzAO1Swgis1Ga1HKFjnBoZ3FY0ZChdlZr3IuQKTsNbLs+0GI0R1vX2MzuE0Fd/KRxQlpYtboREROTfN4XEJgu/UqICCSefpbiWExCaSFbVA9poww=
jLexE4FFLteJXJbfyKjz9q6n+k8U3/7cF0ob4r2VdfYXWHDAUJnzvQR6nsH1EyQePYSaGnGEWdsvxazsQ/6gdBFs6OoAgJa8/q58UJ0vQ64Db6MO
bZVIDTWw4MaGRpiDo3c7pERh+7EickLJG333oImS0qdIYl2GsO8QOOMju3pjo78dHnlyRI3pTSz5n+MYg6Ir4mm46YQBpww/sz1woxc=
gsKlybCwC9lwFkr0UaSVzHrJmFVmYoO4q3RBD90Yc/qQpvwzi2OwKE53qelsUPnG2tw9ToGl+/fcOn+kSFo1jsjM7Oquooq8bCaBFUugB22jCA==
0CBDqInWg1H9/fLlo7pqSx+pNjuri4xSZjKLpadDWVP00RmN7YBT5hBvOobnFkprotCBl2E6uZfd9Sx9iFS3DT/kO+s5uBlWqWqb3FNUe2M+V1EJaqMN
r0+QZeaZljgU/BfEZ2CxpAXVloIqCAK1umH5GVUAK3a4D+I2r9YCO1rwqWd5OqHn9dVUrUAUf71nBJN7wTihxsHKQ6yblDOzBje5OXKjFQ==
zROmUwjaIs91kgXU84ck2h7WjIAqCAK1umH5GVUAK3a4D+I2r9YCO1rwqWd5OqHn9dVUrUAUf71nBJN7wTihxsHKQ6yblDOzBje5OXKjFQ==
UJcXTJhoqcm4aKGAjPMrcygfg7d6/hliED4MWyvL4NAOT3mBjHjJ3trEDWZhzSvPnMIvDOgyxRZIVJwCDgpaxKwe0f0riDd1oxA=
cTnuY2gFzycRcLCjJHFwVisFhbdm5hhiED4MWyvL4NAOT3mBjHjJ3trEDWZhzSvPnMIvDOgyxRdIVJwCDgpaxKwe0f0riDd1oxA=
OAZ0mdn7QMPeNzc5BHVcAQ+ewy7QctQXm2e4PG6j4S089FFSWkiV6tFhsyP8LnegWH4dW4gYRE4+JgIozPLJ0RuEL3mjHA==
2LEU1CTAMTXq7yXrzDVw2ykfg7V99BhiED4MWyvL4NAOT3mBjHjJ3trEDWZhzSvPnMIvDOgyxRdIVJwCDgpaxKwe0f0riDd1oxA=
Gk7ZnY7v9Q3wQm9lSUk1MzcSx7QSeUdfpsDwWOABk2W0Il6ZxctEBg2cmgJBnDkDH51stPMmwOyh9WhysBj2ZE72vAit9yO2M3ejFg==
+wX6aFXyudLl9us5X+786DYSx7QSeUdfpsDwWOABk2W0Il6ZxctEBg2cmgJBnDkDH51stPMmwOyh9WhysBj2ZE72vAit9yO2M3ejFg==
ImOH6PUD5XKVBcGd62WpkTUSx7QSeUdfpsDwWOABk2W0Il6ZxctEBg2cmgJBnDkDH51stPMmwOyh9WhysBj2ZE72vAit9yO2M3ejFg==
gfjb4SWU4uZVKQUb2pELqysfg7d6/hliED4MWyvL4NAOT3mBjHjJ3trEDWZhzSvPnMIvDOgyxRdIVJwCDgpaxKwe0f0riDd1oxA=
K66H5sE/4gJ9mUdbeIimFioFhbdm5hhiED4MWyvL4NAOT3mBjHjJ3trEDWZhzSvPnMIvDOgyxRdIVJwCDgpaxKwe0f0riDd1oxA=
1P7o0r8STQvpbjzV7YO3kw6ewy7QctQXm2e4PG6j4S089FFSWkiV6tFhsyP8LnegWH4dW4gYRE4+JgIozPLJ0RuEL3mjHA==
MAg5HEFs2zsiBWRmQy5VbDQSx7QSeUdfpsDwWOABk2W0Il6ZxctEBg2cmgJBnDkDH51stPMmwOyh9WhysBj2ZE72vAit9yO2M3ejFg==
KV767mlcDqWNH1hPdx7yoDMSx7QSeUdfpsDwWOABk2W0Il6ZxctEBg2cmgJBnDkDH51stPMmwOyh9WhysBj2ZE72vAit9yO2M3ejFg==
511vAnjiQzdYtaxBknzr9TISx7QSeUdfpsDwWOABk2W0Il6ZxctEBg2cmgJBnDkDH51stPMmwOyh9WhysBj2ZE72vAit9yO2M3ejFg==
+pLdrnMM2YEcB3HMueJhgSgfg7V99BhiED4MWyvL4NAOT3mBjHjJ3trEDWZhzSvPnMIvDOgyxRdIVJwCDgpaxKwe0f0riDd1oxA=
O3skY7lLEqw1GjoY9xYK950FinpShUtEvq4hDSOE/4nRUkElUpK3nMVBh6C58gJnOILtBiBPQPjTQ6t6c0OPXc7Z4sQ9ib1sqX/SGHOCeyLZGBkEkUdcf0MdYKMH
KdIXjtcTPrscTScRVVgfGlMf55a13gpSlqdzUSVlagPgMaVHOF5ABjsuv5HF3XksqZqmS0dgP8S2LqJhQIZwkrKimqdSHnO+jKkoYVfeyV1jxDZGA/eGq6CBfbbVlMjSbksbRaaUw5UIMOtHahizheacHNV7Uk4RyqrGARFpZwcRDvnfUJQv3RdEg9twOFEm0QrzjMsUQ9OWd4mZoqPF
tlupD8UyNTxqzt+dk0gBrJoiLP3C85A9OTiuSE0tG2VUf97JmzsGrn56BdaB7fs9R1CXYpg3eZABuIjWnB1+Rs7uDFok2+zuzcIyUZYd6T53Id08iDq9BzjXHnnDymsUdq7Qs6U5GGR96bbIVTvU+A35WGSiqcWi8G10Unh9r6lZey/2x6NuZBGhKby9p07Yb1rv8s3w9eR9r6iPt+Wco/s=
fZTm2pwKz//Ysxx1NMK4tjEf6a2D2F+aDWanrqs/88SrmOXR9VFdCqWdBpPYYmp4W4jtkgrIpll5Mmg8yr86tXtdZqvE425V5RfmwMA1TY8L+k5C2+JYqdSWX+UFSTUKDCjUs+SfZ3RnQ4zQixE07E1naJhjx+AjJ04ajd+D/hHbTMn8kYCCdl3VLNxjbuBkcR3ommCQ1izenvxgvb+DvuOfo/4=
lbfi1TJzBkhnYuT37xKRv4JAtL98Wnw057ShKevKr5rl1/lbRRSxjzbl5JhCFn9qjbTm4t5njQA46hblcnu/H6ZtiKm2i7FFFna8j6Uhb1juJHcI4NdgZM9zmdO9hIiqVDVoFf/q89E8JjdrnALpBYg+D20YnVP8ytuDWTZfn46Jul1K2iiJB1zqn1SISpU/yHxM+u7S6uzsdqGli7DnnaP4
X6HOczKfekxGfCCU1Z8lKJPKjFYSj/dkKjTPYAaU7cd6nhPEHUkd7Mm/8hiTwtuiudh5BLEHvP/j3QCjZw==
VTgya9S+qqipX5pQcoAyE80P9AfaS+ww8rtsc4mcVMixoHhokz8EYm00Y7VjFLdDjPjtPqVaxyQH9M/7wgedIX6jGQ==
9BsulEBOqgea/Jw/e4zVkTdYmbocCRNhhsC8BadIz262IBjLxdxYHzrYgFdWniMXGIxstPMmwOyh9WhysBj2ZE72vAit9yO2M3ejFg==
jhjCUrb5AIsyHP5nMKN5ObLEdwX+735a3V3PTamHX0zwBF0JD5z+we57C00YQY7mn176iNZLU/5HjHpeKNGhmqCNpjZAPUKIS9X0EvxOt0DY3t07iPgE7r5GQsjM0glxm2RvWaM8
mVxEvd3ujF67Q12K03MPKjSJna8VHPzyzgc4Wy3AjeYsjS8rN4jzYA6Hk5Ru7GPgqswpt56WD+Qhgbl8TUee2L/637JdkIVkLY8YT6cFbKML
Sk0NWBugVHyAR6uQ94FR8EXqcONGZCD2vidD1J6Mc+C6LFl3zja/ZLHhSTydZ67YzxqPcu0wFeTd78gPlyV8oxs=
9qESrPcqhZMH8sqO2xhrKc0P9AfaS+ww8qZsc4mcVMixoHhokz8EYm00Y7VjFLdDjPjtPqVaxyQH9M/7wgedIX6jGQ==
X6HOczKfekxGfCCU1Z8lKJPKjFYSj/dkKjTPYAaU7cd6nhPEHUkd7Mm/8hiTwtuiudh5BLEHvP/j3QCjZw==
ORlnHT35mxPdzTQ3uDluOEXqcONGZCDrvidD1J6Mc+C6LFl3zja/ZLHhSTydZ67YzxqPcu0wFeTd78gPlyV8oxs=
aeAiUspgV5R5VzhVWeQ5LO/u1mkU0fD/Rw8Z4KKVJ+c2WDydF9CvtgZ42JP1BDgHCsCAT2aGQ88o1KzsQ/6gdBFt6OoAgJa8/q58UJ0vQ64Db6MO
XfpSEbcTiKIgEMrt1YO659JmFysAiC/JPiMmFu2/E3rLuFi2xgpFDwCQ6JSVyURxfCMGQKZW4kQRxQ/24W2l9Uh9OXYQAT66wLHaBPs5bL6c4m+saJKF90g0XKKOqprkrP4Rnatod1WjMA==
0lHeHu38CUQijUrTOF0q/hbSBEIq86QtedGjrZHuC8mDlpq6XG9uPPD0qLzPOvME/0GczTHVAPvWsEwzaRz0CNGgmCgzv2SiTTSD9QOUFwNs+M3+xdpnZCf0rztih31hXqM5
5it+ojNxiTBYwOGY5UAaVBbSBEIq86QtedGjrZHuC8mDlpq3XG9uPPD0qLzPOvME/0GczTHVAPvWsEwzaRz0CNGgmCgzv2SiTTSD9QOUFwNs+M3+xdpnZCf0rztih31hXqM5
ucT+l4nF99o0QhhyMxbknb2rs4iRH+StlfF/R/BTEhUJnOnHqTFqOSnq9vjGznLMkU2fbgHV1b2ItQkOMBkussC5yhzbQVx2XKofFIgKFX/IvMw67hJqLOy2IWWLcGddozg=
GwtPNbeC+kyNpv5TRWtU/XMe0b5aCk5ohobxQ6MM2WOxJxjLxdxYHzrYgFdWniMXGIxstPMmwOyh9WhysBj2ZE72vAit9yO2M3ejFg==
nR+1aXNH2Fsg1gIgcEktMvrk0GlG2Oy9TkEG67qUa/IrWDydF9CvtgZ42JP1BDgHCsCAT2aGQ88o1KzsQ/6gdBFt6OoAgJa8/q58UJ0vQ64Db6MO
g7tBgCH+eKXuwFZhxXydiU47ZTteZGN9XLzQrkpWcLzgs+lbP6THNwt3K8K3sAJiyO3ZJlAx3orAgTo0u2mMLhxyz3wo4qUHSER8Uk76OnQsbnFNa1gXZaMA
iLX/4SKiZNtmFuKeyX+n0o3xLh1zjp+2fVJZ2KT/YjunzUo7aEXjW+swl4CqH28E4mTnYC5EpSfiDquExTnljAEPWpj7MpOCgeihREmXJF+rDWijDw==
vTi2UcbgdUfGaV1AaAHwFb8sbYRKE96MjSTVlL/H2a4joV+um8zSYKc1Q7f4Ebqhe2MVFg0WLjIdkrnYxL/CuweNajuIBYPbC/C3gIrfz4SCpAdgTgRFp0JOi4TleYUM4c86mNvyMwIhKEFEKdfE3wtNSKMv
zK3KHPl5U7IeoXJqFkZcFGW7KYBbspYa4oUpNqvZuxZpEg+Wk4iOG1AzpdkgG4IRoZNZVD0QIJudrICwLSDkkMcPEAqhlO9d10RDW7A4kaYRCjMMCxSDU1Z3SRliowU=
uVdVJ6mkWz1HN2xJtEDhZC6Xiq5BSr34gAc+C2uFjvssjS8rN4jzYA6Hk5Ru7GPgqswpt56WD+Qhgbl8TUee2L/637JdkIVkLY8YT6cFbKML
nR+1aXNH2Fsg1gIgcEktMvrk0GlG2Oy9TkEG67qUa/IrWDydF9CvtgZ42JP1BDgHCsCAT2aGQ88o1KzsQ/6gdBFt6OoAgJa8/q58UJ0vQ64Db6MO
LFMWLkftlIgNfQM258jux7OI5uW65td8RDnKrPwicAGdzafOe9mr1c9k32quHHg/jZCoe4JEAMP+8vNTQHBMgPsq8MjZKagmWLRm4NZKXHxlO1NSC2ujAg==
xTXVrWLNBBtgWo9dlg/zIbWfv7a38dxxQTzBrPwiZwvfwLnEf8y61c9k32quHHg/jZCoe4JEAMP+8vNTQHBMgPsq8MjZKagmWLRm4NZKXHxlO1NSC2ujAg==
URJhTe9QND7Q3YHPB+qThLCI5uW65td8RDnKrPwiZwvfwLnEf8y61c9k32quHHg/jZCoe4JEAMP+8vNTQHBMgPsq8MjZKagmWLRm4NZKXHxlO1NSC2ujAg==
5jJ1KfdRBs0v29+56qhvibqfv7a38dxxQTzBrPwiZwvfwLnEf8y61c9k32quHHg/jZCoe4JEAMP+8vNTQHBMgPsq8MjZKagmWLRm4NZKXHxlO1NSC2ujAg==
HrFsGtC1Med+bAEEQNRIA7ufv7a38dxxQTzBrPwiZwvfwLnEf8y61c9k32quHHg/jZCoe4JEAMP+8vNTQHBMgPsq8MjZKagmWLRm4NZKXHxlO1NSC2ujAg==
XCLcKB11xs/M088Mo38XXy6Xiq5BSr3vikUzFWGBm+osjS8rN4jzYA6Hk5Ru7GPgqswpt56WD+Qhgbl8TUee2L/637JdkIVkLY8YT6cFbKML
uyV8VlYUYBUb2KM8tRFGsFdDZ4HdzP7BafNBZFXQiAtlDMhANSD84A+vaJoJ1Adtz6QLC0i4KXZZKit8I9Trw+4XgSl6ox0=
sv0A7W1lz8z3q6btvIoFrUv99GfZaJtUgWywfT7r5zo89WcWQB6Y7stprDP8LnegWH4dW4gYRE4+JgIozPLJ0RuEL3mjHA==
n+LqJowh98sNWjfwJDGvkZPKjFYIifd4MjXPYAWO68dmhhLEHUkd7Mm/8hiTwtuiudh5BLEHvP/j3QCjZw==
OiDFI0dzunb8zZCGwOMBb0XqcONGZCDrpCFDyIaNc+C5Nl930i6+ZLHhSTydZ67YzxqPcu0wFeTd78gPlyV8oxs=
EtokK9QeUkrAmv2kUttGYaqqiDAE3PmwUkgH4rjRc/k2WDydF9CvtgZ42InzBCQfC8CATHyAQ9Mw1azsQ/6gdBFt6OoAgJa8/q58UJ0vQ64Db6MO
oxE7WgRvlE40QWgzhNou2gePRxRnqPM8Mof18ZHoHNKGkYvuQXRofbW4qfuCcuZA/0beyXXDDfzRsFY1aQDsCdGgmzI1v3i6TDSD9QOUFwNs+M3+xdpnZCf0rztih31hXqM5
SNJQP0S83kMtNkPsugZvYRbcWhBovbJ5NIr16pHoHNKGkYvuQXRofbW4qfuCcuZA/0beyXXDDfzRsFY1aQDsCdGgmzI1v3i6TDSD9QOUFwNs+M3+xdpnZCf0rztih31hXqM5
h4dTrajl/6AF9H59QwypdEjY98EPcGDCxXNWsYpCNl1fHH/C3sS4bVuo1IuzXADI9AzTZ6gpDEirkhCgabEorsjMxkimkpw0tQMzujtzowo=
oePZ6KCjqsBGJnXh6cTG5VdDZ4HdzP7BafNBZFXQkg1lENBBNSD/+gmvdIII1Adtz6QLC0i4KXZZKit8I9Trw+4XgSl6ox0=
9XchRkkVyaudIiJL16W5/pPKjFYSj/dkKjTPYAWU7cd6nhPEHUkd7Mm/8hiTwtuiudh5BLEHvP/j3QCjZw==
R1VjEMtoEuGz18Bt7DmMF0XqcONGZCDrvidD1J6Mc+C5LFl3zja/ZLHhSTydZ67YzxqPcu0wFeTd78gPlyV8oxs=
tnZjadD21oBS9KRxK4+n+FVxl9FjJkLfFFj37NTVm/tDYF/A4u8HJPoU/2A1tL0HCn5jRI3pTSz5n+IYg6Ir4mm46YQBpww/sz1woxc=
IzFudm9N8s5JKWNXTl++MbLEdwX+735a3V3PTamHX0zwA10JD5z+we57C00YQY7mn176iNZLU/5HjHpeKNGhmqCNpjZAPkKIS9X0EvxOt0DY3t07iPgE7r5GQsjM0glxm2RvWaM8
KKFcykHBg4ivwyBu6eaFGzSJna8VHPzyzgc4Wy3AjeYsjS8rN4jzYA6Hk5Ru7GPgqcwpt56WD+Qhgbl8TUee2L/637JdkIVkLY8YT6cFbKML
CGeHJCt7N58NQdQ+6jVFfh2lLSPilbMddHO35qpVGFT5g1vsq4YKoVkzMYTlUBhrtcyYoCUg74Df7zh6mVS3DT/kO+s4uBlWqWqb3FNUe2M+V1EJaqMN
p1DAWx7rJThhsQI8b83hj9JmFysAiC/JPiMmFu2/E3rLv1i2xgpFDwCQ6JSVyURxfCMGQKZW4kQRxQ/24W2l9Uh9OXYQAT66wLLaBPs5bL6c4m+saJKF90g0XKKOqprkrP4Rnatod1WjMA==
MfeTO2+vBAjhjwjsCx9bTxbSBEUq86QtedGjrZHuC8mDlpq3XG9uPPD0qLzPOvME/0GczTHVAPvWsEwzaRz0CNGgmygzv2SiTTSD9QOUFwNs+M3+xdpnZCf0rztih31hXqM5
5cAML97M9E6pRkfYhn4EyL2rs4+RH+StlfF/R/BTEhUJnOnHqTFqOSnq9vjGznLMkU2fbgHV1b2ItQkOMBkussC6yhzbQVx2XKofFIgKFX/IvMw67hJqLOy2IWWLcGddozg=
f3Jz0pwEeRYEnBEgxqgXkHMe0b5aCk5ohobxQ6MM2WOxJxjLxdxYHzrYgFRWniMXGIxstPMmwOyh9WhysBj2ZE72vAit9yO2M3ejFg==
1/gYy/dYIoz1qG+00UP3sfrk0GlG2Oy9TkEG67qUa/IrWDydF9CvtgZ42JP1BDgHCsCATGaGQ88o1KzsQ/6gdBFt6OoAgJa8/q58UJ0vQ64Db6MO
yuyQmX6LPL3bHhjatuAcpHX4hhqjoTwcf5brhmk6ZTj415Zr8zUGe6T9t4tfWEsg1rf7dFb8a+Ch3BHXdqZXJJnRUdzVtxZYN0pHUvXAfSR1fzBvXxVkowM=
Qh3QvTzBIlwBThO282F0843xLh1zjp+2fVJZ2KT/YjunzUo7aEXjW+swl4CqH28E4mTnYC1EpSfiDquExTnljAEPWpj7MpOCgeihREmXJF+rDWijDw==
B1I4C8NrY+ioBR4ZmKQOL78sbYRKE96MjSTVlL/A2a4joV+um8zSYKc1Q7f4Ebqhe2MVFg0WLjIdkrnYxL/CuweNajuIBYPbC/C3gIrfz4SCpAdgTQRFp0JOi4TleYUM4c86mNvyMwIhKEFEKdfE3wtNSKMv
A/WH/8YX0Vyk9hxsiEV8v2W7KYBbspYa4oUpNqvZuxZpEg+Wk4iOG1AzpdkgG4IRoZNZVD0QIJudrICwLSDnkMcPEAqhlO9d10RDW7A4kaYRCjMMCxSDU1Z3SRliowU=
BwOQ8Gc6R4B7hydmig9Y9C6Xiq5BSr34gAc+C2uFjvssjS8rN4jzYA6Hk5Ru7GPgqcwpt56WD+Qhgbl8TUee2L/637JdkIVkLY8YT6cFbKML
1/gYy/dYIoz1qG+00UP3sfrk0GlG2Oy9TkEG67qUa/IrWDydF9CvtgZ42JP1BDgHCsCATGaGQ88o1KzsQ/6gdBFt6OoAgJa8/q58UJ0vQ64Db6MO
6kYvc8+wroZa15iuJR+IgbOI5uW65td8RDnKrPwicAGdzafOe9mr1c9k32quHHg/jZCoe4JEAMD+8vNTQHBMgPsq8MjZKagmWLRm4NZKXHxlO1NSC2ujAg==
dDNtXj6y03l9/jxs6VxcCbqQsLm38dxxQTzBrPwiZwvfwLnEf8y61c9k32quHHg/jZCoe4JEAMD+8vNTQHBMgPsq8MjZKagmWLRm4NZKXHxlO1NSC2ujAg==
c+R44herrlGrtnXRoDOnNbCI5uW65td8RDnKrPwiZwvfwLnEf8y61c9k32quHHg/jZCoe4JEAMD+8vNTQHBMgPsq8MjZKagmWLRm4NZKXHxlO1NSC2ujAg==
oyueTXzBTL30hDobjoc5MruQsLm38dxxQTzBrPwiZwvfwLnEf8y61c9k32quHHg/jZCoe4JEAMD+8vNTQHBMgPsq8MjZKagmWLRm4NZKXHxlO1NSC2ujAg==
vfGzttdaPPuy3pdCzv0V+bGI5uW65td8RDnKrPwiZwvfwLnEf8y61c9k32quHHg/jZCoe4JEAMD+8vNTQHBMgPsq8MjZKagmWLRm4NZKXHxlO1NSC2ujAg==
wKo3fsGJJngc6YGKAa+H87KQsLm38dxxQTzBrPwiZwvfwLnEf8y61c9k32quHHg/jZCoe4JEAMD+8vNTQHBMgPsq8MjZKagmWLRm4NZKXHxlO1NSC2ujAg==
NDvvG0QFTgzg045D19mBYC6Xiq5BSr3vikUzFWGBm+osjS8rN4jzYA6Hk5Ru7GPgqcwpt56WD+Qhgbl8TUee2L/637JdkIVkLY8YT6cFbKML
Y9z7dQWlOHnGjDHjT7nXXFdDZ4HdzP7BafNBZFXQiAtlDMhANSD/4A+vaJoJ1Adtz6QLC0i4KXZZKit8I9Trw+4XgSl6ox0=
zhBFKcXs4G9//TMc4twTuZPKjFYIifd4MjXPYASO68dmhhLEHUkd7Mm/8hiTwtuiudh5BLEHvP/j3QCjZw==
nZXVQs0eEulVypwjOXq+lEXqcONGZCDrpCFDyIaNc+C4Nl930i6+ZLHhSTydZ67YzxqPcu0wFeTd78gPlyV8oxs=
rjLKM1ZMF/h1RMwZ6RVDBKqqiDAE3PmwUkgH4rjRc/k2WDydF9CvtgZ42InzBCQfC8CATXyAQ9Mw1azsQ/6gdBFt6OoAgJa8/q58UJ0vQ64Db6MO
a1k2DP71H0/5e7H87lTAMv/25tjcRvL536wrVqRRFEVRyqyOsC0jbnDgsbWO2zbMlg+bKhfY0rqIrw8OLAEvssC70BrbXUR3XKofFIgKFX/IvMw67hJqLOy2IWWLcGddozg=
9+IZjMwcS/Zk61dIC5iSUb2l7drTUfL52KopAPBXCVpJwayOsC0jbnDgsbWO2zbMlg+bKhfY0rqIrw8OLAEvssC70BrbXUR3XKofFIgKFX/IvMw67hJqLOy2IWWLcGddozg=
/zqfRg6hlRx+UpVrW1MiHRbcWhBovbJ5NIr16pHoHNKGkYvuQXRofbW4qfuCcuZA/0beyXXDDfzRsFY1aQDsCdGgmjI1v3i6TDSD9QOUFwNs+M3+xdpnZCf0rztih31hXqM5
TDMUjA5h3GS9XXbjRSNrAXqKm7MESbeoiw84GnzEjeYsjS8rN4jzYBSBk4h27WPgqNYvt4KODuQhgbl8TUee2L/637JdkIVkLY8YT6cFbKML
MvztgnRT1JBGruSKN3uIk1dDZ4HdzP7BafNBZFXQkg1lENBBNSD++gmvdIII1Adtz6QLC0i4KXZZKit8I9Trw+4XgSl6ox0=
X6HOczKfekxGfCCU1Z8lKJPKjFYSj/dkKjTPYAaU7cd6nhPEHUkd7Mm/8hiTwtuiudh5BLEHvP/j3QCjZw==
ORlnHT35mxPdzTQ3uDluOEXqcONGZCDrvidD1J6Mc+C6LFl3zja/ZLHhSTydZ67YzxqPcu0wFeTd78gPlyV8oxs=
Ktny6XYi9Pwgnn1AZblvSkcdqO4JLH2Xq8tqphynA6antAp26LkRYgDVdh5AFZLQ6y1Eejxmx3g4ho3TCJDUNt5+suCMOrkJO7w/caMU
H3oRneOfUrgL7RpN3tgaTLLEdwX+735a3V3PTamHX0zwA10JD5z+we57C00YQY7mn176iNZLU/5HjHpeKNGhmqCNpjZAPUKIS9X0EvxOt0DY3t07iPgE7r5GQsjM0glxm2RvWaM8
mVxEvd3ujF67Q12K03MPKjSJna8VHPzyzgc4Wy3AjeYsjS8rN4jzYA6Hk5Ru7GPgqswpt56WD+Qhgbl8TUee2L/637JdkIVkLY8YT6cFbKML
WDuHAoL2UlzQSfeYwC2BmwE00JIiLwyLWRixptDVm/tDYF/A4u8HJPoU/2A2tL0HCn5jRI3pTSz5n+IYg6Ir4mm46YQBpww/sz1woxc=
Wnb9Mrs1aL4NsrQ2/xPY9jA3IzUPvdW3dmhr0pqeMjxfLtp41jtzDgfc2s6oQUFK4L1GBkANorgLBRSCfN4XEJgu/UuICCSefpbiWExCaSFbVA9poww=
iBJrwdnrt8IxCiy1Fu1PkW0EnqYvsmIkFmdLEnfA4tJIHXmWkGH+msCRGmR72SzenMIvDOgyxRdIVJwCDgpaxKwe0f0riDd1oxA=
Swe01HvfivWSDHDGsa/mpAUoysxwJRbeFUP37NTVm/tDYF/A4u8HJPoU/2A2tL0HCn5jRI3pTSz5n+IYg6Ir4mm46YQBpww/sz1woxc=
p+8TSRQSSUgTqsCCN5qsmwUoysFwJRbeFUP37NTVm/tDYF/A4u8HJPoU/2A2tL0HCn5jRI3pTSz5n+IYg6Ir4mm46YQBpww/sz1woxc=
pZDyOCyOz7Ga3FEiNAxlOfTZthURMJmYkDF/1c620HjmXc7phYNdXEEw/NPZXCQooaBoCGN/1ML9tBNV01RnI3z43R71mreEt3RfmxJHrQFuowk=
ieaIO8211J+WUzkBzWUyjzmqghmhvD9UPZr/iml2ImG1kYx+4iwMfaT9t4tfWEsg1rf7dFb8a+Ci3BHXdqZXJJnRUdzVtxZYN0pHUvXAfSR1fzBvXxVkowM=
9/9JRrq5FyNbV4TxSDsFOH41mpR1xwh7Di06OBn+0rRAFh4fmZqHlXrhFvlNs+OW52SqBmgJcbLApVYOQAWyoCv9JMq8FmeoeLZtwwiAtAYeLhIQDIpZWXtMH2GjBA==
apmkeTpdKiIxOT1k+tmHcANb46QZaifFutF26U2jA6antAp26LkRYgDVdh5AFZLQ6y1Eejxmx3g4ho3TCJDUNt5+suCMOrkJO7w/caMU
52bx7PHjHiAdpqm9oB8HMXUSzKtaRQZmi8C8BadIz262IBjLxdxYHzrYgFdWniMXGIxstPMmwOyh9WhysBj2ZE72vAit9yO2M3ejFg==
9XchRkkVyaudIiJL16W5/pPKjFYSj/dkKjTPYAWU7cd6nhPEHUkd7Mm/8hiTwtuiudh5BLEHvP/j3QCjZw==
R1VjEMtoEuGz18Bt7DmMF0XqcONGZCDrvidD1J6Mc+C5LFl3zja/ZLHhSTydZ67YzxqPcu0wFeTd78gPlyV8oxs=
J044romqr1twGZXVetwYVkcdqO4JLH2Xq8tqphynA6antAp26LkRYgDVdh5AFpLQ6y1Eejxmx3g4ho3TCJDUNt5+suCMOrkJO7w/caMU
eTVrf4WJuIhJedG/at775bLEdwX+735a3V3PTamHX0zwBF0JD5z+we57C00YQY7mn176iNZLU/5HjHpeKNGhmqCNpjZAPkKIS9X0EvxOt0DY3t07iPgE7r5GQsjM0glxm2RvWaM8
KKFcykHBg4ivwyBu6eaFGzSJna8VHPzyzgc4Wy3AjeYsjS8rN4jzYA6Hk5Ru7GPgqcwpt56WD+Qhgbl8TUee2L/637JdkIVkLY8YT6cFbKML
NkRDKQcFApfqgdFxJm425G0EnqYvsmIkFmdLEnfA4tJIHXmWkGH+msCSGmR72SzenMIvDOgyxRdIVJwCDgpaxKwe0f0riDd1oxA=
SgDzwP+SPWkt+PNntI9jrQUoysFwJRbeFUP37NTVm/tDYF/A4u8HJPoU/2A1tL0HCn5jRI3pTSz5n+IYg6Ir4mm46YQBpww/sz1woxc=
vIb46IVG8KNlCb+8qzCSyPTZthURMJmYkDF/1c620HjmXc7phYNdXEEw/NPZXCQooaBrCGN/1ML9tBNV01RnI3z43R71mreEt3RfmxJHrQFuowk=
xeXfp5ypP6/w37e7clEu7RnS37pkUVP9umbkIBodcjHxU+k0rZBQO03ssFA9IPfw989AqlEUf71nBJN7wDihxsHKQ6yblDOzBje5OXKjFQ==
ATQ1NLRJ6WLMw6XYdb4DZn81mpR1xwh7Di06OBn+0rRAFh4fmZqHlXrhFvlNs+OW52SqBmgJcbLApVYOQAayoCv9JMq8FmeoeLZtwwiAtAYeLhIQDIpZWXtMH2GjBA==
eghOKa4k2+Wzl8Bub6UrKH81mpN1xwh7Di06OBn+0rRAFh4fmZqHlXrhFvlNs+OW52SqBmgJcbLApVYOQAayoCv9JMq8FmeoeLZtwwiAtAYeLhIQDIpZWXtMH2GjBA==
uu8IhExblGkFEahGy9Y3ewAS9KUZaifFutF26U2jA6antAp26LkRYgDVdh5AFpLQ6y1Eejxmx3g4ho3TCJDUNt5+suCMOrkJO7w/caMU
4t3/rGvicFW7yQl1i2XLtmkSieUITBN6gLK/FrJE3XW2ERDUwc1vUEazmghFkjsOHpJstPMmwOyh9WhysBj2ZE72vAit9yO2M3ejFg==
vmTmuAk+jgtWmqrF+NgaKEiR6cpAMGmE0HhDtsh2f0pKEG3Z3vWwaFm5/9zONxqU/QbLYrY2DEirkhCgabEorsjMxkimkpw0tQMzujtzowo=
Iys+Z2aPbcU6PakCzkoGdZxP2zwUhXxEpK8hWXXP8ZLDT0cCWpK3n99+9e/3oEcpKIDeSG1LRtOFCIR6eUeBX8PY7cQ9ib1sqX/SGHOCeyLZGBkEkUdcf0MdYKMH
NejRCCIXsyh+qYvI/ozYnr4yaINYSZnWzyrRj73UxrgloV+klMzcIe1hEbf9UOetODJJHxcbOTJb3//CgqLPvxeOXW+fEI/JEPCGiJXb3rPN2Gx6ERdJv1tIlYTleYUM4c86mNvyMwIhKEFEKdfE3wtNSKMv
Xa0LAzA6O8Bg8AAtuwkjf74yaINYSZnWzyrRj73UxrglpV+klMzcIe1hEbf9UOetODJJHxcbOTJb3//CgqLPvxeOXW+fEI/JEPCGiJXb3rPN2Gx6ERdJv1tIlYTleYUM4c86mNvyMwIhKEFEKdfE3wtNSKMv
bX4iZZoAiwUu+gi8jU5JrglquOlKR6MCkq/GuaSi30JxBiay4ayqPzAoA0boZn96KsCtqX5lMNi56b8s7icapJ3WCxIWpoz4S8JQUEmhKJ6oHAY4BgIchFVTc0obY6M6
gaD2sbczkFEkNnEIZhskgHWAsaikvccnZcKBOI9/S2fIElkfBzvJ8uu/j0ISQh//R+5tb28w34lAUBYIJXuu8/04fHoBd3l/q+glBHXZVcwx70qY6xLjwnFI0cTZN3Sfe21Yoz8=
SFAlyFeJhB0nxantPVHoJzSxmxHs6mUfO8Ptgi93IyK+yptv4zYxL7Pou5lEWHooybPqQxmAAPr9zx3Pb6BJJJnRUdzVtxZYN0pHUvXAfSR1fzBvXxVkowM=
Xsoek2Sx+Q6bRGavtupMEsi4Mll935myOx8fwuLibz+3zn1vf1DvSfAwpoi1G34zrRiMenFXqT/7CLWExTnljAEPWpj7MpOCgeihREmXJF+rDWijDw==
jRfPP95zYsufBuv5kgVnFGY/mU3Ysczg4P2ZNA0y1p6JiEpjaPzTCqCivwaSNB3F1oGQRCF9L6Bmo5oYZWJ7vv4C7CSTlgCcgeVoYpBoNtQuZjyYTUdjRhNnowY=
YgKCbnMw0WznpvnuAxkW4b6l7dTWVKD5zeNlX6JGD0BW2/WArjhtIjqtpL6b3HT43xiOJgXD0ouAqg0fB1ZS2drm2RDDWFpoXKofFIgKFX/IvMw67hJqLOy2IWWLcGddozg=
9DiZatH/xzr4UeZj5UNcETp6is813x1jUnp3fFbnjbxeBBUe2pHcgmvgDMQfpPaa9X+qN2AWdaP36iplWlqhrDPkItS8FmeoeLZtwwiAtAYeLhIQDIpZWXtMH2GjBA==
rQdimbbtr1xf1iHPPORF9+RanMlpHCkHgzIwLToGeJwLdBz99GNWVmVVDRYUKyHSs++3gsryZ1/vHuXv54A3afggTsjdq/aT1Sh0eglnUZ9zuF1ErSntrFlfwhhjYktiifiJhOHnrL8TfVCjNw==
vFDkyFI2qxpxiUTrCw/N9eRanMtpHCkHgzIwLToGeJwLdBz99GNWVmVVDRYUKyHSs++3gsryZ1/vHuXv54A3afggTsjdq/aT1Sh0eglnUZ9zuF1ErSntrFlfwhhjYktiifiJhOHnrL8TfVCjNw==
TaJASPgqeSw6FbI7lBciktgJkXYEwyYWtbU9FiTL8ZLDT0cCWpK3n99+9e/3oEcpKIDeSG1LRtOFCIR6eUeBX8PY7cQ9ib1sqX/SGHOCeyLZGBkEkUdcf0MdYKMH
X6HOczKfekxGfCCU1Z8lKJPKjFYSj/dkKjTPYAaU7cd6nhPEHUkd7Mm/8hiTwtuiudh5BLEHvP/j3QCjZw==
ORlnHT35mxPdzTQ3uDluOEXqcONGZCDrvidD1J6Mc+C6LFl3zja/ZLHhSTydZ67YzxqPcu0wFeTd78gPlyV8oxs=
kNSlncEn8zwvmg5e4oUaAUcdqe4JLH2Xq8tqphynA6antAp26LkRYgDVdh5AFZLQ6y1Eejxmx3g4ho3TCJDUNt5+suCMOrkJO7w/caMU
jhjCUrb5AIsyHP5nMKN5ObLEdwX+735a3V3PTamHX0zwBF0JD5z+we57C00YQY7mn176iNZLU/5HjHpeKNGhmqCNpjZAPUKIS9X0EvxOt0DY3t07iPgE7r5GQsjM0glxm2RvWaM8
/QV/LnvAu08WBoMy18721bLEdwX+735a3V3PTamHX0zwAV0JD5z+we57C00YQY7mn176iNZLU/5HjHpeKNGhmqCNpjZAPUKIS9X0EvxOt0DY3t07iPgE7r5GQsjM0glxm2RvWaM8
mVxEvd3ujF67Q12K03MPKjSJna8VHPzyzgc4Wy3AjeYsjS8rN4jzYA6Hk5Ru7GPgqswpt56WD+Qhgbl8TUee2L/637JdkIVkLY8YT6cFbKML
iBJrwdnrt8IxCiy1Fu1PkW0EnqYvsmIkFmdLEnfA4tJIHXmWkGH+msCRGmR72SzenMIvDOgyxRdIVJwCDgpaxKwe0f0riDd1oxA=
Swe01HvfivWSDHDGsa/mpAUoysxwJRbeFUP37NTVm/tDYF/A4u8HJPoU/2A2tL0HCn5jRI3pTSz5n+IYg6Ir4mm46YQBpww/sz1woxc=
p+8TSRQSSUgTqsCCN5qsmwUoysFwJRbeFUP37NTVm/tDYF/A4u8HJPoU/2A2tL0HCn5jRI3pTSz5n+IYg6Ir4mm46YQBpww/sz1woxc=
pZDyOCyOz7Ga3FEiNAxlOfTZthURMJmYkDF/1c620HjmXc7phYNdXEEw/NPZXCQooaBoCGN/1ML9tBNV01RnI3z43R71mreEt3RfmxJHrQFuowk=
4mvb61JWlAfkwitMutTf+xnS37pkUVP9umbkIBodcjHxU+k0rZBQO03ssFA9IPTw989AqlEUf71nBJN7wDihxsHKQ6yblDOzBje5OXKjFQ==
WifCVXB+bA6wNqPQAlpGHH41mpN1xwh7Di06OBn+0rRAFh4fmZqHlXrhFvlNs+OW52SqBmgJcbLApVYOQAWyoCv9JMq8FmeoeLZtwwiAtAYeLhIQDIpZWXtMH2GjBA==
1P8kbO2reGJXkD9+FWRu9X41mpF1xwh7Di06OBn+0rRAFh4fmZqHlXrhFvlNs+OW52SqBmgJcbLApVYOQAWyoCv9JMq8FmeoeLZtwwiAtAYeLhIQDIpZWXtMH2GjBA==
BBo4Qn2sFBT0LquBfcTH2gAS9KUZaifFutF26U2jA6antAp26LkRYgDVdh5AFZLQ6y1Eejxmx3g4ho3TCJDUNt5+suCMOrkJO7w/caMU
qPxOsI8+dPvHi04sGX7iOFSmdOxHYiD2vidD1J6Mc+C6LFl3zja/ZLHhSTydZ67YzxqPcu0wFeTd78gPlyV8oxs=
17D+SP9xMYwPSaJKfmUYhBkg1ohvMgffWlSluprblPNCbBzL4u8HJPoU/2A2tL0HCn5jRI3pTSz5n+IYg6Ir4mm46YQBpww/sz1woxc=
p+8TSRQSSUgTqsCCN5qsmwUoysFwJRbeFUP37NTVm/tDYF/A4u8HJPoU/2A2tL0HCn5jRI3pTSz5n+IYg6Ir4mm46YQBpww/sz1woxc=
5UiTpWlPPMyyOGDvPJGa+n81mpZ1xwh7Di06OBn+0rRAFh4fmZqHlXrhFvlNs+OW52SqBmgJcbLApVYOQAWyoCv9JMq8FmeoeLZtwwiAtAYeLhIQDIpZWXtMH2GjBA==
rTBNZjAk+gyH2bS7oUYcTH81mpV1xwh7Di06OBn+0rRAFh4fmZqHlXrhFvlNs+OW52SqBmgJcbLApVYOQAWyoCv9JMq8FmeoeLZtwwiAtAYeLhIQDIpZWXtMH2GjBA==
Zu8vvCf7GiqpW+7/4Jq9mVSmdOxHYiD2vidD1J6Mc+C5LFl3zja/ZLHhSTydZ67YzxqPcu0wFeTd78gPlyV8oxs=
WnOwS5IjtBaZOZ/AfqKdihkg1ohvMgffWlSluprblPNCbBzL4u8HJPoU/2A1tL0HCn5jRI3pTSz5n+IYg6Ir4mm46YQBpww/sz1woxc=
O6Gk3PUR8UiWkyu63QRDb7KHu66n79h6Xiz8rLpoaAmAwKPFfpz80c9k32quHHg/jZCoe4JEAMD+8vNTQHBMgPsq8MjZKagmWLRm4NZKXHxlO1NSC2ujAg==
o7KQXQCsPuzHrgT2xJ3YmEpkJH2bwH6ZnVKJ9N5L+0LcEGz0/42on8fIwPmzRhFpKjBUnN2TX/R3xlY53aNVTClwFGNR/NwY2aCTOBvfXHKVdPtF23S/c+R4RU6ter+Un7T365qnFXFWozE=
NkRDKQcFApfqgdFxJm425G0EnqYvsmIkFmdLEnfA4tJIHXmWkGH+msCSGmR72SzenMIvDOgyxRdIVJwCDgpaxKwe0f0riDd1oxA=
O6Gk3PUR8UiWkyu63QRDb7KHu66n79h6Xiz8rLpoaAmAwKPFfpz80c9k32quHHg/jZCoe4JEAMD+8vNTQHBMgPsq8MjZKagmWLRm4NZKXHxlO1NSC2ujAg==
o7KQXQCsPuzHrgT2xJ3YmEpkJH2bwH6ZnVKJ9N5L+0LcEGz0/42on8fIwPmzRhFpKjBUnN2TX/R3xlY53aNVTClwFGNR/NwY2aCTOBvfXHKVdPtF23S/c+R4RU6ter+Un7T365qnFXFWozE=
qPxOsI8+dPvHi04sGX7iOFSmdOxHYiD2vidD1J6Mc+C6LFl3zja/ZLHhSTydZ67YzxqPcu0wFeTd78gPlyV8oxs=
17D+SP9xMYwPSaJKfmUYhBkg1ohvMgffWlSluprblPNCbBzL4u8HJPoU/2A2tL0HCn5jRI3pTSz5n+IYg6Ir4mm46YQBpww/sz1woxc=
u4ImGlyDLY/sFLQQW3Kt2rKHu66n79h6Xiz8rLpoaAmAwKPFfpz80c9k32quHHg/jZCoe4JEAMP+8vNTQHBMgPsq8MjZKagmWLRm4NZKXHxlO1NSC2ujAg==
rIDjfa9yiKRf46UtvWuWeUpkJH2bwH6ZnVKJ9N5L+ULcEGz0/42on8fIwPmzRhFpKjBUnN2TX/R3xlY53aNVTClwFGNR/NwY2aCQOBvfXHKVdPtF23S/c+R4RU6ter+Un7T365qnFXFWozE=
rIDjfa9yiKRf46UtvWuWeUpkJH2bwH6ZnVKJ9N5L+ULcEGz0/42on8fIwPmzRhFpKjBUnN2TX/R3xlY53aNVTClwFGNR/NwY2aCQOBvfXHKVdPtF23S/c+R4RU6ter+Un7T365qnFXFWozE=
NkRDKQcFApfqgdFxJm425G0EnqYvsmIkFmdLEnfA4tJIHXmWkGH+msCSGmR72SzenMIvDOgyxRdIVJwCDgpaxKwe0f0riDd1oxA=
SgDzwP+SPWkt+PNntI9jrQUoysFwJRbeFUP37NTVm/tDYF/A4u8HJPoU/2A1tL0HCn5jRI3pTSz5n+IYg6Ir4mm46YQBpww/sz1woxc=
GnwcXOCZCYDngYajeW6eYn81mZN1xwh7Di06OBn+0rRAFh4fmZqHlXrhFvlNs+OW52SqBmgJcbLApVYOQAayoCv9JMq8FmeoeLZtwwiAtAYeLhIQDIpZWXtMH2GjBA==
sqPdNj/on6C+7y80P7o4XhEv3cEhaRDODkS4vdDVm/tDYF/A4u8HJPoU/2A1tL0HCn5jRI3pTSz5n+IYg6Ir4mm46YQBpww/sz1woxc=
WnOwS5IjtBaZOZ/AfqKdihkg1ohvMgffWlSluprblPNCbBzL4u8HJPoU/2A1tL0HCn5jRI3pTSz5n+IYg6Ir4mm46YQBpww/sz1woxc=
SgDzwP+SPWkt+PNntI9jrQUoysFwJRbeFUP37NTVm/tDYF/A4u8HJPoU/2A1tL0HCn5jRI3pTSz5n+IYg6Ir4mm46YQBpww/sz1woxc=
iBJrwdnrt8IxCiy1Fu1PkW0EnqYvsmIkFmdLEnfA4tJIHXmWkGH+msCRGmR72SzenMIvDOgyxRdIVJwCDgpaxKwe0f0riDd1oxA=
p+8TSRQSSUgTqsCCN5qsmwUoysFwJRbeFUP37NTVm/tDYF/A4u8HJPoU/2A2tL0HCn5jRI3pTSz5n+IYg6Ir4mm46YQBpww/sz1woxc=
4Pj1OUOc/zeN3+CYXpXaIhEv3cEhaRDODkS4vdDVm/tDYF/A4u8HJPoU/2A2tL0HCn5jRI3pTSz5n+IYg6Ir4mm46YQBpww/sz1woxc=
17D+SP9xMYwPSaJKfmUYhBkg1ohvMgffWlSluprblPNCbBzL4u8HJPoU/2A2tL0HCn5jRI3pTSz5n+IYg6Ir4mm46YQBpww/sz1woxc=
u4ImGlyDLY/sFLQQW3Kt2rKHu66n79h6Xiz8rLpoaAmAwKPFfpz80c9k32quHHg/jZCoe4JEAMP+8vNTQHBMgPsq8MjZKagmWLRm4NZKXHxlO1NSC2ujAg==
sqPdNj/on6C+7y80P7o4XhEv3cEhaRDODkS4vdDVm/tDYF/A4u8HJPoU/2A1tL0HCn5jRI3pTSz5n+IYg6Ir4mm46YQBpww/sz1woxc=
WnOwS5IjtBaZOZ/AfqKdihkg1ohvMgffWlSluprblPNCbBzL4u8HJPoU/2A1tL0HCn5jRI3pTSz5n+IYg6Ir4mm46YQBpww/sz1woxc=
O6Gk3PUR8UiWkyu63QRDb7KHu66n79h6Xiz8rLpoaAmAwKPFfpz80c9k32quHHg/jZCoe4JEAMD+8vNTQHBMgPsq8MjZKagmWLRm4NZKXHxlO1NSC2ujAg==
c6XPGg3k5BmzffKV/nWGd0pkJH2bwH6ZnVKJ9N5L/0LcEGz0/42on8fIwPmzRhFpKjBUnN2TX/R3xlY53aNVTClwFGNR/NwY2aCTOBvfXHKVdPtF23S/c+R4RU6ter+Un7T365qnFXFWozE=
NkRDKQcFApfqgdFxJm425G0EnqYvsmIkFmdLEnfA4tJIHXmWkGH+msCSGmR72SzenMIvDOgyxRdIVJwCDgpaxKwe0f0riDd1oxA=
LXLeFT/GVxvu6ChYeZ33HLKHuq6n79h6Xiz8rLpoaAmAwKPFfpz80c9k32quHHg/jZCoe4JEAMD+8vNTQHBMgPsq8MjZKagmWLRm4NZKXHxlO1NSC2ujAg==
qlMPGmO75/3zLxJxyvhYykpkJH2bwH6ZnVKJ9N5L+ELbEGz0/42on8fIwPmzRhFpKjBUnN2TX/R3xlY53aNVTClwFGNR/NwY2aCTOBvfXHKVdPtF23S/c+R4RU6ter+Un7T365qnFXFWozE=
qlMPGmO75/3zLxJxyvhYykpkJH2bwH6ZnVKJ9N5L+ELbEGz0/42on8fIwPmzRhFpKjBUnN2TX/R3xlY53aNVTClwFGNR/NwY2aCTOBvfXHKVdPtF23S/c+R4RU6ter+Un7T365qnFXFWozE=
rz9l114HbDb1F/UJzADH0TcZ9RpZyf/W+riNoQ698Oc6UemxnyYam94mtZTm/swQW/qwGPk5qDZ4ZCYwdtrc7MXrE4Ire6MS
jldgKpALXDBa7G99zKh1tfPm13ZZz/rkF0ob9q2YYfkwGz+XAty9rQZJ0NviFTkdN7KaB2aCRdguyqzsQ/6gdBFt6OoAgJa8/q58UJ0vQ64Db6MO
ZITntuz6SW+1wfBIDOxbiWC0dNtL79cd94kJZa+atQRuFlvb09HDXV8qptsqDIcErYFCVAwYaIyMrZqNXzqskMMJBwy/lO9d10RDW7A4kaYRCjMMCxSDU1Z3SRliowU=
ciGhDahilzAwniYBk5ZPDeZjfHAtwAPckN7Hw6AuX0q4ps2zScZc3gJChtXjNilBXdjY5+6uwNS/nFtsRv8V1ZwabhZFk3J7AE1+T/HzM9Da4eroHQY62Nxav0TIOvVvyKysCi7CylxsBsG1ywBHTaMo
ciGhDahilzAwniYBk5ZPDeZjfHAtwAPckN7Hw6AuX0q4ps2zScZc3gJChtXjNilBXdjY5+6uwNS/nFtsRv8V1ZwabhZFk3J7AE1+T/HzM9Da4eroHQY62Nxav0TIOvVvyKysCi7CylxsBsG1ywBHTaMo
NkRDKQcFApfqgdFxJm425G0EnqYvsmIkFmdLEnfA4tJIHXmWkGH+msCSGmR72SzenMIvDOgyxRdIVJwCDgpaxKwe0f0riDd1oxA=
LXLeFT/GVxvu6ChYeZ33HLKHuq6n79h6Xiz8rLpoaAmAwKPFfpz80c9k32quHHg/jZCoe4JEAMD+8vNTQHBMgPsq8MjZKagmWLRm4NZKXHxlO1NSC2ujAg==
NkRDKQcFApfqgdFxJm425G0EnqYvsmIkFmdLEnfA4tJIHXmWkGH+msCSGmR72SzenMIvDOgyxRdIVJwCDgpaxKwe0f0riDd1oxA=
SgDzwP+SPWkt+PNntI9jrQUoysFwJRbeFUP37NTVm/tDYF/A4u8HJPoU/2A1tL0HCn5jRI3pTSz5n+IYg6Ir4mm46YQBpww/sz1woxc=
sqPdNj/on6C+7y80P7o4XhEv3cEhaRDODkS4vdDVm/tDYF/A4u8HJPoU/2A1tL0HCn5jRI3pTSz5n+IYg6Ir4mm46YQBpww/sz1woxc=
WnOwS5IjtBaZOZ/AfqKdihkg1ohvMgffWlSluprblPNCbBzL4u8HJPoU/2A1tL0HCn5jRI3pTSz5n+IYg6Ir4mm46YQBpww/sz1woxc=
SgDzwP+SPWkt+PNntI9jrQUoysFwJRbeFUP37NTVm/tDYF/A4u8HJPoU/2A1tL0HCn5jRI3pTSz5n+IYg6Ir4mm46YQBpww/sz1woxc=
JfrOtK2en0irZ1LmpqCRf381npN1xwh7Di06OBn+0rRAFh4fmZqHlXrhFvlNs+OW52SqBmgJcbLApVYOQAayoCv9JMq8FmeoeLZtwwiAtAYeLhIQDIpZWXtMH2GjBA==
sqPdNj/on6C+7y80P7o4XhEv3cEhaRDODkS4vdDVm/tDYF/A4u8HJPoU/2A1tL0HCn5jRI3pTSz5n+IYg6Ir4mm46YQBpww/sz1woxc=
WnOwS5IjtBaZOZ/AfqKdihkg1ohvMgffWlSluprblPNCbBzL4u8HJPoU/2A1tL0HCn5jRI3pTSz5n+IYg6Ir4mm46YQBpww/sz1woxc=
SgDzwP+SPWkt+PNntI9jrQUoysFwJRbeFUP37NTVm/tDYF/A4u8HJPoU/2A1tL0HCn5jRI3pTSz5n+IYg6Ir4mm46YQBpww/sz1woxc=
iBJrwdnrt8IxCiy1Fu1PkW0EnqYvsmIkFmdLEnfA4tJIHXmWkGH+msCRGmR72SzenMIvDOgyxRdIVJwCDgpaxKwe0f0riDd1oxA=
p+8TSRQSSUgTqsCCN5qsmwUoysFwJRbeFUP37NTVm/tDYF/A4u8HJPoU/2A2tL0HCn5jRI3pTSz5n+IYg6Ir4mm46YQBpww/sz1woxc=
V5dzD6RycRr4J21zxfmKAH81mZN1xwh7Di06OBn+0rRAFh4fmZqHlXrhFvlNs+OW52SqBmgJcbLApVYOQAWyoCv9JMq8FmeoeLZtwwiAtAYeLhIQDIpZWXtMH2GjBA==
sqPdNj/on6C+7y80P7o4XhEv3cEhaRDODkS4vdDVm/tDYF/A4u8HJPoU/2A1tL0HCn5jRI3pTSz5n+IYg6Ir4mm46YQBpww/sz1woxc=
WnOwS5IjtBaZOZ/AfqKdihkg1ohvMgffWlSluprblPNCbBzL4u8HJPoU/2A1tL0HCn5jRI3pTSz5n+IYg6Ir4mm46YQBpww/sz1woxc=
SgDzwP+SPWkt+PNntI9jrQUoysFwJRbeFUP37NTVm/tDYF/A4u8HJPoU/2A1tL0HCn5jRI3pTSz5n+IYg6Ir4mm46YQBpww/sz1woxc=
rz9l114HbDb1F/UJzADH0TcZ9RpZyf/W+riNoQ698Oc6UemxnyYam94mtZTm/swQW/qwGPk5qDZ4ZCYwdtrc7MXrE4Ire6MS
jldgKpALXDBa7G99zKh1tfPm13ZZz/rkF0ob9q2YYfkwGz+XAty9rQZJ0NviFTkdN7KaB2aCRdguyqzsQ/6gdBFt6OoAgJa8/q58UJ0vQ64Db6MO
S9S/7MEKgDVt9F/Nsn4Wbu/uyz9G2OvlWF1JoOOWbvExF3ycAty9rQZJ0NviFTkdN7KaB2aCRdguyqzsQ/6gdBFt6OoAgJa8/q58UJ0vQ64Db6MO
R9B/2ccBS15CoMr9pspYbHWeta+8pZRiKoKYYsx7VWufRRUXTjWH6eillU5IHR3iVO9QLH0w34lAUBYIcmiuxah5ZXoWZHFhpeglBHXZVcwx70qY6xLjwnFI0cTZN3Sfe21Yoz8=
/+eTwjsRJTHVao10LscSo1nd7cVBNmmZ0HhDtsh2f0pKEG3Z3vWwaFm5/9zONxqU/QbLYrY2DEirkhCgabEorsjMxkimkpw0tQMzujtzowo=
3PfnEWZKh2PYt+oHS78a+Ho3hQTHpt3hr+rLYkM82ZaIhAloaPzTCqCivwaSNB3F1oGQRCF9L6Bmo5oYZWJ7vv4C7CSTlgCcgeVoYpBoNtQuZjyYTUdjRhNnowY=
jRfPP95zYsufBuv5kgVnFGY/mU3Ysczg4P2ZNA0y1p6JiEpjaPzTCqCivwaSNB3F1oGQRCF9L6Bmo5oYZWJ7vv4C7CSTlgCcgeVoYpBoNtQuZjyYTUdjRhNnowY=
JcdkkuNrogd3ubL0ZiBP5uVanM9pHCkHgzIwLToGeJwLdBz99GNWVmVVDRYUKyHSs++3gsryZ1/vHuXv54A3afggTsjdq/aT1Sh0eglnUZ9zuF1ErSntrFlfwhhjYktiifiJhOHnrL8TfVCjNw==
nqH3a/GME/6++xfax1NUuPvp3D8XlO31Q1oG8eeWbvExF3ycAty9rQZJ0NviFTkdN7KaB2aCRdguyqzsQ/6gdBFt6OoAgJa8/q58UJ0vQ64Db6MO
jldgKpALXDBa7G99zKh1tfPm13ZZz/rkF0ob9q2YYfkwGz+XAty9rQZJ0NviFTkdN7KaB2aCRdguyqzsQ/6gdBFt6OoAgJa8/q58UJ0vQ64Db6MO
S9S/7MEKgDVt9F/Nsn4Wbu/uyz9G2OvlWF1JoOOWbvExF3ycAty9rQZJ0NviFTkdN7KaB2aCRdguyqzsQ/6gdBFt6OoAgJa8/q58UJ0vQ64Db6MO
sqPdNj/on6C+7y80P7o4XhEv3cEhaRDODkS4vdDVm/tDYF/A4u8HJPoU/2A1tL0HCn5jRI3pTSz5n+IYg6Ir4mm46YQBpww/sz1woxc=
WnOwS5IjtBaZOZ/AfqKdihkg1ohvMgffWlSluprblPNCbBzL4u8HJPoU/2A1tL0HCn5jRI3pTSz5n+IYg6Ir4mm46YQBpww/sz1woxc=
SgDzwP+SPWkt+PNntI9jrQUoysFwJRbeFUP37NTVm/tDYF/A4u8HJPoU/2A1tL0HCn5jRI3pTSz5n+IYg6Ir4mm46YQBpww/sz1woxc=
8gmqGDRfl6K6afBBrCHk4Fqx+kifPJNZyHKlMnTwpCs591BZNwyE/dZyuDP8LnegWH4dW4gYRE4+JgIozPLJ0RuEL3mjHA==
hHwMzQRsdobhZ9uuv5Q3lFqx+kifPJNZyHanPHTwpCs591BZNwyE/dZyuDP8LnegWH4dW4gYRE4+JgIozPLJ0RuEL3mjHA==
MDgNCJ/YLLQuJF13uy0dELXuoB8+2+z5QQZgmKwW1wbBZuK5k8ilibUbCSbQOmj3bGwYhbeCdAUVyhauPYHFF3FUpzX53coyU0LQsk9zBmy4gZ3TQz4ODgM2KJU8sn8JPT0lFgQs1L/8i1cIT6fs/HMlZDCFI6hUO5MQn0/quuFnd26NU8hJcAkUMor1scxwG9owODnZqNa4RKYQNrrcjIXLk6Lrm6Py
wYI4QpyEhCU5R+3SYMlCRJdW/wLJQ/Agt/t9Y47JX////zl11i4dZHk0Y7VjFLdDjPjtPqVaxyQH9M/7wgedIX6jGQ==
WA7rIbxAiRkXawjYjVQ/5xkJ4Iyu0Q1R1bo2RgQsaw7mO6VHOF5ABjsuv5HF3XksqZqmS0dgP8S2LqJhQIZwkrKimqdSHnO+jKkoYVfeyV1jxDZGA/eGq6CBfbbVlMjSbksbRaaUw5UIMOtHahizheacHNV7Uk4RyqrGARFpZwcRDvnfUJQv3RdEg9twOFEm0QrzjMsUQ9OWd4mZoqPF
5F0TZf788SH9j7kH+IQYeR1hpJUnE6jvXt87ajVlP4YeKiey9ikh7+/oJFluRv0NpHTbBTv037MEeGWODfofVP+0F6v6J7UxdqMR
iC+rFpHddzfShRpDOQQKojfV4vL36NM2V8nVOpp5U2epHx8aHX/Ntemwg0BOVRSlRuRRb28l1JRBTSVcOzqu3ahyWBdPYmB6teI6BHXZVcwx70qY6xLjwnFI0cTZN3Sfe21Yoz8=
nDx4Lfj25blDidZO77DBcfaEJ1eNrSoBhh6IHc/VDwesVF1eWt65kPkuSkoYFZvhkQm2gJ9cU/lIlmdcdNDki7mXkHk3LESdVtL4E/xOt0DY3t0yj/gE7r5GQsjM0glxm2RvWaM8
TNzWu6XuxMbHY8Utlhb5Phd+YCxRRiViWuLBrAkSMvb4qeNdYbXOPF9gK8W4qh9glOycN0kr6MW3kDwhpm6ALxxyz3wo4qUOT0R8Uk76OnQsbnFNa1gXZaMA
5KlcKS54iBDasdqUH71/GSppy9cvmVEZQ08tZlrmybgZBhoS2M3LiTHhBvgfpOOR6H63BDQINKPZv2BBNxS0tTb6KMu8FmeoeLZtyg+AtAYeLhIQDIpZWXtMH2GjBA==
2gDcKAX1xw0Nf5YIRshIxgNa5PIeq3ADdE8tZlrmybgZBhoS2M3LiTHhBvgfpOOR6H63BDQINKPZv2BBNxS0tTb6KMu8FmeoeLZtyg+AtAYeLhIQDIpZWXtMH2GjBA==
6ZFRALMu957uLHGfX2ULN3M1mRjFp93noeDaZE02kZyGhEg/f/eJC6qevwaHPwDEy7LEWmB9AfUsh/dWcHt+oPQd7CSTlgCcgexvYpBoNtQuZjyYTUdjRhNnowY=
P75VyIp50srJV38S/tTqQaLR23K9ew4luTwEdP/rrsiaW1+LaBFC5Ues75sfj0ymBRGLCAIsQlcUr2LcYBO1eC7J/lI+Tdfa7Pn2SCGzLGAydheoNqqNzT9MCRWKXkuuhInwEf9eoe27pD5Wezde2yghBWb9lOACFuuTNX5Uu4UAUDP3Apgb9T68FMVDEpahQkp+UflpD9epbnFvCFQXzR9k2yvRv7mWier7nDNUGyMe13HJiqPt
wlZ+w0y75Q/Q5VLLtcFfch1hpJQnE6jvXt87ajVlP4YeKiey9ikh7+/oJFluRv0NpHTbBTv037MNf2WODfofVP+0F6v6J7UxdqMR
TDVdJHI/KVQs+w/Zvi2wVuxEncJnCGxFyGxsbnM6KpoaaS6zrTIeVmJINFkJcmaLpvK9jYfya3y6A9K8iNIrb+w9foH86qm1kHJePxVlGJhxuF1ErSntrFlfzh5jYktiifiJhOHnrL8TfVCjNw==
539PW+4YOHHfpvSuBjvdKXwS0hp1dOectEMWv/ZG1hJlATAVrCRTEv9f5vkhoWwWJjCzsAjTQqhGg04uKQlNrQrWZoKlUKSFXuqp0dzzqFcpZzUUOu1L/vmISHHJEwp5n+o9TZFYdphHEIiRLIXfB2guRAEqk8n9u4r6QdZj4d1WbuwnBQlf4G6cRyBAf7B8D+tJu13seNJUTZh9H4IjSfw+58M8Ktm9CIY/Rbg1A+SKQ9OxVrfvdolCLaK6wNmfHPLP/ChipYtOxH/STno69Czucc1r2Bflo4A=
/0UQE5Ph/9t0aiN5JvIwMbn15xYEho2CcQEmjppvfdprJZWbhfY7ijv4H3FKCc2Qv8djrwmZB0+RqhIFB1L06iSV5ow6aI0ugGd+zEXrpN28RTmRCR4y80/8+Y5Ea9EdPouv/CFn+WaSuif2pOsUa4tVuBg4y+LNjT97zDabji0Vbya4ME2t9/uCzjormrjRJO6fnfUx1XL8UNTLFOeHDJc7TKh7adSUvR/o4JO/AFvXNtr1L/seaSs0yYRh+GIOra3spJMWAByBaW7ik+g2VC7mPBhNx2PGE+ejhg==
cPXt6WvV5tdMaqHxQXAqCK01QUBfLc0twfWRDLgggrvD8kdp2GNlmcCv7hRWZG6MfIjM6T6LYm8CoL+my49B0w19Y4wVOb0S9u57O14oRibMse6Pk7ZwzX15CcruTZa08hdzt/pt1eAL12E6frgQMbwQh95mhm5vnhsrmP4yxr82/hdG8FmkqVMeTZVv9Ir+J9ciM3yRsT4RlAxaolvH3QK05y20AOeP7ti3TWpsYC0fsioJljqKCVXpow/dniXHtPTLpes0D5N4ftVt3TpPNO8050vKZ8UR5qOB
8oaOdiKSzeQ7L9HszzFYL601QUBfLc0twfWRDLgggrvD8kdp2GNln8Cv7hRQZG6MfIjM6T6LYm8CoL+m55hB2hFzdIwVOb0S9u57O14oRibMse6Pk7ZwzX15CcruTZa08hdzt/pt1eAL12E6frgQMbwQh95mhm5vnhsrmP4yxr82/hdG8FmkqVMeTZVv9Ir+J9ciM3yRsT4RlAxaolvH3QK05y20AOeP7ti3TWpsYC0fsioJljqKCVXpow/dniXHtPTLpes0D5N4ftVt3TpPNO8050vKZ8UR5qOB
JCvnXZlNFBCEq9J1mvt3g2Fe0Pfd2rndWb5VPhfKLaodcnVOGIwx7d5lL88G6eA37H8NOy+MLjDjeVA476cQQhe18UYXoMNhm/7Qjl3XeDBQCrqBGIOFrnbBe3kPxuhVgLgEJwWb7HXzDC23R9ZY4MYdyiBxkjBeqCPY223UOOqQ88BOYeomAQJF9X7reclsHFJRZ9S/6gk3spcUitYkw1FR9ASRgSKYQWNIuBGhzDS2gWkC3EXA4kxFEynlQxtGc4tCxL2JPWwpf14e84H7IlkYmQQRR9x/wx3go4c=
jZ8EMBZkqX3qin7sUogSfa01QUBfLc0twfWRDLgggrvD8kdp2GNln8Cv7hRQZG6MfIjM6T6LYm8CoL+my49BzRB8aYwVOb0S9u57O14oRibMse6Pk7ZwzX15CcruTZa08hdzt/pt1eAL12E6frgQMbwQh95mhm5vnhsrmP4yxr82/hdG8FmkqVMeTZVv9Ir+J9ciM3yRsT4RlAxaolvH3QK05y20AOeP7ti3TWpsYC0fsioJljqKCVXpow/dniXHtPTLpes0D5N4ftVt3TpPNO8050vKZ8UR5qOB
WhAg5v1tuTqk2yeQkNsDrWFe0Pfd2rndWb5VPhfKLaodcnVOGIwx695lL88A6eA37H8NOy+MLjDjeVA4/qESVxOh8UYXoMNhm/7Qjl3XeDBQCrqBGIOFrnbBe3kPxuhVgLgEJwWb7HXzDC23R9ZY4MYdyiBxkjBeqCPY223UOOqQ88BOYeomAQJF9X7reclsHFJRZ9S/6gk3spcUitYkw1FR9ASRgSKYQWNIuBGhzDS2gWkC3EXA4kxFEynlQxtGc4tCxL2JPWwpf14e84H7IlkYmQQRR9x/wx3go4c=
k/0mYQT8pY+5kNwTDGRX3XwS0hp1dOectEMWv/ZG1hJlATAVrCRTFO4Hvuk3qjhJITOmmU6wBepR21luLTtKux/LZoKlUKSFXuqp0dzzqFcpZzUUOu1L/vmISHHJEwp5n+o9TZFYdphHEIiRLIXfB2guRAEqk8n9u4r6QdZj4d1WbuwnBQlf4G6cRyBAf7B8D+tJu13seNJUTZh9H4IjSfw+58M8Ktm9CIY/Rbg1A+SKQ9OxVrfvdolCLaK6wNmfHPLP/ChipYtOxH/STno69Czucc1r2Bflo4A=
ZHchqe5VaZFNp0VtM3jwX3wS0hp1dOectEMWv/ZG1hJlATAVrCRTFO4Hvuk3qjhJITOmmU6wBepR21luJChAph/JZoKlUKSFXuqp0dzzqFcpZzUUOu1L/vmISHHJEwp5n+o9TZFYdphHEIiRLIXfB2guRAEqk8n9u4r6QdZj4d1WbuwnBQlf4G6cRyBAf7B8D+tJu13seNJUTZh9H4IjSfw+58M8Ktm9CIY/Rbg1A+SKQ9OxVrfvdolCLaK6wNmfHPLP/ChipYtOxH/STno69Czucc1r2Bflo4A=
TNhSmrPRXXyQMC2eRI5xEFadyaPw9d10fuWd2msENer4DMS/akQjmL8iv9Zldd8HpqJ6/wIKhVDWV4ODGnOZpf3JjkrIP5hX4jzd4kgjPjB9n5QxlCEZjREKIv9H+PmyPF8hMVavT6B5sykq2n7nihwfpAcjsRiEoF9yQQW7+3DOL/6B/ctGZOgZ/Tszxo7GE+6IPQyKv4HtJcV+9FTU92zTdyD/H6z0I70E2PXbKJwrS7A3f9J6abdvjuWjsEk4mUwSokUJjHhLQlDQSS0uHqucBrgGghwEVdNzyhvjo7o=
n4e06sk+XTgxxzEqIq/4d4US8c5aeMP0fABLmmTXXY7IwLyyv0M7v9UJQXPuSiBUxz1ny5XQeTHaELOYvcBm4eCIRQKGDKnSoKgwP2nuRUX8MKOcoGYN4e05wbYwLhWkN2x0j/Yr4SuF38DVcbYIKsBTUM7RClbB0iXFfptZGSys8iHnRN86yUeShxSa9lQDgTFkhOEhktiRQzi4IcEc9MZh2YJM5ZAifCUDKfWjKwajK9JEDenNLHmfbBkDrqvi6bhphIGnjD8zPfCjlw==
Kd4hz7fsufh5PM4e7mokgKuxTf7eAPpeqlPJVILLwrG6wFUqi85jpFPJZHmolO9ak1qWuHWRysZI6n7PjQPq6KoZ+thGGyK1v+5g/NmPwj4kDwDshUaDlEZH8Fzo9C65x8n9sN/e9eW1ltgRFtNBLdbeDFfF2T/wboyncACP0MyPm+kLHTxYwlRduK1fMoM5fI6HM3x6Oa0Ill+VeEXjVAqzcwGW589miVIN8npweW+cQi+M6LLFmUnUkIIOilpErJ7RfSsIN/WjkA==
YPEEmNJXM2TbP/0noKUwjhN2p6NbQrIF3bTH6/ekyk89DiO6+KyNOCc7Hl/oGywyPdaM8yt0MI+94JRq4ANO6pvRDggeuYz4S8JQUEmgKJ6sHQY4BgIchFVTc0obY6M6
PED6bPoHOsI4Mfrj9rQsoagXK2rYoOn/WO32BMo7cLZB+80CGzdp2WD1bZTJnbj5U4hTYtETDHsISwqEZuoeblYKHfbJPUO9vwDfgoAHkdCpKPB2VG1mRtYeRPrcS0QupfIqMV7Nkb7PcRUckMqVR9BHppmL+nMUbp6YUx2p8CRVGa7onWtseHUpkAS6ma1iWP2M8jCNt6lBC+dWvzPGJPmRMVz197dY146m0tWA3SQVPxDvf9WEo+M=
DRdgukOZUUlMHP1eCVJxtmujnMfOqKJMH+MSMnsGPYzGoH20iZ+btDhqP90RJB7C1lqJgfuH1YM49XhrljGsvFISV77NYE5mTsPF1Bj+HsEivxeLJvkgbeavuVE2ovQrNaXHjK7wXwzw8yiwb+cRd+1AoL5UIUDRr057RZzyf0+MBsHRyOqn6Yg5Gyjqz4t9Zps3Ggku9Y6KDIETfD7X8BjOPeqIqGD//vaiOEziKQHbdM+Jo+w=
vDVY2fzq2i9NJDdxqUAf66KEgpiC5thFGK6ZzdussFQ/2yJ6u07N9CY47TwJFwssWJJPFVHsLvr2QpmJ+4/FmxjNSKPW+dxEMorHNk3o3v6uuzWc2LYu+QKnB4Mm8TB1xpeJGfbqBFPVPVcELnjPlJALWHgvLyFPzViwtlQpUMmPdkuN3DoPt+yeUVlIYjdxaEHrYCqHu0VGgycSCSbllqo0sVu8dieI+FatYggg8GeeDtLwDCoZOfts34Gj5A==
ptYOstrE0hZaSnl+Eu0xBrxM+1bTUcAS0a8ZbORAk5+qbgftFkiLYOHeDh7JHikJFzZAhFsHQeIi8P5EnYv78Tnh4Lu80SaXMC7a7CNUrbYCpHbt4c4I+OKzyuHDweZPjM9+IT2rRkSo+X2b86aO5lMOCJ3M6r+hrcVF3jQ01NcsM/eAP3+s1GNdhHg1uyi8a6swl7+yekn3jw5FY9BJGNmskgKFaYxYC6LQcIlAKD7sfYYYxuIcJBUz82rbg6Oa
KXlkzUVfBdmAIgx23UtE/++aP3zLCZjqfQbntcYAS9hRdq6GWZap8WfeIFwLzwHaEtjeXI2D+4nJiQDjbJnmL4CGenSz3C1OckwWNbEGSMDSm+r508nmN3ynnnnt44b8GFHdA2MuDh4j5mhFnCL/mZ3tZcYkPNSv3FsX2O83bGzT9STgpTOoRBtDUE/vejpxx6cuXXPYSWApxHJaVSFM4LsKcOgZyKjGnJXmwJYqXBwlG9Nyy4uj4g==
3FkPlQTlAcUGvBgOUo0OGuMeIW2ItOzkQfulQ9AgZ6NB+80CGzdp2WD1bZTJnbj5U4hTYtETDHsISwqEZuoeblYKHfbJPUO9vwDfgoAHkdCpKPB2VG1mRtYeRPrcS0QupfIqMV7Nkb7PcRUckMqVR9BHppmL+nMUbp6YUx2p8CRVGa7onWtseHUpkAS6ma1iWP2M8jCNt6lBC+dWvzPGJPmRMVz197dY146m0tWA3SQVPxDvf9WEo+M=
3muxWI9NsHM9ggrxZIBa+++aInDNG4PjTQbntcYAS9hRdq6GWZap8WfeIFwLzwHaEtjeXI2D+4nJiQDjbJnmL4CGenSz3C1OckwWNbEGSMDSm+r508nmN3ynnnnt44b8GFHdA2MuDh4j5mhFnCL/mZ3tZcYkPNSv3FsX2O83bGzT9STgpTOoRBtDUE/vejpxx6cuXXPYSWApxHJaVSFM4LsKcOgZyKjGnJXmwJYqXBwlG9Nyy4uj4g==
C7enettZ60ODFDn+B7ZtYnHaVeBR4GP5epllG6nUfK1P3Wooz6faBlsyNYjWRBVAyWvzUKjut2mxkNaGBj5h9fvzPefosbDfNoUkOML2P0qNlCaCXsfN4DjK1oXy2///po3ICTbrcWUWlvwvJUGveO4EN+hgd6AEz1PZMz0kSMpUVai1fwqz8TxG98sc4qkliB7PDZg9ExzK+0M5tv/fbolaHepaSEknXArf9AgqVR7IXAgbbnIqjOxW4UULECf9o5g=
LD8B5SuYtuP2yJ8Fv3sexmntcKQGOMD1UY0EaNWadwF+rOu8uQpe0oHaaTUvAnCocyNh/jrk7kiVj/uNwZUQ11S1xsvoegqg6xBtCroQxkFJaqhkeidabUtFZrP0Ow7NVU8mmPAtLVe7Ys7aazo4seTOn7210VXSPDDUq9RHB+zXG0yIuwlUNP3/6ADTH4A7Fxba1W8bnsnrVMnkoVji7u2N7IRTdoC8wYRoAtRJtjTuxjw4DSfjZtOHo+Y=
+r5ZKp3u0tONkLw0XIR5GmjkbbMAO4nnAYMYYtDbQ09ytuOpuQpe0oHaaTUvAnCocyNh/jrk7kiVj/uNwZUQ11S1xsvoegqg6xBtCroQxkFJaqhkeidabUtFZrP0Ow7NVU8mmPAtLVe7Ys7aazo4seTOn7210VXSPDDUq9RHB+zXG0yIuwlUNP3/6ADTH4A7Fxba1W8bnsnrVMnkoVji7u2N7IRTdoC8wYRoAtRJtjTuxjw4DSfjZtOHo+Y=
2GwbR533PdOWTL/UHmDE/zT2+FW7pmre2fVRTaACL1wk9Ctly7Qv0xV4dao8uq/0TzSHC6rn5dEGo2E=
2c3AHQuuZV6Dpq5BK8vDNYYgOMJxdxrhIlhu8h+NTGC7inBoGUioRpwV5kCWqlycJZvT8ssLo2I=
ldZWVTX07fgwpkdYXHseNNG70I+EsA6KxURPr7Y22NeMyQs5SvgaglyK33QIqlWeyNwIm27yKgzs1uHFC5AnfaMY
bMrcVOnqMhu1OOkrrPRLWIUS8c5aeMP0fABLmmTXXY7IwLyyv0M7v9UJQXPuSiBUxz1ny5XQeTHaELOYvcBm4eCIRQKGDKnSoKgwP2nuRUX8MKOcoGYN4e05wbYwLhWkN2x0j/Yr4SuF38DVcbYIKsBTUM7RClbB0iXFfptZGSys8iHnRN86yUeShxSa9lQDgTFkhOEhktiRQzi4IcEc9MZh2YJM5ZAifCUDKfWjKwajK9JEDenNLHmfaxsDpq3i4LtphIGnjD8zPfCjlw==
ezyiA/lbYLkVAgad9bLXXauxTf7eAPpeqlPJVILLwrG6wFUqi85jpFPJZHmolO9ak1qWuHWRysZI6n7PjQPq6KoZ+thGGyK1v+5g/NmPwj4kDwDshUaDlEZH8Fzo9C65x8n9sN/e9eW1ltgRFtNBLdbeDFfF2T/wboyncACP0MyPm+kLHTxYwlRduK1fMoM5fI6HM3x6Oa0Ill+VeEXjVAqzcwGW589miVIN8npweW+cQi+M6LLFnkvUmIQOg1lErJ7RfSsIN/WjkA==
ezyiA/lbYLkVAgad9bLXXauxTf7eAPpeqlPJVILLwrG6wFUqi85jpFPJZHmolO9ak1qWuHWRysZI6n7PjQPq6KoZ+thGGyK1v+5g/NmPwj4kDwDshUaDlEZH8Fzo9C65x8n9sN/e9eW1ltgRFtNBLdbeDFfF2T/wboyncACP0MyPm+kLHTxYwlRduK1fMoM5fI6HM3x6Oa0Ill+VeEXjVAqzcwGW589miVIN8npweW+cQi+M6LLFnkvUmIQOg1lErJ7RfSsIN/WjkA==
ezyiA/lbYLkVAgad9bLXXauxTf7eAPpeqlPJVILLwrG6wFUqi85jpFPJZHmolO9ak1qWuHWRysZI6n7PjQPq6KoZ+thGGyK1v+5g/NmPwj4kDwDshUaDlEZH8Fzo9C65x8n9sN/e9eW1ltgRFtNBLdbeDFfF2T/wboyncACP0MyPm+kLHTxYwlRduK1fMoM5fI6HM3x6Oa0Ill+VeEXjVAqzcwGW589miVIN8npweW+cQi+M6LLFnkvUmIQOg1lErJ7RfSsIN/WjkA==
ezyiA/lbYLkVAgad9bLXXauxTf7eAPpeqlPJVILLwrG6wFUqi85jpFPJZHmolO9ak1qWuHWRysZI6n7PjQPq6KoZ+thGGyK1v+5g/NmPwj4kDwDshUaDlEZH8Fzo9C65x8n9sN/e9eW1ltgRFtNBLdbeDFfF2T/wboyncACP0MyPm+kLHTxYwlRduK1fMoM5fI6HM3x6Oa0Ill+VeEXjVAqzcwGW589miVIN8npweW+cQi+M6LLFnkvUmIQOg1lErJ7RfSsIN/WjkA==
ezyiA/lbYLkVAgad9bLXXauxTf7eAPpeqlPJVILLwrG6wFUqi85jpFPJZHmolO9ak1qWuHWRysZI6n7PjQPq6KoZ+thGGyK1v+5g/NmPwj4kDwDshUaDlEZH8Fzo9C65x8n9sN/e9eW1ltgRFtNBLdbeDFfF2T/wboyncACP0MyPm+kLHTxYwlRduK1fMoM5fI6HM3x6Oa0Ill+VeEXjVAqzcwGW589miVIN8npweW+cQi+M6LLFnkvUmIQOg1lErJ7RfSsIN/WjkA==
ezyiA/lbYLkVAgad9bLXXauxTf7eAPpeqlPJVILLwrG6wFUqi85jpFPJZHmolO9ak1qWuHWRysZI6n7PjQPq6KoZ+thGGyK1v+5g/NmPwj4kDwDshUaDlEZH8Fzo9C65x8n9sN/e9eW1ltgRFtNBLdbeDFfF2T/wboyncACP0MyPm+kLHTxYwlRduK1fMoM5fI6HM3x6Oa0Ill+VeEXjVAqzcwGW589miVIN8npweW+cQi+M6LLFnkvUmIQOg1lErJ7RfSsIN/WjkA==
d+p7yGr0lIPZfX3tLWg6i5PKjFYSj/dkKjTPYAaU7cd6nhPEHUkd7Mm/+BqTxt2isNt5BLEHvP/j3QCjZw==
f5+m3n3DAFK9ATv27rUgqkXqcONGZCDrvidD1J6Mc+C6LFl3zja/ZLHhSTydZ6Lazx6JcuQzFeTd78gPlyV8oxs=
8YOySMzIZbwOl2L27uS7fUwCYYHdzP7BafNBZFXQiAtlDMhANSD84A+vaJoJ1Adtz6QLC0a6KXJfKiJ/I9Trw+4XgSl6ox0=
xxGk4wImb1uuuGmabC+D/TCxjALs+GwcMYflnWlrKSTmlZJ6/z1DLKD9t4tfWEsg1rf7dFb8a+Ci3BHXdqZXJJnRUdzVtxpfN0tBUvzDfSR1fzBvXxVkowM=
LDJBIetNVsKRkTJmaR7OWYUS8c5aeMP0fABLmmTXXY7IwLyyv0M7v9UJQXPuSiBUxz1ny5XQeTHaELOYvcBm4eCIRQKGDKnSoKgwP2nuRUX8MKOcoGYN4e05wbYwLhWkN2x0j/Yr4SuF38DVcbYIKsBTUM7RClbB0iXFfptZGSys8iHnRN86yUeShxSa9lQDgTFkhOEhktiRQzi4IcEc9MZh2YJM5ZAifCUDKfWjKwajK9JEDenNLHmfYx4Do63i4LtphIGnjD8zPfCjlw==
OJdXZSPQbG0F9ohIg6id0quxTf7eAPpeqlPJVILLwrG6wFUqi85jpFPJZHmolO9ak1qWuHWRysZI6n7PjQPq6KoZ+thGGyK1v+5g/NmPwj4kDwDshUaDlEZH8Fzo9C65x8n9sN/e9eW1ltgRFtNBLdbeDFfF2T/wboyncACP0MyPm+kLHTxYwlRduK1fMoM5fI6HM3x6Oa0Ill+VeEXjVAqzcwGW589miVIN8npweW+cQi+M6LLFlk7UnYQOg1lErJ7RfSsIN/WjkA==
KSJq8MtQ33rvrIQgbT1InWuer6Sy89A2cMTAI8F+SG2cUB4QGmXL/63yyVNfVQqmXuBWK3gl05tbUCcAOn+/xLJEF2BeZHVnsu47BHXZVcwx70CY6xLlwnhL0cTZN3Sfe21Yoz8=
U8x472cag65Q1rj6LHcLiORanM5pHCkHgzIwLSBZfIMVIA32szIeUCBPFxAVdSPI9aLxk4flcgb2EN6r8JU7e+Mgf8DCr+ekmlQfYFZ0XYdqvkNErSntrFlfzxhjYU1igPuJhOHnrL8TfVCjNw==
yxLboPIAGlPsXHIGm5zNUC6Xiq5BSr3ziw0mVmKIgussjS8rN4jzYA6Hk5Ru7GPgqswpt56WD+Qhgbl8TUeU37/52bJUk4VkLY8YT6cFbKML
2aUmXvwmMJ1hMCDjP8ec51dDZ4HdzP7BafNBZFXQiAtlDMhANSD84A+vaJoJ1Adtz6QLC0W/KXVfKiJ/I9Trw+4XgSl6ox0=
igqe/ncpCWuvRP+6eARVo4US8c5aeMP0fABLmmTXXY7IwLyyv0M7v9UJQXPuSiBUxz1ny5XQeTHaELOYvcBm4eCIRQKGDKnSoKgwP2nuRUX8MKOcoGYN4e05wbYwLhWkN2x0j/Yr4SuF38DVcbYIKsBTUM7RClbB0iXFfptZGSys8iHnRN86yUeShxSa9lQDgTFkhOEhktiRQzi4IcEc9MZh2YJM5ZAifCUDKfWjKwajK9JEDenNLHmfaBsDoK3i4LtphIGnjD8zPfCjlw==
AnJ1LEH4Rn4dm4RPBQlbGauxTf7eAPpeqlPJVILLwrG6wFUqi85jpFPJZHmolO9ak1qWuHWRysZI6n7PjQPq6KoZ+thGGyK1v+5g/NmPwj4kDwDshUaDlEZH8Fzo9C65x8n9sN/e9eW1ltgRFtNBLdbeDFfF2T/wboyncACP0MyPm+kLHTxYwlRduK1fMoM5fI6HM3x6Oa0Ill+VeEXjVAqzcwGW589miVIN8npweW+cQi+M6LLFnUvUnoQOg1lErJ7RfSsIN/WjkA==
AnJ1LEH4Rn4dm4RPBQlbGauxTf7eAPpeqlPJVILLwrG6wFUqi85jpFPJZHmolO9ak1qWuHWRysZI6n7PjQPq6KoZ+thGGyK1v+5g/NmPwj4kDwDshUaDlEZH8Fzo9C65x8n9sN/e9eW1ltgRFtNBLdbeDFfF2T/wboyncACP0MyPm+kLHTxYwlRduK1fMoM5fI6HM3x6Oa0Ill+VeEXjVAqzcwGW589miVIN8npweW+cQi+M6LLFnUvUnoQOg1lErJ7RfSsIN/WjkA==
AnJ1LEH4Rn4dm4RPBQlbGauxTf7eAPpeqlPJVILLwrG6wFUqi85jpFPJZHmolO9ak1qWuHWRysZI6n7PjQPq6KoZ+thGGyK1v+5g/NmPwj4kDwDshUaDlEZH8Fzo9C65x8n9sN/e9eW1ltgRFtNBLdbeDFfF2T/wboyncACP0MyPm+kLHTxYwlRduK1fMoM5fI6HM3x6Oa0Ill+VeEXjVAqzcwGW589miVIN8npweW+cQi+M6LLFnUvUnoQOg1lErJ7RfSsIN/WjkA==
AnJ1LEH4Rn4dm4RPBQlbGauxTf7eAPpeqlPJVILLwrG6wFUqi85jpFPJZHmolO9ak1qWuHWRysZI6n7PjQPq6KoZ+thGGyK1v+5g/NmPwj4kDwDshUaDlEZH8Fzo9C65x8n9sN/e9eW1ltgRFtNBLdbeDFfF2T/wboyncACP0MyPm+kLHTxYwlRduK1fMoM5fI6HM3x6Oa0Ill+VeEXjVAqzcwGW589miVIN8npweW+cQi+M6LLFnUvUnoQOg1lErJ7RfSsIN/WjkA==
AnJ1LEH4Rn4dm4RPBQlbGauxTf7eAPpeqlPJVILLwrG6wFUqi85jpFPJZHmolO9ak1qWuHWRysZI6n7PjQPq6KoZ+thGGyK1v+5g/NmPwj4kDwDshUaDlEZH8Fzo9C65x8n9sN/e9eW1ltgRFtNBLdbeDFfF2T/wboyncACP0MyPm+kLHTxYwlRduK1fMoM5fI6HM3x6Oa0Ill+VeEXjVAqzcwGW589miVIN8npweW+cQi+M6LLFnUvUnoQOg1lErJ7RfSsIN/WjkA==
AnJ1LEH4Rn4dm4RPBQlbGauxTf7eAPpeqlPJVILLwrG6wFUqi85jpFPJZHmolO9ak1qWuHWRysZI6n7PjQPq6KoZ+thGGyK1v+5g/NmPwj4kDwDshUaDlEZH8Fzo9C65x8n9sN/e9eW1ltgRFtNBLdbeDFfF2T/wboyncACP0MyPm+kLHTxYwlRduK1fMoM5fI6HM3x6Oa0Ill+VeEXjVAqzcwGW589miVIN8npweW+cQi+M6LLFnUvUnoQOg1lErJ7RfSsIN/WjkA==
QsKoXY6Y2XVkJJIYxE6985PKjFYSj/dkKjTPYAWU7cd6nhPEHUkd7Mm/8huTwN2isNt5BLEHvP/j3QCjZw==
+I+SypERT7PF+pMG+FWGqEXqcONGZCDrvidD1J6Mc+C5LFl3zja/ZLHhSTydZ6bazxiJcuQzFeTd78gPlyV8oxs=
c+3sZlvo7dQ1v/UU/mx70TCxjALs+GwcMYflnWlrKSTmlZJ6/z1DLKD9t4tfWEsg1rf7dFb8a+Ch3BHXdqZXJJnRUdzVtx9ZN0ZBUvzDfSR1fzBvXxVkowM=
7Je3esQliiz+Jo/tKnw8nWuer6uy89A2cMTAI8F+SG2cUB4QGmXL/63yyVNfVQqmXuBWK3gl05tbUCcAOn+/xLJEF2BdZHVnsu47BHXZVcwx70qY6x7lwnhL0cTZN3Sfe21Yoz8=
bDgx4Fq4PmW8kZNq+5fe8ORanMlpHCkHgzIwLSBZfIMVIA32szIeUCBPFxAVdSPI9aLxk4flcgb2EN6r8JU7e+Mgf8DCr+ekmlQfYFV0XYdqvkNErSntrFlfzxljZ0xigPuJhOHnrL8TfVCjNw==
FNR+Op4gupocmvEWdXNaqi6Xiq5BSr3ziw0mVmKIgussjS8rN4jzYA6Hk5Ru7GPgqcwpt56WD+Qhgbl8TUeR2b//2LJUk4VkLY8YT6cFbKML
P9s1mLxK8BFP2CNCuaNbaFdDZ4HdzP7BafNBZFXQiAtlDMhANSD/4A+vaJoJ1Adtz6QLC0a5KXNeKiJ/I9Trw+4XgSl6ox0=
3YcLy+79a5lBvG3R9II0goUS8c5aeMP0fABLmmTXXY7IwLyyv0M7v9UJQXPuSiBUxz1ny5XQeTHaELOYvcBm4eCIRQKGDKnSoKgwP2nuRUX8MKOcoGYN4e05wbYwLhWkN2x0j/Yr4SuF38DVcbYIKsBTUM7RClbB0iXFfptZGSys8iHnRN86yUeShxSa9lQDgTFkhOEhktiRQzi4IcEc9MZh2YJM5ZAifCUDKfWjKwajK9JEDenNLHmfYhgDp6zi4LtphIGnjD8zPfCjlw==
qNqN0pe0/uv1doWu9h/QZ6uxTf7eAPpeqlPJVILLwrG6wFUqi85jpFPJZHmolO9ak1qWuHWRysZI6n7PjQPq6KoZ+thGGyK1v+5g/NmPwj4kDwDshUaDlEZH8Fzo9C65x8n9sN/e9eW1ltgRFtNBLdbeDFfF2T/wboyncACP0MyPm+kLHTxYwlRduK1fMoM5fI6HM3x6Oa0Ill+VeEXjVAqzcwGW589miVIN8npweW+cQi+M6LLFl0jUmYUOg1lErJ7RfSsIN/WjkA==
ovwSMLd20EOTJ22PPTRzy4US8c5aeMP0fABLmmTXXY7IwLyyv0M7v9UJQXPuSiBUxz1ny5XQeTHaELOYvcBm4eCIRQKGDKnSoKgwP2nuRUX8MKOcoGYN4e05wbYwLhWkN2x0j/Yr4SuF38DVcbYIKsBTUM7RClbB0iXFfptZGSys8iHnRN86yUeShxSa9lQDgTFkhOEhktiRQzi4IcEc9MZh2YJM5ZAifCUDKfWjKwajK9JEDenNLHmfbh8Dp6zi4LtphIGnjD8zPfCjlw==
Ao0YlHse9HqLu+Noz4BM4oUS8c5aeMP0fABLmmTXXY7IwLyyv0M7v9UJQXPuSiBUxz1ny5XQeTHaELOYvcBm4eCIRQKGDKnSoKgwP2nuRUX8MKOcoGYN4e05wbYwLhWkN2x0j/Yr4SuF38DVcbYIKsBTUM7RClbB0iXFfptZGSys8iHnRN86yUeShxSa9lQDgTFkhOEhktiRQzi4IcEc9MZh2YJM5ZAifCUDKfWjKwajK9JEDenNLHmfbR4Dp6zi4LtphIGnjD8zPfCjlw==
mybMxLTICYQMn7CBpMWlx6uxTf7eAPpeqlPJVILLwrG6wFUqi85jpFPJZHmolO9ak1qWuHWRysZI6n7PjQPq6KoZ+thGGyK1v+5g/NmPwj4kDwDshUaDlEZH8Fzo9C65x8n9sN/e9eW1ltgRFtNBLdbeDFfF2T/wboyncACP0MyPm+kLHTxYwlRduK1fMoM5fI6HM3x6Oa0Ill+VeEXjVAqzcwGW589miVIN8npweW+cQi+M6LLFmE7UmYUOg1lErJ7RfSsIN/WjkA==
A+jgXKWywV50BdEqMKY9XYUS8c5aeMP0fABLmmTXXY7IwLyyv0M7v9UJQXPuSiBUxz1ny5XQeTHaELOYvcBm4eCIRQKGDKnSoKgwP2nuRUX8MKOcoGYN4e05wbYwLhWkN2x0j/Yr4SuF38DVcbYIKsBTUM7RClbB0iXFfptZGSys8iHnRN86yUeShxSa9lQDgTFkhOEhktiRQzi4IcEc9MZh2YJM5ZAifCUDKfWjKwajK9JEDenNLHmfbBoDpqzi4LtphIGnjD8zPfCjlw==
x1hiiFy9gDXqIMq0DEKnZ4US8c5aeMP0fABLmmTXXY7IwLyyv0M7v9UJQXPuSiBUxz1ny5XQeTHaELOYvcBm4eCIRQKGDKnSoKgwP2nuRUX8MKOcoGYN4e05wbYwLhWkN2x0j/Yr4SuF38DVcbYIKsBTUM7RClbB0iXFfptZGSys8iHnRN86yUeShxSa9lQDgTFkhOEhktiRQzi4IcEc9MZh2YJM5ZAifCUDKfWjKwajK9JEDenNLHmfbxkDpqzi4LtphIGnjD8zPfCjlw==
kmlaouivKMe7g29pPCweSIUS8c5aeMP0fABLmmTXXY7IwLyyv0M7v9UJQXPuSiBUxz1ny5XQeTHaELOYvcBm4eCIRQKGDKnSoKgwP2nuRUX8MKOcoGYN4e05wbYwLhWkN2x0j/Yr4SuF38DVcbYIKsBTUM7RClbB0iXFfptZGSys8iHnRN86yUeShxSa9lQDgTFkhOEhktiRQzi4IcEc9MZh2YJM5ZAifCUDKfWjKwajK9JEDenNLHmfYhkDoqzi4LtphIGnjD8zPfCjlw==
Qk9eAsOWVgJ3Wj82dcrXTKuxTf7eAPpeqlPJVILLwrG6wFUqi85jpFPJZHmolO9ak1qWuHWRysZI6n7PjQPq6KoZ+thGGyK1v+5g/NmPwj4kDwDshUaDlEZH8Fzo9C65x8n9sN/e9eW1ltgRFtNBLdbeDFfF2T/wboyncACP0MyPm+kLHTxYwlRduK1fMoM5fI6HM3x6Oa0Ill+VeEXjVAqzcwGW589miVIN8npweW+cQi+M6LLFl0nUnIUOg1lErJ7RfSsIN/WjkA==
ZMs3pI2ZpR36rNlX/N/XWDCxjALs+GwcMYflnWlrKSTmlZJ6/z1DLKD9t4tfWEsg1rf7dFb8a+Ci3BHXdqZXJJnRUdzVtxxeN0pAUvzDfSR1fzBvXxVkowM=
8ymzyyD+OoKNy0vp+Q/2w2uer6my89A2cMTAI8F+SG2cUB4QGmXL/63yyVNfVQqmXuBWK3gl05tbUCcAOn+/xLJEF2BeZHVnsu47BHXZVcwx70ab6xHkwnhL0cTZN3Sfe21Yoz8=
x9UH4HjwXgoO0502K9WkzeRanMtpHCkHgzIwLSBZfIMVIA32szIeUCBPFxAVdSPI9aLxk4flcgb2EN6r8JU7e+Mgf8DCr+ekmlQfYFZ0XYdqvkNErSntrFlfwxljYUxigPuJhOHnrL8TfVCjNw==
bBRYAH2lSRzJhB7Q+33aNi6Xiq5BSr3ziw0mVmKIgussjS8rN4jzYA6Hk5Ru7GPgqswpt56WD+Qhgbl8TUeW2L/52LJUk4VkLY8YT6cFbKML
ZfEaKHFwYoy+oWRm1ZVpOldDZ4HdzP7BafNBZFXQiAtlDMhANSD84A+vaJoJ1Adtz6QLC0O4KXVeKiJ/I9Trw+4XgSl6ox0=
PczhoFaj0Cl08aX8Kdt0vYUS8c5aeMP0fABLmmTXXY7IwLyyv0M7v9UJQXPuSiBUxz1ny5XQeTHaELOYvcBm4eCIRQKGDKnSoKgwP2nuRUX8MKOcoGYN4e05wbYwLhWkN2x0j/Yr4SuF38DVcbYIKsBTUM7RClbB0iXFfptZGSys8iHnRN86yUeShxSa9lQDgTFkhOEhktiRQzi4IcEc9MZh2YJM5ZAifCUDKfWjKwajK9JEDenNLHmfaR8Doazi4LtphIGnjD8zPfCjlw==
wUDm2+hKvDkRNU3j0pDQZauxTf7eAPpeqlPJVILLwrG6wFUqi85jpFPJZHmolO9ak1qWuHWRysZI6n7PjQPq6KoZ+thGGyK1v+5g/NmPwj4kDwDshUaDlEZH8Fzo9C65x8n9sN/e9eW1ltgRFtNBLdbeDFfF2T/wboyncACP0MyPm+kLHTxYwlRduK1fMoM5fI6HM3x6Oa0Ill+VeEXjVAqzcwGW589miVIN8npweW+cQi+M6LLFnE/Un4UOg1lErJ7RfSsIN/WjkA==
wUDm2+hKvDkRNU3j0pDQZauxTf7eAPpeqlPJVILLwrG6wFUqi85jpFPJZHmolO9ak1qWuHWRysZI6n7PjQPq6KoZ+thGGyK1v+5g/NmPwj4kDwDshUaDlEZH8Fzo9C65x8n9sN/e9eW1ltgRFtNBLdbeDFfF2T/wboyncACP0MyPm+kLHTxYwlRduK1fMoM5fI6HM3x6Oa0Ill+VeEXjVAqzcwGW589miVIN8npweW+cQi+M6LLFnE/Un4UOg1lErJ7RfSsIN/WjkA==
wUDm2+hKvDkRNU3j0pDQZauxTf7eAPpeqlPJVILLwrG6wFUqi85jpFPJZHmolO9ak1qWuHWRysZI6n7PjQPq6KoZ+thGGyK1v+5g/NmPwj4kDwDshUaDlEZH8Fzo9C65x8n9sN/e9eW1ltgRFtNBLdbeDFfF2T/wboyncACP0MyPm+kLHTxYwlRduK1fMoM5fI6HM3x6Oa0Ill+VeEXjVAqzcwGW589miVIN8npweW+cQi+M6LLFnE/Un4UOg1lErJ7RfSsIN/WjkA==
wUDm2+hKvDkRNU3j0pDQZauxTf7eAPpeqlPJVILLwrG6wFUqi85jpFPJZHmolO9ak1qWuHWRysZI6n7PjQPq6KoZ+thGGyK1v+5g/NmPwj4kDwDshUaDlEZH8Fzo9C65x8n9sN/e9eW1ltgRFtNBLdbeDFfF2T/wboyncACP0MyPm+kLHTxYwlRduK1fMoM5fI6HM3x6Oa0Ill+VeEXjVAqzcwGW589miVIN8npweW+cQi+M6LLFnE/Un4UOg1lErJ7RfSsIN/WjkA==
wUDm2+hKvDkRNU3j0pDQZauxTf7eAPpeqlPJVILLwrG6wFUqi85jpFPJZHmolO9ak1qWuHWRysZI6n7PjQPq6KoZ+thGGyK1v+5g/NmPwj4kDwDshUaDlEZH8Fzo9C65x8n9sN/e9eW1ltgRFtNBLdbeDFfF2T/wboyncACP0MyPm+kLHTxYwlRduK1fMoM5fI6HM3x6Oa0Ill+VeEXjVAqzcwGW589miVIN8npweW+cQi+M6LLFnE/Un4UOg1lErJ7RfSsIN/WjkA==
wUDm2+hKvDkRNU3j0pDQZauxTf7eAPpeqlPJVILLwrG6wFUqi85jpFPJZHmolO9ak1qWuHWRysZI6n7PjQPq6KoZ+thGGyK1v+5g/NmPwj4kDwDshUaDlEZH8Fzo9C65x8n9sN/e9eW1ltgRFtNBLdbeDFfF2T/wboyncACP0MyPm+kLHTxYwlRduK1fMoM5fI6HM3x6Oa0Ill+VeEXjVAqzcwGW589miVIN8npweW+cQi+M6LLFnE/Un4UOg1lErJ7RfSsIN/WjkA==
8eELC6+ehFZpHxW4Vn9t4GkSieUITBN6gLK/FrJE3XW2ERDUwc1vUEazmghFkjsOHpJstPMmwOyh/W5ysx/2bU32vAit9yO2M3ejFg==
P1tX+zbdtbfkBA2vc14KpEiR6cpAMGmE0HhDtsh2f0pKEG3Z3vWwaFm5/9zONxqU/QbLYrY2DEirkhCgabsursvLxkGlkpw0tQMzujtzowo=
ReZ1NgrmcQwM5v19g/gL12xmemUZvpmkfnwl1prZLDoLeJxMnyxmAhXH2v+gXkVb1/I6bVpSsbQTHBKcfN4XEJgu/UuKCCaZfp/hWExCaSFbVA9poww=
QdL1Y+b4HvjQ3blNVPyNOibBhTqGo0zKlOwYk664blySNSTQnteZAGUeBlrR1Or34HBj7hje//K6WA3Bzp3wkOkxXwSeHxqsjc4r+ibezDCbmjD4uRapFjqDplm1+tzMBYuTYmtbozI=
bLIfPIPqd1PIO0XJ0q0WtJzUODwlYTU1lm8zVmPClQm6p0Iae1KiDSZdgrdfOWjws8bQW1l6dhYZIApLePTzQvAKP67CfD3NxqnQ7LH1j+g2i5owNSrbNm6qrAyDniDU0UbvysInFtU9Tnww3c/DDkNPoy4=
9Ou94jX1RmsyivobXdTeN4j0+zmjsAhyjMAvMi8TEQjbc2YLeXY7vH4gw5Ls+gKydhXC/w8RSNijztBTSVJWPkloSgMoXFPqYIK/JlLUnWWW4ZCk4d2vwCaDmjglAvsePuLsRNM2gHxBxG5CUo+2fW0GPHiN5+MmU0ejJg==
ePFZdKngX6IukiLT4qnVJRN0r+geEeID16XYtOvq0E9xBiay4ayqPzAoA0boZn96KsCtqX5lMNi56b8s7icapJ3WCxIWpoz4S8JQUEmhLp6qGwYxBQIchFVTc0obY6M6
/igUzXqoj1yyt9LQ1Wq0G3cnfGUZvpmkfnwl1prZLDoLeJxMnyxmAhXH2v+gXkVb1/I6bVpSsbQTHBKcfN4XEJgu/UOLCCmZfp/hWExCaSFbVA9poww=
yfhsUIwXrMMTejN91uuNgYUS8c5aeMP0fABLmmTXXY7IwLyyv0M7v9UJQXPuSiBUxz1ny5XQeTHaELOYvcBm4eCIRQKGDKnSoKgwP2nuRUX8MKOcoGYN4e05wbYwLhWkN2x0j/Yr4SuF38DVcbYIKsBTUM7RClbB0iXFfptZGSys8iHnRN86yUeShxSa9lQDgTFkhOEhktiRQzi4IcEc9MZh2YJM5ZAifCUDKfWjKwajK9JEDenNLHmfahoDr6zi4LtphIGnjD8zPfCjlw==
cLv60kFo6fywbEOoDMKkTYUS8c5aeMP0fABLmmTXXY7IwLyyv0M7v9UJQXPuSiBUxz1ny5XQeTHaELOYvcBm4eCIRQKGDKnSoKgwP2nuRUX8MKOcoGYN4e05wbYwLhWkN2x0j/Yr4SuF38DVcbYIKsBTUM7RClbB0iXFfptZGSys8iHnRN86yUeShxSa9lQDgTFkhOEhktiRQzi4IcEc9MZh2YJM5ZAifCUDKfWjKwajK9JEDenNLHmfahkDr6zi4LtphIGnjD8zPfCjlw==
frDQZZD59M8Mf/4wt+4AE4US8c5aeMP0fABLmmTXXY7IwLyyv0M7v9UJQXPuSiBUxz1ny5XQeTHaELOYvcBm4eCIRQKGDKnSoKgwP2nuRUX8MKOcoGYN4e05wbYwLhWkN2x0j/Yr4SuF38DVcbYIKsBTUM7RClbB0iXFfptZGSys8iHnRN86yUeShxSa9lQDgTFkhOEhktiRQzi4IcEc9MZh2YJM5ZAifCUDKfWjKwajK9JEDenNLHmfbhkDr6zi4LtphIGnjD8zPfCjlw==
XUayWyfOxmWFrRWU/E7I+YUS8c5aeMP0fABLmmTXXY7IwLyyv0M7v9UJQXPuSiBUxz1ny5XQeTHaELOYvcBm4eCIRQKGDKnSoKgwP2nuRUX8MKOcoGYN4e05wbYwLhWkN2x0j/Yr4SuF38DVcbYIKsBTUM7RClbB0iXFfptZGSys8iHnRN86yUeShxSa9lQDgTFkhOEhktiRQzi4IcEc9MZh2YJM5ZAifCUDKfWjKwajK9JEDenNLHmfahgDr6zi4LtphIGnjD8zPfCjlw==
DA7aefMhyfSK/HOSvZKY1KuxTf7eAPpeqlPJVILLwrG6wFUqi85jpFPJZHmolO9ak1qWuHWRysZI6n7PjQPq6KoZ+thGGyK1v+5g/NmPwj4kDwDshUaDlEZH8Fzo9C65x8n9sN/e9eW1ltgRFtNBLdbeDFfF2T/wboyncACP0MyPm+kLHTxYwlRduK1fMoM5fI6HM3x6Oa0Ill+VeEXjVAqzcwGW589miVIN8npweW+cQi+M6LLFn0jUkYUOg1lErJ7RfSsIN/WjkA==
J+SNKrzZ6ilV3sSW+Gg7k4US8c5aeMP0fABLmmTXXY7IwLyyv0M7v9UJQXPuSiBUxz1ny5XQeTHaELOYvcBm4eCIRQKGDKnSoKgwP2nuRUX8MKOcoGYN4e05wbYwLhWkN2x0j/Yr4SuF38DVcbYIKsBTUM7RClbB0iXFfptZGSys8iHnRN86yUeShxSa9lQDgTFkhOEhktiRQzi4IcEc9MZh2YJM5ZAifCUDKfWjKwajK9JEDenNLHmfahoDrqzi4LtphIGnjD8zPfCjlw==
wCN53v9JXY0XAfrQFYdeCYUS8c5aeMP0fABLmmTXXY7IwLyyv0M7v9UJQXPuSiBUxz1ny5XQeTHaELOYvcBm4eCIRQKGDKnSoKgwP2nuRUX8MKOcoGYN4e05wbYwLhWkN2x0j/Yr4SuF38DVcbYIKsBTUM7RClbB0iXFfptZGSys8iHnRN86yUeShxSa9lQDgTFkhOEhktiRQzi4IcEc9MZh2YJM5ZAifCUDKfWjKwajK9JEDenNLHmfbxoDrqzi4LtphIGnjD8zPfCjlw==
laZzRx17PqHrKm2tN1AUJ4US8c5aeMP0fABLmmTXXY7IwLyyv0M7v9UJQXPuSiBUxz1ny5XQeTHaELOYvcBm4eCIRQKGDKnSoKgwP2nuRUX8MKOcoGYN4e05wbYwLhWkN2x0j/Yr4SuF38DVcbYIKsBTUM7RClbB0iXFfptZGSys8iHnRN86yUeShxSa9lQDgTFkhOEhktiRQzi4IcEc9MZh2YJM5ZAifCUDKfWjKwajK9JEDenNLHmfaRkDrqzi4LtphIGnjD8zPfCjlw==
7n42JvWy0TbqKQSbU5JdFoUS8c5aeMP0fABLmmTXXY7IwLyyv0M7v9UJQXPuSiBUxz1ny5XQeTHaELOYvcBm4eCIRQKGDKnSoKgwP2nuRUX8MKOcoGYN4e05wbYwLhWkN2x0j/Yr4SuF38DVcbYIKsBTUM7RClbB0iXFfptZGSys8iHnRN86yUeShxSa9lQDgTFkhOEhktiRQzi4IcEc9MZh2YJM5ZAifCUDKfWjKwajK9JEDenNLHmfaxsDp6vi4LtphIGnjD8zPfCjlw==
gN91QMVcoD961S74FoJq5IUS8c5aeMP0fABLmmTXXY7IwLyyv0M7v9UJQXPuSiBUxz1ny5XQeTHaELOYvcBm4eCIRQKGDKnSoKgwP2nuRUX8MKOcoGYN4e05wbYwLhWkN2x0j/Yr4SuF38DVcbYIKsBTUM7RClbB0iXFfptZGSys8iHnRN86yUeShxSa9lQDgTFkhOEhktiRQzi4IcEc9MZh2YJM5ZAifCUDKfWjKwajK9JEDenNLHmfbhsDp6vi4LtphIGnjD8zPfCjlw==
p5rRcPC9jW0Kwt2YCPYMIquxTf7eAPpeqlPJVILLwrG6wFUqi85jpFPJZHmolO9ak1qWuHWRysZI6n7PjQPq6KoZ+thGGyK1v+5g/NmPwj4kDwDshUaDlEZH8Fzo9C65x8n9sN/e9eW1ltgRFtNBLdbeDFfF2T/wboyncACP0MyPm+kLHTxYwlRduK1fMoM5fI6HM3x6Oa0Ill+VeEXjVAqzcwGW589miVIN8npweW+cQi+M6LLFm0vUmYIOg1lErJ7RfSsIN/WjkA==
/r9o9f5PxvdqnnXKyd/KBYUS8c5aeMP0fABLmmTXXY7IwLyyv0M7v9UJQXPuSiBUxz1ny5XQeTHaELOYvcBm4eCIRQKGDKnSoKgwP2nuRUX8MKOcoGYN4e05wbYwLhWkN2x0j/Yr4SuF38DVcbYIKsBTUM7RClbB0iXFfptZGSys8iHnRN86yUeShxSa9lQDgTFkhOEhktiRQzi4IcEc9MZh2YJM5ZAifCUDKfWjKwajK9JEDenNLHmfahsDpKvi4LtphIGnjD8zPfCjlw==
jVtM6Qauk4wnM6neDZLc2quxTf7eAPpeqlPJVILLwrG6wFUqi85jpFPJZHmolO9ak1qWuHWRysZI6n7PjQPq6KoZ+thGGyK1v+5g/NmPwj4kDwDshUaDlEZH8Fzo9C65x8n9sN/e9eW1ltgRFtNBLdbeDFfF2T/wboyncACP0MyPm+kLHTxYwlRduK1fMoM5fI6HM3x6Oa0Ill+VeEXjVAqzcwGW589miVIN8npweW+cQi+M6LLFn0vUmoIOg1lErJ7RfSsIN/WjkA==
puX+9d1UTulb9CLafOwfdYUS8c5aeMP0fABLmmTXXY7IwLyyv0M7v9UJQXPuSiBUxz1ny5XQeTHaELOYvcBm4eCIRQKGDKnSoKgwP2nuRUX8MKOcoGYN4e05wbYwLhWkN2x0j/Yr4SuF38DVcbYIKsBTUM7RClbB0iXFfptZGSys8iHnRN86yUeShxSa9lQDgTFkhOEhktiRQzi4IcEc9MZh2YJM5ZAifCUDKfWjKwajK9JEDenNLHmfax8Doqvi4LtphIGnjD8zPfCjlw==
uafzh90slvIa4WJYPZoGKKuxTf7eAPpeqlPJVILLwrG6wFUqi85jpFPJZHmolO9ak1qWuHWRysZI6n7PjQPq6KoZ+thGGyK1v+5g/NmPwj4kDwDshUaDlEZH8Fzo9C65x8n9sN/e9eW1ltgRFtNBLdbeDFfF2T/wboyncACP0MyPm+kLHTxYwlRduK1fMoM5fI6HM3x6Oa0Ill+VeEXjVAqzcwGW589miVIN8npweW+cQi+M6LLFnk/UnIIOg1lErJ7RfSsIN/WjkA==
uafzh90slvIa4WJYPZoGKKuxTf7eAPpeqlPJVILLwrG6wFUqi85jpFPJZHmolO9ak1qWuHWRysZI6n7PjQPq6KoZ+thGGyK1v+5g/NmPwj4kDwDshUaDlEZH8Fzo9C65x8n9sN/e9eW1ltgRFtNBLdbeDFfF2T/wboyncACP0MyPm+kLHTxYwlRduK1fMoM5fI6HM3x6Oa0Ill+VeEXjVAqzcwGW589miVIN8npweW+cQi+M6LLFnk/UnIIOg1lErJ7RfSsIN/WjkA==
uafzh90slvIa4WJYPZoGKKuxTf7eAPpeqlPJVILLwrG6wFUqi85jpFPJZHmolO9ak1qWuHWRysZI6n7PjQPq6KoZ+thGGyK1v+5g/NmPwj4kDwDshUaDlEZH8Fzo9C65x8n9sN/e9eW1ltgRFtNBLdbeDFfF2T/wboyncACP0MyPm+kLHTxYwlRduK1fMoM5fI6HM3x6Oa0Ill+VeEXjVAqzcwGW589miVIN8npweW+cQi+M6LLFnk/UnIIOg1lErJ7RfSsIN/WjkA==
uafzh90slvIa4WJYPZoGKKuxTf7eAPpeqlPJVILLwrG6wFUqi85jpFPJZHmolO9ak1qWuHWRysZI6n7PjQPq6KoZ+thGGyK1v+5g/NmPwj4kDwDshUaDlEZH8Fzo9C65x8n9sN/e9eW1ltgRFtNBLdbeDFfF2T/wboyncACP0MyPm+kLHTxYwlRduK1fMoM5fI6HM3x6Oa0Ill+VeEXjVAqzcwGW589miVIN8npweW+cQi+M6LLFnk/UnIIOg1lErJ7RfSsIN/WjkA==
uafzh90slvIa4WJYPZoGKKuxTf7eAPpeqlPJVILLwrG6wFUqi85jpFPJZHmolO9ak1qWuHWRysZI6n7PjQPq6KoZ+thGGyK1v+5g/NmPwj4kDwDshUaDlEZH8Fzo9C65x8n9sN/e9eW1ltgRFtNBLdbeDFfF2T/wboyncACP0MyPm+kLHTxYwlRduK1fMoM5fI6HM3x6Oa0Ill+VeEXjVAqzcwGW589miVIN8npweW+cQi+M6LLFnk/UnIIOg1lErJ7RfSsIN/WjkA==
uafzh90slvIa4WJYPZoGKKuxTf7eAPpeqlPJVILLwrG6wFUqi85jpFPJZHmolO9ak1qWuHWRysZI6n7PjQPq6KoZ+thGGyK1v+5g/NmPwj4kDwDshUaDlEZH8Fzo9C65x8n9sN/e9eW1ltgRFtNBLdbeDFfF2T/wboyncACP0MyPm+kLHTxYwlRduK1fMoM5fI6HM3x6Oa0Ill+VeEXjVAqzcwGW589miVIN8npweW+cQi+M6LLFnk/UnIIOg1lErJ7RfSsIN/WjkA==
uaf4LbABbajHFxcLmvSc37IvOm9LcD8JIJA2CJKozkUIOYV6dqTR4UWoRQRVmbVMUS9lnwtSQ0LYCzHE+ffUH5steKMf
OFewUa5DpXSOgfD4p7wrsSZV8RVYz//L+riNoQ698Oc6UemxnyYam94mtZTm/swQW/qwGPk5rzZ4ZCY5ddrc7MXrE4Ire6MS
hIX8SnZtDxogAiYIQz7eATCxjALs+GwcMYflnWlrKSTmlZJ6/z1DLKD9t4tfWEsg1rf7dFb8a+Ci3BHXdqZXJJnRUdzVtx1ZN0lHUvzDfSR1fzBvXxVkowM=
05e59HK4zLm6W1eSwl0jR2uer6qy89A2cMTAI8F+SG2cUB4QGmXL/63yyVNfVQqmXuBWK3gl05tbUCcAOn+/xLJEF2BeZHVnsu47BHXZVcwx70OY6xHjwnhL0cTZN3Sfe21Yoz8=
Vz04LeA9A7ycVbpWTLsaVuRanMhpHCkHgzIwLSBZfIMVIA32szIeUCBPFxAVdSPI9aLxk4flcgb2EN6r8JU7e+Mgf8DCr+ekmlQfYFZ0XYdqvkNErSntrFlfyR9jYUtigPuJhOHnrL8TfVCjNw==
lLj27WaRugoQ5ZrysWkvnC6Xiq5BSr3ziw0mVmKIgussjS8rN4jzYA6Hk5Ru7GPgqswpt56WD+Qhgbl8TUeT37/537JUk4VkLY8YT6cFbKML
6PsULQBmxP/yKAKvCO68CFdDZ4HdzP7BafNBZFXQiAtlDMhANSD84A+vaJoJ1Adtz6QLC0S/KXVZKiJ/I9Trw+4XgSl6ox0=
j5ZSQhz+D+lfvgEKQ+jl7xd0uPseA+sU0anH76f53E4sTCO15qfpNGsqHlXpWzxoKsCtqX5lMI+q6Yl5rz4as47eFRwWpoz4S8JQUEmvLp6rHAYxBQIchFVTc0obY6M6
PPodwDLW/64R9SDZsqgsJPztvMnemuidCirNm5LXyFjCxwV0fncdoc+ckFUhYA8FK/bA35eujslBr/wkcuRdlXZxEGOSrdmlR4qaPxY6pWBecmzUM8ZATGHUa1JyuHaNjZa86O2XoxZzV6M2
UkorY3rY84ReSyXG85AXuIPUJjgrN3FhzClrF3SYjBCn5lgWaFOmHSYQxKxJL32u/4SQTRF4b10bLgAHJ/buUfE3fLzCfD3NxqnQu6L1ub13kponJiLFOG6qrAyDniDU0UbpysIgFtU9Tnww3c/DDkNPoy4=
d9ayVjF0vp2g1zMqfvVQbfbB8OS3oJBhSSzfobNqYAvfwr7NedO80NpozXGuLXB3moGpYb82Gov+9vVERm5MgPsq8MjZJKkmWrRm6dVKXHxlO1NSC2ujAg==
uXhHrws2uDLYzaLmIbCKRAAS9KUZaifQtsNt6VymFqq1rwpH4PEGcwHPS2xaXZLU7TpCZDxmx3g4ho3cCZDWNt53seCMOrkJO7w/caMU
VrGPcXSkjdcS0R0w45MB+oUS8c5aeMP0fABLmmTXXY7IwLyyv0M7v9UJQXPuSiBUxz1ny5XQeTHaELOYvcBm4eCIRQKGDKnSoKgwP2nuRUX8MKOcoGYN4e05wbYwLhWkN2x0j/Yr4SuF38DVcbYIKsBTUM7RClbB0iXFfptZGSys8iHnRN86yUeShxSa9lQDgTFkhOEhktiRQzi4IcEc9MZh2YJM5ZAifCUDKfWjKwajK9JEDenNLHmfbhgDoKvi4LtphIGnjD8zPfCjlw==
mYC+na/CVZ0kAQHv4fWxTquxTf7eAPpeqlPJVILLwrG6wFUqi85jpFPJZHmolO9ak1qWuHWRysZI6n7PjQPq6KoZ+thGGyK1v+5g/NmPwj4kDwDshUaDlEZH8Fzo9C65x8n9sN/e9eW1ltgRFtNBLdbeDFfF2T/wboyncACP0MyPm+kLHTxYwlRduK1fMoM5fI6HM3x6Oa0Ill+VeEXjVAqzcwGW589miVIN8npweW+cQi+M6LLFm0jUnoIOg1lErJ7RfSsIN/WjkA==
qltHbOWUCLf8TEEihB9rB4US8c5aeMP0fABLmmTXXY7IwLyyv0M7v9UJQXPuSiBUxz1ny5XQeTHaELOYvcBm4eCIRQKGDKnSoKgwP2nuRUX8MKOcoGYN4e05wbYwLhWkN2x0j/Yr4SuF38DVcbYIKsBTUM7RClbB0iXFfptZGSys8iHnRN86yUeShxSa9lQDgTFkhOEhktiRQzi4IcEc9MZh2YJM5ZAifCUDKfWjKwajK9JEDenNLHmfbh8DoKvi4LtphIGnjD8zPfCjlw==
a6xlkB+jWF4rZi6CgvT/XoUS8c5aeMP0fABLmmTXXY7IwLyyv0M7v9UJQXPuSiBUxz1ny5XQeTHaELOYvcBm4eCIRQKGDKnSoKgwP2nuRUX8MKOcoGYN4e05wbYwLhWkN2x0j/Yr4SuF38DVcbYIKsBTUM7RClbB0iXFfptZGSys8iHnRN86yUeShxSa9lQDgTFkhOEhktiRQzi4IcEc9MZh2YJM5ZAifCUDKfWjKwajK9JEDenNLHmfax4DoKvi4LtphIGnjD8zPfCjlw==
zpOa/V6rpBL7uLAGmkKF0oUS8c5aeMP0fABLmmTXXY7IwLyyv0M7v9UJQXPuSiBUxz1ny5XQeTHaELOYvcBm4eCIRQKGDKnSoKgwP2nuRUX8MKOcoGYN4e05wbYwLhWkN2x0j/Yr4SuF38DVcbYIKsBTUM7RClbB0iXFfptZGSys8iHnRN86yUeShxSa9lQDgTFkhOEhktiRQzi4IcEc9MZh2YJM5ZAifCUDKfWjKwajK9JEDenNLHmfbR8Doari4LtphIGnjD8zPfCjlw==
zJ0fW1EAZCP9KYQI0tMt0KuxTf7eAPpeqlPJVILLwrG6wFUqi85jpFPJZHmolO9ak1qWuHWRysZI6n7PjQPq6KoZ+thGGyK1v+5g/NmPwj4kDwDshUaDlEZH8Fzo9C65x8n9sN/e9eW1ltgRFtNBLdbeDFfF2T/wboyncACP0MyPm+kLHTxYwlRduK1fMoM5fI6HM3x6Oa0Ill+VeEXjVAqzcwGW589miVIN8npweW+cQi+M6LLFmE/Un4MOg1lErJ7RfSsIN/WjkA==
dKiZ9rJcVbHBspf/vzgKxhN2p6NbQrIF3bTH6/ekyk89DiO6+KyNOCc7Hl/oGywyPdaM8yt0MI+94JRq4ANO6pvRDggeuYz4S8JQUEmuKp6lHQYxBQIchFVTc0obY6M6
+8SDAd6jOj99PzBstEcVEKgXK2rYoOn/WO32BMo7cLZB+80CGzdp2WD1bZTJnbj5U4hTYtETDHsISwqEZuoeblYKHfbJPUO9vwDfgoAHkdCpKPB2VG1mRtYeRPrcS0QupfIqMV7Nkb7PcRUckMqVR9BHppmL+nMUbp6YUx2p8CRVGa7onWtseHUpkAS6ma1iWP2M8jCNt6lBC+dWvzPGJPmRMVz197la14em0tyD3SQVPxDvf9WEo+M=
p7vQORyAUDZGHSugYiBIfmujnMfOqKJMH+MSMnsGPYzGoH20iZ+btDhqP90RJB7C1lqJgfuH1YM49XhrljGsvFISV77NYE5mTsPF1Bj+HsEivxeLJvkgbeavuVE2ovQrNaXHjK7wXwzw8yiwb+cRd+1AoL5UIUDRr057RZzyf0+MBsHRyOqn6Yg5Gyjqz4t9Zps3Ggku9Y6KDIETfD7X8BjOPeSKqGn//v+hOEziKQHbdM+Jo+w=
tX+aUK6gX4B8jhD3apcnq6KEgpiC5thFGK6ZzdussFQ/2yJ6u07N9CY47TwJFwssWJJPFVHsLvr2QpmJ+4/FmxjNSKPW+dxEMorHNk3o3v6uuzWc2LYu+QKnB4Mm8TB1xpeJGfbqBFPVPVcELnjPlJALWHgvLyFPzViwtlQpUMmPdkuN3DoPt+yeUVlIYjdxaEHrYCqHu0VGgycSCSbllqo0sVu8dieI+FatbAog+WeeB9HwDCoZOfts34Gj5A==
zSot+3rrwn4n8M9T3ZwxS7xM+1bTUcAS0a8ZbORAk5+qbgftFkiLYOHeDh7JHikJFzZAhFsHQeIi8P5EnYv78Tnh4Lu80SaXMC7a7CNUrbYCpHbt4c4I+OKzyuHDweZPjM9+IT2rRkSo+X2b86aO5lMOCJ3M6r+hrcVF3jQ01NcsM/eAP3+s1GNdhHg1uyi8a6swl7+yekn3jw5FY9BJGNmskgKFaYxYC6LQcIlOKj7lfYYRxeIcJBUz82rbg6Oa
NI49nzOS+h9kqf+lGYWU7++aP3zLCZjqfQbntcYAS9hRdq6GWZap8WfeIFwLzwHaEtjeXI2D+4nJiQDjbJnmL4CGenSz3C1OckwWNbEGSMDSm+r508nmN3ynnnnt44b8GFHdA2MuDh4j5mhFnCL/mZ3tZcYkPNSv3FsX2O83bGzT9STgpTOoRBtDUE/vejpxx6cuXXPYSWApxHJaVSFM4LsKcOgZxqrGlZXmyZUqXBwlG9Nyy4uj4g==
nLaDCL+CcaWtdBr47CCZjeMeIW2ItOzkQfulQ9AgZ6NB+80CGzdp2WD1bZTJnbj5U4hTYtETDHsISwqEZuoeblYKHfbJPUO9vwDfgoAHkdCpKPB2VG1mRtYeRPrcS0QupfIqMV7Nkb7PcRUckMqVR9BHppmL+nMUbp6YUx2p8CRVGa7onWtseHUpkAS6ma1iWP2M8jCNt6lBC+dWvzPGJPmRMVz197la14em0tyD3SQVPxDvf9WEo+M=
EvLGixO4cweOHFyuT50Spe+aInDNG4PjTQbntcYAS9hRdq6GWZap8WfeIFwLzwHaEtjeXI2D+4nJiQDjbJnmL4CGenSz3C1OckwWNbEGSMDSm+r508nmN3ynnnnt44b8GFHdA2MuDh4j5mhFnCL/mZ3tZcYkPNSv3FsX2O83bGzT9STgpTOoRBtDUE/vejpxx6cuXXPYSWApxHJaVSFM4LsKcOgZxqrGlZXmyZUqXBwlG9Nyy4uj4g==
JlknFrgYnyOaFVflyoRk/HHaVeBR4GP5epllG6nUfK1P3Wooz6faBlsyNYjWRBVAyWvzUKjut2mxkNaGBj5h9fvzPefosbDfNoUkOML2P0qNlCaCXsfN4DjK1oXy2///po3ICTbrcWUWlvwvJUGveO4EN+hgd6AEz1PZMz0kSMpUVai1fwqz8TxG98sc4qkliB7PDZg9ExzK+0M5tv/fbolaHepaSEknXArf9AgqVRDKXAEbbnspjOxW4UULECf9o5g=
x/H1DGG6yF15EY8HNk6d02ntcKQGOMD1UY0EaNWadwF+rOu8uQpe0oHaaTUvAnCocyNh/jrk7kiVj/uNwZUQ11S1xsvoegqg6xBtCroQxkFJaqhkeidabUtFZrP0Ow7NVU8mmPAtLVe7Ys7aazo4seTOn7210VXSPDDUq9RHB+zXG0yIuwlUNP3/6ADTH4A7Fxba1W8bnsnrVMnkoVji7u2N7IRTdoC8wYpqAt1Jtj3txjw4DSfjZtOHo+Y=
CuzsmIxoVnk008U4CT7jPGjkbbMAO4nnAYMYYtDbQ09ytuOpuQpe0oHaaTUvAnCocyNh/jrk7kiVj/uNwZUQ11S1xsvoegqg6xBtCroQxkFJaqhkeidabUtFZrP0Ow7NVU8mmPAtLVe7Ys7aazo4seTOn7210VXSPDDUq9RHB+zXG0yIuwlUNP3/6ADTH4A7Fxba1W8bnsnrVMnkoVji7u2N7IRTdoC8wYtqAt1Jtj3txjw4DSfjZtOHo+Y=
e9CFqh70bY4nId5oI4r5fjT2+FW7pmre2fVRTaACL1wk9Ctly7Qv0xp6daM8uqb3TzSHC6rn5dEGo2E=
ZNtywycyVbmoakpsBTmrxoYgOMJxdxrhIlhu8h+NTGC7inBoGUeqRpUV5kmVqlycJZvT8ssLo2I=
HUkFzjAd8j0KNEs2vZdB8dG70I+EsA6KxURPr7Y22NeMyQs5SvgaglyK33QIqlWRytwBm277KQzs1uHFC5AnfaMY
MLl+ne34J1k+DemH0HLMfoUS8c5aeMP0fABLmmTXXY7IwLyyv0M7v9UJQXPuSiBUxz1ny5XQeTHaELOYvcBm4eCIRQKGDKnSoKgwP2nuRUX8MKOcoGYN4e05wbYwLhWkN2x0j/Yr4SuF38DVcbYIKsBTUM7RClbB0iXFfptZGSys8iHnRN86yUeShxSa9lQDgTFkhOEhktiRQzi4IcEc9MZh2YJM5ZAifCUDKfWjKwajK9JEDenNLHmfaBoDp67i4rtphIGnjD8zPfCjlw==
N9kAoAYprN3tQdduR7JRbauxTf7eAPpeqlPJVILLwrG6wFUqi85jpFPJZHmolO9ak1qWuHWRysZI6n7PjQPq6KoZ+thGGyK1v+5g/NmPwj4kDwDshUaDlEZH8Fzo9C65x8n9sN/e9eW1ltgRFtNBLdbeDFfF2T/wboyncACP0MyPm+kLHTxYwlRduK1fMoM5fI6HM3x6Oa0Ill+VeEXjVAqzcwGW589miVIN8npweW+cQi+M6LLFmkrUmYcOgVlErJ7RfSsIN/WjkA==
6kNYXgr14y7lvi59H6pEGoUS8c5aeMP0fABLmmTXXY7IwLyyv0M7v9UJQXPuSiBUxz1ny5XQeTHaELOYvcBm4eCIRQKGDKnSoKgwP2nuRUX8MKOcoGYN4e05wbYwLhWkN2x0j/Yr4SuF38DVcbYIKsBTUM7RClbB0iXFfptZGSys8iHnRN86yUeShxSa9lQDgTFkhOEhktiRQzi4IcEc9MZh2YJM5ZAifCUDKfWjKwajK9JEDenNLHmfaxkDp67i4rtphIGnjD8zPfCjlw==
IDxQvwtqn0F6JcrUowd50quxTf7eAPpeqlPJVILLwrG6wFUqi85jpFPJZHmolO9ak1qWuHWRysZI6n7PjQPq6KoZ+thGGyK1v+5g/NmPwj4kDwDshUaDlEZH8Fzo9C65x8n9sN/e9eW1ltgRFtNBLdbeDFfF2T/wboyncACP0MyPm+kLHTxYwlRduK1fMoM5fI6HM3x6Oa0Ill+VeEXjVAqzcwGW589miVIN8npweW+cQi+M6LLFnknUmYcOgVlErJ7RfSsIN/WjkA==
uCgSJ+gquvKAN4ln/TMGl4US8c5aeMP0fABLmmTXXY7IwLyyv0M7v9UJQXPuSiBUxz1ny5XQeTHaELOYvcBm4eCIRQKGDKnSoKgwP2nuRUX8MKOcoGYN4e05wbYwLhWkN2x0j/Yr4SuF38DVcbYIKsBTUM7RClbB0iXFfptZGSys8iHnRN86yUeShxSa9lQDgTFkhOEhktiRQzi4IcEc9MZh2YJM5ZAifCUDKfWjKwajK9JEDenNLHmfbx8Dp67i4rtphIGnjD8zPfCjlw==
EIB8Eiyn4bfI/Tq/JymAsKuxTf7eAPpeqlPJVILLwrG6wFUqi85jpFPJZHmolO9ak1qWuHWRysZI6n7PjQPq6KoZ+thGGyK1v+5g/NmPwj4kDwDshUaDlEZH8Fzo9C65x8n9sN/e9eW1ltgRFtNBLdbeDFfF2T/wboyncACP0MyPm+kLHTxYwlRduK1fMoM5fI6HM3x6Oa0Ill+VeEXjVAqzcwGW589miVIN8npweW+cQi+M6LLFmk/UmYcOgVlErJ7RfSsIN/WjkA==
rBWRnIYb/2AY/YKYnnhrwRENP5oi7H3d5tlQS4LleS0XopoXRrIFKE5aLHyjjmBEMX3u+iW1VscdPvzA/d8DniN/ox4=
XvQCfzoX/58xvCAbFE9rPSZV8RVYz//L+riNoQ698Oc6UemxnyYam94mtZTm/swQW/qwGPkwqzZ8YSY7ddrc7MXrE4Ire6MS
4LKn8RkKao/7+JpXhHDHEhd0uPseA+sU0anH76f53E4sTCO15qfpNGsqHlXpWzxoKsCtqX5lMI+q6Yl5rz4as47eFRwWpoz4S8JQUEmtKp6sGQYzBQIchFVTc0obY6M6
YmzgltBuR8lNvBwneuKYu4US8c5aeMP0fABLmmTXXY7IwLyyv0M7v9UJQXPuSiBUxz1ny5XQeTHaELOYvcBm4eCIRQKGDKnSoKgwP2nuRUX8MKOcoGYN4e05wbYwLhWkN2x0j/Yr4SuF38DVcbYIKsBTUM7RClbB0iXFfptZGSys8iHnRN86yUeShxSa9lQDgTFkhOEhktiRQzi4IcEc9MZh2YJM5ZAifCUDKfWjKwajK9JEDenNLHmfYx8Dpq7i4rtphIGnjD8zPfCjlw==
nN5fYcNw2CiTpdWx0vIuu4US8c5aeMP0fABLmmTXXY7IwLyyv0M7v9UJQXPuSiBUxz1ny5XQeTHaELOYvcBm4eCIRQKGDKnSoKgwP2nuRUX8MKOcoGYN4e05wbYwLhWkN2x0j/Yr4SuF38DVcbYIKsBTUM7RClbB0iXFfptZGSys8iHnRN86yUeShxSa9lQDgTFkhOEhktiRQzi4IcEc9MZh2YJM5ZAifCUDKfWjKwajK9JEDenNLHmfbB4Dpq7i4rtphIGnjD8zPfCjlw==
61oycC8Q7VAsT6lFImFFg1qx+kifPJNZyHKlMnTwpCs591BZNwyE/dZyuDP8LnegWH4dU4kYQ0s+LQEozPLJ0RuEL3mjHA==
qEXd9d7Uuq0RxnKylYA82X97D+KBXUlebzoLTiH8j1AuX3KLBSiO8Gxsf5KYq87ddb+m6NA9bcdbUs7qi6p4ocS+H02VwZVCXADUm7TXx/z368z4mxkUpB3P6DAzj8ArN2ZaJU8LXlmLZMnUwcgi/s19bPRzZsAsIb5pMjfd9i/NtrzILTcj9rO3o9Y=
POfTdIu1dIMbx8iUEYFCMDT2+FW7pmre2fVRTaACL1wk9Ctly7Qv0x95dak4uqT3TzSHC6rn5dEGo2E=
LlTF5Z8Rlf0snT98qRLngoYgOMJxdxrhIlhu8h+NTGC7inBoGUKpRp8R5kuVqlycJZvT8ssLo2I=
POfTdIu1dIMbx8iUEYFCMDT2+FW7pmre2fVRTaACL1wk9Ctly7Qv0x95dak4uqT3TzSHC6rn5dEGo2E=
LlTF5Z8Rlf0snT98qRLngoYgOMJxdxrhIlhu8h+NTGC7inBoGUKpRp8R5kuVqlycJZvT8ssLo2I=
DG09rJPz6i5ewQkkgKZmvnM1mRjFp93noeDaZE02kZyGhEg/f/eJC6qevwaHPwDAybzEWmB9AfUsh/dWcHt+oPQd7CSTlgCcge9pYpdtNt8tZjyYTUdjRhNnowY=
UfXI5DKHk9eyxCcWHDWTkwNa5PIeq3ADdE8tZlrmybgZBhoS2M3LiTHhBvgfpOOR6Hq1CjQINKPZv2BBNxS0tTb6KMu8FmeoeLZtzgmAswMeJREQDIpZWXtMH2GjBA==
GALi/nnSR9SDks1+CotMMippy9cvmVEZQ08tZlrmybgZBhoS2M3LiTHhBvgfpOOR6Hq1CjQINKPZv2BBNxS0tTb6KMu8FmeoeLZtzAmAswMeJREQDIpZWXtMH2GjBA==
rbNMAmNF1TJkhRvW1z3Xphd+YCxRRiViWuLBrAkSMvb4qeNdYbXOPF9gK8W4rh1ulOycN0kr6MW3kDwhpm6ALxxyz3wo4qUISUR7V07xOXQsbnFNa1gXZaMA
MMgT+tYic8xvc28uZu8B0faEJ1eNrSoBhh6IHc/VDwesVF1eWt65kPkuSkoYFZvhkQm2gJ9cU/lIkmVSdNDki7mXkHk3LESdVtL4E/xOt0DY3t00ifgD675NQcjM0glxm2RvWaM8
KeEtEa9xRh3vJH8Kyiih2TfV4vL36NM2V8nVOpp5U2epHx8aHX/Ntemwg0BOVRSlRuRRb28l1JRFTytcOzqu3ahyWBdPYmB6teI6BHXZVcwx70WZ6xXmwnpL0cTZN3Sfe21Yoz8=
uDuWmhGCn5AaYXdi/CYREZGv1VJQ6mDNPtr+BtIjp11BJxl4FHHT/NNvrMdaENP0o0ElG3fjJxsljJSqun8LUh3S499baoDKuENIDmm6jqHaVS3+M2kRDPQCWSdczwJpz8JvFHKm3KO5IXxEmdHK+JlzkDjJsRSUHtFhQlT16ML09Ssp3fOjZls7ygS1WZXMcW8FmauVpsI6y5HEmbe0n7vtmKP/
VRV15IxbQ818eSpL/ncis+3Gqw31jDM+uon+BXMQWs7wtWUvJQdpky/bDlCkP+wtk6yVAxsnDAn68zVKXpu4hRL0S6VrNI+T+nlVaVg6xDdvNGdLSmdFEWajAQ==
r56Exmwak37hXIVK0m71Vi/O4PUwNKDVFRghuAix0xWynNv7vPYnCPjWre0JoPPjnoXRcAyqGbn77N8Bo2Q=
r56Exmwak37hXIVK0m71Vi/O4PUwNKDVFRghuAix0xWynNv7vPYnCPjWre0JoPPjnoXRcAyqGbn77N8Bo2Q=
9DsOuojSRwHd6qLQTIKK4dZxBDRUhNMTPvbXpuXoh2e1KMmzubLyos5NellMStsIM4Hgq9wXdVOKwMi3CsT/IEgsy/n2ysQzVZ0X5C4YDzQQ6xhYL0/h70248JZUCRApD9aL7dwaT1dsPpE5SIJ30eghK0AqZ/vlxuPnMgkGJfYqlPG7vFbn6Hj27Y0JQDPDHuWR0AxK2Zl7jJ+ho8Q=
