HVS8FQCxXX3Rc8BwtyR/YsyPsNsEQouveVUnZWsB6jmvUyohOXxXejLLqfzZTZWvFooCNKwL9m5vqhbqJ1lN5MtxgE4hamYBQsW1fqv5iWxc0pFnFD8qCfcyVxRKVuTDkdE0BFEBYpgB4wi4USGMNPYBKQKcxYDiDMVTKSXD20azC4LEfQn9bOn/mRszAz8ilJjZC1HHnH+DnbGuxA==
xSXFDdWfMdFoFKkhXiF220vglfGistAqt5+9qMRZGnPgrf7JxP19vbRx3LVChgE+ttKQsj/I7A1mT/kxNoK0i7UFh2yukJ+scFPokG8H0RdtoOCeVAEAMS8uu6Wc0r/vDKYBscgK50kImVsI6q/Lneb79zoJDjXuCuzBc3wel1CYbn0Ai8ilWn5bYhhDAulhW5SPuK7P
xSXFDdWfMdFoFKkhXiF220vglfGistAqt5+9qMRZGnPgrf7JxP19vbRx3LVChgE+ttKQsj/I7A1mT/kxNoK0i7UFh2yukJ+scFPokG8H0RdtoOCeVAEAMS8uu6Wc0r/vDKYBscgK50kImVsI6q/Lneb79zoJDjXuCuzBc3wel1CYbn0Ai8ilWn5bYhhDAulhW5SPuK7P
uKtarSqYm0Vn2opoivVdk9nN8LvYFm3XBpeqlxogxT4QTQ5q35gsbjrTeu1QgwDW4/hOhj0w2g1PNllZBoNcwD0pCH7hiNlwdpTgV/4Q6KqFV+BD1SqDbr0fBVaesmb/Fv73BlDZBGkzHm3Vj3RqvgfXQvMcERF+8ZTsGgLbpx1itMdtVIAHz87Y143K7MBt/7IKSTa66sl16YNPPR6FB5T0q2VLtK/Tn3v1r7m6IvTPOwcLKudl0Zeu4g==
uKtarSqYm0Vn2opoivVdk9nN8LvYFm3XBpeqlxogxT4QTQ5q35gsbjrTeu1QgwDW4/hOhj0w2g1PNllZBoNcwD0pCH7hiNlwdpTgV/4Q6KqFV+BD1SqDbr0fBVaesmb/Fv73BlDZBGkzHm3Vj3RqvgfXQvMcERF+8ZTsGgLbpx1itMdtVIAHz87Y143K7MBt/7IKSTa66sl16YNPPR6FB5T0q2VLtK/Tn3v1r7m6IvTPOwcLKudl0Zeu4g==
tOfTyXKpISFvm06qf+Lc0MYNp6B5EesPRGIlYSpzpJvRL0zvWD7fMJ3cHnzk6P8OID8+Md0bxpSIib0Lk5aOtvP+SI0sWj9xjbWFTlQE1IeMw7eQ388sBEMtROhViyjsy1twh18C+pnX/87VA+BJSHlc0hJl2QyIK9IQ4Ol6K25JiMYFJlKT9DVDM/q7oq7J
GE2AIUNd1lOA96so5qOh1WmcSMmRHGDm0bzj65BnnWLY4Itv/Pu5/EInZFcJCzzzUMv/HOWYzoBMfH+CuNuObZUvJniwja03e0LO+qtauBGkLp/ddXHVMnwQ1IuUp4dMF3tMaPup1FQ93+ggE38Am1f22rWvux4pq3TJxOG4Yk4t7exkE9YA3AGuayIRLDaZriYzWM2HY4aTtq7F
AJbOYRQby+MLnF5yvmB5eWmcSMmRHGDm0bzj65BnnWLY8YNh+vS4rkInZFcJCzzzUMj/HOWYzoBMfH+CuNuObZUvJniwja03e0LO+qtauBGkLp/ddXHVMnwQ1IuUp4dMF3tMaPup1FQ93+ggE38Am1f22rWvux4pq3TJxOG4Yk4t7exkE9YA3AGuayIRLDaZriYzWM2HY4aTtq7F
IkWk0EVEyrisWAVrjzU3yAoo0F+zgwSiyEcAZZhFIGHqacx+ocjoRSl4sDq9mO2ByKcmHBFlpmpQkfyyalOku5GPzE8YHd8Q3Xye3KTI/y5gn76RnTvGtMgpPavTto6Ws17ILWx6P1HNFQXuFCTUp8xjNzCf7ywkA43ESBWrKMyL+/AnHyL6uZdfTnVDwEloOfxSsiX5DKhrcpBAqVorTgkoRqVmcpPUdeOzWvuCruk=
vubOvcYWfktKZsCJXrkThFfxbkae5GVbP3V+Su8I9wAZNak+KHgdMJaUwJeekAjqp1eDAzWqI67dH+UWPjIGP/b+18YwWeQpEx4NFS/0yn5n12KzvJFxvtGUzNpiWwddQrSnrfQApw+u2PfNKmygrd+y6olWOkqJlenjj52eZUf09IslqzTPE797Fe8ZOoK0Lzsny4pnhZG3rsI=
2WmMWnoQWZ6ZJL9cI6vN9I7A0DFHYAfNgUFw6tql5cLuV3ce/MRoqLWqPGIKY6SrsX+MH/irX4B9DF4MxPj/PkBv/sF9i0YkaFn9e7OGjoaTroh9jMq/wW1lxT50FNS37JN3YH9frLSj/QSYdZso3KsLsHf/knopNy+OpSPwSXgZDBLixUmMOMsCUJDJaiteKdgG9YbCE0TVk3OKm7Ku+Q==
jawd8Y8AiiSuZ5+6gwyaNpGcussYSoj8Y1c5dXhG9hqvXipOXxI+YDvcsPTme7jIXsZTZ/VP43Jl4hvfI1p46tBzgE4hamYBQsW1fqv5iWxc0pFnFD8qCfcyVxRKVuTDkdE0BFEBYpgB4wi4USGMNPYBKQKcxYDiDMVTKSXD20azC4LEfQn9bOn/mRszAz8ilJjZC1HHnH+DnbGuxA==
jawd8Y8AiiSuZ5+6gwyaNpGcussYSoj8Y1c5dXhG9hqvXipOXxI+YDvcsPTme7jIXsZTZ/VP43Jl4hvfI1p46tBzgE4hamYBQsW1fqv5iWxc0pFnFD8qCfcyVxRKVuTDkdE0BFEBYpgB4wi4USGMNPYBKQKcxYDiDMVTKSXD20azC4LEfQn9bOn/mRszAz8ilJjZC1HHnH+DnbGuxA==
ULZvYYLsrrSJr7zpX+IpTbGpUPLKreX6nn+XxrOG5gJAiZz6muskE0HX7EcoYR/4TeR+FNTw/wYwRx4ZLcOG3NgxXeMjDg4+YwboJVwC/7ldjeUmZBzUj5y7l7gvF2xME5WkAOUTqGRbo9AvL1o6UQfHrr0z+ElAaSTyOpUBTMB7avAIWeKr5tlwZq1WClM85XtTkou6rsE=
ULZvYYLsrrSJr7zpX+IpTbGpUPLKreX6nn+XxrOG5gJAiZz6muskE0HX7EcoYR/4TeR+FNTw/wYwRx4ZLcOG3NgxXeMjDg4+YwboJVwC/7ldjeUmZBzUj5y7l7gvF2xME5WkAOUTqGRbo9AvL1o6UQfHrr0z+ElAaSTyOpUBTMB7avAIWeKr5tlwZq1WClM85XtTkou6rsE=
ULb8r6P3eviMYb17AMk7Wn1jZBSibTLWKnu825eK1EAeFEgn9vCwGngQ+1PtSgu+1R/tBhZSXu8OPo+2iLkMmZueheWHVLLOvxda4+Sxma7ZlMTKintfDXp0fx2MoA//Jlh/fcKMGN2HchJZDlpimZ3p65+1fr0XjLRT1RNUp6M3+52fsZp6BHd7HxtSR+2Bv67K
AMaosXNLw10HTSIGXmEFwng0ezjHZIigRZXCEL7vZxaAzmcSNwsbOP+tZIOh7xQO9BE0UB51be8mztVcxiJGQPOsGHSOy3CoZjYIIA3fe5ItsvPfS4qwikjj+I75Gl7hCnVd/gMJwUyk4smnrK+yqb/ifxRihqxjCUGMxAkxmrhJE6A4uZHE1M5x8cLkVRiCxBU7Kc2Tk6Yrm3qEJfnFDCFP8Zubc/cC7KgBS+lXBN9LzZmu7A==
FURwBN96xwhIuJso7WwxWsj1kg4F52rXZ9n4GJM2u14AMRhoGTudr5UupdxWQpaAo0wodH7rIGg2lpigvX8LUh3S499baoDKuENIDmm6jqHaVS3+M2kRDPQCWSdczwJpz8JvFHKm3KO5IXxEmdHK+JlzkDjJsRSUHtFhQlT16ML09Ssp3fOjZls7ygS1WZXMcW8Bm6uTp8I8yJHLmbe0n7vtia78
FURwBN96xwhIuJso7WwxWsj1kg4F52rXZ9n4GJM2u14AMRhoGTudr5UupdxWQpaAo0wodH7rIGg2lpigvX8LUh3S499baoDKuENIDmm6jqHaVS3+M2kRDPQCWSdczwJpz8JvFHKm3KO5IXxEmdHK+JlzkDjJsRSUHtFhQlT16ML09Ssp3fOjZls7ygS1WZXMcW8Bm6uTp8I8yJHLmbe0n7vtia78
Uq9dXWl0pWpn1ekL0UlhcZU7oYFr9bWs4lnZ7zATZmglL0STcdASaVZqcatJ+GjOnlS0KSnZcZz1SxXPA94cuQUZYe3AeZTjyAzXsG3mxX/U9mb4n2WZKnm5/kNer0csCeyQ65L0Rup2vmv/wwSsNHqjrBjK7nzBWGfXwtHaJ18fYsxa5Fss7g1C8lFWnSk+t6EdPEi6fQf4V955A0qrFLYuELNludhkvWl2yJW7FPjNeZhkYikFojDttFK4/W+pGftv9ocjLmRRIWm8/ScF2y/bq/KAcLXrPS/oj/dlza64
Uq9dXWl0pWpn1ekL0UlhcZU7oYFr9bWs4lnZ7zATZmglL0STcdASaVZqcatJ+GjOnlS0KSnZcZz1SxXPA94cuQUZYe3AeZTjyAzXsG3mxX/U9mb4n2WZKnm5/kNer0csCeyQ65L0Rup2vmv/wwSsNHqjrBjK7nzBWGfXwtHaJ18fYsxa5Fss7g1C8lFWnSk+t6EdPEi6fQf4V955A0qrFLYuELNludhkvWl2yJW7FPjNeZhkYikFojDttFK4/W+pGftv9ocjLmRRIWm8/ScF2y/bq/KAcLXrPS/oj/dlza64
JT+NxS2ZPr70jQYbqC3n0b3qrBc777/jTzsviLZftASSXN6Xot22mbZeTznGeSL3ZHgTpvrbJCMh5yz3SNGZSS1UviS0wP82UHfeqU1zBmy4gZ3TQz4ODgM2KJU8sn8JPT0lFgQs1L/8i1cIT6fs/HMlZDCFI6hUO5MQn0/quuFnd26NU8hJcAkUMor1scxwG9owODnSq9a5QKYdNrrTjIXLk6Lriq7x
JT+NxS2ZPr70jQYbqC3n0b3qrBc777/jTzsviLZftASSXN6Xot22mbZeTznGeSL3ZHgTpvrbJCMh5yz3SNGZSS1UviS0wP82UHfeqU1zBmy4gZ3TQz4ODgM2KJU8sn8JPT0lFgQs1L/8i1cIT6fs/HMlZDCFI6hUO5MQn0/quuFnd26NU8hJcAkUMor1scxwG9owODnSq9a5QKYdNrrTjIXLk6Lriq7x
/cEfvr10ldf3LI28i/RmcxMmZT0VNtyj46N/JwcH/9yOs9QgekDuY7rRtp2+ol8tPlUCE0wk45KiF2Rn6Vt8I/C9ee1FyA5QLEx/stgLTj0136YIEF3tZ5tyzspLCvjBBF4fLdUhFeIcINS79HdHHLeLzBhbeZQE3e/oEPMvQEv3hlpFD+ve+ctEyfSBaKIejR1sFLMGQIzhnmsS8Xx2SQ5Ws6ht16NW84au9Q==
/cEfvr10ldf3LI28i/RmcxMmZT0VNtyj46N/JwcH/9yOs9QgekDuY7rRtp2+ol8tPlUCE0wk45KiF2Rn6Vt8I/C9ee1FyA5QLEx/stgLTj0136YIEF3tZ5tyzspLCvjBBF4fLdUhFeIcINS79HdHHLeLzBhbeZQE3e/oEPMvQEv3hlpFD+ve+ctEyfSBaKIejR1sFLMGQIzhnmsS8Xx2SQ5Ws6ht16NW84au9Q==
yfl3npT55UgZtnnqyXfyVXZ5gstKj52wNl00j5aV9GtReCxsqfD7cuY0VjYcPCHbkLjaioq2r29nPKD09lvICI5mwuFEL1OyNcLr31N6qKpgkzDOsco2QbLlpX67mbmsDLIB52Sf2kmn0mcUera0g2FxRITBYTJYMYMYuEEBfHSmobmCLCUwotzlIynV44uGA2syRO2pLayZ34kbI+MPYkR4SYuhZ+y/U/2BrvQ=
yfl3npT55UgZtnnqyXfyVXZ5gstKj52wNl00j5aV9GtReCxsqfD7cuY0VjYcPCHbkLjaioq2r29nPKD09lvICI5mwuFEL1OyNcLr31N6qKpgkzDOsco2QbLlpX67mbmsDLIB52Sf2kmn0mcUera0g2FxRITBYTJYMYMYuEEBfHSmobmCLCUwotzlIynV44uGA2syRO2pLayZ34kbI+MPYkR4SYuhZ+y/U/2BrvQ=
YYhMfwnzxKowtkv+I4E8MPWQwhg/4CFoJInPRR8F42nXxvKl5FJufvZptte2n7qsVxciIxIBODrb+E4xRIXNdZR5zGsJ35G21ppgij/wHEUGx2lpdlqkg5XNNxQuaC/kUFv4yK/fQZ+NaJCmVDlw+c+mK31ciq/nLO6xSUhyV4EokUvQqvdbFYazBwIJNsWmamRRKzzGh1i4ps14CzAVEl5TckCD2nnpu1z/gK73
XnZkRubY1BT6CdPJEAga9Ela+4io2wpegvRpWzljaBbuEfVKfRMEUhodo/jS1ARf0uC0Eg82JpupOq8mWZ9hnrKimqdSHnO+jKkoYVfeyV1jxDZGA/eGq6CBfbbVlMjSbksbRaaUw5UIMOtHahizheacHNV7Uk4RyqrGARFpZwcRDvnfUJQv3RdEg9t7O1En1Qr+jMsbQ9OWd4mZs67G
EDZbcEPvhf5wRFh/7OrF1D3w7QE6kpih6f+bZbo8qJKic/HLwfSmBQQxJfEEnQQYKiSZ0gZeCD6/RHSB1qNhnVYubGcFSd+gblzH4EC/MLwPK8n7Xaz4klQNGD0fwqOJ/P5nAzzqWX0Ixr8FuHWDpIoDU3FWd2+2iYKtYroAWd8csk+8KCIlzEsE/RZOt7o0Iy7xjWuYl7Suww==
3Vn52qSO7gWXPal30AbFg4v4PkYG/UgbFHQOUURlDRUUmQwNCvBRFlY6oKo/0NzlhmepSXY6ZGMVrff0LghvBNA7uCiv/wE/DcjQhlQZMFlPBmtdXGrvh6wO8SlIkpfhqHGLsKrXm7UGE8ciCRYFBurEkQs8pke4OMYNmAtQVfLeMzKgg/o5STv8v6Cu1w==
GyY3ZGMQqczF3Dnosf/U5n+k7p1g2o6g6/zA9NabaIgupufia++zMlUCC98zOkgqANMQzpGKlsESpYV+W9nZLOxyYeeEX3rJBxJHFFp2FAPBsaSEoaHS2FHD+LhhQdz0BuGZggxlUCI8pUMpNSPrBuOrEkTNaY0sOR+pG0Mj7+IkOKmLwSdMP/O9oa7U
kincW0WTS4wsX8wmv1qY4In4PlcE60wbFHQOUURlDRUUmQwPCvBRFlY6oKo/0NzlhmepSXY6ZGMVrff0LghvBNA7uCiv/wE/DcjQhlQZMFlPBmtdXGrvh6wO8SlIkpfhqHGLsKrXm7UGE8ciCRYFBurEkQs8pke4OMYNmAtQVfLeMzKgg/o5STv8v6Cu1w==
SHHYfwHq/3zciP6vK56NQ3+k6It8x46g6/zA9NabaIgupuHia++zMlUCC98zOkgqANMQzpGKlsESpYV+W9nZLOxyYeeEX3rJBxJHFFp2FAPBsaSEoaHS2FHD+LhhQdz0BuGZggxlUCI8pUMpNSPrBuOrEkTNaY0sOR+pG0Mj7+IkOKmLwSdMP/O9oa7U
9JwrvB1uYQnVHP8vKOVjan+k6Z1uwo6g6/zA9NabaIgupuDia++zMlUCC98zOkgqANMQzpGKlsESpYV+W9nZLOxyYeeEX3rJBxJHFFp2FAPBsaSEoaHS2FHD+LhhQdz0BuGZggxlUCI8pUMpNSPrBuOrEkTNaY0sOR+pG0Mj7+IkOKmLwSdMP/O9oa7U
nFuArk63oWZQm3xmMNnCvhYDqJuixQ1blL0nXyVlLhDuH6UZaxsfQRsagfjS1ARf0uC0EgUwKJupOq8mWZ9hnrKimqdSHnO+jKkoYVfeyV1jxDZGA/eGq6CBfbbVlMjSbksbRaaUw5UIMOtHahizheacHNV7Uk4RyqrGARFpZwcRDvnfUJQv3RdEg9t6O1En1Qr+jMsbQ9OWd4mZs67G
pB0AsQSfVGGSC/nHP91zNoGg4L/kOxEse6T+qqR/ZRUHP+Tq0mfuDl9jWXk67um1greNzJlsHhCGlNB3rtC4ChvQHONl6vOOrR8VNm7y1l9mfmemgJnUSQMeHTXfNLrel1fyE2zRIV7hlPw6MhvX/dI0Vw2EwFcvvtjnrRqsEM1vMnrphvoaqWXpk69N3jWnZHQ7xRt0//OuewXPaXpyFF+7t2vap1Xxh67y
ftwb4WVs8BcvcTjtCkJh9KLR23K9ew4luTwEdP/rrsiaW1+LaBFC5Ues75sfj0ymBRGLCAIsQlcUr2LcYBO1eC7J/lI+Tdfa7Pn2SCGzLGAydheoNqqNzT9MCRWKXkuuhInwEf9eoe27pD5Wezde2yghBWb9lOACFuuTNX5Uu4UAUDP3Apgb9T68FMVDEpahQkp+UflpD9epbnFvCFQXzR9k2yvSu7mXjer2nDNbGyMe13HJm67u
ftwb4WVs8BcvcTjtCkJh9KLR23K9ew4luTwEdP/rrsiaW1+LaBFC5Ues75sfj0ymBRGLCAIsQlcUr2LcYBO1eC7J/lI+Tdfa7Pn2SCGzLGAydheoNqqNzT9MCRWKXkuuhInwEf9eoe27pD5Wezde2yghBWb9lOACFuuTNX5Uu4UAUDP3Apgb9T68FMVDEpahQkp+UflpD9epbnFvCFQXzR9k2yvSu7mXjer2nDNbGyMe13HJm67u
ftwb4WVs8BcvcTjtCkJh9KLR23K9ew4luTwEdP/rrsiaW1+LaBFC5Ues75sfj0ymBRGLCAIsQlcUr2LcYBO1eC7J/lI+Tdfa7Pn2SCGzLGAydheoNqqNzT9MCRWKXkuuhInwEf9eoe27pD5Wezde2yghBWb9lOACFuuTNX5Uu4UAUDP3Apgb9T68FMVDEpahQkp+UflpD9epbnFvCFQXzR9k2yvSu7mXjer2nDNbGyMe13HJm67u
ftwb4WVs8BcvcTjtCkJh9KLR23K9ew4luTwEdP/rrsiaW1+LaBFC5Ues75sfj0ymBRGLCAIsQlcUr2LcYBO1eC7J/lI+Tdfa7Pn2SCGzLGAydheoNqqNzT9MCRWKXkuuhInwEf9eoe27pD5Wezde2yghBWb9lOACFuuTNX5Uu4UAUDP3Apgb9T68FMVDEpahQkp+UflpD9epbnFvCFQXzR9k2yvSu7mXjer2nDNbGyMe13HJm67u
1SCl5E99jBti0uucE/WZAMnrjlfFBl7792JI8SbD2xw6Tk7XWvC45r9Z5zPlygQyBbXk2dAsG4PyJgx68QoK7Whx52armT+iT7qLX9zEuOhJRXjTGnywCvRu8gDCnT6DkkazkpvQvsrnQmOaAVZBZI4qKYXjXAVtTj7PNki5zBnbnsVlx1RyTn8XGmOksdkuGZQESsp7H406dL+dTKBPf2ZYP/0CjNhdx3JS2U5aohld6asf9X59l0y0k1VTVOcj8/tdH3GaOoQ3e9+bkkctAf+uig==
1SCl5E99jBti0uucE/WZAMnrjlfFBl7792JI8SbD2xw6Tk7XWvC45r9Z5zPlygQyBbXk2dAsG4PyJgx68QoK7Whx52armT+iT7qLX9zEuOhJRXjTGnywCvRu8gDCnT6DkkazkpvQvsrnQmOaAVZBZI4qKYXjXAVtTj7PNki5zBnbnsVlx1RyTn8XGmOksdkuGZQESsp7H406dL+dTKBPf2ZYP/0CjNhdx3JS2U5aohld6asf9X59l0y0k1VTVOcj8/tdH3GaOoQ3e9+bkkctAf+uig==
glrbIgy/NHFk9RbtZnn/RJRibbqW5pcmPSWuDAgiASxXcNj/0npH5yczJNnvieFbMyvra5l3MMMe55fCkVpnX9/iDFok2+zuzcIyUZYd6T53Id08iDq9BzjXHnnDymsUdq7Qs6U5GGR96bbIVTvU+A35WGSiqcWi8G10Unh9r6lZey/2x6NuZBGhKby9p0Hbb1vr8sDw9et9r6iPt+WNrvg=
vOoXjD/rvzyM/zlulMgtCdg7T3IHhMgdeLPYvKzojmGDYYjyn4DVhb1EY0wrfOUiJ9qw9YtJMUaWyoC6P8D8FUY3yfn2ysQzVZ0X5C4YDzQQ6xhYL0/h70248JZUCRApD9aL7dwaT1dsPpE5SIJ30eghK0AqZ/vlxuPnMgkGJfYqlPG7vFbn6Hj27YwLQDXCHuOS0ANK2Zl7jJ+wrsc=
glrbIgy/NHFk9RbtZnn/RJRibbqW5pcmPSWuDAgiASxXcNj/0npH5yczJNnvieFbMyvra5l3MMMe55fCkVpnX9/iDFok2+zuzcIyUZYd6T53Id08iDq9BzjXHnnDymsUdq7Qs6U5GGR96bbIVTvU+A35WGSiqcWi8G10Unh9r6lZey/2x6NuZBGhKby9p0Hbb1vr8sDw9et9r6iPt+WNrvg=
vOoXjD/rvzyM/zlulMgtCdg7T3IHhMgdeLPYvKzojmGDYYjyn4DVhb1EY0wrfOUiJ9qw9YtJMUaWyoC6P8D8FUY3yfn2ysQzVZ0X5C4YDzQQ6xhYL0/h70248JZUCRApD9aL7dwaT1dsPpE5SIJ30eghK0AqZ/vlxuPnMgkGJfYqlPG7vFbn6Hj27YwLQDXCHuOS0ANK2Zl7jJ+wrsc=
tV132OuKIlFOVRVzaEXhQ9/4242Yog+Y1FQMv6lj2N23iAxpRuYQl1yK33QIqlWXz9wNnm7/Kgzj1uHFC5AnbK4b
JDvaN7T8LWlcwIfL23hgprXuoB8+2+z5QQZgmKwW1wbBZuK5k8ilibUbCSbQOmj3bGwYhbeCdAUVyhauPYHFF3FUpzX53coyU0LQsk9zBmy4gZ3TQz4ODgM2KJU8sn8JPT0lFgQs1L/8i1cIT6fs/HMlZDCFI6hUO5MQn0/quuFnd26NU8hJcAkUMor1scxwG9owODnRr9a5QKYdNrrTjIXLk6Lriq7x
fhMHOwMgGjwzuvnAt6qZP4owLMF+pFjDtYbKxLai1adZl+ddizMkHpL8pdkNWx9U+7kohBk4FxQUKaJMj1JsaEv6krw6P2P6d20eVEnMaqJPKZ/taxaauucstej+H5zPg4M3iwqVu+I6AqK3Ot7bDlTJIDHvXrGNa+TuNuu3rrvYYfUGDZQQYuarY1WO1Cvl0BDjlxKYC9Xu/MRl05ImAfIKTnHJaT/3ma7Bz7jUh21PpIsLx76pd90qpnyj22vDbhcBKeuung==
fhMHOwMgGjwzuvnAt6qZP4owLMF+pFjDtYbKxLai1adZl+ddizMkHpL8pdkNWx9U+7kohBk4FxQUKaJMj1JsaEv6krw6P2P6d20eVEnMaqJPKZ/taxaauucstej+H5zPg4M3iwqVu+I6AqK3Ot7bDlTJIDHvXrGNa+TuNuu3rrvYYfUGDZQQYuarY1WO1Cvl0BDjlxKYC9Xu/MRl05ImAfIKTnHJaT/3ma7Bz7jUh21PpIsLx76pd90qpnyj22vDbhcBKeuung==
R3kXDbbUFB701/0wcjoUsx5hpJUnE6jvXt87ajVlP4YeKiey9ikh7+/oJFluRv0NpHTbBTv037MOe2WOCfoSVP+7F6v6J7UxZ64S
alpsV+RAJ4RgT/sGvLEeJRxhpJUnE6jvXt87ajVlP4YeKiey9ikh7+/oJFluRv0NpHTbBTv037MOe2WOCfoSVP+7F6v6J7UxZ64S
6m4DuNXTFlrAngynIKQs/zfV4vL36NM2V8nVOpp5U2epHx8aHX/Ntemwg0BOVRSlRuRRb28l1JRBTSVcOzqu3ahyWBdPYmB6teI6BHXZVcwx70ab6xLnwnxI0cvZN3Sfe21Jrjw=
6m4DuNXTFlrAngynIKQs/zfV4vL36NM2V8nVOpp5U2epHx8aHX/Ntemwg0BOVRSlRuRRb28l1JRBTSVcOzqu3ahyWBdPYmB6teI6BHXZVcwx70ab6xLnwnxI0cvZN3Sfe21Jrjw=
3cFuo1/Asj8sOghvL1YMjvaEJ1eNrSoBhh6IHc/VDwesVF1eWt65kPkuSkoYFZvhkQm2gJ9cU/lIlmdcdNDki7mXkHk3LESdVtL4E/xOt0DY3t07i/gE6r5LQsjD0glxm2RvSK4/
3cFuo1/Asj8sOghvL1YMjvaEJ1eNrSoBhh6IHc/VDwesVF1eWt65kPkuSkoYFZvhkQm2gJ9cU/lIlmdcdNDki7mXkHk3LESdVtL4E/xOt0DY3t07i/gE6r5LQsjD0glxm2RvSK4/
z95gPRBSufyXhVuBz6Xe2Bd+YCxRRiViWuLBrAkSMvb4qeNdYbXOPF9gK8W4qh9glOycN0kr6MW3kDwhpm6ALxxyz3wo4qUOSkR8Vk73OnQjbnFNa1gXdK4D
z95gPRBSufyXhVuBz6Xe2Bd+YCxRRiViWuLBrAkSMvb4qeNdYbXOPF9gK8W4qh9glOycN0kr6MW3kDwhpm6ALxxyz3wo4qUOSkR8Vk73OnQjbnFNa1gXdK4D
BwDwZPaUdy3te8Aa84zbhyppy9cvmVEZQ08tZlrmybgZBhoS2M3LiTHhBvgfpOOR6H63BDQINKPZv2BBNxS0tTb6KMu8FmeoeLZtygqAtAIeIxIQA4pZWXtMH3CuBw==
BwDwZPaUdy3te8Aa84zbhyppy9cvmVEZQ08tZlrmybgZBhoS2M3LiTHhBvgfpOOR6H63BDQINKPZv2BBNxS0tTb6KMu8FmeoeLZtygqAtAIeIxIQA4pZWXtMH3CuBw==
+tGlNp121Jc/TYe+FcDFGANa5PIeq3ADdE8tZlrmybgZBhoS2M3LiTHhBvgfpOOR6H63BDQINKPZv2BBNxS0tTb6KMu8FmeoeLZtygqAtAIeIxIQA4pZWXtMH3CuBw==
+tGlNp121Jc/TYe+FcDFGANa5PIeq3ADdE8tZlrmybgZBhoS2M3LiTHhBvgfpOOR6H63BDQINKPZv2BBNxS0tTb6KMu8FmeoeLZtygqAtAIeIxIQA4pZWXtMH3CuBw==
sMTClvXE2TRwPLK6PKMOo3M1mRjFp93noeDaZE02kZyGhEg/f/eJC6qevwaHPwDEy7LEWmB9AfUsh/dWcHt+oPQd7CSTlgCcgexqYpBsNtkuZjOYTUdjRhN2rgU=
sMTClvXE2TRwPLK6PKMOo3M1mRjFp93noeDaZE02kZyGhEg/f/eJC6qevwaHPwDEy7LEWmB9AfUsh/dWcHt+oPQd7CSTlgCcgexqYpBsNtkuZjOYTUdjRhN2rgU=
RGuMyf6HynLZoP/bmNT08aLR23K9ew4luTwEdP/rrsiaW1+LaBFC5Ues75sfj0ymBRGLCAIsQlcUr2LcYBO1eC7J/lI+Tdfa7Pn2SCGzLGAydheoNqqNzT9MCRWKXkuuhInwEf9eoe27pD5Wezde2yghBWb9lOACFuuTNX5Uu4UAUDP3Apgb9T68FMVDEpahQkp+UflpD9epbnFvCFQXzR9k2yvRurmWjer2nDNbGyMe13HJm67u
RGuMyf6HynLZoP/bmNT08aLR23K9ew4luTwEdP/rrsiaW1+LaBFC5Ues75sfj0ymBRGLCAIsQlcUr2LcYBO1eC7J/lI+Tdfa7Pn2SCGzLGAydheoNqqNzT9MCRWKXkuuhInwEf9eoe27pD5Wezde2yghBWb9lOACFuuTNX5Uu4UAUDP3Apgb9T68FMVDEpahQkp+UflpD9epbnFvCFQXzR9k2yvRurmWjer2nDNbGyMe13HJm67u
VDW7spybcOMjK+QqXf0iUk+LCpSGL8qzuFD2OTvhaMudj8hz630mIVB9owBPy9zkYy+ImAz6STgiv4lyLYTPb6uVsbrDk0aq5gKd1sfdamgul3Y1+3e1Lo4aFZYxTas9E7Dqo4gXyRDR2HiWDL1ORv5OnJpUO7xufeIiEWZ9OT6ngW38mNrNh2j3LjlTqpsUhs5A85UZSOQNCaYI5ZsE+N2ZqCSyiXUioI0Ekujdn6lp27+2N8O+5KGBOXzNRxbaP/pbstCQBWutj5hPJwX9rog=
M7nhjndPrCHsOyyvdyS3/ztw2o4+j0c+T2tse0nJ079WDRcfztbqu3rjCvpQwveN5HmQOXo4NPzQpm1IWlOurDHtO9e8FmeoeLZtyAqAtAIeIxIQA4pZWXtMH3CuBw==
YuqjGOQ84tdtAxxHizZr33d3eqplXSNlZgvpKkNrTm62yn12aX1jvd/APwIgx7HQSWhQ9vQthka23uR6fIskLoWyirE+jXG+77G1nHCK9UfwB0YZ6zpTFE5e+NP96dAkNVlOaD2rTHiVafCEGtmNYjg9LHKQTdepoUtH1h9zJiTZUZHcFTfdWvfKA1K4QD0rNf9wb5+Vta7A
B5wd6JKBCMDUjpSzEoH7YMyAp8ABV5qSeVUnZWgH6jmvUypOUhJRBlW1p/2bCMOyTJ8VMO0Q/GZopQLGMlZ46tBzgE4hamYBQsW1fqv5iWxc0pFnFD8qCfcyVxRKVuTDkdE0BFEBYpgB4wi4USGMNPYBKQKcxYDiDMVTKSXD20azC4LEfQn9bOn/mBozAj8ilJjZC1HHnH+DnbGuxA==
B5wd6JKBCMDUjpSzEoH7YMyAp8ABV5qSeVUnZWgH6jmvUypOUhJRBlW1p/2bCMOyTJ8VMO0Q/GZopQLGMlZ46tBzgE4hamYBQsW1fqv5iWxc0pFnFD8qCfcyVxRKVuTDkdE0BFEBYpgB4wi4USGMNPYBKQKcxYDiDMVTKSXD20azC4LEfQn9bOn/mBozAj8ilJjZC1HHnH+DnbGuxA==
uAoXcTjIQ+vvPNXq0DZfdoowLMF+pFjDtYbKxLai1adZl+ddizMkHpL8pdkNWx9U+7kohBk4FxQUKaJMj1JsaEv6krw6P2P6d20eVEnMaqJPKZ/taxaauucstej+H5zPg4M3iwqVu+I6AqK3Ot7bDlTJIDHvXrGNa+TuNuu3rrvYYfUGDZQQYuarY1WO1Cvl0BDjlxKYC9Xu/MRl05ImAfIKTnHJaT/3ma7Bz7jUh21PpIsLwrqpdt0qpnyj22vDbhcBKeuung==
uAoXcTjIQ+vvPNXq0DZfdoowLMF+pFjDtYbKxLai1adZl+ddizMkHpL8pdkNWx9U+7kohBk4FxQUKaJMj1JsaEv6krw6P2P6d20eVEnMaqJPKZ/taxaauucstej+H5zPg4M3iwqVu+I6AqK3Ot7bDlTJIDHvXrGNa+TuNuu3rrvYYfUGDZQQYuarY1WO1Cvl0BDjlxKYC9Xu/MRl05ImAfIKTnHJaT/3ma7Bz7jUh21PpIsLwrqpdt0qpnyj22vDbhcBKeuung==
WDyK0P+7F3si3Ap8giK/+3PZcpjICSn826Dl6YVpvTLVpcYrqNqKwCswbSp6cEbhCYqoBLqH2o0LZWaTtNuObZUvJniwja03e0LO+qtauBGkLp/ddXHVMnwQ1IuUp4dMF3tMaPup1FQ93+ggE38Am1f22rWvux4pq3TJxOG4Yk4t7exkE9YA3AGvaiIQLDaZriYzWM2HY4aTtq7F
u3e2Qy1FTumwzPpR6uiZxaLR1Xq5JQsipGtQe7CSj+Cgc2ykWzhC5EvtoJxanFWxGBCLAQ1lQlMYkS23YB64FjPO5yEtXdHc8bquW3+gZ3Q+ThqxKIaYwgpCEheKXkuuhInwEf9eoe27pD5Wezde2yghBWb9lOACFuuTNX5Uu4UAUDP3Apgb9T68FMVDEpahQkp+UflpD9epbnFvCFQXzR9k2yvSurmWjer2nDNbGyMe13HJm67u
dK6Hkt9xaArILbUGyhQNeBs5itVqN2DPYuwcLuwW3x7FRFshHWVSc8jR/Rfwngi2w47XAV1d4bwB+h67DyD3FO4OSlE4hoii2oJC9xreu840SYDxz15RzYtkTvbLt857eOFVRu2U8CJGK8OV7tQLJXCQA9fymCsVTnykpbOSBkESiq4x6WkfN/kuoQ+Y1GctryQrS+W6yba9qgY8g9uLg86XoemLrv4=
k4/cQ66Q/AeUD9vuICu7kZ/ynh8Z8mrAatDvAMknslJBJR9lUHfS2Ycj4o4aQvnmzSU/fQOYWxIkz93wpSAURhCV+sZKZoDKuENIDmm6jqHaVS3+M2kRDPQCWSdczwJpz8JvFHKm3KO5IXxEmdHK+JlzkDjJsRSUHtFhQlT16ML09Ssp3fOjZls7ygS1WZXMcW8EmquSp8I8yJHLmbe0n7vtia78
BQEXIs0AaLdlGoWu8y+bkzK9lwGjm2wUM4vIy2dSbC/30ZJ3/xVDYP26/tdUWklmhLfsaE/LL/r3yxPNYqFGJJnRUdzVtxdYN0pDUvjAfSt1fzBvXxV1rgA=
W+TD25cMeXqiOIMiLccGq5wFinpShUtEvq4hDSOE/4nRUkElUpK3nMVBh6C58gJnOILtBiBPQPjTQ6t6c0OPXc7Z4sQ9ib1sqX/aH3OCfyLUGBkLkUdcf0Mdca4E
N9Dfz/HRklV2d1JS3m81NikFhbdm5hhiED4MWyvL4NAOT3mBjHjJ3trEDWZhzSvPnMIvDOgyxR9PVJwGDgdaxKMe0f0riDdkrhM=
upkFuZ35DhVikMDAzGctbG0BtJ40Ub3REcBvPnR/Po4LNmaj5mAl7/26JW95Reg1pHTbBTv037MPf2WOCfoSVP+7F6v6J7UxZ64S
OBlNAq6xIHyebgOPi1RVIT+QnaMxScTIzlp2GW+ly+B1ymZ3PIrxJlyHhIh32yf6/9srrYqRHuQhgbl8TUeV37/627JQkIVrLY8YT6cFfa4I
GUb6j+rS0/NXwLNK9dAKoOfG5+nHo+laDCvOwP9uew6FwaXKX5ywjIgtg2GsHj5tjYe0YrUAGpbp8OlHR2FMgPsq8MjZIq8mWLBm7dZKU3xlO1NSC3quAQ==
jWjc33GnMnrN/DM97GOMNCibhr4OO7T4nAkkGWely+B1ymZ3PIrxJlyHhIh32yf6/9srrYqRHuQhgbl8TUeV37/627JQkIVrLY8YT6cFfa4I
VmBX3e1w4O3TTWjHzORmdigFhbdm5hhiED4MWyvL4NAOT3mBjHjJ3trEDWZhzSvPnMIvDOgyxRxPVJwGDgdaxKMe0f0riDdkrhM=
VmBX3e1w4O3TTWjHzORmdigFhbdm5hhiED4MWyvL4NAOT3mBjHjJ3trEDWZhzSvPnMIvDOgyxRxPVJwGDgdaxKMe0f0riDdkrhM=
CGJkCzvPsbS/zNu1uL0e6zRiu7JcP2ffvNdCplD6RO/7vwh0rusRdRzMQVpaQIXS8TlDazxmx3g4ho3YD5DUMt5zsuCDOrkJO7w/YK4X
CGJkCzvPsbS/zNu1uL0e6zRiu7JcP2ffvNdCplD6RO/7vwh0rusRdRzMQVpaQIXS8TlDazxmx3g4ho3YD5DUMt5zsuCDOrkJO7w/YK4X
wi8NabZDCJinTlROou/8Ovrp1ndknc/ZF1wM9aOZZOUeWHDAUJnzvQR6nsH1EyQePYSaGnGEWdsvxazsQ/6gdBFm7+oAhJax/q5zUJ0vQ64Dfq4N
wi8NabZDCJinTlROou/8Ovrp1ndknc/ZF1wM9aOZZOUeWHDAUJnzvQR6nsH1EyQePYSaGnGEWdsvxazsQ/6gdBFm7+oAhJax/q5zUJ0vQ64Dfq4N
iBXHrKXwRexXJyE6uQWx+qOXtxIoY7u0xmgumdi9zU+pQJeuzN9WXkN2rtPOQD0f5bo9H2FlwMXstBNV01RnI3f/3R7xmrqEt3tfmxJHrQF/rgo=
iBXHrKXwRexXJyE6uQWx+qOXtxIoY7u0xmgumdi9zU+pQJeuzN9WXkN2rtPOQD0f5bo9H2FlwMXstBNV01RnI3f/3R7xmrqEt3tfmxJHrQF/rgo=
9RjOpozPeNWTBkZVjtuCIHJiZXNczpCxeHUn/9mVMCoQf7Q+0GI0R1vX2MzuE0Fd/KRxQlpYtboREROTfN4XEJgu/UGPCCSafpviWENCaSFbVA94rg8=
9RjOpozPeNWTBkZVjtuCIHJiZXNczpCxeHUn/9mVMCoQf7Q+0GI0R1vX2MzuE0Fd/KRxQlpYtboREROTfN4XEJgu/UGPCCSafpviWENCaSFbVA94rg8=
v2xXUMX3i+k5cO6jBedyh0v8zkVifYOuvGNfA8wLevqQpvwzi2OwKE53qelsUPnG2tw9ToGl+/fcOn+kSFo1hc/M7O6ur4q8YyaBFUugB3yuCw==
azM494EUVRFzHiNH4AhRcBzci6VrPVDm6GHxGVUAK3a4D+I2r9YCO1rwqWd5OqHn9dVUrUAUf71nBJN7yj+hxsXKTqybmzOzBje5OWOuFg==
3ADPgOTY/APtNiHmjoCFl0n2zEdmYoOuvGNfA8wLevqQpvwzi2OwKE53qelsUPnG2tw9ToGl+/fcOn+kSFo1hc/M7O6ur4q8YyaBFUugB3yuCw==
3ADPgOTY/APtNiHmjoCFl0n2zEdmYoOuvGNfA8wLevqQpvwzi2OwKE53qelsUPnG2tw9ToGl+/fcOn+kSFo1hc/M7O6ur4q8YyaBFUugB3yuCw==
SxVLq3+NnHZWUjv6SY/NOE7U+8pGIRmHkD1VousEMAQYVSPJ3Mb+JV2/1IqFGBqe+QjJb7c5DEirkhCgabsvrsjIxkWmkpM0tQMzujtirgk=
JGAYNum9P5XtdVdHJyjq/rScrBQRMbvdlXQqldSw1kypQJeuzN9WXkN2rtPOQD0f5bo9H2FlwMXstBNV01RnI3b/3R7xmrqEt3tfmxJHrQF/rgo=
cOR9bz3R5w12n6pL2D8PxEv8zFluXPP9oGdTD8EQefqQpvwzi2OwKE53qelsUPnG2tw9ToGl+/fcOn+kSFo1hc/M7O6ur4q8YyaBFUugB3yuCw==
cOR9bz3R5w12n6pL2D8PxEv8zFluXPP9oGdTD8EQefqQpvwzi2OwKE53qelsUPnG2tw9ToGl+/fcOn+kSFo1hc/M7O6ur4q8YyaBFUugB3yuCw==
d9ZEp84dkzxtH/4tTLAxMzYRmJhwJQbFE3P3oImS0qdIYl2GsO8QOOMju3pjo78dHnlyRI3pTSz5n+gfg6Iv4mS46YsBpww/sz1hrhQ=
d9ZEp84dkzxtH/4tTLAxMzYRmJhwJQbFE3P3oImS0qdIYl2GsO8QOOMju3pjo78dHnlyRI3pTSz5n+gfg6Iv4mS46YsBpww/sz1hrhQ=
9yZWXS7BxNO52g0od2eAg1o9xoBOwQRiED4MWyvL4NAOT3mBjHjJ3trEDWZhzSvPnMIvDOgyxR1PVJwGDgdaxKMe0f0riDdkrhM=
9yZWXS7BxNO52g0od2eAg1o9xoBOwQRiED4MWyvL4NAOT3mBjHjJ3trEDWZhzSvPnMIvDOgyxR1PVJwGDgdaxKMe0f0riDdkrhM=
/RXkPSmjHXhsvXhlK9Z+aHJiZXNczpC6ZXU/0IqeLjotILY+0GI0R1vX2MzuE0Fd/KRxQlpYtboREROTfN4XEJgu/UGPCCSafpviWENCaSFbVA94rg8=
g7eQTXSwjSX4maB5dZkHtCqRhrsAJbT4nA0yFWery+B1ymZ3PIrxJlyHhIh32yf6/9srrYqRHuQhgbl8TUeU37/627JQkIVrLY8YT6cFfa4I
g7eQTXSwjSX4maB5dZkHtCqRhrsAJbT4nA0yFWery+B1ymZ3PIrxJlyHhIh32yf6/9srrYqRHuQhgbl8TUeU37/627JQkIVrLY8YT6cFfa4I
mkVSpPasza7Bi8oY6YaqgHJiZXNczpChdlZr3IuQKTsNbLs+0GI0R1vX2MzuE0Fd/KRxQlpYtboREROTfN4XEJgu/UGPCCSafpviWENCaSFbVA94rg8=
mkVSpPasza7Bi8oY6YaqgHJiZXNczpChdlZr3IuQKTsNbLs+0GI0R1vX2MzuE0Fd/KRxQlpYtboREROTfN4XEJgu/UGPCCSafpviWENCaSFbVA94rg8=
uVeLSJXuA0sM4Q2Da5/1OXBoZ3FY0ZChdlZr3IuQKTsNbLs+0GI0R1vX2MzuE0Fd/KRxQlpYtboREROTfN4XEJgu/UGPCCSafpviWENCaSFbVA94rg8=
uVeLSJXuA0sM4Q2Da5/1OXBoZ3FY0ZChdlZr3IuQKTsNbLs+0GI0R1vX2MzuE0Fd/KRxQlpYtboREROTfN4XEJgu/UGPCCSafpviWENCaSFbVA94rg8=
AR7u06zWW50xOPyGKeEz366n+k8U3/7cF0ob4r2VdfYXWHDAUJnzvQR6nsH1EyQePYSaGnGEWdsvxazsQ/6gdBFn7+oAhJax/q5zUJ0vQ64Dfq4N
AR7u06zWW50xOPyGKeEz366n+k8U3/7cF0ob4r2VdfYXWHDAUJnzvQR6nsH1EyQePYSaGnGEWdsvxazsQ/6gdBFn7+oAhJax/q5zUJ0vQ64Dfq4N
Odc7/9TbbzCLR3nG8jvCLERh+7EickLJG333oImS0qdIYl2GsO8QOOMju3pjo78dHnlyRI3pTSz5n+gfg6Iv4mS46YsBpww/sz1hrhQ=
Odc7/9TbbzCLR3nG8jvCLERh+7EickLJG333oImS0qdIYl2GsO8QOOMju3pjo78dHnlyRI3pTSz5n+gfg6Iv4mS46YsBpww/sz1hrhQ=
ywQz26uOV7cTnRdrJEQHGnrJmFVmYoO4q3RBD90Yc/qQpvwzi2OwKE53qelsUPnG2tw9ToGl+/fcOn+kSFo1hc/M7O6ur4q8YyaBFUugB3yuCw==
ywQz26uOV7cTnRdrJEQHGnrJmFVmYoO4q3RBD90Yc/qQpvwzi2OwKE53qelsUPnG2tw9ToGl+/fcOn+kSFo1hc/M7O6ur4q8YyaBFUugB3yuCw==
4O
i3EJBxQFYkmQexhmMvHZ/x+pNjuri4xSZjKLpadDWVP00RmN7YBT5hBvOobnFkprotCBl2E6uZfd9Sx9iFS3DT/kO+syvxlWrWqW3FNbe2M+V1EJe64O
BllgT8wyfe5JHYa+b/AOowXVloIqCAK1umH5GVUAK3a4D+I2r9YCO1rwqWd5OqHn9dVUrUAUf71nBJN7yj+hxsXKTqybmzOzBje5OWOuFg==
kDjPS/Seis5jTlleo3Gg4B7WjIAqCAK1umH5GVUAK3a4D+I2r9YCO1rwqWd5OqHn9dVUrUAUf71nBJN7yj+hxsXKTqybmzOzBje5OWOuFg==
nHWjJ6nSswnm8KuBEFXD4igfg7d6/hliED4MWyvL4NAOT3mBjHjJ3trEDWZhzSvPnMIvDOgyxR1PVJwGDgdaxKMe0f0riDdkrhM=
nHWjJ6nSswnm8KuBEFXD4igfg7d6/hliED4MWyvL4NAOT3mBjHjJ3trEDWZhzSvPnMIvDOgyxR1PVJwGDgdaxKMe0f0riDdkrhM=
Uo0gqynbQLhRyKQ2R7oi8isFhbdm5hhiED4MWyvL4NAOT3mBjHjJ3trEDWZhzSvPnMIvDOgyxRpPVJwGDgdaxKMe0f0riDdkrhM=
/aNSjwuZd5pk97NKQ4bELg+ewy7QctQXm2e4PG6j4S089FFSWkiV6tFhsyP8LnegWH4dV48YREo+KwIow/LJ0RuEL2iuHw==
/aNSjwuZd5pk97NKQ4bELg+ewy7QctQXm2e4PG6j4S089FFSWkiV6tFhsyP8LnegWH4dV48YREo+KwIow/LJ0RuEL2iuHw==
lC4+Ax2YyQrw7Dj6c0LrgCkfg7V99BhiED4MWyvL4NAOT3mBjHjJ3trEDWZhzSvPnMIvDOgyxRtPVJwGDgdaxKMe0f0riDdkrhM=
lC4+Ax2YyQrw7Dj6c0LrgCkfg7V99BhiED4MWyvL4NAOT3mBjHjJ3trEDWZhzSvPnMIvDOgyxRtPVJwGDgdaxKMe0f0riDdkrhM=
dZeBBymqG1hsa3YtOOgdUTcSx7QSeUdfpsDwWOABk2W0Il6ZxctEBg2cmgJBnDkDH51stPMmwOyh+W9ysBz2aU72swit9yO2M2auFQ==
dZeBBymqG1hsa3YtOOgdUTcSx7QSeUdfpsDwWOABk2W0Il6ZxctEBg2cmgJBnDkDH51stPMmwOyh+W9ysBz2aU72swit9yO2M2auFQ==
VymmDul2eLDwLO4F3FuxATYSx7QSeUdfpsDwWOABk2W0Il6ZxctEBg2cmgJBnDkDH51stPMmwOyh+W9ysBz2aU72swit9yO2M2auFQ==
VymmDul2eLDwLO4F3FuxATYSx7QSeUdfpsDwWOABk2W0Il6ZxctEBg2cmgJBnDkDH51stPMmwOyh+W9ysBz2aU72swit9yO2M2auFQ==
jn/FW+ZwL1jEbtd8DO5EOjUSx7QSeUdfpsDwWOABk2W0Il6ZxctEBg2cmgJBnDkDH51stPMmwOyh+W9ysBz2aU72swit9yO2M2auFQ==
jn/FW+ZwL1jEbtd8DO5EOjUSx7QSeUdfpsDwWOABk2W0Il6ZxctEBg2cmgJBnDkDH51stPMmwOyh+W9ysBz2aU72swit9yO2M2auFQ==
jqHh/PRMGKaLRiHrqhU0oCsfg7d6/hliED4MWyvL4NAOT3mBjHjJ3trEDWZhzSvPnMIvDOgyxRtPVJwGDgdaxKMe0f0riDdkrhM=
jqHh/PRMGKaLRiHrqhU0oCsfg7d6/hliED4MWyvL4NAOT3mBjHjJ3trEDWZhzSvPnMIvDOgyxRtPVJwGDgdaxKMe0f0riDdkrhM=
ZAt+AD20hMv0Xv3HuhQq5yoFhbdm5hhiED4MWyvL4NAOT3mBjHjJ3trEDWZhzSvPnMIvDOgyxRtPVJwGDgdaxKMe0f0riDdkrhM=
ZAt+AD20hMv0Xv3HuhQq5yoFhbdm5hhiED4MWyvL4NAOT3mBjHjJ3trEDWZhzSvPnMIvDOgyxRtPVJwGDgdaxKMe0f0riDdkrhM=
bMh0f3i3Rc5aHzY2POv7BQ6ewy7QctQXm2e4PG6j4S089FFSWkiV6tFhsyP8LnegWH4dV48YREo+KwIow/LJ0RuEL2iuHw==
yiTEUOS2HPKTH8HRQbG6ZDQSx7QSeUdfpsDwWOABk2W0Il6ZxctEBg2cmgJBnDkDH51stPMmwOyh+W9ysBz2aU72swit9yO2M2auFQ==
VCK4XR7d8YxKiJncAf7XnDMSx7QSeUdfpsDwWOABk2W0Il6ZxctEBg2cmgJBnDkDH51stPMmwOyh+W9ysBz2aU72swit9yO2M2auFQ==
bMh0f3i3Rc5aHzY2POv7BQ6ewy7QctQXm2e4PG6j4S089FFSWkiV6tFhsyP8LnegWH4dV48YREo+KwIow/LJ0RuEL2iuHw==
b5RVzoshOXKInZx1fsTkpTISx7QSeUdfpsDwWOABk2W0Il6ZxctEBg2cmgJBnDkDH51stPMmwOyh+W9ysBz2aU72swit9yO2M2auFQ==
yiTEUOS2HPKTH8HRQbG6ZDQSx7QSeUdfpsDwWOABk2W0Il6ZxctEBg2cmgJBnDkDH51stPMmwOyh+W9ysBz2aU72swit9yO2M2auFQ==
P8e1oolz/VBbuSLTSNBDdSgfg7V99BhiED4MWyvL4NAOT3mBjHjJ3trEDWZhzSvPnMIvDOgyxRtPVJwGDgdaxKMe0f0riDdkrhM=
VCK4XR7d8YxKiJncAf7XnDMSx7QSeUdfpsDwWOABk2W0Il6ZxctEBg2cmgJBnDkDH51stPMmwOyh+W9ysBz2aU72swit9yO2M2auFQ==
H5iOVZhk1uvp33xP3UFPT50FinpShUtEvq4hDSOE/4nRUkElUpK3nMVBh6C58gJnOILtBiBPQPjTQ6t6c0OPXc7Z4sQ9ib1sqX/eH3OCfyLUGBkLkUdcf0Mdca4E
b5RVzoshOXKInZx1fsTkpTISx7QSeUdfpsDwWOABk2W0Il6ZxctEBg2cmgJBnDkDH51stPMmwOyh+W9ysBz2aU72swit9yO2M2auFQ==
P8e1oolz/VBbuSLTSNBDdSgfg7V99BhiED4MWyvL4NAOT3mBjHjJ3trEDWZhzSvPnMIvDOgyxRtPVJwGDgdaxKMe0f0riDdkrhM=
H5iOVZhk1uvp33xP3UFPT50FinpShUtEvq4hDSOE/4nRUkElUpK3nMVBh6C58gJnOILtBiBPQPjTQ6t6c0OPXc7Z4sQ9ib1sqX/eH3OCfyLUGBkLkUdcf0Mdca4E
QGA3bGGeqdA2U/O5Kw0BDFMf55a13gpSlqdzUSVlagPgMaVHOF5ABjsuv5HF3XksqZqmS0dgP8S2LqJhQIZwkrKimqdSHnO+jKkoYVfeyV1jxDZGA/eGq6CBfbbVlMjSbksbRaaUw5UIMOtHahizheacHNV7Uk4RyqrGARFpZwcRDvnfUJQv3RdEg9t+P1Em1Qr+jMsbQ9OWd4mZs67G
prmXgUvE2Hf3Rictze66/5oiLP3C85A9OTiuSE0tG2VUf97JmzsGrn56BdaB7fs9R1CXYpg3eZABuIjWnB1+Rs7uDFok2+zuzcIyUZYd6T53Id08iDq9BzjXHnnDymsUdq7Qs6U5GGR96bbIVTvU+A35WGSiqcWi8G10Unh9r6lZey/2x6NuZBGhKby9p0Dfb1rr8sDw9et9r6iPt+WNrvg=
QGA3bGGeqdA2U/O5Kw0BDFMf55a13gpSlqdzUSVlagPgMaVHOF5ABjsuv5HF3XksqZqmS0dgP8S2LqJhQIZwkrKimqdSHnO+jKkoYVfeyV1jxDZGA/eGq6CBfbbVlMjSbksbRaaUw5UIMOtHahizheacHNV7Uk4RyqrGARFpZwcRDvnfUJQv3RdEg9t+P1Em1Qr+jMsbQ9OWd4mZs67G
prmXgUvE2Hf3Rictze66/5oiLP3C85A9OTiuSE0tG2VUf97JmzsGrn56BdaB7fs9R1CXYpg3eZABuIjWnB1+Rs7uDFok2+zuzcIyUZYd6T53Id08iDq9BzjXHnnDymsUdq7Qs6U5GGR96bbIVTvU+A35WGSiqcWi8G10Unh9r6lZey/2x6NuZBGhKby9p0Dfb1rr8sDw9et9r6iPt+WNrvg=
/AJffvj1BJ2PJFwew47G9jEf6a2D2F+aDWanrqs/88SrmOXR9VFdCqWdBpPYYmp4W4jtkgrIpll5Mmg8yr86tXtdZqvE425V5RfmwMA1TY8L+k5C2+JYqdSWX+UFSTUKDCjUs+SfZ3RnQ4zQixE07E1naJhjx+AjJ04ajd+D/hHbTMn8kYCCdl3VLNxjbuBkcRzvmmCU1iHenvNgvb+DvuOOrv0=
pXfnD56BRHChQzoGv52nCYJAtL98Wnw057ShKevKr5rl1/lbRRSxjzbl5JhCFn9qjbTm4t5njQA46hblcnu/H6ZtiKm2i7FFFna8j6Uhb1juJHcI4NdgZM9zmdO9hIiqVDVoFf/q89E8JjdrnALpBYg+D20YnVP8ytuDWTZfn46Jul1K2iiJB1zqn1SISpU+z3xM/u7f6uzjdqGli7DnjK77
XW6+CaPaGAiHuE5JeiNVzZPKjFYSj/dkKjTPYAaU7cd6nhPEHUkd7Mm/8x+Twt+itNh5C7EHvP/j3RGuZA==
yQl8KRWoJh1K+/DEfyVdlc0P9AfaS+ww8rtsc4mcVMixoHhokz8EYm00Y7VjFLdDjf/tPqFayiQH+8/7wgedIW+uGg==
RVLfdqUyluZ9t3bYaQecFjdYmbocCRNhhsC8BadIz262IBjLxdxYHzrYgFdWniMXGIxstPMmwOyh9G9ysBz2aU72swit9yO2M2auFQ==
JHG/ZXk4hnlVGD3HlYBH0bLEdwX+735a3V3PTamHX0zwBF0JD5z+we57C00YQY7mn176iNZLU/5HjHpeKNGhmqCNpjZAPUKIS9X0EvxOt0DY3t06j/gE6r5LQsjD0glxm2RvSK4/
LKmpegr4Z/ugasnmIGPejTSJna8VHPzyzgc4Wy3AjeYsjS8rN4jzYA6Hk5Ru7GPgqswpt56WD+Qhgbl8TUef37/627JQkIVrLY8YT6cFfa4I
ccsUs5YtMsxHgVzn11+aBkXqcONGZCD2vidD1J6Mc+C6LFl3zja/ZLHhSTydZ6/fzxqLcuAwFevd78gPlyVtrhg=
Qo+SCeHILt0IPZ+SqMfA3M0P9AfaS+ww8qZsc4mcVMixoHhokz8EYm00Y7VjFLdDjf/tPqFayiQH+8/7wgedIW+uGg==
XW6+CaPaGAiHuE5JeiNVzZPKjFYSj/dkKjTPYAaU7cd6nhPEHUkd7Mm/8x+Twt+itNh5C7EHvP/j3RGuZA==
pzR/+t1RMa3xRnx1CThi8EXqcONGZCDrvidD1J6Mc+C6LFl3zja/ZLHhSTydZ6/fzxqLcuAwFevd78gPlyVtrhg=
iAPZKHYkUOCOu67Cpdbws+/u1mkU0fD/Rw8Z4KKVJ+c2WDydF9CvtgZ42JP1BDgHCsCAT2aGQ88o1KzsQ/6gdBFs7+oAhJax/q5zUJ0vQ64Dfq4N
Os0MsaS1hurSJ55z5/n8ZNJmFysAiC/JPiMmFu2/E3rLuFi2xgpFDwCQ6JSVyURxfCMGQKZW4kQRxQ/24W2l9Uh9OXYQAT66wLHaBPs5bL6c4m+saJKF9k80XKaOp5rko/4Rnatod0SuMw==
nYZj6nCoxT7jxfMaR70UIhbSBEIq86QtedGjrZHuC8mDlpq6XG9uPPD0qLzPOvME/0GczTHVAPvWsEwzaRz0CNGgmCgzv2SiTTSD9QOUFwNt/83+wdpqZCf7rztih31hT646
RuZZxonayCVP3HN0k7cZ5BbSBEIq86QtedGjrZHuC8mDlpq3XG9uPPD0qLzPOvME/0GczTHVAPvWsEwzaRz0CNGgmCgzv2SiTTSD9QOUFwNt/83+wdpqZCf7rztih31hT646
CabhnXKX3cZvPCcQnaeQu72rs4iRH+StlfF/R/BTEhUJnOnHqTFqOSnq9vjGznLMkU2fbgHV1b2ItQkOMBkussC5yhzbQVx2XKofFIgKFX7PvMw+7h9qLOO2IWWLcGdMrjs=
yaiUIJtF6uADEQkRQ64zLXMe0b5aCk5ohobxQ6MM2WOxJxjLxdxYHzrYgFdWniMXGIxstPMmwOyh9G9ysBz2aU72swit9yO2M2auFQ==
1CGe9U3PwJHdW9crQ5WVMPrk0GlG2Oy9TkEG67qUa/IrWDydF9CvtgZ42JP1BDgHCsCAT2aGQ88o1KzsQ/6gdBFs7+oAhJax/q5zUJ0vQ64Dfq4N
1CGe9U3PwJHdW9crQ5WVMPrk0GlG2Oy9TkEG67qUa/IrWDydF9CvtgZ42JP1BDgHCsCAT2aGQ88o1KzsQ/6gdBFs7+oAhJax/q5zUJ0vQ64Dfq4N
rJxC/SI7UQR8VmIXuxezTU47ZTteZGN9XLzQrkpWcLzgs+lbP6THNwt3K8K3sAJiyO3ZJlAx3orAgTo0u2mMLhxyz3wo4qUGT0R8Vk73OnQjbnFNa1gXdK4D
rJxC/SI7UQR8VmIXuxezTU47ZTteZGN9XLzQrkpWcLzgs+lbP6THNwt3K8K3sAJiyO3ZJlAx3orAgTo0u2mMLhxyz3wo4qUGT0R8Vk73OnQjbnFNa1gXdK4D
/9KiGOk9YL0YoKmlB3K7C43xLh1zjp+2fVJZ2KT/YjunzUo7aEXjW+swl4CqH28E4mTnYC5EpSfiDquExTnljAEPW5/7MpeCjOihS0mXJF+rDXmuDA==
/9KiGOk9YL0YoKmlB3K7C43xLh1zjp+2fVJZ2KT/YjunzUo7aEXjW+swl4CqH28E4mTnYC5EpSfiDquExTnljAEPW5/7MpeCjOihS0mXJF+rDXmuDA==
wDEvJv2+QVPC70sxg7lJVb8sbYRKE96MjSTVlL/H2a4joV+um8zSYKc1Q7f4Ebqhe2MVFg0WLjIdkrnYxL/CuweNajuIBYPbC/C3gIrfz4SCpAdgTgRFp0JOi4TleYUM4c87n9vyNwIsKEFLKdfE3wtNWa4s
hQPNPb4tCBqInp86qWlELWW7KYBbspYa4oUpNqvZuxZpEg+Wk4iOG1AzpdkgG4IRoZNZVD0QIJudrICwLSDkkMcPEAqhlO9d10RDW7E/kaYVCj4MCxuDU1Z3SRlzrgY=
RmStV/pdRjJQSJvV2YkLsy6Xiq5BSr34gAc+C2uFjvssjS8rN4jzYA6Hk5Ru7GPgqswpt56WD+Qhgbl8TUef37/627JQkIVrLY8YT6cFfa4I
1CGe9U3PwJHdW9crQ5WVMPrk0GlG2Oy9TkEG67qUa/IrWDydF9CvtgZ42JP1BDgHCsCAT2aGQ88o1KzsQ/6gdBFs7+oAhJax/q5zUJ0vQ64Dfq4N
uK5oTmUeaXFkiXddzn2/wbOI5uW65td8RDnKrPwicAGdzafOe9mr1c9k32quHHg/jZCoe4JEAMP+8vNTQHBMgPsq8MjZKK8mWLBm7dZKU3xlO1NSC3quAQ==
5+xsdmoWyNGA7bcAHR9CMrWfv7a38dxxQTzBrPwiZwvfwLnEf8y61c9k32quHHg/jZCoe4JEAMP+8vNTQHBMgPsq8MjZKK8mWLBm7dZKU3xlO1NSC3quAQ==
woEMdMzOTk0u0nsL3SL5NLCI5uW65td8RDnKrPwiZwvfwLnEf8y61c9k32quHHg/jZCoe4JEAMP+8vNTQHBMgPsq8MjZKK8mWLBm7dZKU3xlO1NSC3quAQ==
zeOkCMLVd6SpxNRMksubbbqfv7a38dxxQTzBrPwiZwvfwLnEf8y61c9k32quHHg/jZCoe4JEAMP+8vNTQHBMgPsq8MjZKK8mWLBm7dZKU3xlO1NSC3quAQ==
axyRbBepYYWaTEdf9sRGTLufv7a38dxxQTzBrPwiZwvfwLnEf8y61c9k32quHHg/jZCoe4JEAMP+8vNTQHBMgPsq8MjZKK8mWLBm7dZKU3xlO1NSC3quAQ==
AGbm4fSPraTwM++Y7lv8Hi6Xiq5BSr3vikUzFWGBm+osjS8rN4jzYA6Hk5Ru7GPgqswpt56WD+Qhgbl8TUef37/627JQkIVrLY8YT6cFfa4I
9IapyZXrZLYNSb5K+RV0eldDZ4HdzP7BafNBZFXQiAtlDMhANSD84A+vaJoJ1Adtz6QLC0m/KXZdKiZ8I9vrw+4XgSlrrh4=
fT0HLnOPnu51m2MTi5mLYUv99GfZaJtUgWywfT7r5zo89WcWQB6Y7stprDP8LnegWH4dWo8YREo+KwIow/LJ0RuEL2iuHw==
8SS1mwjupFYQSnWsFRZZQ5PKjFYIifd4MjXPYAWO68dmhhLEHUkd7Mm/8x+Twt+itNh5C7EHvP/j3RGuZA==
QmGjcCCCYo5Tj5S05dlDZkXqcONGZCDrpCFDyIaNc+C5Nl930i6+ZLHhSTydZ6/fzxqLcuAwFevd78gPlyVtrhg=
k5L3GCxcT9lZ20WX5qDLcqqqiDAE3PmwUkgH4rjRc/k2WDydF9CvtgZ42InzBCQfC8CATHyAQ9Mw1azsQ/6gdBFs7+oAhJax/q5zUJ0vQ64Dfq4N
ucgGzPQ9ungxz9CONeIWjwePRxRnqPM8Mof18ZHoHNKGkYvuQXRofbW4qfuCcuZA/0beyXXDDfzRsFY1aQDsCdGgmzI1v3i6TDSD9QOUFwNt/83+wdpqZCf7rztih31hT646
ucgGzPQ9ungxz9CONeIWjwePRxRnqPM8Mof18ZHoHNKGkYvuQXRofbW4qfuCcuZA/0beyXXDDfzRsFY1aQDsCdGgmzI1v3i6TDSD9QOUFwNt/83+wdpqZCf7rztih31hT646
6fglFxlFa1rWUFEM/jQ5dhbcWhBovbJ5NIr16pHoHNKGkYvuQXRofbW4qfuCcuZA/0beyXXDDfzRsFY1aQDsCdGgmzI1v3i6TDSD9QOUFwNt/83+wdpqZCf7rztih31hT646
6fglFxlFa1rWUFEM/jQ5dhbcWhBovbJ5NIr16pHoHNKGkYvuQXRofbW4qfuCcuZA/0beyXXDDfzRsFY1aQDsCdGgmzI1v3i6TDSD9QOUFwNt/83+wdpqZCf7rztih31hT646
FUaoWH6AUNBlUB3nU7L/ZUjY98EPcGDCxXNWsYpCNl1fHH/C3sS4bVuo1IuzXADI9AzTZ6gpDEirkhCgabAvrsjIxkWmkpM0tQMzujtirgk=
KPeIf0QJ2/qPv0QzN9/s4VdDZ4HdzP7BafNBZFXQkg1lENBBNSD/+gmvdIII1Adtz6QLC0m/KXZdKiZ8I9vrw+4XgSlrrh4=
Mzujtirgk=
KPeIf0QJ2/qPv0QzN9/s4VdDZ4HdzP7BafNBZFXQkg1lENBBNSD/+gmvdIII1Adtz6QLC0m/KXZdKiZ8I9vrw+4XgSlrrh4=
qILinSoga2fh6bq6XUhoV5PKjFYSj/dkKjTPYAWU7cd6nhPEHUkd7Mm/8x+Twt+itNh5C7EHvP/j3RGuZA==
g=
Uchhyxpk4EXM0EwkRIO/D0XqcONGZCDrvidD1J6Mc+C5LFl3zja/ZLHhSTydZ6/fzxqLcuAwFevd78gPlyVtrhg=
sBpww/sz1hrhQ=
hMjquwVkrfMfWatn7p1bYrLEdwX+735a3V3PTamHX0zwA10JD5z+we57C00YQY7mn176iNZLU/5HjHpeKNGhmqCNpjZAPkKIS9X0EvxOt0DY3t06j/gE6r5LQsjD0glxm2RvSK4/
hMjquwVkrfMfWatn7p1bYrLEdwX+735a3V3PTamHX0zwA10JD5z+we57C00YQY7mn176iNZLU/5HjHpeKNGhmqCNpjZAPkKIS9X0EvxOt0DY3t06j/gE6r5LQsjD0glxm2RvSK4/
VHyb9hRjSW/qwsnj7CiWMDSJna8VHPzyzgc4Wy3AjeYsjS8rN4jzYA6Hk5Ru7GPgqcwpt56WD+Qhgbl8TUef37/627JQkIVrLY8YT6cFfa4I
EJe64O
de62cnKj9Su0CXoNN2mz7NJmFysAiC/JPiMmFu2/E3rLv1i2xgpFDwCQ6JSVyURxfCMGQKZW4kQRxQ/24W2l9Uh9OXYQAT66wLLaBPs5bL6c4m+saJKF9k80XKaOp5rko/4Rnatod0SuMw==
7Z7RGGezL/4/KW4C6mkdehbSBEUq86QtedGjrZHuC8mDlpq3XG9uPPD0qLzPOvME/0GczTHVAPvWsEwzaRz0CNGgmygzv2SiTTSD9QOUFwNt/83+wdpqZCf7rztih31hT646
tod0SuMw==
IgDtjTYCYXIDOwGetq7Rkb2rs4+RH+StlfF/R/BTEhUJnOnHqTFqOSnq9vjGznLMkU2fbgHV1b2ItQkOMBkussC6yhzbQVx2XKofFIgKFX7PvMw+7h9qLOO2IWWLcGdMrjs=
IgDtjTYCYXIDOwGetq7Rkb2rs4+RH+StlfF/R/BTEhUJnOnHqTFqOSnq9vjGznLMkU2fbgHV1b2ItQkOMBkussC6yhzbQVx2XKofFIgKFX7PvMw+7h9qLOO2IWWLcGdMrjs=
K1MvENOZXsQul/2cXP+a0frk0GlG2Oy9TkEG67qUa/IrWDydF9CvtgZ42JP1BDgHCsCATGaGQ88o1KzsQ/6gdBFs7+oAhJax/q5zUJ0vQ64Dfq4N
sQ6aR8Txk6xZT4JAHN7d53X4hhqjoTwcf5brhmk6ZTj415Zr8zUGe6T9t4tfWEsg1rf7dFb8a+Ch3BHXdqZXJJnRUdzVtxdfN0pDUvjAfSt1fzBvXxV1rgA=
lkbMBuD9TnXE0m4ATLuJuY3xLh1zjp+2fVJZ2KT/YjunzUo7aEXjW+swl4CqH28E4mTnYC1EpSfiDquExTnljAEPW5/7MpeCjOihS0mXJF+rDXmuDA==
A=
LOA4Hgk5BG8Sk7q2GbcfA78sbYRKE96MjSTVlL/A2a4joV+um8zSYKc1Q7f4Ebqhe2MVFg0WLjIdkrnYxL/CuweNajuIBYPbC/C3gIrfz4SCpAdgTQRFp0JOi4TleYUM4c87n9vyNwIsKEFLKdfE3wtNWa4s
i3L66DH46V9cM1dSm3vz82W7KYBbspYa4oUpNqvZuxZpEg+Wk4iOG1AzpdkgG4IRoZNZVD0QIJudrICwLSDnkMcPEAqhlO9d10RDW7E/kaYVCj4MCxuDU1Z3SRlzrgY=
87n9vyNwIsKEFLKdfE3wtNWa4s
ksAQBMR/wdi2WFqaEUqUmy6Xiq5BSr34gAc+C2uFjvssjS8rN4jzYA6Hk5Ru7GPgqcwpt56WD+Qhgbl8TUef37/627JQkIVrLY8YT6cFfa4I
4MCxuDU1Z3SRlzrgY=
K1MvENOZXsQul/2cXP+a0frk0GlG2Oy9TkEG67qUa/IrWDydF9CvtgZ42JP1BDgHCsCATGaGQ88o1KzsQ/6gdBFs7+oAhJax/q5zUJ0vQ64Dfq4N
j4pywOf+V7C1pc/9XI9Q0LOI5uW65td8RDnKrPwicAGdzafOe9mr1c9k32quHHg/jZCoe4JEAMD+8vNTQHBMgPsq8MjZKK8mWLBm7dZKU3xlO1NSC3quAQ==
bKI+XYQmr8PRqhU5+glLRrqQsLm38dxxQTzBrPwiZwvfwLnEf8y61c9k32quHHg/jZCoe4JEAMD+8vNTQHBMgPsq8MjZKK8mWLBm7dZKU3xlO1NSC3quAQ==
icbD1BRMt7MwvimeR7cf5LCI5uW65td8RDnKrPwiZwvfwLnEf8y61c9k32quHHg/jZCoe4JEAMD+8vNTQHBMgPsq8MjZKK8mWLBm7dZKU3xlO1NSC3quAQ==
aN4F9bGKKjR6OmN1MofE1ruQsLm38dxxQTzBrPwiZwvfwLnEf8y61c9k32quHHg/jZCoe4JEAMD+8vNTQHBMgPsq8MjZKK8mWLBm7dZKU3xlO1NSC3quAQ==
7MrZDbeYp06lD4QyK2wBp7GI5uW65td8RDnKrPwiZwvfwLnEf8y61c9k32quHHg/jZCoe4JEAMD+8vNTQHBMgPsq8MjZKK8mWLBm7dZKU3xlO1NSC3quAQ==
2ML2lhurbidIyOjAFVnhY7KQsLm38dxxQTzBrPwiZwvfwLnEf8y61c9k32quHHg/jZCoe4JEAMD+8vNTQHBMgPsq8MjZKK8mWLBm7dZKU3xlO1NSC3quAQ==
YlQfUT4wTrdO0g4XIQtYRS6Xiq5BSr3vikUzFWGBm+osjS8rN4jzYA6Hk5Ru7GPgqcwpt56WD+Qhgbl8TUef37/627JQkIVrLY8YT6cFfa4I
NSC3quAQ==
FsEpUJdeMtrvelM9XTuWVldDZ4HdzP7BafNBZFXQiAtlDMhANSD/4A+vaJoJ1Adtz6QLC0m/KXZdKiZ8I9vrw+4XgSlrrh4=
8YT6cFfa4I
ufEJttMGff2CDrpIzdB6f5PKjFYIifd4MjXPYASO68dmhhLEHUkd7Mm/8x+Twt+itNh5C7EHvP/j3RGuZA==
4XgSlrrh4=
J0twnF6AeR3a+meQo8xtJ0XqcONGZCDrpCFDyIaNc+C4Nl930i6+ZLHhSTydZ6/fzxqLcuAwFevd78gPlyVtrhg=
wR/hUF0AfZ56HoYQEg0AZ6qqiDAE3PmwUkgH4rjRc/k2WDydF9CvtgZ42InzBCQfC8CATXyAQ9Mw1azsQ/6gdBFs7+oAhJax/q5zUJ0vQ64Dfq4N
wR/hUF0AfZ56HoYQEg0AZ6qqiDAE3PmwUkgH4rjRc/k2WDydF9CvtgZ42InzBCQfC8CATXyAQ9Mw1azsQ/6gdBFs7+oAhJax/q5zUJ0vQ64Dfq4N
9qLOO2IWWLcGdMrjs=
9IGAMEeWgdCUqf5PkB8Bib2l7drTUfL52KopAPBXCVpJwayOsC0jbnDgsbWO2zbMlg+bKhfY0rqIrw8OLAEvssC70BrbXUR3XKofFIgKFX7PvMw+7h9qLOO2IWWLcGdMrjs=
H4VFrsXnCLCRT96nfGboihbcWhBovbJ5NIr16pHoHNKGkYvuQXRofbW4qfuCcuZA/0beyXXDDfzRsFY1aQDsCdGgmjI1v3i6TDSD9QOUFwNt/83+wdpqZCf7rztih31hT646
H4VFrsXnCLCRT96nfGboihbcWhBovbJ5NIr16pHoHNKGkYvuQXRofbW4qfuCcuZA/0beyXXDDfzRsFY1aQDsCdGgmjI1v3i6TDSD9QOUFwNt/83+wdpqZCf7rztih31hT646
ByqX8iVAi9r07r0VqWJK+HqKm7MESbeoiw84GnzEjeYsjS8rN4jzYBSBk4h27WPgqNYvt4KODuQhgbl8TUef37/627JQkIVrLY8YT6cFfa4I
O5taDXCDFBNfcLQLs3i7KFdDZ4HdzP7BafNBZFXQkg1lENBBNSD++gmvdIII1Adtz6QLC0m/KXZdKiZ8I9vrw+4XgSlrrh4=
pzR/+t1RMa3xRnx1CThi8EXqcONGZCDrvidD1J6Mc+C6LFl3zja/ZLHhSTydZ6/fzxqLcuAwFevd78gPlyVtrhg=
pzR/+t1RMa3xRnx1CThi8EXqcONGZCDrvidD1J6Mc+C6LFl3zja/ZLHhSTydZ6/fzxqLcuAwFevd78gPlyVtrhg=
CDOrkJO7w/YK4X
/9IxsD19f8oO5qycFTtGKEcdqO4JLH2Xq8tqphynA6antAp26LkRYgDVdh5AFZLQ6y1Eejxmx3g4ho3SD5DUMt5zsuCDOrkJO7w/YK4X
DY3t06j/gE6r5LQsjD0glxm2RvSK4/
m/vUROis676+dZM/HX4hfLLEdwX+735a3V3PTamHX0zwA10JD5z+we57C00YQY7mn176iNZLU/5HjHpeKNGhmqCNpjZAPUKIS9X0EvxOt0DY3t06j/gE6r5LQsjD0glxm2RvSK4/
LKmpegr4Z/ugasnmIGPejTSJna8VHPzyzgc4Wy3AjeYsjS8rN4jzYA6Hk5Ru7GPgqswpt56WD+Qhgbl8TUef37/627JQkIVrLY8YT6cFfa4I
NG9ytD+1GMC1yeV8WwZKvwE00JIiLwyLWRixptDVm/tDYF/A4u8HJPoU/2A2tL0HCn5jRI3pTSz5n+Mfg6Iv4mS46YsBpww/sz1hrhQ=
FbVA94rg8=
lnyMvDa4K/QnzOmeVrQZnzA3IzUPvdW3dmhr0pqeMjxfLtp41jtzDgfc2s6oQUFK4L1GBkANorgLBRSCfN4XEJgu/UqPCCSafpviWENCaSFbVA94rg8=
2jK0veISmy14h2M8P9vjkAUoysxwJRbeFUP37NTVm/tDYF/A4u8HJPoU/2A2tL0HCn5jRI3pTSz5n+Mfg6Iv4mS46YsBpww/sz1hrhQ=
dLP5r6HB2Eh+mY4QoFahnQUoysFwJRbeFUP37NTVm/tDYF/A4u8HJPoU/2A2tL0HCn5jRI3pTSz5n+Mfg6Iv4mS46YsBpww/sz1hrhQ=
dLP5r6HB2Eh+mY4QoFahnQUoysFwJRbeFUP37NTVm/tDYF/A4u8HJPoU/2A2tL0HCn5jRI3pTSz5n+Mfg6Iv4mS46YsBpww/sz1hrhQ=
F/rgo=
Lhn6e0x62LDadW6cd14vNPTZthURMJmYkDF/1c620HjmXc7phYNdXEEw/NPZXCQooaBoCGN/1ML9tBNV01RnI33/3R7xmrqEt3tfmxJHrQF/rgo=
V1rgA=
dMQZMexbp7PVkDwd4qFXkn41mpR1xwh7Di06OBn+0rRAFh4fmZqHlXrhFvlNs+OW52SqBmgJcbLApVYOQAWyoCv9JMq8FmeoeLZtwg+AtAIeIxIQA4pZWXtMH3CuBw==
dMQZMexbp7PVkDwd4qFXkn41mpR1xwh7Di06OBn+0rRAFh4fmZqHlXrhFvlNs+OW52SqBmgJcbLApVYOQAWyoCv9JMq8FmeoeLZtwg+AtAIeIxIQA4pZWXtMH3CuBw==
NOclTDUqbV8qhy27yZma4gNb46QZaifFutF26U2jA6antAp26LkRYgDVdh5AFZLQ6y1Eejxmx3g4ho3SD5DUMt5zsuCDOrkJO7w/YK4X
6fHn6dSH7C1kzWfLLPsQUXUSzKtaRQZmi8C8BadIz262IBjLxdxYHzrYgFdWniMXGIxstPMmwOyh9G9ysBz2aU72swit9yO2M2auFQ==
Uchhyxpk4EXM0EwkRIO/D0XqcONGZCDrvidD1J6Mc+C5LFl3zja/ZLHhSTydZ6/fzxqLcuAwFevd78gPlyVtrhg=
Uchhyxpk4EXM0EwkRIO/D0XqcONGZCDrvidD1J6Mc+C5LFl3zja/ZLHhSTydZ6/fzxqLcuAwFevd78gPlyVtrhg=
CDOrkJO7w/YK4X
tuYSuU5F/rfPAXcIlMtVskcdqO4JLH2Xq8tqphynA6antAp26LkRYgDVdh5AFpLQ6y1Eejxmx3g4ho3SD5DUMt5zsuCDOrkJO7w/YK4X
DY3t06j/gE6r5LQsjD0glxm2RvSK4/
TJaDxRfRpK9Jc/m5k318k7LEdwX+735a3V3PTamHX0zwBF0JD5z+we57C00YQY7mn176iNZLU/5HjHpeKNGhmqCNpjZAPkKIS9X0EvxOt0DY3t06j/gE6r5LQsjD0glxm2RvSK4/
VHyb9hRjSW/qwsnj7CiWMDSJna8VHPzyzgc4Wy3AjeYsjS8rN4jzYA6Hk5Ru7GPgqcwpt56WD+Qhgbl8TUef37/627JQkIVrLY8YT6cFfa4I
DzkYOeDVO+e7MgWcMuA9Ym0EnqYvsmIkFmdLEnfA4tJIHXmWkGH+msCSGmR72SzenMIvDOgyxRZPVJwGDgdaxKMe0f0riDdkrhM=
DzkYOeDVO+e7MgWcMuA9Ym0EnqYvsmIkFmdLEnfA4tJIHXmWkGH+msCSGmR72SzenMIvDOgyxRZPVJwGDgdaxKMe0f0riDdkrhM=
K6qv7JANXLwWH3gKRoC5FwUoysFwJRbeFUP37NTVm/tDYF/A4u8HJPoU/2A1tL0HCn5jRI3pTSz5n+Mfg6Iv4mS46YsBpww/sz1hrhQ=
K6qv7JANXLwWH3gKRoC5FwUoysFwJRbeFUP37NTVm/tDYF/A4u8HJPoU/2A1tL0HCn5jRI3pTSz5n+Mfg6Iv4mS46YsBpww/sz1hrhQ=
w+0wjOvkN5WoeJt+lFgEBfTZthURMJmYkDF/1c620HjmXc7phYNdXEEw/NPZXCQooaBrCGN/1ML9tBNV01RnI33/3R7xmrqEt3tfmxJHrQF/rgo=
w+0wjOvkN5WoeJt+lFgEBfTZthURMJmYkDF/1c620HjmXc7phYNdXEEw/NPZXCQooaBrCGN/1ML9tBNV01RnI33/3R7xmrqEt3tfmxJHrQF/rgo=
hmdmp8Uledw1rlRF7wshPRnS37pkUVP9umbkIBodcjHxU+k0rZBQO03ssFA9IPfw989AqlEUf71nBJN7wT+hxsXKTqybmzOzBje5OWOuFg==
hmdmp8Uledw1rlRF7wshPRnS37pkUVP9umbkIBodcjHxU+k0rZBQO03ssFA9IPfw989AqlEUf71nBJN7wT+hxsXKTqybmzOzBje5OWOuFg==
JIb3xev9IW+5kpv1sR7EC381mpR1xwh7Di06OBn+0rRAFh4fmZqHlXrhFvlNs+OW52SqBmgJcbLApVYOQAayoCv9JMq8FmeoeLZtwg+AtAIeIxIQA4pZWXtMH3CuBw==
JIb3xev9IW+5kpv1sR7EC381mpR1xwh7Di06OBn+0rRAFh4fmZqHlXrhFvlNs+OW52SqBmgJcbLApVYOQAayoCv9JMq8FmeoeLZtwg+AtAIeIxIQA4pZWXtMH3CuBw==
01QbBQTrqP9JpYcumozOUH81mpN1xwh7Di06OBn+0rRAFh4fmZqHlXrhFvlNs+OW52SqBmgJcbLApVYOQAayoCv9JMq8FmeoeLZtwg+AtAIeIxIQA4pZWXtMH3CuBw==
01QbBQTrqP9JpYcumozOUH81mpN1xwh7Di06OBn+0rRAFh4fmZqHlXrhFvlNs+OW52SqBmgJcbLApVYOQAayoCv9JMq8FmeoeLZtwg+AtAIeIxIQA4pZWXtMH3CuBw==
TWLO53++oAiNfMslY4CKLAAS9KUZaifFutF26U2jA6antAp26LkRYgDVdh5AFpLQ6y1Eejxmx3g4ho3SD5DUMt5zsuCDOrkJO7w/YK4X
Rv1TUwUjzX+tvUUE4fqI1WkSieUITBN6gLK/FrJE3XW2ERDUwc1vUEazmghFkjsOHpJstPMmwOyh9G9ysBz2aU72swit9yO2M2auFQ==
mTqC25geJr8Gl3zJcbZO30iR6cpAMGmE0HhDtsh2f0pKEG3Z3vWwaFm5/9zONxqU/QbLYrY2DEirkhCgabAvrsjIxkWmkpM0tQMzujtirgk=
ubhpL5eeiSG6Zwq384QxfpxP2zwUhXxEpK8hWXXP8ZLDT0cCWpK3n99+9e/3oEcpKIDeSG1LRtOFCIR6eUeBX8PY7cQ9ib1sqX/TH3OCfyLUGBkLkUdcf0Mdca4E
A7n2m78mO1vclcFiQw+Wsr4yaINYSZnWzyrRj73UxrgloV+klMzcIe1hEbf9UOetODJJHxcbOTJb3//CgqLPvxeOXW+fEI/JEPCGiJXb3rPN2Gx6ERdJv1tIlYTleYUM4c87n9vyNwIsKEFLKdfE3wtNWa4s
A7n2m78mO1vclcFiQw+Wsr4yaINYSZnWzyrRj73UxrgloV+klMzcIe1hEbf9UOetODJJHxcbOTJb3//CgqLPvxeOXW+fEI/JEPCGiJXb3rPN2Gx6ERdJv1tIlYTleYUM4c87n9vyNwIsKEFLKdfE3wtNWa4s
FKeDU85yNSxMjz6HksIvaL4yaINYSZnWzyrRj73UxrglpV+klMzcIe1hEbf9UOetODJJHxcbOTJb3//CgqLPvxeOXW+fEI/JEPCGiJXb3rPN2Gx6ERdJv1tIlYTleYUM4c87n9vyNwIsKEFLKdfE3wtNWa4s
YlA0kgI68gMygu7Z5hXAEglquOlKR6MCkq/GuaSi30JxBiay4ayqPzAoA0boZn96KsCtqX5lMNi56b8s7icapJ3WCxIWpoz4S8JQUEmgL56oGAY1BgIThFVTc0obcq45
1Jrjw=
meupN12rKKhmBosVgKJebjSxmxHs6mUfO8Ptgi93IyK+yptv4zYxL7Pou5lEWHooybPqQxmAAPr9zx3Pb6BJJJnRUdzVtxdfN0pDUvjAfSt1fzBvXxV1rgA=
lkj/g7HkCEVXlX6T6qJ0nnWAsaikvccnZcKBOI9/S2fIElkfBzvJ8uu/j0ISQh//R+5tb28w34lAUBYIJXuu8/04fHoBd3l/q+glBHXZVcwx70uf6xLnwnxI0cvZN3Sfe21Jrjw=
ni9uyT8y2zHgduK3/Atdysi4Mll935myOx8fwuLibz+3zn1vf1DvSfAwpoi1G34zrRiMenFXqT/7CLWExTnljAEPW5/7MpeCjOihS0mXJF+rDXmuDA==
meupN12rKKhmBosVgKJebjSxmxHs6mUfO8Ptgi93IyK+yptv4zYxL7Pou5lEWHooybPqQxmAAPr9zx3Pb6BJJJnRUdzVtxdfN0pDUvjAfSt1fzBvXxV1rgA=
lhGVhAnJaDhnFmse8iP9SWY/mU3Ysczg4P2ZNA0y1p6JiEpjaPzTCqCivwaSNB3F1oGQRCF9L6Bmo5oYZWJ7vv4C7CSTlgCcgeRvYpBsNtkuZjOYTUdjRhN2rgU=
ni9uyT8y2zHgduK3/Atdysi4Mll935myOx8fwuLibz+3zn1vf1DvSfAwpoi1G34zrRiMenFXqT/7CLWExTnljAEPW5/7MpeCjOihS0mXJF+rDXmuDA==
DImKfWX9tG8Q9UuIrdiscL6l7dTWVKD5zeNlX6JGD0BW2/WArjhtIjqtpL6b3HT43xiOJgXD0ouAqg0fB1ZS2drm2RDDWFpoXKofFIgKFX7PvMw+7h9qLOO2IWWLcGdMrjs=
lhGVhAnJaDhnFmse8iP9SWY/mU3Ysczg4P2ZNA0y1p6JiEpjaPzTCqCivwaSNB3F1oGQRCF9L6Bmo5oYZWJ7vv4C7CSTlgCcgeRvYpBsNtkuZjOYTUdjRhN2rgU=
5rCf63+5z/nKgUhu4XxDNDp6is813x1jUnp3fFbnjbxeBBUe2pHcgmvgDMQfpPaa9X+qN2AWdaP36iplWlqhrDPkItS8FmeoeLZtwg+AtAIeIxIQA4pZWXtMH3CuBw==
DImKfWX9tG8Q9UuIrdiscL6l7dTWVKD5zeNlX6JGD0BW2/WArjhtIjqtpL6b3HT43xiOJgXD0ouAqg0fB1ZS2drm2RDDWFpoXKofFIgKFX7PvMw+7h9qLOO2IWWLcGdMrjs=
AvwSW85v7IS6k0ZHUIS8euRanMlpHCkHgzIwLToGeJwLdBz99GNWVmVVDRYUKyHSs++3gsryZ1/vHuXv54A3afggTsjdq/aT1Sh0eglnUZ9zuF1ErSntrFlfwx9jYk9ihPiJi+HnrL8TfUGuNA==
5rCf63+5z/nKgUhu4XxDNDp6is813x1jUnp3fFbnjbxeBBUe2pHcgmvgDMQfpPaa9X+qN2AWdaP36iplWlqhrDPkItS8FmeoeLZtwg+AtAIeIxIQA4pZWXtMH3CuBw==
q1LJcWMCIAaMalG+CDpLA+RanMtpHCkHgzIwLToGeJwLdBz99GNWVmVVDRYUKyHSs++3gsryZ1/vHuXv54A3afggTsjdq/aT1Sh0eglnUZ9zuF1ErSntrFlfwx9jYk9ihPiJi+HnrL8TfUGuNA==
AvwSW85v7IS6k0ZHUIS8euRanMlpHCkHgzIwLToGeJwLdBz99GNWVmVVDRYUKyHSs++3gsryZ1/vHuXv54A3afggTsjdq/aT1Sh0eglnUZ9zuF1ErSntrFlfwx9jYk9ihPiJi+HnrL8TfUGuNA==
q1LJcWMCIAaMalG+CDpLA+RanMtpHCkHgzIwLToGeJwLdBz99GNWVmVVDRYUKyHSs++3gsryZ1/vHuXv54A3afggTsjdq/aT1Sh0eglnUZ9zuF1ErSntrFlfwx9jYk9ihPiJi+HnrL8TfUGuNA==
oXXSG/u2c+PW9Md5kpAkidgJkXYEwyYWtbU9FiTL8ZLDT0cCWpK3n99+9e/3oEcpKIDeSG1LRtOFCIR6eUeBX8PY7cQ9ib1sqX/TH3OCfyLUGBkLkUdcf0Mdca4E
XW6+CaPaGAiHuE5JeiNVzZPKjFYSj/dkKjTPYAaU7cd6nhPEHUkd7Mm/8x+Twt+itNh5C7EHvP/j3RGuZA==
g=
N9BrgSpRjbZUMvMeVjw0xUcdqe4JLH2Xq8tqphynA6antAp26LkRYgDVdh5AFZLQ6y1Eejxmx3g4ho3SD5DUMt5zsuCDOrkJO7w/YK4X
JHG/ZXk4hnlVGD3HlYBH0bLEdwX+735a3V3PTamHX0zwBF0JD5z+we57C00YQY7mn176iNZLU/5HjHpeKNGhmqCNpjZAPUKIS9X0EvxOt0DY3t06j/gE6r5LQsjD0glxm2RvSK4/
IDBT7W1SFErsNUKjcAjB3LLEdwX+735a3V3PTamHX0zwAV0JD5z+we57C00YQY7mn176iNZLU/5HjHpeKNGhmqCNpjZAPUKIS9X0EvxOt0DY3t06j/gE6r5LQsjD0glxm2RvSK4/
LKmpegr4Z/ugasnmIGPejTSJna8VHPzyzgc4Wy3AjeYsjS8rN4jzYA6Hk5Ru7GPgqswpt56WD+Qhgbl8TUef37/627JQkIVrLY8YT6cFfa4I
06j/gE6r5LQsjD0glxm2RvSK4/
NSdWaX+METM2PFNcK6kUiG0EnqYvsmIkFmdLEnfA4tJIHXmWkGH+msCRGmR72SzenMIvDOgyxRZPVJwGDgdaxKMe0f0riDdkrhM=
cFfa4I
2jK0veISmy14h2M8P9vjkAUoysxwJRbeFUP37NTVm/tDYF/A4u8HJPoU/2A2tL0HCn5jRI3pTSz5n+Mfg6Iv4mS46YsBpww/sz1hrhQ=
dLP5r6HB2Eh+mY4QoFahnQUoysFwJRbeFUP37NTVm/tDYF/A4u8HJPoU/2A2tL0HCn5jRI3pTSz5n+Mfg6Iv4mS46YsBpww/sz1hrhQ=
Lhn6e0x62LDadW6cd14vNPTZthURMJmYkDF/1c620HjmXc7phYNdXEEw/NPZXCQooaBoCGN/1ML9tBNV01RnI33/3R7xmrqEt3tfmxJHrQF/rgo=
o2awgMtijSXgFmXhPPKQqhnS37pkUVP9umbkIBodcjHxU+k0rZBQO03ssFA9IPTw989AqlEUf71nBJN7wT+hxsXKTqybmzOzBje5OWOuFg==
o=
iB0lrIi5jG9terha2ZHpYX41mpN1xwh7Di06OBn+0rRAFh4fmZqHlXrhFvlNs+OW52SqBmgJcbLApVYOQAWyoCv9JMq8FmeoeLZtwg+AtAIeIxIQA4pZWXtMH3CuBw==
icVrvbHgkPtcEnJ6PeLvOn41mpF1xwh7Di06OBn+0rRAFh4fmZqHlXrhFvlNs+OW52SqBmgJcbLApVYOQAWyoCv9JMq8FmeoeLZtwg+AtAIeIxIQA4pZWXtMH3CuBw==
icVrvbHgkPtcEnJ6PeLvOn41mpF1xwh7Di06OBn+0rRAFh4fmZqHlXrhFvlNs+OW52SqBmgJcbLApVYOQAWyoCv9JMq8FmeoeLZtwg+AtAIeIxIQA4pZWXtMH3CuBw==
MRZ3zULAIuqM1hLdmP2vnAAS9KUZaifFutF26U2jA6antAp26LkRYgDVdh5AFZLQ6y1Eejxmx3g4ho3SD5DUMt5zsuCDOrkJO7w/YK4X
Suv7TtN6pFNOWU4t3ZXsBxkg1ohvMgffWlSluprblPNCbBzL4u8HJPoU/2A2tL0HCn5jRI3pTSz5n+Mfg6Iv4mS46YsBpww/sz1hrhQ=
Suv7TtN6pFNOWU4t3ZXsBxkg1ohvMgffWlSluprblPNCbBzL4u8HJPoU/2A2tL0HCn5jRI3pTSz5n+Mfg6Iv4mS46YsBpww/sz1hrhQ=
bAHHZb3tRDDsZAVdpc9zPX81mpZ1xwh7Di06OBn+0rRAFh4fmZqHlXrhFvlNs+OW52SqBmgJcbLApVYOQAWyoCv9JMq8FmeoeLZtwg+AtAIeIxIQA4pZWXtMH3CuBw==
+wzWzhrBpa6PxttVEPl4aH81mpV1xwh7Di06OBn+0rRAFh4fmZqHlXrhFvlNs+OW52SqBmgJcbLApVYOQAWyoCv9JMq8FmeoeLZtwg+AtAIeIxIQA4pZWXtMH3CuBw==
EDiqcVjQyevH0gQTGxSp11SmdOxHYiD2vidD1J6Mc+C5LFl3zja/ZLHhSTydZ6/fzxqLcuAwFevd78gPlyVtrhg=
q8FmeoeLZtwg+AtAIeIxIQA4pZWXtMH3CuBw==
GTQquv40rJmvB07j+0mF+Bkg1ohvMgffWlSluprblPNCbBzL4u8HJPoU/2A1tL0HCn5jRI3pTSz5n+Mfg6Iv4mS46YsBpww/sz1hrhQ=
LK0mWvalZmO+CbBGIAasHLKHu66n79h6Xiz8rLpoaAmAwKPFfpz80c9k32quHHg/jZCoe4JEAMD+8vNTQHBMgPsq8MjZKK8mWLBm7dZKU3xlO1NSC3quAQ==
oIIeqHcikmxtetZTLBwKF0pkJH2bwH6ZnVKJ9N5L+0LcEGz0/42on8fIwPmzRhFpKjBUnN2TX/R3xlY53aNVTClwFGNR/NwY2aCTOBvfXHKVdPtF23S/c+V/RU6perKUn7v365qnFXFHrjI=
oIIeqHcikmxtetZTLBwKF0pkJH2bwH6ZnVKJ9N5L+0LcEGz0/42on8fIwPmzRhFpKjBUnN2TX/R3xlY53aNVTClwFGNR/NwY2aCTOBvfXHKVdPtF23S/c+V/RU6perKUn7v365qnFXFHrjI=
DzkYOeDVO+e7MgWcMuA9Ym0EnqYvsmIkFmdLEnfA4tJIHXmWkGH+msCSGmR72SzenMIvDOgyxRZPVJwGDgdaxKMe0f0riDdkrhM=
DzkYOeDVO+e7MgWcMuA9Ym0EnqYvsmIkFmdLEnfA4tJIHXmWkGH+msCSGmR72SzenMIvDOgyxRZPVJwGDgdaxKMe0f0riDdkrhM=
LK0mWvalZmO+CbBGIAasHLKHu66n79h6Xiz8rLpoaAmAwKPFfpz80c9k32quHHg/jZCoe4JEAMD+8vNTQHBMgPsq8MjZKK8mWLBm7dZKU3xlO1NSC3quAQ==
LK0mWvalZmO+CbBGIAasHLKHu66n79h6Xiz8rLpoaAmAwKPFfpz80c9k32quHHg/jZCoe4JEAMD+8vNTQHBMgPsq8MjZKK8mWLBm7dZKU3xlO1NSC3quAQ==
oIIeqHcikmxtetZTLBwKF0pkJH2bwH6ZnVKJ9N5L+0LcEGz0/42on8fIwPmzRhFpKjBUnN2TX/R3xlY53aNVTClwFGNR/NwY2aCTOBvfXHKVdPtF23S/c+V/RU6perKUn7v365qnFXFHrjI=
oIIeqHcikmxtetZTLBwKF0pkJH2bwH6ZnVKJ9N5L+0LcEGz0/42on8fIwPmzRhFpKjBUnN2TX/R3xlY53aNVTClwFGNR/NwY2aCTOBvfXHKVdPtF23S/c+V/RU6perKUn7v365qnFXFHrjI=
q3WE7pYYde/gcQbPkC8OGFSmdOxHYiD2vidD1J6Mc+C6LFl3zja/ZLHhSTydZ6/fzxqLcuAwFevd78gPlyVtrhg=
q3WE7pYYde/gcQbPkC8OGFSmdOxHYiD2vidD1J6Mc+C6LFl3zja/ZLHhSTydZ6/fzxqLcuAwFevd78gPlyVtrhg=
Suv7TtN6pFNOWU4t3ZXsBxkg1ohvMgffWlSluprblPNCbBzL4u8HJPoU/2A2tL0HCn5jRI3pTSz5n+Mfg6Iv4mS46YsBpww/sz1hrhQ=
VxJft2CxHdmCAzGK53YIjLKHu66n79h6Xiz8rLpoaAmAwKPFfpz80c9k32quHHg/jZCoe4JEAMP+8vNTQHBMgPsq8MjZKK8mWLBm7dZKU3xlO1NSC3quAQ==
/JF8zGTOztEZma7DmySxeEpkJH2bwH6ZnVKJ9N5L+ULcEGz0/42on8fIwPmzRhFpKjBUnN2TX/R3xlY53aNVTClwFGNR/NwY2aCQOBvfXHKVdPtF23S/c+V/RU6perKUn7v365qnFXFHrjI=
/JF8zGTOztEZma7DmySxeEpkJH2bwH6ZnVKJ9N5L+ULcEGz0/42on8fIwPmzRhFpKjBUnN2TX/R3xlY53aNVTClwFGNR/NwY2aCQOBvfXHKVdPtF23S/c+V/RU6perKUn7v365qnFXFHrjI=
DzkYOeDVO+e7MgWcMuA9Ym0EnqYvsmIkFmdLEnfA4tJIHXmWkGH+msCSGmR72SzenMIvDOgyxRZPVJwGDgdaxKMe0f0riDdkrhM=
K6qv7JANXLwWH3gKRoC5FwUoysFwJRbeFUP37NTVm/tDYF/A4u8HJPoU/2A1tL0HCn5jRI3pTSz5n+Mfg6Iv4mS46YsBpww/sz1hrhQ=
8arDKVKT3G1BcFDbjs4ydX81mZN1xwh7Di06OBn+0rRAFh4fmZqHlXrhFvlNs+OW52SqBmgJcbLApVYOQAayoCv9JMq8FmeoeLZtwg+AtAIeIxIQA4pZWXtMH3CuBw==
0UHnCwp4ppe+ckLBBuAAexEv3cEhaRDODkS4vdDVm/tDYF/A4u8HJPoU/2A1tL0HCn5jRI3pTSz5n+Mfg6Iv4mS46YsBpww/sz1hrhQ=
GTQquv40rJmvB07j+0mF+Bkg1ohvMgffWlSluprblPNCbBzL4u8HJPoU/2A1tL0HCn5jRI3pTSz5n+Mfg6Iv4mS46YsBpww/sz1hrhQ=
K6qv7JANXLwWH3gKRoC5FwUoysFwJRbeFUP37NTVm/tDYF/A4u8HJPoU/2A1tL0HCn5jRI3pTSz5n+Mfg6Iv4mS46YsBpww/sz1hrhQ=
NSdWaX+METM2PFNcK6kUiG0EnqYvsmIkFmdLEnfA4tJIHXmWkGH+msCRGmR72SzenMIvDOgyxRZPVJwGDgdaxKMe0f0riDdkrhM=
dLP5r6HB2Eh+mY4QoFahnQUoysFwJRbeFUP37NTVm/tDYF/A4u8HJPoU/2A2tL0HCn5jRI3pTSz5n+Mfg6Iv4mS46YsBpww/sz1hrhQ=
QzBHj76tt3SQgFXoMKtkAhEv3cEhaRDODkS4vdDVm/tDYF/A4u8HJPoU/2A2tL0HCn5jRI3pTSz5n+Mfg6Iv4mS46YsBpww/sz1hrhQ=
Suv7TtN6pFNOWU4t3ZXsBxkg1ohvMgffWlSluprblPNCbBzL4u8HJPoU/2A2tL0HCn5jRI3pTSz5n+Mfg6Iv4mS46YsBpww/sz1hrhQ=
VxJft2CxHdmCAzGK53YIjLKHu66n79h6Xiz8rLpoaAmAwKPFfpz80c9k32quHHg/jZCoe4JEAMP+8vNTQHBMgPsq8MjZKK8mWLBm7dZKU3xlO1NSC3quAQ==
0UHnCwp4ppe+ckLBBuAAexEv3cEhaRDODkS4vdDVm/tDYF/A4u8HJPoU/2A1tL0HCn5jRI3pTSz5n+Mfg6Iv4mS46YsBpww/sz1hrhQ=
GTQquv40rJmvB07j+0mF+Bkg1ohvMgffWlSluprblPNCbBzL4u8HJPoU/2A1tL0HCn5jRI3pTSz5n+Mfg6Iv4mS46YsBpww/sz1hrhQ=
LK0mWvalZmO+CbBGIAasHLKHu66n79h6Xiz8rLpoaAmAwKPFfpz80c9k32quHHg/jZCoe4JEAMD+8vNTQHBMgPsq8MjZKK8mWLBm7dZKU3xlO1NSC3quAQ==
vaHZekKY9AzHjHSz1UdONEpkJH2bwH6ZnVKJ9N5L/0LcEGz0/42on8fIwPmzRhFpKjBUnN2TX/R3xlY53aNVTClwFGNR/NwY2aCTOBvfXHKVdPtF23S/c+V/RU6perKUn7v365qnFXFHrjI=
DzkYOeDVO+e7MgWcMuA9Ym0EnqYvsmIkFmdLEnfA4tJIHXmWkGH+msCSGmR72SzenMIvDOgyxRZPVJwGDgdaxKMe0f0riDdkrhM=
YPKV09qj0J4vcCXRS6uoJLKHuq6n79h6Xiz8rLpoaAmAwKPFfpz80c9k32quHHg/jZCoe4JEAMD+8vNTQHBMgPsq8MjZKK8mWLBm7dZKU3xlO1NSC3quAQ==
reu9s4OVPhoZkSAcDi7ekEpkJH2bwH6ZnVKJ9N5L+ELbEGz0/42on8fIwPmzRhFpKjBUnN2TX/R3xlY53aNVTClwFGNR/NwY2aCTOBvfXHKVdPtF23S/c+V/RU6perKUn7v365qnFXFHrjI=
reu9s4OVPhoZkSAcDi7ekEpkJH2bwH6ZnVKJ9N5L+ELbEGz0/42on8fIwPmzRhFpKjBUnN2TX/R3xlY53aNVTClwFGNR/NwY2aCTOBvfXHKVdPtF23S/c+V/RU6perKUn7v365qnFXFHrjI=
kqy1Gtw3UpkdCYwhwVevqzcZ9RpZyf/W+riNoQ698Oc6UemxnyYam94mtZTm/swQW/qwGPk4rzZ4YCY9dtrT7MXrE4Iraq4R
EDzcYStBdMSS3+lp8Cn1B/Pm13ZZz/rkF0ob9q2YYfkwGz+XAty9rQZJ0NviFTkdN7KaB2aCRdguyqzsQ/6gdBFs7+oAhJax/q5zUJ0vQ64Dfq4N
2KqVuX11GueXyv8i9OYLsGC0dNtL79cd94kJZa+atQRuFlvb09HDXV8qptsqDIcErYFCVAwYaIyMrZqNXzqskMMJBwy/lO9d10RDW7E/kaYVCj4MCxuDU1Z3SRlzrgY=
Ss6X+li4u3rgWXqBg8TGVOZjfHAtwAPckN7Hw6AuX0q4ps2zScZc3gJChtXjNilBXdjY5+6uwNS/nFtsRv8V1ZwabhZFk3J7AE1+T/HzM9Da4eroHQY62Nxav0TIOvVuz6ysDi7PylxjBsG1ywBHXK4r
Ss6X+li4u3rgWXqBg8TGVOZjfHAtwAPckN7Hw6AuX0q4ps2zScZc3gJChtXjNilBXdjY5+6uwNS/nFtsRv8V1ZwabhZFk3J7AE1+T/HzM9Da4eroHQY62Nxav0TIOvVuz6ysDi7PylxjBsG1ywBHXK4r
Ss6X+li4u3rgWXqBg8TGVOZjfHAtwAPckN7Hw6AuX0q4ps2zScZc3gJChtXjNilBXdjY5+6uwNS/nFtsRv8V1ZwabhZFk3J7AE1+T/HzM9Da4eroHQY62Nxav0TIOvVuz6ysDi7PylxjBsG1ywBHXK4r
DzkYOeDVO+e7MgWcMuA9Ym0EnqYvsmIkFmdLEnfA4tJIHXmWkGH+msCSGmR72SzenMIvDOgyxRZPVJwGDgdaxKMe0f0riDdkrhM=
DzkYOeDVO+e7MgWcMuA9Ym0EnqYvsmIkFmdLEnfA4tJIHXmWkGH+msCSGmR72SzenMIvDOgyxRZPVJwGDgdaxKMe0f0riDdkrhM=
YPKV09qj0J4vcCXRS6uoJLKHuq6n79h6Xiz8rLpoaAmAwKPFfpz80c9k32quHHg/jZCoe4JEAMD+8vNTQHBMgPsq8MjZKK8mWLBm7dZKU3xlO1NSC3quAQ==
DzkYOeDVO+e7MgWcMuA9Ym0EnqYvsmIkFmdLEnfA4tJIHXmWkGH+msCSGmR72SzenMIvDOgyxRZPVJwGDgdaxKMe0f0riDdkrhM=
ZKU3xlO1NSC3quAQ==
DzkYOeDVO+e7MgWcMuA9Ym0EnqYvsmIkFmdLEnfA4tJIHXmWkGH+msCSGmR72SzenMIvDOgyxRZPVJwGDgdaxKMe0f0riDdkrhM=
Q=
K6qv7JANXLwWH3gKRoC5FwUoysFwJRbeFUP37NTVm/tDYF/A4u8HJPoU/2A1tL0HCn5jRI3pTSz5n+Mfg6Iv4mS46YsBpww/sz1hrhQ=
0UHnCwp4ppe+ckLBBuAAexEv3cEhaRDODkS4vdDVm/tDYF/A4u8HJPoU/2A1tL0HCn5jRI3pTSz5n+Mfg6Iv4mS46YsBpww/sz1hrhQ=
GTQquv40rJmvB07j+0mF+Bkg1ohvMgffWlSluprblPNCbBzL4u8HJPoU/2A1tL0HCn5jRI3pTSz5n+Mfg6Iv4mS46YsBpww/sz1hrhQ=
HOG3s0fyJeY1FfftGME3LH81npN1xwh7Di06OBn+0rRAFh4fmZqHlXrhFvlNs+OW52SqBmgJcbLApVYOQAayoCv9JMq8FmeoeLZtwg+AtAIeIxIQA4pZWXtMH3CuBw==
HOG3s0fyJeY1FfftGME3LH81npN1xwh7Di06OBn+0rRAFh4fmZqHlXrhFvlNs+OW52SqBmgJcbLApVYOQAayoCv9JMq8FmeoeLZtwg+AtAIeIxIQA4pZWXtMH3CuBw==
0UHnCwp4ppe+ckLBBuAAexEv3cEhaRDODkS4vdDVm/tDYF/A4u8HJPoU/2A1tL0HCn5jRI3pTSz5n+Mfg6Iv4mS46YsBpww/sz1hrhQ=
0UHnCwp4ppe+ckLBBuAAexEv3cEhaRDODkS4vdDVm/tDYF/A4u8HJPoU/2A1tL0HCn5jRI3pTSz5n+Mfg6Iv4mS46YsBpww/sz1hrhQ=
GTQquv40rJmvB07j+0mF+Bkg1ohvMgffWlSluprblPNCbBzL4u8HJPoU/2A1tL0HCn5jRI3pTSz5n+Mfg6Iv4mS46YsBpww/sz1hrhQ=
GTQquv40rJmvB07j+0mF+Bkg1ohvMgffWlSluprblPNCbBzL4u8HJPoU/2A1tL0HCn5jRI3pTSz5n+Mfg6Iv4mS46YsBpww/sz1hrhQ=
K6qv7JANXLwWH3gKRoC5FwUoysFwJRbeFUP37NTVm/tDYF/A4u8HJPoU/2A1tL0HCn5jRI3pTSz5n+Mfg6Iv4mS46YsBpww/sz1hrhQ=
K6qv7JANXLwWH3gKRoC5FwUoysFwJRbeFUP37NTVm/tDYF/A4u8HJPoU/2A1tL0HCn5jRI3pTSz5n+Mfg6Iv4mS46YsBpww/sz1hrhQ=
NSdWaX+METM2PFNcK6kUiG0EnqYvsmIkFmdLEnfA4tJIHXmWkGH+msCRGmR72SzenMIvDOgyxRZPVJwGDgdaxKMe0f0riDdkrhM=
NSdWaX+METM2PFNcK6kUiG0EnqYvsmIkFmdLEnfA4tJIHXmWkGH+msCRGmR72SzenMIvDOgyxRZPVJwGDgdaxKMe0f0riDdkrhM=
dLP5r6HB2Eh+mY4QoFahnQUoysFwJRbeFUP37NTVm/tDYF/A4u8HJPoU/2A2tL0HCn5jRI3pTSz5n+Mfg6Iv4mS46YsBpww/sz1hrhQ=
dLP5r6HB2Eh+mY4QoFahnQUoysFwJRbeFUP37NTVm/tDYF/A4u8HJPoU/2A2tL0HCn5jRI3pTSz5n+Mfg6Iv4mS46YsBpww/sz1hrhQ=
e8055+PKRd2W96WlHtnOsX81mZN1xwh7Di06OBn+0rRAFh4fmZqHlXrhFvlNs+OW52SqBmgJcbLApVYOQAWyoCv9JMq8FmeoeLZtwg+AtAIeIxIQA4pZWXtMH3CuBw==
e8055+PKRd2W96WlHtnOsX81mZN1xwh7Di06OBn+0rRAFh4fmZqHlXrhFvlNs+OW52SqBmgJcbLApVYOQAWyoCv9JMq8FmeoeLZtwg+AtAIeIxIQA4pZWXtMH3CuBw==
0UHnCwp4ppe+ckLBBuAAexEv3cEhaRDODkS4vdDVm/tDYF/A4u8HJPoU/2A1tL0HCn5jRI3pTSz5n+Mfg6Iv4mS46YsBpww/sz1hrhQ=
0UHnCwp4ppe+ckLBBuAAexEv3cEhaRDODkS4vdDVm/tDYF/A4u8HJPoU/2A1tL0HCn5jRI3pTSz5n+Mfg6Iv4mS46YsBpww/sz1hrhQ=
GTQquv40rJmvB07j+0mF+Bkg1ohvMgffWlSluprblPNCbBzL4u8HJPoU/2A1tL0HCn5jRI3pTSz5n+Mfg6Iv4mS46YsBpww/sz1hrhQ=
GTQquv40rJmvB07j+0mF+Bkg1ohvMgffWlSluprblPNCbBzL4u8HJPoU/2A1tL0HCn5jRI3pTSz5n+Mfg6Iv4mS46YsBpww/sz1hrhQ=
K6qv7JANXLwWH3gKRoC5FwUoysFwJRbeFUP37NTVm/tDYF/A4u8HJPoU/2A1tL0HCn5jRI3pTSz5n+Mfg6Iv4mS46YsBpww/sz1hrhQ=
kqy1Gtw3UpkdCYwhwVevqzcZ9RpZyf/W+riNoQ698Oc6UemxnyYam94mtZTm/swQW/qwGPk4rzZ4YCY9dtrT7MXrE4Iraq4R
kqy1Gtw3UpkdCYwhwVevqzcZ9RpZyf/W+riNoQ698Oc6UemxnyYam94mtZTm/swQW/qwGPk4rzZ4YCY9dtrT7MXrE4Iraq4R
EDzcYStBdMSS3+lp8Cn1B/Pm13ZZz/rkF0ob9q2YYfkwGz+XAty9rQZJ0NviFTkdN7KaB2aCRdguyqzsQ/6gdBFs7+oAhJax/q5zUJ0vQ64Dfq4N
EDzcYStBdMSS3+lp8Cn1B/Pm13ZZz/rkF0ob9q2YYfkwGz+XAty9rQZJ0NviFTkdN7KaB2aCRdguyqzsQ/6gdBFs7+oAhJax/q5zUJ0vQ64Dfq4N
o6bCNRMtFZrDQHsn1cr88u/uyz9G2OvlWF1JoOOWbvExF3ycAty9rQZJ0NviFTkdN7KaB2aCRdguyqzsQ/6gdBFs7+oAhJax/q5zUJ0vQ64Dfq4N
o6bCNRMtFZrDQHsn1cr88u/uyz9G2OvlWF1JoOOWbvExF3ycAty9rQZJ0NviFTkdN7KaB2aCRdguyqzsQ/6gdBFs7+oAhJax/q5zUJ0vQ64Dfq4N
UtSLz1GU3zaBsB5PVCX+sXWeta+8pZRiKoKYYsx7VWufRRUXTjWH6eillU5IHR3iVO9QLH0w34lAUBYIcmiuxah5ZXoWZHFhpeglBHXZVcwx70uf6xLnwnxI0cvZN3Sfe21Jrjw=
UtSLz1GU3zaBsB5PVCX+sXWeta+8pZRiKoKYYsx7VWufRRUXTjWH6eillU5IHR3iVO9QLH0w34lAUBYIcmiuxah5ZXoWZHFhpeglBHXZVcwx70uf6xLnwnxI0cvZN3Sfe21Jrjw=
uzKGBiHctQ+bbbhcGD+GDFnd7cVBNmmZ0HhDtsh2f0pKEG3Z3vWwaFm5/9zONxqU/QbLYrY2DEirkhCgabAvrsjIxkWmkpM0tQMzujtirgk=
xxOPxR8uGJO1dxHcRcR8s3o3hQTHpt3hr+rLYkM82ZaIhAloaPzTCqCivwaSNB3F1oGQRCF9L6Bmo5oYZWJ7vv4C7CSTlgCcgeRvYpBsNtkuZjOYTUdjRhN2rgU=
lhGVhAnJaDhnFmse8iP9SWY/mU3Ysczg4P2ZNA0y1p6JiEpjaPzTCqCivwaSNB3F1oGQRCF9L6Bmo5oYZWJ7vv4C7CSTlgCcgeRvYpBsNtkuZjOYTUdjRhN2rgU=
qkEryTM2TiawkW4zUzOIQOVanM9pHCkHgzIwLToGeJwLdBz99GNWVmVVDRYUKyHSs++3gsryZ1/vHuXv54A3afggTsjdq/aT1Sh0eglnUZ9zuF1ErSntrFlfwx9jYk9ihPiJi+HnrL8TfUGuNA==
IbkU3Nn7mY+XVzZ2SrHSd/vp3D8XlO31Q1oG8eeWbvExF3ycAty9rQZJ0NviFTkdN7KaB2aCRdguyqzsQ/6gdBFs7+oAhJax/q5zUJ0vQ64Dfq4N
ntrFlfwx9jYk9ihPiJi+HnrL8TfUGuNA==
EDzcYStBdMSS3+lp8Cn1B/Pm13ZZz/rkF0ob9q2YYfkwGz+XAty9rQZJ0NviFTkdN7KaB2aCRdguyqzsQ/6gdBFs7+oAhJax/q5zUJ0vQ64Dfq4N
o6bCNRMtFZrDQHsn1cr88u/uyz9G2OvlWF1JoOOWbvExF3ycAty9rQZJ0NviFTkdN7KaB2aCRdguyqzsQ/6gdBFs7+oAhJax/q5zUJ0vQ64Dfq4N
o6bCNRMtFZrDQHsn1cr88u/uyz9G2OvlWF1JoOOWbvExF3ycAty9rQZJ0NviFTkdN7KaB2aCRdguyqzsQ/6gdBFs7+oAhJax/q5zUJ0vQ64Dfq4N
0UHnCwp4ppe+ckLBBuAAexEv3cEhaRDODkS4vdDVm/tDYF/A4u8HJPoU/2A1tL0HCn5jRI3pTSz5n+Mfg6Iv4mS46YsBpww/sz1hrhQ=
GTQquv40rJmvB07j+0mF+Bkg1ohvMgffWlSluprblPNCbBzL4u8HJPoU/2A1tL0HCn5jRI3pTSz5n+Mfg6Iv4mS46YsBpww/sz1hrhQ=
XW6+CaPaGAiHuE5JeiNVzZPKjFYSj/dkKjTPYAaU7cd6nhPEHUkd7Mm/8x+Twt+itNh5C7EHvP/j3RGuZA==
S46YsBpww/sz1hrhQ=
XW6+CaPaGAiHuE5JeiNVzZPKjFYSj/dkKjTPYAaU7cd6nhPEHUkd7Mm/8x+Twt+itNh5C7EHvP/j3RGuZA==
g=
uP+9f1zk2lB7QLXL792fLkwCYYHdzP7BafNBZFXQiAtlDMhANSD84A+vaJoJ1Adtz6QLC0m/KXZdKiZ8I9vrw+4XgSlrrh4=
p3MEXcv8hDOFb9D1CG5RdDCxjALs+GwcMYflnWlrKSTmlZJ6/z1DLKD9t4tfWEsg1rf7dFb8a+Ci3BHXdqZXJJnRUdzVtxdfN0pDUvjAfSt1fzBvXxV1rgA=
Z0czXJIsFGCAHSZF/iLZOGuer6Sy89A2cMTAI8F+SG2cUB4QGmXL/63yyVNfVQqmXuBWK3gl05tbUCcAOn+/xLJEF2BeZHVnsu47BHXZVcwx70uf6xLnwnxI0cvZN3Sfe21Jrjw=
yMBBYQpXgMlE/2RQsaBMWuRanM5pHCkHgzIwLSBZfIMVIA32szIeUCBPFxAVdSPI9aLxk4flcgb2EN6r8JU7e+Mgf8DCr+ekmlQfYFZ0XYdqvkNErSntrFlfwx9jYk9ihPiJi+HnrL8TfUGuNA==
MxvoEfkqEVexev2bVrqNqC6Xiq5BSr3ziw0mVmKIgussjS8rN4jzYA6Hk5Ru7GPgqswpt56WD+Qhgbl8TUef37/627JQkIVrLY8YT6cFfa4I
NErSntrFlfwx9jYk9ihPiJi+HnrL8TfUGuNA==
9IapyZXrZLYNSb5K+RV0eldDZ4HdzP7BafNBZFXQiAtlDMhANSD84A+vaJoJ1Adtz6QLC0m/KXZdKiZ8I9vrw+4XgSlrrh4=
8YT6cFfa4I
qILinSoga2fh6bq6XUhoV5PKjFYSj/dkKjTPYAWU7cd6nhPEHUkd7Mm/8x+Twt+itNh5C7EHvP/j3RGuZA==
4XgSlrrh4=
Uchhyxpk4EXM0EwkRIO/D0XqcONGZCDrvidD1J6Mc+C5LFl3zja/ZLHhSTydZ6/fzxqLcuAwFevd78gPlyVtrhg=
+B16D7fZYvDzlIPTtCpF2zCxjALs+GwcMYflnWlrKSTmlZJ6/z1DLKD9t4tfWEsg1rf7dFb8a+Ch3BHXdqZXJJnRUdzVtxdfN0pDUvjAfSt1fzBvXxV1rgA=
7k8DMAbqO/bEpq17f3DICmuer6uy89A2cMTAI8F+SG2cUB4QGmXL/63yyVNfVQqmXuBWK3gl05tbUCcAOn+/xLJEF2BdZHVnsu47BHXZVcwx70uf6xLnwnxI0cvZN3Sfe21Jrjw=
8BlDw5EPm+NiBADdBIn8DORanMlpHCkHgzIwLSBZfIMVIA32szIeUCBPFxAVdSPI9aLxk4flcgb2EN6r8JU7e+Mgf8DCr+ekmlQfYFV0XYdqvkNErSntrFlfwx9jYk9ihPiJi+HnrL8TfUGuNA==
i2rg0PiJ3m9isoVhVdFLiC6Xiq5BSr3ziw0mVmKIgussjS8rN4jzYA6Hk5Ru7GPgqcwpt56WD+Qhgbl8TUef37/627JQkIVrLY8YT6cFfa4I
NErSntrFlfwx9jYk9ihPiJi+HnrL8TfUGuNA==
FsEpUJdeMtrvelM9XTuWVldDZ4HdzP7BafNBZFXQiAtlDMhANSD/4A+vaJoJ1Adtz6QLC0m/KXZdKiZ8I9vrw+4XgSlrrh4=
8YT6cFfa4I
p3MEXcv8hDOFb9D1CG5RdDCxjALs+GwcMYflnWlrKSTmlZJ6/z1DLKD9t4tfWEsg1rf7dFb8a+Ci3BHXdqZXJJnRUdzVtxdfN0pDUvjAfSt1fzBvXxV1rgA=
77OVb/r37xneScVYlHXSa2uer6my89A2cMTAI8F+SG2cUB4QGmXL/63yyVNfVQqmXuBWK3gl05tbUCcAOn+/xLJEF2BeZHVnsu47BHXZVcwx70uf6xLnwnxI0cvZN3Sfe21Jrjw=
JzrLjKlkuppwpVcAtus3h+RanMtpHCkHgzIwLSBZfIMVIA32szIeUCBPFxAVdSPI9aLxk4flcgb2EN6r8JU7e+Mgf8DCr+ekmlQfYFZ0XYdqvkNErSntrFlfwx9jYk9ihPiJi+HnrL8TfUGuNA==
MxvoEfkqEVexev2bVrqNqC6Xiq5BSr3ziw0mVmKIgussjS8rN4jzYA6Hk5Ru7GPgqswpt56WD+Qhgbl8TUef37/627JQkIVrLY8YT6cFfa4I
NErSntrFlfwx9jYk9ihPiJi+HnrL8TfUGuNA==
MxvoEfkqEVexev2bVrqNqC6Xiq5BSr3ziw0mVmKIgussjS8rN4jzYA6Hk5Ru7GPgqswpt56WD+Qhgbl8TUef37/627JQkIVrLY8YT6cFfa4I
9IapyZXrZLYNSb5K+RV0eldDZ4HdzP7BafNBZFXQiAtlDMhANSD84A+vaJoJ1Adtz6QLC0m/KXZdKiZ8I9vrw+4XgSlrrh4=
auFQ==
mTqC25geJr8Gl3zJcbZO30iR6cpAMGmE0HhDtsh2f0pKEG3Z3vWwaFm5/9zONxqU/QbLYrY2DEirkhCgabAvrsjIxkWmkpM0tQMzujtirgk=
9bfbGpRuRBNpP+ZDzUVlD2xmemUZvpmkfnwl1prZLDoLeJxMnyxmAhXH2v+gXkVb1/I6bVpSsbQTHBKcfN4XEJgu/UqPCCSafpviWENCaSFbVA94rg8=
ZW5a7lVBuAQDRlPyIZiMnybBhTqGo0zKlOwYk664blySNSTQnteZAGUeBlrR1Or34HBj7hje//K6WA3Bzp3wkOkxXwSeHxqsjc4r+ibezDCbmjD4uRivFjiApl22+tPMBYuTYmtKrjE=
VCec/4KsTJQx0rMbA3csS5zUODwlYTU1lm8zVmPClQm6p0Iae1KiDSZdgrdfOWjws8bQW1l6dhYZIApLePTzQvAKP67CfD3NxqnQ7LH1j+g2i5owNSrbNm6qrAyDniDU0UzvysAkFtE+TnMw3c/DDkNeri0=
EKzNWSzU6fJSNFNSy4dbJoj0+zmjsAhyjMAvMi8TEQjbc2YLeXY7vH4gw5Ls+gKydhXC/w8RSNijztBTSVJWPkloSgMoXFPqYIK/JlLUnWWW4ZCk4d2vwCaDmjglAvsePuLsRNM2gHxBxG9CUIy2eW4GM3iN5+MmU1auJQ==
6VzIyTQnMEXqgvJYTtbQphN0r+geEeID16XYtOvq0E9xBiay4ayqPzAoA0boZn96KsCtqX5lMNi56b8s7icapJ3WCxIWpoz4S8JQUEmgL56oGAY1BgIThFVTc0obcq45
LsRNM2gHxBxG9CUIy2eW4GM3iN5+MmU1auJQ==
iQaA19r7tyl7DbeDOSfn83cnfGUZvpmkfnwl1prZLDoLeJxMnyxmAhXH2v+gXkVb1/I6bVpSsbQTHBKcfN4XEJgu/UqPCCSafpviWENCaSFbVA94rg8=
VTc0obcq45
iQaA19r7tyl7DbeDOSfn83cnfGUZvpmkfnwl1prZLDoLeJxMnyxmAhXH2v+gXkVb1/I6bVpSsbQTHBKcfN4XEJgu/UqPCCSafpviWENCaSFbVA94rg8=
iLhUan6/e5BywJ+KK3VydSZV8RVYz//L+riNoQ698Oc6UemxnyYam94mtZTm/swQW/qwGPk4rzZ4YCY9dtrT7MXrE4Iraq4R
p3MEXcv8hDOFb9D1CG5RdDCxjALs+GwcMYflnWlrKSTmlZJ6/z1DLKD9t4tfWEsg1rf7dFb8a+Ci3BHXdqZXJJnRUdzVtxdfN0pDUvjAfSt1fzBvXxV1rgA=
twaZPr3749Ut6EqsUkvoYWuer6qy89A2cMTAI8F+SG2cUB4QGmXL/63yyVNfVQqmXuBWK3gl05tbUCcAOn+/xLJEF2BeZHVnsu47BHXZVcwx70uf6xLnwnxI0cvZN3Sfe21Jrjw=
twaZPr3749Ut6EqsUkvoYWuer6qy89A2cMTAI8F+SG2cUB4QGmXL/63yyVNfVQqmXuBWK3gl05tbUCcAOn+/xLJEF2BeZHVnsu47BHXZVcwx70uf6xLnwnxI0cvZN3Sfe21Jrjw=
8TfUGuNA==
VjjVmh8YJ4ViObPdppOGoORanMhpHCkHgzIwLSBZfIMVIA32szIeUCBPFxAVdSPI9aLxk4flcgb2EN6r8JU7e+Mgf8DCr+ekmlQfYFZ0XYdqvkNErSntrFlfwx9jYk9ihPiJi+HnrL8TfUGuNA==
9IapyZXrZLYNSb5K+RV0eldDZ4HdzP7BafNBZFXQiAtlDMhANSD84A+vaJoJ1Adtz6QLC0m/KXZdKiZ8I9vrw+4XgSlrrh4=
8YT6cFfa4I
9IapyZXrZLYNSb5K+RV0eldDZ4HdzP7BafNBZFXQiAtlDMhANSD84A+vaJoJ1Adtz6QLC0m/KXZdKiZ8I9vrw+4XgSlrrh4=
JQUEmgL56oGAY1BgIThFVTc0obcq45
WTdCdO9q4nd0c4k6MD+VPfztvMnemuidCirNm5LXyFjCxwV0fncdoc+ckFUhYA8FK/bA35eujslBr/wkcuRdlXZxEGOSrdmlR4qaPxY6pWBecmzUM8ZATGHUb1JwvHaJjpaz6O2XoxZzRq41
xG5wLGGcdKTSnRBG+dQ9JYPUJjgrN3FhzClrF3SYjBCn5lgWaFOmHSYQxKxJL32u/4SQTRF4b10bLgAHJ/buUfE3fLzCfD3NxqnQu6L1ub13kponJiLFOG6qrAyDniDU0UzvysAkFtE+TnMw3c/DDkNeri0=
GJOEmtyJ/zP4kjxO4/mf0PbB8OS3oJBhSSzfobNqYAvfwr7NedO80NpozXGuLXB3moGpYb82Gov+9vVERm5MgPsq8MjZKK8mWLBm7dZKU3xlO1NSC3quAQ==
yDniDU0UzvysAkFtE+TnMw3c/DDkNeri0=
GJOEmtyJ/zP4kjxO4/mf0PbB8OS3oJBhSSzfobNqYAvfwr7NedO80NpozXGuLXB3moGpYb82Gov+9vVERm5MgPsq8MjZKK8mWLBm7dZKU3xlO1NSC3quAQ==
KHQ/4wChzl3N39tPOvgFLgAS9KUZaifQtsNt6VymFqq1rwpH4PEGcwHPS2xaXZLU7TpCZDxmx3g4ho3SD5DUMt5zsuCDOrkJO7w/YK4X
UZdEw/xZvS2pfiGEYrZun1qx+kifPJNZyHKlMnTwpCs591BZNwyE/dZyuDP8LnegWH4dUo4YREo+KwIow/LJ0RuEL2iuHw==
YF8knQkGDzbLOl1nVpPi81qx+kifPJNZyHanPHTwpCs591BZNwyE/dZyuDP8LnegWH4dU44YREo+KwIow/LJ0RuEL2iuHw==
YF8knQkGDzbLOl1nVpPi81qx+kifPJNZyHanPHTwpCs591BZNwyE/dZyuDP8LnegWH4dU44YREo+KwIow/LJ0RuEL2iuHw==
pURH2owg+svdW5IdfmK4brXuoB8+2+z5QQZgmKwW1wbBZuK5k8ilibUbCSbQOmj3bGwYhbeCdAUVyhauPYHFF3FUpzX53coyU0LQsk9zBmy4gZ3TQz4ODgM2KJU8sn8JPT0lFgQs1L/8i1cIT6fs/HMlZDCFI6hUO5MQn0/quuFnd26NU8hJcAkUMor1scxwG9owODnRrta4QKYdNrrTjIXLk6Lriq7x
pURH2owg+svdW5IdfmK4brXuoB8+2+z5QQZgmKwW1wbBZuK5k8ilibUbCSbQOmj3bGwYhbeCdAUVyhauPYHFF3FUpzX53coyU0LQsk9zBmy4gZ3TQz4ODgM2KJU8sn8JPT0lFgQs1L/8i1cIT6fs/HMlZDCFI6hUO5MQn0/quuFnd26NU8hJcAkUMor1scxwG9owODnRrta4QKYdNrrTjIXLk6Lriq7x
HoIFnlZVKIJSDWmvHzo+6ZdW/wLJQ/Agt/t9Y47JX////zl11i4dZHk0Y7VjFLdDh/7tPqFayiQH+8/7wgedIW+uGg==
lntwHLNTKeQNmrzFWomIXBkJ4Iyu0Q1R1bo2RgQsaw7mO6VHOF5ABjsuv5HF3XksqZqmS0dgP8S2LqJhQIZwkrKimqdSHnO+jKkoYVfeyV1jxDZGA/eGq6CBfbbVlMjSbksbRaaUw5UIMOtHahizheacHNV7Uk4RyqrGARFpZwcRDvnfUJQv3RdEg9t6PlEm1Qr+jMsbQ9OWd4mZs67G
g0kTJkQNag3rzaAmu5KHiBxhpJQnE6jvXt87ajVlP4YeKiey9ikh7+/oJFluRv0NpHTbBTv037MOfmWOCfoSVP+7F6v6J7UxZ64S
zf3CVR3oENawLOmN/ttf1R1hpJQnE6jvXt87ajVlP4YeKiey9ikh7+/oJFluRv0NpHTbBTv037MOfmWOCfoSVP+7F6v6J7UxZ64S
fp2UgEEcQiNEQiI+f4/oRsPWmXrNlVshlrPGOhiF07ulk4wWqRSGDOSfZn7Eoo8ReOeEuFtAzbVPWFVSxr4+MdP6sFrbcAm3iTVdvRkxe7c2KQkNKfWn3JZBEKqpZdAZHS/KgE3pqm9pkXO0N1H1qdcY6U1Et8XAvSoYqI4qLxw8+dEoQeDU55p7jk6qNXyhlPl92talotd4mP9IyCcyZ3Wd7e6QhNDXQ7ldniIA4jFE6UCp9cDn7wIx5nEP1RQS5IJj5Y82ulwZOcb+XHljr+jhNEp9eIwc4SM0fxNOLVTvN7UCnyrDExgOMfrANMSTTDqvSDejLJXcuTmiepoPPdOe3E+/Oen+ltnbiXgnlFZxBKJ3uTjWr7sSPsq6qGS0L90t344y3XVedHAzWzx1BnJDY9br8hlx0OpjaupMo37xsyMn+lh+h8m2GlRndD7wJSZWlu6XUrIxyRiP6a0YznRn6LWeDMcpelB/bl/22u5L6Wq1tOR1YgYVtpRFvrqWUvjdPGxeDQDCYslI3BmWgbQYNefmjJNnXc/uMsnMEHkUsO1JBWy/fmdMedcESDZ4YVXQ5rYj2xOFQ1g1KDm24Y47WdGZB3aINJpM6biaSgDEKOJ+zkvKonMSkOLvY4Z8GNHdg2OuDp4jZmjFnKL/GZ1tZUYkvNQv3NsXWO+3bOzTdSRgpbOoxBvDUM/v+jrxxycu3XNYSeApRHLaVaFMYLuKcGgZQ65GmBDmTZaqU5wlm9PyyxquYQ==
GFmoTHfwFzBhXxIz5T3odO1tT/MuKlzfnfzNfJTFUk2MkM2fDSkXLXZFwN4AYeUFqUE7wdeyIADI+xIJHzvdz2zru/+pff4KbYw9EeL3ck5XdmPSaJMwYrbcBRefkXkoAaawqoA9NQT00P15hXeJbVQvQaxPxtg5RUsq4sxCEfeuatlaC+ToCDQa+JfVxWSekbVchbXEJ7cqQXlY7bnZpWRVEp4wmD3yMfgulT6AHOWXbVjebPnwz7C1A2C5QFafCejfwD7J6RPHYvtfffF1WwJlvRoFimqynkUgK/QEy0rk5wy56L+0z/blu+fIaylUNgbaiBbHsFnUa2lroVezH9hUJktZ/QiESVPlavxCkYozM7BlZSphTVtjzIlwMKt7NssenvO6KFQ8GipZUnV1xQtbcGJRwuf1ETzL42tHwBu+nMKzLijGcVjlLNDyDktKDiJx0C5cslkS8PWP0PUl88h8wLGwX+Lip4ve9tf0s4gqfN9f0j8oavXggpM+LskgKuSmbkWW0PCt4qaEoZJwpybTYG7NrTrCU6UZCabIhRJASyDmNSP5Al9cQ2pRzWi2Rmp1Y+jsqi3bEYFFUA8kJ6YT+i1B+6UpVurQ/KSzlKR60pDemrSShYrgt1RYmCM9Vs6sB4VpH0BuPIfAwF9w3A+LCdvdzLgyVK1YXZ/iYyn8nifjvMoZHQgmfyU4FUNEiqMTUdaXrxaJIm2COiAZfxxSj9yoAuUtTmS8Ns5X+lQjjjGt6/jXFK5j
IaCtWU1WOs8mTdeZ26X0yBr1qUJfYeWgHbaN9tF1b6C2gvmrWUAuZB+fxVwrl12mHyf+utwsQY3xRAtWEta4WOTd+bdt0nFTyCwhDJotY2dGR8gSPl3V0boxMPbKi1rzynDK6wJr2pUPl/7V7bRhiHSN0ZWeBWeanmlsl/oPOfCjdDG7sQ0o1UcmIFgKPGCzQiJCOx3WGc0xyW0LJy8c2vjZc0F25zPwF40f9l/kdQOkjDina35DajSCtTLzhQuRa2Ze/A5Royvxa6xUHurr4o5C2/Ty3IN8/5rcAoDuppABCBZbWGGSf5tH9wA7iZl43JdyVAPq9IBA9iNwem5KS09JlAE1Yn45l6JPjiQZt8xOXCtnLVJic4KbEl0jkVgErUr2Bc8vVCdpX05CJFbBCwc9Xl7HpbwQN9rjYXLUAqaXvL46P/RAaPY6pQ5hUWMmGV/NSrvQuHLT06r8qs+KMBcenIRosDP3eKgjizuJweInESIWeOorNSPEVnLRg/lyLxgjkcEigV2xcDEdPSpOTigOs2kKmGPzxv9sSlcvq/jgvgtB1GuTz+/1/81Ckj/O8fvebGsorFuSB8DcsK6+PpgEoNVsF5jmeUYJ2FwODdJpPkN+03DkakMR8fRHScQuJfKqMd7NEb5PcZUcEMoVR1BHJpkL+vMU7p4YU52pcCTVGS7oHWvsePUpEAQ6mS1i2P0M8rCNN6nBC2dWPzNGJHmRsVx19zxeV4oj0liAXSuVP5Dv/9UVrmA=
cljdYXzEbelMEU6TEL9VkLywaz7aNeAQQNHPE2PlXriI93mmAVuBgFHdgpr4VOvY1CRBw59eY30duhEEbbKTXCQ0JcrZmeFHaRevlqG9QfxSnAVcIrLC1E5yvQGLhqZlXdcAgfnxJNa3izFzCzOWs7YedZuSeEvgofkKA/0bBdo2JrO13scynUuPbVfB2ZcHxRCIRdhZFKmsiqctf+3SRPQWKzQLYAMhacKwfA+xIdhDPUIxdsPTDbWx9a7vEihwUPvw5rqEI1i/12ELZu4fEc5DDfJqHX8nGQkGa1C7LNJe1gxjVWBxS1nlkY2nZmZnNPPi8S/mXmhPnWP/EWHmCf5KqHJbHh0QGaO/e/T2rDH52+D7DDIY7Lsp/q48aAdXGYIJ7GXkGJ5OJxBjvAdGZPXt8Rl8yt1Xe4S3y1vTnP9ODAuuuoJxXpU5v4al91m6z0g08l9LXow+ZzaQS/boVDwI/7e00PfbD6GdAlv5NiZM8ic1L9xiQsVrhZJzMBfBFVpNHX3IZc1JwhLulKYnGf4A73NKZxi6w4cXWDzW/xEA098Pow2rHXa6464Nk8pcXzCgW54f9OykxkJeRCyUBTjv1CY1/t2IqGbRctWW146n6Gjqz4kFhNPheI55Gt7hinXd/oMJQUwk4kmnLK8yqT/i/xTihixjiUEMxIkxGrjJEyA4OZFE1E5xccJkVZiCRBW7KU2TE6arm/qEpflFDKFPcJ4bcncCbKiBS2lXhN/LzRmubA==
IaCtWU1WOs8mTdeZ26X0yBr1qUJfYeWgHbaN9tF1b6C2gvmrWUAuZB+fxVwrl12mHyf+utwsQY3xRAtWEta4WOTd+bdt0nFTyCwhDJotY2dGR8gSPl3V0boxMPbKi1rzynDK6wJr2pUPl/7V7bRhiHSN0ZWeBWeanmlsl/oPOfCjdDG7sQ0o1UcmIFgKPGCzQiJCOx3WGc0xyW0LJy8c2vjZc0F25zPwF40f9l/kdQOkjDina35DajSCtTLzhQuRa2Ze/A5Royvxa6xUHurr4o5C2/Ty3IN8/5rcAoDuppABCBZbWGGSf5tH9wA7iZl43JdyVAPq9IBA9iNwem5KS09JlAE1Yn45l6JPjiQZt8xOXCtnLVJic4KbEl0jkVgErUr2Bc8vVCdpX05CJFbBCwc9Xl7HpbwQN9rjYXLUAqaXvL46P/RAaPY6pQ5hUWMmGV/NSrvQuHLT06r8qs+KMBcenIRosDP3eKgjizuJweInESIWeOorNSPEVnLRg/lyLxgjkcEigV2xcDEdPSpOTigOs2kKmGPzxv9sSlcvq/jgvgtB1GuTz+/1/81Ckj/O8fvebGsorFuSB8DcsK6+PpgEoNVsF5jmeUYJ2FwODdJpPkN+03DkakMR8fRHScQuJfKqMd7NEb5PcZUcEMoVR1BHJpkL+vMU7p4YU52pcCTVGS7oHWvsePUpEAQ6mS1i2P0M8rCNN6nBC2dWPzNGJHmRsVx19zxeV4oj0liAXSuVP5Dv/9UVrmA=
GFmoTHfwFzBhXxIz5T3odO1tT/MuKlzfnfzNfJTFUk2MkM2fDSkXLXZFwN4AYeUFqUE7wdeyIADI+xIJHzvdz2zru/+pff4KbYw9EeL3ck5XdmPSaJMwYrbcBRefkXkoAaawqoA9NQT00P15hXeJbVQvQaxPxtg5RUsq4sxCEfeuatlaC+ToCDQa+JfVxWSekbVchbXEJ7cqQXlY7bnZpWRVEp4wmD3yMfgulT6AHOWXbVjebPnwz7C1A2C5QFafCejfwD7J6RPHYvtfffF1WwJlvRoFimqynkUgK/QEy0rk5wy56L+0z/blu+fIaylUNgbaiBbHsFnUa2lroVezH9hUJktZ/QiESVPlavxCkYozM7BlZSphTVtjzIlwMKt7NssenvO6KFQ8GipZUnV1xQtbcGJRwuf1ETzL42tHwBu+nMKzLijGcVjlLNDyDktKDiJx0C5cslkS8PWP0PUl88h8wLGwX+Lip4ve9tf0s4gqfN9f0j8oavXggpM+LskgKuSmbkWW0PCt4qaEoZJwpybTYG7NrTrCU6UZCabIhRJASyDmNSP5Al9cQ2pRzWi2Rmp1Y+jsqi3bEYFFUA8kJ6YT+i1B+6UpVurQ/KSzlKR60pDemrSShYrgt1RYmCM9Vs6sB4VpH0BuPIfAwF9w3A+LCdvdzLgyVK1YXZ/iYyn8nifjvMoZHQgmfyU4FUNEiqMTUdaXrxaJIm2COiAZfxxSj9yoAuUtTmS8Ns5X+lQjjjGt6/jXFK5j
fp2UgEEcQiNEQiI+f4/oRsPWmXrNlVshlrPGOhiF07ulk4wWqRSGDOSfZn7Eoo8ReOeEuFtAzbVPWFVSxr4+MdP6sFrbcAm3iTVdvRkxe7c2KQkNKfWn3JZBEKqpZdAZHS/KgE3pqm9pkXO0N1H1qdcY6U1Et8XAvSoYqI4qLxw8+dEoQeDU55p7jk6qNXyhlPl92talotd4mP9IyCcyZ3Wd7e6QhNDXQ7ldniIA4jFE6UCp9cDn7wIx5nEP1RQS5IJj5Y82ulwZOcb+XHljr+jhNEp9eIwc4SM0fxNOLVTvN7UCnyrDExgOMfrANMSTTDqvSDejLJXcuTmiepoPPdOe3E+/Oen+ltnbiXgnlFZxBKJ3uTjWr7sSPsq6qGS0L90t344y3XVedHAzWzx1BnJDY9br8hlx0OpjaupMo37xsyMn+lh+h8m2GlRndD7wJSZWlu6XUrIxyRiP6a0YznRn6LWeDMcpelB/bl/22u5L6Wq1tOR1YgYVtpRFvrqWUvjdPGxeDQDCYslI3BmWgbQYNefmjJNnXc/uMsnMEHkUsO1JBWy/fmdMedcESDZ4YVXQ5rYj2xOFQ1g1KDm24Y47WdGZB3aINJpM6biaSgDEKOJ+zkvKonMSkOLvY4Z8GNHdg2OuDp4jZmjFnKL/GZ1tZUYkvNQv3NsXWO+3bOzTdSRgpbOoxBvDUM/v+jrxxycu3XNYSeApRHLaVaFMYLuKcGgZQ65GmBDmTZaqU5wlm9PyyxquYQ==
GFmoTHfwFzBhXxIz5T3odO1tT/MuKlzfnfzNfJTFUk2MkM2fDSkXLXZFwN4AYeUFqUE7wdeyIADI+xIJHzvdz2zru/+pff4KbYw9EeL3ck5XdmPSaJMwYrbcBRefkXkoAaawqoA9NQT00P15hXeJbVQvQaxPxtg5RUsq4sxCEfeuatlaC+ToCDQa+JfVxWSekbVchbXEJ7cqQXlY7bnZpWRVEp4wmD3yMfgulT6AHOWXbVjebPnwz7C1A2C5QFafCejfwD7J6RPHYvtfffF1WwJlvRoFimqynkUgK/QEy0rk5wy56L+0z/blu+fIaylUNgbaiBbHsFnUa2lroVezH9hUJktZ/QiESVPlavxCkYozM7BlZSphTVtjzIlwMKt7NssenvO6KFQ8GipZUnV1xQtbcGJRwuf1ETzL42tHwBu+nMKzLijGcVjlLNDyDktKDiJx0C5cslkS8PWP0PUl88h8wLGwX+Lip4ve9tf0s4gqfN9f0j8oavXggpM+LskgKuSmbkWW0PCt4qaEoZJwpybTYG7NrTrCU6UZCabIhRJASyDmNSP5Al9cQ2pRzWi2Rmp1Y+jsqi3bEYFFUA8kJ6YT+i1B+6UpVurQ/KSzlKR60pDemrSShYrgt1RYmCM9Vs6sB4VpH0BuPIfAwF9w3A+LCdvdzLgyVK1YXZ/iYyn8nifjvMoZHQgmfyU4FUNEiqMTUdaXrxaJIm2COiAZfxxSj9yoAuUtTmS8Ns5X+lQjjjGt6/jXFK5j
h2AQQbgoO1tGhJu4gfrPjuxEncJnCGxFyGxsbnM6KpoaaS6zrTIeVmJINFkJcmaLpvK9jYfya3y6A9K8iNIrb+w9foH86qm1kHJePxVlGJhxuF1ErSntrFlfyhpjYU9ihPiJi+HnrL8TfUGuNA==
h2AQQbgoO1tGhJu4gfrPjuxEncJnCGxFyGxsbnM6KpoaaS6zrTIeVmJINFkJcmaLpvK9jYfya3y6A9K8iNIrb+w9foH86qm1kHJePxVlGJhxuF1ErSntrFlfyhpjYU9ihPiJi+HnrL8TfUGuNA==
XW/XMX5iQF+jIvZHjAYw/Fqx+kifPJNZyHKlMnTwpCs591BZNwyE/dZyuDP8LnegWH4dV4kYSEo+KwIow/LJ0RuEL2iuHw==
TifYomWN3hiR3Z7p/q8JiX97D+KBXUlebzoLTiH8j1AuX3KLBSiO8Gxsf5KYq87ddb+m6NA9bcdbUs7qi6p4ocS+H02VwZVCXADUm7TXx/z368z4mxkUpB3P6DAzj8ArN2ZaJU8LXlmLZMnUwcgi/s19bPRzZsAsIbppMjzc9inOtrPILTcj9rOmrtU=
Ey2WYCyyDZ3nH0WfvwtMQTT2+FW7pmre2fVRTaACL1wk9Ctly7Qv0xt5daI5uqL0TzuHC6rn5dEXrmI=
sjg02/jObtb222C0zkrfmIYgOMJxdxrhIlhu8h+NTGC7inBoGUapRpQQ5k2WqlOcJZvT8ssarmE=
Ey2WYCyyDZ3nH0WfvwtMQTT2+FW7pmre2fVRTaACL1wk9Ctly7Qv0xt5daI5uqL0TzuHC6rn5dEXrmI=
sjg02/jObtb222C0zkrfmIYgOMJxdxrhIlhu8h+NTGC7inBoGUapRpQQ5k2WqlOcJZvT8ssarmE=
1tcAw682ii0BKg+Ym76wB3M1mRjFp93noeDaZE02kZyGhEg/f/eJC6qevwaHPwDAybzEWmB9AfUsh/dWcHt+oPQd7CSTlgCcgeppYpxsNtkuZjOYTUdjRhN2rgU=
J0LmuyA5lZzP7+5kSJJnbwNa5PIeq3ADdE8tZlrmybgZBhoS2M3LiTHhBvgfpOOR6Hq1CjQINKPZv2BBNxS0tTb6KMu8FmeoeLZtzAmAuAIeIxIQA4pZWXtMH3CuBw==
tQUbHgEOv8y+CHY+oDJ3HCppy9cvmVEZQ08tZlrmybgZBhoS2M3LiTHhBvgfpOOR6Hq1CjQINKPZv2BBNxS0tTb6KMu8FmeoeLZtzAmAuAIeIxIQA4pZWXtMH3CuBw==
UmhEcZj9MQTbJQKXkD8PExd+YCxRRiViWuLBrAkSMvb4qeNdYbXOPF9gK8W4rh1ulOycN0kr6MW3kDwhpm6ALxxyz3wo4qUISURwVk73OnQjbnFNa1gXdK4D
+dMhEseQ3wWc05Mxcbbe3vaEJ1eNrSoBhh6IHc/VDwesVF1eWt65kPkuSkoYFZvhkQm2gJ9cU/lIkmVSdNDki7mXkHk3LESdVtL4E/xOt0DY3t00ifgI6r5LQsjD0glxm2RvSK4/
D9FW9DLWSkBM3ef034OVDzfV4vL36NM2V8nVOpp5U2epHx8aHX/Ntemwg0BOVRSlRuRRb28l1JRFTytcOzqu3ahyWBdPYmB6teI6BHXZVcwx70WZ6x7nwnxI0cvZN3Sfe21Jrjw=
pnO3zYMB8bozOfb4Z3BJXJGv1VJQ6mDNPtr+BtIjp11BJxl4FHHT/NNvrMdaENP0o0ElG3fjJxsljJSqun8LUh3S499baoDKuENIDmm6jqHaVS3+M2kRDPQCWSdczwJpz8JvFHKm3KO5IXxEmdHK+JlzkDjJsRSUHtFhQlT16ML09Ssp3fOjZls7ygS1WZXMcW8Fmauep8I8yJHLmbe0n7vtia78
L5avKTZ3JQ0T59bsPKvPGe3Gqw31jDM+uon+BXMQWs7wtWUvJQdpky/bDlCkP+wtk6yVAxsnDAn68zVKXpu4hRL0S6VrNI+T9XlVYlk6wjRvO2dLSmdFEXeuAg==
mEg60tuKeXt7CxPxiavnpy/O4PUwNKDVFRghuAix0xWynNv7vPYnCPjWreIJoPjinoPScAOqGbn77N8Qrmc=
mEg60tuKeXt7CxPxiavnpy/O4PUwNKDVFRghuAix0xWynNv7vPYnCPjWreIJoPjinoPScAOqGbn77N8Qrmc=
THkMgddBo/GYXdv9JUq7RdZxBDRUhNMTPvbXpuXoh2e1KMmzubLyos5NellMStsIM4Hgq9wXdVOKwMi3CsT/IEgsy/n2ysQzVZ0X5C4YDzQQ6xhYL0/h70248JZUCRApD9aL7dwaT1dsPpE5SIJ30eghK0AqZ/vlxuPnMgkGJfYqlPG7vFbn6Hj27YIJQDjCHuOS0ANK2Zl7jJ+wrsc=
RE5Z+p95GdocIihU9WiVnFqx+kifPJNZyHKlMnTwpCs591BZNwyE/dZyuDP8LnegWH4dWogYSEo+KwIow/LJ0RuEL2iuHw==
Fp9PHIJdkYg7eB7ufSzLhH97D+KBXUlebzoLTiH8j1AuX3KLBSiO8Gxsf5KYq87ddb+m6NA9bcdbUs7qi6p4ocS+H02VwZVCXADUm7TXx/z368z4mxkUpB3P6DAzj8ArN2ZaJU8LXlmLZMnUwcgi/s19bPRzZsAsIbRoMjzc9inOtrPILTcj9rOmrtU=
5CbW44NwOnEWPLhcRzavjzT2+FW7pmre2fVRTaACL1wk9Ctly7Qv0xV4daI5uqL0TzuHC6rn5dEXrmI=
2kZHHK4Se7ug3X761jXfXoYgOMJxdxrhIlhu8h+NTGC7inBoGUioRpQQ5k2WqlOcJZvT8ssarmE=
5CbW44NwOnEWPLhcRzavjzT2+FW7pmre2fVRTaACL1wk9Ctly7Qv0xV4daI5uqL0TzuHC6rn5dEXrmI=
2kZHHK4Se7ug3X761jXfXoYgOMJxdxrhIlhu8h+NTGC7inBoGUioRpQQ5k2WqlOcJZvT8ssarmE=
KPbUM1/SfZ1gkRQg/IMrKnM1mRjFp93noeDaZE02kZyGhEg/f/eJC6qevwaHPwDAybzEWmB9AfUsh/dWcHt+oPQd7CSTlgCcgeRoYpxsNtkuZjOYTUdjRhN2rgU=
OGazrerRkfInaau8QIKuGQNa5PIeq3ADdE8tZlrmybgZBhoS2M3LiTHhBvgfpOOR6Hq1CjQINKPZv2BBNxS0tTb6KMu8FmeoeLZtwgiAuAIeIxIQA4pZWXtMH3CuBw==
1AhKLwFeunSDm3bKB3/TRyppy9cvmVEZQ08tZlrmybgZBhoS2M3LiTHhBvgfpOOR6Hq1CjQINKPZv2BBNxS0tTb6KMu8FmeoeLZtwgiAuAIeIxIQA4pZWXtMH3CuBw==
nlwGlUxBuySozT/Y+rgr+Rd+YCxRRiViWuLBrAkSMvb4qeNdYbXOPF9gK8W4rh1ulOycN0kr6MW3kDwhpm6ALxxyz3wo4qUGSERwVk73OnQjbnFNa1gXdK4D
OOKY8e5sbQh6rPG/Thdn1vaEJ1eNrSoBhh6IHc/VDwesVF1eWt65kPkuSkoYFZvhkQm2gJ9cU/lIkmVSdNDki7mXkHk3LESdVtL4E/xOt0DY3t06iPgI6r5LQsjD0glxm2RvSK4/
eCMGnWmn2AagUgSY4s8h0zfV4vL36NM2V8nVOpp5U2epHx8aHX/Ntemwg0BOVRSlRuRRb28l1JRFTytcOzqu3ahyWBdPYmB6teI6BHXZVcwx70uY6x7nwnxI0cvZN3Sfe21Jrjw=
tqcDucW7lY47nQSXCJldI5Gv1VJQ6mDNPtr+BtIjp11BJxl4FHHT/NNvrMdaENP0o0ElG3fjJxsljJSqun8LUh3S499baoDKuENIDmm6jqHaVS3+M2kRDPQCWSdczwJpz8JvFHKm3KO5IXxEmdHK+JlzkDjJsRSUHtFhQlT16ML09Ssp3fOjZls7ygS1WZXMcW8LmKuep8I8yJHLmbe0n7vtia78
tP3DF+/9vPj/Q6crit4Fqe3Gqw31jDM+uon+BXMQWs7wtWUvJQdpky/bDlCkP+wtk6yVAxsnDAn68zVKXpu4hRL0S6VrNI+T9XhVYlk6wjRvO2dLSmdFEXeuAg==
fLHJ2udFYpFdBAEKXhT2zC/O4PUwNKDVFRghuAix0xWynNv7vPYnCPjWreIIoPjinoPScAOqGbn77N8Qrmc=
fLHJ2udFYpFdBAEKXhT2zC/O4PUwNKDVFRghuAix0xWynNv7vPYnCPjWreIIoPjinoPScAOqGbn77N8Qrmc=
