EiVJulWwMzU+wuMP/I6T4cyPsNsEQouveVUnZWsB6jmvUyohOXxXejLLqfzZTZWvFooCNKwL9m5vqhbqJ1lN5MtxgE4hamYBQsW1fqv5iWxc0pFnFD8qCfcyVxRKVuTDkdE0BFEBYpgB4wi4USGMNPYBKQKcxYDiDMVTKSXD20azC4LEfQn9bOn/kxgzBD4ikpvZBFHHnH+DnaCjxw==
CwFD6j6pz6kuV8en7smIFkvglfGistAqt5+9qMRZGnPgrf7JxP19vbRx3LVChgE+ttKQsj/I7A1mT/kxNoK0i7UFh2yukJ+scFPokG8H0RdtoOCeVAEAMS8uu6Wc0r/vDKYBscgK50kImVsI6q/Lneb79zoJDjXuCuzBc3wel1CYbn0KiMiiW35dYRhMAulhW5SPqaPM
QsbS88stLekBjzMtPtiqA9nN8LvYFm3XBpeqlxogxT4QTQ5q35gsbjrTeu1QgwDW4/hOhj0w2g1PNllZBoNcwD0pCH7hiNlwdpTgV/4Q6KqFV+BD1SqDbr0fBVaesmb/Fv73BlDZBGkzHm3Vj3RqvgfXQvMcERF+8ZTsGgLbpx1itMdtVIAHz87Y143K7MBt/7IKSTa66sl16YNPPR6FB5T0q2VLtK/TlXj1qLi6JPfPNAcLKudl0Yaj4Q==
hn5BvL1zFwgsubc0mNTup8YNp6B5EesPRGIlYSpzpJvRL0zvWD7fMJ3cHnzk6P8OID8+Md0bxpSIib0Lk5aOtvP+SI0sWj9xjbWFTlQE1IeMw7eQ388sBEMtROhViyjsy1twh18C+pnX/87VA+BJSHlc0hJl2QyIK9IQ4OlwKG5OicYDJVKc9DVDM/q7s6PK
bEmPNfl5euxVgAtzSVSzxmmcSMmRHGDm0bzj65BnnWLY4Itv/Pu5/EInZFcJCzzzUMv/HOWYzoBMfH+CuNuObZUvJniwja03e0LO+qtauBGkLp/ddXHVMnwQ1IuUp4dMF3tMaPup1FQ93+ggE38Am1f22rWvux4pq3TJxOG4Yk4t7exkE9YA3AGkaCIWLTafrSY8WM2HY4aTp6PG
nvXrIZIFLj21FsR4HyfsZWmcSMmRHGDm0bzj65BnnWLY8YNh+vS4rkInZFcJCzzzUMj/HOWYzoBMfH+CuNuObZUvJniwja03e0LO+qtauBGkLp/ddXHVMnwQ1IuUp4dMF3tMaPup1FQ93+ggE38Am1f22rWvux4pq3TJxOG4Yk4t7exkE9YA3AGkaCIWLTafrSY8WM2HY4aTp6PG
PGqGaj9CHvG5bDQs2vLeiwoo0F+zgwSiyEcAZZhFIGHqacx+ocjoRSl4sDq9mO2ByKcmHBFlpmpQkfyyalOku5GPzE8YHd8Q3Xye3KTI/y5gn76RnTvGtMgpPavTto6Ws17ILWx6P1HNFQXuFCTUp8xjNzCf7ywkA43ESBWrKMyL+/AnHyL6uZdfTnVDwEloOfxSsiX5DKhrcpBAqVAoTg4pRqNlcpzUdeOzWvuTo+o=
tGRO8XWdKsFCdHdkXnG7kFfxbkae5GVbP3V+Su8I9wAZNak+KHgdMJaUwJeekAjqp1eDAzWqI67dH+UWPjIGP/b+18YwWeQpEx4NFS/0yn5n12KzvJFxvtGUzNpiWwddQrSnrfQApw+u2PfNKmygrd+y6olWOkqJlenjj52eZUf09IslqzTPE7V4FegYOoS3LzQny4pnhZGmo8E=
DDPK01ATyp/Z4X8p4WQSO47A0DFHYAfNgUFw6tql5cLuV3ce/MRoqLWqPGIKY6SrsX+MH/irX4B9DF4MxPj/PkBv/sF9i0YkaFn9e7OGjoaTroh9jMq/wW1lxT50FNS37JN3YH9frLSj/QSYdZso3KsLsHf/knopNy+OpSPwSXgZDBLixUmMOMsCUJDJYCheLtkG84XCHETVk3OKm6Oj+g==
brOr8oggQZtdyCmDF0ujwJGcussYSoj8Y1c5dXhG9hqvXipOXxI+YDvcsPTme7jIXsZTZ/VP43Jl4hvfI1p46tBzgE4hamYBQsW1fqv5iWxc0pFnFD8qCfcyVxRKVuTDkdE0BFEBYpgB4wi4USGMNPYBKQKcxYDiDMVTKSXD20azC4LEfQn9bOn/kxgzBD4ikpvZBFHHnH+DnaCjxw==
UW/Ex4MXc5RsnZIYG6CnL7GpUPLKreX6nn+XxrOG5gJAiZz6muskE0HX7EcoYR/4TeR+FNTw/wYwRx4ZLcOG3NgxXeMjDg4+YwboJVwC/7ldjeUmZBzUj5y7l7gvF2xME5WkAOUTqGRbo9AvL1o6UQfHrr0z+ElAaSTyOpUBTMB7avAIWeio5t5xZqtVClw85XtTkouro8I=
y4j93jrOavWTp+zoD9fQ2X1jZBSibTLWKnu825eK1EAeFEgn9vCwGngQ+1PtSgu+1R/tBhZSXu8OPo+2iLkMmZueheWHVLLOvxda4+Sxma7ZlMTKintfDXp0fx2MoA//Jlh/fcKMGN2HchJZDlpimZ3p65+1fr0XjLRT1RNUp6M9+J2YsJp8B3d0HxtSR+2BrqPJ
+iaKFu3RkVfclG91lPB00Hg0ezjHZIigRZXCEL7vZxaAzmcSNwsbOP+tZIOh7xQO9BE0UB51be8mztVcxiJGQPOsGHSOy3CoZjYIIA3fe5ItsvPfS4qwikjj+I75Gl7hCnVd/gMJwUyk4smnrK+yqb/ifxRihqxjCUGMxAkxmrhJE6A4uZHE1M5x8cLkVRiCxBU7Kc2Tk6Yrm3qEJfnFDCFP+5ibdPYC6qsBROlXBN9LzYij7w==
kwxsq+rRHxO1O57+bUHD8cj1kg4F52rXZ9n4GJM2u14AMRhoGTudr5UupdxWQpaAo0wodH7rIGg2lpigvX8LUh3S499baoDKuENIDmm6jqHaVS3+M2kRDPQCWSdczwJpz8JvFHKm3KO5IXxEmdHK+JlzkDjJsRSUHtFhQlT16ML09Ssp3fOjZls7ygS1WZXMcW8LmKuUpsI6y5HEmbe0n7vtmKP/
YGeosHqnq5BSsavG5A6gj5U7oYFr9bWs4lnZ7zATZmglL0STcdASaVZqcatJ+GjOnlS0KSnZcZz1SxXPA94cuQUZYe3AeZTjyAzXsG3mxX/U9mb4n2WZKnm5/kNer0csCeyQ65L0Rup2vmv/wwSsNHqjrBjK7nzBWGfXwtHaJ18fYsxa5Fss7g1C8lFWnSk+t6EdPEi6fQf4V955A0qrFLYuELNludhkvWl2yJW7FPjNeZhkYikFojDttFK4/W+pGftv9ocjLmRRIWm8/ScP2C/cqvKGc7XkPS/oj/dl3KO7
BcHKK6VWJBaP5xnqGUZ4E73qrBc777/jTzsviLZftASSXN6Xot22mbZeTznGeSL3ZHgTpvrbJCMh5yz3SNGZSS1UviS0wP82UHfeqU1zBmy4gZ3TQz4ODgM2KJU8sn8JPT0lFgQs1L/8i1cIT6fs/HMlZDCFI6hUO5MQn0/quuFnd26NU8hJcAkUMor1scxwG9owODnYqNa+QaYbNbrcjIXLk6Lrm6Py
ayZR4t/NlsvyOxv3jrni7xMmZT0VNtyj46N/JwcH/9yOs9QgekDuY7rRtp2+ol8tPlUCE0wk45KiF2Rn6Vt8I/C9ee1FyA5QLEx/stgLTj0136YIEF3tZ5tyzspLCvjBBF4fLdUhFeIcINS79HdHHLeLzBhbeZQE3e/oEPMvQEv3hlpFD+ve+ctEyfSBaKIejR1sFLMGQIzhlGgS9n12Tw1WvKht16NW85ej9g==
iyRZLyIDT+J+wNBvTD3Az3Z5gstKj52wNl00j5aV9GtReCxsqfD7cuY0VjYcPCHbkLjaioq2r29nPKD09lvICI5mwuFEL1OyNcLr31N6qKpgkzDOsco2QbLlpX67mbmsDLIB52Sf2kmn0mcUera0g2FxRITBYTJYMYMYuEEBfHSmobmCLCUwotzlIynV44uGA2syRO2pLayZ34MYI+QOYkJ7SYShZ+y/U/2Qo/c=
yv4WMJ1d6lxpp6MAO8TJ9/WQwhg/4CFoJInPRR8F42nXxvKl5FJufvZptte2n7qsVxciIxIBODrb+E4xRIXNdZR5zGsJ35G21ppgij/wHEUGx2lpdlqkg5XNNxQuaC/kUFv4yK/fQZ+NaJCmVDlw+c+mK31ciq/nLO6xSUhyV4EokUvQqvdbFYazBwIJNsWmamRRKzzGh1i4ps1yCDASE15VcUCM2nnpu1z/kaP0
f3LrJgX+pWnSYLkXU1m5e0la+4io2wpegvRpWzljaBbuEfVKfRMEUhodo/jS1ARf0uC0Eg82JpupOq8mWZ9hnrKimqdSHnO+jKkoYVfeyV1jxDZGA/eGq6CBfbbVlMjSbksbRaaUw5UIMOtHahizheacHNV7Uk4RyqrGARFpZwcRDvnfUJQv3RdEg9txOFEg1Ar4j8sUQ9OWd4mZoqPF
MkRjvJAZrBBiLG3UoGQtUT3w7QE6kpih6f+bZbo8qJKic/HLwfSmBQQxJfEEnQQYKiSZ0gZeCD6/RHSB1qNhnVYubGcFSd+gblzH4EC/MLwPK8n7Xaz4klQNGD0fwqOJ/P5nAzzqWX0Ixr8FuHWDpIoDU3FWd2+2iYKtYroAWd8csk+8KCIlxkgE+hdOsbk0LC7xjWuYl6WjwA==
Ez/MGxzPm7gib+gkFL96v4v4PkYG/UgbFHQOUURlDRUUmQwNCvBRFlY6oKo/0NzlhmepSXY6ZGMVrff0LghvBNA7uCiv/wE/DcjQhlQZMFlPBmtdXGrvh6wO8SlIkpfhqHGLsKrXm7UGE8ciCRYFBurEkQs8pke4OMYNkghQUvPeNTGgjPo5STv8v7Gj1A==
inFNeY1evzrGs+eip7rtf3+k7p1g2o6g6/zA9NabaIgupufia++zMlUCC98zOkgqANMQzpGKlsESpYV+W9nZLOxyYeeEX3rJBxJHFFp2FAPBsaSEoaHS2FHD+LhhQdz0BuGZggxlUCI8pUMpNSPrBuOrEkTNaY0sOR+jGEMk7uIiO6mEwSdMP/O9sKPX
4zucGeQzUNZjY5qcYq/QJ4n4PlcE60wbFHQOUURlDRUUmQwPCvBRFlY6oKo/0NzlhmepSXY6ZGMVrff0LghvBNA7uCiv/wE/DcjQhlQZMFlPBmtdXGrvh6wO8SlIkpfhqHGLsKrXm7UGE8ciCRYFBurEkQs8pke4OMYNkghQUvPeNTGgjPo5STv8v7Gj1A==
EpiX22ck4j2q3hlf/67k5X+k6It8x46g6/zA9NabaIgupuHia++zMlUCC98zOkgqANMQzpGKlsESpYV+W9nZLOxyYeeEX3rJBxJHFFp2FAPBsaSEoaHS2FHD+LhhQdz0BuGZggxlUCI8pUMpNSPrBuOrEkTNaY0sOR+jGEMk7uIiO6mEwSdMP/O9sKPX
82dM380gCBogAmWhA2FA3H+k6Z1uwo6g6/zA9NabaIgupuDia++zMlUCC98zOkgqANMQzpGKlsESpYV+W9nZLOxyYeeEX3rJBxJHFFp2FAPBsaSEoaHS2FHD+LhhQdz0BuGZggxlUCI8pUMpNSPrBuOrEkTNaY0sOR+jGEMk7uIiO6mEwSdMP/O9sKPX
O2pFaqJmmNZxPDO5gg0FZBYDqJuixQ1blL0nXyVlLhDuH6UZaxsfQRsagfjS1ARf0uC0EgUwKJupOq8mWZ9hnrKimqdSHnO+jKkoYVfeyV1jxDZGA/eGq6CBfbbVlMjSbksbRaaUw5UIMOtHahizheacHNV7Uk4RyqrGARFpZwcRDvnfUJQv3RdEg9twOFEg1Ar4j8sUQ9OWd4mZoqPF
W1AGL9Sb6o9sEAn7ocyIToGg4L/kOxEse6T+qqR/ZRUHP+Tq0mfuDl9jWXk67um1greNzJlsHhCGlNB3rtC4ChvQHONl6vOOrR8VNm7y1l9mfmemgJnUSQMeHTXfNLrel1fyE2zRIV7hlPw6MhvX/dI0Vw2EwFcvvtjnrRqsEM1vMnrphvoaqWXpk69N3jWnZHQ7xRt0//OkeAXIaHp0F1+0t2vap1XxlqPx
t8s99CAmvTE5rD8RNF+SkKLR23K9ew4luTwEdP/rrsiaW1+LaBFC5Ues75sfj0ymBRGLCAIsQlcUr2LcYBO1eC7J/lI+Tdfa7Pn2SCGzLGAydheoNqqNzT9MCRWKXkuuhInwEf9eoe27pD5Wezde2yghBWb9lOACFuuTNX5Uu4UAUDP3Apgb9T68FMVDEpahQkp+UflpD9epbnFvCFQXzR9k2yvYuLmQjOrwnzNUGyMe13HJiqPt
t8s99CAmvTE5rD8RNF+SkKLR23K9ew4luTwEdP/rrsiaW1+LaBFC5Ues75sfj0ymBRGLCAIsQlcUr2LcYBO1eC7J/lI+Tdfa7Pn2SCGzLGAydheoNqqNzT9MCRWKXkuuhInwEf9eoe27pD5Wezde2yghBWb9lOACFuuTNX5Uu4UAUDP3Apgb9T68FMVDEpahQkp+UflpD9epbnFvCFQXzR9k2yvYuLmQjOrwnzNUGyMe13HJiqPt
+n2+9ImNgmO01OSDc5L8J8nrjlfFBl7792JI8SbD2xw6Tk7XWvC45r9Z5zPlygQyBbXk2dAsG4PyJgx68QoK7Whx52armT+iT7qLX9zEuOhJRXjTGnywCvRu8gDCnT6DkkazkpvQvsrnQmOaAVZBZI4qKYXjXAVtTj7PNki5zBnbnsVlx1RyTn8XGmOksdkuGZQESsp7H406dL+dTKBPf2ZYP/0CjNhdx3JS2U5aohld6asf9X59l0y0k1VTVOcj9v9dGHCaPIc3dN+bkkctAe6jiQ==
zlNQakShNVR+DVcuYGU0wJRibbqW5pcmPSWuDAgiASxXcNj/0npH5yczJNnvieFbMyvra5l3MMMe55fCkVpnX9/iDFok2+zuzcIyUZYd6T53Id08iDq9BzjXHnnDymsUdq7Qs6U5GGR96bbIVTvU+A35WGSiqcWi8G10Unh9r6lZey/2x6NuZBGhKby9p0Tfb1zq8sbz9eR9r6iPt+Wco/s=
4/RwYeOl4fW7fBKuzudLxtg7T3IHhMgdeLPYvKzojmGDYYjyn4DVhb1EY0wrfOUiJ9qw9YtJMUaWyoC6P8D8FUY3yfn2ysQzVZ0X5C4YDzQQ6xhYL0/h70248JZUCRApD9aL7dwaT1dsPpE5SIJ30eghK0AqZ/vlxuPnMgkGJfYqlPG7vFbn6Hj27YkPQDLDHuWR0AxK2Zl7jJ+ho8Q=
gXfCNNSy1Qa1nVKZtxVtfN/4242Yog+Y1FQMv6lj2N23iAxpRuYQl1yK33QIqlWfz9wKn275KQzs1uHFC5AnfaMY
BfYPD9X63KrlDIKY713uZbXuoB8+2+z5QQZgmKwW1wbBZuK5k8ilibUbCSbQOmj3bGwYhbeCdAUVyhauPYHFF3FUpzX53coyU0LQsk9zBmy4gZ3TQz4ODgM2KJU8sn8JPT0lFgQs1L/8i1cIT6fs/HMlZDCFI6hUO5MQn0/quuFnd26NU8hJcAkUMor1scxwG9owODnZr9a+QaYbNbrcjIXLk6Lrm6Py
9wGjYjoQD1K6pH+xINvapYowLMF+pFjDtYbKxLai1adZl+ddizMkHpL8pdkNWx9U+7kohBk4FxQUKaJMj1JsaEv6krw6P2P6d20eVEnMaqJPKZ/taxaauucstej+H5zPg4M3iwqVu+I6AqK3Ot7bDlTJIDHvXrGNa+TuNuu3rrvYYfUGDZQQYuarY1WO1Cvl0BDjlxKYC9Xu/MRl05ImAfIKTnHJaT/3ma7Bz7jUh21PpIsLwb6pcNwqoH+j1GvDbhcBKfqjnQ==
d349B7abHxTHsXUugxyxRU+LCpSGL8qzuFD2OTvhaMudj8hz630mIVB9owBPy9zkYy+ImAz6STgiv4lyLYTPb6uVsbrDk0aq5gKd1sfdamgul3Y1+3e1Lo4aFZYxTas9E7Dqo4gXyRDR2HiWDL1ORv5OnJpUO7xufeIiEWZ9OT6ngW38mNrNh2j3LjlTqpsUhs5A85UZSOQNCaYI5ZsE+N2ZqCSyiXUioI0Ekujdn6lp27+2N8O+5KGBOXzNRxfeP/xastaTBWStj5hPJwXso4s=
fwu0G/W93efzm8pm4/GkjDtw2o4+j0c+T2tse0nJ079WDRcfztbqu3rjCvpQwveN5HmQOXo4NPzQpm1IWlOurDHtO9e8FmeoeLZtyg6AsgMeJREQDIpZWXtMH2GjBA==
hphOettBJPmn3rYh/Q4U8Hd3eqplXSNlZgvpKkNrTm62yn12aX1jvd/APwIgx7HQSWhQ9vQthka23uR6fIskLoWyirE+jXG+77G1nHCK9UfwB0YZ6zpTFE5e+NP96dAkNVlOaD2rTHiVafCEGtmNYjg9LHKQTdepoUtH1h9zJiTZUZHcFTffXvfMAlK+Qz0kNf9wb5+VpKPD
G0ApvyPXaFAttZlzrTG/vsyAp8ABV5qSeVUnZWgH6jmvUypOUhJRBlW1p/2bCMOyTJ8VMO0Q/GZopQLGMlZ46tBzgE4hamYBQsW1fqv5iWxc0pFnFD8qCfcyVxRKVuTDkdE0BFEBYpgB4wi4USGMNPYBKQKcxYDiDMVTKSXD20azC4LEfQn9bOn/mx4zBD4ikpvZBFHHnH+DnaCjxw==
9wGjYjoQD1K6pH+xINvapYowLMF+pFjDtYbKxLai1adZl+ddizMkHpL8pdkNWx9U+7kohBk4FxQUKaJMj1JsaEv6krw6P2P6d20eVEnMaqJPKZ/taxaauucstej+H5zPg4M3iwqVu+I6AqK3Ot7bDlTJIDHvXrGNa+TuNuu3rrvYYfUGDZQQYuarY1WO1Cvl0BDjlxKYC9Xu/MRl05ImAfIKTnHJaT/3ma7Bz7jUh21PpIsLwb6pcNwqoH+j1GvDbhcBKfqjnQ==
K5qgWDCfRTK3uaq92uvNhXPZcpjICSn826Dl6YVpvTLVpcYrqNqKwCswbSp6cEbhCYqoBLqH2o0LZWaTtNuObZUvJniwja03e0LO+qtauBGkLp/ddXHVMnwQ1IuUp4dMF3tMaPup1FQ93+ggE38Am1f22rWvux4pq3TJxOG4Yk4t7exkE9YA3AGsbiIWLTafrSY8WM2HY4aTp6PG
O/+dA+cLbWk2Cl2xMUWvFKLR1Xq5JQsipGtQe7CSj+Cgc2ykWzhC5EvtoJxanFWxGBCLAQ1lQlMYkS23YB64FjPO5yEtXdHc8bquW3+gZ3Q+ThqxKIaYwgpCEheKXkuuhInwEf9eoe27pD5Wezde2yghBWb9lOACFuuTNX5Uu4UAUDP3Apgb9T68FMVDEpahQkp+UflpD9epbnFvCFQXzR9k2yvRvrmQjOrwnzNUGyMe13HJiqPt
8Jpwv9se+7XSMSR7HTlDdBs5itVqN2DPYuwcLuwW3x7FRFshHWVSc8jR/Rfwngi2w47XAV1d4bwB+h67DyD3FO4OSlE4hoii2oJC9xreu840SYDxz15RzYtkTvbLt857eOFVRu2U8CJGK8OV7tQLJXCQA9fymCsVTnykpbOSBkESiq4x6WkfN/kuoQ+Y1GctryQrS+G+ybC8qgA/g9SLg86Xoemao/0=
at3/HYfzdq9ZrRoKxCCoPJ/ynh8Z8mrAatDvAMknslJBJR9lUHfS2Ycj4o4aQvnmzSU/fQOYWxIkz93wpSAURhCV+sZKZoDKuENIDmm6jqHaVS3+M2kRDPQCWSdczwJpz8JvFHKm3KO5IXxEmdHK+JlzkDjJsRSUHtFhQlT16ML09Ssp3fOjZls7ygS1WZXMcW8DnquUpsI6y5HEmbe0n7vtmKP/
+8Cj2zZf56bRaDI6fKltQjK9lwGjm2wUM4vIy2dSbC/30ZJ3/xVDYP26/tdUWklmhLfsaE/LL/r3yxPNYqFGJJnRUdzVtx9eN0xCUv7DfSR1fzBvXxVkowM=
qWcpEhBT2fDlh6J9JVMjwJwFinpShUtEvq4hDSOE/4nRUkElUpK3nMVBh6C58gJnOILtBiBPQPjTQ6t6c0OPXc7Z4sQ9ib1sqX/aHnOEfiLSGxkEkUdcf0MdYKMH
7w8QSGGLi8U31dkutliauSkFhbdm5hhiED4MWyvL4NAOT3mBjHjJ3trEDWZhzSvPnMIvDOgyxR9OVJoHDgFZxKwe0f0riDd1oxA=
AREByttZ9JUmgoBvegTUvm0BtJ40Ub3REcBvPnR/Po4LNmaj5mAl7/26JW95Reg1pHTbBTv037MMfmWICPoUV/+0F6v6J7UxdqMR
g9ZKLx3/MTaFtfyosDlJ1z+QnaMxScTIzlp2GW+ly+B1ymZ3PIrxJlyHhIh32yf6/9srrYqRHuQhgbl8TUeW3r/82rJWk4VkLY8YT6cFbKML
Y2kYt8UzA1of11mpOVH/TufG5+nHo+laDCvOwP9uew6FwaXKX5ywjIgtg2GsHj5tjYe0YrUAGpbp8OlHR2FMgPsq8MjZIa4mXrFm69VKXHxlO1NSC2ujAg==
i+rDswBK4hXCpWYwt8a1Ayibhr4OO7T4nAkkGWely+B1ymZ3PIrxJlyHhIh32yf6/9srrYqRHuQhgbl8TUeW3r/82rJWk4VkLY8YT6cFbKML
AkBN/HGO/tUOz9LZqz2AoCgFhbdm5hhiED4MWyvL4NAOT3mBjHjJ3trEDWZhzSvPnMIvDOgyxR9OVJoHDgFZxKwe0f0riDd1oxA=
tj5BfUlFOX4VqkOIwEFHATRiu7JcP2ffvNdCplD6RO/7vwh0rusRdRzMQVpaQIXS8TlDazxmx3g4ho3bDpDSM951seCMOrkJO7w/caMU
fPy8O7r4eQWLw1eITATAh/rp1ndknc/ZF1wM9aOZZOUeWHDAUJnzvQR6nsH1EyQePYSaGnGEWdsvxazsQ/6gdBFl7uoGhZa3/a58UJ0vQ64Db6MO
vpMLwUBYsH3PZghus/Li1aOXtxIoY7u0xmgumdi9zU+pQJeuzN9WXkN2rtPOQD0f5bo9H2FlwMXstBNV01RnI3T+3RjwmryHt3RfmxJHrQFuowk=
nFWPePCg07sxuHE/EH8OuHJiZXNczpCxeHUn/9mVMCoQf7Q+0GI0R1vX2MzuE0Fd/KRxQlpYtboREROTfN4XEJgu/UOOCCKbfp3hWExCaSFbVA9poww=
AwIL8nDypVtlSBQBknjbzEv8zkVifYOuvGNfA8wLevqQpvwzi2OwKE53qelsUPnG2tw9ToGl+/fcOn+kSFo1h87M6u+uqYm8bCaBFUugB22jCA==
J6NU+ZW6I5Q7J5ddDfcDfxzci6VrPVDm6GHxGVUAK3a4D+I2r9YCO1rwqWd5OqHn9dVUrUAUf71nBJN7yD6hwMTKSK+blDOzBje5OXKjFQ==
3f7GF7Su0J3OFM17wAiA7kn2zEdmYoOuvGNfA8wLevqQpvwzi2OwKE53qelsUPnG2tw9ToGl+/fcOn+kSFo1h87M6u+uqYm8bCaBFUugB22jCA==
x66NqUuflnK7ZVBK7A/l3U7U+8pGIRmHkD1VousEMAQYVSPJ3Mb+JV2/1IqFGBqe+QjJb7c5DEirkhCgabkurs7JxkOlkpw0tQMzujtzowo=
sIep8qCvIcJDw76x8/GsebScrBQRMbvdlXQqldSw1kypQJeuzN9WXkN2rtPOQD0f5bo9H2FlwMXstBNV01RnI3T+3RjwmryHt3RfmxJHrQFuowk=
krcAQmKFRdJVueIkP7JmN0v8zFluXPP9oGdTD8EQefqQpvwzi2OwKE53qelsUPnG2tw9ToGl+/fcOn+kSFo1h87M6u+uqYm8bCaBFUugB22jCA==
r2h6juVwqF1hUd++xUzvzzYRmJhwJQbFE3P3oImS0qdIYl2GsO8QOOMju3pjo78dHnlyRI3pTSz5n+oeg6Qu4mK76YQBpww/sz1woxc=
6ZYsEHCp+m5dtplMU0PlIlo9xoBOwQRiED4MWyvL4NAOT3mBjHjJ3trEDWZhzSvPnMIvDOgyxR9OVJoHDgFZxKwe0f0riDd1oxA=
/NIQsrjpBkEw1iIfaJnTdnJiZXNczpC6ZXU/0IqeLjotILY+0GI0R1vX2MzuE0Fd/KRxQlpYtboREROTfN4XEJgu/UOOCCKbfp3hWExCaSFbVA9poww=
xu8lLFYacTOkijhVaVSapiqRhrsAJbT4nA0yFWery+B1ymZ3PIrxJlyHhIh32yf6/9srrYqRHuQhgbl8TUeW3r/82rJWk4VkLY8YT6cFbKML
Ct8ti8PyVVKUlWGKKXsZPXJiZXNczpChdlZr3IuQKTsNbLs+0GI0R1vX2MzuE0Fd/KRxQlpYtboREROTfN4XEJgu/UOOCCKbfp3hWExCaSFbVA9poww=
tu17It7UtIoV52ho7Vr7xXBoZ3FY0ZChdlZr3IuQKTsNbLs+0GI0R1vX2MzuE0Fd/KRxQlpYtboREROTfN4XEJgu/UOOCCKbfp3hWExCaSFbVA9poww=
iNGCerzH22mh6YUq4xxjba6n+k8U3/7cF0ob4r2VdfYXWHDAUJnzvQR6nsH1EyQePYSaGnGEWdsvxazsQ/6gdBFl7uoGhZa3/a58UJ0vQ64Db6MO
sGUSRFafNWGOpNMMbwz8iURh+7EickLJG333oImS0qdIYl2GsO8QOOMju3pjo78dHnlyRI3pTSz5n+oeg6Qu4mK76YQBpww/sz1woxc=
OMmmiBCK333rNcdLKbA3PXrJmFVmYoO4q3RBD90Yc/qQpvwzi2OwKE53qelsUPnG2tw9ToGl+/fcOn+kSFo1h87M6u+uqYm8bCaBFUugB22jCA==
83DxYNYf6XEnh66WgKvwnh+pNjuri4xSZjKLpadDWVP00RmN7YBT5hBvOobnFkprotCBl2E6uZfd9Sx9iFS3DT/kO+swvhlQrGqQ31NUe2M+V1EJaqMN
HkLJYVYBRDdbg/Kjih3UBQXVloIqCAK1umH5GVUAK3a4D+I2r9YCO1rwqWd5OqHn9dVUrUAUf71nBJN7yD6hwMTKSK+blDOzBje5OXKjFQ==
gEgjoGcZpK9nDVbj25oRHx7WjIAqCAK1umH5GVUAK3a4D+I2r9YCO1rwqWd5OqHn9dVUrUAUf71nBJN7yD6hwMTKSK+blDOzBje5OXKjFQ==
93fcpwsZCjnHHJ+Qm80Uqigfg7d6/hliED4MWyvL4NAOT3mBjHjJ3trEDWZhzSvPnMIvDOgyxR9OVJoHDgFZxKwe0f0riDd1oxA=
+TZ+4bT0B5k1R84sdCD6KisFhbdm5hhiED4MWyvL4NAOT3mBjHjJ3trEDWZhzSvPnMIvDOgyxR9OVJoHDgFZxKwe0f0riDd1oxA=
deWhdngKxu6IW8JycWk0Nw+ewy7QctQXm2e4PG6j4S089FFSWkiV6tFhsyP8LnegWH4dU44YQks+LQEozPLJ0RuEL3mjHA==
CScfmKQAUugW5BHAE2lFRCkfg7V99BhiED4MWyvL4NAOT3mBjHjJ3trEDWZhzSvPnMIvDOgyxR9OVJoHDgFZxKwe0f0riDd1oxA=
WPUO5Ggtk1LJ2Sut996GjDcSx7QSeUdfpsDwWOABk2W0Il6ZxctEBg2cmgJBnDkDH51stPMmwOyh/W5yth32b032vAit9yO2M3ejFg==
XV6JaCpMQF+FM8hV/7B6cjYSx7QSeUdfpsDwWOABk2W0Il6ZxctEBg2cmgJBnDkDH51stPMmwOyh/W5yth32b032vAit9yO2M3ejFg==
jVySimYCCoctrRYnV2tozDUSx7QSeUdfpsDwWOABk2W0Il6ZxctEBg2cmgJBnDkDH51stPMmwOyh/W5yth32b032vAit9yO2M3ejFg==
TQuQOJv7CZbi3CSpyImIYisfg7d6/hliED4MWyvL4NAOT3mBjHjJ3trEDWZhzSvPnMIvDOgyxR9OVJoHDgFZxKwe0f0riDd1oxA=
tt+3SazjLmlTl6l05bxwKyoFhbdm5hhiED4MWyvL4NAOT3mBjHjJ3trEDWZhzSvPnMIvDOgyxR9OVJoHDgFZxKwe0f0riDd1oxA=
xxBIbTAgY9e7lFGY0roiTg6ewy7QctQXm2e4PG6j4S089FFSWkiV6tFhsyP8LnegWH4dU44YQks+LQEozPLJ0RuEL3mjHA==
3/BbnNurNrJZ7TlAxZTNvTQSx7QSeUdfpsDwWOABk2W0Il6ZxctEBg2cmgJBnDkDH51stPMmwOyh/W5yth32b032vAit9yO2M3ejFg==
Zezc78Qz5qdukgmkaZeB7DMSx7QSeUdfpsDwWOABk2W0Il6ZxctEBg2cmgJBnDkDH51stPMmwOyh/W5yth32b032vAit9yO2M3ejFg==
tnpzVoZ/DL3Cso1VXECQWjISx7QSeUdfpsDwWOABk2W0Il6ZxctEBg2cmgJBnDkDH51stPMmwOyh/W5yth32b032vAit9yO2M3ejFg==
n5/DIr3NPiATQwCmQRs1higfg7V99BhiED4MWyvL4NAOT3mBjHjJ3trEDWZhzSvPnMIvDOgyxR9OVJoHDgFZxKwe0f0riDd1oxA=
GyWyFVVzmSQNYY5OvIteW50FinpShUtEvq4hDSOE/4nRUkElUpK3nMVBh6C58gJnOILtBiBPQPjTQ6t6c0OPXc7Z4sQ9ib1sqX/aHnOEfiLSGxkEkUdcf0MdYKMH
uz6+m+72F7rceXCwzlWHvFMf55a13gpSlqdzUSVlagPgMaVHOF5ABjsuv5HF3XksqZqmS0dgP8S2LqJhQIZwkrKimqdSHnO+jKkoYVfeyV1jxDZGA/eGq6CBfbbVlMjSbksbRaaUw5UIMOtHahizheacHNV7Uk4RyqrGARFpZwcRDvnfUJQv3RdEg9t4PlEg1Ar4j8sUQ9OWd4mZoqPF
V7dvgyTfMQZEYROzRxU+GZoiLP3C85A9OTiuSE0tG2VUf97JmzsGrn56BdaB7fs9R1CXYpg3eZABuIjWnB1+Rs7uDFok2+zuzcIyUZYd6T53Id08iDq9BzjXHnnDymsUdq7Qs6U5GGR96bbIVTvU+A35WGSiqcWi8G10Unh9r6lZey/2x6NuZBGhKby9p0beb1zq8sbz9eR9r6iPt+Wco/s=
q+o+11+fj0K1W802nxSvYTEf6a2D2F+aDWanrqs/88SrmOXR9VFdCqWdBpPYYmp4W4jtkgrIpll5Mmg8yr86tXtdZqvE425V5RfmwMA1TY8L+k5C2+JYqdSWX+UFSTUKDCjUs+SfZ3RnQ4zQixE07E1naJhjx+AjJ04ajd+D/hHbTMn8kYCCdl3VLNxjbuBkcRXummaV1ifdnvxgvb+DvuOfo/4=
97BXtUv5wbs94seF3eaQwYJAtL98Wnw057ShKevKr5rl1/lbRRSxjzbl5JhCFn9qjbTm4t5njQA46hblcnu/H6ZtiKm2i7FFFna8j6Uhb1juJHcI4NdgZM9zmdO9hIiqVDVoFf/q89E8JjdrnALpBYg+D20YnVP8ytuDWTZfn46Jul1K2iiJB1zqn1SISpU3znxK/+7Z6ezsdqGli7DnnaP4
5ivVS2wGIs6vSEzt+VgfcZPKjFYSj/dkKjTPYAaU7cd6nhPEHUkd7Mm/+h6TxN6istt5BLEHvP/j3QCjZw==
KbJ19ezbUBzR5C7HjI22ds0P9AfaS+ww8rtsc4mcVMixoHhokz8EYm00Y7VjFLdDhP7tOKBazCcH9M/7wgedIX6jGQ==
D2sN73kn9Pgtx5OYW8UcJTdYmbocCRNhhsC8BadIz262IBjLxdxYHzrYgFdWniMXGIxstPMmwOyh/W5yth32b032vAit9yO2M3ejFg==
kv0B3Zbvr+NmwXMv/B8Vd7LEdwX+735a3V3PTamHX0zwBF0JD5z+we57C00YQY7mn176iNZLU/5HjHpeKNGhmqCNpjZAPUKIS9X0EvxOt0DY3t0zjvgC675NQcjM0glxm2RvWaM8
iJ3MYFpAAktIaPCZ5r+NzTSJna8VHPzyzgc4Wy3AjeYsjS8rN4jzYA6Hk5Ru7GPgqswpt56WD+Qhgbl8TUeW3r/82rJWk4VkLY8YT6cFbKML
KioAU0fD/9GkZPG66CeYyUXqcONGZCD2vidD1J6Mc+C6LFl3zja/ZLHhSTydZ6bezxyKcuYzFeTd78gPlyV8oxs=
KHti9kADn5x7TnF2sURfTc0P9AfaS+ww8qZsc4mcVMixoHhokz8EYm00Y7VjFLdDhP7tOKBazCcH9M/7wgedIX6jGQ==
5ivVS2wGIs6vSEzt+VgfcZPKjFYSj/dkKjTPYAaU7cd6nhPEHUkd7Mm/+h6TxN6istt5BLEHvP/j3QCjZw==
3jIBrhLbR5eOffNkWd8vkkXqcONGZCDrvidD1J6Mc+C6LFl3zja/ZLHhSTydZ6bezxyKcuYzFeTd78gPlyV8oxs=
DUtfl7vqMsNZBvYqyUzpXu/u1mkU0fD/Rw8Z4KKVJ+c2WDydF9CvtgZ42JP1BDgHCsCAT2aGQ88o1KzsQ/6gdBFl7uoGhZa3/a58UJ0vQ64Db6MO
3Qx/RdmXGWaAxrr5lBi3DtJmFysAiC/JPiMmFu2/E3rLuFi2xgpFDwCQ6JSVyURxfCMGQKZW4kQRxQ/24W2l9Uh9OXYQAT66wLHaBPs5bL6c4m+saJKF/040WqeOoZnkrP4Rnatod1WjMA==
ra5GqSBFeVD0r/n3BMfGbhbSBEIq86QtedGjrZHuC8mDlpq6XG9uPPD0qLzPOvME/0GczTHVAPvWsEwzaRz0CNGgmCgzv2SiTTSD9QOUFwNk/s34wNpsZyf0rztih31hXqM5
KSY0r8XVd1pm/JAnAAFvlxbSBEIq86QtedGjrZHuC8mDlpq3XG9uPPD0qLzPOvME/0GczTHVAPvWsEwzaRz0CNGgmCgzv2SiTTSD9QOUFwNk/s34wNpsZyf0rztih31hXqM5
vAjC9c5ZItAnhY8LbUI3kr2rs4iRH+StlfF/R/BTEhUJnOnHqTFqOSnq9vjGznLMkU2fbgHV1b2ItQkOMBkussC5yhzbQVx2XKofFIgKFXfOvMo/7hlpLOy2IWWLcGddozg=
wba6iXUW1azDtx1Qtag47HMe0b5aCk5ohobxQ6MM2WOxJxjLxdxYHzrYgFdWniMXGIxstPMmwOyh/W5yth32b032vAit9yO2M3ejFg==
hJ6WgSZapMU63MUvyZU0Ufrk0GlG2Oy9TkEG67qUa/IrWDydF9CvtgZ42JP1BDgHCsCAT2aGQ88o1KzsQ/6gdBFl7uoGhZa3/a58UJ0vQ64Db6MO
jptJ1Vly+c2rszSSQRzjrE47ZTteZGN9XLzQrkpWcLzgs+lbP6THNwt3K8K3sAJiyO3ZJlAx3orAgTo0u2mMLhxyz3wo4qUPTkR6V07xOXQsbnFNa1gXZaMA
GxbixMdFIw9GX+0O4VvXsY3xLh1zjp+2fVJZ2KT/YjunzUo7aEXjW+swl4CqH28E4mTnYC5EpSfiDquExTnljAEPUp77NJaCiuuhREmXJF+rDWijDw==
R6fxUrLo9w5VQkNlQ+app78sbYRKE96MjSTVlL/H2a4joV+um8zSYKc1Q7f4Ebqhe2MVFg0WLjIdkrnYxL/CuweNajuIBYPbC/C3gIrfz4SCpAdgTgRFp0JOi4TleYUM4c8yntv0NgIqK0FEKdfE3wtNSKMv
V+w3Ej6nj1VXg1/Pr3kCuGW7KYBbspYa4oUpNqvZuxZpEg+Wk4iOG1AzpdkgG4IRoZNZVD0QIJudrICwLSDkkMcPEAqhlO9d10RDW7g+kaAUCjgPCxSDU1Z3SRliowU=
kJHzDVNCLyu6fWHus/0xRi6Xiq5BSr34gAc+C2uFjvssjS8rN4jzYA6Hk5Ru7GPgqswpt56WD+Qhgbl8TUeW3r/82rJWk4VkLY8YT6cFbKML
hJ6WgSZapMU63MUvyZU0Ufrk0GlG2Oy9TkEG67qUa/IrWDydF9CvtgZ42JP1BDgHCsCAT2aGQ88o1KzsQ/6gdBFl7uoGhZa3/a58UJ0vQ64Db6MO
v/Mcx5zCVpWSQHpDagQHK7OI5uW65td8RDnKrPwicAGdzafOe9mr1c9k32quHHg/jZCoe4JEAMP+8vNTQHBMgPsq8MjZIa4mXrFm69VKXHxlO1NSC2ujAg==
CVhz9TukRNTQ6Zxpr1qN4LWfv7a38dxxQTzBrPwiZwvfwLnEf8y61c9k32quHHg/jZCoe4JEAMP+8vNTQHBMgPsq8MjZIa4mXrFm69VKXHxlO1NSC2ujAg==
pmdVyZRwFzvwFoMdzINrvLCI5uW65td8RDnKrPwiZwvfwLnEf8y61c9k32quHHg/jZCoe4JEAMP+8vNTQHBMgPsq8MjZIa4mXrFm69VKXHxlO1NSC2ujAg==
8J9XT+GOAL966YLmM/LA8bqfv7a38dxxQTzBrPwiZwvfwLnEf8y61c9k32quHHg/jZCoe4JEAMP+8vNTQHBMgPsq8MjZIa4mXrFm69VKXHxlO1NSC2ujAg==
gAKdp6NB/1R+aFtszoQZprufv7a38dxxQTzBrPwiZwvfwLnEf8y61c9k32quHHg/jZCoe4JEAMP+8vNTQHBMgPsq8MjZIa4mXrFm69VKXHxlO1NSC2ujAg==
8NwZS6CRtVC+36Rp20ZujC6Xiq5BSr3vikUzFWGBm+osjS8rN4jzYA6Hk5Ru7GPgqswpt56WD+Qhgbl8TUeW3r/82rJWk4VkLY8YT6cFbKML
qJzlPpzjofoXz8gKFAWqjFdDZ4HdzP7BafNBZFXQiAtlDMhANSD84A+vaJoJ1Adtz6QLC0C+KXBcKiB/I9Trw+4XgSl6ox0=
CeUiE3owydubZm5W4fUegkv99GfZaJtUgWywfT7r5zo89WcWQB6Y7stprDP8LnegWH4dU44YQks+LQEozPLJ0RuEL3mjHA==
9ZwYDcL1QPDjeWjEyF8DWZPKjFYIifd4MjXPYAWO68dmhhLEHUkd7Mm/+h6TxN6istt5BLEHvP/j3QCjZw==
UJNHDauHSt1vsY6FzNeZNkXqcONGZCDrpCFDyIaNc+C5Nl930i6+ZLHhSTydZ6bezxyKcuYzFeTd78gPlyV8oxs=
UjKXaUCpl5mokotvwKkPd6qqiDAE3PmwUkgH4rjRc/k2WDydF9CvtgZ42InzBCQfC8CATHyAQ9Mw1azsQ/6gdBFl7uoGhZa3/a58UJ0vQ64Db6MO
15rUuSjZb/ARfcWnmqhWpQePRxRnqPM8Mof18ZHoHNKGkYvuQXRofbW4qfuCcuZA/0beyXXDDfzRsFY1aQDsCdGgmzI1v3i6TDSD9QOUFwNk/s34wNpsZyf0rztih31hXqM5
X4U/pczBCSWBqQzVtrWR0xbcWhBovbJ5NIr16pHoHNKGkYvuQXRofbW4qfuCcuZA/0beyXXDDfzRsFY1aQDsCdGgmzI1v3i6TDSD9QOUFwNk/s34wNpsZyf0rztih31hXqM5
tFrF2d+DjZ3Zz7Mr58H/uUjY98EPcGDCxXNWsYpCNl1fHH/C3sS4bVuo1IuzXADI9AzTZ6gpDEirkhCgabkurs7JxkOlkpw0tQMzujtzowo=
BfoOATd1VfQSKJVbm+a9uVdDZ4HdzP7BafNBZFXQkg1lENBBNSD/+gmvdIII1Adtz6QLC0C+KXBcKiB/I9Trw+4XgSl6ox0=
n+YUWxlZ7dUrHca4y1CQVZPKjFYSj/dkKjTPYAWU7cd6nhPEHUkd7Mm/+h6TxN6istt5BLEHvP/j3QCjZw==
jwxcbVVJDCRclDYmkAVEjUXqcONGZCDrvidD1J6Mc+C5LFl3zja/ZLHhSTydZ6bezxyKcuYzFeTd78gPlyV8oxs=
DRHdPtV5B+D/z6GRxbRdR1Vxl9FjJkLfFFj37NTVm/tDYF/A4u8HJPoU/2A1tL0HCn5jRI3pTSz5n+oeg6Qu4mK76YQBpww/sz1woxc=
orxCcUTpeDY32LM5LiFWirLEdwX+735a3V3PTamHX0zwA10JD5z+we57C00YQY7mn176iNZLU/5HjHpeKNGhmqCNpjZAPkKIS9X0EvxOt0DY3t0zjvgC675NQcjM0glxm2RvWaM8
2nHnawPJTkg53Hb25/pqtTSJna8VHPzyzgc4Wy3AjeYsjS8rN4jzYA6Hk5Ru7GPgqcwpt56WD+Qhgbl8TUeW3r/82rJWk4VkLY8YT6cFbKML
VEXi4OKys30WDMWj1j2yjx2lLSPilbMddHO35qpVGFT5g1vsq4YKoVkzMYTlUBhrtcyYoCUg74Df7zh6mVS3DT/kO+swvhlQrGqQ31NUe2M+V1EJaqMN
2aBrB4qK94g9xmTcCIVOONJmFysAiC/JPiMmFu2/E3rLv1i2xgpFDwCQ6JSVyURxfCMGQKZW4kQRxQ/24W2l9Uh9OXYQAT66wLLaBPs5bL6c4m+saJKF/040WqeOoZnkrP4Rnatod1WjMA==
hx1UeH4psRxs3Lrofil/4hbSBEUq86QtedGjrZHuC8mDlpq3XG9uPPD0qLzPOvME/0GczTHVAPvWsEwzaRz0CNGgmygzv2SiTTSD9QOUFwNk/s34wNpsZyf0rztih31hXqM5
9ntetEEh2MBV+tTP4vaVLL2rs4+RH+StlfF/R/BTEhUJnOnHqTFqOSnq9vjGznLMkU2fbgHV1b2ItQkOMBkussC6yhzbQVx2XKofFIgKFXfOvMo/7hlpLOy2IWWLcGddozg=
lxyo7QaVnlQGPk5zUtmTSXMe0b5aCk5ohobxQ6MM2WOxJxjLxdxYHzrYgFRWniMXGIxstPMmwOyh/W5yth32b032vAit9yO2M3ejFg==
lLfbJRZLhMCDwMlIzU/Oyvrk0GlG2Oy9TkEG67qUa/IrWDydF9CvtgZ42JP1BDgHCsCATGaGQ88o1KzsQ/6gdBFl7uoGhZa3/a58UJ0vQ64Db6MO
Ztnrwxmf6jZ7Z5DLai4bA3X4hhqjoTwcf5brhmk6ZTj415Zr8zUGe6T9t4tfWEsg1rf7dFb8a+Ch3BHXdqZXJJnRUdzVtx5eN0xCUv7DfSR1fzBvXxVkowM=
wl7631alNt3wu53bIQUYT43xLh1zjp+2fVJZ2KT/YjunzUo7aEXjW+swl4CqH28E4mTnYC1EpSfiDquExTnljAEPUp77NJaCiuuhREmXJF+rDWijDw==
qt+skVDivEOCxEttbRoY0b8sbYRKE96MjSTVlL/A2a4joV+um8zSYKc1Q7f4Ebqhe2MVFg0WLjIdkrnYxL/CuweNajuIBYPbC/C3gIrfz4SCpAdgTQRFp0JOi4TleYUM4c8yntv0NgIqK0FEKdfE3wtNSKMv
dnIruW2GS68+ZWDPbVg50GW7KYBbspYa4oUpNqvZuxZpEg+Wk4iOG1AzpdkgG4IRoZNZVD0QIJudrICwLSDnkMcPEAqhlO9d10RDW7g+kaAUCjgPCxSDU1Z3SRliowU=
xGLVhO8vn1uoYrtl0Vm57y6Xiq5BSr34gAc+C2uFjvssjS8rN4jzYA6Hk5Ru7GPgqcwpt56WD+Qhgbl8TUeW3r/82rJWk4VkLY8YT6cFbKML
lLfbJRZLhMCDwMlIzU/Oyvrk0GlG2Oy9TkEG67qUa/IrWDydF9CvtgZ42JP1BDgHCsCATGaGQ88o1KzsQ/6gdBFl7uoGhZa3/a58UJ0vQ64Db6MO
PdbwUeY6GFtt5CzTsNYSjLOI5uW65td8RDnKrPwicAGdzafOe9mr1c9k32quHHg/jZCoe4JEAMD+8vNTQHBMgPsq8MjZIa4mXrFm69VKXHxlO1NSC2ujAg==
mNf/4lkl8wLLeZ0CNqFfdLqQsLm38dxxQTzBrPwiZwvfwLnEf8y61c9k32quHHg/jZCoe4JEAMD+8vNTQHBMgPsq8MjZIa4mXrFm69VKXHxlO1NSC2ujAg==
Ayy7DvkCnj6otds8LEYdeLCI5uW65td8RDnKrPwiZwvfwLnEf8y61c9k32quHHg/jZCoe4JEAMD+8vNTQHBMgPsq8MjZIa4mXrFm69VKXHxlO1NSC2ujAg==
RqCh/1IR34e6PKS/DYe67LuQsLm38dxxQTzBrPwiZwvfwLnEf8y61c9k32quHHg/jZCoe4JEAMD+8vNTQHBMgPsq8MjZIa4mXrFm69VKXHxlO1NSC2ujAg==
viDYHEDLgs1JZT7kSxYOtrGI5uW65td8RDnKrPwiZwvfwLnEf8y61c9k32quHHg/jZCoe4JEAMD+8vNTQHBMgPsq8MjZIa4mXrFm69VKXHxlO1NSC2ujAg==
f+PYn7Ic+4r2S30U6qc5i7KQsLm38dxxQTzBrPwiZwvfwLnEf8y61c9k32quHHg/jZCoe4JEAMD+8vNTQHBMgPsq8MjZIa4mXrFm69VKXHxlO1NSC2ujAg==
NKSHSeXzdRQto11o/nSHgy6Xiq5BSr3vikUzFWGBm+osjS8rN4jzYA6Hk5Ru7GPgqcwpt56WD+Qhgbl8TUeW3r/82rJWk4VkLY8YT6cFbKML
QkaUvVoMYO3KX+ujUziTcldDZ4HdzP7BafNBZFXQiAtlDMhANSD/4A+vaJoJ1Adtz6QLC0C+KXBcKiB/I9Trw+4XgSl6ox0=
Bn0S/4GHwnqkNAtIg9DgYpPKjFYIifd4MjXPYASO68dmhhLEHUkd7Mm/+h6TxN6istt5BLEHvP/j3QCjZw==
YnnTYi9PvLZ9Pq5hOAipxEXqcONGZCDrpCFDyIaNc+C4Nl930i6+ZLHhSTydZ6bezxyKcuYzFeTd78gPlyV8oxs=
1ZsTNyJ0wJD28uzGNei6xKqqiDAE3PmwUkgH4rjRc/k2WDydF9CvtgZ42InzBCQfC8CATXyAQ9Mw1azsQ/6gdBFl7uoGhZa3/a58UJ0vQ64Db6MO
QS/TDeAYH5/CPz6fKARj1P/25tjcRvL536wrVqRRFEVRyqyOsC0jbnDgsbWO2zbMlg+bKhfY0rqIrw8OLAEvssC70BrbXUR3XKofFIgKFXfOvMo/7hlpLOy2IWWLcGddozg=
K0hO1ANCqeA56rNksVuHzr2l7drTUfL52KopAPBXCVpJwayOsC0jbnDgsbWO2zbMlg+bKhfY0rqIrw8OLAEvssC70BrbXUR3XKofFIgKFXfOvMo/7hlpLOy2IWWLcGddozg=
MDTWxvyEykYLEwkz5UwnMRbcWhBovbJ5NIr16pHoHNKGkYvuQXRofbW4qfuCcuZA/0beyXXDDfzRsFY1aQDsCdGgmjI1v3i6TDSD9QOUFwNk/s34wNpsZyf0rztih31hXqM5
TaDI1hIkXjwr8hjXytKIP3qKm7MESbeoiw84GnzEjeYsjS8rN4jzYBSBk4h27WPgqNYvt4KODuQhgbl8TUeW3r/82rJWk4VkLY8YT6cFbKML
TDs4kLNXNlzlwgKD7K7XeVdDZ4HdzP7BafNBZFXQkg1lENBBNSD++gmvdIII1Adtz6QLC0C+KXBcKiB/I9Trw+4XgSl6ox0=
5ivVS2wGIs6vSEzt+VgfcZPKjFYSj/dkKjTPYAaU7cd6nhPEHUkd7Mm/+h6TxN6istt5BLEHvP/j3QCjZw==
3jIBrhLbR5eOffNkWd8vkkXqcONGZCDrvidD1J6Mc+C6LFl3zja/ZLHhSTydZ6bezxyKcuYzFeTd78gPlyV8oxs=
TtUR6XedB9WFqE0emwfmyUcdqO4JLH2Xq8tqphynA6antAp26LkRYgDVdh5AFZLQ6y1Eejxmx3g4ho3bDpDSM951seCMOrkJO7w/caMU
52cs29zquuX5bQTHf7M6arLEdwX+735a3V3PTamHX0zwA10JD5z+we57C00YQY7mn176iNZLU/5HjHpeKNGhmqCNpjZAPUKIS9X0EvxOt0DY3t0zjvgC675NQcjM0glxm2RvWaM8
iJ3MYFpAAktIaPCZ5r+NzTSJna8VHPzyzgc4Wy3AjeYsjS8rN4jzYA6Hk5Ru7GPgqswpt56WD+Qhgbl8TUeW3r/82rJWk4VkLY8YT6cFbKML
Og9jtetNIfBTcMLpI4We0gE00JIiLwyLWRixptDVm/tDYF/A4u8HJPoU/2A2tL0HCn5jRI3pTSz5n+oeg6Qu4mK76YQBpww/sz1woxc=
99iFP720Szdp7wWQRMEqyjA3IzUPvdW3dmhr0pqeMjxfLtp41jtzDgfc2s6oQUFK4L1GBkANorgLBRSCfN4XEJgu/UOOCCKbfp3hWExCaSFbVA9poww=
X01c+AU5AhWor+YXWDZOf20EnqYvsmIkFmdLEnfA4tJIHXmWkGH+msCRGmR72SzenMIvDOgyxR9OVJoHDgFZxKwe0f0riDd1oxA=
rFvez0x7SUrkkXhl6p2fRwUoysxwJRbeFUP37NTVm/tDYF/A4u8HJPoU/2A2tL0HCn5jRI3pTSz5n+oeg6Qu4mK76YQBpww/sz1woxc=
O19UNfUkm4Fj8nPi3Y2oAQUoysFwJRbeFUP37NTVm/tDYF/A4u8HJPoU/2A2tL0HCn5jRI3pTSz5n+oeg6Qu4mK76YQBpww/sz1woxc=
j1X4xquKhzjOQQaFgkJKw/TZthURMJmYkDF/1c620HjmXc7phYNdXEEw/NPZXCQooaBoCGN/1ML9tBNV01RnI3T+3RjwmryHt3RfmxJHrQFuowk=
gzSRjO9vBTV2Lgr4849DBjmqghmhvD9UPZr/iml2ImG1kYx+4iwMfaT9t4tfWEsg1rf7dFb8a+Ci3BHXdqZXJJnRUdzVtx5eN0xCUv7DfSR1fzBvXxVkowM=
xswXPdpc/WzlbuMhcWGs9X41mpR1xwh7Di06OBn+0rRAFh4fmZqHlXrhFvlNs+OW52SqBmgJcbLApVYOQAWyoCv9JMq8FmeoeLZtyw6AsgMeJREQDIpZWXtMH2GjBA==
gJtQSLP3w8iRxbBuNdOjnQNb46QZaifFutF26U2jA6antAp26LkRYgDVdh5AFZLQ6y1Eejxmx3g4ho3bDpDSM951seCMOrkJO7w/caMU
ck+1reGBoboYoL5Vobg7HHUSzKtaRQZmi8C8BadIz262IBjLxdxYHzrYgFdWniMXGIxstPMmwOyh/W5yth32b032vAit9yO2M3ejFg==
n+YUWxlZ7dUrHca4y1CQVZPKjFYSj/dkKjTPYAWU7cd6nhPEHUkd7Mm/+h6TxN6istt5BLEHvP/j3QCjZw==
jwxcbVVJDCRclDYmkAVEjUXqcONGZCDrvidD1J6Mc+C5LFl3zja/ZLHhSTydZ6bezxyKcuYzFeTd78gPlyV8oxs=
k5rz6I4DkHVoue7yX8UNv0cdqO4JLH2Xq8tqphynA6antAp26LkRYgDVdh5AFpLQ6y1Eejxmx3g4ho3bDpDSM951seCMOrkJO7w/caMU
hVLniRBm0Zg9V1BBz+GOCrLEdwX+735a3V3PTamHX0zwBF0JD5z+we57C00YQY7mn176iNZLU/5HjHpeKNGhmqCNpjZAPkKIS9X0EvxOt0DY3t0zjvgC675NQcjM0glxm2RvWaM8
2nHnawPJTkg53Hb25/pqtTSJna8VHPzyzgc4Wy3AjeYsjS8rN4jzYA6Hk5Ru7GPgqcwpt56WD+Qhgbl8TUeW3r/82rJWk4VkLY8YT6cFbKML
AePwMCXXBqLOctR2b62lKm0EnqYvsmIkFmdLEnfA4tJIHXmWkGH+msCSGmR72SzenMIvDOgyxR9OVJoHDgFZxKwe0f0riDd1oxA=
SyvFc5tdElZsK1Gb4ruV3AUoysFwJRbeFUP37NTVm/tDYF/A4u8HJPoU/2A1tL0HCn5jRI3pTSz5n+oeg6Qu4mK76YQBpww/sz1woxc=
j9fxJiR2P6llRTJ4Z1icVfTZthURMJmYkDF/1c620HjmXc7phYNdXEEw/NPZXCQooaBrCGN/1ML9tBNV01RnI3T+3RjwmryHt3RfmxJHrQFuowk=
tBHxsBaH94GAKMlm/8fOIhnS37pkUVP9umbkIBodcjHxU+k0rZBQO03ssFA9IPfw989AqlEUf71nBJN7yD6hwMTKSK+blDOzBje5OXKjFQ==
3OgdmqhrHD6xTNsUneA+jH81mpR1xwh7Di06OBn+0rRAFh4fmZqHlXrhFvlNs+OW52SqBmgJcbLApVYOQAayoCv9JMq8FmeoeLZtyw6AsgMeJREQDIpZWXtMH2GjBA==
/QsMt4QM/eAea6WuqXSqFn81mpN1xwh7Di06OBn+0rRAFh4fmZqHlXrhFvlNs+OW52SqBmgJcbLApVYOQAayoCv9JMq8FmeoeLZtyw6AsgMeJREQDIpZWXtMH2GjBA==
LdPBF+JynMSleIGxHlF50AAS9KUZaifFutF26U2jA6antAp26LkRYgDVdh5AFpLQ6y1Eejxmx3g4ho3bDpDSM951seCMOrkJO7w/caMU
NSxSQIg6skdlrqigoLnIIGkSieUITBN6gLK/FrJE3XW2ERDUwc1vUEazmghFkjsOHpJstPMmwOyh/W5yth32b032vAit9yO2M3ejFg==
zANq0JeFRJTaAweFfgsGg0iR6cpAMGmE0HhDtsh2f0pKEG3Z3vWwaFm5/9zONxqU/QbLYrY2DEirkhCgabkurs7JxkOlkpw0tQMzujtzowo=
9F+3nq5rpVSUVt0GLq0xYJxP2zwUhXxEpK8hWXXP8ZLDT0cCWpK3n99+9e/3oEcpKIDeSG1LRtOFCIR6eUeBX8PY7cQ9ib1sqX/aHnOEfiLSGxkEkUdcf0MdYKMH
MBtIFrYBFBdsWWhv2iY9lr4yaINYSZnWzyrRj73UxrgloV+klMzcIe1hEbf9UOetODJJHxcbOTJb3//CgqLPvxeOXW+fEI/JEPCGiJXb3rPN2Gx6ERdJv1tIlYTleYUM4c8yntv0NgIqK0FEKdfE3wtNSKMv
8MWsEjrETegN1E5otS8Pfb4yaINYSZnWzyrRj73UxrglpV+klMzcIe1hEbf9UOetODJJHxcbOTJb3//CgqLPvxeOXW+fEI/JEPCGiJXb3rPN2Gx6ERdJv1tIlYTleYUM4c8yntv0NgIqK0FEKdfE3wtNSKMv
LGgKdPxMfK7ppR59eiB30glquOlKR6MCkq/GuaSi30JxBiay4ayqPzAoA0boZn96KsCtqX5lMNi56b8s7icapJ3WCxIWpoz4S8JQUEmpLp6uGQYzBQIchFVTc0obY6M6
gvfVbnunAsZhBUv2eDO9kHWAsaikvccnZcKBOI9/S2fIElkfBzvJ8uu/j0ISQh//R+5tb28w34lAUBYIJXuu8/04fHoBd3l/q+glBHXZVcwx70Ke6xTmwnpL0cTZN3Sfe21Yoz8=
U93WLXAG+i4gqHe0ipxCWTSxmxHs6mUfO8Ptgi93IyK+yptv4zYxL7Pou5lEWHooybPqQxmAAPr9zx3Pb6BJJJnRUdzVtx5eN0xCUv7DfSR1fzBvXxVkowM=
MDUxVEXjjP9kL1Gq2w6rvci4Mll935myOx8fwuLibz+3zn1vf1DvSfAwpoi1G34zrRiMenFXqT/7CLWExTnljAEPUp77NJaCiuuhREmXJF+rDWijDw==
I3HCn5oolzbA7sVENzaGJWY/mU3Ysczg4P2ZNA0y1p6JiEpjaPzTCqCivwaSNB3F1oGQRCF9L6Bmo5oYZWJ7vv4C7CSTlgCcge1uYpZtNt8tZjyYTUdjRhNnowY=
MYxdH12V5kXAaXsQtg3Mi76l7dTWVKD5zeNlX6JGD0BW2/WArjhtIjqtpL6b3HT43xiOJgXD0ouAqg0fB1ZS2drm2RDDWFpoXKofFIgKFXfOvMo/7hlpLOy2IWWLcGddozg=
jGjWHwzuKalqiqSsjqRIszp6is813x1jUnp3fFbnjbxeBBUe2pHcgmvgDMQfpPaa9X+qN2AWdaP36iplWlqhrDPkItS8FmeoeLZtyw6AsgMeJREQDIpZWXtMH2GjBA==
7TBjyLiiX8ycLOkJJwzVPeRanMlpHCkHgzIwLToGeJwLdBz99GNWVmVVDRYUKyHSs++3gsryZ1/vHuXv54A3afggTsjdq/aT1Sh0eglnUZ9zuF1ErSntrFlfyh5jZE5igvuJhOHnrL8TfVCjNw==
c95A6opdMddeVSxjaikydORanMtpHCkHgzIwLToGeJwLdBz99GNWVmVVDRYUKyHSs++3gsryZ1/vHuXv54A3afggTsjdq/aT1Sh0eglnUZ9zuF1ErSntrFlfyh5jZE5igvuJhOHnrL8TfVCjNw==
FGVdmDzv725YUc3urWfa0tgJkXYEwyYWtbU9FiTL8ZLDT0cCWpK3n99+9e/3oEcpKIDeSG1LRtOFCIR6eUeBX8PY7cQ9ib1sqX/aHnOEfiLSGxkEkUdcf0MdYKMH
5ivVS2wGIs6vSEzt+VgfcZPKjFYSj/dkKjTPYAaU7cd6nhPEHUkd7Mm/+h6TxN6istt5BLEHvP/j3QCjZw==
3jIBrhLbR5eOffNkWd8vkkXqcONGZCDrvidD1J6Mc+C6LFl3zja/ZLHhSTydZ6bezxyKcuYzFeTd78gPlyV8oxs=
dHqfPQDiHtb4m1dxOtKK6Ucdqe4JLH2Xq8tqphynA6antAp26LkRYgDVdh5AFZLQ6y1Eejxmx3g4ho3bDpDSM951seCMOrkJO7w/caMU
kv0B3Zbvr+NmwXMv/B8Vd7LEdwX+735a3V3PTamHX0zwBF0JD5z+we57C00YQY7mn176iNZLU/5HjHpeKNGhmqCNpjZAPUKIS9X0EvxOt0DY3t0zjvgC675NQcjM0glxm2RvWaM8
ffOVAngxljq6cJioBlBP9bLEdwX+735a3V3PTamHX0zwAV0JD5z+we57C00YQY7mn176iNZLU/5HjHpeKNGhmqCNpjZAPUKIS9X0EvxOt0DY3t0zjvgC675NQcjM0glxm2RvWaM8
iJ3MYFpAAktIaPCZ5r+NzTSJna8VHPzyzgc4Wy3AjeYsjS8rN4jzYA6Hk5Ru7GPgqswpt56WD+Qhgbl8TUeW3r/82rJWk4VkLY8YT6cFbKML
X01c+AU5AhWor+YXWDZOf20EnqYvsmIkFmdLEnfA4tJIHXmWkGH+msCRGmR72SzenMIvDOgyxR9OVJoHDgFZxKwe0f0riDd1oxA=
rFvez0x7SUrkkXhl6p2fRwUoysxwJRbeFUP37NTVm/tDYF/A4u8HJPoU/2A2tL0HCn5jRI3pTSz5n+oeg6Qu4mK76YQBpww/sz1woxc=
O19UNfUkm4Fj8nPi3Y2oAQUoysFwJRbeFUP37NTVm/tDYF/A4u8HJPoU/2A2tL0HCn5jRI3pTSz5n+oeg6Qu4mK76YQBpww/sz1woxc=
j1X4xquKhzjOQQaFgkJKw/TZthURMJmYkDF/1c620HjmXc7phYNdXEEw/NPZXCQooaBoCGN/1ML9tBNV01RnI3T+3RjwmryHt3RfmxJHrQFuowk=
+FKs+3Pbzvhq0ywSgm/DQRnS37pkUVP9umbkIBodcjHxU+k0rZBQO03ssFA9IPTw989AqlEUf71nBJN7yD6hwMTKSK+blDOzBje5OXKjFQ==
SIjtyY8RbPKUEZFnb9CNnX41mpN1xwh7Di06OBn+0rRAFh4fmZqHlXrhFvlNs+OW52SqBmgJcbLApVYOQAWyoCv9JMq8FmeoeLZtyw6AsgMeJREQDIpZWXtMH2GjBA==
bOXIIICh6iuOj2B+ClRj1X41mpF1xwh7Di06OBn+0rRAFh4fmZqHlXrhFvlNs+OW52SqBmgJcbLApVYOQAWyoCv9JMq8FmeoeLZtyw6AsgMeJREQDIpZWXtMH2GjBA==
puK49bK6rqDJe9X4QeMrigAS9KUZaifFutF26U2jA6antAp26LkRYgDVdh5AFZLQ6y1Eejxmx3g4ho3bDpDSM951seCMOrkJO7w/caMU
iPffSUvi0CXGEsSB0Xb0kFSmdOxHYiD2vidD1J6Mc+C6LFl3zja/ZLHhSTydZ6bezxyKcuYzFeTd78gPlyV8oxs=
q3B/b6rnKyH8vTaujp/TIxkg1ohvMgffWlSluprblPNCbBzL4u8HJPoU/2A2tL0HCn5jRI3pTSz5n+oeg6Qu4mK76YQBpww/sz1woxc=
O19UNfUkm4Fj8nPi3Y2oAQUoysFwJRbeFUP37NTVm/tDYF/A4u8HJPoU/2A2tL0HCn5jRI3pTSz5n+oeg6Qu4mK76YQBpww/sz1woxc=
qJgHaJsMJbOfcCrQyb5qjH81mpZ1xwh7Di06OBn+0rRAFh4fmZqHlXrhFvlNs+OW52SqBmgJcbLApVYOQAWyoCv9JMq8FmeoeLZtyw6AsgMeJREQDIpZWXtMH2GjBA==
Up0ejsQw7GakYPOhDZt5tX81mpV1xwh7Di06OBn+0rRAFh4fmZqHlXrhFvlNs+OW52SqBmgJcbLApVYOQAWyoCv9JMq8FmeoeLZtyw6AsgMeJREQDIpZWXtMH2GjBA==
afvTCXuD00lia7NayKgv9FSmdOxHYiD2vidD1J6Mc+C5LFl3zja/ZLHhSTydZ6bezxyKcuYzFeTd78gPlyV8oxs=
iWZg6mj6XVOpmhriq9XvNBkg1ohvMgffWlSluprblPNCbBzL4u8HJPoU/2A1tL0HCn5jRI3pTSz5n+oeg6Qu4mK76YQBpww/sz1woxc=
242/6qX4n9Cx2l1TnzxGmrKHu66n79h6Xiz8rLpoaAmAwKPFfpz80c9k32quHHg/jZCoe4JEAMD+8vNTQHBMgPsq8MjZIa4mXrFm69VKXHxlO1NSC2ujAg==
gxvKxJWBA+bJJPBIE1hRBkpkJH2bwH6ZnVKJ9N5L+0LcEGz0/42on8fIwPmzRhFpKjBUnN2TX/R3xlY53aNVTClwFGNR/NwY2aCTOBvfXHKVdPtF23S/c+x+RUioerSXn7T365qnFXFWozE=
AePwMCXXBqLOctR2b62lKm0EnqYvsmIkFmdLEnfA4tJIHXmWkGH+msCSGmR72SzenMIvDOgyxR9OVJoHDgFZxKwe0f0riDd1oxA=
242/6qX4n9Cx2l1TnzxGmrKHu66n79h6Xiz8rLpoaAmAwKPFfpz80c9k32quHHg/jZCoe4JEAMD+8vNTQHBMgPsq8MjZIa4mXrFm69VKXHxlO1NSC2ujAg==
gxvKxJWBA+bJJPBIE1hRBkpkJH2bwH6ZnVKJ9N5L+0LcEGz0/42on8fIwPmzRhFpKjBUnN2TX/R3xlY53aNVTClwFGNR/NwY2aCTOBvfXHKVdPtF23S/c+x+RUioerSXn7T365qnFXFWozE=
iPffSUvi0CXGEsSB0Xb0kFSmdOxHYiD2vidD1J6Mc+C6LFl3zja/ZLHhSTydZ6bezxyKcuYzFeTd78gPlyV8oxs=
q3B/b6rnKyH8vTaujp/TIxkg1ohvMgffWlSluprblPNCbBzL4u8HJPoU/2A2tL0HCn5jRI3pTSz5n+oeg6Qu4mK76YQBpww/sz1woxc=
aLYLm9h69DpLah7QVFoXcLKHu66n79h6Xiz8rLpoaAmAwKPFfpz80c9k32quHHg/jZCoe4JEAMP+8vNTQHBMgPsq8MjZIa4mXrFm69VKXHxlO1NSC2ujAg==
4QrsAKRL3VODsoqOFGgGPEpkJH2bwH6ZnVKJ9N5L+ULcEGz0/42on8fIwPmzRhFpKjBUnN2TX/R3xlY53aNVTClwFGNR/NwY2aCQOBvfXHKVdPtF23S/c+x+RUioerSXn7T365qnFXFWozE=
4QrsAKRL3VODsoqOFGgGPEpkJH2bwH6ZnVKJ9N5L+ULcEGz0/42on8fIwPmzRhFpKjBUnN2TX/R3xlY53aNVTClwFGNR/NwY2aCQOBvfXHKVdPtF23S/c+x+RUioerSXn7T365qnFXFWozE=
AePwMCXXBqLOctR2b62lKm0EnqYvsmIkFmdLEnfA4tJIHXmWkGH+msCSGmR72SzenMIvDOgyxR9OVJoHDgFZxKwe0f0riDd1oxA=
SyvFc5tdElZsK1Gb4ruV3AUoysFwJRbeFUP37NTVm/tDYF/A4u8HJPoU/2A1tL0HCn5jRI3pTSz5n+oeg6Qu4mK76YQBpww/sz1woxc=
+T0DBCOw6CiFbeW30OLcbX81mZN1xwh7Di06OBn+0rRAFh4fmZqHlXrhFvlNs+OW52SqBmgJcbLApVYOQAayoCv9JMq8FmeoeLZtyw6AsgMeJREQDIpZWXtMH2GjBA==
GjBIz7TrGzh00HC2tlOt8hEv3cEhaRDODkS4vdDVm/tDYF/A4u8HJPoU/2A1tL0HCn5jRI3pTSz5n+oeg6Qu4mK76YQBpww/sz1woxc=
iWZg6mj6XVOpmhriq9XvNBkg1ohvMgffWlSluprblPNCbBzL4u8HJPoU/2A1tL0HCn5jRI3pTSz5n+oeg6Qu4mK76YQBpww/sz1woxc=
SyvFc5tdElZsK1Gb4ruV3AUoysFwJRbeFUP37NTVm/tDYF/A4u8HJPoU/2A1tL0HCn5jRI3pTSz5n+oeg6Qu4mK76YQBpww/sz1woxc=
X01c+AU5AhWor+YXWDZOf20EnqYvsmIkFmdLEnfA4tJIHXmWkGH+msCRGmR72SzenMIvDOgyxR9OVJoHDgFZxKwe0f0riDd1oxA=
O19UNfUkm4Fj8nPi3Y2oAQUoysFwJRbeFUP37NTVm/tDYF/A4u8HJPoU/2A2tL0HCn5jRI3pTSz5n+oeg6Qu4mK76YQBpww/sz1woxc=
uRJpYhaE4NchUl6iwrfKRREv3cEhaRDODkS4vdDVm/tDYF/A4u8HJPoU/2A2tL0HCn5jRI3pTSz5n+oeg6Qu4mK76YQBpww/sz1woxc=
q3B/b6rnKyH8vTaujp/TIxkg1ohvMgffWlSluprblPNCbBzL4u8HJPoU/2A2tL0HCn5jRI3pTSz5n+oeg6Qu4mK76YQBpww/sz1woxc=
aLYLm9h69DpLah7QVFoXcLKHu66n79h6Xiz8rLpoaAmAwKPFfpz80c9k32quHHg/jZCoe4JEAMP+8vNTQHBMgPsq8MjZIa4mXrFm69VKXHxlO1NSC2ujAg==
GjBIz7TrGzh00HC2tlOt8hEv3cEhaRDODkS4vdDVm/tDYF/A4u8HJPoU/2A1tL0HCn5jRI3pTSz5n+oeg6Qu4mK76YQBpww/sz1woxc=
iWZg6mj6XVOpmhriq9XvNBkg1ohvMgffWlSluprblPNCbBzL4u8HJPoU/2A1tL0HCn5jRI3pTSz5n+oeg6Qu4mK76YQBpww/sz1woxc=
242/6qX4n9Cx2l1TnzxGmrKHu66n79h6Xiz8rLpoaAmAwKPFfpz80c9k32quHHg/jZCoe4JEAMD+8vNTQHBMgPsq8MjZIa4mXrFm69VKXHxlO1NSC2ujAg==
nxvET5HqNRdQc/BO6IG1i0pkJH2bwH6ZnVKJ9N5L/0LcEGz0/42on8fIwPmzRhFpKjBUnN2TX/R3xlY53aNVTClwFGNR/NwY2aCTOBvfXHKVdPtF23S/c+x+RUioerSXn7T365qnFXFWozE=
AePwMCXXBqLOctR2b62lKm0EnqYvsmIkFmdLEnfA4tJIHXmWkGH+msCSGmR72SzenMIvDOgyxR9OVJoHDgFZxKwe0f0riDd1oxA=
g97NVjUQZC5tUaWDiYtEILKHuq6n79h6Xiz8rLpoaAmAwKPFfpz80c9k32quHHg/jZCoe4JEAMD+8vNTQHBMgPsq8MjZIa4mXrFm69VKXHxlO1NSC2ujAg==
7XERsx3xQ+uBmxz7WLMbJEpkJH2bwH6ZnVKJ9N5L+ELbEGz0/42on8fIwPmzRhFpKjBUnN2TX/R3xlY53aNVTClwFGNR/NwY2aCTOBvfXHKVdPtF23S/c+x+RUioerSXn7T365qnFXFWozE=
7XERsx3xQ+uBmxz7WLMbJEpkJH2bwH6ZnVKJ9N5L+ELbEGz0/42on8fIwPmzRhFpKjBUnN2TX/R3xlY53aNVTClwFGNR/NwY2aCTOBvfXHKVdPtF23S/c+x+RUioerSXn7T365qnFXFWozE=
R/WF5GkncYZehbu3g8FZwDcZ9RpZyf/W+riNoQ698Oc6UemxnyYam94mtZTm/swQW/qwGPkxrjZ+YSY7ddrc7MXrE4Ire6MS
ueWlbzD9sTf/MOGmnFzoefPm13ZZz/rkF0ob9q2YYfkwGz+XAty9rQZJ0NviFTkdN7KaB2aCRdguyqzsQ/6gdBFl7uoGhZa3/a58UJ0vQ64Db6MO
+vZnN3sjfB4zikJy7H35U2C0dNtL79cd94kJZa+atQRuFlvb09HDXV8qptsqDIcErYFCVAwYaIyMrZqNXzqskMMJBwy/lO9d10RDW7g+kaAUCjgPCxSDU1Z3SRliowU=
YYiN+Xx6+ZZNJ8Dnu77dcOZjfHAtwAPckN7Hw6AuX0q4ps2zScZc3gJChtXjNilBXdjY5+6uwNS/nFtsRv8V1ZwabhZFk3J7AE1+T/HzM9Da4eroHQY62Nxav0TIOvVnzqyqDy7JyVxsBsG1ywBHTaMo
YYiN+Xx6+ZZNJ8Dnu77dcOZjfHAtwAPckN7Hw6AuX0q4ps2zScZc3gJChtXjNilBXdjY5+6uwNS/nFtsRv8V1ZwabhZFk3J7AE1+T/HzM9Da4eroHQY62Nxav0TIOvVnzqyqDy7JyVxsBsG1ywBHTaMo
AePwMCXXBqLOctR2b62lKm0EnqYvsmIkFmdLEnfA4tJIHXmWkGH+msCSGmR72SzenMIvDOgyxR9OVJoHDgFZxKwe0f0riDd1oxA=
g97NVjUQZC5tUaWDiYtEILKHuq6n79h6Xiz8rLpoaAmAwKPFfpz80c9k32quHHg/jZCoe4JEAMD+8vNTQHBMgPsq8MjZIa4mXrFm69VKXHxlO1NSC2ujAg==
AePwMCXXBqLOctR2b62lKm0EnqYvsmIkFmdLEnfA4tJIHXmWkGH+msCSGmR72SzenMIvDOgyxR9OVJoHDgFZxKwe0f0riDd1oxA=
SyvFc5tdElZsK1Gb4ruV3AUoysFwJRbeFUP37NTVm/tDYF/A4u8HJPoU/2A1tL0HCn5jRI3pTSz5n+oeg6Qu4mK76YQBpww/sz1woxc=
GjBIz7TrGzh00HC2tlOt8hEv3cEhaRDODkS4vdDVm/tDYF/A4u8HJPoU/2A1tL0HCn5jRI3pTSz5n+oeg6Qu4mK76YQBpww/sz1woxc=
iWZg6mj6XVOpmhriq9XvNBkg1ohvMgffWlSluprblPNCbBzL4u8HJPoU/2A1tL0HCn5jRI3pTSz5n+oeg6Qu4mK76YQBpww/sz1woxc=
SyvFc5tdElZsK1Gb4ruV3AUoysFwJRbeFUP37NTVm/tDYF/A4u8HJPoU/2A1tL0HCn5jRI3pTSz5n+oeg6Qu4mK76YQBpww/sz1woxc=
qRiJApr/UKZImh975EVgcn81npN1xwh7Di06OBn+0rRAFh4fmZqHlXrhFvlNs+OW52SqBmgJcbLApVYOQAayoCv9JMq8FmeoeLZtyw6AsgMeJREQDIpZWXtMH2GjBA==
GjBIz7TrGzh00HC2tlOt8hEv3cEhaRDODkS4vdDVm/tDYF/A4u8HJPoU/2A1tL0HCn5jRI3pTSz5n+oeg6Qu4mK76YQBpww/sz1woxc=
iWZg6mj6XVOpmhriq9XvNBkg1ohvMgffWlSluprblPNCbBzL4u8HJPoU/2A1tL0HCn5jRI3pTSz5n+oeg6Qu4mK76YQBpww/sz1woxc=
SyvFc5tdElZsK1Gb4ruV3AUoysFwJRbeFUP37NTVm/tDYF/A4u8HJPoU/2A1tL0HCn5jRI3pTSz5n+oeg6Qu4mK76YQBpww/sz1woxc=
X01c+AU5AhWor+YXWDZOf20EnqYvsmIkFmdLEnfA4tJIHXmWkGH+msCRGmR72SzenMIvDOgyxR9OVJoHDgFZxKwe0f0riDd1oxA=
O19UNfUkm4Fj8nPi3Y2oAQUoysFwJRbeFUP37NTVm/tDYF/A4u8HJPoU/2A2tL0HCn5jRI3pTSz5n+oeg6Qu4mK76YQBpww/sz1woxc=
d3snCkJ8GOY4mCQNgzEif381mZN1xwh7Di06OBn+0rRAFh4fmZqHlXrhFvlNs+OW52SqBmgJcbLApVYOQAWyoCv9JMq8FmeoeLZtyw6AsgMeJREQDIpZWXtMH2GjBA==
GjBIz7TrGzh00HC2tlOt8hEv3cEhaRDODkS4vdDVm/tDYF/A4u8HJPoU/2A1tL0HCn5jRI3pTSz5n+oeg6Qu4mK76YQBpww/sz1woxc=
iWZg6mj6XVOpmhriq9XvNBkg1ohvMgffWlSluprblPNCbBzL4u8HJPoU/2A1tL0HCn5jRI3pTSz5n+oeg6Qu4mK76YQBpww/sz1woxc=
SyvFc5tdElZsK1Gb4ruV3AUoysFwJRbeFUP37NTVm/tDYF/A4u8HJPoU/2A1tL0HCn5jRI3pTSz5n+oeg6Qu4mK76YQBpww/sz1woxc=
R/WF5GkncYZehbu3g8FZwDcZ9RpZyf/W+riNoQ698Oc6UemxnyYam94mtZTm/swQW/qwGPkxrjZ+YSY7ddrc7MXrE4Ire6MS
ueWlbzD9sTf/MOGmnFzoefPm13ZZz/rkF0ob9q2YYfkwGz+XAty9rQZJ0NviFTkdN7KaB2aCRdguyqzsQ/6gdBFl7uoGhZa3/a58UJ0vQ64Db6MO
2whqsStDQqIpARAxxX0fdO/uyz9G2OvlWF1JoOOWbvExF3ycAty9rQZJ0NviFTkdN7KaB2aCRdguyqzsQ/6gdBFl7uoGhZa3/a58UJ0vQ64Db6MO
ieidIWINUrqWpeHD7ekfMHWeta+8pZRiKoKYYsx7VWufRRUXTjWH6eillU5IHR3iVO9QLH0w34lAUBYIcmiuxah5ZXoWZHFhpeglBHXZVcwx70Ke6xTmwnpL0cTZN3Sfe21Yoz8=
en1yQdES1VxyLKmrQr+7HVnd7cVBNmmZ0HhDtsh2f0pKEG3Z3vWwaFm5/9zONxqU/QbLYrY2DEirkhCgabkurs7JxkOlkpw0tQMzujtzowo=
yWLENmpPHXj2OOwwzxES43o3hQTHpt3hr+rLYkM82ZaIhAloaPzTCqCivwaSNB3F1oGQRCF9L6Bmo5oYZWJ7vv4C7CSTlgCcge1uYpZtNt8tZjyYTUdjRhNnowY=
I3HCn5oolzbA7sVENzaGJWY/mU3Ysczg4P2ZNA0y1p6JiEpjaPzTCqCivwaSNB3F1oGQRCF9L6Bmo5oYZWJ7vv4C7CSTlgCcge1uYpZtNt8tZjyYTUdjRhNnowY=
hGArKT9VtRhzET20B9MIAOVanM9pHCkHgzIwLToGeJwLdBz99GNWVmVVDRYUKyHSs++3gsryZ1/vHuXv54A3afggTsjdq/aT1Sh0eglnUZ9zuF1ErSntrFlfyh5jZE5igvuJhOHnrL8TfVCjNw==
Zxsj8LweSbAb1fzQBSYoJ/vp3D8XlO31Q1oG8eeWbvExF3ycAty9rQZJ0NviFTkdN7KaB2aCRdguyqzsQ/6gdBFl7uoGhZa3/a58UJ0vQ64Db6MO
ueWlbzD9sTf/MOGmnFzoefPm13ZZz/rkF0ob9q2YYfkwGz+XAty9rQZJ0NviFTkdN7KaB2aCRdguyqzsQ/6gdBFl7uoGhZa3/a58UJ0vQ64Db6MO
2whqsStDQqIpARAxxX0fdO/uyz9G2OvlWF1JoOOWbvExF3ycAty9rQZJ0NviFTkdN7KaB2aCRdguyqzsQ/6gdBFl7uoGhZa3/a58UJ0vQ64Db6MO
GjBIz7TrGzh00HC2tlOt8hEv3cEhaRDODkS4vdDVm/tDYF/A4u8HJPoU/2A1tL0HCn5jRI3pTSz5n+oeg6Qu4mK76YQBpww/sz1woxc=
iWZg6mj6XVOpmhriq9XvNBkg1ohvMgffWlSluprblPNCbBzL4u8HJPoU/2A1tL0HCn5jRI3pTSz5n+oeg6Qu4mK76YQBpww/sz1woxc=
SyvFc5tdElZsK1Gb4ruV3AUoysFwJRbeFUP37NTVm/tDYF/A4u8HJPoU/2A1tL0HCn5jRI3pTSz5n+oeg6Qu4mK76YQBpww/sz1woxc=
5ivVS2wGIs6vSEzt+VgfcZPKjFYSj/dkKjTPYAaU7cd6nhPEHUkd7Mm/+h6TxN6istt5BLEHvP/j3QCjZw==
3jIBrhLbR5eOffNkWd8vkkXqcONGZCDrvidD1J6Mc+C6LFl3zja/ZLHhSTydZ6bezxyKcuYzFeTd78gPlyV8oxs=
i1aorOToFjoOYckEW5f9vEwCYYHdzP7BafNBZFXQiAtlDMhANSD84A+vaJoJ1Adtz6QLC0C+KXBcKiB/I9Trw+4XgSl6ox0=
6sl6FXNwYRz/qYQ/xCCi3jCxjALs+GwcMYflnWlrKSTmlZJ6/z1DLKD9t4tfWEsg1rf7dFb8a+Ci3BHXdqZXJJnRUdzVtx5eN0xCUv7DfSR1fzBvXxVkowM=
u2xGciNlCjKaS6gKVqSnImuer6Sy89A2cMTAI8F+SG2cUB4QGmXL/63yyVNfVQqmXuBWK3gl05tbUCcAOn+/xLJEF2BeZHVnsu47BHXZVcwx70Ke6xTmwnpL0cTZN3Sfe21Yoz8=
E8iswFo4KSo9oT6JDpt+uORanM5pHCkHgzIwLSBZfIMVIA32szIeUCBPFxAVdSPI9aLxk4flcgb2EN6r8JU7e+Mgf8DCr+ekmlQfYFZ0XYdqvkNErSntrFlfyh5jZE5igvuJhOHnrL8TfVCjNw==
mXa3nimhvGXZuKd2uj2sTC6Xiq5BSr3ziw0mVmKIgussjS8rN4jzYA6Hk5Ru7GPgqswpt56WD+Qhgbl8TUeW3r/82rJWk4VkLY8YT6cFbKML
qJzlPpzjofoXz8gKFAWqjFdDZ4HdzP7BafNBZFXQiAtlDMhANSD84A+vaJoJ1Adtz6QLC0C+KXBcKiB/I9Trw+4XgSl6ox0=
n+YUWxlZ7dUrHca4y1CQVZPKjFYSj/dkKjTPYAWU7cd6nhPEHUkd7Mm/+h6TxN6istt5BLEHvP/j3QCjZw==
jwxcbVVJDCRclDYmkAVEjUXqcONGZCDrvidD1J6Mc+C5LFl3zja/ZLHhSTydZ6bezxyKcuYzFeTd78gPlyV8oxs=
+/oxZutCSSoIjFkSesStMjCxjALs+GwcMYflnWlrKSTmlZJ6/z1DLKD9t4tfWEsg1rf7dFb8a+Ch3BHXdqZXJJnRUdzVtx5eN0xCUv7DfSR1fzBvXxVkowM=
CRQ4jL4yqM6Z7fyM9pNNwWuer6uy89A2cMTAI8F+SG2cUB4QGmXL/63yyVNfVQqmXuBWK3gl05tbUCcAOn+/xLJEF2BdZHVnsu47BHXZVcwx70Ke6xTmwnpL0cTZN3Sfe21Yoz8=
yMbzoBUPs/C9Wd2TPWpI1uRanMlpHCkHgzIwLSBZfIMVIA32szIeUCBPFxAVdSPI9aLxk4flcgb2EN6r8JU7e+Mgf8DCr+ekmlQfYFV0XYdqvkNErSntrFlfyh5jZE5igvuJhOHnrL8TfVCjNw==
VMZ81uz2aMAuaB4i5Eyyvy6Xiq5BSr3ziw0mVmKIgussjS8rN4jzYA6Hk5Ru7GPgqcwpt56WD+Qhgbl8TUeW3r/82rJWk4VkLY8YT6cFbKML
QkaUvVoMYO3KX+ujUziTcldDZ4HdzP7BafNBZFXQiAtlDMhANSD/4A+vaJoJ1Adtz6QLC0C+KXBcKiB/I9Trw+4XgSl6ox0=
6sl6FXNwYRz/qYQ/xCCi3jCxjALs+GwcMYflnWlrKSTmlZJ6/z1DLKD9t4tfWEsg1rf7dFb8a+Ci3BHXdqZXJJnRUdzVtx5eN0xCUv7DfSR1fzBvXxVkowM=
xll87an+rpC5Ccw+s2wg2muer6my89A2cMTAI8F+SG2cUB4QGmXL/63yyVNfVQqmXuBWK3gl05tbUCcAOn+/xLJEF2BeZHVnsu47BHXZVcwx70Ke6xTmwnpL0cTZN3Sfe21Yoz8=
nit2SLlK+Y36rTXJ1E8KwuRanMtpHCkHgzIwLSBZfIMVIA32szIeUCBPFxAVdSPI9aLxk4flcgb2EN6r8JU7e+Mgf8DCr+ekmlQfYFZ0XYdqvkNErSntrFlfyh5jZE5igvuJhOHnrL8TfVCjNw==
mXa3nimhvGXZuKd2uj2sTC6Xiq5BSr3ziw0mVmKIgussjS8rN4jzYA6Hk5Ru7GPgqswpt56WD+Qhgbl8TUeW3r/82rJWk4VkLY8YT6cFbKML
qJzlPpzjofoXz8gKFAWqjFdDZ4HdzP7BafNBZFXQiAtlDMhANSD84A+vaJoJ1Adtz6QLC0C+KXBcKiB/I9Trw+4XgSl6ox0=
NSxSQIg6skdlrqigoLnIIGkSieUITBN6gLK/FrJE3XW2ERDUwc1vUEazmghFkjsOHpJstPMmwOyh/W5yth32b032vAit9yO2M3ejFg==
zANq0JeFRJTaAweFfgsGg0iR6cpAMGmE0HhDtsh2f0pKEG3Z3vWwaFm5/9zONxqU/QbLYrY2DEirkhCgabkurs7JxkOlkpw0tQMzujtzowo=
/MSwrsO1r1z6+am3EVLBmWxmemUZvpmkfnwl1prZLDoLeJxMnyxmAhXH2v+gXkVb1/I6bVpSsbQTHBKcfN4XEJgu/UOOCCKbfp3hWExCaSFbVA9poww=
oOgcisMiXKnbEHU3ntTINSbBhTqGo0zKlOwYk664blySNSTQnteZAGUeBlrR1Or34HBj7hje//K6WA3Bzp3wkOkxXwSeHxqsjc4r+ibezDCbmjD4uRGuFj6Bplu1+tzMBYuTYmtbozI=
9SUeOg1Zx9UeXa30erby+pzUODwlYTU1lm8zVmPClQm6p0Iae1KiDSZdgrdfOWjws8bQW1l6dhYZIApLePTzQvAKP67CfD3NxqnQ7LH1j+g2i5owNSrbNm6qrAyDniDU0UXuysYlFtc9Tnww3c/DDkNPoy4=
9SaiYyWFfn42Ssu8fGns5Ij0+zmjsAhyjMAvMi8TEQjbc2YLeXY7vH4gw5Ls+gKydhXC/w8RSNijztBTSVJWPkloSgMoXFPqYIK/JlLUnWWW4ZCk4d2vwCaDmjglAvsePuLsRNM2gHxBzW5CVo22f20GPHiN5+MmU0ejJg==
ba/5VM52CjD/O+3Znx8EfhN0r+geEeID16XYtOvq0E9xBiay4ayqPzAoA0boZn96KsCtqX5lMNi56b8s7icapJ3WCxIWpoz4S8JQUEmpLp6uGQYzBQIchFVTc0obY6M6
K1GPzWwopM9B+hD2DIE9v3cnfGUZvpmkfnwl1prZLDoLeJxMnyxmAhXH2v+gXkVb1/I6bVpSsbQTHBKcfN4XEJgu/UOOCCKbfp3hWExCaSFbVA9poww=
rzU2a/zU8tYqgjR28DHQZbIvOm9LcD8JIJA2CJKozkUIOYV6dqTR4UWoRQRVmbVMUS9ingtURkLaCzHE+ffUH5steKMf
qLilUnqSzRC2WZIRktxy6SZV8RVYz//L+riNoQ698Oc6UemxnyYam94mtZTm/swQW/qwGPkxrjZ+YSY7ddrc7MXrE4Ire6MS
6sl6FXNwYRz/qYQ/xCCi3jCxjALs+GwcMYflnWlrKSTmlZJ6/z1DLKD9t4tfWEsg1rf7dFb8a+Ci3BHXdqZXJJnRUdzVtx5eN0xCUv7DfSR1fzBvXxVkowM=
bchqC0r0FjkCE2WerAAF92uer6qy89A2cMTAI8F+SG2cUB4QGmXL/63yyVNfVQqmXuBWK3gl05tbUCcAOn+/xLJEF2BeZHVnsu47BHXZVcwx70Ke6xTmwnpL0cTZN3Sfe21Yoz8=
Har5VjkgsahXI01Ku+Mq1ORanMhpHCkHgzIwLSBZfIMVIA32szIeUCBPFxAVdSPI9aLxk4flcgb2EN6r8JU7e+Mgf8DCr+ekmlQfYFZ0XYdqvkNErSntrFlfyh5jZE5igvuJhOHnrL8TfVCjNw==
mXa3nimhvGXZuKd2uj2sTC6Xiq5BSr3ziw0mVmKIgussjS8rN4jzYA6Hk5Ru7GPgqswpt56WD+Qhgbl8TUeW3r/82rJWk4VkLY8YT6cFbKML
qJzlPpzjofoXz8gKFAWqjFdDZ4HdzP7BafNBZFXQiAtlDMhANSD84A+vaJoJ1Adtz6QLC0C+KXBcKiB/I9Trw+4XgSl6ox0=
kZe2/8OubJrL+P8vsNFkDRd0uPseA+sU0anH76f53E4sTCO15qfpNGsqHlXpWzxoKsCtqX5lMI+q6Yl5rz4as47eFRwWpoz4S8JQUEmpLp6uGQYzBQIchFVTc0obY6M6
cARoeelbsamejuCk6W7gX/ztvMnemuidCirNm5LXyFjCxwV0fncdoc+ckFUhYA8FK/bA35eujslBr/wkcuRdlXZxEGOSrdmlR4qaPxY6pWBecmzUM8ZATGHdblJ2vXaPjZa86O2XoxZzV6M2
IPEISOMgfBVoNR6r4FiroIPUJjgrN3FhzClrF3SYjBCn5lgWaFOmHSYQxKxJL32u/4SQTRF4b10bLgAHJ/buUfE3fLzCfD3NxqnQu6L1ub13kponJiLFOG6qrAyDniDU0UXuysYlFtc9Tnww3c/DDkNPoy4=
tKirLHFYdIMqYTxVwgHQQPbB8OS3oJBhSSzfobNqYAvfwr7NedO80NpozXGuLXB3moGpYb82Gov+9vVERm5MgPsq8MjZIa4mXrFm69VKXHxlO1NSC2ujAg==
Nf3N5LGk9qezs2U2nAQitgAS9KUZaifQtsNt6VymFqq1rwpH4PEGcwHPS2xaXZLU7TpCZDxmx3g4ho3bDpDSM951seCMOrkJO7w/caMU
IgW5suosXFBjhJPo1aKDmFqx+kifPJNZyHKlMnTwpCs591BZNwyE/dZyuDP8LnegWH4dU44YQks+LQEozPLJ0RuEL3mjHA==
ps4y4rYyDoMyeApcNfd4uFqx+kifPJNZyHanPHTwpCs591BZNwyE/dZyuDP8LnegWH4dU44YQks+LQEozPLJ0RuEL3mjHA==
4hsnmR6imfv/+hm6B1uKSLXuoB8+2+z5QQZgmKwW1wbBZuK5k8ilibUbCSbQOmj3bGwYhbeCdAUVyhauPYHFF3FUpzX53coyU0LQsk9zBmy4gZ3TQz4ODgM2KJU8sn8JPT0lFgQs1L/8i1cIT6fs/HMlZDCFI6hUO5MQn0/quuFnd26NU8hJcAkUMor1scxwG9owODnRrta+QaYbNbrcjIXLk6Lrm6Py
+1O+nvpTAo/dbkBvRnllFpdW/wLJQ/Agt/t9Y47JX////zl11i4dZHk0Y7VjFLdDhP7tOKBazCcH9M/7wgedIX6jGQ==
RJ7mOfNMBkWTScFhgUmlaRkJ4Iyu0Q1R1bo2RgQsaw7mO6VHOF5ABjsuv5HF3XksqZqmS0dgP8S2LqJhQIZwkrKimqdSHnO+jKkoYVfeyV1jxDZGA/eGq6CBfbbVlMjSbksbRaaUw5UIMOtHahizheacHNV7Uk4RyqrGARFpZwcRDvnfUJQv3RdEg9t4PlEg1Ar4j8sUQ9OWd4mZoqPF
eLrxY7vjHWzfeeIeU9h2mx5hpJUnE6jvXt87ajVlP4YeKiey9ikh7+/oJFluRv0NpHTbBTv037MMfmWICPoUV/+0F6v6J7UxdqMR
OZyfV1zLZs6jaUYx94Q1zDfV4vL36NM2V8nVOpp5U2epHx8aHX/Ntemwg0BOVRSlRuRRb28l1JRBTSVcOzqu3ahyWBdPYmB6teI6BHXZVcwx70Ke6xTmwnpL0cTZN3Sfe21Yoz8=
tAuHrzt3B+9HIipp1iIlc/aEJ1eNrSoBhh6IHc/VDwesVF1eWt65kPkuSkoYFZvhkQm2gJ9cU/lIlmdcdNDki7mXkHk3LESdVtL4E/xOt0DY3t0zjvgC675NQcjM0glxm2RvWaM8
sxCAa7mnE5z4JhMdnJXcGxd+YCxRRiViWuLBrAkSMvb4qeNdYbXOPF9gK8W4qh9glOycN0kr6MW3kDwhpm6ALxxyz3wo4qUPTkR6V07xOXQsbnFNa1gXZaMA
/Zo53OvM8VEV8Xj42/kp0ippy9cvmVEZQ08tZlrmybgZBhoS2M3LiTHhBvgfpOOR6H63BDQINKPZv2BBNxS0tTb6KMu8FmeoeLZtyw6AsgMeJREQDIpZWXtMH2GjBA==
cmiHq1PwqOOEmBJftHjexgNa5PIeq3ADdE8tZlrmybgZBhoS2M3LiTHhBvgfpOOR6H63BDQINKPZv2BBNxS0tTb6KMu8FmeoeLZtyA6AsgMeJREQDIpZWXtMH2GjBA==
pgK1zixrT/7jhJMQYjha33M1mRjFp93noeDaZE02kZyGhEg/f/eJC6qevwaHPwDEy7LEWmB9AfUsh/dWcHt+oPQd7CSTlgCcge5uYpZtNt8tZjyYTUdjRhNnowY=
ZtN7B8zfjyoLE/cMTJnZWKLR23K9ew4luTwEdP/rrsiaW1+LaBFC5Ues75sfj0ymBRGLCAIsQlcUr2LcYBO1eC7J/lI+Tdfa7Pn2SCGzLGAydheoNqqNzT9MCRWKXkuuhInwEf9eoe27pD5Wezde2yghBWb9lOACFuuTNX5Uu4UAUDP3Apgb9T68FMVDEpahQkp+UflpD9epbnFvCFQXzR9k2yvTvrmQjOrwnzNUGyMe13HJiqPt
GWzC79OZk60Usb322qLX5R5hpJQnE6jvXt87ajVlP4YeKiey9ikh7+/oJFluRv0NpHTbBTv037MPfmWICPoUV/+0F6v6J7UxdqMR
LH8Awx1W89mMxVIOEXkMYuxEncJnCGxFyGxsbnM6KpoaaS6zrTIeVmJINFkJcmaLpvK9jYfya3y6A9K8iNIrb+w9foH86qm1kHJePxVlGJhxuF1ErSntrFlfzBtjY05igvuJhOHnrL8TfVCjNw==
cXnmSxa/jQNyRb6wnsp65HwS0hp1dOectEMWv/ZG1hJlATAVrCRTEv9f5vkhoWwWJjCzsAjTQqhGg04uKQlNrQrWZoKlUKSFXuqp0dzzqFcpZzUUOu1L/vmISHHJEwp5n+o9TZFYdphHEIiRLIXfB2guRAEqk8n9u4r6QdZj4d1WbuwnBQlf4G6cRyBAf7B8D+tJu13seNJUTZh9H4IjSfw+58M8Ktm9CIY/Rbg1A+SKQ9OxVrfvdolCLaK6wNmfHPLP/ChipYdIxH3XTnE59Czucc1r2Bflo4A=
pMeMEXgXN/osMOdjtcBtGbn15xYEho2CcQEmjppvfdprJZWbhfY7ijv4H3FKCc2Qv8djrwmZB0+RqhIFB1L06iSV5ow6aI0ugGd+zEXrpN28RTmRCR4y80/8+Y5Ea9EdPouv/CFn+WaSuif2pOsUa4tVuBg4y+LNjT97zDabji0Vbya4ME2t9/uCzjormrjRJO6fnfUx1XL8UNTLFOeHDJc7TKh7adSUvR/o4JO/AFvXNtr1L/seaSs0yYRh+GIOra3spJMWAByBZWjike02Xy3mPBhNx2PGE+ejhg==
QcgjFpgVAJKloHEKFmtala01QUBfLc0twfWRDLgggrvD8kdp2GNlmcCv7hRWZG6MfIjM6T6LYm8CoL+my49B0w19Y4wVOb0S9u57O14oRibMse6Pk7ZwzX15CcruTZa08hdzt/pt1eAL12E6frgQMbwQh95mhm5vnhsrmP4yxr82/hdG8FmkqVMeTZVv9Ir+J9ciM3yRsT4RlAxaolvH3QK05y20AOeP7ti3TWpsYC0fsioJljqKCVXpow/dniXHtPTLpes0D5N0eNVv2DpEN+8050vKZ8UR5qOB
kWd5SPv+J8DyfXFZnVDzyK01QUBfLc0twfWRDLgggrvD8kdp2GNln8Cv7hRQZG6MfIjM6T6LYm8CoL+m55hB2hFzdIwVOb0S9u57O14oRibMse6Pk7ZwzX15CcruTZa08hdzt/pt1eAL12E6frgQMbwQh95mhm5vnhsrmP4yxr82/hdG8FmkqVMeTZVv9Ir+J9ciM3yRsT4RlAxaolvH3QK05y20AOeP7ti3TWpsYC0fsioJljqKCVXpow/dniXHtPTLpes0D5N0eNVv2DpEN+8050vKZ8UR5qOB
1Ux37x9Ax09Vz8Q1TsRJSmFe0Pfd2rndWb5VPhfKLaodcnVOGIwx7d5lL88G6eA37H8NOy+MLjDjeVA476cQQhe18UYXoMNhm/7Qjl3XeDBQCrqBGIOFrnbBe3kPxuhVgLgEJwWb7HXzDC23R9ZY4MYdyiBxkjBeqCPY223UOOqQ88BOYeomAQJF9X7reclsHFJRZ9S/6gk3spcUitYkw1FR9ASRgSKYQWNIuBGhzDS2gWkC3EXA4kxFEynlQxtGc4tCxL2JPWwpf1IY84P+IlIbmQQRR9x/wx3go4c=
p1BCNOIuW6Nxp2LGDxWew601QUBfLc0twfWRDLgggrvD8kdp2GNln8Cv7hRQZG6MfIjM6T6LYm8CoL+my49BzRB8aYwVOb0S9u57O14oRibMse6Pk7ZwzX15CcruTZa08hdzt/pt1eAL12E6frgQMbwQh95mhm5vnhsrmP4yxr82/hdG8FmkqVMeTZVv9Ir+J9ciM3yRsT4RlAxaolvH3QK05y20AOeP7ti3TWpsYC0fsioJljqKCVXpow/dniXHtPTLpes0D5N0eNVv2DpEN+8050vKZ8UR5qOB
5d+SGHu39PgMW4ot72paHmFe0Pfd2rndWb5VPhfKLaodcnVOGIwx695lL88A6eA37H8NOy+MLjDjeVA4/qESVxOh8UYXoMNhm/7Qjl3XeDBQCrqBGIOFrnbBe3kPxuhVgLgEJwWb7HXzDC23R9ZY4MYdyiBxkjBeqCPY223UOOqQ88BOYeomAQJF9X7reclsHFJRZ9S/6gk3spcUitYkw1FR9ASRgSKYQWNIuBGhzDS2gWkC3EXA4kxFEynlQxtGc4tCxL2JPWwpf1IY84P+IlIbmQQRR9x/wx3go4c=
w40CrthyE5R4X6I7PqO+d3wS0hp1dOectEMWv/ZG1hJlATAVrCRTFO4Hvuk3qjhJITOmmU6wBepR21luLTtKux/LZoKlUKSFXuqp0dzzqFcpZzUUOu1L/vmISHHJEwp5n+o9TZFYdphHEIiRLIXfB2guRAEqk8n9u4r6QdZj4d1WbuwnBQlf4G6cRyBAf7B8D+tJu13seNJUTZh9H4IjSfw+58M8Ktm9CIY/Rbg1A+SKQ9OxVrfvdolCLaK6wNmfHPLP/ChipYdIxH3XTnE59Czucc1r2Bflo4A=
H95GCQqfgDSaGElbB2CkanwS0hp1dOectEMWv/ZG1hJlATAVrCRTFO4Hvuk3qjhJITOmmU6wBepR21luJChAph/JZoKlUKSFXuqp0dzzqFcpZzUUOu1L/vmISHHJEwp5n+o9TZFYdphHEIiRLIXfB2guRAEqk8n9u4r6QdZj4d1WbuwnBQlf4G6cRyBAf7B8D+tJu13seNJUTZh9H4IjSfw+58M8Ktm9CIY/Rbg1A+SKQ9OxVrfvdolCLaK6wNmfHPLP/ChipYdIxH3XTnE59Czucc1r2Bflo4A=
JBMpPHtQM19yZlpA/xxTF1adyaPw9d10fuWd2msENer4DMS/akQjmL8iv9Zldd8HpqJ6/wIKhVDWV4ODGnOZpf3JjkrIP5hX4jzd4kgjPjB9n5QxlCEZjREKIv9H+PmyPF8hMVavT6B5sykq2n7nihwfpAcjsRiEoF9yQQW7+3DOL/6B/ctGZOgZ/Tszxo7GE+6IPQyKv4HtJcV+9FTU92zTdyD/H6z0I70E2PXbKJwrS7A3f9J6abdvjuWjsEk4mUwSokUJjHhLQlDQSSEoHqmZBrMFghwEVdNzyhvjo7o=
uD0XD97423Fyz+941tLMxIUS8c5aeMP0fABLmmTXXY7IwLyyv0M7v9UJQXPuSiBUxz1ny5XQeTHaELOYvcBm4eCIRQKGDKnSoKgwP2nuRUX8MKOcoGYN4e05wbYwLhWkN2x0j/Yr4SuF38DVcbYIKsBTUM7RClbB0iXFfptZGSys8iHnRN86yUeShxSa9lQDgTFkhOEhktiRQzi4IcEc9MZh2YJM5ZAifCUDKfWjKwajK9JEDenNLHmfbBoDoq7i4rtphIGnjD8zPfCjlw==
T5E99igQ5Ocqi2BOnA6Co6uxTf7eAPpeqlPJVILLwrG6wFUqi85jpFPJZHmolO9ak1qWuHWRysZI6n7PjQPq6KoZ+thGGyK1v+5g/NmPwj4kDwDshUaDlEZH8Fzo9C65x8n9sN/e9eW1ltgRFtNBLdbeDFfF2T/wboyncACP0MyPm+kLHTxYwlRduK1fMoM5fI6HM3x6Oa0Ill+VeEXjVAqzcwGW589miVIN8npweW+cQi+M6LLFlkrUnIcOgVlErJ7RfSsIN/WjkA==
7zxbiJYRXrW6Eimd1EWBhYUS8c5aeMP0fABLmmTXXY7IwLyyv0M7v9UJQXPuSiBUxz1ny5XQeTHaELOYvcBm4eCIRQKGDKnSoKgwP2nuRUX8MKOcoGYN4e05wbYwLhWkN2x0j/Yr4SuF38DVcbYIKsBTUM7RClbB0iXFfptZGSys8iHnRN86yUeShxSa9lQDgTFkhOEhktiRQzi4IcEc9MZh2YJM5ZAifCUDKfWjKwajK9JEDenNLHmfYxkDoq7i4rtphIGnjD8zPfCjlw==
Ep9JqMzfRMToPUU4U/Br+quxTf7eAPpeqlPJVILLwrG6wFUqi85jpFPJZHmolO9ak1qWuHWRysZI6n7PjQPq6KoZ+thGGyK1v+5g/NmPwj4kDwDshUaDlEZH8Fzo9C65x8n9sN/e9eW1ltgRFtNBLdbeDFfF2T/wboyncACP0MyPm+kLHTxYwlRduK1fMoM5fI6HM3x6Oa0Ill+VeEXjVAqzcwGW589miVIN8npweW+cQi+M6LLFlknUnIcOgVlErJ7RfSsIN/WjkA==
Y85XFYLH6Bw1xZswsTR+xoUS8c5aeMP0fABLmmTXXY7IwLyyv0M7v9UJQXPuSiBUxz1ny5XQeTHaELOYvcBm4eCIRQKGDKnSoKgwP2nuRUX8MKOcoGYN4e05wbYwLhWkN2x0j/Yr4SuF38DVcbYIKsBTUM7RClbB0iXFfptZGSys8iHnRN86yUeShxSa9lQDgTFkhOEhktiRQzi4IcEc9MZh2YJM5ZAifCUDKfWjKwajK9JEDenNLHmfbRoDoa7i4rtphIGnjD8zPfCjlw==
IRSXAmc9l8BM+1KBAiR2zKuxTf7eAPpeqlPJVILLwrG6wFUqi85jpFPJZHmolO9ak1qWuHWRysZI6n7PjQPq6KoZ+thGGyK1v+5g/NmPwj4kDwDshUaDlEZH8Fzo9C65x8n9sN/e9eW1ltgRFtNBLdbeDFfF2T/wboyncACP0MyPm+kLHTxYwlRduK1fMoM5fI6HM3x6Oa0Ill+VeEXjVAqzcwGW589miVIN8npweW+cQi+M6LLFmUrUn4cOgVlErJ7RfSsIN/WjkA==
U51n24m8+SbY6phRa9RocYUS8c5aeMP0fABLmmTXXY7IwLyyv0M7v9UJQXPuSiBUxz1ny5XQeTHaELOYvcBm4eCIRQKGDKnSoKgwP2nuRUX8MKOcoGYN4e05wbYwLhWkN2x0j/Yr4SuF38DVcbYIKsBTUM7RClbB0iXFfptZGSys8iHnRN86yUeShxSa9lQDgTFkhOEhktiRQzi4IcEc9MZh2YJM5ZAifCUDKfWjKwajK9JEDenNLHmfaRgDoa7i4rtphIGnjD8zPfCjlw==
zu0kEQuynrjUgQYf47+OjquxTf7eAPpeqlPJVILLwrG6wFUqi85jpFPJZHmolO9ak1qWuHWRysZI6n7PjQPq6KoZ+thGGyK1v+5g/NmPwj4kDwDshUaDlEZH8Fzo9C65x8n9sN/e9eW1ltgRFtNBLdbeDFfF2T/wboyncACP0MyPm+kLHTxYwlRduK1fMoM5fI6HM3x6Oa0Ill+VeEXjVAqzcwGW589miVIN8npweW+cQi+M6LLFnEjUn4cOgVlErJ7RfSsIN/WjkA==
zu0kEQuynrjUgQYf47+OjquxTf7eAPpeqlPJVILLwrG6wFUqi85jpFPJZHmolO9ak1qWuHWRysZI6n7PjQPq6KoZ+thGGyK1v+5g/NmPwj4kDwDshUaDlEZH8Fzo9C65x8n9sN/e9eW1ltgRFtNBLdbeDFfF2T/wboyncACP0MyPm+kLHTxYwlRduK1fMoM5fI6HM3x6Oa0Ill+VeEXjVAqzcwGW589miVIN8npweW+cQi+M6LLFnEjUn4cOgVlErJ7RfSsIN/WjkA==
zu0kEQuynrjUgQYf47+OjquxTf7eAPpeqlPJVILLwrG6wFUqi85jpFPJZHmolO9ak1qWuHWRysZI6n7PjQPq6KoZ+thGGyK1v+5g/NmPwj4kDwDshUaDlEZH8Fzo9C65x8n9sN/e9eW1ltgRFtNBLdbeDFfF2T/wboyncACP0MyPm+kLHTxYwlRduK1fMoM5fI6HM3x6Oa0Ill+VeEXjVAqzcwGW589miVIN8npweW+cQi+M6LLFnEjUn4cOgVlErJ7RfSsIN/WjkA==
zu0kEQuynrjUgQYf47+OjquxTf7eAPpeqlPJVILLwrG6wFUqi85jpFPJZHmolO9ak1qWuHWRysZI6n7PjQPq6KoZ+thGGyK1v+5g/NmPwj4kDwDshUaDlEZH8Fzo9C65x8n9sN/e9eW1ltgRFtNBLdbeDFfF2T/wboyncACP0MyPm+kLHTxYwlRduK1fMoM5fI6HM3x6Oa0Ill+VeEXjVAqzcwGW589miVIN8npweW+cQi+M6LLFnEjUn4cOgVlErJ7RfSsIN/WjkA==
zu0kEQuynrjUgQYf47+OjquxTf7eAPpeqlPJVILLwrG6wFUqi85jpFPJZHmolO9ak1qWuHWRysZI6n7PjQPq6KoZ+thGGyK1v+5g/NmPwj4kDwDshUaDlEZH8Fzo9C65x8n9sN/e9eW1ltgRFtNBLdbeDFfF2T/wboyncACP0MyPm+kLHTxYwlRduK1fMoM5fI6HM3x6Oa0Ill+VeEXjVAqzcwGW589miVIN8npweW+cQi+M6LLFnEjUn4cOgVlErJ7RfSsIN/WjkA==
zu0kEQuynrjUgQYf47+OjquxTf7eAPpeqlPJVILLwrG6wFUqi85jpFPJZHmolO9ak1qWuHWRysZI6n7PjQPq6KoZ+thGGyK1v+5g/NmPwj4kDwDshUaDlEZH8Fzo9C65x8n9sN/e9eW1ltgRFtNBLdbeDFfF2T/wboyncACP0MyPm+kLHTxYwlRduK1fMoM5fI6HM3x6Oa0Ill+VeEXjVAqzcwGW589miVIN8npweW+cQi+M6LLFnEjUn4cOgVlErJ7RfSsIN/WjkA==
ftsNAtSlSOKaWGGUsTntzlnd7cVBNmmZ0HhDtsh2f0pKEG3Z3vWwaFm5/9zONxqU/QbLYrY2DEirkhCgab4orsvJxkOlkpw0tQMzujtzowo=
1sv4Av5gnzzDQBTlxApttno3hQTHpt3hr+rLYkM82ZaIhAloaPzTCqCivwaSNB3F1oGQRCF9L6Bmo5oYZWJ7vv4C7CSTlgCcgepoYpNtNt8tZjyYTUdjRhNnowY=
UIUjIwLJ7ssrEhU2wR2EFmY/mU3Ysczg4P2ZNA0y1p6JiEpjaPzTCqCivwaSNB3F1oGQRCF9L6Bmo5oYZWJ7vv4C7CSTlgCcgepoYpNtNt8tZjyYTUdjRhNnowY=
tQ2wdSaJXTkoxlB8i1hk/YUS8c5aeMP0fABLmmTXXY7IwLyyv0M7v9UJQXPuSiBUxz1ny5XQeTHaELOYvcBm4eCIRQKGDKnSoKgwP2nuRUX8MKOcoGYN4e05wbYwLhWkN2x0j/Yr4SuF38DVcbYIKsBTUM7RClbB0iXFfptZGSys8iHnRN86yUeShxSa9lQDgTFkhOEhktiRQzi4IcEc9MZh2YJM5ZAifCUDKfWjKwajK9JEDenNLHmfbh8Doa7i4rtphIGnjD8zPfCjlw==
bDbXT6Ha3KMTumyPs1WhqKuxTf7eAPpeqlPJVILLwrG6wFUqi85jpFPJZHmolO9ak1qWuHWRysZI6n7PjQPq6KoZ+thGGyK1v+5g/NmPwj4kDwDshUaDlEZH8Fzo9C65x8n9sN/e9eW1ltgRFtNBLdbeDFfF2T/wboyncACP0MyPm+kLHTxYwlRduK1fMoM5fI6HM3x6Oa0Ill+VeEXjVAqzcwGW589miVIN8npweW+cQi+M6LLFm0/Un4cOgVlErJ7RfSsIN/WjkA==
ESL+S8nYb/y85oNYGFo6boUS8c5aeMP0fABLmmTXXY7IwLyyv0M7v9UJQXPuSiBUxz1ny5XQeTHaELOYvcBm4eCIRQKGDKnSoKgwP2nuRUX8MKOcoGYN4e05wbYwLhWkN2x0j/Yr4SuF38DVcbYIKsBTUM7RClbB0iXFfptZGSys8iHnRN86yUeShxSa9lQDgTFkhOEhktiRQzi4IcEc9MZh2YJM5ZAifCUDKfWjKwajK9JEDenNLHmfah4Doa7i4rtphIGnjD8zPfCjlw==
TJDkKVQEArAx32s7PLF086uxTf7eAPpeqlPJVILLwrG6wFUqi85jpFPJZHmolO9ak1qWuHWRysZI6n7PjQPq6KoZ+thGGyK1v+5g/NmPwj4kDwDshUaDlEZH8Fzo9C65x8n9sN/e9eW1ltgRFtNBLdbeDFfF2T/wboyncACP0MyPm+kLHTxYwlRduK1fMoM5fI6HM3x6Oa0Ill+VeEXjVAqzcwGW589miVIN8npweW+cQi+M6LLFn07Un4cOgVlErJ7RfSsIN/WjkA==
Ex6XipkmDZXKyfIUERzUI4US8c5aeMP0fABLmmTXXY7IwLyyv0M7v9UJQXPuSiBUxz1ny5XQeTHaELOYvcBm4eCIRQKGDKnSoKgwP2nuRUX8MKOcoGYN4e05wbYwLhWkN2x0j/Yr4SuF38DVcbYIKsBTUM7RClbB0iXFfptZGSys8iHnRN86yUeShxSa9lQDgTFkhOEhktiRQzi4IcEc9MZh2YJM5ZAifCUDKfWjKwajK9JEDenNLHmfaB8DoK7i4rtphIGnjD8zPfCjlw==
TzEt5luAo7hvIIPJg+9IqYUS8c5aeMP0fABLmmTXXY7IwLyyv0M7v9UJQXPuSiBUxz1ny5XQeTHaELOYvcBm4eCIRQKGDKnSoKgwP2nuRUX8MKOcoGYN4e05wbYwLhWkN2x0j/Yr4SuF38DVcbYIKsBTUM7RClbB0iXFfptZGSys8iHnRN86yUeShxSa9lQDgTFkhOEhktiRQzi4IcEc9MZh2YJM5ZAifCUDKfWjKwajK9JEDenNLHmfYh8DoK7i4rtphIGnjD8zPfCjlw==
5bvaKGYIkANFs+f4CLYVb6uxTf7eAPpeqlPJVILLwrG6wFUqi85jpFPJZHmolO9ak1qWuHWRysZI6n7PjQPq6KoZ+thGGyK1v+5g/NmPwj4kDwDshUaDlEZH8Fzo9C65x8n9sN/e9eW1ltgRFtNBLdbeDFfF2T/wboyncACP0MyPm+kLHTxYwlRduK1fMoM5fI6HM3x6Oa0Ill+VeEXjVAqzcwGW589miVIN8npweW+cQi+M6LLFl0/UnocOgVlErJ7RfSsIN/WjkA==
tC20b9dIpQl/EKMfGS8jcoUS8c5aeMP0fABLmmTXXY7IwLyyv0M7v9UJQXPuSiBUxz1ny5XQeTHaELOYvcBm4eCIRQKGDKnSoKgwP2nuRUX8MKOcoGYN4e05wbYwLhWkN2x0j/Yr4SuF38DVcbYIKsBTUM7RClbB0iXFfptZGSys8iHnRN86yUeShxSa9lQDgTFkhOEhktiRQzi4IcEc9MZh2YJM5ZAifCUDKfWjKwajK9JEDenNLHmfaRgDr67i4rtphIGnjD8zPfCjlw==
LcRlOfy3sHU6eo0MOfc7NauxTf7eAPpeqlPJVILLwrG6wFUqi85jpFPJZHmolO9ak1qWuHWRysZI6n7PjQPq6KoZ+thGGyK1v+5g/NmPwj4kDwDshUaDlEZH8Fzo9C65x8n9sN/e9eW1ltgRFtNBLdbeDFfF2T/wboyncACP0MyPm+kLHTxYwlRduK1fMoM5fI6HM3x6Oa0Ill+VeEXjVAqzcwGW589miVIN8npweW+cQi+M6LLFnEjUkYcOgVlErJ7RfSsIN/WjkA==
LcRlOfy3sHU6eo0MOfc7NauxTf7eAPpeqlPJVILLwrG6wFUqi85jpFPJZHmolO9ak1qWuHWRysZI6n7PjQPq6KoZ+thGGyK1v+5g/NmPwj4kDwDshUaDlEZH8Fzo9C65x8n9sN/e9eW1ltgRFtNBLdbeDFfF2T/wboyncACP0MyPm+kLHTxYwlRduK1fMoM5fI6HM3x6Oa0Ill+VeEXjVAqzcwGW589miVIN8npweW+cQi+M6LLFnEjUkYcOgVlErJ7RfSsIN/WjkA==
LcRlOfy3sHU6eo0MOfc7NauxTf7eAPpeqlPJVILLwrG6wFUqi85jpFPJZHmolO9ak1qWuHWRysZI6n7PjQPq6KoZ+thGGyK1v+5g/NmPwj4kDwDshUaDlEZH8Fzo9C65x8n9sN/e9eW1ltgRFtNBLdbeDFfF2T/wboyncACP0MyPm+kLHTxYwlRduK1fMoM5fI6HM3x6Oa0Ill+VeEXjVAqzcwGW589miVIN8npweW+cQi+M6LLFnEjUkYcOgVlErJ7RfSsIN/WjkA==
LcRlOfy3sHU6eo0MOfc7NauxTf7eAPpeqlPJVILLwrG6wFUqi85jpFPJZHmolO9ak1qWuHWRysZI6n7PjQPq6KoZ+thGGyK1v+5g/NmPwj4kDwDshUaDlEZH8Fzo9C65x8n9sN/e9eW1ltgRFtNBLdbeDFfF2T/wboyncACP0MyPm+kLHTxYwlRduK1fMoM5fI6HM3x6Oa0Ill+VeEXjVAqzcwGW589miVIN8npweW+cQi+M6LLFnEjUkYcOgVlErJ7RfSsIN/WjkA==
LcRlOfy3sHU6eo0MOfc7NauxTf7eAPpeqlPJVILLwrG6wFUqi85jpFPJZHmolO9ak1qWuHWRysZI6n7PjQPq6KoZ+thGGyK1v+5g/NmPwj4kDwDshUaDlEZH8Fzo9C65x8n9sN/e9eW1ltgRFtNBLdbeDFfF2T/wboyncACP0MyPm+kLHTxYwlRduK1fMoM5fI6HM3x6Oa0Ill+VeEXjVAqzcwGW589miVIN8npweW+cQi+M6LLFnEjUkYcOgVlErJ7RfSsIN/WjkA==
UlEgmEzn7snbuIjN5h69wYUS8c5aeMP0fABLmmTXXY7IwLyyv0M7v9UJQXPuSiBUxz1ny5XQeTHaELOYvcBm4eCIRQKGDKnSoKgwP2nuRUX8MKOcoGYN4e05wbYwLhWkN2x0j/Yr4SuF38DVcbYIKsBTUM7RClbB0iXFfptZGSys8iHnRN86yUeShxSa9lQDgTFkhOEhktiRQzi4IcEc9MZh2YJM5ZAifCUDKfWjKwajK9JEDenNLHmfaB4Dp63i4rtphIGnjD8zPfCjlw==
JgNo0hz8BfY2/jQOG5FH3auxTf7eAPpeqlPJVILLwrG6wFUqi85jpFPJZHmolO9ak1qWuHWRysZI6n7PjQPq6KoZ+thGGyK1v+5g/NmPwj4kDwDshUaDlEZH8Fzo9C65x8n9sN/e9eW1ltgRFtNBLdbeDFfF2T/wboyncACP0MyPm+kLHTxYwlRduK1fMoM5fI6HM3x6Oa0Ill+VeEXjVAqzcwGW589miVIN8npweW+cQi+M6LLFnU7UmYQOgVlErJ7RfSsIN/WjkA==
JgNo0hz8BfY2/jQOG5FH3auxTf7eAPpeqlPJVILLwrG6wFUqi85jpFPJZHmolO9ak1qWuHWRysZI6n7PjQPq6KoZ+thGGyK1v+5g/NmPwj4kDwDshUaDlEZH8Fzo9C65x8n9sN/e9eW1ltgRFtNBLdbeDFfF2T/wboyncACP0MyPm+kLHTxYwlRduK1fMoM5fI6HM3x6Oa0Ill+VeEXjVAqzcwGW589miVIN8npweW+cQi+M6LLFnU7UmYQOgVlErJ7RfSsIN/WjkA==
JgNo0hz8BfY2/jQOG5FH3auxTf7eAPpeqlPJVILLwrG6wFUqi85jpFPJZHmolO9ak1qWuHWRysZI6n7PjQPq6KoZ+thGGyK1v+5g/NmPwj4kDwDshUaDlEZH8Fzo9C65x8n9sN/e9eW1ltgRFtNBLdbeDFfF2T/wboyncACP0MyPm+kLHTxYwlRduK1fMoM5fI6HM3x6Oa0Ill+VeEXjVAqzcwGW589miVIN8npweW+cQi+M6LLFnU7UmYQOgVlErJ7RfSsIN/WjkA==
JgNo0hz8BfY2/jQOG5FH3auxTf7eAPpeqlPJVILLwrG6wFUqi85jpFPJZHmolO9ak1qWuHWRysZI6n7PjQPq6KoZ+thGGyK1v+5g/NmPwj4kDwDshUaDlEZH8Fzo9C65x8n9sN/e9eW1ltgRFtNBLdbeDFfF2T/wboyncACP0MyPm+kLHTxYwlRduK1fMoM5fI6HM3x6Oa0Ill+VeEXjVAqzcwGW589miVIN8npweW+cQi+M6LLFnU7UmYQOgVlErJ7RfSsIN/WjkA==
JgNo0hz8BfY2/jQOG5FH3auxTf7eAPpeqlPJVILLwrG6wFUqi85jpFPJZHmolO9ak1qWuHWRysZI6n7PjQPq6KoZ+thGGyK1v+5g/NmPwj4kDwDshUaDlEZH8Fzo9C65x8n9sN/e9eW1ltgRFtNBLdbeDFfF2T/wboyncACP0MyPm+kLHTxYwlRduK1fMoM5fI6HM3x6Oa0Ill+VeEXjVAqzcwGW589miVIN8npweW+cQi+M6LLFnU7UmYQOgVlErJ7RfSsIN/WjkA==
1Zd/XRu5D8iZsreqKNHbwYUS8c5aeMP0fABLmmTXXY7IwLyyv0M7v9UJQXPuSiBUxz1ny5XQeTHaELOYvcBm4eCIRQKGDKnSoKgwP2nuRUX8MKOcoGYN4e05wbYwLhWkN2x0j/Yr4SuF38DVcbYIKsBTUM7RClbB0iXFfptZGSys8iHnRN86yUeShxSa9lQDgTFkhOEhktiRQzi4IcEc9MZh2YJM5ZAifCUDKfWjKwajK9JEDenNLHmfbBkDpq3i4rtphIGnjD8zPfCjlw==
+gbV0FvR+YjqHzIeDGZJQKuxTf7eAPpeqlPJVILLwrG6wFUqi85jpFPJZHmolO9ak1qWuHWRysZI6n7PjQPq6KoZ+thGGyK1v+5g/NmPwj4kDwDshUaDlEZH8Fzo9C65x8n9sN/e9eW1ltgRFtNBLdbeDFfF2T/wboyncACP0MyPm+kLHTxYwlRduK1fMoM5fI6HM3x6Oa0Ill+VeEXjVAqzcwGW589miVIN8npweW+cQi+M6LLFmUnUmIQOgVlErJ7RfSsIN/WjkA==
blPu+qMEwQzpKCD723/yfoUS8c5aeMP0fABLmmTXXY7IwLyyv0M7v9UJQXPuSiBUxz1ny5XQeTHaELOYvcBm4eCIRQKGDKnSoKgwP2nuRUX8MKOcoGYN4e05wbYwLhWkN2x0j/Yr4SuF38DVcbYIKsBTUM7RClbB0iXFfptZGSys8iHnRN86yUeShxSa9lQDgTFkhOEhktiRQzi4IcEc9MZh2YJM5ZAifCUDKfWjKwajK9JEDenNLHmfYxgDpq3i4rtphIGnjD8zPfCjlw==
pJ3lAgQMJeKxsgzYEDPOe6uxTf7eAPpeqlPJVILLwrG6wFUqi85jpFPJZHmolO9ak1qWuHWRysZI6n7PjQPq6KoZ+thGGyK1v+5g/NmPwj4kDwDshUaDlEZH8Fzo9C65x8n9sN/e9eW1ltgRFtNBLdbeDFfF2T/wboyncACP0MyPm+kLHTxYwlRduK1fMoM5fI6HM3x6Oa0Ill+VeEXjVAqzcwGW589miVIN8npweW+cQi+M6LLFlkjUmIQOgVlErJ7RfSsIN/WjkA==
+yJyUio9GwRV/F52HgIOOYUS8c5aeMP0fABLmmTXXY7IwLyyv0M7v9UJQXPuSiBUxz1ny5XQeTHaELOYvcBm4eCIRQKGDKnSoKgwP2nuRUX8MKOcoGYN4e05wbYwLhWkN2x0j/Yr4SuF38DVcbYIKsBTUM7RClbB0iXFfptZGSys8iHnRN86yUeShxSa9lQDgTFkhOEhktiRQzi4IcEc9MZh2YJM5ZAifCUDKfWjKwajK9JEDenNLHmfax8Dpa3i4rtphIGnjD8zPfCjlw==
nxv8OC62OpQAr3iAxdpdhKuxTf7eAPpeqlPJVILLwrG6wFUqi85jpFPJZHmolO9ak1qWuHWRysZI6n7PjQPq6KoZ+thGGyK1v+5g/NmPwj4kDwDshUaDlEZH8Fzo9C65x8n9sN/e9eW1ltgRFtNBLdbeDFfF2T/wboyncACP0MyPm+kLHTxYwlRduK1fMoM5fI6HM3x6Oa0Ill+VeEXjVAqzcwGW589miVIN8npweW+cQi+M6LLFnk/Um4QOgVlErJ7RfSsIN/WjkA==
Q/pJGiKIfuLWztYlcJJt3YUS8c5aeMP0fABLmmTXXY7IwLyyv0M7v9UJQXPuSiBUxz1ny5XQeTHaELOYvcBm4eCIRQKGDKnSoKgwP2nuRUX8MKOcoGYN4e05wbYwLhWkN2x0j/Yr4SuF38DVcbYIKsBTUM7RClbB0iXFfptZGSys8iHnRN86yUeShxSa9lQDgTFkhOEhktiRQzi4IcEc9MZh2YJM5ZAifCUDKfWjKwajK9JEDenNLHmfaxgDpK3i4rtphIGnjD8zPfCjlw==
oaWaKKnLtY391k2ZrJ1UVKuxTf7eAPpeqlPJVILLwrG6wFUqi85jpFPJZHmolO9ak1qWuHWRysZI6n7PjQPq6KoZ+thGGyK1v+5g/NmPwj4kDwDshUaDlEZH8Fzo9C65x8n9sN/e9eW1ltgRFtNBLdbeDFfF2T/wboyncACP0MyPm+kLHTxYwlRduK1fMoM5fI6HM3x6Oa0Ill+VeEXjVAqzcwGW589miVIN8npweW+cQi+M6LLFnkjUmoQOgVlErJ7RfSsIN/WjkA==
YPjLAXM6ZgPqBO08KqSs6oUS8c5aeMP0fABLmmTXXY7IwLyyv0M7v9UJQXPuSiBUxz1ny5XQeTHaELOYvcBm4eCIRQKGDKnSoKgwP2nuRUX8MKOcoGYN4e05wbYwLhWkN2x0j/Yr4SuF38DVcbYIKsBTUM7RClbB0iXFfptZGSys8iHnRN86yUeShxSa9lQDgTFkhOEhktiRQzi4IcEc9MZh2YJM5ZAifCUDKfWjKwajK9JEDenNLHmfYh4DpK3i4rtphIGnjD8zPfCjlw==
sblWGv+ERxWGudPfBsUAvauxTf7eAPpeqlPJVILLwrG6wFUqi85jpFPJZHmolO9ak1qWuHWRysZI6n7PjQPq6KoZ+thGGyK1v+5g/NmPwj4kDwDshUaDlEZH8Fzo9C65x8n9sN/e9eW1ltgRFtNBLdbeDFfF2T/wboyncACP0MyPm+kLHTxYwlRduK1fMoM5fI6HM3x6Oa0Ill+VeEXjVAqzcwGW589miVIN8npweW+cQi+M6LLFl07UmoQOgVlErJ7RfSsIN/WjkA==
yiGxYdPcmKHRpRp2/njnx4US8c5aeMP0fABLmmTXXY7IwLyyv0M7v9UJQXPuSiBUxz1ny5XQeTHaELOYvcBm4eCIRQKGDKnSoKgwP2nuRUX8MKOcoGYN4e05wbYwLhWkN2x0j/Yr4SuF38DVcbYIKsBTUM7RClbB0iXFfptZGSys8iHnRN86yUeShxSa9lQDgTFkhOEhktiRQzi4IcEc9MZh2YJM5ZAifCUDKfWjKwajK9JEDenNLHmfaB8Do63i4rtphIGnjD8zPfCjlw==
BahimjAEXsU0iz+RchLoV6uxTf7eAPpeqlPJVILLwrG6wFUqi85jpFPJZHmolO9ak1qWuHWRysZI6n7PjQPq6KoZ+thGGyK1v+5g/NmPwj4kDwDshUaDlEZH8Fzo9C65x8n9sN/e9eW1ltgRFtNBLdbeDFfF2T/wboyncACP0MyPm+kLHTxYwlRduK1fMoM5fI6HM3x6Oa0Ill+VeEXjVAqzcwGW589miVIN8npweW+cQi+M6LLFnU/UnYQOgVlErJ7RfSsIN/WjkA==
BahimjAEXsU0iz+RchLoV6uxTf7eAPpeqlPJVILLwrG6wFUqi85jpFPJZHmolO9ak1qWuHWRysZI6n7PjQPq6KoZ+thGGyK1v+5g/NmPwj4kDwDshUaDlEZH8Fzo9C65x8n9sN/e9eW1ltgRFtNBLdbeDFfF2T/wboyncACP0MyPm+kLHTxYwlRduK1fMoM5fI6HM3x6Oa0Ill+VeEXjVAqzcwGW589miVIN8npweW+cQi+M6LLFnU/UnYQOgVlErJ7RfSsIN/WjkA==
BahimjAEXsU0iz+RchLoV6uxTf7eAPpeqlPJVILLwrG6wFUqi85jpFPJZHmolO9ak1qWuHWRysZI6n7PjQPq6KoZ+thGGyK1v+5g/NmPwj4kDwDshUaDlEZH8Fzo9C65x8n9sN/e9eW1ltgRFtNBLdbeDFfF2T/wboyncACP0MyPm+kLHTxYwlRduK1fMoM5fI6HM3x6Oa0Ill+VeEXjVAqzcwGW589miVIN8npweW+cQi+M6LLFnU/UnYQOgVlErJ7RfSsIN/WjkA==
BahimjAEXsU0iz+RchLoV6uxTf7eAPpeqlPJVILLwrG6wFUqi85jpFPJZHmolO9ak1qWuHWRysZI6n7PjQPq6KoZ+thGGyK1v+5g/NmPwj4kDwDshUaDlEZH8Fzo9C65x8n9sN/e9eW1ltgRFtNBLdbeDFfF2T/wboyncACP0MyPm+kLHTxYwlRduK1fMoM5fI6HM3x6Oa0Ill+VeEXjVAqzcwGW589miVIN8npweW+cQi+M6LLFnU/UnYQOgVlErJ7RfSsIN/WjkA==
BahimjAEXsU0iz+RchLoV6uxTf7eAPpeqlPJVILLwrG6wFUqi85jpFPJZHmolO9ak1qWuHWRysZI6n7PjQPq6KoZ+thGGyK1v+5g/NmPwj4kDwDshUaDlEZH8Fzo9C65x8n9sN/e9eW1ltgRFtNBLdbeDFfF2T/wboyncACP0MyPm+kLHTxYwlRduK1fMoM5fI6HM3x6Oa0Ill+VeEXjVAqzcwGW589miVIN8npweW+cQi+M6LLFnU/UnYQOgVlErJ7RfSsIN/WjkA==
M2/0p3HB7yl3dJb5+lYI44US8c5aeMP0fABLmmTXXY7IwLyyv0M7v9UJQXPuSiBUxz1ny5XQeTHaELOYvcBm4eCIRQKGDKnSoKgwP2nuRUX8MKOcoGYN4e05wbYwLhWkN2x0j/Yr4SuF38DVcbYIKsBTUM7RClbB0iXFfptZGSys8iHnRN86yUeShxSa9lQDgTFkhOEhktiRQzi4IcEc9MZh2YJM5ZAifCUDKfWjKwajK9JEDenNLHmfYx4Doq3i4rtphIGnjD8zPfCjlw==
kqh86BxwsKTRnj7cGeAwLKuxTf7eAPpeqlPJVILLwrG6wFUqi85jpFPJZHmolO9ak1qWuHWRysZI6n7PjQPq6KoZ+thGGyK1v+5g/NmPwj4kDwDshUaDlEZH8Fzo9C65x8n9sN/e9eW1ltgRFtNBLdbeDFfF2T/wboyncACP0MyPm+kLHTxYwlRduK1fMoM5fI6HM3x6Oa0Ill+VeEXjVAqzcwGW589miVIN8npweW+cQi+M6LLFlk7UnIQOgVlErJ7RfSsIN/WjkA==
OEAZWX9J0cKlQVz7THM3s4US8c5aeMP0fABLmmTXXY7IwLyyv0M7v9UJQXPuSiBUxz1ny5XQeTHaELOYvcBm4eCIRQKGDKnSoKgwP2nuRUX8MKOcoGYN4e05wbYwLhWkN2x0j/Yr4SuF38DVcbYIKsBTUM7RClbB0iXFfptZGSys8iHnRN86yUeShxSa9lQDgTFkhOEhktiRQzi4IcEc9MZh2YJM5ZAifCUDKfWjKwajK9JEDenNLHmfbhsDoa3i4rtphIGnjD8zPfCjlw==
nwhzwR3Eiqvnb4CIaoitbIUS8c5aeMP0fABLmmTXXY7IwLyyv0M7v9UJQXPuSiBUxz1ny5XQeTHaELOYvcBm4eCIRQKGDKnSoKgwP2nuRUX8MKOcoGYN4e05wbYwLhWkN2x0j/Yr4SuF38DVcbYIKsBTUM7RClbB0iXFfptZGSys8iHnRN86yUeShxSa9lQDgTFkhOEhktiRQzi4IcEc9MZh2YJM5ZAifCUDKfWjKwajK9JEDenNLHmfbB8Doa3i4rtphIGnjD8zPfCjlw==
zCv6fEc6wwBoHqVME0J7NauxTf7eAPpeqlPJVILLwrG6wFUqi85jpFPJZHmolO9ak1qWuHWRysZI6n7PjQPq6KoZ+thGGyK1v+5g/NmPwj4kDwDshUaDlEZH8Fzo9C65x8n9sN/e9eW1ltgRFtNBLdbeDFfF2T/wboyncACP0MyPm+kLHTxYwlRduK1fMoM5fI6HM3x6Oa0Ill+VeEXjVAqzcwGW589miVIN8npweW+cQi+M6LLFmU/Un4QOgVlErJ7RfSsIN/WjkA==
zCv6fEc6wwBoHqVME0J7NauxTf7eAPpeqlPJVILLwrG6wFUqi85jpFPJZHmolO9ak1qWuHWRysZI6n7PjQPq6KoZ+thGGyK1v+5g/NmPwj4kDwDshUaDlEZH8Fzo9C65x8n9sN/e9eW1ltgRFtNBLdbeDFfF2T/wboyncACP0MyPm+kLHTxYwlRduK1fMoM5fI6HM3x6Oa0Ill+VeEXjVAqzcwGW589miVIN8npweW+cQi+M6LLFmU/Un4QOgVlErJ7RfSsIN/WjkA==
zCv6fEc6wwBoHqVME0J7NauxTf7eAPpeqlPJVILLwrG6wFUqi85jpFPJZHmolO9ak1qWuHWRysZI6n7PjQPq6KoZ+thGGyK1v+5g/NmPwj4kDwDshUaDlEZH8Fzo9C65x8n9sN/e9eW1ltgRFtNBLdbeDFfF2T/wboyncACP0MyPm+kLHTxYwlRduK1fMoM5fI6HM3x6Oa0Ill+VeEXjVAqzcwGW589miVIN8npweW+cQi+M6LLFmU/Un4QOgVlErJ7RfSsIN/WjkA==
zCv6fEc6wwBoHqVME0J7NauxTf7eAPpeqlPJVILLwrG6wFUqi85jpFPJZHmolO9ak1qWuHWRysZI6n7PjQPq6KoZ+thGGyK1v+5g/NmPwj4kDwDshUaDlEZH8Fzo9C65x8n9sN/e9eW1ltgRFtNBLdbeDFfF2T/wboyncACP0MyPm+kLHTxYwlRduK1fMoM5fI6HM3x6Oa0Ill+VeEXjVAqzcwGW589miVIN8npweW+cQi+M6LLFmU/Un4QOgVlErJ7RfSsIN/WjkA==
zCv6fEc6wwBoHqVME0J7NauxTf7eAPpeqlPJVILLwrG6wFUqi85jpFPJZHmolO9ak1qWuHWRysZI6n7PjQPq6KoZ+thGGyK1v+5g/NmPwj4kDwDshUaDlEZH8Fzo9C65x8n9sN/e9eW1ltgRFtNBLdbeDFfF2T/wboyncACP0MyPm+kLHTxYwlRduK1fMoM5fI6HM3x6Oa0Ill+VeEXjVAqzcwGW589miVIN8npweW+cQi+M6LLFmU/Un4QOgVlErJ7RfSsIN/WjkA==
zCv6fEc6wwBoHqVME0J7NauxTf7eAPpeqlPJVILLwrG6wFUqi85jpFPJZHmolO9ak1qWuHWRysZI6n7PjQPq6KoZ+thGGyK1v+5g/NmPwj4kDwDshUaDlEZH8Fzo9C65x8n9sN/e9eW1ltgRFtNBLdbeDFfF2T/wboyncACP0MyPm+kLHTxYwlRduK1fMoM5fI6HM3x6Oa0Ill+VeEXjVAqzcwGW589miVIN8npweW+cQi+M6LLFmU/Un4QOgVlErJ7RfSsIN/WjkA==
S7wnHQ+qHx4PCWtyEWTko4US8c5aeMP0fABLmmTXXY7IwLyyv0M7v9UJQXPuSiBUxz1ny5XQeTHaELOYvcBm4eCIRQKGDKnSoKgwP2nuRUX8MKOcoGYN4e05wbYwLhWkN2x0j/Yr4SuF38DVcbYIKsBTUM7RClbB0iXFfptZGSys8iHnRN86yUeShxSa9lQDgTFkhOEhktiRQzi4IcEc9MZh2YJM5ZAifCUDKfWjKwajK9JEDenNLHmfbBgDp6/i4Llpi4GnjD8zPeGulA==
YkeGLscoODymLznEYlWkjoUS8c5aeMP0fABLmmTXXY7IwLyyv0M7v9UJQXPuSiBUxz1ny5XQeTHaELOYvcBm4eCIRQKGDKnSoKgwP2nuRUX8MKOcoGYN4e05wbYwLhWkN2x0j/Yr4SuF38DVcbYIKsBTUM7RClbB0iXFfptZGSys8iHnRN86yUeShxSa9lQDgTFkhOEhktiRQzi4IcEc9MZh2YJM5ZAifCUDKfWjKwajK9JEDenNLHmfbB4Dp6/i4Llpi4GnjD8zPeGulA==
Xt5GHBEUkDRjxgcItNQ5yquxTf7eAPpeqlPJVILLwrG6wFUqi85jpFPJZHmolO9ak1qWuHWRysZI6n7PjQPq6KoZ+thGGyK1v+5g/NmPwj4kDwDshUaDlEZH8Fzo9C65x8n9sN/e9eW1ltgRFtNBLdbeDFfF2T/wboyncACP0MyPm+kLHTxYwlRduK1fMoM5fI6HM3x6Oa0Ill+VeEXjVAqzcwGW589miVIN8npweW+cQi+M6LLFmU7UmYYOg1tEo57RfSsIN+Sukw==
PAzpzQ10UR30Xw55ci58PIUS8c5aeMP0fABLmmTXXY7IwLyyv0M7v9UJQXPuSiBUxz1ny5XQeTHaELOYvcBm4eCIRQKGDKnSoKgwP2nuRUX8MKOcoGYN4e05wbYwLhWkN2x0j/Yr4SuF38DVcbYIKsBTUM7RClbB0iXFfptZGSys8iHnRN86yUeShxSa9lQDgTFkhOEhktiRQzi4IcEc9MZh2YJM5ZAifCUDKfWjKwajK9JEDenNLHmfah4Dpq/i4Llpi4GnjD8zPeGulA==
+6sFJJl9OttbMoZZBTJbDoUS8c5aeMP0fABLmmTXXY7IwLyyv0M7v9UJQXPuSiBUxz1ny5XQeTHaELOYvcBm4eCIRQKGDKnSoKgwP2nuRUX8MKOcoGYN4e05wbYwLhWkN2x0j/Yr4SuF38DVcbYIKsBTUM7RClbB0iXFfptZGSys8iHnRN86yUeShxSa9lQDgTFkhOEhktiRQzi4IcEc9MZh2YJM5ZAifCUDKfWjKwajK9JEDenNLHmfaxoDoqvi4Llpi4GnjD8zPeGulA==
Lg5nASQsQf370l1J5dw3zIUS8c5aeMP0fABLmmTXXY7IwLyyv0M7v9UJQXPuSiBUxz1ny5XQeTHaELOYvcBm4eCIRQKGDKnSoKgwP2nuRUX8MKOcoGYN4e05wbYwLhWkN2x0j/Yr4SuF38DVcbYIKsBTUM7RClbB0iXFfptZGSys8iHnRN86yUeShxSa9lQDgTFkhOEhktiRQzi4IcEc9MZh2YJM5ZAifCUDKfWjKwajK9JEDenNLHmfbBoDoqvi4Llpi4GnjD8zPeGulA==
hO7PleEuPwQQgxHkeZJsSYUS8c5aeMP0fABLmmTXXY7IwLyyv0M7v9UJQXPuSiBUxz1ny5XQeTHaELOYvcBm4eCIRQKGDKnSoKgwP2nuRUX8MKOcoGYN4e05wbYwLhWkN2x0j/Yr4SuF38DVcbYIKsBTUM7RClbB0iXFfptZGSys8iHnRN86yUeShxSa9lQDgTFkhOEhktiRQzi4IcEc9MZh2YJM5ZAifCUDKfWjKwajK9JEDenNLHmfbh8Doqvi4Llpi4GnjD8zPeGulA==
mGkSW12u5dOm4NVDnsy2ZoUS8c5aeMP0fABLmmTXXY7IwLyyv0M7v9UJQXPuSiBUxz1ny5XQeTHaELOYvcBm4eCIRQKGDKnSoKgwP2nuRUX8MKOcoGYN4e05wbYwLhWkN2x0j/Yr4SuF38DVcbYIKsBTUM7RClbB0iXFfptZGSys8iHnRN86yUeShxSa9lQDgTFkhOEhktiRQzi4IcEc9MZh2YJM5ZAifCUDKfWjKwajK9JEDenNLHmfbRoDoavi4Llpi4GnjD8zPeGulA==
c8guvCc6WY7FMRyMU81cK6uxTf7eAPpeqlPJVILLwrG6wFUqi85jpFPJZHmolO9ak1qWuHWRysZI6n7PjQPq6KoZ+thGGyK1v+5g/NmPwj4kDwDshUaDlEZH8Fzo9C65x8n9sN/e9eW1ltgRFtNBLdbeDFfF2T/wboyncACP0MyPm+kLHTxYwlRduK1fMoM5fI6HM3x6Oa0Ill+VeEXjVAqzcwGW589miVIN8npweW+cQi+M6LLFmErUn4IOg1tEo57RfSsIN+Sukw==
c8guvCc6WY7FMRyMU81cK6uxTf7eAPpeqlPJVILLwrG6wFUqi85jpFPJZHmolO9ak1qWuHWRysZI6n7PjQPq6KoZ+thGGyK1v+5g/NmPwj4kDwDshUaDlEZH8Fzo9C65x8n9sN/e9eW1ltgRFtNBLdbeDFfF2T/wboyncACP0MyPm+kLHTxYwlRduK1fMoM5fI6HM3x6Oa0Ill+VeEXjVAqzcwGW589miVIN8npweW+cQi+M6LLFmErUn4IOg1tEo57RfSsIN+Sukw==
c8guvCc6WY7FMRyMU81cK6uxTf7eAPpeqlPJVILLwrG6wFUqi85jpFPJZHmolO9ak1qWuHWRysZI6n7PjQPq6KoZ+thGGyK1v+5g/NmPwj4kDwDshUaDlEZH8Fzo9C65x8n9sN/e9eW1ltgRFtNBLdbeDFfF2T/wboyncACP0MyPm+kLHTxYwlRduK1fMoM5fI6HM3x6Oa0Ill+VeEXjVAqzcwGW589miVIN8npweW+cQi+M6LLFmErUn4IOg1tEo57RfSsIN+Sukw==
c8guvCc6WY7FMRyMU81cK6uxTf7eAPpeqlPJVILLwrG6wFUqi85jpFPJZHmolO9ak1qWuHWRysZI6n7PjQPq6KoZ+thGGyK1v+5g/NmPwj4kDwDshUaDlEZH8Fzo9C65x8n9sN/e9eW1ltgRFtNBLdbeDFfF2T/wboyncACP0MyPm+kLHTxYwlRduK1fMoM5fI6HM3x6Oa0Ill+VeEXjVAqzcwGW589miVIN8npweW+cQi+M6LLFmErUn4IOg1tEo57RfSsIN+Sukw==
c8guvCc6WY7FMRyMU81cK6uxTf7eAPpeqlPJVILLwrG6wFUqi85jpFPJZHmolO9ak1qWuHWRysZI6n7PjQPq6KoZ+thGGyK1v+5g/NmPwj4kDwDshUaDlEZH8Fzo9C65x8n9sN/e9eW1ltgRFtNBLdbeDFfF2T/wboyncACP0MyPm+kLHTxYwlRduK1fMoM5fI6HM3x6Oa0Ill+VeEXjVAqzcwGW589miVIN8npweW+cQi+M6LLFmErUn4IOg1tEo57RfSsIN+Sukw==
c8guvCc6WY7FMRyMU81cK6uxTf7eAPpeqlPJVILLwrG6wFUqi85jpFPJZHmolO9ak1qWuHWRysZI6n7PjQPq6KoZ+thGGyK1v+5g/NmPwj4kDwDshUaDlEZH8Fzo9C65x8n9sN/e9eW1ltgRFtNBLdbeDFfF2T/wboyncACP0MyPm+kLHTxYwlRduK1fMoM5fI6HM3x6Oa0Ill+VeEXjVAqzcwGW589miVIN8npweW+cQi+M6LLFmErUn4IOg1tEo57RfSsIN+Sukw==
r6Qw9p9yMyQQGJVk64eknZPKjFYSj/dkKjTPYAaU7cd6nhPEHUkd7Mm/+RmTwduisNl5C7EHvP/j3RGuZA==
i6CA/lczuOMvLy+xhHiSl0XqcONGZCDrvidD1J6Mc+C6LFl3zja/ZLHhSTydZ6HZzxmPcuQxFevd78gPlyVtrhg=
ZbKWCPvYnpnY1u9JygyORzCxjALs+GwcMYflnWlrKSTmlZJ6/z1DLKD9t4tfWEsg1rf7dFb8a+Ci3BHXdqZXJJnRUdzVtxhYN0lHUvzBfSt1fzBvXxV1rgA=
d64NDJM18arTCIWaVpYIRGuer6my89A2cMTAI8F+SG2cUB4QGmXL/63yyVNfVQqmXuBWK3gl05tbUCcAOn+/xLJEF2BeZHVnsu47BHXZVcwx70OY6xDjwnhJ0cvZN3Sfe21Jrjw=
V53ED/xpDa2TI1yy0bFf6uRanMtpHCkHgzIwLSBZfIMVIA32szIeUCBPFxAVdSPI9aLxk4flcgb2EN6r8JU7e+Mgf8DCr+ekmlQfYFZ0XYdqvkNErSntrFlfyR5jYEtigPmJi+HnrL8TfUGuNA==
10DwryscVPei+ttbZz3uqi6Xiq5BSr3ziw0mVmKIgussjS8rN4jzYA6Hk5Ru7GPgqswpt56WD+Qhgbl8TUeR3r/437JUkYVrLY8YT6cFfa4I
zZbY83dA7wf9ookLNM2UgVdDZ4HdzP7BafNBZFXQiAtlDMhANSD84A+vaJoJ1Adtz6QLC0a+KXRZKiJ9I9vrw+4XgSlrrh4=
+AeR3kR7x/pMNY4HY9sPqYUS8c5aeMP0fABLmmTXXY7IwLyyv0M7v9UJQXPuSiBUxz1ny5XQeTHaELOYvcBm4eCIRQKGDKnSoKgwP2nuRUX8MKOcoGYN4e05wbYwLhWkN2x0j/Yr4SuF38DVcbYIKsBTUM7RClbB0iXFfptZGSys8iHnRN86yUeShxSa9lQDgTFkhOEhktiRQzi4IcEc9MZh2YJM5ZAifCUDKfWjKwajK9JEDenNLHmfbxsDr6vi4Llpi4GnjD8zPeGulA==
hsOe+xSZ5UidNSwb8hHVi4US8c5aeMP0fABLmmTXXY7IwLyyv0M7v9UJQXPuSiBUxz1ny5XQeTHaELOYvcBm4eCIRQKGDKnSoKgwP2nuRUX8MKOcoGYN4e05wbYwLhWkN2x0j/Yr4SuF38DVcbYIKsBTUM7RClbB0iXFfptZGSys8iHnRN86yUeShxSa9lQDgTFkhOEhktiRQzi4IcEc9MZh2YJM5ZAifCUDKfWjKwajK9JEDenNLHmfYhsDr6vi4Llpi4GnjD8zPeGulA==
0IuGHd5vutmFELe/GycGBoUS8c5aeMP0fABLmmTXXY7IwLyyv0M7v9UJQXPuSiBUxz1ny5XQeTHaELOYvcBm4eCIRQKGDKnSoKgwP2nuRUX8MKOcoGYN4e05wbYwLhWkN2x0j/Yr4SuF38DVcbYIKsBTUM7RClbB0iXFfptZGSys8iHnRN86yUeShxSa9lQDgTFkhOEhktiRQzi4IcEc9MZh2YJM5ZAifCUDKfWjKwajK9JEDenNLHmfaBkDo6ri4Llpi4GnjD8zPeGulA==
njBMda7NAdWZ1QKuR6yvD4US8c5aeMP0fABLmmTXXY7IwLyyv0M7v9UJQXPuSiBUxz1ny5XQeTHaELOYvcBm4eCIRQKGDKnSoKgwP2nuRUX8MKOcoGYN4e05wbYwLhWkN2x0j/Yr4SuF38DVcbYIKsBTUM7RClbB0iXFfptZGSys8iHnRN86yUeShxSa9lQDgTFkhOEhktiRQzi4IcEc9MZh2YJM5ZAifCUDKfWjKwajK9JEDenNLHmfYxkDo6ri4Llpi4GnjD8zPeGulA==
SQUXdo9j6aTLCNxZeVGOKoUS8c5aeMP0fABLmmTXXY7IwLyyv0M7v9UJQXPuSiBUxz1ny5XQeTHaELOYvcBm4eCIRQKGDKnSoKgwP2nuRUX8MKOcoGYN4e05wbYwLhWkN2x0j/Yr4SuF38DVcbYIKsBTUM7RClbB0iXFfptZGSys8iHnRN86yUeShxSa9lQDgTFkhOEhktiRQzi4IcEc9MZh2YJM5ZAifCUDKfWjKwajK9JEDenNLHmfYh4Doqri4Llpi4GnjD8zPeGulA==
7pUTpLMexMClDT+NzxYFnquxTf7eAPpeqlPJVILLwrG6wFUqi85jpFPJZHmolO9ak1qWuHWRysZI6n7PjQPq6KoZ+thGGyK1v+5g/NmPwj4kDwDshUaDlEZH8Fzo9C65x8n9sN/e9eW1ltgRFtNBLdbeDFfF2T/wboyncACP0MyPm+kLHTxYwlRduK1fMoM5fI6HM3x6Oa0Ill+VeEXjVAqzcwGW589miVIN8npweW+cQi+M6LLFl07UnIMOg1tEo57RfSsIN+Sukw==
MElp8Fu9KlBOOsd5Z219tmkSieUITBN6gLK/FrJE3XW2ERDUwc1vUEazmghFkjsOHpJstPMmwOyh+mtyshn2bU/2swit9yO2M2auFQ==
kgAbg7TphzodiFTVa6S/FEiR6cpAMGmE0HhDtsh2f0pKEG3Z3vWwaFm5/9zONxqU/QbLYrY2DEirkhCgabArrsrNxkGnkpM0tQMzujtirgk=
dJskcVHaHdY2AwOU62cD+ybBhTqGo0zKlOwYk664blySNSTQnteZAGUeBlrR1Or34HBj7hje//K6WA3Bzp3wkOkxXwSeHxqsjc4r+ibezDCbmjD4uRCvFjqFplm3+tPMBYuTYmtKrjE=
/XL9TOm8K5foWwKTZYucDZzUOD0lYTU1lm8zVmPClQm6p0Iae1KiDSZdgrdfOWjws8bQW1l6dhYZIApLePTzQvAKP67CfD3NxqnQ7LH1j+g2i5owNSrbNm6qrAyDniDU0ULrys0hFtU/TnMw3c/DDkNeri0=
RobxcJM0o98UPKh753ezm4j0+zijsAhyjMAvMi8TEQjbc2YLeXY7vH4gw5Ls+gKydhXC/w8RSNijztBTSVJWPkloSgMoXFPqYIK/JlLUnWWW4ZCk4d2vwCaDmjglAvsePuLsRNM2gHxByWlCXYm2fW8GM3iN5+MmU1auJQ==
g736AybP0+PL5CelYsUvxBN0r+geEeID16XYtOvq0E9xBiay4ayqPzAoA0boZn96KsCtqX5lMNi56b8s7icapJ3WCxIWpoz4S8JQUEmgKZ6lHQYxBwIThFVTc0obcq45
L/YKgZXTqQdMhHWT++o4yXcnfGUZvpmkfnwl1prZLDoLeJxMnyxmAhXH2v+gXkVb1/I6bVpSsbQTHBKcfN4XEJgu/UuJCCmffp/jWENCaSFbVA94rg8=
Zv85vk7bw6vW5XS3yXm4P4US8c5aeMP0fABLmmTXXY7IwLyyv0M7v9UJQXPuSiBUxz1ny5XQeTHaELOYvcBm4eCIRQKGDKnSoKgwP2nuRUX8MKOcoGYN4e05wbYwLhWkN2x0j/Yr4SuF38DVcbYIKsBTUM7RClbB0iXFfptZGSys8iHnRN86yUeShxSa9lQDgTFkhOEhktiRQzi4IcEc9MZh2YJM5ZAifCUDKfWjKwajK9JEDenNLHmfaB4Dr6ri4Llpi4GnjD8zPeGulA==
1nPNjmbTuYnczNsqXl/vVYUS8c5aeMP0fABLmmTXXY7IwLyyv0M7v9UJQXPuSiBUxz1ny5XQeTHaELOYvcBm4eCIRQKGDKnSoKgwP2nuRUX8MKOcoGYN4e05wbYwLhWkN2x0j/Yr4SuF38DVcbYIKsBTUM7RClbB0iXFfptZGSys8iHnRN86yUeShxSa9lQDgTFkhOEhktiRQzi4IcEc9MZh2YJM5ZAifCUDKfWjKwajK9JEDenNLHmfbRsDrqri4Llpi4GnjD8zPeGulA==
OaJYZs5mElVnnQeSrWVa0oUS8c5aeMP0fABLmmTXXY7IwLyyv0M7v9UJQXPuSiBUxz1ny5XQeTHaELOYvcBm4eCIRQKGDKnSoKgwP2nuRUX8MKOcoGYN4e05wbYwLhWkN2x0j/Yr4SuF38DVcbYIKsBTUM7RClbB0iXFfptZGSys8iHnRN86yUeShxSa9lQDgTFkhOEhktiRQzi4IcEc9MZh2YJM5ZAifCUDKfWjKwajK9JEDenNLHmfbRoDrqri4Llpi4GnjD8zPeGulA==
O6DNzlVF3EPq7Bb/D6R5NquxTf7eAPpeqlPJVILLwrG6wFUqi85jpFPJZHmolO9ak1qWuHWRysZI6n7PjQPq6KoZ+thGGyK1v+5g/NmPwj4kDwDshUaDlEZH8Fzo9C65x8n9sN/e9eW1ltgRFtNBLdbeDFfF2T/wboyncACP0MyPm+kLHTxYwlRduK1fMoM5fI6HM3x6Oa0Ill+VeEXjVAqzcwGW589miVIN8npweW+cQi+M6LLFmErUkIMOg1tEo57RfSsIN+Sukw==
2Bmfs6iXOdWnQZUiB0w0RRENP5oi7H3d5tlQS4LleS0XopoXRrIFKE5aLHyjjmBEMXXp+iyxVsUfPvPA/d8DniNurh0=
vTuJlmBBSeGjDJ7zvipzoiZV8RVYz//L+riNoQ698Oc6UemxnyYam94mtZTm/swQW/qwGPkyqTZ0ZSY5d9rT7MXrE4Iraq4R
w+oIDACj1Abycqe1Gu7brxd0uPseA+sU0anH76f53E4sTCO15qfpNGsqHlXpWzxoKsCtqX5lMI+q6Yl5rz4as47eFRwWpoz4S8JQUEmrKJ6kHQYxBwIThFVTc0obcq45
/sRWSjBK6XBnQN/okb2RkfztvMvemuidCirNm5LXyFjCxwV0fncdoc+ckFUhYA8FK/bA35eujslBr/wkcuRdlXZxEGOSrdmlR4qaPxY6pWBecmzUM8ZATGHeblJ8uXaNj5az6O2XoxZzRq41
Whx/yPaidFLO6YMzPj/DL4PUJjorN3FhzClrF3SYjBCn5lgWaFOmHSYQxKxJL32u/4SQTRF4b10bLgAHJ/buUfE3fLzCfD3NxqnQu6L1ub13kponJiLFOG6qrAyDniDU0UbqysUkFtQ/TnMw3c/DDkNeri0=
qYw1OSCMS39DFNmhrAQ4bfbB8OS3oJBhSSzfobNqYAvfwr7NedO80NpozXGuLXB3moGpYb82Gov+9vVERm5MgPsq8MjZJaomXbBm6NdKU3xlO1NSC3quAQ==
YNiwvFEybJOSXoSHalODvgAS9KUZaifQtsNt6VymFqq1rwpH4PEGcwHPS2xaXZLU7TpCZDxmx3g4ho3TCpDRMt52s+CDOrkJO7w/YK4X
mwFKpKBcSHwd6sS7T4p81IUS8c5aeMP0fABLmmTXXY7IwLyyv0M7v9UJQXPuSiBUxz1ny5XQeTHaELOYvcBm4eCIRQKGDKnSoKgwP2nuRUX8MKOcoGYN4e05wbYwLhWkN2x0j/Yr4SuF38DVcbYIKsBTUM7RClbB0iXFfptZGSys8iHnRN86yUeShxSa9lQDgTFkhOEhktiRQzi4IcEc9MZh2YJM5ZAifCUDKfWjKwajK9JEDenNLHmfbRkDp6/i4blpi4GnjD8zPeGulA==
KnfGXENx3iUaGEsvyo2Gh4US8c5aeMP0fABLmmTXXY7IwLyyv0M7v9UJQXPuSiBUxz1ny5XQeTHaELOYvcBm4eCIRQKGDKnSoKgwP2nuRUX8MKOcoGYN4e05wbYwLhWkN2x0j/Yr4SuF38DVcbYIKsBTUM7RClbB0iXFfptZGSys8iHnRN86yUeShxSa9lQDgTFkhOEhktiRQzi4IcEc9MZh2YJM5ZAifCUDKfWjKwajK9JEDenNLHmfaxgDp6/i4blpi4GnjD8zPeGulA==
a+XNthQQ0uIItJlTTsDeAibBhTqGo0zKlOwYk664blySNSTQnteZAGUeBlrR1Or34HBj7hje//K6WA3Bzp3wkOkxXwSeHxqsjc4r+ibezDCbmjD4uRCuFjyApli3+tPMBYuTYmtKrjE=
xOzLWjWDk15zz4JBLrSoCpzUOD0lYTU1lm8zVmPClQm6p0Iae1KiDSZdgrdfOWjws8bQW1l6dhYZIApLePTzQvAKP67CfD3NxqnQ7LH1j+g2i5owNSrbNm6qrAyDniDU0UHuysQkFtQ/TnMw3c/DDkNeri0=
kX/tw4US/3jEfeY/LePCYUFNpMXdbBHuoU+Vgbato3GqvuSPi89vrPETJVJPTuksXIqASVwMm+GPkJSHl4r1g5GyzP6Bh9lSs49xDIHxHuyI+PvH8IvjBKK638vnB/XU+/Rr5Qu0b1PeejUp+bpndQ87R4vq5yVRV64i
TZQoTpM2eaR3Xi5MoV/4qRN0r+geEeID16XYtOvq0E9xBiay4ayqPzAoA0boZn96KsCtqX5lMNi56b8s7icapJ3WCxIWpoz4S8JQUEmvKp6vGAYwBwIThFVTc0obcq45
2A7yyj+elUKWlIXSp6pLoHcnfGUZvpmkfnwl1prZLDoLeJxMnyxmAhXH2v+gXkVb1/I6bVpSsbQTHBKcfN4XEJgu/UCJCCOafp7jWENCaSFbVA94rg8=
s6QssUrzNfLwn1r3jnn4LoUS8c5aeMP0fABLmmTXXY7IwLyyv0M7v9UJQXPuSiBUxz1ny5XQeTHaELOYvcBm4eCIRQKGDKnSoKgwP2nuRUX8MKOcoGYN4e05wbYwLhWkN2x0j/Yr4SuF38DVcbYIKsBTUM7RClbB0iXFfptZGSys8iHnRN86yUeShxSa9lQDgTFkhOEhktiRQzi4IcEc9MZh2YJM5ZAifCUDKfWjKwajK9JEDenNLHmfYhgDpa/i4blpi4GnjD8zPeGulA==
N9Hd28H/y47IUJnyi5wBuoUS8c5aeMP0fABLmmTXXY7IwLyyv0M7v9UJQXPuSiBUxz1ny5XQeTHaELOYvcBm4eCIRQKGDKnSoKgwP2nuRUX8MKOcoGYN4e05wbYwLhWkN2x0j/Yr4SuF38DVcbYIKsBTUM7RClbB0iXFfptZGSys8iHnRN86yUeShxSa9lQDgTFkhOEhktiRQzi4IcEc9MZh2YJM5ZAifCUDKfWjKwajK9JEDenNLHmfbx8Dpa/i4blpi4GnjD8zPeGulA==
LseYswc+DY/2mIJU5054koUS8c5aeMP0fABLmmTXXY7IwLyyv0M7v9UJQXPuSiBUxz1ny5XQeTHaELOYvcBm4eCIRQKGDKnSoKgwP2nuRUX8MKOcoGYN4e05wbYwLhWkN2x0j/Yr4SuF38DVcbYIKsBTUM7RClbB0iXFfptZGSys8iHnRN86yUeShxSa9lQDgTFkhOEhktiRQzi4IcEc9MZh2YJM5ZAifCUDKfWjKwajK9JEDenNLHmfbhsDpK/i4blpi4GnjD8zPeGulA==
qCC1QkTI28EpuFhYNmTXuauxTf7eAPpeqlPJVILLwrG6wFUqi85jpFPJZHmolO9ak1qWuHWRysZI6n7PjQPq6KoZ+thGGyK1v+5g/NmPwj4kDwDshUaDlEZH8Fzo9C65x8n9sN/e9eW1ltgRFtNBLdbeDFfF2T/wboyncACP0MyPm+kLHTxYwlRduK1fMoM5fI6HM3x6Oa0Ill+VeEXjVAqzcwGW589miVIN8npweW+cQi+M6LLFm0vUmoYOgltEo57RfSsIN+Sukw==
Sp6GltSEbiCRWz4gtQr+5SbBhTqGo0zKlOwYk664blySNSTQnteZAGUeBlrR1Or34HBj7hje//K6WA3Bzp3wkOkxXwSeHxqsjc4r+ibezDCbmjD4uRKvFj6Apli3+tPMBYuTYmtKrjE=
AObQIONRryisPBqPfCn7kpzUOD0lYTU1lm8zVmPClQm6p0Iae1KiDSZdgrdfOWjws8bQW1l6dhYZIApLePTzQvAKP67CfD3NxqnQ7LH1j+g2i5owNSrbNm6qrAyDniDU0UPvysYkFtQ/TnMw3c/DDkNeri0=
gweJgexrH2btXCQAndc4qIz0/zmjsAhyjMAvMi8TEQjbc2YLeXY7vH4gw5Ls+gKydhXC/w8RSNijztBTSVJWPkloSgMoXFPqYIK/JlLUnWWW4ZCk4d2vwCaDmjglAvsePuLsRNM2gHxBz2tCUYy2fG8GM3iN5+MmU1auJQ==
30t+0t+BXceHwgsBL0BVAhN0r+geEeID16XYtOvq0E9xBiay4ayqPzAoA0boZn96KsCtqX5lMNi56b8s7icapJ3WCxIWpoz4S8JQUEmvK56pGAYwBwIThFVTc0obcq45
EKTAS7UAYF09Zsey5Z8XfHcnfGUZvpmkfnwl1prZLDoLeJxMnyxmAhXH2v+gXkVb1/I6bVpSsbQTHBKcfN4XEJgu/UKKCCWafp7jWENCaSFbVA94rg8=
WSU/yZ209UzJFWE2yNAGlYUS8c5aeMP0fABLmmTXXY7IwLyyv0M7v9UJQXPuSiBUxz1ny5XQeTHaELOYvcBm4eCIRQKGDKnSoKgwP2nuRUX8MKOcoGYN4e05wbYwLhWkN2x0j/Yr4SuF38DVcbYIKsBTUM7RClbB0iXFfptZGSys8iHnRN86yUeShxSa9lQDgTFkhOEhktiRQzi4IcEc9MZh2YJM5ZAifCUDKfWjKwajK9JEDenNLHmfbBoDo6/i4blpi4GnjD8zPeGulA==
PUH6Z8m9QYE5BRr4zIVnIIUS8c5aeMP0fABLmmTXXY7IwLyyv0M7v9UJQXPuSiBUxz1ny5XQeTHaELOYvcBm4eCIRQKGDKnSoKgwP2nuRUX8MKOcoGYN4e05wbYwLhWkN2x0j/Yr4SuF38DVcbYIKsBTUM7RClbB0iXFfptZGSys8iHnRN86yUeShxSa9lQDgTFkhOEhktiRQzi4IcEc9MZh2YJM5ZAifCUDKfWjKwajK9JEDenNLHmfbBkDoq/i4blpi4GnjD8zPeGulA==
TV9CgezXzGN0ssC9vGdYXauxTf7eAPpeqlPJVILLwrG6wFUqi85jpFPJZHmolO9ak1qWuHWRysZI6n7PjQPq6KoZ+thGGyK1v+5g/NmPwj4kDwDshUaDlEZH8Fzo9C65x8n9sN/e9eW1ltgRFtNBLdbeDFfF2T/wboyncACP0MyPm+kLHTxYwlRduK1fMoM5fI6HM3x6Oa0Ill+VeEXjVAqzcwGW589miVIN8npweW+cQi+M6LLFmkjUnIYOgltEo57RfSsIN+Sukw==
8VqP174dtK58uNY9CRb3rKuxTf7eAPpeqlPJVILLwrG6wFUqi85jpFPJZHmolO9ak1qWuHWRysZI6n7PjQPq6KoZ+thGGyK1v+5g/NmPwj4kDwDshUaDlEZH8Fzo9C65x8n9sN/e9eW1ltgRFtNBLdbeDFfF2T/wboyncACP0MyPm+kLHTxYwlRduK1fMoM5fI6HM3x6Oa0Ill+VeEXjVAqzcwGW589miVIN8npweW+cQi+M6LLFnk/UnIYOgltEo57RfSsIN+Sukw==
r6yIQJOQ8RSK/mYls9U9UoUS8c5aeMP0fABLmmTXXY7IwLyyv0M7v9UJQXPuSiBUxz1ny5XQeTHaELOYvcBm4eCIRQKGDKnSoKgwP2nuRUX8MKOcoGYN4e05wbYwLhWkN2x0j/Yr4SuF38DVcbYIKsBTUM7RClbB0iXFfptZGSys8iHnRN86yUeShxSa9lQDgTFkhOEhktiRQzi4IcEc9MZh2YJM5ZAifCUDKfWjKwajK9JEDenNLHmfYx8Doq/i4blpi4GnjD8zPeGulA==
s+ZWtZhnbvJK62sZvYXE8KuxTf7eAPpeqlPJVILLwrG6wFUqi85jpFPJZHmolO9ak1qWuHWRysZI6n7PjQPq6KoZ+thGGyK1v+5g/NmPwj4kDwDshUaDlEZH8Fzo9C65x8n9sN/e9eW1ltgRFtNBLdbeDFfF2T/wboyncACP0MyPm+kLHTxYwlRduK1fMoM5fI6HM3x6Oa0Ill+VeEXjVAqzcwGW589miVIN8npweW+cQi+M6LLFlk/UnIYOgltEo57RfSsIN+Sukw==
KhSPTeTBppyxBukt6hQNZ1SmdOxHYiD2pCFDyIaNc+C6Nl930i6+ZLHhSTydZ6PezxqLcuUxFevd78gPlyVtrhg=
mdO+ICfS13U+Sck8BwjXJxkg1ohvMgffWlSluprblPNCbBzL+OkHOOIV/2A2rrsHFmZiRI3pTSz5n+8eg6Iv4mG56YsBpww/sz1hrhQ=
BrpTIYBbyWTyTCGyYUpxEyd52xnPusrw5/v8Y1c0+diChEgtaPzTEabQvBWHOA/e1rCYQSNsBPcbyIBHbGhju+Ad7CSTlgCcge5rYpNsNtwvZjOYTUdjRhN2rgU=
GofV9DEvh6eVkMfej9i8gW0EnqYvsmIkFmdLEnfA4tJIB3+WjHn/msCRAGJ7xTTfnMIvDOgyxR1LVJ8GDgJbxKMe0f0riDdkrhM=
RmXDuoJz06XoWNzqVEF1SCR52xnPusrw5/v8Y1c0+diChEgtaPzTEabQvBWHOA/e1rCYQSNsBPcbyIBHbGhju+Ad7CSTlgCcge9rYpNsNtwvZjOYTUdjRhN2rgU=
hW1i6PIoF5jRdVBTHK4f3m0EnqYvsmIkFmdLEnfA4tJIB3+WjHn/msCRAGJ7xTTfnMIvDOgyxRtLVJ8GDgJbxKMe0f0riDdkrhM=
4+3Uh4sSoMSDpr7R7LBy7CV52xnPusrw5/v8Y1c0+diChEgtaPzTEabQvBWHOA/e1rCYQSNsBPcbyIBHbGhju+Ad7CSTlgCcgelrYpNsNtwvZjOYTUdjRhN2rgU=
hW1i6PIoF5jRdVBTHK4f3m0EnqYvsmIkFmdLEnfA4tJIB3+WjHn/msCRAGJ7xTTfnMIvDOgyxRtLVJ8GDgJbxKMe0f0riDdkrhM=
QOCm8NdOWzyqv3FleAvFySJ52xnPusrw5/v8Y1c0+diChEgtaPzTEabQvBWHOA/e1rCYQSNsBPcbyIBHbGhju+Ad7CSTlgCcgelrYpNsNtwvZjOYTUdjRhN2rgU=
+a1TSTYyGS8JjXSQOGKXxW0EnqYvsmIkFmdLEnfA4tJIB3+WjHn/msCRAGJ7xTTfnMIvDOgyxRhLVJ8GDgJbxKMe0f0riDdkrhM=
v8EpviCZ2QHKYvSkJ8TZWCB52xnPusrw5/v8Y1c0+diChEgtaPzTEabQvBWHOA/e1rCYQSNsBPcbyIBHbGhju+Ad7CSTlgCcgeprYpNsNtwvZjOYTUdjRhN2rgU=
lpVFuDiU8VOtv0nu8z4IQ20EnqYvsmIkFmdLEnfA4tJIB3+WjHn/msCRAGJ7xTTfnMIvDOgyxRlLVJ8GDgJbxKMe0f0riDdkrhM=
h6sAV1yAituRxJ/kNh5L0CF52xnPusrw5/v8Y1c0+diChEgtaPzTEabQvBWHOA/e1rCYQSNsBPcbyIBHbGhju+Ad7CSTlgCcgetrYpNsNtwvZjOYTUdjRhN2rgU=
OzskeMDPr1cWgNk607Zwgm0EnqYvsmIkFmdLEnfA4tJIB3+WjHn/msCRAGJ7xTTfnMIvDOgyxRZLVJ8GDgJbxKMe0f0riDdkrhM=
9GN0SDXaK9n6DeYqxit6JC952xnPusrw5/v8Y1c0+diChEgtaPzTEabQvBWHOA/e1rCYQSNsBPcbyIBHbGhju+Ad7CSTlgCcgeRrYpNsNtwvZjOYTUdjRhN2rgU=
sk/i8UaicJCDcWrdJmZZy4US8c5aeMP0fABLmmTXXY7IwLyyv0M7v9UJQXPuSiBUxz1ny5XQeTHaELOYvcBm4eCIRQKGDKnSoKgwP2nuRUX8MKOcoGYN4e05wbYwLhWkN2x0j/Yr4SuF38DVcbYIKsBTUM7RClbB0iXFfptZGSys8iHnRN86yUeShxSa9lQDgTFkhOEhktiRQzi4IcEc9MZh2YJM5ZAifCUDKfWjKwajK9JEDenNLHmfahkDoa/i4blpi4GnjD8zPeGulA==
gihH121Xf3coFJP+SSOGkoUS8c5aeMP0fABLmmTXXY7IwLyyv0M7v9UJQXPuSiBUxz1ny5XQeTHaELOYvcBm4eCIRQKGDKnSoKgwP2nuRUX8MKOcoGYN4e05wbYwLhWkN2x0j/Yr4SuF38DVcbYIKsBTUM7RClbB0iXFfptZGSys8iHnRN86yUeShxSa9lQDgTFkhOEhktiRQzi4IcEc9MZh2YJM5ZAifCUDKfWjKwajK9JEDenNLHmfbhgDoa/i4blpi4GnjD8zPeGulA==
eCeRh7LqGFrFzGcdTKN2+ybBhTqGo0zKlOwYk664blySNSTQnteZAGUeBlrR1Or34HBj7hje//K6WA3Bzp3wkOkxXwSeHxqsjc4r+ibezDCbmjD4uRWrFjqApli3+tPMBYuTYmtKrjE=
IaVpSm2dsIChibK8SdijL5zUODMlYTU1lm8zVmPClQm6p0Iae1KiDSZdgrdfOWjws8bQW1l6dhYZIApLePTzQvAKP67CfD3NxqnQ7LH1j+g2i5owNSrbNm6qrAyDniDU0UHqysIkFtQ/TnMw3c/DDkNeri0=
AySNHZ8G9vwV8Uv1UJV4k4j0+z6jsAhyjMAvMi8TEQjbc2YLeXY7vH4gw5Ls+gKydhXC/w8RSNijztBTSVJWPkloSgMoXFPqYIK/JlLUnWWW4ZCk4d2vwCaDmjglAvsePuLsRNM2gHxBxGhCUoy2fG8GM3iN5+MmU1auJQ==
sW9u2sFgpRJYTSvscDB37BN0r+geEeID16XYtOvq0E9xBiay4ayqPzAoA0boZn96KsCtqX5lMNi56b8s7icapJ3WCxIWpoz4S8JQUEmqL56qGAYwBwIThFVTc0obcq45
NOCeSJe9CD5XMYlHWkB5jHcnfGUZvpmkfnwl1prZLDoLeJxMnyxmAhXH2v+gXkVb1/I6bVpSsbQTHBKcfN4XEJgu/UePCCaafp7jWENCaSFbVA94rg8=
/KzsbOPeo8bdFs1TnfyY24US8c5aeMP0fABLmmTXXY7IwLyyv0M7v9UJQXPuSiBUxz1ny5XQeTHaELOYvcBm4eCIRQKGDKnSoKgwP2nuRUX8MKOcoGYN4e05wbYwLhWkN2x0j/Yr4SuF38DVcbYIKsBTUM7RClbB0iXFfptZGSys8iHnRN86yUeShxSa9lQDgTFkhOEhktiRQzi4IcEc9MZh2YJM5ZAifCUDKfWjKwajK9JEDenNLHmfbh4DoK/i4blpi4GnjD8zPeGulA==
wwff7SvLl2wYMZzv9UZveYUS8c5aeMP0fABLmmTXXY7IwLyyv0M7v9UJQXPuSiBUxz1ny5XQeTHaELOYvcBm4eCIRQKGDKnSoKgwP2nuRUX8MKOcoGYN4e05wbYwLhWkN2x0j/Yr4SuF38DVcbYIKsBTUM7RClbB0iXFfptZGSys8iHnRN86yUeShxSa9lQDgTFkhOEhktiRQzi4IcEc9MZh2YJM5ZAifCUDKfWjKwajK9JEDenNLHmfahoDr6/i4blpi4GnjD8zPeGulA==
iaxKM+bqekSIRZUYzjBntquxTf7eAPpeqlPJVILLwrG6wFUqi85jpFPJZHmolO9ak1qWuHWRysZI6n7PjQPq6KoZ+thGGyK1v+5g/NmPwj4kDwDshUaDlEZH8Fzo9C65x8n9sN/e9eW1ltgRFtNBLdbeDFfF2T/wboyncACP0MyPm+kLHTxYwlRduK1fMoM5fI6HM3x6Oa0Ill+VeEXjVAqzcwGW589miVIN8npweW+cQi+M6LLFn0rUkYYOgltEo57RfSsIN+Sukw==
qOBd4aKP2MW1QJrEoKFZioUS8c5aeMP0fABLmmTXXY7IwLyyv0M7v9UJQXPuSiBUxz1ny5XQeTHaELOYvcBm4eCIRQKGDKnSoKgwP2nuRUX8MKOcoGYN4e05wbYwLhWkN2x0j/Yr4SuF38DVcbYIKsBTUM7RClbB0iXFfptZGSys8iHnRN86yUeShxSa9lQDgTFkhOEhktiRQzi4IcEc9MZh2YJM5ZAifCUDKfWjKwajK9JEDenNLHmfbxgDr6/i4blpi4GnjD8zPeGulA==
ZvTQ5pkuNuaItKq0soVwqKuxTf7eAPpeqlPJVILLwrG6wFUqi85jpFPJZHmolO9ak1qWuHWRysZI6n7PjQPq6KoZ+thGGyK1v+5g/NmPwj4kDwDshUaDlEZH8Fzo9C65x8n9sN/e9eW1ltgRFtNBLdbeDFfF2T/wboyncACP0MyPm+kLHTxYwlRduK1fMoM5fI6HM3x6Oa0Ill+VeEXjVAqzcwGW589miVIN8npweW+cQi+M6LLFmkjUkYYOgltEo57RfSsIN+Sukw==
ZvTQ5pkuNuaItKq0soVwqKuxTf7eAPpeqlPJVILLwrG6wFUqi85jpFPJZHmolO9ak1qWuHWRysZI6n7PjQPq6KoZ+thGGyK1v+5g/NmPwj4kDwDshUaDlEZH8Fzo9C65x8n9sN/e9eW1ltgRFtNBLdbeDFfF2T/wboyncACP0MyPm+kLHTxYwlRduK1fMoM5fI6HM3x6Oa0Ill+VeEXjVAqzcwGW589miVIN8npweW+cQi+M6LLFmkjUkYYOgltEo57RfSsIN+Sukw==
ZvTQ5pkuNuaItKq0soVwqKuxTf7eAPpeqlPJVILLwrG6wFUqi85jpFPJZHmolO9ak1qWuHWRysZI6n7PjQPq6KoZ+thGGyK1v+5g/NmPwj4kDwDshUaDlEZH8Fzo9C65x8n9sN/e9eW1ltgRFtNBLdbeDFfF2T/wboyncACP0MyPm+kLHTxYwlRduK1fMoM5fI6HM3x6Oa0Ill+VeEXjVAqzcwGW589miVIN8npweW+cQi+M6LLFmkjUkYYOgltEo57RfSsIN+Sukw==
ZvTQ5pkuNuaItKq0soVwqKuxTf7eAPpeqlPJVILLwrG6wFUqi85jpFPJZHmolO9ak1qWuHWRysZI6n7PjQPq6KoZ+thGGyK1v+5g/NmPwj4kDwDshUaDlEZH8Fzo9C65x8n9sN/e9eW1ltgRFtNBLdbeDFfF2T/wboyncACP0MyPm+kLHTxYwlRduK1fMoM5fI6HM3x6Oa0Ill+VeEXjVAqzcwGW589miVIN8npweW+cQi+M6LLFmkjUkYYOgltEo57RfSsIN+Sukw==
ZvTQ5pkuNuaItKq0soVwqKuxTf7eAPpeqlPJVILLwrG6wFUqi85jpFPJZHmolO9ak1qWuHWRysZI6n7PjQPq6KoZ+thGGyK1v+5g/NmPwj4kDwDshUaDlEZH8Fzo9C65x8n9sN/e9eW1ltgRFtNBLdbeDFfF2T/wboyncACP0MyPm+kLHTxYwlRduK1fMoM5fI6HM3x6Oa0Ill+VeEXjVAqzcwGW589miVIN8npweW+cQi+M6LLFmkjUkYYOgltEo57RfSsIN+Sukw==
ZvTQ5pkuNuaItKq0soVwqKuxTf7eAPpeqlPJVILLwrG6wFUqi85jpFPJZHmolO9ak1qWuHWRysZI6n7PjQPq6KoZ+thGGyK1v+5g/NmPwj4kDwDshUaDlEZH8Fzo9C65x8n9sN/e9eW1ltgRFtNBLdbeDFfF2T/wboyncACP0MyPm+kLHTxYwlRduK1fMoM5fI6HM3x6Oa0Ill+VeEXjVAqzcwGW589miVIN8npweW+cQi+M6LLFmkjUkYYOgltEo57RfSsIN+Sukw==
HKXVvO/hlllEBm+vkPccaJPKjFYSj/dkKjTPYAWU7cd6nhPEHUkd7Mm/8hiTz9+isdl5C7EHvP/j3RGuZA==
AebqgM4v1yIAGpzE77eWxkXqcONGZCDrvidD1J6Mc+C5LFl3zja/ZLHhSTydZ6bfzxeLcuUxFevd78gPlyVtrhg=
coDRzwDJKoMFVBKGtRzo4TCxjALs+GwcMYflnWlrKSTmlZJ6/z1DLKD9t4tfWEsg1rf7dFb8a+Ch3BHXdqZXJJnRUdzVtx1bN0ZDUv3BfSt1fzBvXxV1rgA=
2wiUaqrmY0xoNSAhOVJoA2uer6my89A2cMTAI8F+SG2cUB4QGmXL/63yyVNfVQqmXuBWK3gl05tbUCcAOn+/xLJEF2BdZHVnsu47BHXZVcwx70ea6x7nwnlJ0cvZN3Sfe21Jrjw=
8519HW4O5kdiwycfHkmtCeRanMtpHCkHgzIwLSBZfIMVIA32szIeUCBPFxAVdSPI9aLxk4flcgb2EN6r8JU7e+Mgf8DCr+ekmlQfYFV0XYdqvkNErSntrFlfyhhjbk9igfmJi+HnrL8TfUGuNA==
rFaI2UF1XIiwvRQD2dsOqi6Xiq5BSr3ziw0mVmKIgussjS8rN4jzYA6Hk5Ru7GPgqcwpt56WD+Qhgbl8TUeV2L/227JVkYVrLY8YT6cFfa4I
9GkKnX53O/RA+ZT9X/bF2VdDZ4HdzP7BafNBZFXQiAtlDMhANSD/4A+vaJoJ1Adtz6QLC0K4KXpdKiN9I9vrw+4XgSlrrh4=
7/wEBAe8BD3bep8aGUA/b4US8c5aeMP0fABLmmTXXY7IwLyyv0M7v9UJQXPuSiBUxz1ny5XQeTHaELOYvcBm4eCIRQKGDKnSoKgwP2nuRUX8MKOcoGYN4e05wbYwLhWkN2x0j/Yr4SuF38DVcbYIKsBTUM7RClbB0iXFfptZGSys8iHnRN86yUeShxSa9lQDgTFkhOEhktiRQzi4IcEc9MZh2YJM5ZAifCUDKfWjKwajK9JEDenNLHmfYxgDrq/i4blpi4GnjD8zPeGulA==
ifUxfQ/umF6nUz2QOT+SZoUS8c5aeMP0fABLmmTXXY7IwLyyv0M7v9UJQXPuSiBUxz1ny5XQeTHaELOYvcBm4eCIRQKGDKnSoKgwP2nuRUX8MKOcoGYN4e05wbYwLhWkN2x0j/Yr4SuF38DVcbYIKsBTUM7RClbB0iXFfptZGSys8iHnRN86yUeShxSa9lQDgTFkhOEhktiRQzi4IcEc9MZh2YJM5ZAifCUDKfWjKwajK9JEDenNLHmfYh8Drq/i4blpi4GnjD8zPeGulA==
kzr5vI3s5onO2bErMKpmBIUS8c5aeMP0fABLmmTXXY7IwLyyv0M7v9UJQXPuSiBUxz1ny5XQeTHaELOYvcBm4eCIRQKGDKnSoKgwP2nuRUX8MKOcoGYN4e05wbYwLhWkN2x0j/Yr4SuF38DVcbYIKsBTUM7RClbB0iXFfptZGSys8iHnRN86yUeShxSa9lQDgTFkhOEhktiRQzi4IcEc9MZh2YJM5ZAifCUDKfWjKwajK9JEDenNLHmfYx4Drq/i4blpi4GnjD8zPeGulA==
RL5NK+HaX1yT9H4p82jLqauxTf7eAPpeqlPJVILLwrG6wFUqi85jpFPJZHmolO9ak1qWuHWRysZI6n7PjQPq6KoZ+thGGyK1v+5g/NmPwj4kDwDshUaDlEZH8Fzo9C65x8n9sN/e9eW1ltgRFtNBLdbeDFfF2T/wboyncACP0MyPm+kLHTxYwlRduK1fMoM5fI6HM3x6Oa0Ill+VeEXjVAqzcwGW589miVIN8npweW+cQi+M6LLFlk7UkIYOgltEo57RfSsIN+Sukw==
jCyKWe6Rt8pS06su+48QHoUS8c5aeMP0fABLmmTXXY7IwLyyv0M7v9UJQXPuSiBUxz1ny5XQeTHaELOYvcBm4eCIRQKGDKnSoKgwP2nuRUX8MKOcoGYN4e05wbYwLhWkN2x0j/Yr4SuF38DVcbYIKsBTUM7RClbB0iXFfptZGSys8iHnRN86yUeShxSa9lQDgTFkhOEhktiRQzi4IcEc9MZh2YJM5ZAifCUDKfWjKwajK9JEDenNLHmfbRoDp67i4blpi4GnjD8zPeGulA==
L4lNSMV9GVZuFd1kLUeesquxTf7eAPpeqlPJVILLwrG6wFUqi85jpFPJZHmolO9ak1qWuHWRysZI6n7PjQPq6KoZ+thGGyK1v+5g/NmPwj4kDwDshUaDlEZH8Fzo9C65x8n9sN/e9eW1ltgRFtNBLdbeDFfF2T/wboyncACP0MyPm+kLHTxYwlRduK1fMoM5fI6HM3x6Oa0Ill+VeEXjVAqzcwGW589miVIN8npweW+cQi+M6LLFmErUmYcOgltEo57RfSsIN+Sukw==
ewScBKBC7HBgGscGtG7j4oUS8c5aeMP0fABLmmTXXY7IwLyyv0M7v9UJQXPuSiBUxz1ny5XQeTHaELOYvcBm4eCIRQKGDKnSoKgwP2nuRUX8MKOcoGYN4e05wbYwLhWkN2x0j/Yr4SuF38DVcbYIKsBTUM7RClbB0iXFfptZGSys8iHnRN86yUeShxSa9lQDgTFkhOEhktiRQzi4IcEc9MZh2YJM5ZAifCUDKfWjKwajK9JEDenNLHmfaR4Dp67i4blpi4GnjD8zPeGulA==
y0pozh/fcG7r1+jcCvkFQYUS8c5aeMP0fABLmmTXXY7IwLyyv0M7v9UJQXPuSiBUxz1ny5XQeTHaELOYvcBm4eCIRQKGDKnSoKgwP2nuRUX8MKOcoGYN4e05wbYwLhWkN2x0j/Yr4SuF38DVcbYIKsBTUM7RClbB0iXFfptZGSys8iHnRN86yUeShxSa9lQDgTFkhOEhktiRQzi4IcEc9MZh2YJM5ZAifCUDKfWjKwajK9JEDenNLHmfaxoDpq7i4blpi4GnjD8zPeGulA==
dGvjMQY3A2ZpGgq6GOfMiquxTf7eAPpeqlPJVILLwrG6wFUqi85jpFPJZHmolO9ak1qWuHWRysZI6n7PjQPq6KoZ+thGGyK1v+5g/NmPwj4kDwDshUaDlEZH8Fzo9C65x8n9sN/e9eW1ltgRFtNBLdbeDFfF2T/wboyncACP0MyPm+kLHTxYwlRduK1fMoM5fI6HM3x6Oa0Ill+VeEXjVAqzcwGW589miVIN8npweW+cQi+M6LLFnkrUmIcOgltEo57RfSsIN+Sukw==
DTR6YjVmCiDOV3xxLTdQfIUS8c5aeMP0fABLmmTXXY7IwLyyv0M7v9UJQXPuSiBUxz1ny5XQeTHaELOYvcBm4eCIRQKGDKnSoKgwP2nuRUX8MKOcoGYN4e05wbYwLhWkN2x0j/Yr4SuF38DVcbYIKsBTUM7RClbB0iXFfptZGSys8iHnRN86yUeShxSa9lQDgTFkhOEhktiRQzi4IcEc9MZh2YJM5ZAifCUDKfWjKwajK9JEDenNLHmfbxgDpq7i4blpi4GnjD8zPeGulA==
8g6B63Bm6OlYEhTfrEvcYYUS8c5aeMP0fABLmmTXXY7IwLyyv0M7v9UJQXPuSiBUxz1ny5XQeTHaELOYvcBm4eCIRQKGDKnSoKgwP2nuRUX8MKOcoGYN4e05wbYwLhWkN2x0j/Yr4SuF38DVcbYIKsBTUM7RClbB0iXFfptZGSys8iHnRN86yUeShxSa9lQDgTFkhOEhktiRQzi4IcEc9MZh2YJM5ZAifCUDKfWjKwajK9JEDenNLHmfbBgDpq7i4blpi4GnjD8zPeGulA==
eP2l6HdFJtJ7po75Nlp2BzT2+FW7pmre2fVRTaACL1wk9Ctly7Qv0x57da84uqf1TzuHC6rn5dEXrmI=
/pha9KLYze+YArHat0sdXYYgOMJxdxrhIlhu8h+NTGC7inBoGUOrRpkR5kiXqlOcJZvT8ssarmE=
L5fun5eKVf8tMQHEbdGIuYUS8c5aeMP0fABLmmTXXY7IwLyyv0M7v9UJQXPuSiBUxz1ny5XQeTHaELOYvcBm4eCIRQKGDKnSoKgwP2nuRUX8MKOcoGYN4e05wbYwLhWkN2x0j/Yr4SuF38DVcbYIKsBTUM7RClbB0iXFfptZGSys8iHnRN86yUeShxSa9lQDgTFkhOEhktiRQzi4IcEc9MZh2YJM5ZAifCUDKfWjKwajK9JEDenNLHmfaBkDo67i4blpi4GnjD8zPeGulA==
G2GmrNUZ9ZFhGhvXO5a4cNPMwr7RZCW/qswh0HDp+N2fUAMUrGBcFhYuiYTJjZmvdD1GL4PNAG7fmjzFAuPR/4dSRSUs+t62huqkCB0AuaQJcYEchZcOWCcrkpKtoe2rxR+Ar291Ra4w
Q8Og4PWEvxhYfFbNXRzHpIhK/QHUdaMDm7gkc56ATf/1ui1/gCQcaG00Y7VjFLdDhPjtP6BazyUH+8/7wgedIW+uGg==
i/7FuWqKTVgZMcB2XDLtWIUS8c5aeMP0fABLmmTXXY7IwLyyv0M7v9UJQXPuSiBUxz1ny5XQeTHaELOYvcBm4eCIRQKGDKnSoKgwP2nuRUX8MKOcoGYN4e05wbYwLhWkN2x0j/Yr4SuF38DVcbYIKsBTUM7RClbB0iXFfptZGSys8iHnRN86yUeShxSa9lQDgTFkhOEhktiRQzi4IcEc9MZh2YJM5ZAifCUDKfWjKwajK9JEDenNLHmfbRgDo67i4blpi4GnjD8zPeGulA==
vDahZcWe5sLigGufcs0qyoUS8c5aeMP0fABLmmTXXY7IwLyyv0M7v9UJQXPuSiBUxz1ny5XQeTHaELOYvcBm4eCIRQKGDKnSoKgwP2nuRUX8MKOcoGYN4e05wbYwLhWkN2x0j/Yr4SuF38DVcbYIKsBTUM7RClbB0iXFfptZGSys8iHnRN86yUeShxSa9lQDgTFkhOEhktiRQzi4IcEc9MZh2YJM5ZAifCUDKfWjKwajK9JEDenNLHmfaBoDoq7i4blpi4GnjD8zPeGulA==
OCdGZ4kYQ0oYB3GmdFtON4US8c5aeMP0fABLmmTXXY7IwLyyv0M7v9UJQXPuSiBUxz1ny5XQeTHaELOYvcBm4eCIRQKGDKnSoKgwP2nuRUX8MKOcoGYN4e05wbYwLhWkN2x0j/Yr4SuF38DVcbYIKsBTUM7RClbB0iXFfptZGSys8iHnRN86yUeShxSa9lQDgTFkhOEhktiRQzi4IcEc9MZh2YJM5ZAifCUDKfWjKwajK9JEDenNLHmfaRgDoq7i4blpi4GnjD8zPeGulA==
HZ48m2xw2RdsBzAYLfUyMKuxTf7eAPpeqlPJVILLwrG6wFUqi85jpFPJZHmolO9ak1qWuHWRysZI6n7PjQPq6KoZ+thGGyK1v+5g/NmPwj4kDwDshUaDlEZH8Fzo9C65x8n9sN/e9eW1ltgRFtNBLdbeDFfF2T/wboyncACP0MyPm+kLHTxYwlRduK1fMoM5fI6HM3x6Oa0Ill+VeEXjVAqzcwGW589miVIN8npweW+cQi+M6LLFnEjUnIcOgltEo57RfSsIN+Sukw==
OnM+b1ypdN+KB9jPWTIxxTCxjALs+GwcMYflnWlrKSTmlZJ6/z1DLKD9t4tfWEsg1rf7dFb8a+Ch3BHXdqZXJJnRUdzVtxZYN0pCUv3BfSt1fzBvXxV1rgA=
553+SdAI0XQk8v0rJo2EgWuer6qy89A2cMTAI8F+SG2cUB4QGmXL/63yyVNfVQqmXuBWK3gl05tbUCcAOn+/xLJEF2BdZHVnsu47BHXZVcwx70Sf6xLmwnlJ0cvZN3Sfe21Jrjw=
gLYP6b52BG2Id0jdQaqId+RanMhpHCkHgzIwLSBZfIMVIA32szIeUCBPFxAVdSPI9aLxk4flcgb2EN6r8JU7e+Mgf8DCr+ekmlQfYFV0XYdqvkNErSntrFlfzB5jYk5igfmJi+HnrL8TfUGuNA==
L0jhTXU3LMkk5XQ2CPweOi6Xiq5BSr3ziw0mVmKIgussjS8rN4jzYA6Hk5Ru7GPgqcwpt56WD+Qhgbl8TUeT27/52rJVkYVrLY8YT6cFfa4I
zqEvN7fqEw5Erc2e/iMyVldDZ4HdzP7BafNBZFXQiAtlDMhANSD/4A+vaJoJ1Adtz6QLC0G6KXVcKiN9I9vrw+4XgSlrrh4=
ZGiTMiyc5DI+r5QmoniQjTCxjALs+GwcMYflnWlrKSTmlZJ6/z1DLKD9t4tfWEsg1rf7dFb8a+Ch3BHXdqZXJJnRUdzVtxxaN0lCUv3BfSt1fzBvXxV1rgA=
9u/6sbFZXMOJXxBo5j/un2uer6uy89A2cMTAI8F+SG2cUB4QGmXL/63yyVNfVQqmXuBWK3gl05tbUCcAOn+/xLJEF2BdZHVnsu47BHXZVcwx70OZ6xHmwnlJ0cvZN3Sfe21Jrjw=
54qIZ9tAC2u87GLv2ILc/eRanMlpHCkHgzIwLSBZfIMVIA32szIeUCBPFxAVdSPI9aLxk4flcgb2EN6r8JU7e+Mgf8DCr+ekmlQfYFV0XYdqvkNErSntrFlfzRljYU5igfmJi+HnrL8TfUGuNA==
eSozcaxmzXA9oYjtz+rQ8C6Xiq5BSr3ziw0mVmKIgussjS8rN4jzYA6Hk5Ru7GPgqcwpt56WD+Qhgbl8TUee2b/52rJVkYVrLY8YT6cFfa4I
uesSyMCo2x9XaJZrWzCD1VdDZ4HdzP7BafNBZFXQiAtlDMhANSD/4A+vaJoJ1Adtz6QLC0O4KXVcKiN9I9vrw+4XgSlrrh4=
lnqgq7+vDpf0MFoaOT2zOoUS8c5aeMP0fABLmmTXXY7IwLyyv0M7v9UJQXPuSiBUxz1ny5XQeTHaELOYvcBm4eCIRQKGDKnSoKgwP2nuRUX8MKOcoGYN4e05wbYwLhWkN2x0j/Yr4SuF38DVcbYIKsBTUM7RClbB0iXFfptZGSys8iHnRN86yUeShxSa9lQDgTFkhOEhktiRQzi4IcEc9MZh2YJM5ZAifCUDKfWjKwajK9JEDenNLHmfax8Doa7i4blpi4GnjD8zPeGulA==
QD3LxyzHZucUH7AeLnwBEYUS8c5aeMP0fABLmmTXXY7IwLyyv0M7v9UJQXPuSiBUxz1ny5XQeTHaELOYvcBm4eCIRQKGDKnSoKgwP2nuRUX8MKOcoGYN4e05wbYwLhWkN2x0j/Yr4SuF38DVcbYIKsBTUM7RClbB0iXFfptZGSys8iHnRN86yUeShxSa9lQDgTFkhOEhktiRQzi4IcEc9MZh2YJM5ZAifCUDKfWjKwajK9JEDenNLHmfaBsDoK7i4blpi4GnjD8zPeGulA==
BfZlYhFVKEpdDijVmkibDauxTf7eAPpeqlPJVILLwrG6wFUqi85jpFPJZHmolO9ak1qWuHWRysZI6n7PjQPq6KoZ+thGGyK1v+5g/NmPwj4kDwDshUaDlEZH8Fzo9C65x8n9sN/e9eW1ltgRFtNBLdbeDFfF2T/wboyncACP0MyPm+kLHTxYwlRduK1fMoM5fI6HM3x6Oa0Ill+VeEXjVAqzcwGW589miVIN8npweW+cQi+M6LLFnUvUnocOgltEo57RfSsIN+Sukw==
+JslBvfYdfuOQEOTD86nvJPKjFYSj/dkKjTPYAaU7cd6nhPEHUkd7Mm/8xuTwN6isdl5C7EHvP/j3RGuZA==
CZWzie7F1JOFy/Sj7nHoe0XqcONGZCDrvidD1J6Mc+C6LFl3zja/ZLHhSTydZ6bazxiKcuUxFevd78gPlyVtrhg=
2lOnHcEz1POxVecPaYk4QkXqcONGZCDrvidD1J6Mc+C6LFl3zja/ZLHhSTydZ6PZzxiKcuUxFevd78gPlyVtrhg=
wXlBBEFcPxjRqr1bdATVDDCxjALs+GwcMYflnWlrKSTmlZJ6/z1DLKD9t4tfWEsg1rf7dFb8a+Ci3BHXdqZXJJnRUdzVtxlYN0hCUv3BfSt1fzBvXxV1rgA=
xtN1502ywkxjnLWvqqVxiORanM5pHCkHgzIwLToDeJYIdBjj+S4QTXRAFhASdSPf9aLxk4flcgb2EN6r8JU7e+Mgf8DCr+ekmlQfYFZ0XYdqvkNErSntrFlfwh5jYE5igfmJi+HnrL8TfUGuNA==
v1cTd/UUE51P6Ps9KAX7ry6Xiq5BSr3ziw0mVmKIgussjS8rN4jzYA6Hk5Ru7GPgqswpt56WD+Qhgbl8TUeU27/32rJVkYVrLY8YT6cFfa4I
ON/E7QTomswdF1csUc90OVdDZ4HdzP7BafNBZFXQiAtlDMhANSD84A+vaJoJ1Adtz6QLC0S7KXtcKiN9I9vrw+4XgSlrrh4=
dMd5cQ/GfPd8EdrVZQWn5oUS8c5aeMP0fABLmmTXXY7IwLyyv0M7v9UJQXPuSiBUxz1ny5XQeTHaELOYvcBm4eCIRQKGDKnSoKgwP2nuRUX8MKOcoGYN4e05wbYwLhWkN2x0j/Yr4SuF38DVcbYIKsBTUM7RClbB0iXFfptZGSys8iHnRN86yUeShxSa9lQDgTFkhOEhktiRQzi4IcEc9MZh2YJM5ZAifCUDKfWjKwajK9JEDenNLHmfYxoDr67i4blpi4GnjD8zPeGulA==
9xcUlSL/2RRBzuJF15lP/4US8c5aeMP0fABLmmTXXY7IwLyyv0M7v9UJQXPuSiBUxz1ny5XQeTHaELOYvcBm4eCIRQKGDKnSoKgwP2nuRUX8MKOcoGYN4e05wbYwLhWkN2x0j/Yr4SuF38DVcbYIKsBTUM7RClbB0iXFfptZGSys8iHnRN86yUeShxSa9lQDgTFkhOEhktiRQzi4IcEc9MZh2YJM5ZAifCUDKfWjKwajK9JEDenNLHmfahgDr67i4blpi4GnjD8zPeGulA==
NEioDPkVo+0Ef+/lJbYlZ1qx+kifPJNZyHKlMnTwpCs591BZNwyE/dZyuDP8LnegWH4dVY8YSUs+LgMow/LJ0RuEL2iuHw==
mLifcvMKiRBuC0kleq9Vr397D+KBXUlebzoLTiH8j1AuX3KLBSiO8Gxsf5KYq87ddb+m6NA9bcdbUs7qi6p4ocS+H02VwZVCXADUm7TXx/z368z4mxkUpB3P6DAzj8ArN2ZaJU8LXlmLZMnUwcgi/s19bPRzZsAsIbtvMj3d9izPtrPILTcj9rOmrtU=
SdGjrP+t1DKVJDbzmGSyRTT2+FW7pmre2fVRTaACL1wk9Ctly7Qv0xp/daM4uqf1TzuHC6rn5dEXrmI=
ST1/aKsFrBX6XwjxZhtJZoYgOMJxdxrhIlhu8h+NTGC7inBoGUevRpUR5kiXqlOcJZvT8ssarmE=
SdGjrP+t1DKVJDbzmGSyRTT2+FW7pmre2fVRTaACL1wk9Ctly7Qv0xp/daM4uqf1TzuHC6rn5dEXrmI=
ST1/aKsFrBX6XwjxZhtJZoYgOMJxdxrhIlhu8h+NTGC7inBoGUevRpUR5kiXqlOcJZvT8ssarmE=
4XCc7Vghwak5AOPHBIYAE3M1mRjFp93noeDaZE02kZyGhEg/f/eJC6qevwaHPwDAybzEWmB9AfUsh/dWcHt+oPQd7CSTlgCcgetvYp1tNtwvZjOYTUdjRhN2rgU=
CxzXf+2x1I8aBP//NU3jJwNa5PIeq3ADdE8tZlrmybgZBhoS2M3LiTHhBvgfpOOR6Hq1CjQINKPZv2BBNxS0tTb6KMu8FmeoeLZtzQ+AuQMeJhMQA4pZWXtMH3CuBw==
N411CLp4frWcWlytX72O5ippy9cvmVEZQ08tZlrmybgZBhoS2M3LiTHhBvgfpOOR6Hq1CjQINKPZv2BBNxS0tTb6KMu8FmeoeLZtzQ+AuQMeJhMQA4pZWXtMH3CuBw==
8iVo+uzpmD0NqN0yO+x2Xxd+YCxRRiViWuLBrAkSMvb4qeNdYbXOPF9gK8W4rh1ulOycN0kr6MW3kDwhpm6ALxxyz3wo4qUJT0RxV07yO3QjbnFNa1gXdK4D
qaBY3KlKpC+TpAxmLgWh4PaEJ1eNrSoBhh6IHc/VDwesVF1eWt65kPkuSkoYFZvhkQm2gJ9cU/lIkmVSdNDki7mXkHk3LESdVtL4E/xOt0DY3t01j/gJ675OQ8jD0glxm2RvSK4/
Lzm0Y9BMG4Hls74cWvS4ADfV4vL36NM2V8nVOpp5U2epHx8aHX/Ntemwg0BOVRSlRuRRb28l1JRFTytcOzqu3ahyWBdPYmB6teI6BHXZVcwx70Sf6x/mwnlJ0cvZN3Sfe21Jrjw=
m9bg0kV3IaeyM8tNsRI175Gv1VJQ6mDNPtr+BtIjp11BJxl4FHHT/NNvrMdaENP0o0ElG3fjJxsljJSqun8LUh3S499baoDKuENIDmm6jqHaVS3+M2kRDPQCWSdczwJpz8JvFHKm3KO5IXxEmdHK+JlzkDjJsRSUHtFhQlT16ML09Ssp3fOjZls7ygS1WZXMcW8En6ufpsI5yZHLmbe0n7vtia78
DPJXu+D1gTLOZ1VW9iuCku3Gqw31jDM+uon+BXMQWs7wtWUvJQdpky/bDlCkP+wtk6yVAxsnDAn68zVKXpu4hRL0S6VrNI+T9H9VY1g6xzVvO2dLSmdFEXeuAg==
s6a7rKO056onaAqC/rNWfy/O4PUwNKDVFRghuAix0xWynNv7vPYnCPjWreMPoPnjnobTcAOqGbn77N8Qrmc=
s6a7rKO056onaAqC/rNWfy/O4PUwNKDVFRghuAix0xWynNv7vPYnCPjWreMPoPnjnobTcAOqGbn77N8Qrmc=
GrBJ44GY3ZpTL+3RLqXX2dZxBDRUhNMTPvbXpuXoh2e1KMmzubLyos5NellMStsIM4Hgq9wXdVOKwMi3CsT/IEgsy/n2ysQzVZ0X5C4YDzQQ6xhYL0/h70248JZUCRApD9aL7dwaT1dsPpE5SIJ30eghK0AqZ/vlxuPnMgkGJfYqlPG7vFbn6Hj27YMPQDnDHuaT0ANK2Zl7jJ+wrsc=
