vUt8JPA+CVYuwCPwxVM8yMyPsNsEQouveVUnZWsB6jmvUyohOXxXejLLqfzZTZWvFooCNKwL9m5vqhbqJ1lN5MtxgE4hamYBQsW1fqv5iWxc0pFnFD8qCfcyVxRKVuTDkdE0BFEBYpgB4wi4USGMNPYBKQKcxYDiDMVTKSXD20azC4LEfQn9bOn/nhgzBTsimZnZBFHHnH+DnaCjxw==
EU2R39Zi6G1CisquJMAOfkvglfGistAqt5+9qMRZGnPgrf7JxP19vbRx3LVChgE+ttKQsj/I7A1mT/kxNoK0i7UFh2yukJ+scFPokG8H0RdtoOCeVAEAMS8uu6Wc0r/vDKYBscgK50kImVsI6q/Lneb79zoJDjXuCuzBc3wel1CYbn0HiMijXn5WYxhMAulhW5SPqaPM
0ozriAJdMwlUvWCRkvnL9dnN8LvYFm3XBpeqlxogxT4QTQ5q35gsbjrTeu1QgwDW4/hOhj0w2g1PNllZBoNcwD0pCH7hiNlwdpTgV/4Q6KqFV+BD1SqDbr0fBVaesmb/Fv73BlDZBGkzHm3Vj3RqvgfXQvMcERF+8ZTsGgLbpx1itMdtVIAHz87Y143K7MBt/7IKSTa66sl16YNPPR6FB5T0q2VLtK/TmHj1qb26L/XPNAcLKudl0Yaj4Q==
YVmiezj8RmEHRIOhyU3IMcYNp6B5EesPRGIlYSpzpJvRL0zvWD7fMJ3cHnzk6P8OID8+Md0bxpSIib0Lk5aOtvP+SI0sWj9xjbWFTlQE1IeMw7eQ388sBEMtROhViyjsy1twh18C+pnX/87VA+BJSHlc0hJl2QyIK9IQ4Ol9KG5PjMYIJ1Kc9DVDM/q7s6PK
iUj/lR4xzFMYHTtrAtSTammcSMmRHGDm0bzj65BnnWLY4Itv/Pu5/EInZFcJCzzzUMv/HOWYzoBMfH+CuNuObZUvJniwja03e0LO+qtauBGkLp/ddXHVMnwQ1IuUp4dMF3tMaPup1FQ93+ggE38Am1f22rWvux4pq3TJxOG4Yk4t7exkE9YA3AGpaCIXKDaUryY8WM2HY4aTp6PG
tJI9uWtKvRleyVHdDlEJnmmcSMmRHGDm0bzj65BnnWLY8YNh+vS4rkInZFcJCzzzUMj/HOWYzoBMfH+CuNuObZUvJniwja03e0LO+qtauBGkLp/ddXHVMnwQ1IuUp4dMF3tMaPup1FQ93+ggE38Am1f22rWvux4pq3TJxOG4Yk4t7exkE9YA3AGpaCIXKDaUryY8WM2HY4aTp6PG
pNCWOuP8AIaV6P1m8IRwuAoo0F+zgwSiyEcAZZhFIGHqacx+ocjoRSl4sDq9mO2ByKcmHBFlpmpQkfyyalOku5GPzE8YHd8Q3Xye3KTI/y5gn76RnTvGtMgpPavTto6Ws17ILWx6P1HNFQXuFCTUp8xjNzCf7ywkA43ESBWrKMyL+/AnHyL6uZdfTnVDwEloOfxSsiX5DKhrcpBAqV0oTg8sRqhncpzUdeOzWvuTo+o=
FiLOBkWqUw3ChlPKqVhG7Ffxbkae5GVbP3V+Su8I9wAZNak+KHgdMJaUwJeekAjqp1eDAzWqI67dH+UWPjIGP/b+18YwWeQpEx4NFS/0yn5n12KzvJFxvtGUzNpiWwddQrSnrfQApw+u2PfNKmygrd+y6olWOkqJlenjj52eZUf09IslqzTPE7h4FekdOo+1LzQny4pnhZGmo8E=
+G35FYHmv1iBPz6AYf9vs47A0DFHYAfNgUFw6tql5cLuV3ce/MRoqLWqPGIKY6SrsX+MH/irX4B9DF4MxPj/PkBv/sF9i0YkaFn9e7OGjoaTroh9jMq/wW1lxT50FNS37JN3YH9frLSj/QSYdZso3KsLsHf/knopNy+OpSPwSXgZDBLixUmMOMsCUJDJbSheL9wG+IfCHETVk3OKm6Oj+g==
QoMo4v22eLJT5bydlBdDnZGcussYSoj8Y1c5dXhG9hqvXipOXxI+YDvcsPTme7jIXsZTZ/VP43Jl4hvfI1p46tBzgE4hamYBQsW1fqv5iWxc0pFnFD8qCfcyVxRKVuTDkdE0BFEBYpgB4wi4USGMNPYBKQKcxYDiDMVTKSXD20azC4LEfQn9bOn/nhgzBTsimZnZBFHHnH+DnaCjxw==
bD11OgLJ/qw3G9/BLsjqPrGpUPLKreX6nn+XxrOG5gJAiZz6muskE0HX7EcoYR/4TeR+FNTw/wYwRx4ZLcOG3NgxXeMjDg4+YwboJVwC/7ldjeUmZBzUj5y7l7gvF2xME5WkAOUTqGRbo9AvL1o6UQfHrr0z+ElAaSTyOpUBTMB7avAIWeWo5t90ZqBXClw85XtTkouro8I=
4IVDu5ywGW/SQ5gKlnp6Bn1jZBSibTLWKnu825eK1EAeFEgn9vCwGngQ+1PtSgu+1R/tBhZSXu8OPo+2iLkMmZueheWHVLLOvxda4+Sxma7ZlMTKintfDXp0fx2MoA//Jlh/fcKMGN2HchJZDlpimZ3p65+1fr0XjLRT1RNUp6Mw+J2ZtZp3BXd0HxtSR+2BrqPJ
C7WLPE42wO/fec3rh5wmD20J+rOTzx2lTHD6tKo50oOjhPyYuR4rG6jaVN/YDQwWMp/k73mz3EsgdzgklaAuuDxEf7rI425V5RfmwMA1TY8L+k5C2+JYqdSWX+UFSTUKDCjUs+SfZ3RnQ4zQixE07E1naJhjx+AjJ04ajd+D/hHbTMn8kYCCdl3VLNxjbuBkcRHommeQ1izfnvxgvb+DvuOfo/4=
2pUsRoh6ZiD+c+zDrHbA9sj1kg4F52rXZ9n4GJM2u14AMRhoGTudr5UupdxWQpaAo0wodH7rIGg2lpigvX8LUh3S499baoDKuENIDmm6jqHaVS3+M2kRDPQCWSdczwJpz8JvFHKm3KO5IXxEmdHK+JlzkDjJsRSUHtFhQlT16ML09Ssp3fOjZls7ygS1WZXMcW8GmKuVo8IxyZHEmbe0n7vtmKP/
PBYQCzdNN5i9PBk7mXSIspU7oYFr9bWs4lnZ7zATZmglL0STcdASaVZqcatJ+GjOnlS0KSnZcZz1SxXPA94cuQUZYe3AeZTjyAzXsG3mxX/U9mb4n2WZKnm5/kNer0csCeyQ65L0Rup2vmv/wwSsNHqjrBjK7nzBWGfXwtHaJ18fYsxa5Fss7g1C8lFWnSk+t6EdPEi6fQf4V955A0qrFLYuELNludhkvWl2yJW7FPjNeZhkYikFojDttFK4/W+pGftv9ocjLmRRIWm8/ScC2C/dr/KNcbXkPS/oj/dl3KO7
BNktbIF6RS6mb5jdcSkbY73qrBc777/jTzsviLZftASSXN6Xot22mbZeTznGeSL3ZHgTpvrbJCMh5yz3SNGZSS1UviS0wP82UHfeqU1zBmy4gZ3TQz4ODgM2KJU8sn8JPT0lFgQs1L/8i1cIT6fs/HMlZDCFI6hUO5MQn0/quuFnd26NU8hJcAkUMor1scxwG9owODnVqNa/RKYQN7rcjIXLk6Lrm6Py
/fnAH0yLG4PU7vqiCCWy9Ela+4io2wpegvRpWzljaBbuEfVKfRMEUhodo/jS1ARf0uC0Eg82JpupOq8mWZ9hnrKimqdSHnO+jKkoYVfeyV1jxDZGA/eGq6CBfbbVlMjSbksbRaaUw5UIMOtHahizheacHNV7Uk4RyqrGARFpZwcRDvnfUJQv3RdEg9t8OFEh0QrzjcsUQ9OWd4mZoqPF
3qp7gD9TWETqSF5udbehHD3w7QE6kpih6f+bZbo8qJKic/HLwfSmBQQxJfEEnQQYKiSZ0gZeCD6/RHSB1qNhnVYubGcFSd+gblzH4EC/MLwPK8n7Xaz4klQNGD0fwqOJ/P5nAzzqWX0Ixr8FuHWDpIoDU3FWd2+2iYKtYroAWd8csk+8KCIly0gE+xJOurs0LC7xjWuYl6WjwA==
qs2y0t1i5G+HgEjZeeRJ94v4PkYG/UgbFHQOUURlDRUUmQwNCvBRFlY6oKo/0NzlhmepSXY6ZGMVrff0LghvBNA7uCiv/wE/DcjQhlQZMFlPBmtdXGrvh6wO8SlIkpfhqHGLsKrXm7UGE8ciCRYFBurEkQs8pke4OMYNnwhQU/bePjOgjPo5STv8v7Gj1A==
DP3IgiV8owSOt9zRHiMJfX+k7p1g2o6g6/zA9NabaIgupufia++zMlUCC98zOkgqANMQzpGKlsESpYV+W9nZLOxyYeeEX3rJBxJHFFp2FAPBsaSEoaHS2FHD+LhhQdz0BuGZggxlUCI8pUMpNSPrBuOrEkTNaY0sOR+uGEMl6+IpOamEwSdMP/O9sKPX
ZRRAjutPOCP/zkXHarupH4n4PlcE60wbFHQOUURlDRUUmQwPCvBRFlY6oKo/0NzlhmepSXY6ZGMVrff0LghvBNA7uCiv/wE/DcjQhlQZMFlPBmtdXGrvh6wO8SlIkpfhqHGLsKrXm7UGE8ciCRYFBurEkQs8pke4OMYNnwhQU/bePjOgjPo5STv8v7Gj1A==
4bn2mu72fdO/vznjdIaQjH+k6It8x46g6/zA9NabaIgupuHia++zMlUCC98zOkgqANMQzpGKlsESpYV+W9nZLOxyYeeEX3rJBxJHFFp2FAPBsaSEoaHS2FHD+LhhQdz0BuGZggxlUCI8pUMpNSPrBuOrEkTNaY0sOR+uGEMl6+IpOamEwSdMP/O9sKPX
NhGFSemAjS68gFC9B2objn+k6Z1uwo6g6/zA9NabaIgupuDia++zMlUCC98zOkgqANMQzpGKlsESpYV+W9nZLOxyYeeEX3rJBxJHFFp2FAPBsaSEoaHS2FHD+LhhQdz0BuGZggxlUCI8pUMpNSPrBuOrEkTNaY0sOR+uGEMl6+IpOamEwSdMP/O9sKPX
I429q9aRulXrx02EmzybZk0xE+6JmXvuOZRFbYlczSDdiLKV/5fiQXsAxzhT3otsJnzeucQNXc30oXwlyRnhbvbicII/+Aw9Jh8ZobYSFFv1daecruC/XLADSADvl7HHrZCArlQxYAHv/ts1HEIfv8xWIcHI+sc5SEn7mGo/K82myxcKCT7V3kq8IeP8jjeA2B5d94i4g66+BsOIzJKJsZuk75mj/A==
hwlDLjDsJx4luMNGEYO32KlyMwFF33zgjjFoO6RAAy9XIRJV/cP4OB2qdHaIyNXjDUZ2IzsKv+G8zA9rTqbW36YbEyhGEu4Pvr4fFlj5fLmLnpWFt5Riri+XqkOU8UlO6ZT0Klo7L62K9O99XGA/nzZYb12yzMh9F/Kiub4aMrlt6Zu/Zb4Ndzw0w3VDlFeDIPiNeYXaJ+Xn9G+7ooe94Z6j+Q==
KyegWfWp2hbHlKLFhTGkg6lyMwFF33zgjjFoO6RAAy9XIRJV/cP4OB2qdHaIyNXjDUZ2IzsKv+G8zA9rTqbW36YbEyhGEu4Pvr4fFlj5fLmLnpWFt5Riri+XqkOU8UlO6ZT0Klo7L62K9O99XGA/nzZYb12yzMh9F/Kiub4aMrlt6Zu/Zb4Ndzw0w3VDlFeDIfmNfoTaLeTn9G+7ooe94Z6j+Q==
pbbWg7Lw4+X6xkA71Died6lyMwFF33zgjjFoO6RAAy9XIRJV/cP4OB2qdHaIyNXjDUZ2IzsKv+G8zA9rTqbW36YbEyhGEu4Pvr4fFlj5fLmLnpWFt5Riri+XqkOU8UlO6ZT0Klo7L62K9O99XGA/nzZYb12yzMh9F/Kiub4aMrlt6Zu/Zb4Ndzw0w3VDlFeDJvmNfoXaKOTn9G+7ooe94Z6j+Q==
j2t/+TjG7M5inlQ1XIuPfqlyMwFF33zgjjFoO6RAAy9XIRJV/cP4OB2qdHaIyNXjDUZ2IzsKv+G8zA9rTqbW36YbEyhGEu4Pvr4fFlj5fLmLnpWFt5Riri+XqkOU8UlO6ZT0Klo7L62K9O99XGA/nzZYb12yzMh9F/Kiub4aMrlt6Zu/Zb4Ndzw0w3VDlFeDIPuNcoLaJ+Tn9G+7ooe94Z6j+Q==
snDDnQiPaAzhGGJGyQHnNalyMwFF33zgjjFoO6RAAy9XIRJV/cP4OB2qdHaIyNXjDUZ2IzsKv+G8zA9rTqbW36YbEyhGEu4Pvr4fFlj5fLmLnpWFt5Riri+XqkOU8UlO6ZT0Klo7L62K9O99XGA/nzZYb12yzMh9F/Kiub4aMrlt6Zu/Zb4Ndzw0w3VDlFeDJ/qNcoLaJ+Tn9G+7ooe94Z6j+Q==
gwsR7lWtDOHYVqfbjaKAJKlyMwFF33zgjjFoO6RAAy9XIRJV/cP4OB2qdHaIyNXjDUZ2IzsKv+G8zA9rTqbW36YbEyhGEu4Pvr4fFlj5fLmLnpWFt5Riri+XqkOU8UlO6ZT0Klo7L62K9O99XGA/nzZYb12yzMh9F/Kiub4aMrlt6Zu/Zb4Ndzw0w3VDlFeDIPmNfoXaJ+Tn9G+7ooe94Z6j+Q==
aksJKjCsnudx3LmrWH+3hqlyMwFF33zgjjFoO6RAAy9XIRJV/cP4OB2qdHaIyNXjDUZ2IzsKv+G8zA9rTqbW36YbEyhGEu4Pvr4fFlj5fLmLnpWFt5Riri+XqkOU8UlO6ZT0Klo7L62K9O99XGA/nzZYb12yzMh9F/Kiub4aMrlt6Zu/Zb4Ndzw0w3VDlFeDLP6Nf4TaLufn9G+7ooe94Z6j+Q==
HhqOnnOFk6Ma9m2kHCVSZqlyMwFF33zgjjFoO6RAAy9XIRJV/cP4OB2qdHaIyNXjDUZ2IzsKv+G8zA9rTqbW36YbEyhGEu4Pvr4fFlj5fLmLnpWFt5Riri+XqkOU8UlO6ZT0Klo7L62K9O99XGA/nzZYb12yzMh9F/Kiub4aMrlt6Zu/Zb4Ndzw0w3VDlFeDJf6NcoHaLOfn9G+7ooe94Z6j+Q==
dVtPwaxEFWrjjjpvSN4SIalyMwFF33zgjjFoO6RAAy9XIRJV/cP4OB2qdHaIyNXjDUZ2IzsKv+G8zA9rTqbW36YbEyhGEu4Pvr4fFlj5fLmLnpWFt5Riri+XqkOU8UlO6ZT0Klo7L62K9O99XGA/nzZYb12yzMh9F/Kiub4aMrlt6Zu/Zb4Ndzw0w3VDlFeDIvqNeYDaLOfn9G+7ooe94Z6j+Q==
K8xSTTThxaGszJZA3sipkKlyMwFF33zgjjFoO6RAAy9XIRJV/cP4OB2qdHaIyNXjDUZ2IzsKv+G8zA9rTqbW36YbEyhGEu4Pvr4fFlj5fLmLnpWFt5Riri+XqkOU8UlO6ZT0Klo7L62K9O99XGA/nzZYb12yzMh9F/Kiub4aMrlt6Zu/Zb4Ndzw0w3VDlFeDIvmNeYDaLOfn9G+7ooe94Z6j+Q==
w1dLRbEIEKXGxbSRSzhOQ6lyMwFF33zgjjFoO6RAAy9XIRJV/cP4OB2qdHaIyNXjDUZ2IzsKv+G8zA9rTqbW36YbEyhGEu4Pvr4fFlj5fLmLnpWFt5Riri+XqkOU8UlO6ZT0Klo7L62K9O99XGA/nzZYb12yzMh9F/Kiub4aMrlt6Zu/Zb4Ndzw0w3VDlFeDI/+NeYDaLOfn9G+7ooe94Z6j+Q==
QUpv23On1chq7Fqb0wp4VqlyMwFF33zgjjFoO6RAAy9XIRJV/cP4OB2qdHaIyNXjDUZ2IzsKv+G8zA9rTqbW36YbEyhGEu4Pvr4fFlj5fLmLnpWFt5Riri+XqkOU8UlO6ZT0Klo7L62K9O99XGA/nzZYb12yzMh9F/Kiub4aMrlt6Zu/Zb4Ndzw0w3VDlFeDJfmNeIDaLOfn9G+7ooe94Z6j+Q==
u3+1O/oPay5RvQqK2LbcOqlyMwFF33zgjjFoO6RAAy9XIRJV/cP4OB2qdHaIyNXjDUZ2IzsKv+G8zA9rTqbW36YbEyhGEu4Pvr4fFlj5fLmLnpWFt5Riri+XqkOU8UlO6ZT0Klo7L62K9O99XGA/nzZYb12yzMh9F/Kiub4aMrlt6Zu/Zb4Ndzw0w3VDlFeDLPiNeIDaLOfn9G+7ooe94Z6j+Q==
Z2DyXqJ08bQey4+RNIzj+6lyMwFF33zgjjFoO6RAAy9XIRJV/cP4OB2qdHaIyNXjDUZ2IzsKv+G8zA9rTqbW36YbEyhGEu4Pvr4fFlj5fLmLnpWFt5Riri+XqkOU8UlO6ZT0Klo7L62K9O99XGA/nzZYb12yzMh9F/Kiub4aMrlt6Zu/Zb4Ndzw0w3VDlFeDJv+Nc4DaL+Xn+2+7ooe94Y+u+g==
S3/rXoTJdh6XCPtrMA5lrdZxBDRUhNMTPvbXpuXoh2e1KMmzubLyos5NellMStsIM4Hgq9wXdVOKwMi3CsT/IEgsy/n2ysQzVZ0X5C4YDzQQ6xhYL0/h70248JZUCRApD9aL7dwaT1dsPpE5SIJ30eghK0AqZ/vlxuPnMgkGJfYqlPG7vFbn6Hj27YwOQDnDHuaT0ANK2Zl7jJ+wrsc=
