TLJK7oQHBUL3S3lh8u1lo8yPsNsEQouveVUnZWsB6jmvUyohOXxXejLLqfzZTZWvFooCNKwL9m5vqhbqJ1lN5MtxgE4hamYBQsW1fqv5iWxc0pFnFD8qCfcyVxRKVuTDkdE0BFEBYpgB4wi4USGMNPYBKQKcxYDiDMVTKSXD20azC4LEfQn9bOn/mhgzDj4ikpjZBVHHnH+DnaGzxA==
gYlRo4oRKfgL/9sey9MxykvglfGistAqt5+9qMRZGnPgrf7JxP19vbRx3LVChgE+ttKQsj/I7A1mT/kxNoK0i7UFh2yukJ+scFPokG8H0RdtoOCeVAEAMS8uu6Wc0r/vDKYBscgK50kImVsI6q/Lneb79zoJDjXuCuzBc3wel1CYbn0DiMioW35dYhhNAulhW5SPqLPP
fbdMKS+t9h/3ENwllGbS4dnN8LvYFm3XBpeqlxogxT4QTQ5q35gsbjrTeu1QgwDW4/hOhj0w2g1PNllZBoNcwD0pCH7hiNlwdpTgV/4Q6KqFV+BD1SqDbr0fBVaesmb/Fv73BlDZBGkzHm3Vj3RqvgfXQvMcERF+8ZTsGgLbpx1itMdtVIAHz87Y143K7MBt/7IKSTa66sl16YNPPR6FB5T0q2VLtK/TnHj1ori6JPTPNQcLKudl0Yez4g==
nMqvaAU/YYNFlzD/HofHTcYNp6B5EesPRGIlYSpzpJvRL0zvWD7fMJ3cHnzk6P8OID8+Md0bxpSIib0Lk5aOtvP+SI0sWj9xjbWFTlQE1IeMw7eQ388sBEMtROhViyjsy1twh18C+pnX/87VA+BJSHlc0hJl2QyIK9IQ4Ol5KG5EicYDJlKd9DVDM/q7srPJ
aWiIw7VU2xugZdC5DUymQmmcSMmRHGDm0bzj65BnnWLY4Itv/Pu5/EInZFcJCzzzUMv/HOWYzoBMfH+CuNuObZUvJniwja03e0LO+qtauBGkLp/ddXHVMnwQ1IuUp4dMF3tMaPup1FQ93+ggE38Am1f22rWvux4pq3TJxOG4Yk4t7exkE9YA3AGtaCIcLTafriY9WM2HY4aTprPF
JeG2dU4KNNG49/0HHYjm4mmcSMmRHGDm0bzj65BnnWLY8YNh+vS4rkInZFcJCzzzUMj/HOWYzoBMfH+CuNuObZUvJniwja03e0LO+qtauBGkLp/ddXHVMnwQ1IuUp4dMF3tMaPup1FQ93+ggE38Am1f22rWvux4pq3TJxOG4Yk4t7exkE9YA3AGtaCIcLTafriY9WM2HY4aTprPF
oQ8Ck8QQ09HxjIzLwHr5Tgoo0F+zgwSiyEcAZZhFIGHqacx+ocjoRSl4sDq9mO2ByKcmHBFlpmpQkfyyalOku5GPzE8YHd8Q3Xye3KTI/y5gn76RnTvGtMgpPavTto6Ws17ILWx6P1HNFQXuFCTUp8xjNzCf7ywkA43ESBWrKMyL+/AnHyL6uZdfTnVDwEloOfxSsiX5DKhrcpBAqVkoTgQpRqNmcp3UdeOzWvuSs+k=
FFFGUCafrLYODU+vpkSmsFfxbkae5GVbP3V+Su8I9wAZNak+KHgdMJaUwJeekAjqp1eDAzWqI67dH+UWPjIGP/b+18YwWeQpEx4NFS/0yn5n12KzvJFxvtGUzNpiWwddQrSnrfQApw+u2PfNKmygrd+y6olWOkqJlenjj52eZUf09IslqzTPE7x4FeIYOoS0LzUny4pnhZGns8I=
TL/bikLCD/ntCCdvSPlV247A0DFHYAfNgUFw6tql5cLuV3ce/MRoqLWqPGIKY6SrsX+MH/irX4B9DF4MxPj/PkBv/sF9i0YkaFn9e7OGjoaTroh9jMq/wW1lxT50FNS37JN3YH9frLSj/QSYdZso3KsLsHf/knopNy+OpSPwSXgZDBLixUmMOMsCUJDJaSheJNkG84bCHUTVk3OKm6Kz+Q==
cGDv4i9Qf3C5brnw43MekpGcussYSoj8Y1c5dXhG9hqvXipOXxI+YDvcsPTme7jIXsZTZ/VP43Jl4hvfI1p46tBzgE4hamYBQsW1fqv5iWxc0pFnFD8qCfcyVxRKVuTDkdE0BFEBYpgB4wi4USGMNPYBKQKcxYDiDMVTKSXD20azC4LEfQn9bOn/mhgzDj4ikpjZBVHHnH+DnaGzxA==
ZYE0YpHMPEW5lDuzeqXsiLGpUPLKreX6nn+XxrOG5gJAiZz6muskE0HX7EcoYR/4TeR+FNTw/wYwRx4ZLcOG3NgxXeMjDg4+YwboJVwC/7ldjeUmZBzUj5y7l7gvF2xME5WkAOUTqGRbo9AvL1o6UQfHrr0z+ElAaSTyOpUBTMB7avAIWeGo5tRxZqtWCl085XtTkouqs8E=
0wBwud+dwQRPMYJHbumWkH1jZBSibTLWKnu825eK1EAeFEgn9vCwGngQ+1PtSgu+1R/tBhZSXu8OPo+2iLkMmZueheWHVLLOvxda4+Sxma7ZlMTKintfDXp0fx2MoA//Jlh/fcKMGN2HchJZDlpimZ3p65+1fr0XjLRT1RNUp6M0+J2SsJp8BHd1HxtSR+2Br7PK
qblDUtDpJuvVG1nJjAVjA5CpDc1ZVCzyaEGlLPU6zS4dOTHLSuwY6yQ6zQXGdioFYN2a0ReGcZxVG4O13r+Jua7w3al+U/sLluaG5U5QZIEfB6Qqj4zcJmSIQRii1DT/QqBEctKwl7u5+t/GCZ+x/kLiiofiniNe/Gm4wWfeOT3zhAZmU3f2S7BBzRYFlBhy3osLpdYUk7U4cHsnmhiDJXZcbDUr0v4x2uo2YcFpN+dhzun/4BT/vecEE3tIOCHKRMrIrBuVs7OGNzk587OW
muOs2sMSZTchROcKHVZ8/8j1kg4F52rXZ9n4GJM2u14AMRhoGTudr5UupdxWQpaAo0wodH7rIGg2lpigvX8LUh3S499baoDKuENIDmm6jqHaVS3+M2kRDPQCWSdczwJpz8JvFHKm3KO5IXxEmdHK+JlzkDjJsRSUHtFhQlT16ML09Ssp3fOjZls7ygS1WZXMcW8CmKuepsI6yJHFmbe0n7vtmbP8
opmOTU4qezXYlvnSHjuqC5U7oYFr9bWs4lnZ7zATZmglL0STcdASaVZqcatJ+GjOnlS0KSnZcZz1SxXPA94cuQUZYe3AeZTjyAzXsG3mxX/U9mb4n2WZKnm5/kNer0csCeyQ65L0Rup2vmv/wwSsNHqjrBjK7nzBWGfXwtHaJ18fYsxa5Fss7g1C8lFWnSk+t6EdPEi6fQf4V955A0qrFLYuELNludhkvWl2yJW7FPjNeZhkYikFojDttFK4/W+pGftv9ocjLmRRIWm8/ScG2C/WqvKGcLXlPS/oj/dl3bO4
eOwj+PRXH91gqhXt2XEbn73qrBc777/jTzsviLZftASSXN6Xot22mbZeTznGeSL3ZHgTpvrbJCMh5yz3SNGZSS1UviS0wP82UHfeqU1zBmy4gZ3TQz4ODgM2KJU8sn8JPT0lFgQs1L/8i1cIT6fs/HMlZDCFI6hUO5MQn0/quuFnd26NU8hJcAkUMor1scxwG9owODnRqNa0QaYbNrrdjIXLk6LrmrPx
kmjDYxBuwi6vnc/30QVz9xMmZT0VNtyj46N/JwcH/9yOs9QgekDuY7rRtp2+ol8tPlUCE0wk45KiF2Rn6Vt8I/C9ee1FyA5QLEx/stgLTj0136YIEF3tZ5tyzspLCvjBBF4fLdUhFeIcINS79HdHHLeLzBhbeZQE3e/oEPMvQEv3hlpFD+ve+ctEyfSBaKIejR1sFLMGQIzhnWgS/H12Tw5Wvaht16NW85az9Q==
1G0fA4w2/mwdpPjKMRrkLHZ5gstKj52wNl00j5aV9GtReCxsqfD7cuY0VjYcPCHbkLjaioq2r29nPKD09lvICI5mwuFEL1OyNcLr31N6qKpgkzDOsco2QbLlpX67mbmsDLIB52Sf2kmn0mcUera0g2FxRITBYTJYMYMYuEEBfHSmobmCLCUwotzlIynV44uGA2syRO2pLayZ34oYI+4OYkJ4SYWhZ+y/U/2Rs/Q=
TvvJJhzOxzoamEDU86HMivWQwhg/4CFoJInPRR8F42nXxvKl5FJufvZptte2n7qsVxciIxIBODrb+E4xRIXNdZR5zGsJ35G21ppgij/wHEUGx2lpdlqkg5XNNxQuaC/kUFv4yK/fQZ+NaJCmVDlw+c+mK31ciq/nLO6xSUhyV4EokUvQqvdbFYazBwIJNsWmamRRKzzGh1i4ps17CDAYE15VckCN2nnpu1z/kLP3
JUmtl3Jw7lCL8eOfxYod6Ela+4io2wpegvRpWzljaBbuEfVKfRMEUhodo/jS1ARf0uC0Eg82JpupOq8mWZ9hnrKimqdSHnO+jKkoYVfeyV1jxDZGA/eGq6CBfbbVlMjSbksbRaaUw5UIMOtHahizheacHNV7Uk4RyqrGARFpZwcRDvnfUJQv3RdEg9t4OFEq1Ar4jMsVQ9OWd4mZo7PG
StveJhPk+vs7tzHvwrzyzD3w7QE6kpih6f+bZbo8qJKic/HLwfSmBQQxJfEEnQQYKiSZ0gZeCD6/RHSB1qNhnVYubGcFSd+gblzH4EC/MLwPK8n7Xaz4klQNGD0fwqOJ/P5nAzzqWX0Ixr8FuHWDpIoDU3FWd2+2iYKtYroAWd8csk+8KCIlz0gE8BdOsbo0LS7xjWuYl6Szww==
mH83x7kyj3CLuQvEaaBZ34v4PkYG/UgbFHQOUURlDRUUmQwNCvBRFlY6oKo/0NzlhmepSXY6ZGMVrff0LghvBNA7uCiv/wE/DcjQhlQZMFlPBmtdXGrvh6wO8SlIkpfhqHGLsKrXm7UGE8ciCRYFBurEkQs8pke4OMYNmwhQWPPeNTKgjfo5STv8v7Cz1w==
3jxzWRrkkPGx6pyiq+K873+k7p1g2o6g6/zA9NabaIgupufia++zMlUCC98zOkgqANMQzpGKlsESpYV+W9nZLOxyYeeEX3rJBxJHFFp2FAPBsaSEoaHS2FHD+LhhQdz0BuGZggxlUCI8pUMpNSPrBuOrEkTNaY0sOR+qGEMu7uIiOKmFwSdMP/O9sbPU
Hzxyhvb3q6V8whuolEQhvYn4PlcE60wbFHQOUURlDRUUmQwPCvBRFlY6oKo/0NzlhmepSXY6ZGMVrff0LghvBNA7uCiv/wE/DcjQhlQZMFlPBmtdXGrvh6wO8SlIkpfhqHGLsKrXm7UGE8ciCRYFBurEkQs8pke4OMYNmwhQWPPeNTKgjfo5STv8v7Cz1w==
n3mzCUqKuhTz0hnbV5GHL3+k6It8x46g6/zA9NabaIgupuHia++zMlUCC98zOkgqANMQzpGKlsESpYV+W9nZLOxyYeeEX3rJBxJHFFp2FAPBsaSEoaHS2FHD+LhhQdz0BuGZggxlUCI8pUMpNSPrBuOrEkTNaY0sOR+qGEMu7uIiOKmFwSdMP/O9sbPU
37xJKqZM026F95aPswHHqX+k6Z1uwo6g6/zA9NabaIgupuDia++zMlUCC98zOkgqANMQzpGKlsESpYV+W9nZLOxyYeeEX3rJBxJHFFp2FAPBsaSEoaHS2FHD+LhhQdz0BuGZggxlUCI8pUMpNSPrBuOrEkTNaY0sOR+qGEMu7uIiOKmFwSdMP/O9sbPU
gwzDFc58G+6MKV+pjadaMxYDqJuixQ1blL0nXyVlLhDuH6UZaxsfQRsagfjS1ARf0uC0EgUwKJupOq8mWZ9hnrKimqdSHnO+jKkoYVfeyV1jxDZGA/eGq6CBfbbVlMjSbksbRaaUw5UIMOtHahizheacHNV7Uk4RyqrGARFpZwcRDvnfUJQv3RdEg9t6OFEq1Ar4jMsVQ9OWd4mZo7PG
vDg8UuQUxqWccu0AJUW+vYGg4L/kOxEse6T+qqR/ZRUHP+Tq0mfuDl9jWXk67um1greNzJlsHhCGlNB3rtC4ChvQHONl6vOOrR8VNm7y1l9mfmemgJnUSQMeHTXfNLrel1fyE2zRIV7hlPw6MhvX/dI0Vw2EwFcvvtjnrRqsEM1vMnrphvoaqWXpk69N3jWnZHQ7xRt0//OueAXCaHp0FF+1t2vap1Xxl7Py
9xK4dFMsdzzQWmcJ/BPoCaLR23K9ew4luTwEdP/rrsiaW1+LaBFC5Ues75sfj0ymBRGLCAIsQlcUr2LcYBO1eC7J/lI+Tdfa7Pn2SCGzLGAydheoNqqNzT9MCRWKXkuuhInwEf9eoe27pD5Wezde2yghBWb9lOACFuuTNX5Uu4UAUDP3Apgb9T68FMVDEpahQkp+UflpD9epbnFvCFQXzR9k2yvVuLmajOrwnDNVGyMe13HJi7Pu
9xK4dFMsdzzQWmcJ/BPoCaLR23K9ew4luTwEdP/rrsiaW1+LaBFC5Ues75sfj0ymBRGLCAIsQlcUr2LcYBO1eC7J/lI+Tdfa7Pn2SCGzLGAydheoNqqNzT9MCRWKXkuuhInwEf9eoe27pD5Wezde2yghBWb9lOACFuuTNX5Uu4UAUDP3Apgb9T68FMVDEpahQkp+UflpD9epbnFvCFQXzR9k2yvVuLmajOrwnDNVGyMe13HJi7Pu
O1y1mKg1wZlGnzgdU1g96cnrjlfFBl7792JI8SbD2xw6Tk7XWvC45r9Z5zPlygQyBbXk2dAsG4PyJgx68QoK7Whx52armT+iT7qLX9zEuOhJRXjTGnywCvRu8gDCnT6DkkazkpvQvsrnQmOaAVZBZI4qKYXjXAVtTj7PNki5zBnbnsVlx1RyTn8XGmOksdkuGZQESsp7H406dL+dTKBPf2ZYP/0CjNhdx3JS2U5aohld6asf9X59l0y0k1VTVOcj8/hdEnCaPIQ3dd+bkkctAe+zig==
h+nJUceuL/xR3QA2+63PZ5RibbqW5pcmPSWuDAgiASxXcNj/0npH5yczJNnvieFbMyvra5l3MMMe55fCkVpnX9/iDFok2+zuzcIyUZYd6T53Id08iDq9BzjXHnnDymsUdq7Qs6U5GGR96bbIVTvU+A35WGSiqcWi8G10Unh9r6lZey/2x6NuZBGhKby9p0DYb1bq8sbw9eV9r6iPt+Wds/g=
mUkxjxqwGH9983ROfgIsFNg7T3IHhMgdeLPYvKzojmGDYYjyn4DVhb1EY0wrfOUiJ9qw9YtJMUaWyoC6P8D8FUY3yfn2ysQzVZ0X5C4YDzQQ6xhYL0/h70248JZUCRApD9aL7dwaT1dsPpE5SIJ30eghK0AqZ/vlxuPnMgkGJfYqlPG7vFbn6Hj27Y0IQDjDHuWS0A1K2Zl7jJ+gs8c=
2gY202A16j1/gxPVjpNJVd/4242Yog+Y1FQMv6lj2N23iAxpRuYQl1yK33QIqlWRz9wAn275Kgzt1uHFC5AnfLMb
SOA1ModBZ0o8Mhn07cvf8LXuoB8+2+z5QQZgmKwW1wbBZuK5k8ilibUbCSbQOmj3bGwYhbeCdAUVyhauPYHFF3FUpzX53coyU0LQsk9zBmy4gZ3TQz4ODgM2KJU8sn8JPT0lFgQs1L/8i1cIT6fs/HMlZDCFI6hUO5MQn0/quuFnd26NU8hJcAkUMor1scxwG9owODnXr9a0QaYbNrrdjIXLk6LrmrPx
mkXA17p8O471I83DvU1xdIowLMF+pFjDtYbKxLai1adZl+ddizMkHpL8pdkNWx9U+7kohBk4FxQUKaJMj1JsaEv6krw6P2P6d20eVEnMaqJPKZ/taxaauucstej+H5zPg4M3iwqVu+I6AqK3Ot7bDlTJIDHvXrGNa+TuNuu3rrvYYfUGDZQQYuarY1WO1Cvl0BDjlxKYC9Xu/MRl05ImAfIKTnHJaT/3ma7Bz7jUh21PpIsLyb+petwqoHyj1WvDbhcBKfuzng==
4ZBcGdtj2IAFUAsFJkXAL/8llodrOz6yb0t7bLy6WQCLyZjXKUhOvfPosrp/cpNeCnY/9Fv3XOKC7tZ0OfaNv/sxSplhaP0/ZqRZ27rwzh7TqPh763rfsLXPUSHDciGXXHo8Zh8+dalQaBTjxN15E2/+lB73XkP5UZ1phBir6tMTgEs8uv4+SXQGRLou8pbfpn6nJkCZlMlDHl21HzR6XldXspMs0WHeIZQ8unIbl32SNJeNRMCXr/7Ypy1arNBNrzK6acb6Wikl6VMvjd71JyR0e0VbdD9zZH/FQih6NJQftXfrGqeVcdezsg==
66F4sl/eHhDhf/fQ/g0a8lFf/vlOHfPt8smH4XqK3fiRpNl58OMf4+f7BJsZevnMISl6tffX3FgPSH9McEh6JnEZMr0+8LCEmx9cl1QDai4IPjgY+SIataKeaaOfTUygO8pwqJkJrwYU0eYLFmpdXKXb0zJLSrMh
J+yZtq5ax2gthfp17GkemHd3eqplXSNlZgvpKkNrTm62yn12aX1jvd/APwIgx7HQSWhQ9vQthka23uR6fIskLoWyirE+jXG+77G1nHCK9UfwB0YZ6zpTFE5e+NP96dAkNVlOaD2rTHiVafCEGtmNYjg9LHKQTdepoUtH1h9zJiTZUZHcFTfWX/fGAlK+QD0lNf9wb5+VpbPA
/RuWqRZWDubwovnb1FXQh8yAp8ABV5qSeVUnZWgH6jmvUypOUhJRBlW1p/2bCMOyTJ8VMO0Q/GZopQLGMlZ46tBzgE4hamYBQsW1fqv5iWxc0pFnFD8qCfcyVxRKVuTDkdE0BFEBYpgB4wi4USGMNPYBKQKcxYDiDMVTKSXD20azC4LEfQn9bOn/kh8zDj4ikpjZBVHHnH+DnaGzxA==
qaJhi8AuioP0VQELmbPj0oowLMF+pFjDtYbKxLai1adZl+ddizMkHpL8pdkNWx9U+7kohBk4FxQUKaJMj1JsaEv6krw6P2P6d20eVEnMaqJPKZ/taxaauucstej+H5zPg4M3iwqVu+I6AqK3Ot7bDlTJIDHvXrGNa+TuNuu3rrvYYfUGDZQQYuarY1WO1Cvl0BDjlxKYC9Xu/MRl05ImAfIKTnHJaT/3ma7Bz7jUh21PpIsLyL+petwqoHyj1WvDbhcBKfuzng==
SzxkoIzDH6xS+t5qI+WulnPZcpjICSn826Dl6YVpvTLVpcYrqNqKwCswbSp6cEbhCYqoBLqH2o0LZWaTtNuObZUvJniwja03e0LO+qtauBGkLp/ddXHVMnwQ1IuUp4dMF3tMaPup1FQ93+ggE38Am1f22rWvux4pq3TJxOG4Yk4t7exkE9YA3AGlbyIcLTafriY9WM2HY4aTprPF
jJCR0eHrRdxRGA8rSs0+2KLR1Xq5JQsipGtQe7CSj+Cgc2ykWzhC5EvtoJxanFWxGBCLAQ1lQlMYkS23YB64FjPO5yEtXdHc8bquW3+gZ3Q+ThqxKIaYwgpCEheKXkuuhInwEf9eoe27pD5Wezde2yghBWb9lOACFuuTNX5Uu4UAUDP3Apgb9T68FMVDEpahQkp+UflpD9epbnFvCFQXzR9k2yvYv7majOrwnDNVGyMe13HJi7Pu
eWpKXpaKlp+JzIruscQmKRs5itVqN2DPYuwcLuwW3x7FRFshHWVSc8jR/Rfwngi2w47XAV1d4bwB+h67DyD3FO4OSlE4hoii2oJC9xreu840SYDxz15RzYtkTvbLt857eOFVRu2U8CJGK8OV7tQLJXCQA9fymCsVTnykpbOSBkESiq4x6WkfN/kuoQ+Y1GctryQrS+i/ybq8qgA8g9WLg86Xoembs/4=
8NnpGWjnsVxlYyBLY7Gm/5/ynh8Z8mrAatDvAMknslJBJR9lUHfS2Ycj4o4aQvnmzSU/fQOYWxIkz93wpSAURhCV+sZKZoDKuENIDmm6jqHaVS3+M2kRDPQCWSdczwJpz8JvFHKm3KO5IXxEmdHK+JlzkDjJsRSUHtFhQlT16ML09Ssp3fOjZls7ygS1WZXMcW8Kn6uepsI6yJHFmbe0n7vtmbP8
v/7xQnqtoIfou7/xcTkYQjK9lwGjm2wUM4vIy2dSbC/30ZJ3/xVDYP26/tdUWklmhLfsaE/LL/r3yxPNYqFGJJnRUdzVtx9eN0ZCUv7AfSV1fzBvXxVlswA=
YX9FSHAHV5oZhVrpngu9HpwFinpShUtEvq4hDSOE/4nRUkElUpK3nMVBh6C58gJnOILtBiBPQPjTQ6t6c0OPXc7Z4sQ9ib1sqX/bHnOOfiLSGBkFkUdcf0MdYbME
hG5Tu4TW2E19tdYTI83kGykFhbdm5hhiED4MWyvL4NAOT3mBjHjJ3trEDWZhzSvPnMIvDOgyxR5OVJAHDgFaxK0e0f0riDd0sxM=
obXL4rLIBpQRb+OsbYnILW0BtJ40Ub3REcBvPnR/Po4LNmaj5mAl7/26JW95Reg1pHTbBTv037MNfmWCCPoUVP+1F6v6J7Uxd7MS
SstVptStGGcb/7+5PoLWrD+QnaMxScTIzlp2GW+ly+B1ymZ3PIrxJlyHhIh32yf6/9srrYqRHuQhgbl8TUeX3r/22rJWkIVlLY8YT6cFbbMI
c+jy/Ky6O9hW5T9DMelP1ufG5+nHo+laDCvOwP9uew6FwaXKX5ywjIgtg2GsHj5tjYe0YrUAGpbp8OlHR2FMgPsq8MjZIK4mVLFm69ZKXXxlO1NSC2qzAQ==
S/ttXFDW0xq8xf8rB61Rriibhr4OO7T4nAkkGWely+B1ymZ3PIrxJlyHhIh32yf6/9srrYqRHuQhgbl8TUeX3r/22rJWkIVlLY8YT6cFbbMI
ZlGmYz6rEQojHYOdVUgZ9CgFhbdm5hhiED4MWyvL4NAOT3mBjHjJ3trEDWZhzSvPnMIvDOgyxR5OVJAHDgFaxK0e0f0riDd0sxM=
yw9iEXNRHjoJdxijg9dazzRiu7JcP2ffvNdCplD6RO/7vwh0rusRdRzMQVpaQIXS8TlDazxmx3g4ho3aDpDYM951suCNOrkJO7w/cLMX
F23gzQHtlSijIeuBazMyD/rp1ndknc/ZF1wM9aOZZOUeWHDAUJnzvQR6nsH1EyQePYSaGnGEWdsvxazsQ/6gdBFk7uoMhZa3/q59UJ0vQ64DbrMN
M/SW6fbbYg5ganAhXXTs4KOXtxIoY7u0xmgumdi9zU+pQJeuzN9WXkN2rtPOQD0f5bo9H2FlwMXstBNV01RnI3X+3RLwmryEt3VfmxJHrQFvswo=
ej3hiWkBUhd3G2Tly/l933JiZXNczpCxeHUn/9mVMCoQf7Q+0GI0R1vX2MzuE0Fd/KRxQlpYtboREROTfN4XEJgu/UKOCCibfp3iWE1CaSFbVA9osw8=
yE9QJshRFGZeoIZGaeJ9A0v8zkVifYOuvGNfA8wLevqQpvwzi2OwKE53qelsUPnG2tw9ToGl+/fcOn+kSFo1hs7M4O+uqYq8bSaBFUugB2yzCw==
8gGX2gwCsjbrudUvQRlxoxzci6VrPVDm6GHxGVUAK3a4D+I2r9YCO1rwqWd5OqHn9dVUrUAUf71nBJN7yT6hysTKSKyblTOzBje5OXOzFg==
YjetTvaXFtSLFMWWIMQzuUn2zEdmYoOuvGNfA8wLevqQpvwzi2OwKE53qelsUPnG2tw9ToGl+/fcOn+kSFo1hs7M4O+uqYq8bSaBFUugB2yzCw==
TDd+doFe+NM3HQ6Lh8vbZU7U+8pGIRmHkD1VousEMAQYVSPJ3Mb+JV2/1IqFGBqe+QjJb7c5DEirkhCgabgursTJxkOmkp00tQMzujtyswk=
JRJrhj5v7aZlpj2KtqhY+bScrBQRMbvdlXQqldSw1kypQJeuzN9WXkN2rtPOQD0f5bo9H2FlwMXstBNV01RnI3X+3RLwmryEt3VfmxJHrQFvswo=
bpvE6APTOo5c7pwZShb6/kv8zFluXPP9oGdTD8EQefqQpvwzi2OwKE53qelsUPnG2tw9ToGl+/fcOn+kSFo1hs7M4O+uqYq8bSaBFUugB2yzCw==
34JBe543k7rTvTNz3O3WQDYRmJhwJQbFE3P3oImS0qdIYl2GsO8QOOMju3pjo78dHnlyRI3pTSz5n+seg64u4mK46YUBpww/sz1xsxQ=
huToJ6I717zKKAFf0BnPrVo9xoBOwQRiED4MWyvL4NAOT3mBjHjJ3trEDWZhzSvPnMIvDOgyxR5OVJAHDgFaxK0e0f0riDd0sxM=
k7lv8yJWqYXrDupiA8a44XJiZXNczpC6ZXU/0IqeLjotILY+0GI0R1vX2MzuE0Fd/KRxQlpYtboREROTfN4XEJgu/UKOCCibfp3iWE1CaSFbVA9osw8=
iQ+745YePqU6z+TtL1ReJCqRhrsAJbT4nA0yFWery+B1ymZ3PIrxJlyHhIh32yf6/9srrYqRHuQhgbl8TUeX3r/22rJWkIVlLY8YT6cFbbMI
UBiUO/g7cuNeZBqZ/6hbM3JiZXNczpChdlZr3IuQKTsNbLs+0GI0R1vX2MzuE0Fd/KRxQlpYtboREROTfN4XEJgu/UKOCCibfp3iWE1CaSFbVA9osw8=
D/W2HxYtWKLCTzhXKRmXoHBoZ3FY0ZChdlZr3IuQKTsNbLs+0GI0R1vX2MzuE0Fd/KRxQlpYtboREROTfN4XEJgu/UKOCCibfp3iWE1CaSFbVA9osw8=
ZMQ+af1vj3zv54YO8A3g6K6n+k8U3/7cF0ob4r2VdfYXWHDAUJnzvQR6nsH1EyQePYSaGnGEWdsvxazsQ/6gdBFk7uoMhZa3/q59UJ0vQ64DbrMN
lKajd+GIIxjqp37vLL0gCERh+7EickLJG333oImS0qdIYl2GsO8QOOMju3pjo78dHnlyRI3pTSz5n+seg64u4mK46YUBpww/sz1xsxQ=
nour+mURRXP7fCgYAaPRAXrJmFVmYoO4q3RBD90Yc/qQpvwzi2OwKE53qelsUPnG2tw9ToGl+/fcOn+kSFo1hs7M4O+uqYq8bSaBFUugB2yzCw==
4fzj9r0mv+zqnxqKtCGEhh+pNjuri4xSZjKLpadDWVP00RmN7YBT5hBvOobnFkprotCBl2E6uZfd9Sx9iFS3DT/kO+sxvhlarGqQ3FNVe2M+V1EJa7MO
nKyTDHmk+I2rzSwEq6WDiAXVloIqCAK1umH5GVUAK3a4D+I2r9YCO1rwqWd5OqHn9dVUrUAUf71nBJN7yT6hysTKSKyblTOzBje5OXOzFg==
llfr6PSZ+l7OoeniBa98HB7WjIAqCAK1umH5GVUAK3a4D+I2r9YCO1rwqWd5OqHn9dVUrUAUf71nBJN7yD6hysTKSKyblTOzBje5OXOzFg==
CxC54RSU8upfFdm5dsVooVMf55a13gpSlqdzUSVlagPgMaVHOF5ABjsuv5HF3XksqZqmS0dgP8S2LqJhQIZwkrKimqdSHnO+jKkoYVfeyV1jxDZGA/eGq6CBfbbVlMjSbksbRaaUw5UIMOtHahizheacHNV7Uk4RyqrGARFpZwcRDvnfUJQv3RdEg9t4PlEq1Ar4jMsVQ9OWd4mZo7PG
tCxZY9k55sjZJQl1GlIFk5oiLP3C85A9OTiuSE0tG2VUf97JmzsGrn56BdaB7fs9R1CXYpg3eZABuIjWnB1+Rs7uDFok2+zuzcIyUZYd6T53Id08iDq9BzjXHnnDymsUdq7Qs6U5GGR96bbIVTvU+A35WGSiqcWi8G10Unh9r6lZey/2x6NuZBGhKby9p0beb1bq8sbw9eV9r6iPt+Wds/g=
4nLMXKvf1BSO9qsRX8ZLdDEf6a2D2F+aDWanrqs/88SrmOXR9VFdCqWdBpPYYmp4W4jtkgrIpll5Mmg8yr86tXtdZqvE425V5RfmwMA1TY8L+k5C2+JYqdSWX+UFSTUKDCjUs+SfZ3RnQ4zQixE07E1naJhjx+AjJ04ajd+D/hHbTMn8kYCCdl3VLNxjbuBkcRXummyV1ifenv1gvb+DvuOes/0=
rAhn80fKgLKivjkByZIgKIJAtL98Wnw057ShKevKr5rl1/lbRRSxjzbl5JhCFn9qjbTm4t5njQA46hblcnu/H6ZtiKm2i7FFFna8j6Uhb1juJHcI4NdgZM9zmdO9hIiqVDVoFf/q89E8JjdrnALpBYg+D20YnVP8ytuDWTZfn46Jul1K2iiJB1zqn1SISpU3znxA/+7Z6uztdqGli7DnnLP7
tATt84zk1PW9vSku09h5P1qx+kifPJNZyHKlMnTwpCs591BZNwyE/dZyuDP8LnegWH4dU44YSEs+LQIozfLJ0RuEL3izHw==
+ddBrd5+WZOyyoBwDVCnNlqx+kifPJNZyHanPHTwpCs591BZNwyE/dZyuDP8LnegWH4dU44YSEs+LQIozfLJ0RuEL3izHw==
QqOHRo7kotOJLkTm2zXhEbXuoB8+2+z5QQZgmKwW1wbBZuK5k8ilibUbCSbQOmj3bGwYhbeCdAUVyhauPYHFF3FUpzX53coyU0LQsk9zBmy4gZ3TQz4ODgM2KJU8sn8JPT0lFgQs1L/8i1cIT6fs/HMlZDCFI6hUO5MQn0/quuFnd26NU8hJcAkUMor1scxwG9owODnRrta0QaYbNrrdjIXLk6LrmrPx
IhpDBkBgQq0EfwnIN4xp2ZdW/wLJQ/Agt/t9Y47JX////zl11i4dZHk0Y7VjFLdDhP7tMqBazCQH9c/7wgedIX+zGg==
+P9PLF5hX4ZmGgiw84ZiyRkJ4Iyu0Q1R1bo2RgQsaw7mO6VHOF5ABjsuv5HF3XksqZqmS0dgP8S2LqJhQIZwkrKimqdSHnO+jKkoYVfeyV1jxDZGA/eGq6CBfbbVlMjSbksbRaaUw5UIMOtHahizheacHNV7Uk4RyqrGARFpZwcRDvnfUJQv3RdEg9t4PlEq1Ar4jMsVQ9OWd4mZo7PG
BN42LABc5kFN717Ugh7y+x5hpJUnE6jvXt87ajVlP4YeKiey9ikh7+/oJFluRv0NpHTbBTv037MMfmWCCPoUVP+1F6v6J7Uxd7MS
xsp4x1xlZRJz1hEPA4S7CjfV4vL36NM2V8nVOpp5U2epHx8aHX/Ntemwg0BOVRSlRuRRb28l1JRBTSVcOzqu3ahyWBdPYmB6teI6BHXZVcwx70Ke6x7mwnpI0cXZN3Sfe21Zszw=
W2BRN5OeVYCgq7BfzCOuB/aEJ1eNrSoBhh6IHc/VDwesVF1eWt65kPkuSkoYFZvhkQm2gJ9cU/lIlmdcdNDki7mXkHk3LESdVtL4E/xOt0DY3t0zjvgI675NQsjN0glxm2RvWLM/
s4iBGIHL5by71KjpwYkRJBd+YCxRRiViWuLBrAkSMvb4qeNdYbXOPF9gK8W4qh9glOycN0kr6MW3kDwhpm6ALxxyz3wo4qUPTkRwV07xOnQtbnFNa1gXZLMD
xZuVaFE/2YWgmWHHfqItZyppy9cvmVEZQ08tZlrmybgZBhoS2M3LiTHhBvgfpOOR6H63BDQINKPZv2BBNxS0tTb6KMu8FmeoeLZtyw6AuAMeJRIQDYpZWXtMH2CzBw==
1O7ZVRzdcQZRz3UKpi7CoANa5PIeq3ADdE8tZlrmybgZBhoS2M3LiTHhBvgfpOOR6H63BDQINKPZv2BBNxS0tTb6KMu8FmeoeLZtyw6AuAMeJRIQDYpZWXtMH2CzBw==
OuP3EONJuRKZswaaP1znb3M1mRjFp93noeDaZE02kZyGhEg/f/eJC6qevwaHPwDEy7LEWmB9AfUsh/dWcHt+oPQd7CSTlgCcge1uYpxtNt8uZj2YTUdjRhNmswU=
DZYODEMXsF1LLVXqM6eb+KLR23K9ew4luTwEdP/rrsiaW1+LaBFC5Ues75sfj0ymBRGLCAIsQlcUr2LcYBO1eC7J/lI+Tdfa7Pn2SCGzLGAydheoNqqNzT9MCRWKXkuuhInwEf9eoe27pD5Wezde2yghBWb9lOACFuuTNX5Uu4UAUDP3Apgb9T68FMVDEpahQkp+UflpD9epbnFvCFQXzR9k2yvQvrmajOrwnDNVGyMe13HJi7Pu
4QsspdiwINf7gxFDNhhYER5hpJQnE6jvXt87ajVlP4YeKiey9ikh7+/oJFluRv0NpHTbBTv037MMfmWCCPoUVP+1F6v6J7Uxd7MS
fU9uC+a+J7SXtSxdOdbYT+xEncJnCGxFyGxsbnM6KpoaaS6zrTIeVmJINFkJcmaLpvK9jYfya3y6A9K8iNIrb+w9foH86qm1kHJePxVlGJhxuF1ErSntrFlfzBtjZ01igviJheHnrL8TfVGzNA==
pICGs2iAc2rI1O+boe/aknwS0hp1dOectEMWv/ZG1hJlATAVrCRTEv9f5vkhoWwWJjCzsAjTQqhGg04uKQlNrQrWZoKlUKSFXuqp0dzzqFcpZzUUOu1L/vmISHHJEwp5n+o9TZFYdphHEIiRLIXfB2guRAEqk8n9u4r6QdZj4d1WbuwnBQlf4G6cRyBAf7B8D+tJu13seNJUTZh9H4IjSfw+58M8Ktm9CIY/Rbg1A+SKQ9OxVrfvdolCLaK6wNmfHPLP/ChipYZLxHvSTnE69C3ucc1r2Bfks4M=
nhXOCHu47+wuSK4t9Nnqrbn15xYEho2CcQEmjppvfdprJZWbhfY7ijv4H3FKCc2Qv8djrwmZB0+RqhIFB1L06iSV5ow6aI0ugGd+zEXrpN28RTmRCR4y80/8+Y5Ea9EdPouv/CFn+WaSuif2pOsUa4tVuBg4y+LNjT97zDabji0Vbya4ME2t9/uCzjormrjRJO6fnfUx1XL8UNTLFOeHDJc7TKh7adSUvR/o4JO/AFvXNtr1L/seaSs0yYRh+GIOra3spJMWAByBZGvil+g2Xy7mPRhNx2PGE+azhQ==
6nagGaz2XgH9fvwxHitCba01QUBfLc0twfWRDLgggrvD8kdp2GNlmcCv7hRWZG6MfIjM6T6LYm8CoL+my49B0w19Y4wVOb0S9u57O14oRibMse6Pk7ZwzX15CcruTZa08hdzt/pt1eAL12E6frgQMbwQh95mhm5vnhsrmP4yxr82/hdG8FmkqVMeTZVv9Ir+J9ciM3yRsT4RlAxaolvH3QK05y20AOeP7ti3TWpsYC0fsioJljqKCVXpow/dniXHtPTLpes0D5N1e9Vp3TpENO8150vKZ8UR57OC
pQEsOgOxB2y3b+zcHdVhFa01QUBfLc0twfWRDLgggrvD8kdp2GNln8Cv7hRQZG6MfIjM6T6LYm8CoL+m55hB2hFzdIwVOb0S9u57O14oRibMse6Pk7ZwzX15CcruTZa08hdzt/pt1eAL12E6frgQMbwQh95mhm5vnhsrmP4yxr82/hdG8FmkqVMeTZVv9Ir+J9ciM3yRsT4RlAxaolvH3QK05y20AOeP7ti3TWpsYC0fsioJljqKCVXpow/dniXHtPTLpes0D5N1e9Vp3TpENO8150vKZ8UR57OC
d/sKcho4f4K8zjwpl23YMGFe0Pfd2rndWb5VPhfKLaodcnVOGIwx7d5lL88G6eA37H8NOy+MLjDjeVA476cQQhe18UYXoMNhm/7Qjl3XeDBQCrqBGIOFrnbBe3kPxuhVgLgEJwWb7HXzDC23R9ZY4MYdyiBxkjBeqCPY223UOOqQ88BOYeomAQJF9X7reclsHFJRZ9S/6gk3spcUitYkw1FR9ASRgSKYQWNIuBGhzDS2gWkC3EXA4kxFEynlQxtGc4tCxL2JPWwpf1Mb84X7IlIYmQURR9x/wx3hs4Q=
D8auUXuRqkCZCWvm0I2pnK01QUBfLc0twfWRDLgggrvD8kdp2GNln8Cv7hRQZG6MfIjM6T6LYm8CoL+my49BzRB8aYwVOb0S9u57O14oRibMse6Pk7ZwzX15CcruTZa08hdzt/pt1eAL12E6frgQMbwQh95mhm5vnhsrmP4yxr82/hdG8FmkqVMeTZVv9Ir+J9ciM3yRsT4RlAxaolvH3QK05y20AOeP7ti3TWpsYC0fsioJljqKCVXpow/dniXHtPTLpes0D5N1e9Vp3TpENO8150vKZ8UR57OC
Txx5CcyBHq+oZN9/dDaffmFe0Pfd2rndWb5VPhfKLaodcnVOGIwx695lL88A6eA37H8NOy+MLjDjeVA4/qESVxOh8UYXoMNhm/7Qjl3XeDBQCrqBGIOFrnbBe3kPxuhVgLgEJwWb7HXzDC23R9ZY4MYdyiBxkjBeqCPY223UOOqQ88BOYeomAQJF9X7reclsHFJRZ9S/6gk3spcUitYkw1FR9ASRgSKYQWNIuBGhzDS2gWkC3EXA4kxFEynlQxtGc4tCxL2JPWwpf1Mb84X7IlIYmQURR9x/wx3hs4Q=
UXgCWc0+WL3wsB9jvKs2SnwS0hp1dOectEMWv/ZG1hJlATAVrCRTFO4Hvuk3qjhJITOmmU6wBepR21luLTtKux/LZoKlUKSFXuqp0dzzqFcpZzUUOu1L/vmISHHJEwp5n+o9TZFYdphHEIiRLIXfB2guRAEqk8n9u4r6QdZj4d1WbuwnBQlf4G6cRyBAf7B8D+tJu13seNJUTZh9H4IjSfw+58M8Ktm9CIY/Rbg1A+SKQ9OxVrfvdolCLaK6wNmfHPLP/ChipYZLxHvSTnE69C3ucc1r2Bfks4M=
8eBjIvcl5FgAnLx7JW4TgXwS0hp1dOectEMWv/ZG1hJlATAVrCRTFO4Hvuk3qjhJITOmmU6wBepR21luJChAph/JZoKlUKSFXuqp0dzzqFcpZzUUOu1L/vmISHHJEwp5n+o9TZFYdphHEIiRLIXfB2guRAEqk8n9u4r6QdZj4d1WbuwnBQlf4G6cRyBAf7B8D+tJu13seNJUTZh9H4IjSfw+58M8Ktm9CIY/Rbg1A+SKQ9OxVrfvdolCLaK6wNmfHPLP/ChipYZLxHvSTnE69C3ucc1r2Bfks4M=
WJ3SLIa/ien2Dk3ZX87871adyaPw9d10fuWd2msENer4DMS/akQjmL8iv9Zldd8HpqJ6/wIKhVDWV4ODGnOZpf3JjkrIP5hX4jzd4kgjPjB9n5QxlCEZjREKIv9H+PmyPF8hMVavT6B5sykq2n7nihwfpAcjsRiEoF9yQQW7+3DOL/6B/ctGZOgZ/Tszxo7GE+6IPQyKv4HtJcV+9FTU92zTdyD/H6z0I70E2PXbKJwrS7A3f9J6abdvjuWjsEk4mUwSokUJjHhLQlDQSSArHq+cBrMGgh0EVdNzyhvis7k=
CtkQxRv8IhCtAnGq6mhFEW+XAWyC/gNauTcpUE9DqVMFFzHLhBeJwzwzQF2oD7DBGFqkqpAfLkZa0LiPyLXg3NqSo6WmDYQdDMjpeASRl6LAhZmezNhs5Y6w798mysIPHJIPHKhCZe5PJDn0zhZ6FC1Ose3rOFdEsyM=
Phcge1Buk5/1uS/9uIU9YagXK2rYoOn/WO32BMo7cLZB+80CGzdp2WD1bZTJnbj5U4hTYtETDHsISwqEZuoeblYKHfbJPUO9vwDfgoAHkdCpKPB2VG1mRtYeRPrcS0QupfIqMV7Nkb7PcRUckMqVR9BHppmL+nMUbp6YUx2p8CRVGa7onWtseHUpkAS6ma1iWP2M8jCNt6lBC+dWvzPGJPmRMVz1979f14+h0tmA3SUVPxDvf9WFs+A=
3sGIJrljwSe1CULex2Ya62ujnMfOqKJMH+MSMnsGPYzGoH20iZ+btDhqP90RJB7C1lqJgfuH1YM49XhrljGsvFISV77NYE5mTsPF1Bj+HsEivxeLJvkgbeavuVE2ovQrNaXHjK7wXwzw8yiwb+cRd+1AoL5UIUDRr057RZzyf0+MBsHRyOqn6Yg5Gyjqz4t9Zps3Ggku9Y6KDIETfD7X8BjOPeKPqGH4/vqiOE3iKQHbdM+Is+8=
zDUfvYHFwlcHPnOH7xjK+6KEgpiC5thFGK6ZzdussFQ/2yJ6u07N9CY47TwJFwssWJJPFVHsLvr2QpmJ+4/FmxjNSKPW+dxEMorHNk3o3v6uuzWc2LYu+QKnB4Mm8TB1xpeJGfbqBFPVPVcELnjPlJALWHgvLyFPzViwtlQpUMmPdkuN3DoPt+yeUVlIYjdxaEHrYCqHu0VGgycSCSbllqo0sVu8dieI+Fatag8g8WCeAtLwDSoZOfts34Cz5w==
jovEhCdZtzMs96YHKMqtJrxM+1bTUcAS0a8ZbORAk5+qbgftFkiLYOHeDh7JHikJFzZAhFsHQeIi8P5EnYv78Tnh4Lu80SaXMC7a7CNUrbYCpHbt4c4I+OKzyuHDweZPjM9+IT2rRkSo+X2b86aO5lMOCJ3M6r+hrcVF3jQ01NcsM/eAP3+s1GNdhHg1uyi8a6swl7+yekn3jw5FY9BJGNmskgKFaYxYC6LQcIlILz7teoYUxuIdJBUz82rbgrOZ
0xZL8a/z+bYOOK91Tdaxc++aP3zLCZjqfQbntcYAS9hRdq6GWZap8WfeIFwLzwHaEtjeXI2D+4nJiQDjbJnmL4CGenSz3C1OckwWNbEGSMDSm+r508nmN3ynnnnt44b8GFHdA2MuDh4j5mhFnCL/mZ3tZcYkPNSv3FsX2O83bGzT9STgpTOoRBtDUE/vejpxx6cuXXPYSWApxHJaVSFM4LsKcOgZwK/GnZLmzJYqXRwlG9Nyy4qz4Q==
8x/PGS3R3RTgchUsBbFQKOMeIW2ItOzkQfulQ9AgZ6NB+80CGzdp2WD1bZTJnbj5U4hTYtETDHsISwqEZuoeblYKHfbJPUO9vwDfgoAHkdCpKPB2VG1mRtYeRPrcS0QupfIqMV7Nkb7PcRUckMqVR9BHppmL+nMUbp6YUx2p8CRVGa7onWtseHUpkAS6ma1iWP2M8jCNt6lBC+dWvzPGJPmRMVz1979f14+h0tmA3SUVPxDvf9WFs+A=
ahpLEa82b4e8J2ZQmAGXU++aInDNG4PjTQbntcYAS9hRdq6GWZap8WfeIFwLzwHaEtjeXI2D+4nJiQDjbJnmL4CGenSz3C1OckwWNbEGSMDSm+r508nmN3ynnnnt44b8GFHdA2MuDh4j5mhFnCL/mZ3tZcYkPNSv3FsX2O83bGzT9STgpTOoRBtDUE/vejpxx6cuXXPYSWApxHJaVSFM4LsKcOgZwK/GnZLmzJYqXRwlG9Nyy4qz4Q==
VIVOPe1uPYSnjeIx0A2d/3HaVeBR4GP5epllG6nUfK1P3Wooz6faBlsyNYjWRBVAyWvzUKjut2mxkNaGBj5h9fvzPefosbDfNoUkOML2P0qNlCaCXsfN4DjK1oXy2///po3ICTbrcWUWlvwvJUGveO4EN+hgd6AEz1PZMz0kSMpUVai1fwqz8TxG98sc4qkliB7PDZg9ExzK+0M5tv/fbolaHepaSEknXArf9AgqVRfPXAkcbn4qjO1W4UULECf8s5s=
ElJDJiFm2WYGIytIIp2T5WntcKQGOMD1UY0EaNWadwF+rOu8uQpe0oHaaTUvAnCocyNh/jrk7kiVj/uNwZUQ11S1xsvoegqg6xBtCroQxkFJaqhkeidabUtFZrP0Ow7NVU8mmPAtLVe7Ys7aazo4seTOn7210VXSPDDUq9RHB+zXG0yIuwlUNP3/6ADTH4A7Fxba1W8bnsnrVMnkoVji7u2N7IRTdoC8wY1vAtVOtjjuxj04DSfjZtOGs+U=
iyygg981km1pl6WR43jJMmjkbbMAO4nnAYMYYtDbQ09ytuOpuQpe0oHaaTUvAnCocyNh/jrk7kiVj/uNwZUQ11S1xsvoegqg6xBtCroQxkFJaqhkeidabUtFZrP0Ow7NVU8mmPAtLVe7Ys7aazo4seTOn7210VXSPDDUq9RHB+zXG0yIuwlUNP3/6ADTH4A7Fxba1W8bnsnrVMnkoVji7u2N7IRTdoC8wY1vAtVOtjjuxj04DSfjZtOGs+U=
/FNzIXs2i0Snr6MYpEaNADT2+FW7pmre2fVRTaACL1wk9Ctly7Qv0xx/das7uqP0TzWHC6rn5dEHs2I=
EDy275QoQqeZA9jVVKUvFoYgOMJxdxrhIlhu8h+NTGC7inBoGUGvRp0S5kyWql2cJZvT8ssKs2E=
nmPJYl9M79fMBfwsHRJAQtG70I+EsA6KxURPr7Y22NeMyQs5SvgaglyK33QIqlWXz9wJnG7+Kgzt1uHFC5AnfLMb
JCE9ft+7B0CTkxJalsrHQG+XAWyC/gNauTcpUE9DqVMFFzHLhBeJwzwzQF2oD7DBGFqkqpAfLkZa0LiPyLXg3NqSo6WmDYQdDMjpeASRl6LAhZmezNhs5Y6w798mysIPHJIPHKhCZetPJDn0zhZ6FC1Ose3rOFdEsyM=
QGFMUaIN1eMUTu56HMjY4agXK2rYoOn/WO32BMo7cLZB+80CGzdp2WD1bZTJnbj5U4hTYtETDHsISwqEZuoeblYKHfbJPUO9vwDfgoAHkdCpKPB2VG1mRtYeRPrcS0QupfIqMV7Nkb7PcRUckMqVR9BHppmL+nMUbp6YUx2p8CRVGa7onWtseHUpkAS6ma1iWP2M8jCNt6lBC+dWvzPGJPmRMVz197pf14+h0tmA3SUVPxDvf9WFs+A=
bx0z6OjHcAmfOLNErDEDe2ujnMfOqKJMH+MSMnsGPYzGoH20iZ+btDhqP90RJB7C1lqJgfuH1YM49XhrljGsvFISV77NYE5mTsPF1Bj+HsEivxeLJvkgbeavuVE2ovQrNaXHjK7wXwzw8yiwb+cRd+1AoL5UIUDRr057RZzyf0+MBsHRyOqn6Yg5Gyjqz4t9Zps3Ggku9Y6KDIETfD7X8BjOPeePqGH4/vqiOE3iKQHbdM+Is+8=
gKxyoj9nAkklDC9EPuu3RaKEgpiC5thFGK6ZzdussFQ/2yJ6u07N9CY47TwJFwssWJJPFVHsLvr2QpmJ+4/FmxjNSKPW+dxEMorHNk3o3v6uuzWc2LYu+QKnB4Mm8TB1xpeJGfbqBFPVPVcELnjPlJALWHgvLyFPzViwtlQpUMmPdkuN3DoPt+yeUVlIYjdxaEHrYCqHu0VGgycSCSbllqo0sVu8dieI+Fatbw8g8WCeAtLwDSoZOfts34Cz5w==
bGsVnEEIz+cPd8QFXll04bxM+1bTUcAS0a8ZbORAk5+qbgftFkiLYOHeDh7JHikJFzZAhFsHQeIi8P5EnYv78Tnh4Lu80SaXMC7a7CNUrbYCpHbt4c4I+OKzyuHDweZPjM9+IT2rRkSo+X2b86aO5lMOCJ3M6r+hrcVF3jQ01NcsM/eAP3+s1GNdhHg1uyi8a6swl7+yekn3jw5FY9BJGNmskgKFaYxYC6LQcIlNLz7teoYUxuIdJBUz82rbgrOZ
qttuxMyul5HeXYKR/Wd3O++aP3zLCZjqfQbntcYAS9hRdq6GWZap8WfeIFwLzwHaEtjeXI2D+4nJiQDjbJnmL4CGenSz3C1OckwWNbEGSMDSm+r508nmN3ynnnnt44b8GFHdA2MuDh4j5mhFnCL/mZ3tZcYkPNSv3FsX2O83bGzT9STgpTOoRBtDUE/vejpxx6cuXXPYSWApxHJaVSFM4LsKcOgZxa/GnZLmzJYqXRwlG9Nyy4qz4Q==
Uhzl6fGHa8/9iJnv9O+HM+MeIW2ItOzkQfulQ9AgZ6NB+80CGzdp2WD1bZTJnbj5U4hTYtETDHsISwqEZuoeblYKHfbJPUO9vwDfgoAHkdCpKPB2VG1mRtYeRPrcS0QupfIqMV7Nkb7PcRUckMqVR9BHppmL+nMUbp6YUx2p8CRVGa7onWtseHUpkAS6ma1iWP2M8jCNt6lBC+dWvzPGJPmRMVz197pf14+h0tmA3SUVPxDvf9WFs+A=
3ggi8QChqxXTjC/Xqbd+Fu+aInDNG4PjTQbntcYAS9hRdq6GWZap8WfeIFwLzwHaEtjeXI2D+4nJiQDjbJnmL4CGenSz3C1OckwWNbEGSMDSm+r508nmN3ynnnnt44b8GFHdA2MuDh4j5mhFnCL/mZ3tZcYkPNSv3FsX2O83bGzT9STgpTOoRBtDUE/vejpxx6cuXXPYSWApxHJaVSFM4LsKcOgZxa/GnZLmzJYqXRwlG9Nyy4qz4Q==
54tOIw1mihS0LUr7OmwKVHHaVeBR4GP5epllG6nUfK1P3Wooz6faBlsyNYjWRBVAyWvzUKjut2mxkNaGBj5h9fvzPefosbDfNoUkOML2P0qNlCaCXsfN4DjK1oXy2///po3ICTbrcWUWlvwvJUGveO4EN+hgd6AEz1PZMz0kSMpUVai1fwqz8TxG98sc4qkliB7PDZg9ExzK+0M5tv/fbolaHepaSEknXArf9AgqVRPPXAkcbn4qjO1W4UULECf8s5s=
Bq9eqO7bfi0gsGdcQ7vsXmntcKQGOMD1UY0EaNWadwF+rOu8uQpe0oHaaTUvAnCocyNh/jrk7kiVj/uNwZUQ11S1xsvoegqg6xBtCroQxkFJaqhkeidabUtFZrP0Ow7NVU8mmPAtLVe7Ys7aazo4seTOn7210VXSPDDUq9RHB+zXG0yIuwlUNP3/6ADTH4A7Fxba1W8bnsnrVMnkoVji7u2N7IRTdoC8wYlvAtVOtjjuxj04DSfjZtOGs+U=
gnRexs9UHExXylNVvsJ0YmjkbbMAO4nnAYMYYtDbQ09ytuOpuQpe0oHaaTUvAnCocyNh/jrk7kiVj/uNwZUQ11S1xsvoegqg6xBtCroQxkFJaqhkeidabUtFZrP0Ow7NVU8mmPAtLVe7Ys7aazo4seTOn7210VXSPDDUq9RHB+zXG0yIuwlUNP3/6ADTH4A7Fxba1W8bnsnrVMnkoVji7u2N7IRTdoC8wYlvAtVOtjjuxj04DSfjZtOGs+U=
MbF21qWrM4WkR6p/0EUM3DT2+FW7pmre2fVRTaACL1wk9Ctly7Qv0xh/das7uqP0TzWHC6rn5dEHs2I=
XlhVzyx4Knx2E2GthvcXG4YgOMJxdxrhIlhu8h+NTGC7inBoGUWvRp0S5kyWql2cJZvT8ssKs2E=
g71Dxy+XcbQOKGFEiIoBjtG70I+EsA6KxURPr7Y22NeMyQs5SvgaglyK33QIqlWTz9wJnG7+Kgzt1uHFC5AnfLMb
dDQjp+ZfpbURxJnO3Ezta1qx+kifPJNZyHKlMnTwpCs591BZNwyE/dZyuDP8LnegWH4dUo4YQUg+KgIozfLJ0RuEL3izHw==
8H8+VuTtCj6qkRCm7pyp3n97D+KBXUlebzoLTiH8j1AuX3KLBSiO8Gxsf5KYq87ddb+m6NA9bcdbUs7qi6p4ocS+H02VwZVCXADUm7TXx/z368z4mxkUpB3P6DAzj8ArN2ZaJU8LXlmLZMnUwcgi/s19bPRzZsAsIb1uMjXe9ijOtr3ILTcj9rO2s9U=
NJgEQFOQ4bk6cvpFErD4QjT2+FW7pmre2fVRTaACL1wk9Ctly7Qv0xx+das7uqP0TzWHC6rn5dEHs2I=
Jh3C14uOBZvtG/i3Lxr2P4YgOMJxdxrhIlhu8h+NTGC7inBoGUGuRp0S5kyWql2cJZvT8ssKs2E=
NJgEQFOQ4bk6cvpFErD4QjT2+FW7pmre2fVRTaACL1wk9Ctly7Qv0xx+das7uqP0TzWHC6rn5dEHs2I=
Jh3C14uOBZvtG/i3Lxr2P4YgOMJxdxrhIlhu8h+NTGC7inBoGUGuRp0S5kyWql2cJZvT8ssKs2E=
0uFzWqJLV93QwmT67fcTMHM1mRjFp93noeDaZE02kZyGhEg/f/eJC6qevwaHPwDAybzEWmB9AfUsh/dWcHt+oPQd7CSTlgCcge1uYpVuNtguZj2YTUdjRhNmswU=
inNrZ6s59lXQU+M1e0DjhgNa5PIeq3ADdE8tZlrmybgZBhoS2M3LiTHhBvgfpOOR6Hq1CjQINKPZv2BBNxS0tTb6KMu8FmeoeLZtyw6AsQAeIhIQDYpZWXtMH2CzBw==
+t7DqGAx05fbnitOtoCMhCppy9cvmVEZQ08tZlrmybgZBhoS2M3LiTHhBvgfpOOR6Hq1CjQINKPZv2BBNxS0tTb6KMu8FmeoeLZtyw6AsQAeIhIQDYpZWXtMH2CzBw==
RExrJcN8UAHClRllywNz7Bd+YCxRRiViWuLBrAkSMvb4qeNdYbXOPF9gK8W4rh1ulOycN0kr6MW3kDwhpm6ALxxyz3wo4qUPTkR5VE72OnQtbnFNa1gXZLMD
RM9eE7oIb8IVWnOONl2Ix/aEJ1eNrSoBhh6IHc/VDwesVF1eWt65kPkuSkoYFZvhkQm2gJ9cU/lIkmVSdNDki7mXkHk3LESdVtL4E/xOt0DY3t0wjvgB6L5KQsjN0glxm2RvWLM/
gHM862YPW9svq/qdZKdgnjfV4vL36NM2V8nVOpp5U2epHx8aHX/Ntemwg0BOVRSlRuRRb28l1JRFTytcOzqu3ahyWBdPYmB6teI6BHXZVcwx70Ge6xflwn1I0cXZN3Sfe21Zszw=
Mb/pO1k0i00mqUg5V6JABpGv1VJQ6mDNPtr+BtIjp11BJxl4FHHT/NNvrMdaENP0o0ElG3fjJxsljJSqun8LUh3S499baoDKuENIDmm6jqHaVS3+M2kRDPQCWSdczwJpz8JvFHKm3KO5IXxEmdHK+JlzkDjJsRSUHtFhQlT16ML09Ssp3fOjZls7ygS1WZXMcW8BnquXpcI9yJHFmbe0n7vtmbP8
L2Wi5BEL3N2zNi0F3/xLK+3Gqw31jDM+uon+BXMQWs7wtWUvJQdpky/bDlCkP+wtk6yVAxsnDAn68zVKXpu4hRL0S6VrNI+T/35Va1s6wzRvNWdLSmdFEWezAg==
v34VX1OwwdiqSyjlv7U/pC/O4PUwNKDVFRghuAix0xWynNv7vPYnCPjWregOoPHgnoLScA2qGbn77N8As2c=
v34VX1OwwdiqSyjlv7U/pC/O4PUwNKDVFRghuAix0xWynNv7vPYnCPjWregOoPHgnoLScA2qGbn77N8As2c=
Kvvc1S3mm1FYpwRXrVzGFdZxBDRUhNMTPvbXpuXoh2e1KMmzubLyos5NellMStsIM4Hgq9wXdVOKwMi3CsT/IEgsy/n2ysQzVZ0X5C4YDzQQ6xhYL0/h70248JZUCRApD9aL7dwaT1dsPpE5SIJ30eghK0AqZ/vlxuPnMgkGJfYqlPG7vFbn6Hj27YgOQDHAHuKS0A1K2Zl7jJ+gs8c=
