4dXh8FMExXwhC7yIjLZsYcyPsNsEQouveVUnZWsB6jmvUyohOXxXejLLqfzZTZWvFooCNKwL9m5vqhbqJ1lN5MtxgE4hamYBQsW1fqv5iWxc0pFnFD8qCfcyVxRKVuTDkdE0BFEBYpgB4wi4USGMNPYBKQKcxYDiDMVTKSXD20azC4LEfQn9bOn/mBszDj4ikZnZC1HHnH+DnbGuxA==
E2JX/7HJjYUgq8L64Ntc1kvglfGistAqt5+9qMRZGnPgrf7JxP19vbRx3LVChgE+ttKQsj/I7A1mT/kxNoK0i7UFh2yukJ+scFPokG8H0RdtoOCeVAEAMS8uu6Wc0r/vDKYBscgK50kImVsI6q/Lneb79zoJDjXuCuzBc3wel1CYbn0Bi8ioW35eYxhDAulhW5SPuK7P
qQUy0dZrUx88FbjP3nV+JtnN8LvYFm3XBpeqlxogxT4QTQ5q35gsbjrTeu1QgwDW4/hOhj0w2g1PNllZBoNcwD0pCH7hiNlwdpTgV/4Q6KqFV+BD1SqDbr0fBVaesmb/Fv73BlDZBGkzHm3Vj3RqvgfXQvMcERF+8ZTsGgLbpx1itMdtVIAHz87Y143K7MBt/7IKSTa66sl16YNPPR6FB5T0q2VLtK/Tnnv1ori6J/XPOwcLKudl0Zeu4g==
5FPi3Y2ocAogRwMI7dNuHsYNp6B5EesPRGIlYSpzpJvRL0zvWD7fMJ3cHnzk6P8OID8+Md0bxpSIib0Lk5aOtvP+SI0sWj9xjbWFTlQE1IeMw7eQ388sBEMtROhViyjsy1twh18C+pnX/87VA+BJSHlc0hJl2QyIK9IQ4Ol7K25EicYAJ1KT9DVDM/q7oq7J
BXzwLUaoNPwhS7RaRoUrA2mcSMmRHGDm0bzj65BnnWLY4Itv/Pu5/EInZFcJCzzzUMv/HOWYzoBMfH+CuNuObZUvJniwja03e0LO+qtauBGkLp/ddXHVMnwQ1IuUp4dMF3tMaPup1FQ93+ggE38Am1f22rWvux4pq3TJxOG4Yk4t7exkE9YA3AGvayIcLTacryYzWM2HY4aTtq7F
jbUJq/47T4SrTMni2LT202mcSMmRHGDm0bzj65BnnWLY8YNh+vS4rkInZFcJCzzzUMj/HOWYzoBMfH+CuNuObZUvJniwja03e0LO+qtauBGkLp/ddXHVMnwQ1IuUp4dMF3tMaPup1FQ93+ggE38Am1f22rWvux4pq3TJxOG4Yk4t7exkE9YA3AGvayIcLTacryYzWM2HY4aTtq7F
PYGJ/+wR05k6aAvg28NZDgoo0F+zgwSiyEcAZZhFIGHqacx+ocjoRSl4sDq9mO2ByKcmHBFlpmpQkfyyalOku5GPzE8YHd8Q3Xye3KTI/y5gn76RnTvGtMgpPavTto6Ws17ILWx6P1HNFQXuFCTUp8xjNzCf7ywkA43ESBWrKMyL+/AnHyL6uZdfTnVDwEloOfxSsiX5DKhrcpBAqVsrTgQpRqBncpPUdeOzWvuCruk=
B887Qza0rYtArKNlOiliPFfxbkae5GVbP3V+Su8I9wAZNak+KHgdMJaUwJeekAjqp1eDAzWqI67dH+UWPjIGP/b+18YwWeQpEx4NFS/0yn5n12KzvJFxvtGUzNpiWwddQrSnrfQApw+u2PfNKmygrd+y6olWOkqJlenjj52eZUf09IslqzTPE757FeIYOoe1Lzsny4pnhZG3rsI=
PWZ422KHxdr/Pq0GQg9g447A0DFHYAfNgUFw6tql5cLuV3ce/MRoqLWqPGIKY6SrsX+MH/irX4B9DF4MxPj/PkBv/sF9i0YkaFn9e7OGjoaTroh9jMq/wW1lxT50FNS37JN3YH9frLSj/QSYdZso3KsLsHf/knopNy+OpSPwSXgZDBLixUmMOMsCUJDJayteJNkG8IfCE0TVk3OKm7Ku+Q==
NwLFFP7ypFElv0H/taZi35GcussYSoj8Y1c5dXhG9hqvXipOXxI+YDvcsPTme7jIXsZTZ/VP43Jl4hvfI1p46tBzgE4hamYBQsW1fqv5iWxc0pFnFD8qCfcyVxRKVuTDkdE0BFEBYpgB4wi4USGMNPYBKQKcxYDiDMVTKSXD20azC4LEfQn9bOn/mBszDj4ikZnZC1HHnH+DnbGuxA==
r8qT4a9hs8NR9oOd20dhz7GpUPLKreX6nn+XxrOG5gJAiZz6muskE0HX7EcoYR/4TeR+FNTw/wYwRx4ZLcOG3NgxXeMjDg4+YwboJVwC/7ldjeUmZBzUj5y7l7gvF2xME5WkAOUTqGRbo9AvL1o6UQfHrr0z+ElAaSTyOpUBTMB7avAIWeOr5tRxZqhXClM85XtTkou6rsE=
WY/BwIfQnRCJMLorzBjyrn1jZBSibTLWKnu825eK1EAeFEgn9vCwGngQ+1PtSgu+1R/tBhZSXu8OPo+2iLkMmZueheWHVLLOvxda4+Sxma7ZlMTKintfDXp0fx2MoA//Jlh/fcKMGN2HchJZDlpimZ3p65+1fr0XjLRT1RNUp6M2+52SsJp/BXd7HxtSR+2Bv67K
q3ivkjwLyqu0nVrQ5ag+KXg0ezjHZIigRZXCEL7vZxaAzmcSNwsbOP+tZIOh7xQO9BE0UB51be8mztVcxiJGQPOsGHSOy3CoZjYIIA3fe5ItsvPfS4qwikjj+I75Gl7hCnVd/gMJwUyk4smnrK+yqb/ifxRihqxjCUGMxAkxmrhJE6A4uZHE1M5x8cLkVRiCxBU7Kc2Tk6Yrm3qEJfnFDCFP8JubfvYC6akBS+lXBN9LzZmu7A==
HZi7pkekuG0zHw2tvfjlPcj1kg4F52rXZ9n4GJM2u14AMRhoGTudr5UupdxWQpaAo0wodH7rIGg2lpigvX8LUh3S499baoDKuENIDmm6jqHaVS3+M2kRDPQCWSdczwJpz8JvFHKm3KO5IXxEmdHK+JlzkDjJsRSUHtFhQlT16ML09Ssp3fOjZls7ygS1WZXMcW8Am6uepsI5yZHLmbe0n7vtia78
jF3315zzjOwaydbjt8IlJZU7oYFr9bWs4lnZ7zATZmglL0STcdASaVZqcatJ+GjOnlS0KSnZcZz1SxXPA94cuQUZYe3AeZTjyAzXsG3mxX/U9mb4n2WZKnm5/kNer0csCeyQ65L0Rup2vmv/wwSsNHqjrBjK7nzBWGfXwtHaJ18fYsxa5Fss7g1C8lFWnSk+t6EdPEi6fQf4V955A0qrFLYuELNludhkvWl2yJW7FPjNeZhkYikFojDttFK4/W+pGftv9ocjLmRRIWm8/ScE2y/WqvKFcbXrPS/oj/dlza64
/TbZt8AXIJ4pyK7W1AWBVr3qrBc777/jTzsviLZftASSXN6Xot22mbZeTznGeSL3ZHgTpvrbJCMh5yz3SNGZSS1UviS0wP82UHfeqU1zBmy4gZ3TQz4ODgM2KJU8sn8JPT0lFgQs1L/8i1cIT6fs/HMlZDCFI6hUO5MQn0/quuFnd26NU8hJcAkUMor1scxwG9owODnTq9a0QaYYN7rTjIXLk6Lriq7x
r3n1gGwquPlnD9E0GR0NJBMmZT0VNtyj46N/JwcH/9yOs9QgekDuY7rRtp2+ol8tPlUCE0wk45KiF2Rn6Vt8I/C9ee1FyA5QLEx/stgLTj0136YIEF3tZ5tyzspLCvjBBF4fLdUhFeIcINS79HdHHLeLzBhbeZQE3e/oEPMvQEv3hlpFD+ve+ctEyfSBaKIejR1sFLMGQIzhn2sS/H12TA9Ws6ht16NW84au9Q==
MynVu84EECili7DnxFjqiXZ5gstKj52wNl00j5aV9GtReCxsqfD7cuY0VjYcPCHbkLjaioq2r29nPKD09lvICI5mwuFEL1OyNcLr31N6qKpgkzDOsco2QbLlpX67mbmsDLIB52Sf2kmn0mcUera0g2FxRITBYTJYMYMYuEEBfHSmobmCLCUwotzlIynV44uGA2syRO2pLayZ34gbI+4OYkF5SYuhZ+y/U/2BrvQ=
7ZfSrf7zQTpYrJCt5BT2GPWQwhg/4CFoJInPRR8F42nXxvKl5FJufvZptte2n7qsVxciIxIBODrb+E4xRIXNdZR5zGsJ35G21ppgij/wHEUGx2lpdlqkg5XNNxQuaC/kUFv4yK/fQZ+NaJCmVDlw+c+mK31ciq/nLO6xSUhyV4EokUvQqvdbFYazBwIJNsWmamRRKzzGh1i4ps15CzAYE15Wc0CD2nnpu1z/gK73
Xzpn1X6on+RnQ3qG8bb3oEla+4io2wpegvRpWzljaBbuEfVKfRMEUhodo/jS1ARf0uC0Eg82JpupOq8mWZ9hnrKimqdSHnO+jKkoYVfeyV1jxDZGA/eGq6CBfbbVlMjSbksbRaaUw5UIMOtHahizheacHNV7Uk4RyqrGARFpZwcRDvnfUJQv3RdEg9t6O1Eq1Ar7jcsbQ9OWd4mZs67G
74vHqEbBmthbLG6DHTZypT3w7QE6kpih6f+bZbo8qJKic/HLwfSmBQQxJfEEnQQYKiSZ0gZeCD6/RHSB1qNhnVYubGcFSd+gblzH4EC/MLwPK8n7Xaz4klQNGD0fwqOJ/P5nAzzqWX0Ixr8FuHWDpIoDU3FWd2+2iYKtYroAWd8csk+8KCIlzUsE8BdOsrs0Iy7xjWuYl7Suww==
4wLX1P+zwCw4sbodsVcqCov4PkYG/UgbFHQOUURlDRUUmQwNCvBRFlY6oKo/0NzlhmepSXY6ZGMVrff0LghvBNA7uCiv/wE/DcjQhlQZMFlPBmtdXGrvh6wO8SlIkpfhqHGLsKrXm7UGE8ciCRYFBurEkQs8pke4OMYNmQtQWPPeNjOgg/o5STv8v6Cu1w==
QV9QDt2d96o/8oeA3upftH+k7p1g2o6g6/zA9NabaIgupufia++zMlUCC98zOkgqANMQzpGKlsESpYV+W9nZLOxyYeeEX3rJBxJHFFp2FAPBsaSEoaHS2FHD+LhhQdz0BuGZggxlUCI8pUMpNSPrBuOrEkTNaY0sOR+oG0Mu7uIhOamLwSdMP/O9oa7U
Iv3hk/suDXwb1h4m7MnPRon4PlcE60wbFHQOUURlDRUUmQwPCvBRFlY6oKo/0NzlhmepSXY6ZGMVrff0LghvBNA7uCiv/wE/DcjQhlQZMFlPBmtdXGrvh6wO8SlIkpfhqHGLsKrXm7UGE8ciCRYFBurEkQs8pke4OMYNmQtQWPPeNjOgg/o5STv8v6Cu1w==
QyZAUrs/2fbHLWU8pyIlXH+k6It8x46g6/zA9NabaIgupuHia++zMlUCC98zOkgqANMQzpGKlsESpYV+W9nZLOxyYeeEX3rJBxJHFFp2FAPBsaSEoaHS2FHD+LhhQdz0BuGZggxlUCI8pUMpNSPrBuOrEkTNaY0sOR+oG0Mu7uIhOamLwSdMP/O9oa7U
XQOwKGCOKDiOjJil32/2fH+k6Z1uwo6g6/zA9NabaIgupuDia++zMlUCC98zOkgqANMQzpGKlsESpYV+W9nZLOxyYeeEX3rJBxJHFFp2FAPBsaSEoaHS2FHD+LhhQdz0BuGZggxlUCI8pUMpNSPrBuOrEkTNaY0sOR+oG0Mu7uIhOamLwSdMP/O9oa7U
WX084T4/C8Id2nh7NgAV9RYDqJuixQ1blL0nXyVlLhDuH6UZaxsfQRsagfjS1ARf0uC0EgUwKJupOq8mWZ9hnrKimqdSHnO+jKkoYVfeyV1jxDZGA/eGq6CBfbbVlMjSbksbRaaUw5UIMOtHahizheacHNV7Uk4RyqrGARFpZwcRDvnfUJQv3RdEg9t8O1Eq1Ar7jcsbQ9OWd4mZs67G
SNH18CDPlmlN7N7SEkC7xIGg4L/kOxEse6T+qqR/ZRUHP+Tq0mfuDl9jWXk67um1greNzJlsHhCGlNB3rtC4ChvQHONl6vOOrR8VNm7y1l9mfmemgJnUSQMeHTXfNLrel1fyE2zRIV7hlPw6MhvX/dI0Vw2EwFcvvtjnrRqsEM1vMnrphvoaqWXpk69N3jWnZHQ7xRt0//OoewXCaHp3FV+7t2vap1Xxh67y
ytCIw6Ie+510j90u17KvbKLR23K9ew4luTwEdP/rrsiaW1+LaBFC5Ues75sfj0ymBRGLCAIsQlcUr2LcYBO1eC7J/lI+Tdfa7Pn2SCGzLGAydheoNqqNzT9MCRWKXkuuhInwEf9eoe27pD5Wezde2yghBWb9lOACFuuTNX5Uu4UAUDP3Apgb9T68FMVDEpahQkp+UflpD9epbnFvCFQXzR9k2yvUu7majOrznTNbGyMe13HJm67u
ytCIw6Ie+510j90u17KvbKLR23K9ew4luTwEdP/rrsiaW1+LaBFC5Ues75sfj0ymBRGLCAIsQlcUr2LcYBO1eC7J/lI+Tdfa7Pn2SCGzLGAydheoNqqNzT9MCRWKXkuuhInwEf9eoe27pD5Wezde2yghBWb9lOACFuuTNX5Uu4UAUDP3Apgb9T68FMVDEpahQkp+UflpD9epbnFvCFQXzR9k2yvUu7majOrznTNbGyMe13HJm67u
akEUE4D2jEWXUPLXdAlVxMnrjlfFBl7792JI8SbD2xw6Tk7XWvC45r9Z5zPlygQyBbXk2dAsG4PyJgx68QoK7Whx52armT+iT7qLX9zEuOhJRXjTGnywCvRu8gDCnT6DkkazkpvQvsrnQmOaAVZBZI4qKYXjXAVtTj7PNki5zBnbnsVlx1RyTn8XGmOksdkuGZQESsp7H406dL+dTKBPf2ZYP/0CjNhdx3JS2U5aohld6asf9X59l0y0k1VTVOcj/ftdEnCaP4U3e9+bkkctAf+uig==
msLx723fvG7BZB4o06MrmZRibbqW5pcmPSWuDAgiASxXcNj/0npH5yczJNnvieFbMyvra5l3MMMe55fCkVpnX9/iDFok2+zuzcIyUZYd6T53Id08iDq9BzjXHnnDymsUdq7Qs6U5GGR96bbIVTvU+A35WGSiqcWi8G10Unh9r6lZey/2x6NuZBGhKby9p0/bb1bq8sXx9et9r6iPt+WNrvg=
2Gymn6EtswZ1nauSGywvSNg7T3IHhMgdeLPYvKzojmGDYYjyn4DVhb1EY0wrfOUiJ9qw9YtJMUaWyoC6P8D8FUY3yfn2ysQzVZ0X5C4YDzQQ6xhYL0/h70248JZUCRApD9aL7dwaT1dsPpE5SIJ30eghK0AqZ/vlxuPnMgkGJfYqlPG7vFbn6Hj27YILQDjDHuaT0ANK2Zl7jJ+wrsc=
8U0Z7oreGEUfZMrPtkodfN/4242Yog+Y1FQMv6lj2N23iAxpRuYQl1yK33QIqlWTytwAn276Kwzj1uHFC5AnbK4b
XsUe5fwqeXdTXtJYzDSJUrXuoB8+2+z5QQZgmKwW1wbBZuK5k8ilibUbCSbQOmj3bGwYhbeCdAUVyhauPYHFF3FUpzX53coyU0LQsk9zBmy4gZ3TQz4ODgM2KJU8sn8JPT0lFgQs1L/8i1cIT6fs/HMlZDCFI6hUO5MQn0/quuFnd26NU8hJcAkUMor1scxwG9owODnVqta0QaYYN7rTjIXLk6Lriq7x
B/uEuLOm7AElMwe5VCqYbYowLMF+pFjDtYbKxLai1adZl+ddizMkHpL8pdkNWx9U+7kohBk4FxQUKaJMj1JsaEv6krw6P2P6d20eVEnMaqJPKZ/taxaauucstej+H5zPg4M3iwqVu+I6AqK3Ot7bDlTJIDHvXrGNa+TuNuu3rrvYYfUGDZQQYuarY1WO1Cvl0BDjlxKYC9Xu/MRl05ImAfIKTnHJaT/3ma7Bz7jUh21PpIsLx7qpetwqo32j22vDbhcBKeuung==
W9+k5xF9kEhHkVTYdkPO+k+LCpSGL8qzuFD2OTvhaMudj8hz630mIVB9owBPy9zkYy+ImAz6STgiv4lyLYTPb6uVsbrDk0aq5gKd1sfdamgul3Y1+3e1Lo4aFZYxTas9E7Dqo4gXyRDR2HiWDL1ORv5OnJpUO7xufeIiEWZ9OT6ngW38mNrNh2j3LjlTqpsUhs5A85UZSOQNCaYI5ZsE+N2ZqCSyiXUioI0Ekujdn6lp27+2N8O+5KGBOXzNRxHaP/ZastWRBWutj5hPJwX9rog=
MZMSfhft0bbRCXGdOzGn/Ttw2o4+j0c+T2tse0nJ079WDRcfztbqu3rjCvpQwveN5HmQOXo4NPzQpm1IWlOurDHtO9e8FmeoeLZtzAqAuAMeJhMQA4pZWXtMH3CuBw==
gaPhGzX8WINukCDG3bSJYHd3eqplXSNlZgvpKkNrTm62yn12aX1jvd/APwIgx7HQSWhQ9vQthka23uR6fIskLoWyirE+jXG+77G1nHCK9UfwB0YZ6zpTFE5e+NP96dAkNVlOaD2rTHiVafCEGtmNYjg9LHKQTdepoUtH1h9zJiTZUZHcFTfZWvfGAlK9QT0rNf9wb5+Vta7A
KHkOF0+sazUcCvF5LZzmH8yAp8ABV5qSeVUnZWgH6jmvUypOUhJRBlW1p/2bCMOyTJ8VMO0Q/GZopQLGMlZ46tBzgE4hamYBQsW1fqv5iWxc0pFnFD8qCfcyVxRKVuTDkdE0BFEBYpgB4wi4USGMNPYBKQKcxYDiDMVTKSXD20azC4LEfQn9bOn/nBozDj4ikZnZC1HHnH+DnbGuxA==
w1SHHY2rTpOeHszpBZOw/4owLMF+pFjDtYbKxLai1adZl+ddizMkHpL8pdkNWx9U+7kohBk4FxQUKaJMj1JsaEv6krw6P2P6d20eVEnMaqJPKZ/taxaauucstej+H5zPg4M3iwqVu+I6AqK3Ot7bDlTJIDHvXrGNa+TuNuu3rrvYYfUGDZQQYuarY1WO1Cvl0BDjlxKYC9Xu/MRl05ImAfIKTnHJaT/3ma7Bz7jUh21PpIsLxrqpetwqo32j22vDbhcBKeuung==
RXIaql8zTmHmAW2+p3NRhHPZcpjICSn826Dl6YVpvTLVpcYrqNqKwCswbSp6cEbhCYqoBLqH2o0LZWaTtNuObZUvJniwja03e0LO+qtauBGkLp/ddXHVMnwQ1IuUp4dMF3tMaPup1FQ93+ggE38Am1f22rWvux4pq3TJxOG4Yk4t7exkE9YA3AGraiIcLTacryYzWM2HY4aTtq7F
HXCGVCxiu6V+sU3NcbHbaKLR1Xq5JQsipGtQe7CSj+Cgc2ykWzhC5EvtoJxanFWxGBCLAQ1lQlMYkS23YB64FjPO5yEtXdHc8bquW3+gZ3Q+ThqxKIaYwgpCEheKXkuuhInwEf9eoe27pD5Wezde2yghBWb9lOACFuuTNX5Uu4UAUDP3Apgb9T68FMVDEpahQkp+UflpD9epbnFvCFQXzR9k2yvWurmajOrznTNbGyMe13HJm67u
dEwyIBT4+6o3zyMNHcF0lhs5itVqN2DPYuwcLuwW3x7FRFshHWVSc8jR/Rfwngi2w47XAV1d4bwB+h67DyD3FO4OSlE4hoii2oJC9xreu840SYDxz15RzYtkTvbLt857eOFVRu2U8CJGK8OV7tQLJXCQA9fymCsVTnykpbOSBkESiq4x6WkfN/kuoQ+Y1GctryQrS+a6ybq8qgM9g9uLg86XoemLrv4=
LPocS69oqqOFu8FE9vvbGJ/ynh8Z8mrAatDvAMknslJBJR9lUHfS2Ycj4o4aQvnmzSU/fQOYWxIkz93wpSAURhCV+sZKZoDKuENIDmm6jqHaVS3+M2kRDPQCWSdczwJpz8JvFHKm3KO5IXxEmdHK+JlzkDjJsRSUHtFhQlT16ML09Ssp3fOjZls7ygS1WZXMcW8EmquepsI5yZHLmbe0n7vtia78
9YsWKaW00mA5PxEpTJtZQzK9lwGjm2wUM4vIy2dSbC/30ZJ3/xVDYP26/tdUWklmhLfsaE/LL/r3yxPNYqFGJJnRUdzVtxhaN0ZCUv3BfSt1fzBvXxV1rgA=
KDbMKZTiEny+J4k+KvMq0ZwFinpShUtEvq4hDSOE/4nRUkElUpK3nMVBh6C58gJnOILtBiBPQPjTQ6t6c0OPXc7Z4sQ9ib1sqX/cGnOOfiLRGRkLkUdcf0Mdca4E
sT5YC2MQ+rlsOezlEeC0aSkFhbdm5hhiED4MWyvL4NAOT3mBjHjJ3trEDWZhzSvPnMIvDOgyxRlKVJAHDgJbxKMe0f0riDdkrhM=
M1cKTbQqqqNnkYttBtbOcW0BtJ40Ub3REcBvPnR/Po4LNmaj5mAl7/26JW95Reg1pHTbBTv037MKemWCCPoXVf+7F6v6J7UxZ64S
3aNg9OfQ1xzOc6gtnAlpPD+QnaMxScTIzlp2GW+ly+B1ymZ3PIrxJlyHhIh32yf6/9srrYqRHuQhgbl8TUeQ2r/22rJVkYVrLY8YT6cFfa4I
bPZ3n5sn/s1d6iskKSHxrufG5+nHo+laDCvOwP9uew6FwaXKX5ywjIgtg2GsHj5tjYe0YrUAGpbp8OlHR2FMgPsq8MjZJ6omVLFm6NdKU3xlO1NSC3quAQ==
DGSX7zzz8cLTGPhZ+Auxciibhr4OO7T4nAkkGWely+B1ymZ3PIrxJlyHhIh32yf6/9srrYqRHuQhgbl8TUeQ2r/22rJVkYVrLY8YT6cFfa4I
m1Ocr6z62gypfEuUYTiw2CgFhbdm5hhiED4MWyvL4NAOT3mBjHjJ3trEDWZhzSvPnMIvDOgyxRlKVJAHDgJbxKMe0f0riDdkrhM=
y0tXcvyB7wZQBc821x5S0jRiu7JcP2ffvNdCplD6RO/7vwh0rusRdRzMQVpaQIXS8TlDazxmx3g4ho3dCpDYM952s+CDOrkJO7w/YK4X
UEfPXjKP/cYitkGz1eMvAvrp1ndknc/ZF1wM9aOZZOUeWHDAUJnzvQR6nsH1EyQePYSaGnGEWdsvxazsQ/6gdBFj6uoMhZa0/65zUJ0vQ64Dfq4N
3WzI4DqCaHk66MzrBT2W06OXtxIoY7u0xmgumdi9zU+pQJeuzN9WXkN2rtPOQD0f5bo9H2FlwMXstBNV01RnI3L63RLwmr+Ft3tfmxJHrQF/rgo=
mhulP4Q0feB+Vd/duIlFxHJiZXNczpCxeHUn/9mVMCoQf7Q+0GI0R1vX2MzuE0Fd/KRxQlpYtboREROTfN4XEJgu/UWKCCibfp7jWENCaSFbVA94rg8=
xBl42cBuoEtzeuht2FlEZUv8zkVifYOuvGNfA8wLevqQpvwzi2OwKE53qelsUPnG2tw9ToGl+/fcOn+kSFo1gcrM4O+uqou8YyaBFUugB3yuCw==
AM0XQ9UT0MX7GUFbPYtegRzci6VrPVDm6GHxGVUAK3a4D+I2r9YCO1rwqWd5OqHn9dVUrUAUf71nBJN7zjqhysTKS62bmzOzBje5OWOuFg==
YqtQ4FcqX2PHmPJjILT5QEn2zEdmYoOuvGNfA8wLevqQpvwzi2OwKE53qelsUPnG2tw9ToGl+/fcOn+kSFo1gcrM4O+uqou8YyaBFUugB3yuCw==
WWUFPYDJ63Z17vbs9WQYEE7U+8pGIRmHkD1VousEMAQYVSPJ3Mb+JV2/1IqFGBqe+QjJb7c5DEirkhCgab8qrsTJxkCnkpM0tQMzujtirgk=
hMJt0TT5RzH4ctE7XAlDeLScrBQRMbvdlXQqldSw1kypQJeuzN9WXkN2rtPOQD0f5bo9H2FlwMXstBNV01RnI3L63RLwmr+Ft3tfmxJHrQF/rgo=
5OEMC1Y8YlNO8ken5i7NKEv8zFluXPP9oGdTD8EQefqQpvwzi2OwKE53qelsUPnG2tw9ToGl+/fcOn+kSFo1gcrM4O+uqou8YyaBFUugB3yuCw==
DvZgSk0felJ4jETDJuSwSDYRmJhwJQbFE3P3oImS0qdIYl2GsO8QOOMju3pjo78dHnlyRI3pTSz5n+wag64u4mG56YsBpww/sz1hrhQ=
vGUUC6VmopaxsjTeFlfWV1o9xoBOwQRiED4MWyvL4NAOT3mBjHjJ3trEDWZhzSvPnMIvDOgyxRlKVJAHDgJbxKMe0f0riDdkrhM=
npx7nnyFRQT16uQGmVGQkHJiZXNczpC6ZXU/0IqeLjotILY+0GI0R1vX2MzuE0Fd/KRxQlpYtboREROTfN4XEJgu/UWKCCibfp7jWENCaSFbVA94rg8=
oq7rwsh/QdRz2R8nW2ktNSqRhrsAJbT4nA0yFWery+B1ymZ3PIrxJlyHhIh32yf6/9srrYqRHuQhgbl8TUeQ2r/22rJVkYVrLY8YT6cFfa4I
Pefk4re72xp5rRdofEULHHJiZXNczpChdlZr3IuQKTsNbLs+0GI0R1vX2MzuE0Fd/KRxQlpYtboREROTfN4XEJgu/UWKCCibfp7jWENCaSFbVA94rg8=
9hk+DXagWuS3k2nESwSJeXBoZ3FY0ZChdlZr3IuQKTsNbLs+0GI0R1vX2MzuE0Fd/KRxQlpYtboREROTfN4XEJgu/UWKCCibfp7jWENCaSFbVA94rg8=
/sqa0VGffYtmeUIyuNVf/a6n+k8U3/7cF0ob4r2VdfYXWHDAUJnzvQR6nsH1EyQePYSaGnGEWdsvxazsQ/6gdBFj6uoMhZa0/65zUJ0vQ64Dfq4N
GEd43XhI5D9A2wjbKc6+0URh+7EickLJG333oImS0qdIYl2GsO8QOOMju3pjo78dHnlyRI3pTSz5n+wag64u4mG56YsBpww/sz1hrhQ=
PgJIAx0BnkH5sFFRg7R4n3rJmFVmYoO4q3RBD90Yc/qQpvwzi2OwKE53qelsUPnG2tw9ToGl+/fcOn+kSFo1gcrM4O+uqou8YyaBFUugB3yuCw==
9LMjgT2aO+YXUxXmkXU4+h+pNjuri4xSZjKLpadDWVP00RmN7YBT5hBvOobnFkprotCBl2E6uZfd9Sx9iFS3DT/kO+s2uhlarGqT3VNbe2M+V1EJe64O
EFK25vroMPajVd8TVrPVOwXVloIqCAK1umH5GVUAK3a4D+I2r9YCO1rwqWd5OqHn9dVUrUAUf71nBJN7zjqhysTKS62bmzOzBje5OWOuFg==
L8ISPB47nPi75RMob3ALvR7WjIAqCAK1umH5GVUAK3a4D+I2r9YCO1rwqWd5OqHn9dVUrUAUf71nBJN7zjqhysTKS62bmzOzBje5OWOuFg==
2XnpGsfWpRwEGZ3xFR4QoSgfg7d6/hliED4MWyvL4NAOT3mBjHjJ3trEDWZhzSvPnMIvDOgyxRlKVJAHDgJbxKMe0f0riDdkrhM=
c3XOn/OdrSr1zC3vX1HtjisFhbdm5hhiED4MWyvL4NAOT3mBjHjJ3trEDWZhzSvPnMIvDOgyxRZKVJAHDgJbxKMe0f0riDdkrhM=
7spojIZBYsEf0KG3wRcCKg+ewy7QctQXm2e4PG6j4S089FFSWkiV6tFhsyP8LnegWH4dWooYSEs+LgMow/LJ0RuEL2iuHw==
QHh3HRX3ojl0Gy7chtAVNSkfg7V99BhiED4MWyvL4NAOT3mBjHjJ3trEDWZhzSvPnMIvDOgyxRZKVJAHDgJbxKMe0f0riDdkrhM=
nNK/JjNpNAnNS4jZl4qf/DcSx7QSeUdfpsDwWOABk2W0Il6ZxctEBg2cmgJBnDkDH51stPMmwOyh9GpyvB32bE/2swit9yO2M2auFQ==
LAlkxiwlZbsKTgZQ99gugDYSx7QSeUdfpsDwWOABk2W0Il6ZxctEBg2cmgJBnDkDH51stPMmwOyh9GpyvB32bE/2swit9yO2M2auFQ==
sl1BU2svqmbyjNgOueD0EzUSx7QSeUdfpsDwWOABk2W0Il6ZxctEBg2cmgJBnDkDH51stPMmwOyh9GpyvB32bE/2swit9yO2M2auFQ==
M0o7n0snAzR3PvrbzTrthSsfg7d6/hliED4MWyvL4NAOT3mBjHjJ3trEDWZhzSvPnMIvDOgyxRZKVJAHDgJbxKMe0f0riDdkrhM=
JhNH4XMKA/HtHWa5JtBTuSoFhbdm5hhiED4MWyvL4NAOT3mBjHjJ3trEDWZhzSvPnMIvDOgyxRZKVJAHDgJbxKMe0f0riDdkrhM=
kKI7gWvqwg5eR8hBaUU48A6ewy7QctQXm2e4PG6j4S089FFSWkiV6tFhsyP8LnegWH4dWooYSEs+LgMow/LJ0RuEL2iuHw==
em4vM21c3didw1bEPNAQ3jQSx7QSeUdfpsDwWOABk2W0Il6ZxctEBg2cmgJBnDkDH51stPMmwOyh9GpyvB32bE/2swit9yO2M2auFQ==
C0XNllhW+UX+VIQl0JeGqTMSx7QSeUdfpsDwWOABk2W0Il6ZxctEBg2cmgJBnDkDH51stPMmwOyh9GpyvB32bE/2swit9yO2M2auFQ==
IrP0ccl+EsBw06IaNwEKqzISx7QSeUdfpsDwWOABk2W0Il6ZxctEBg2cmgJBnDkDH51stPMmwOyh9GpyvB32bE/2swit9yO2M2auFQ==
hhYZ0E+KL9KeAJeeS8hk+ygfg7V99BhiED4MWyvL4NAOT3mBjHjJ3trEDWZhzSvPnMIvDOgyxRZKVJAHDgJbxKMe0f0riDdkrhM=
o3EBGcnBrCSRGXFycnHXSJ0FinpShUtEvq4hDSOE/4nRUkElUpK3nMVBh6C58gJnOILtBiBPQPjTQ6t6c0OPXc7Z4sQ9ib1sqX/TGnOOfiLRGRkLkUdcf0Mdca4E
EUagR336P0zvaMeRya4KYVMf55a13gpSlqdzUSVlagPgMaVHOF5ABjsuv5HF3XksqZqmS0dgP8S2LqJhQIZwkrKimqdSHnO+jKkoYVfeyV1jxDZGA/eGq6CBfbbVlMjSbksbRaaUw5UIMOtHahizheacHNV7Uk4RyqrGARFpZwcRDvnfUJQv3RdEg9txOlEq1Ar7jcsbQ9OWd4mZs67G
lEFJF3/DGE3TGPBgLMGyT5oiLP3C85A9OTiuSE0tG2VUf97JmzsGrn56BdaB7fs9R1CXYpg3eZABuIjWnB1+Rs7uDFok2+zuzcIyUZYd6T53Id08iDq9BzjXHnnDymsUdq7Qs6U5GGR96bbIVTvU+A35WGSiqcWi8G10Unh9r6lZey/2x6NuZBGhKby9p0/ab1bq8sXx9et9r6iPt+WNrvg=
c5KC4WePEqyRJil20ZftDTEf6a2D2F+aDWanrqs/88SrmOXR9VFdCqWdBpPYYmp4W4jtkgrIpll5Mmg8yr86tXtdZqvE425V5RfmwMA1TY8L+k5C2+JYqdSWX+UFSTUKDCjUs+SfZ3RnQ4zQixE07E1naJhjx+AjJ04ajd+D/hHbTMn8kYCCdl3VLNxjbuBkcRzqmmyV1iTfnvNgvb+DvuOOrv0=
avCRyEHA2Xohahqd+voqRYJAtL98Wnw057ShKevKr5rl1/lbRRSxjzbl5JhCFn9qjbTm4t5njQA46hblcnu/H6ZtiKm2i7FFFna8j6Uhb1juJHcI4NdgZM9zmdO9hIiqVDVoFf/q89E8JjdrnALpBYg+D20YnVP8ytuDWTZfn46Jul1K2iiJB1zqn1SISpU+ynxA/+7a6+zjdqGli7DnjK77
IHsppzEjhQXA5bLs7oKAhpPKjFYSj/dkKjTPYAaU7cd6nhPEHUkd7Mm/8xqTzt6isdl5C7EHvP/j3RGuZA==
Jue4YgP3dY3Nzg5O2dkg/c0P9AfaS+ww8rtsc4mcVMixoHhokz8EYm00Y7VjFLdDjfrtMqBazyUH+8/7wgedIW+uGg==
OBFWWGom514agDAizmaDaDdYmbocCRNhhsC8BadIz262IBjLxdxYHzrYgFdWniMXGIxstPMmwOyh9GpyvB32bE/2swit9yO2M2auFQ==
uaYNcPU8OU4X6DIkys7AWbLEdwX+735a3V3PTamHX0zwBF0JD5z+we57C00YQY7mn176iNZLU/5HjHpeKNGhmqCNpjZAPUKIS9X0EvxOt0DY3t06ivgI675OQ8jD0glxm2RvSK4/
10wL7HMEpOGcnwWyJF+RgzSJna8VHPzyzgc4Wy3AjeYsjS8rN4jzYA6Hk5Ru7GPgqswpt56WD+Qhgbl8TUef2r/22rJVkYVrLY8YT6cFfa4I
5UhtPXJj72aqqs+DsJiK5UXqcONGZCD2vidD1J6Mc+C6LFl3zja/ZLHhSTydZ6/azxaKcuUxFevd78gPlyVtrhg=
TMlwtaoQNpi85gLT4akFR80P9AfaS+ww8qZsc4mcVMixoHhokz8EYm00Y7VjFLdDjfrtMqBazyUH+8/7wgedIW+uGg==
IHsppzEjhQXA5bLs7oKAhpPKjFYSj/dkKjTPYAaU7cd6nhPEHUkd7Mm/8xqTzt6isdl5C7EHvP/j3RGuZA==
tf07yMyjNjdM4PI3QA3Hh0XqcONGZCDrvidD1J6Mc+C6LFl3zja/ZLHhSTydZ6/azxaKcuUxFevd78gPlyVtrhg=
jyKPuTCqJ/ZB55qP76VDj+/u1mkU0fD/Rw8Z4KKVJ+c2WDydF9CvtgZ42JP1BDgHCsCAT2aGQ88o1KzsQ/6gdBFs6uoMhZa0/65zUJ0vQ64Dfq4N
mPLUH05F6tvH88coad8sP9JmFysAiC/JPiMmFu2/E3rLuFi2xgpFDwCQ6JSVyURxfCMGQKZW4kQRxQ/24W2l9Uh9OXYQAT66wLHaBPs5bL6c4m+saJKF9ko0UKeOopvko/4Rnatod0SuMw==
aOI1r3zqDnpxWTXg+nabgBbSBEIq86QtedGjrZHuC8mDlpq6XG9uPPD0qLzPOvME/0GczTHVAPvWsEwzaRz0CNGgmCgzv2SiTTSD9QOUFwNt+s3ywNpvZSf7rztih31hT646
rbWNYgC44IIgD/Sqon5k9hbSBEIq86QtedGjrZHuC8mDlpq3XG9uPPD0qLzPOvME/0GczTHVAPvWsEwzaRz0CNGgmCgzv2SiTTSD9QOUFwNt+s3ywNpvZSf7rztih31hT646
n2DcVNDk5ra/q/e4AGct072rs4iRH+StlfF/R/BTEhUJnOnHqTFqOSnq9vjGznLMkU2fbgHV1b2ItQkOMBkussC5yhzbQVx2XKofFIgKFX7KvMA/7hprLOO2IWWLcGdMrjs=
ShynXbSees1J655DtFcVA3Me0b5aCk5ohobxQ6MM2WOxJxjLxdxYHzrYgFdWniMXGIxstPMmwOyh9GpyvB32bE/2swit9yO2M2auFQ==
ZgixGqlcS/92/G/SEEXt9frk0GlG2Oy9TkEG67qUa/IrWDydF9CvtgZ42JP1BDgHCsCAT2aGQ88o1KzsQ/6gdBFs6uoMhZa0/65zUJ0vQ64Dfq4N
IvJPpAn20cETAiy/gUKtpU47ZTteZGN9XLzQrkpWcLzgs+lbP6THNwt3K8K3sAJiyO3ZJlAx3orAgTo0u2mMLhxyz3wo4qUGSkRwV07yO3QjbnFNa1gXdK4D
WsMAAcHbmAHabzYCy1xlvY3xLh1zjp+2fVJZ2KT/YjunzUo7aEXjW+swl4CqH28E4mTnYC5EpSfiDquExTnljAEPW5r7PpaCiemhS0mXJF+rDXmuDA==
U/EHlMEmtyJ9yHRCgPNJzr8sbYRKE96MjSTVlL/H2a4joV+um8zSYKc1Q7f4Ebqhe2MVFg0WLjIdkrnYxL/CuweNajuIBYPbC/C3gIrfz4SCpAdgTgRFp0JOi4TleYUM4c87mtv+NgIpKUFLKdfE3wtNWa4s
Vc/FLegk9jg0MTl4h6Dq9WW7KYBbspYa4oUpNqvZuxZpEg+Wk4iOG1AzpdkgG4IRoZNZVD0QIJudrICwLSDkkMcPEAqhlO9d10RDW7E6kaoUCjsNCxuDU1Z3SRlzrgY=
k6fYZ8dNQKp0WpwQ3iW7+C6Xiq5BSr34gAc+C2uFjvssjS8rN4jzYA6Hk5Ru7GPgqswpt56WD+Qhgbl8TUef2r/22rJVkYVrLY8YT6cFfa4I
ZgixGqlcS/92/G/SEEXt9frk0GlG2Oy9TkEG67qUa/IrWDydF9CvtgZ42JP1BDgHCsCAT2aGQ88o1KzsQ/6gdBFs6uoMhZa0/65zUJ0vQ64Dfq4N
lelyWN1cSMybt5hYko+2H7OI5uW65td8RDnKrPwicAGdzafOe9mr1c9k32quHHg/jZCoe4JEAMP+8vNTQHBMgPsq8MjZKKomVLFm6NdKU3xlO1NSC3quAQ==
7dsb3EqBAs5i4pPaVTGGBLWfv7a38dxxQTzBrPwiZwvfwLnEf8y61c9k32quHHg/jZCoe4JEAMP+8vNTQHBMgPsq8MjZKKomVLFm6NdKU3xlO1NSC3quAQ==
yIe9FfdPJMXHya4lPatTPbCI5uW65td8RDnKrPwiZwvfwLnEf8y61c9k32quHHg/jZCoe4JEAMP+8vNTQHBMgPsq8MjZKKomVLFm6NdKU3xlO1NSC3quAQ==
5msC8nXz/xpaq/JnwTtcJbqfv7a38dxxQTzBrPwiZwvfwLnEf8y61c9k32quHHg/jZCoe4JEAMP+8vNTQHBMgPsq8MjZKKomVLFm6NdKU3xlO1NSC3quAQ==
niQBhEl6O5nwfxQtEUvyXrufv7a38dxxQTzBrPwiZwvfwLnEf8y61c9k32quHHg/jZCoe4JEAMP+8vNTQHBMgPsq8MjZKKomVLFm6NdKU3xlO1NSC3quAQ==
5Pxjh1JMwhVPoBe9k1v//i6Xiq5BSr3vikUzFWGBm+osjS8rN4jzYA6Hk5Ru7GPgqswpt56WD+Qhgbl8TUef2r/22rJVkYVrLY8YT6cFfa4I
174ckD9eYF4qlkm+4PpR/1dDZ4HdzP7BafNBZFXQiAtlDMhANSD84A+vaJoJ1Adtz6QLC0m6KXpcKiN9I9vrw+4XgSlrrh4=
Ohjkh/rGldmT7nUdlFOKKkv99GfZaJtUgWywfT7r5zo89WcWQB6Y7stprDP8LnegWH4dWooYSEs+LgMow/LJ0RuEL2iuHw==
b9UNss2BFn3JsuwcZndv45PKjFYIifd4MjXPYAWO68dmhhLEHUkd7Mm/8xqTzt6isdl5C7EHvP/j3RGuZA==
YIrOavtsb1tDvENu6BFMW0XqcONGZCDrpCFDyIaNc+C5Nl930i6+ZLHhSTydZ6/azxaKcuUxFevd78gPlyVtrhg=
jpLSn3mHhtCZxyd9CaKc7qqqiDAE3PmwUkgH4rjRc/k2WDydF9CvtgZ42InzBCQfC8CATHyAQ9Mw1azsQ/6gdBFs6uoMhZa0/65zUJ0vQ64Dfq4N
ehjnqWJvyi/zbk42B4mjuwePRxRnqPM8Mof18ZHoHNKGkYvuQXRofbW4qfuCcuZA/0beyXXDDfzRsFY1aQDsCdGgmzI1v3i6TDSD9QOUFwNt+s3ywNpvZSf7rztih31hT646
+GFruzuSacZNnaTYIpXnlxbcWhBovbJ5NIr16pHoHNKGkYvuQXRofbW4qfuCcuZA/0beyXXDDfzRsFY1aQDsCdGgmzI1v3i6TDSD9QOUFwNt+s3ywNpvZSf7rztih31hT646
MY+RHYCBHLbpceCM2zomrkjY98EPcGDCxXNWsYpCNl1fHH/C3sS4bVuo1IuzXADI9AzTZ6gpDEirkhCgabAqrsTJxkCnkpM0tQMzujtirgk=
95xTm6nuJ4hu/DNe5HUKZldDZ4HdzP7BafNBZFXQkg1lENBBNSD/+gmvdIII1Adtz6QLC0m6KXpcKiN9I9vrw+4XgSlrrh4=
pLUJJqQTAygP0z9rVdU76JPKjFYSj/dkKjTPYAWU7cd6nhPEHUkd7Mm/8xqTzt6isdl5C7EHvP/j3RGuZA==
7kGMr/NcFe+bT/0AdtAdJUXqcONGZCDrvidD1J6Mc+C5LFl3zja/ZLHhSTydZ6/azxaKcuUxFevd78gPlyVtrhg=
8RV9lNkCEuewzswQR9I7YFVxl9FjJkLfFFj37NTVm/tDYF/A4u8HJPoU/2A1tL0HCn5jRI3pTSz5n+Mag64u4mG56YsBpww/sz1hrhQ=
KjIy04JkaNEl3xIwiMWY/bLEdwX+735a3V3PTamHX0zwA10JD5z+we57C00YQY7mn176iNZLU/5HjHpeKNGhmqCNpjZAPkKIS9X0EvxOt0DY3t06ivgI675OQ8jD0glxm2RvSK4/
3q8l+n9M2CDFywNe/MssIjSJna8VHPzyzgc4Wy3AjeYsjS8rN4jzYA6Hk5Ru7GPgqcwpt56WD+Qhgbl8TUef2r/22rJVkYVrLY8YT6cFfa4I
U6yEzm9HcdKPcxJWzr5ipB2lLSPilbMddHO35qpVGFT5g1vsq4YKoVkzMYTlUBhrtcyYoCUg74Df7zh6mVS3DT/kO+s5uhlarGqT3VNbe2M+V1EJe64O
AeCr1gqwpMOItNNnmQMgC9JmFysAiC/JPiMmFu2/E3rLv1i2xgpFDwCQ6JSVyURxfCMGQKZW4kQRxQ/24W2l9Uh9OXYQAT66wLLaBPs5bL6c4m+saJKF9ko0UKeOopvko/4Rnatod0SuMw==
LhgQ2L6MXar/YVgDQ1dxlhbSBEUq86QtedGjrZHuC8mDlpq3XG9uPPD0qLzPOvME/0GczTHVAPvWsEwzaRz0CNGgmygzv2SiTTSD9QOUFwNt+s3ywNpvZSf7rztih31hT646
b/SObHUBgGYSGIJ4LVYCk72rs4+RH+StlfF/R/BTEhUJnOnHqTFqOSnq9vjGznLMkU2fbgHV1b2ItQkOMBkussC6yhzbQVx2XKofFIgKFX7KvMA/7hprLOO2IWWLcGdMrjs=
CdTY655g/zGrs/H0QOgsJnMe0b5aCk5ohobxQ6MM2WOxJxjLxdxYHzrYgFRWniMXGIxstPMmwOyh9GpyvB32bE/2swit9yO2M2auFQ==
afwsD6yOk5PG2kJEUpZgw/rk0GlG2Oy9TkEG67qUa/IrWDydF9CvtgZ42JP1BDgHCsCATGaGQ88o1KzsQ/6gdBFs6uoMhZa0/65zUJ0vQ64Dfq4N
dpEyJ4AqSVmWhAoqxI1NEHX4hhqjoTwcf5brhmk6ZTj415Zr8zUGe6T9t4tfWEsg1rf7dFb8a+Ch3BHXdqZXJJnRUdzVtxdaN0ZCUv3BfSt1fzBvXxV1rgA=
LM4k6jZWpmApwUQZtc3Af43xLh1zjp+2fVJZ2KT/YjunzUo7aEXjW+swl4CqH28E4mTnYC1EpSfiDquExTnljAEPW5r7PpaCiemhS0mXJF+rDXmuDA==
BlzEJ9ukXGshozndALjNmL8sbYRKE96MjSTVlL/A2a4joV+um8zSYKc1Q7f4Ebqhe2MVFg0WLjIdkrnYxL/CuweNajuIBYPbC/C3gIrfz4SCpAdgTQRFp0JOi4TleYUM4c87mtv+NgIpKUFLKdfE3wtNWa4s
XyO2oMPji0UMKEAi0SQOVmW7KYBbspYa4oUpNqvZuxZpEg+Wk4iOG1AzpdkgG4IRoZNZVD0QIJudrICwLSDnkMcPEAqhlO9d10RDW7E6kaoUCjsNCxuDU1Z3SRlzrgY=
LK/5rCJTgxtAmz1oRYDnRS6Xiq5BSr34gAc+C2uFjvssjS8rN4jzYA6Hk5Ru7GPgqcwpt56WD+Qhgbl8TUef2r/22rJVkYVrLY8YT6cFfa4I
afwsD6yOk5PG2kJEUpZgw/rk0GlG2Oy9TkEG67qUa/IrWDydF9CvtgZ42JP1BDgHCsCATGaGQ88o1KzsQ/6gdBFs6uoMhZa0/65zUJ0vQ64Dfq4N
UusK/VwSsrp9OoA+giZxAbOI5uW65td8RDnKrPwicAGdzafOe9mr1c9k32quHHg/jZCoe4JEAMD+8vNTQHBMgPsq8MjZKKomVLFm6NdKU3xlO1NSC3quAQ==
AcGAmYyAn/CAZjtNIhrwm7qQsLm38dxxQTzBrPwiZwvfwLnEf8y61c9k32quHHg/jZCoe4JEAMD+8vNTQHBMgPsq8MjZKKomVLFm6NdKU3xlO1NSC3quAQ==
mPxKktSAmE2Q1kz+XVToD7CI5uW65td8RDnKrPwiZwvfwLnEf8y61c9k32quHHg/jZCoe4JEAMD+8vNTQHBMgPsq8MjZKKomVLFm6NdKU3xlO1NSC3quAQ==
6iW49EcK7TurgCHczpX7L7uQsLm38dxxQTzBrPwiZwvfwLnEf8y61c9k32quHHg/jZCoe4JEAMD+8vNTQHBMgPsq8MjZKKomVLFm6NdKU3xlO1NSC3quAQ==
zzk7Eol3dGAWhBWJhXnQSLGI5uW65td8RDnKrPwiZwvfwLnEf8y61c9k32quHHg/jZCoe4JEAMD+8vNTQHBMgPsq8MjZKKomVLFm6NdKU3xlO1NSC3quAQ==
7n9VtkptoB5sbYg2Fpy+E7KQsLm38dxxQTzBrPwiZwvfwLnEf8y61c9k32quHHg/jZCoe4JEAMD+8vNTQHBMgPsq8MjZKKomVLFm6NdKU3xlO1NSC3quAQ==
9pvc1QOD7DkQLCxn/pEVgy6Xiq5BSr3vikUzFWGBm+osjS8rN4jzYA6Hk5Ru7GPgqcwpt56WD+Qhgbl8TUef2r/22rJVkYVrLY8YT6cFfa4I
uXUmBM9iMUpPLWDSQLCVtVdDZ4HdzP7BafNBZFXQiAtlDMhANSD/4A+vaJoJ1Adtz6QLC0m6KXpcKiN9I9vrw+4XgSlrrh4=
FyU6QDzPVKnjr0zq5JeZ+5PKjFYIifd4MjXPYASO68dmhhLEHUkd7Mm/8xqTzt6isdl5C7EHvP/j3RGuZA==
IWLCf3BHXqnCZ2/+V8Pu80XqcONGZCDrpCFDyIaNc+C4Nl930i6+ZLHhSTydZ6/azxaKcuUxFevd78gPlyVtrhg=
EPLenTtyCDonucH3IcJB6aqqiDAE3PmwUkgH4rjRc/k2WDydF9CvtgZ42InzBCQfC8CATXyAQ9Mw1azsQ/6gdBFs6uoMhZa0/65zUJ0vQ64Dfq4N
BiXmw6t/DNuJUGicY0NGiv/25tjcRvL536wrVqRRFEVRyqyOsC0jbnDgsbWO2zbMlg+bKhfY0rqIrw8OLAEvssC70BrbXUR3XKofFIgKFX7KvMA/7hprLOO2IWWLcGdMrjs=
0IwWmOmWdW1W1pQ6uSlVdb2l7drTUfL52KopAPBXCVpJwayOsC0jbnDgsbWO2zbMlg+bKhfY0rqIrw8OLAEvssC70BrbXUR3XKofFIgKFX7KvMA/7hprLOO2IWWLcGdMrjs=
ED9SlLVcY3aOnweAwFa/5RbcWhBovbJ5NIr16pHoHNKGkYvuQXRofbW4qfuCcuZA/0beyXXDDfzRsFY1aQDsCdGgmjI1v3i6TDSD9QOUFwNt+s3ywNpvZSf7rztih31hT646
s5FlovUpom3PmgliNvC06XqKm7MESbeoiw84GnzEjeYsjS8rN4jzYBSBk4h27WPgqNYvt4KODuQhgbl8TUef2r/22rJVkYVrLY8YT6cFfa4I
Ql/FZTtV2ZsAaT1WXZo/R1dDZ4HdzP7BafNBZFXQkg1lENBBNSD++gmvdIII1Adtz6QLC0m6KXpcKiN9I9vrw+4XgSlrrh4=
IHsppzEjhQXA5bLs7oKAhpPKjFYSj/dkKjTPYAaU7cd6nhPEHUkd7Mm/8xqTzt6isdl5C7EHvP/j3RGuZA==
tf07yMyjNjdM4PI3QA3Hh0XqcONGZCDrvidD1J6Mc+C6LFl3zja/ZLHhSTydZ6/azxaKcuUxFevd78gPlyVtrhg=
R2+Gicl7R8c75aQsafnSlkcdqO4JLH2Xq8tqphynA6antAp26LkRYgDVdh5AFZLQ6y1Eejxmx3g4ho3SCpDYM952s+CDOrkJO7w/YK4X
+cOSrUExYgRWSKrcH9MZGbLEdwX+735a3V3PTamHX0zwA10JD5z+we57C00YQY7mn176iNZLU/5HjHpeKNGhmqCNpjZAPUKIS9X0EvxOt0DY3t06ivgI675OQ8jD0glxm2RvSK4/
10wL7HMEpOGcnwWyJF+RgzSJna8VHPzyzgc4Wy3AjeYsjS8rN4jzYA6Hk5Ru7GPgqswpt56WD+Qhgbl8TUef2r/22rJVkYVrLY8YT6cFfa4I
FbhlFUMfzUCsIMd8iKwi0gE00JIiLwyLWRixptDVm/tDYF/A4u8HJPoU/2A2tL0HCn5jRI3pTSz5n+Mag64u4mG56YsBpww/sz1hrhQ=
+fOyDCsmbiC7GvhQTdiyxDA3IzUPvdW3dmhr0pqeMjxfLtp41jtzDgfc2s6oQUFK4L1GBkANorgLBRSCfN4XEJgu/UqKCCibfp7jWENCaSFbVA94rg8=
aY4Zjeu+B1oI8j2EiqTUgG0EnqYvsmIkFmdLEnfA4tJIHXmWkGH+msCRGmR72SzenMIvDOgyxRZKVJAHDgJbxKMe0f0riDdkrhM=
9eg1Av3pnEAL1SYtgPvTowUoysxwJRbeFUP37NTVm/tDYF/A4u8HJPoU/2A2tL0HCn5jRI3pTSz5n+Mag64u4mG56YsBpww/sz1hrhQ=
RAPIMXJYp9OnrjMC2kk7UAUoysFwJRbeFUP37NTVm/tDYF/A4u8HJPoU/2A2tL0HCn5jRI3pTSz5n+Mag64u4mG56YsBpww/sz1hrhQ=
dZrbUrT7ybU5kxFinJOWLPTZthURMJmYkDF/1c620HjmXc7phYNdXEEw/NPZXCQooaBoCGN/1ML9tBNV01RnI3363RLwmr+Ft3tfmxJHrQF/rgo=
HtJVdhYewFORQJa7fSRoeTmqghmhvD9UPZr/iml2ImG1kYx+4iwMfaT9t4tfWEsg1rf7dFb8a+Ci3BHXdqZXJJnRUdzVtxdaN0ZCUv3BfSt1fzBvXxV1rgA=
UyicOBIT89EoKA3rRIGKBX41mpR1xwh7Di06OBn+0rRAFh4fmZqHlXrhFvlNs+OW52SqBmgJcbLApVYOQAWyoCv9JMq8FmeoeLZtwgqAuAMeJhMQA4pZWXtMH3CuBw==
mYa22hhyn05P1dqvQ8gtbwNb46QZaifFutF26U2jA6antAp26LkRYgDVdh5AFZLQ6y1Eejxmx3g4ho3SCpDYM952s+CDOrkJO7w/YK4X
QG/e1RwKbhMHdodBnhe/u3USzKtaRQZmi8C8BadIz262IBjLxdxYHzrYgFdWniMXGIxstPMmwOyh9GpyvB32bE/2swit9yO2M2auFQ==
pLUJJqQTAygP0z9rVdU76JPKjFYSj/dkKjTPYAWU7cd6nhPEHUkd7Mm/8xqTzt6isdl5C7EHvP/j3RGuZA==
7kGMr/NcFe+bT/0AdtAdJUXqcONGZCDrvidD1J6Mc+C5LFl3zja/ZLHhSTydZ6/azxaKcuUxFevd78gPlyVtrhg=
ZaKJylAlfHWvLeVOW9xkRkcdqO4JLH2Xq8tqphynA6antAp26LkRYgDVdh5AFpLQ6y1Eejxmx3g4ho3SCpDYM952s+CDOrkJO7w/YK4X
8wiP2B7lWK9+haIVR005nbLEdwX+735a3V3PTamHX0zwBF0JD5z+we57C00YQY7mn176iNZLU/5HjHpeKNGhmqCNpjZAPkKIS9X0EvxOt0DY3t06ivgI675OQ8jD0glxm2RvSK4/
3q8l+n9M2CDFywNe/MssIjSJna8VHPzyzgc4Wy3AjeYsjS8rN4jzYA6Hk5Ru7GPgqcwpt56WD+Qhgbl8TUef2r/22rJVkYVrLY8YT6cFfa4I
T772qRPjCrF6+wM0VjV1J20EnqYvsmIkFmdLEnfA4tJIHXmWkGH+msCSGmR72SzenMIvDOgyxRZKVJAHDgJbxKMe0f0riDdkrhM=
Slm/Gc3CORsg1QkXAJJhtwUoysFwJRbeFUP37NTVm/tDYF/A4u8HJPoU/2A1tL0HCn5jRI3pTSz5n+Mag64u4mG56YsBpww/sz1hrhQ=
adVVgJcO/14BRw8Zoanog/TZthURMJmYkDF/1c620HjmXc7phYNdXEEw/NPZXCQooaBrCGN/1ML9tBNV01RnI3363RLwmr+Ft3tfmxJHrQF/rgo=
C5lFxWJ+h8pU5L64MA3AuBnS37pkUVP9umbkIBodcjHxU+k0rZBQO03ssFA9IPfw989AqlEUf71nBJN7wTqhysTKS62bmzOzBje5OWOuFg==
G3CJ4fIZfsU3xhqQp9XFsn81mpR1xwh7Di06OBn+0rRAFh4fmZqHlXrhFvlNs+OW52SqBmgJcbLApVYOQAayoCv9JMq8FmeoeLZtwgqAuAMeJhMQA4pZWXtMH3CuBw==
44juM4Vjqz61TFUwwMjAOH81mpN1xwh7Di06OBn+0rRAFh4fmZqHlXrhFvlNs+OW52SqBmgJcbLApVYOQAayoCv9JMq8FmeoeLZtwgqAuAMeJhMQA4pZWXtMH3CuBw==
TtYrZR0FKqvGWrHMgpsgvAAS9KUZaifFutF26U2jA6antAp26LkRYgDVdh5AFpLQ6y1Eejxmx3g4ho3SCpDYM952s+CDOrkJO7w/YK4X
i8w9i06XJvnayKrQrDzGTmkSieUITBN6gLK/FrJE3XW2ERDUwc1vUEazmghFkjsOHpJstPMmwOyh9GpyvB32bE/2swit9yO2M2auFQ==
UtvHbBJAEPFjH0txGpPT9EiR6cpAMGmE0HhDtsh2f0pKEG3Z3vWwaFm5/9zONxqU/QbLYrY2DEirkhCgabAqrsTJxkCnkpM0tQMzujtirgk=
2/Cuq+d8RDITZD78tNNOgpxP2zwUhXxEpK8hWXXP8ZLDT0cCWpK3n99+9e/3oEcpKIDeSG1LRtOFCIR6eUeBX8PY7cQ9ib1sqX/TGnOOfiLRGRkLkUdcf0Mdca4E
PLiZt0o25qJbmJ3PBsMVmr4yaINYSZnWzyrRj73UxrgloV+klMzcIe1hEbf9UOetODJJHxcbOTJb3//CgqLPvxeOXW+fEI/JEPCGiJXb3rPN2Gx6ERdJv1tIlYTleYUM4c87mtv+NgIpKUFLKdfE3wtNWa4s
gW+lHVFQgBHXdGHxFEtENL4yaINYSZnWzyrRj73UxrglpV+klMzcIe1hEbf9UOetODJJHxcbOTJb3//CgqLPvxeOXW+fEI/JEPCGiJXb3rPN2Gx6ERdJv1tIlYTleYUM4c87mtv+NgIpKUFLKdfE3wtNWa4s
z5fgwP82R7IL8ECMjOB5hQlquOlKR6MCkq/GuaSi30JxBiay4ayqPzAoA0boZn96KsCtqX5lMNi56b8s7icapJ3WCxIWpoz4S8JQUEmgKp6kGQYwBwIThFVTc0obcq45
u/rpXpcq0eCRAZg8sgcQknWAsaikvccnZcKBOI9/S2fIElkfBzvJ8uu/j0ISQh//R+5tb28w34lAUBYIJXuu8/04fHoBd3l/q+glBHXZVcwx70ua6x7mwnlJ0cvZN3Sfe21Jrjw=
0FmatnTeaPAJSqXgJo4QETSxmxHs6mUfO8Ptgi93IyK+yptv4zYxL7Pou5lEWHooybPqQxmAAPr9zx3Pb6BJJJnRUdzVtxdaN0ZCUv3BfSt1fzBvXxV1rgA=
8keP0n/T+OU+HrhgZ7mNYsi4Mll935myOx8fwuLibz+3zn1vf1DvSfAwpoi1G34zrRiMenFXqT/7CLWExTnljAEPW5r7PpaCiemhS0mXJF+rDXmuDA==
Eq9f78fhMuA8yAcvW1/57WY/mU3Ysczg4P2ZNA0y1p6JiEpjaPzTCqCivwaSNB3F1oGQRCF9L6Bmo5oYZWJ7vv4C7CSTlgCcgeRqYpxtNtwvZjOYTUdjRhN2rgU=
lsb1m2HsoiEj4bbeD0y55r6l7dTWVKD5zeNlX6JGD0BW2/WArjhtIjqtpL6b3HT43xiOJgXD0ouAqg0fB1ZS2drm2RDDWFpoXKofFIgKFX7KvMA/7hprLOO2IWWLcGdMrjs=
JEJ+B9/ByqQCJo7s53wfVDp6is813x1jUnp3fFbnjbxeBBUe2pHcgmvgDMQfpPaa9X+qN2AWdaP36iplWlqhrDPkItS8FmeoeLZtwgqAuAMeJhMQA4pZWXtMH3CuBw==
faa89zvLcM1UNRWC+GWANORanMlpHCkHgzIwLToGeJwLdBz99GNWVmVVDRYUKyHSs++3gsryZ1/vHuXv54A3afggTsjdq/aT1Sh0eglnUZ9zuF1ErSntrFlfwxpjbk5igfmJi+HnrL8TfUGuNA==
Wa6HotklRo9nL4dhVwNwVORanMtpHCkHgzIwLToGeJwLdBz99GNWVmVVDRYUKyHSs++3gsryZ1/vHuXv54A3afggTsjdq/aT1Sh0eglnUZ9zuF1ErSntrFlfwxpjbk5igfmJi+HnrL8TfUGuNA==
iveftACtb11D5NdS/Vhf/9gJkXYEwyYWtbU9FiTL8ZLDT0cCWpK3n99+9e/3oEcpKIDeSG1LRtOFCIR6eUeBX8PY7cQ9ib1sqX/TGnOOfiLRGRkLkUdcf0Mdca4E
IHsppzEjhQXA5bLs7oKAhpPKjFYSj/dkKjTPYAaU7cd6nhPEHUkd7Mm/8xqTzt6isdl5C7EHvP/j3RGuZA==
tf07yMyjNjdM4PI3QA3Hh0XqcONGZCDrvidD1J6Mc+C6LFl3zja/ZLHhSTydZ6/azxaKcuUxFevd78gPlyVtrhg=
yI06zKPqDm1OIXzdiEkw30cdqe4JLH2Xq8tqphynA6antAp26LkRYgDVdh5AFZLQ6y1Eejxmx3g4ho3SCpDYM952s+CDOrkJO7w/YK4X
uaYNcPU8OU4X6DIkys7AWbLEdwX+735a3V3PTamHX0zwBF0JD5z+we57C00YQY7mn176iNZLU/5HjHpeKNGhmqCNpjZAPUKIS9X0EvxOt0DY3t06ivgI675OQ8jD0glxm2RvSK4/
EnyqBPcAb3niHtProt81AbLEdwX+735a3V3PTamHX0zwAV0JD5z+we57C00YQY7mn176iNZLU/5HjHpeKNGhmqCNpjZAPUKIS9X0EvxOt0DY3t06ivgI675OQ8jD0glxm2RvSK4/
10wL7HMEpOGcnwWyJF+RgzSJna8VHPzyzgc4Wy3AjeYsjS8rN4jzYA6Hk5Ru7GPgqswpt56WD+Qhgbl8TUef2r/22rJVkYVrLY8YT6cFfa4I
aY4Zjeu+B1oI8j2EiqTUgG0EnqYvsmIkFmdLEnfA4tJIHXmWkGH+msCRGmR72SzenMIvDOgyxRZKVJAHDgJbxKMe0f0riDdkrhM=
9eg1Av3pnEAL1SYtgPvTowUoysxwJRbeFUP37NTVm/tDYF/A4u8HJPoU/2A2tL0HCn5jRI3pTSz5n+Mag64u4mG56YsBpww/sz1hrhQ=
RAPIMXJYp9OnrjMC2kk7UAUoysFwJRbeFUP37NTVm/tDYF/A4u8HJPoU/2A2tL0HCn5jRI3pTSz5n+Mag64u4mG56YsBpww/sz1hrhQ=
dZrbUrT7ybU5kxFinJOWLPTZthURMJmYkDF/1c620HjmXc7phYNdXEEw/NPZXCQooaBoCGN/1ML9tBNV01RnI3363RLwmr+Ft3tfmxJHrQF/rgo=
v5haldFSZH8etk13j6xA7xnS37pkUVP9umbkIBodcjHxU+k0rZBQO03ssFA9IPTw989AqlEUf71nBJN7wTqhysTKS62bmzOzBje5OWOuFg==
/whmcb+pEIm7f1iuQx8BFH41mpN1xwh7Di06OBn+0rRAFh4fmZqHlXrhFvlNs+OW52SqBmgJcbLApVYOQAWyoCv9JMq8FmeoeLZtwgqAuAMeJhMQA4pZWXtMH3CuBw==
z/EpGOIMa2RkPoE/JerzWX41mpF1xwh7Di06OBn+0rRAFh4fmZqHlXrhFvlNs+OW52SqBmgJcbLApVYOQAWyoCv9JMq8FmeoeLZtwgqAuAMeJhMQA4pZWXtMH3CuBw==
AZHVTcXzFu+9Zu2j+mhqewAS9KUZaifFutF26U2jA6antAp26LkRYgDVdh5AFZLQ6y1Eejxmx3g4ho3SCpDYM952s+CDOrkJO7w/YK4X
umpO1hOArGMHJcAHlSDE7VSmdOxHYiD2vidD1J6Mc+C6LFl3zja/ZLHhSTydZ6/azxaKcuUxFevd78gPlyVtrhg=
wGafV+u27LpGcUhRVAukRBkg1ohvMgffWlSluprblPNCbBzL4u8HJPoU/2A2tL0HCn5jRI3pTSz5n+Mag64u4mG56YsBpww/sz1hrhQ=
RAPIMXJYp9OnrjMC2kk7UAUoysFwJRbeFUP37NTVm/tDYF/A4u8HJPoU/2A2tL0HCn5jRI3pTSz5n+Mag64u4mG56YsBpww/sz1hrhQ=
AL4r0/LQWmOKm4JlKYRvgX81mpZ1xwh7Di06OBn+0rRAFh4fmZqHlXrhFvlNs+OW52SqBmgJcbLApVYOQAWyoCv9JMq8FmeoeLZtwgqAuAMeJhMQA4pZWXtMH3CuBw==
HKW655K4wM9NO1Oe95KUDX81mpV1xwh7Di06OBn+0rRAFh4fmZqHlXrhFvlNs+OW52SqBmgJcbLApVYOQAWyoCv9JMq8FmeoeLZtwgqAuAMeJhMQA4pZWXtMH3CuBw==
b8dcieNcyWdc9LTMvplyW1SmdOxHYiD2vidD1J6Mc+C5LFl3zja/ZLHhSTydZ6/azxaKcuUxFevd78gPlyVtrhg=
YU0b48QwIdJWYuOcI9EInhkg1ohvMgffWlSluprblPNCbBzL4u8HJPoU/2A1tL0HCn5jRI3pTSz5n+Mag64u4mG56YsBpww/sz1hrhQ=
ccSK6cmMOsYvZDDmBtUahbKHu66n79h6Xiz8rLpoaAmAwKPFfpz80c9k32quHHg/jZCoe4JEAMD+8vNTQHBMgPsq8MjZKKomVLFm6NdKU3xlO1NSC3quAQ==
P3h3diS6vpYJTS4KXmoLbkpkJH2bwH6ZnVKJ9N5L+0LcEGz0/42on8fIwPmzRhFpKjBUnN2TX/R3xlY53aNVTClwFGNR/NwY2aCTOBvfXHKVdPtF23S/c+V6RUKoereVn7v365qnFXFHrjI=
T772qRPjCrF6+wM0VjV1J20EnqYvsmIkFmdLEnfA4tJIHXmWkGH+msCSGmR72SzenMIvDOgyxRZKVJAHDgJbxKMe0f0riDdkrhM=
ccSK6cmMOsYvZDDmBtUahbKHu66n79h6Xiz8rLpoaAmAwKPFfpz80c9k32quHHg/jZCoe4JEAMD+8vNTQHBMgPsq8MjZKKomVLFm6NdKU3xlO1NSC3quAQ==
P3h3diS6vpYJTS4KXmoLbkpkJH2bwH6ZnVKJ9N5L+0LcEGz0/42on8fIwPmzRhFpKjBUnN2TX/R3xlY53aNVTClwFGNR/NwY2aCTOBvfXHKVdPtF23S/c+V6RUKoereVn7v365qnFXFHrjI=
umpO1hOArGMHJcAHlSDE7VSmdOxHYiD2vidD1J6Mc+C6LFl3zja/ZLHhSTydZ6/azxaKcuUxFevd78gPlyVtrhg=
wGafV+u27LpGcUhRVAukRBkg1ohvMgffWlSluprblPNCbBzL4u8HJPoU/2A2tL0HCn5jRI3pTSz5n+Mag64u4mG56YsBpww/sz1hrhQ=
Gk/oe2bla3ZL/MLVFFWclLKHu66n79h6Xiz8rLpoaAmAwKPFfpz80c9k32quHHg/jZCoe4JEAMP+8vNTQHBMgPsq8MjZKKomVLFm6NdKU3xlO1NSC3quAQ==
Nk1bBdgag68f1fsQ8GcVR0pkJH2bwH6ZnVKJ9N5L+ULcEGz0/42on8fIwPmzRhFpKjBUnN2TX/R3xlY53aNVTClwFGNR/NwY2aCQOBvfXHKVdPtF23S/c+V6RUKoereVn7v365qnFXFHrjI=
Nk1bBdgag68f1fsQ8GcVR0pkJH2bwH6ZnVKJ9N5L+ULcEGz0/42on8fIwPmzRhFpKjBUnN2TX/R3xlY53aNVTClwFGNR/NwY2aCQOBvfXHKVdPtF23S/c+V6RUKoereVn7v365qnFXFHrjI=
T772qRPjCrF6+wM0VjV1J20EnqYvsmIkFmdLEnfA4tJIHXmWkGH+msCSGmR72SzenMIvDOgyxRZKVJAHDgJbxKMe0f0riDdkrhM=
Slm/Gc3CORsg1QkXAJJhtwUoysFwJRbeFUP37NTVm/tDYF/A4u8HJPoU/2A1tL0HCn5jRI3pTSz5n+Mag64u4mG56YsBpww/sz1hrhQ=
OOYRwN+X5+9c/TkowztOCn81mZN1xwh7Di06OBn+0rRAFh4fmZqHlXrhFvlNs+OW52SqBmgJcbLApVYOQAayoCv9JMq8FmeoeLZtwgqAuAMeJhMQA4pZWXtMH3CuBw==
Tq4YIlx7dLBxW2QxQjsU3BEv3cEhaRDODkS4vdDVm/tDYF/A4u8HJPoU/2A1tL0HCn5jRI3pTSz5n+Mag64u4mG56YsBpww/sz1hrhQ=
YU0b48QwIdJWYuOcI9EInhkg1ohvMgffWlSluprblPNCbBzL4u8HJPoU/2A1tL0HCn5jRI3pTSz5n+Mag64u4mG56YsBpww/sz1hrhQ=
Slm/Gc3CORsg1QkXAJJhtwUoysFwJRbeFUP37NTVm/tDYF/A4u8HJPoU/2A1tL0HCn5jRI3pTSz5n+Mag64u4mG56YsBpww/sz1hrhQ=
aY4Zjeu+B1oI8j2EiqTUgG0EnqYvsmIkFmdLEnfA4tJIHXmWkGH+msCRGmR72SzenMIvDOgyxRZKVJAHDgJbxKMe0f0riDdkrhM=
RAPIMXJYp9OnrjMC2kk7UAUoysFwJRbeFUP37NTVm/tDYF/A4u8HJPoU/2A2tL0HCn5jRI3pTSz5n+Mag64u4mG56YsBpww/sz1hrhQ=
etBFJLuJwD+Kkhn06jpElREv3cEhaRDODkS4vdDVm/tDYF/A4u8HJPoU/2A2tL0HCn5jRI3pTSz5n+Mag64u4mG56YsBpww/sz1hrhQ=
wGafV+u27LpGcUhRVAukRBkg1ohvMgffWlSluprblPNCbBzL4u8HJPoU/2A2tL0HCn5jRI3pTSz5n+Mag64u4mG56YsBpww/sz1hrhQ=
Gk/oe2bla3ZL/MLVFFWclLKHu66n79h6Xiz8rLpoaAmAwKPFfpz80c9k32quHHg/jZCoe4JEAMP+8vNTQHBMgPsq8MjZKKomVLFm6NdKU3xlO1NSC3quAQ==
Tq4YIlx7dLBxW2QxQjsU3BEv3cEhaRDODkS4vdDVm/tDYF/A4u8HJPoU/2A1tL0HCn5jRI3pTSz5n+Mag64u4mG56YsBpww/sz1hrhQ=
YU0b48QwIdJWYuOcI9EInhkg1ohvMgffWlSluprblPNCbBzL4u8HJPoU/2A1tL0HCn5jRI3pTSz5n+Mag64u4mG56YsBpww/sz1hrhQ=
ccSK6cmMOsYvZDDmBtUahbKHu66n79h6Xiz8rLpoaAmAwKPFfpz80c9k32quHHg/jZCoe4JEAMD+8vNTQHBMgPsq8MjZKKomVLFm6NdKU3xlO1NSC3quAQ==
g/OMzZnnAtc9sqUHcGGY9kpkJH2bwH6ZnVKJ9N5L/0LcEGz0/42on8fIwPmzRhFpKjBUnN2TX/R3xlY53aNVTClwFGNR/NwY2aCTOBvfXHKVdPtF23S/c+V6RUKoereVn7v365qnFXFHrjI=
T772qRPjCrF6+wM0VjV1J20EnqYvsmIkFmdLEnfA4tJIHXmWkGH+msCSGmR72SzenMIvDOgyxRZKVJAHDgJbxKMe0f0riDdkrhM=
R4W/6i3Pso4xLyEhox3tC7KHuq6n79h6Xiz8rLpoaAmAwKPFfpz80c9k32quHHg/jZCoe4JEAMD+8vNTQHBMgPsq8MjZKKomVLFm6NdKU3xlO1NSC3quAQ==
ZYYnLi1tINjRblJOBprWuEpkJH2bwH6ZnVKJ9N5L+ELbEGz0/42on8fIwPmzRhFpKjBUnN2TX/R3xlY53aNVTClwFGNR/NwY2aCTOBvfXHKVdPtF23S/c+V6RUKoereVn7v365qnFXFHrjI=
ZYYnLi1tINjRblJOBprWuEpkJH2bwH6ZnVKJ9N5L+ELbEGz0/42on8fIwPmzRhFpKjBUnN2TX/R3xlY53aNVTClwFGNR/NwY2aCTOBvfXHKVdPtF23S/c+V6RUKoereVn7v365qnFXFHrjI=
xHAv2RGhqCVU4edw7Dv8ejcZ9RpZyf/W+riNoQ698Oc6UemxnyYam94mtZTm/swQW/qwGPk4qjZ0YSY4d9rT7MXrE4Iraq4R
lmOPAj8xSCyo1S3KaL1g/vPm13ZZz/rkF0ob9q2YYfkwGz+XAty9rQZJ0NviFTkdN7KaB2aCRdguyqzsQ/6gdBFs6uoMhZa0/65zUJ0vQ64Dfq4N
RdBrPmUnzCWzLYqAW28pfGC0dNtL79cd94kJZa+atQRuFlvb09HDXV8qptsqDIcErYFCVAwYaIyMrZqNXzqskMMJBwy/lO9d10RDW7E6kaoUCjsNCxuDU1Z3SRlzrgY=
vovydyomf8Cn5PI6FBJMo+ZjfHAtwAPckN7Hw6AuX0q4ps2zScZc3gJChtXjNilBXdjY5+6uwNS/nFtsRv8V1ZwabhZFk3J7AE1+T/HzM9Da4eroHQY62Nxav0TIOvVuyqygDy7Ky1xjBsG1ywBHXK4r
vovydyomf8Cn5PI6FBJMo+ZjfHAtwAPckN7Hw6AuX0q4ps2zScZc3gJChtXjNilBXdjY5+6uwNS/nFtsRv8V1ZwabhZFk3J7AE1+T/HzM9Da4eroHQY62Nxav0TIOvVuyqygDy7Ky1xjBsG1ywBHXK4r
T772qRPjCrF6+wM0VjV1J20EnqYvsmIkFmdLEnfA4tJIHXmWkGH+msCSGmR72SzenMIvDOgyxRZKVJAHDgJbxKMe0f0riDdkrhM=
R4W/6i3Pso4xLyEhox3tC7KHuq6n79h6Xiz8rLpoaAmAwKPFfpz80c9k32quHHg/jZCoe4JEAMD+8vNTQHBMgPsq8MjZKKomVLFm6NdKU3xlO1NSC3quAQ==
T772qRPjCrF6+wM0VjV1J20EnqYvsmIkFmdLEnfA4tJIHXmWkGH+msCSGmR72SzenMIvDOgyxRZKVJAHDgJbxKMe0f0riDdkrhM=
Slm/Gc3CORsg1QkXAJJhtwUoysFwJRbeFUP37NTVm/tDYF/A4u8HJPoU/2A1tL0HCn5jRI3pTSz5n+Mag64u4mG56YsBpww/sz1hrhQ=
Tq4YIlx7dLBxW2QxQjsU3BEv3cEhaRDODkS4vdDVm/tDYF/A4u8HJPoU/2A1tL0HCn5jRI3pTSz5n+Mag64u4mG56YsBpww/sz1hrhQ=
YU0b48QwIdJWYuOcI9EInhkg1ohvMgffWlSluprblPNCbBzL4u8HJPoU/2A1tL0HCn5jRI3pTSz5n+Mag64u4mG56YsBpww/sz1hrhQ=
Slm/Gc3CORsg1QkXAJJhtwUoysFwJRbeFUP37NTVm/tDYF/A4u8HJPoU/2A1tL0HCn5jRI3pTSz5n+Mag64u4mG56YsBpww/sz1hrhQ=
Tbtei1DZ+hKD+Qw1ZoZy8381npN1xwh7Di06OBn+0rRAFh4fmZqHlXrhFvlNs+OW52SqBmgJcbLApVYOQAayoCv9JMq8FmeoeLZtwgqAuAMeJhMQA4pZWXtMH3CuBw==
Tq4YIlx7dLBxW2QxQjsU3BEv3cEhaRDODkS4vdDVm/tDYF/A4u8HJPoU/2A1tL0HCn5jRI3pTSz5n+Mag64u4mG56YsBpww/sz1hrhQ=
YU0b48QwIdJWYuOcI9EInhkg1ohvMgffWlSluprblPNCbBzL4u8HJPoU/2A1tL0HCn5jRI3pTSz5n+Mag64u4mG56YsBpww/sz1hrhQ=
Slm/Gc3CORsg1QkXAJJhtwUoysFwJRbeFUP37NTVm/tDYF/A4u8HJPoU/2A1tL0HCn5jRI3pTSz5n+Mag64u4mG56YsBpww/sz1hrhQ=
aY4Zjeu+B1oI8j2EiqTUgG0EnqYvsmIkFmdLEnfA4tJIHXmWkGH+msCRGmR72SzenMIvDOgyxRZKVJAHDgJbxKMe0f0riDdkrhM=
RAPIMXJYp9OnrjMC2kk7UAUoysFwJRbeFUP37NTVm/tDYF/A4u8HJPoU/2A2tL0HCn5jRI3pTSz5n+Mag64u4mG56YsBpww/sz1hrhQ=
L0AfFt3M0r0QW3Rpq6SYbX81mZN1xwh7Di06OBn+0rRAFh4fmZqHlXrhFvlNs+OW52SqBmgJcbLApVYOQAWyoCv9JMq8FmeoeLZtwgqAuAMeJhMQA4pZWXtMH3CuBw==
Tq4YIlx7dLBxW2QxQjsU3BEv3cEhaRDODkS4vdDVm/tDYF/A4u8HJPoU/2A1tL0HCn5jRI3pTSz5n+Mag64u4mG56YsBpww/sz1hrhQ=
YU0b48QwIdJWYuOcI9EInhkg1ohvMgffWlSluprblPNCbBzL4u8HJPoU/2A1tL0HCn5jRI3pTSz5n+Mag64u4mG56YsBpww/sz1hrhQ=
Slm/Gc3CORsg1QkXAJJhtwUoysFwJRbeFUP37NTVm/tDYF/A4u8HJPoU/2A1tL0HCn5jRI3pTSz5n+Mag64u4mG56YsBpww/sz1hrhQ=
xHAv2RGhqCVU4edw7Dv8ejcZ9RpZyf/W+riNoQ698Oc6UemxnyYam94mtZTm/swQW/qwGPk4qjZ0YSY4d9rT7MXrE4Iraq4R
lmOPAj8xSCyo1S3KaL1g/vPm13ZZz/rkF0ob9q2YYfkwGz+XAty9rQZJ0NviFTkdN7KaB2aCRdguyqzsQ/6gdBFs6uoMhZa0/65zUJ0vQ64Dfq4N
gvak9lCwEgy0+OV8oBgLkO/uyz9G2OvlWF1JoOOWbvExF3ycAty9rQZJ0NviFTkdN7KaB2aCRdguyqzsQ/6gdBFs6uoMhZa0/65zUJ0vQ64Dfq4N
0bXqsOnnJw/Nisft2kE4KnWeta+8pZRiKoKYYsx7VWufRRUXTjWH6eillU5IHR3iVO9QLH0w34lAUBYIcmiuxah5ZXoWZHFhpeglBHXZVcwx70ua6x7mwnlJ0cvZN3Sfe21Jrjw=
MZjFBdWmqFoQQ5ca3wBlgVnd7cVBNmmZ0HhDtsh2f0pKEG3Z3vWwaFm5/9zONxqU/QbLYrY2DEirkhCgabAqrsTJxkCnkpM0tQMzujtirgk=
rtvPPCZh5taKHKl+hPSsv3o3hQTHpt3hr+rLYkM82ZaIhAloaPzTCqCivwaSNB3F1oGQRCF9L6Bmo5oYZWJ7vv4C7CSTlgCcgeRqYpxtNtwvZjOYTUdjRhN2rgU=
Eq9f78fhMuA8yAcvW1/57WY/mU3Ysczg4P2ZNA0y1p6JiEpjaPzTCqCivwaSNB3F1oGQRCF9L6Bmo5oYZWJ7vv4C7CSTlgCcgeRqYpxtNtwvZjOYTUdjRhN2rgU=
w69bKK4DlFsH1RyzR/3E3uVanM9pHCkHgzIwLToGeJwLdBz99GNWVmVVDRYUKyHSs++3gsryZ1/vHuXv54A3afggTsjdq/aT1Sh0eglnUZ9zuF1ErSntrFlfwxpjbk5igfmJi+HnrL8TfUGuNA==
kAjLUxeb70xI/4JeOHItOvvp3D8XlO31Q1oG8eeWbvExF3ycAty9rQZJ0NviFTkdN7KaB2aCRdguyqzsQ/6gdBFs6uoMhZa0/65zUJ0vQ64Dfq4N
lmOPAj8xSCyo1S3KaL1g/vPm13ZZz/rkF0ob9q2YYfkwGz+XAty9rQZJ0NviFTkdN7KaB2aCRdguyqzsQ/6gdBFs6uoMhZa0/65zUJ0vQ64Dfq4N
gvak9lCwEgy0+OV8oBgLkO/uyz9G2OvlWF1JoOOWbvExF3ycAty9rQZJ0NviFTkdN7KaB2aCRdguyqzsQ/6gdBFs6uoMhZa0/65zUJ0vQ64Dfq4N
Tq4YIlx7dLBxW2QxQjsU3BEv3cEhaRDODkS4vdDVm/tDYF/A4u8HJPoU/2A1tL0HCn5jRI3pTSz5n+Mag64u4mG56YsBpww/sz1hrhQ=
YU0b48QwIdJWYuOcI9EInhkg1ohvMgffWlSluprblPNCbBzL4u8HJPoU/2A1tL0HCn5jRI3pTSz5n+Mag64u4mG56YsBpww/sz1hrhQ=
Slm/Gc3CORsg1QkXAJJhtwUoysFwJRbeFUP37NTVm/tDYF/A4u8HJPoU/2A1tL0HCn5jRI3pTSz5n+Mag64u4mG56YsBpww/sz1hrhQ=
IHsppzEjhQXA5bLs7oKAhpPKjFYSj/dkKjTPYAaU7cd6nhPEHUkd7Mm/8xqTzt6isdl5C7EHvP/j3RGuZA==
tf07yMyjNjdM4PI3QA3Hh0XqcONGZCDrvidD1J6Mc+C6LFl3zja/ZLHhSTydZ6/azxaKcuUxFevd78gPlyVtrhg=
iu4xF4MexlKIEz6G4HWtXEwCYYHdzP7BafNBZFXQiAtlDMhANSD84A+vaJoJ1Adtz6QLC0m6KXpcKiN9I9vrw+4XgSlrrh4=
r2h7LH0qLIbg7GkU8JxG6TCxjALs+GwcMYflnWlrKSTmlZJ6/z1DLKD9t4tfWEsg1rf7dFb8a+Ci3BHXdqZXJJnRUdzVtxdaN0ZCUv3BfSt1fzBvXxV1rgA=
uRGYyNEOltirEX0053dts2uer6Sy89A2cMTAI8F+SG2cUB4QGmXL/63yyVNfVQqmXuBWK3gl05tbUCcAOn+/xLJEF2BeZHVnsu47BHXZVcwx70ua6x7mwnlJ0cvZN3Sfe21Jrjw=
ze+Zxn8EjlFEm6752ytqLeRanM5pHCkHgzIwLSBZfIMVIA32szIeUCBPFxAVdSPI9aLxk4flcgb2EN6r8JU7e+Mgf8DCr+ekmlQfYFZ0XYdqvkNErSntrFlfwxpjbk5igfmJi+HnrL8TfUGuNA==
FEiA5Q74NoA8ReX8hkAgSi6Xiq5BSr3ziw0mVmKIgussjS8rN4jzYA6Hk5Ru7GPgqswpt56WD+Qhgbl8TUef2r/22rJVkYVrLY8YT6cFfa4I
174ckD9eYF4qlkm+4PpR/1dDZ4HdzP7BafNBZFXQiAtlDMhANSD84A+vaJoJ1Adtz6QLC0m6KXpcKiN9I9vrw+4XgSlrrh4=
pLUJJqQTAygP0z9rVdU76JPKjFYSj/dkKjTPYAWU7cd6nhPEHUkd7Mm/8xqTzt6isdl5C7EHvP/j3RGuZA==
7kGMr/NcFe+bT/0AdtAdJUXqcONGZCDrvidD1J6Mc+C5LFl3zja/ZLHhSTydZ6/azxaKcuUxFevd78gPlyVtrhg=
xnOL6Ja2/y78WNq6RI6oUjCxjALs+GwcMYflnWlrKSTmlZJ6/z1DLKD9t4tfWEsg1rf7dFb8a+Ch3BHXdqZXJJnRUdzVtxdaN0ZCUv3BfSt1fzBvXxV1rgA=
4OzRZmqQi3Ghe4IrUOURBGuer6uy89A2cMTAI8F+SG2cUB4QGmXL/63yyVNfVQqmXuBWK3gl05tbUCcAOn+/xLJEF2BdZHVnsu47BHXZVcwx70ua6x7mwnlJ0cvZN3Sfe21Jrjw=
j21LJPAFmzHzyXed6hxEl+RanMlpHCkHgzIwLSBZfIMVIA32szIeUCBPFxAVdSPI9aLxk4flcgb2EN6r8JU7e+Mgf8DCr+ekmlQfYFV0XYdqvkNErSntrFlfwxpjbk5igfmJi+HnrL8TfUGuNA==
puLphRu6yB4CvfrWrGgnmC6Xiq5BSr3ziw0mVmKIgussjS8rN4jzYA6Hk5Ru7GPgqcwpt56WD+Qhgbl8TUef2r/22rJVkYVrLY8YT6cFfa4I
uXUmBM9iMUpPLWDSQLCVtVdDZ4HdzP7BafNBZFXQiAtlDMhANSD/4A+vaJoJ1Adtz6QLC0m6KXpcKiN9I9vrw+4XgSlrrh4=
r2h7LH0qLIbg7GkU8JxG6TCxjALs+GwcMYflnWlrKSTmlZJ6/z1DLKD9t4tfWEsg1rf7dFb8a+Ci3BHXdqZXJJnRUdzVtxdaN0ZCUv3BfSt1fzBvXxV1rgA=
V6/mNkVXqvZhkTs7MlL/BWuer6my89A2cMTAI8F+SG2cUB4QGmXL/63yyVNfVQqmXuBWK3gl05tbUCcAOn+/xLJEF2BeZHVnsu47BHXZVcwx70ua6x7mwnlJ0cvZN3Sfe21Jrjw=
PjlBroDwwYYUHovyr3EaJORanMtpHCkHgzIwLSBZfIMVIA32szIeUCBPFxAVdSPI9aLxk4flcgb2EN6r8JU7e+Mgf8DCr+ekmlQfYFZ0XYdqvkNErSntrFlfwxpjbk5igfmJi+HnrL8TfUGuNA==
FEiA5Q74NoA8ReX8hkAgSi6Xiq5BSr3ziw0mVmKIgussjS8rN4jzYA6Hk5Ru7GPgqswpt56WD+Qhgbl8TUef2r/22rJVkYVrLY8YT6cFfa4I
174ckD9eYF4qlkm+4PpR/1dDZ4HdzP7BafNBZFXQiAtlDMhANSD84A+vaJoJ1Adtz6QLC0m6KXpcKiN9I9vrw+4XgSlrrh4=
i8w9i06XJvnayKrQrDzGTmkSieUITBN6gLK/FrJE3XW2ERDUwc1vUEazmghFkjsOHpJstPMmwOyh9GpyvB32bE/2swit9yO2M2auFQ==
UtvHbBJAEPFjH0txGpPT9EiR6cpAMGmE0HhDtsh2f0pKEG3Z3vWwaFm5/9zONxqU/QbLYrY2DEirkhCgabAqrsTJxkCnkpM0tQMzujtirgk=
28te+fxyJsLi7ZXNDz1yP2xmemUZvpmkfnwl1prZLDoLeJxMnyxmAhXH2v+gXkVb1/I6bVpSsbQTHBKcfN4XEJgu/UqKCCibfp7jWENCaSFbVA94rg8=
oBOaxl2dviUJGTuu0lWC6CbBhTqGo0zKlOwYk664blySNSTQnteZAGUeBlrR1Or34HBj7hje//K6WA3Bzp3wkOkxXwSeHxqsjc4r+ibezDCbmjD4uRiqFjSBpli3+tPMBYuTYmtKrjE=
g7MfIv4RISiMUxxiyFvWmpzUODwlYTU1lm8zVmPClQm6p0Iae1KiDSZdgrdfOWjws8bQW1l6dhYZIApLePTzQvAKP67CfD3NxqnQ7LH1j+g2i5owNSrbNm6qrAyDniDU0UzqyswlFtQ/TnMw3c/DDkNeri0=
PjAH1HoZXqoSlwmF2JpbM4j0+zmjsAhyjMAvMi8TEQjbc2YLeXY7vH4gw5Ls+gKydhXC/w8RSNijztBTSVJWPkloSgMoXFPqYIK/JlLUnWWW4ZCk4d2vwCaDmjglAvsePuLsRNM2gHxBxGpCXI22fG8GM3iN5+MmU1auJQ==
o6GpqMtfZtkI0zcQK07fSRN0r+geEeID16XYtOvq0E9xBiay4ayqPzAoA0boZn96KsCtqX5lMNi56b8s7icapJ3WCxIWpoz4S8JQUEmgKp6kGQYwBwIThFVTc0obcq45
K2UoLa+DYXnh/mvccZFq9ncnfGUZvpmkfnwl1prZLDoLeJxMnyxmAhXH2v+gXkVb1/I6bVpSsbQTHBKcfN4XEJgu/UqKCCibfp7jWENCaSFbVA94rg8=
6hX0qFBqHCven8L6TqT15bIvOm9LcD8JIJA2CJKozkUIOYV6dqTR4UWoRQRVmbVMUS9rmgteRkLZCTHL+ffUH5staa4c
iuHuUg4vGYM7PvkyGouUoCZV8RVYz//L+riNoQ698Oc6UemxnyYam94mtZTm/swQW/qwGPk4qjZ0YSY4d9rT7MXrE4Iraq4R
r2h7LH0qLIbg7GkU8JxG6TCxjALs+GwcMYflnWlrKSTmlZJ6/z1DLKD9t4tfWEsg1rf7dFb8a+Ci3BHXdqZXJJnRUdzVtxdaN0ZCUv3BfSt1fzBvXxV1rgA=
bAKm0O+d0Cf1XhEu/sqmNmuer6qy89A2cMTAI8F+SG2cUB4QGmXL/63yyVNfVQqmXuBWK3gl05tbUCcAOn+/xLJEF2BeZHVnsu47BHXZVcwx70ua6x7mwnlJ0cvZN3Sfe21Jrjw=
utv+g3kEClQJxslteUr4tuRanMhpHCkHgzIwLSBZfIMVIA32szIeUCBPFxAVdSPI9aLxk4flcgb2EN6r8JU7e+Mgf8DCr+ekmlQfYFZ0XYdqvkNErSntrFlfwxpjbk5igfmJi+HnrL8TfUGuNA==
FEiA5Q74NoA8ReX8hkAgSi6Xiq5BSr3ziw0mVmKIgussjS8rN4jzYA6Hk5Ru7GPgqswpt56WD+Qhgbl8TUef2r/22rJVkYVrLY8YT6cFfa4I
174ckD9eYF4qlkm+4PpR/1dDZ4HdzP7BafNBZFXQiAtlDMhANSD84A+vaJoJ1Adtz6QLC0m6KXpcKiN9I9vrw+4XgSlrrh4=
+kIDAv5B+xAEnb8obZ73+xd0uPseA+sU0anH76f53E4sTCO15qfpNGsqHlXpWzxoKsCtqX5lMI+q6Yl5rz4as47eFRwWpoz4S8JQUEmgKp6kGQYwBwIThFVTc0obcq45
ZbXck+xWSq7CpZFRyvGiC/ztvMnemuidCirNm5LXyFjCxwV0fncdoc+ckFUhYA8FK/bA35eujslBr/wkcuRdlXZxEGOSrdmlR4qaPxY6pWBecmzUM8ZATGHUalJ8vXaMj5az6O2XoxZzRq41
SlDbzWaVZbsjP3zGk4R0wIPUJjgrN3FhzClrF3SYjBCn5lgWaFOmHSYQxKxJL32u/4SQTRF4b10bLgAHJ/buUfE3fLzCfD3NxqnQu6L1ub13kponJiLFOG6qrAyDniDU0UzqyswlFtQ/TnMw3c/DDkNeri0=
T9U8O/QI/kbqzFvNoEXilfbB8OS3oJBhSSzfobNqYAvfwr7NedO80NpozXGuLXB3moGpYb82Gov+9vVERm5MgPsq8MjZKKomVLFm6NdKU3xlO1NSC3quAQ==
fOQJDhJcrUsakV7agvL0iQAS9KUZaifQtsNt6VymFqq1rwpH4PEGcwHPS2xaXZLU7TpCZDxmx3g4ho3SCpDYM952s+CDOrkJO7w/YK4X
soR+zScajoisYx1qcyMwHFqx+kifPJNZyHKlMnTwpCs591BZNwyE/dZyuDP8LnegWH4dWooYSEs+LgMow/LJ0RuEL2iuHw==
I6opn36baMzXIlYzNaMu4lqx+kifPJNZyHanPHTwpCs591BZNwyE/dZyuDP8LnegWH4dWooYSEs+LgMow/LJ0RuEL2iuHw==
u94hs0Gus4mjcRL0674rDrXuoB8+2+z5QQZgmKwW1wbBZuK5k8ilibUbCSbQOmj3bGwYhbeCdAUVyhauPYHFF3FUpzX53coyU0LQsk9zBmy4gZ3TQz4ODgM2KJU8sn8JPT0lFgQs1L/8i1cIT6fs/HMlZDCFI6hUO5MQn0/quuFnd26NU8hJcAkUMor1scxwG9owODnYqta0QaYYN7rTjIXLk6Lriq7x
O4LCCnqSewsVYpGzH3IwspdW/wLJQ/Agt/t9Y47JX////zl11i4dZHk0Y7VjFLdDjfrtMqBazyUH+8/7wgedIW+uGg==
/lxFSDuBhQZmtFsnE2bKURkJ4Iyu0Q1R1bo2RgQsaw7mO6VHOF5ABjsuv5HF3XksqZqmS0dgP8S2LqJhQIZwkrKimqdSHnO+jKkoYVfeyV1jxDZGA/eGq6CBfbbVlMjSbksbRaaUw5UIMOtHahizheacHNV7Uk4RyqrGARFpZwcRDvnfUJQv3RdEg9txOlEq1Ar7jcsbQ9OWd4mZs67G
Rkt094+uW9xUDh5R0Y9oHR5hpJUnE6jvXt87ajVlP4YeKiey9ikh7+/oJFluRv0NpHTbBTv037MFemWCCPoXVf+7F6v6J7UxZ64S
2VlvbTloW3UoedzYQzSlzTfV4vL36NM2V8nVOpp5U2epHx8aHX/Ntemwg0BOVRSlRuRRb28l1JRBTSVcOzqu3ahyWBdPYmB6teI6BHXZVcwx70ua6x7mwnlJ0cvZN3Sfe21Jrjw=
gG33ycsxCvA4KulLuvSsBPaEJ1eNrSoBhh6IHc/VDwesVF1eWt65kPkuSkoYFZvhkQm2gJ9cU/lIlmdcdNDki7mXkHk3LESdVtL4E/xOt0DY3t06ivgI675OQ8jD0glxm2RvSK4/
3cSqo2RbR8S3lpGv6uptLhd+YCxRRiViWuLBrAkSMvb4qeNdYbXOPF9gK8W4qh9glOycN0kr6MW3kDwhpm6ALxxyz3wo4qUGSkRwV07yO3QjbnFNa1gXdK4D
bPG/sVYLDP4ydDTHFQ6aFCppy9cvmVEZQ08tZlrmybgZBhoS2M3LiTHhBvgfpOOR6H63BDQINKPZv2BBNxS0tTb6KMu8FmeoeLZtwgqAuAMeJhMQA4pZWXtMH3CuBw==
PeuZ48QhX5jyJpj4Gr1u+wNa5PIeq3ADdE8tZlrmybgZBhoS2M3LiTHhBvgfpOOR6H63BDQINKPZv2BBNxS0tTb6KMu8FmeoeLZtwgqAuAMeJhMQA4pZWXtMH3CuBw==
p7x+77A2m5KtotqgzSY/JXM1mRjFp93noeDaZE02kZyGhEg/f/eJC6qevwaHPwDEy7LEWmB9AfUsh/dWcHt+oPQd7CSTlgCcgeRqYpxtNtwvZjOYTUdjRhN2rgU=
gfQZ1kRAWr7qdv1V0dthCqLR23K9ew4luTwEdP/rrsiaW1+LaBFC5Ues75sfj0ymBRGLCAIsQlcUr2LcYBO1eC7J/lI+Tdfa7Pn2SCGzLGAydheoNqqNzT9MCRWKXkuuhInwEf9eoe27pD5Wezde2yghBWb9lOACFuuTNX5Uu4UAUDP3Apgb9T68FMVDEpahQkp+UflpD9epbnFvCFQXzR9k2yvZurmajOrznTNbGyMe13HJm67u
iq1Ds8P+uZrNep2y77JPgB5hpJQnE6jvXt87ajVlP4YeKiey9ikh7+/oJFluRv0NpHTbBTv037MFemWCCPoXVf+7F6v6J7UxZ64S
T72CoVIDyN84BorxcEOnZuxEncJnCGxFyGxsbnM6KpoaaS6zrTIeVmJINFkJcmaLpvK9jYfya3y6A9K8iNIrb+w9foH86qm1kHJePxVlGJhxuF1ErSntrFlfzxhjbk5igfmJi+HnrL8TfUGuNA==
0C2C8HiHYoZYVTl67BF154US8c5aeMP0fABLmmTXXY7IwLyyv0M7v9UJQXPuSiBUxz1ny5XQeTHaELOYvcBm4eCIRQKGDKnSoKgwP2nuRUX8MKOcoGYN4e05wbYwLhWkN2x0j/Yr4SuF38DVcbYIKsBTUM7RClbB0iXFfptZGSys8iHnRN86yUeShxSa9lQDgTFkhOEhktiRQzi4IcEc9MZh2YJM5ZAifCUDKfWjKwajK9JEDenNLHmfaRoDpq3i4blpi4GnjD8zPeGulA==
7ywm3fIziR1AAvoxA/Tw8auxTf7eAPpeqlPJVILLwrG6wFUqi85jpFPJZHmolO9ak1qWuHWRysZI6n7PjQPq6KoZ+thGGyK1v+5g/NmPwj4kDwDshUaDlEZH8Fzo9C65x8n9sN/e9eW1ltgRFtNBLdbeDFfF2T/wboyncACP0MyPm+kLHTxYwlRduK1fMoM5fI6HM3x6Oa0Ill+VeEXjVAqzcwGW589miVIN8npweW+cQi+M6LLFnUrUmIQOgltEo57RfSsIN+Sukw==
NiQjTCJH2zk/cFPgmDooOYUS8c5aeMP0fABLmmTXXY7IwLyyv0M7v9UJQXPuSiBUxz1ny5XQeTHaELOYvcBm4eCIRQKGDKnSoKgwP2nuRUX8MKOcoGYN4e05wbYwLhWkN2x0j/Yr4SuF38DVcbYIKsBTUM7RClbB0iXFfptZGSys8iHnRN86yUeShxSa9lQDgTFkhOEhktiRQzi4IcEc9MZh2YJM5ZAifCUDKfWjKwajK9JEDenNLHmfYxgDpq3i4blpi4GnjD8zPeGulA==
MviNJIlUe7wwl7k49lhPZ6uxTf7eAPpeqlPJVILLwrG6wFUqi85jpFPJZHmolO9ak1qWuHWRysZI6n7PjQPq6KoZ+thGGyK1v+5g/NmPwj4kDwDshUaDlEZH8Fzo9C65x8n9sN/e9eW1ltgRFtNBLdbeDFfF2T/wboyncACP0MyPm+kLHTxYwlRduK1fMoM5fI6HM3x6Oa0Ill+VeEXjVAqzcwGW589miVIN8npweW+cQi+M6LLFlkjUmIQOgltEo57RfSsIN+Sukw==
eAa1wfx/PEirHDYhSpr+5oUS8c5aeMP0fABLmmTXXY7IwLyyv0M7v9UJQXPuSiBUxz1ny5XQeTHaELOYvcBm4eCIRQKGDKnSoKgwP2nuRUX8MKOcoGYN4e05wbYwLhWkN2x0j/Yr4SuF38DVcbYIKsBTUM7RClbB0iXFfptZGSys8iHnRN86yUeShxSa9lQDgTFkhOEhktiRQzi4IcEc9MZh2YJM5ZAifCUDKfWjKwajK9JEDenNLHmfaB8Dpq3i4blpi4GnjD8zPeGulA==
X+x7ZFWaGRN6Qwa2bW5z5auxTf7eAPpeqlPJVILLwrG6wFUqi85jpFPJZHmolO9ak1qWuHWRysZI6n7PjQPq6KoZ+thGGyK1v+5g/NmPwj4kDwDshUaDlEZH8Fzo9C65x8n9sN/e9eW1ltgRFtNBLdbeDFfF2T/wboyncACP0MyPm+kLHTxYwlRduK1fMoM5fI6HM3x6Oa0Ill+VeEXjVAqzcwGW589miVIN8npweW+cQi+M6LLFnU/UmIQOgltEo57RfSsIN+Sukw==
hhzCcZeBz+IwrijjiiOFX4US8c5aeMP0fABLmmTXXY7IwLyyv0M7v9UJQXPuSiBUxz1ny5XQeTHaELOYvcBm4eCIRQKGDKnSoKgwP2nuRUX8MKOcoGYN4e05wbYwLhWkN2x0j/Yr4SuF38DVcbYIKsBTUM7RClbB0iXFfptZGSys8iHnRN86yUeShxSa9lQDgTFkhOEhktiRQzi4IcEc9MZh2YJM5ZAifCUDKfWjKwajK9JEDenNLHmfbRgDpK3i4blpi4GnjD8zPeGulA==
uR141bmdW4msQf23nu5OK6uxTf7eAPpeqlPJVILLwrG6wFUqi85jpFPJZHmolO9ak1qWuHWRysZI6n7PjQPq6KoZ+thGGyK1v+5g/NmPwj4kDwDshUaDlEZH8Fzo9C65x8n9sN/e9eW1ltgRFtNBLdbeDFfF2T/wboyncACP0MyPm+kLHTxYwlRduK1fMoM5fI6HM3x6Oa0Ill+VeEXjVAqzcwGW589miVIN8npweW+cQi+M6LLFmEjUmoQOgltEo57RfSsIN+Sukw==
uR141bmdW4msQf23nu5OK6uxTf7eAPpeqlPJVILLwrG6wFUqi85jpFPJZHmolO9ak1qWuHWRysZI6n7PjQPq6KoZ+thGGyK1v+5g/NmPwj4kDwDshUaDlEZH8Fzo9C65x8n9sN/e9eW1ltgRFtNBLdbeDFfF2T/wboyncACP0MyPm+kLHTxYwlRduK1fMoM5fI6HM3x6Oa0Ill+VeEXjVAqzcwGW589miVIN8npweW+cQi+M6LLFmEjUmoQOgltEo57RfSsIN+Sukw==
uR141bmdW4msQf23nu5OK6uxTf7eAPpeqlPJVILLwrG6wFUqi85jpFPJZHmolO9ak1qWuHWRysZI6n7PjQPq6KoZ+thGGyK1v+5g/NmPwj4kDwDshUaDlEZH8Fzo9C65x8n9sN/e9eW1ltgRFtNBLdbeDFfF2T/wboyncACP0MyPm+kLHTxYwlRduK1fMoM5fI6HM3x6Oa0Ill+VeEXjVAqzcwGW589miVIN8npweW+cQi+M6LLFmEjUmoQOgltEo57RfSsIN+Sukw==
uR141bmdW4msQf23nu5OK6uxTf7eAPpeqlPJVILLwrG6wFUqi85jpFPJZHmolO9ak1qWuHWRysZI6n7PjQPq6KoZ+thGGyK1v+5g/NmPwj4kDwDshUaDlEZH8Fzo9C65x8n9sN/e9eW1ltgRFtNBLdbeDFfF2T/wboyncACP0MyPm+kLHTxYwlRduK1fMoM5fI6HM3x6Oa0Ill+VeEXjVAqzcwGW589miVIN8npweW+cQi+M6LLFmEjUmoQOgltEo57RfSsIN+Sukw==
uR141bmdW4msQf23nu5OK6uxTf7eAPpeqlPJVILLwrG6wFUqi85jpFPJZHmolO9ak1qWuHWRysZI6n7PjQPq6KoZ+thGGyK1v+5g/NmPwj4kDwDshUaDlEZH8Fzo9C65x8n9sN/e9eW1ltgRFtNBLdbeDFfF2T/wboyncACP0MyPm+kLHTxYwlRduK1fMoM5fI6HM3x6Oa0Ill+VeEXjVAqzcwGW589miVIN8npweW+cQi+M6LLFmEjUmoQOgltEo57RfSsIN+Sukw==
uR141bmdW4msQf23nu5OK6uxTf7eAPpeqlPJVILLwrG6wFUqi85jpFPJZHmolO9ak1qWuHWRysZI6n7PjQPq6KoZ+thGGyK1v+5g/NmPwj4kDwDshUaDlEZH8Fzo9C65x8n9sN/e9eW1ltgRFtNBLdbeDFfF2T/wboyncACP0MyPm+kLHTxYwlRduK1fMoM5fI6HM3x6Oa0Ill+VeEXjVAqzcwGW589miVIN8npweW+cQi+M6LLFmEjUmoQOgltEo57RfSsIN+Sukw==
bYcAvn2yjAcu6C2b4RSda5PKjFYSj/dkKjTPYAWU7cd6nhPEHUkd7Mm/+R+TxN2isdl5C7EHvP/j3RGuZA==
yeMh7LglK4VbhDaoFD4eQEXqcONGZCDrvidD1J6Mc+C5LFl3zja/ZLHhSTydZ6PfzxyJcuUxFevd78gPlyVtrhg=
rC1kJ+PK7D/Sr7zXsJzmejCxjALs+GwcMYflnWlrKSTmlZJ6/z1DLKD9t4tfWEsg1rf7dFb8a+Ch3BHXdqZXJJnRUdzVtxheN0xBUv3BfSt1fzBvXxV1rgA=
LHJZWth+XPdkLczkEX5J72uer6uy89A2cMTAI8F+SG2cUB4QGmXL/63yyVNfVQqmXuBWK3gl05tbUCcAOn+/xLJEF2BdZHVnsu47BHXZVcwx70qb6xPlwnlJ0cvZN3Sfe21Jrjw=
hx/pNqFVcBzxyuftiLjeX+RanMlpHCkHgzIwLSBZfIMVIA32szIeUCBPFxAVdSPI9aLxk4flcgb2EN6r8JU7e+Mgf8DCr+ekmlQfYFV0XYdqvkNErSntrFlfyR5jY01igfmJi+HnrL8TfUGuNA==
pJVQJYMPEdAbB5//ZW2mYS6Xiq5BSr3ziw0mVmKIgussjS8rN4jzYA6Hk5Ru7GPgqcwpt56WD+Qhgbl8TUeT3r/72bJVkYVrLY8YT6cFfa4I
X62+itTpXDqr972WpA1d0VdDZ4HdzP7BafNBZFXQiAtlDMhANSD/4A+vaJoJ1Adtz6QLC0e+KXdfKiN9I9vrw+4XgSlrrh4=
I9McB4yjjRkxQnRmFrHPUoUS8c5aeMP0fABLmmTXXY7IwLyyv0M7v9UJQXPuSiBUxz1ny5XQeTHaELOYvcBm4eCIRQKGDKnSoKgwP2nuRUX8MKOcoGYN4e05wbYwLhWkN2x0j/Yr4SuF38DVcbYIKsBTUM7RClbB0iXFfptZGSys8iHnRN86yUeShxSa9lQDgTFkhOEhktiRQzi4IcEc9MZh2YJM5ZAifCUDKfWjKwajK9JEDenNLHmfaRsDoq3i4blpi4GnjD8zPeGulA==
lySc42ixilEgzmX6Zgglg6uxTf7eAPpeqlPJVILLwrG6wFUqi85jpFPJZHmolO9ak1qWuHWRysZI6n7PjQPq6KoZ+thGGyK1v+5g/NmPwj4kDwDshUaDlEZH8Fzo9C65x8n9sN/e9eW1ltgRFtNBLdbeDFfF2T/wboyncACP0MyPm+kLHTxYwlRduK1fMoM5fI6HM3x6Oa0Ill+VeEXjVAqzcwGW589miVIN8npweW+cQi+M6LLFnEvUnIQOgltEo57RfSsIN+Sukw==
RTHToIK9Q1a2+kz4+DQD5tPMwr7RZCW/qswh0HDp+N2fUAMUrGBcFhYuiYTJjZmvdD1GL4PNAG7fmjzFAuPR/4dSRSUs+t62huqkCB0AuaQJcYEchZcLWicqkZKtoe2rxR+Ar291Ra4w
aSUxKL58ugi8s/10XE9Hd4hK/QHUdaMDm7gkc56ATf/1ui1/gCQcaG00Y7VjFLdDgfrtPqNazyUH+8/7wgedIW+uGg==
l/mfj8t8DAntFxP5Wnr23nwS0hp1dOectEMWv/ZG1hJlATAVrCRTEv9f5vkhoWwWJjCzsAjTQqhGg04uKQlNrQrWZoKlUKSFXuqp0dzzqFcpZzUUOu1L/vmISHHJEwp5n+o9TZFYdphHEIiRLIXfB2guRAEqk8n9u4r6QdZj4d1WbuwnBQlf4G6cRyBAf7B8D+tJu13seNJUTZh9H4IjSfw+58M8Ktm9CIY/Rbg1A+SKQ9OxVrfvdolCLaK6wNmfHPLP/ChipYpKxHzUTnI79CPucc1r2Bf0roM=
R/e2c1pud5qT/ZSkxhNGtbn15xYEho2CcQEmjppvfdprJZWbhfY7ijv4H3FKCc2Qv8djrwmZB0+RqhIFB1L06iSV5ow6aI0ugGd+zEXrpN28RTmRCR4y80/8+Y5Ea9EdPouv/CFn+WaSuif2pOsUa4tVuBg4y+LNjT97zDabji0Vbya4ME2t9/uCzjormrjRJO6fnfUx1XL8UNTLFOeHDJc7TKh7adSUvR/o4JO/AFvXNtr1L/seaSs0yYRh+GIOra3spJMWAByBaGrikO42XC/mMxhNx2PGE/auhQ==
Cjjy7/+XqPyeoKKetCqdfK01QUBfLc0twfWRDLgggrvD8kdp2GNlmcCv7hRWZG6MfIjM6T6LYm8CoL+my49B0w19Y4wVOb0S9u57O14oRibMse6Pk7ZwzX15CcruTZa08hdzt/pt1eAL12E6frgQMbwQh95mhm5vnhsrmP4yxr82/hdG8FmkqVMeTZVv9Ir+J9ciM3yRsT4RlAxaolvH3QK05y20AOeP7ti3TWpsYC0fsioJljqKCVXpow/dniXHtPTLpes0D5N5etVu2zpHNe8750vKZ8UR966C
0Mx7by4itNfxbseHo89PNq01QUBfLc0twfWRDLgggrvD8kdp2GNln8Cv7hRQZG6MfIjM6T6LYm8CoL+m55hB2hFzdIwVOb0S9u57O14oRibMse6Pk7ZwzX15CcruTZa08hdzt/pt1eAL12E6frgQMbwQh95mhm5vnhsrmP4yxr82/hdG8FmkqVMeTZVv9Ir+J9ciM3yRsT4RlAxaolvH3QK05y20AOeP7ti3TWpsYC0fsioJljqKCVXpow/dniXHtPTLpes0D5N5etVu2zpHNe8750vKZ8UR966C
W1+TndcCVQHi2qYQWdUuc2Fe0Pfd2rndWb5VPhfKLaodcnVOGIwx7d5lL88G6eA37H8NOy+MLjDjeVA476cQQhe18UYXoMNhm/7Qjl3XeDBQCrqBGIOFrnbBe3kPxuhVgLgEJwWb7HXzDC23R9ZY4MYdyiBxkjBeqCPY223UOOqQ88BOYeomAQJF9X7reclsHFJRZ9S/6gk3spcUitYkw1FR9ASRgSKYQWNIuBGhzDS2gWkC3EXA4kxFEynlQxtGc4tCxL2JPWwpf18a84L9IlEZmQsRR9x/wx3xroQ=
61rzSV+5xuTBCccnjm7niK01QUBfLc0twfWRDLgggrvD8kdp2GNln8Cv7hRQZG6MfIjM6T6LYm8CoL+my49BzRB8aYwVOb0S9u57O14oRibMse6Pk7ZwzX15CcruTZa08hdzt/pt1eAL12E6frgQMbwQh95mhm5vnhsrmP4yxr82/hdG8FmkqVMeTZVv9Ir+J9ciM3yRsT4RlAxaolvH3QK05y20AOeP7ti3TWpsYC0fsioJljqKCVXpow/dniXHtPTLpes0D5N5etVu2zpHNe8750vKZ8UR966C
meN+1IGjLK232qirCxha+2Fe0Pfd2rndWb5VPhfKLaodcnVOGIwx695lL88A6eA37H8NOy+MLjDjeVA4/qESVxOh8UYXoMNhm/7Qjl3XeDBQCrqBGIOFrnbBe3kPxuhVgLgEJwWb7HXzDC23R9ZY4MYdyiBxkjBeqCPY223UOOqQ88BOYeomAQJF9X7reclsHFJRZ9S/6gk3spcUitYkw1FR9ASRgSKYQWNIuBGhzDS2gWkC3EXA4kxFEynlQxtGc4tCxL2JPWwpf18a84L9IlEZmQsRR9x/wx3xroQ=
0NC6Hkn0s1TiXe6KKKsKV3wS0hp1dOectEMWv/ZG1hJlATAVrCRTFO4Hvuk3qjhJITOmmU6wBepR21luLTtKux/LZoKlUKSFXuqp0dzzqFcpZzUUOu1L/vmISHHJEwp5n+o9TZFYdphHEIiRLIXfB2guRAEqk8n9u4r6QdZj4d1WbuwnBQlf4G6cRyBAf7B8D+tJu13seNJUTZh9H4IjSfw+58M8Ktm9CIY/Rbg1A+SKQ9OxVrfvdolCLaK6wNmfHPLP/ChipYpKxHzUTnI79CPucc1r2Bf0roM=
Id3Ym2xHivpg7nSR2lVcN3wS0hp1dOectEMWv/ZG1hJlATAVrCRTFO4Hvuk3qjhJITOmmU6wBepR21luJChAph/JZoKlUKSFXuqp0dzzqFcpZzUUOu1L/vmISHHJEwp5n+o9TZFYdphHEIiRLIXfB2guRAEqk8n9u4r6QdZj4d1WbuwnBQlf4G6cRyBAf7B8D+tJu13seNJUTZh9H4IjSfw+58M8Ktm9CIY/Rbg1A+SKQ9OxVrfvdolCLaK6wNmfHPLP/ChipYpKxHzUTnI79CPucc1r2Bf0roM=
gPDaeEq2ITn1livSJOD6aFadyaPw9d10fuWd2msENer4DMS/akQjmL8iv9Zldd8HpqJ6/wIKhVDWV4ODGnOZpf3JjkrIP5hX4jzd4kgjPjB9n5QxlCEZjREKIv9H+PmyPF8hMVavT6B5sykq2n7nihwfpAcjsRiEoF9yQQW7+3DOL/6B/ctGZOgZ/Tszxo7GE+6IPQyKv4HtJcV+9FTU92zTdyD/H6z0I70E2PXbKJwrS7A3f9J6abdvjuWjsEk4mUwSokUJjHhLQlDQSSwqHqiaBrAHghMEVdNzyhvyrrk=
44ytI5Vndq0kuvD1c8i85oUS8c5aeMP0fABLmmTXXY7IwLyyv0M7v9UJQXPuSiBUxz1ny5XQeTHaELOYvcBm4eCIRQKGDKnSoKgwP2nuRUX8MKOcoGYN4e05wbYwLhWkN2x0j/Yr4SuF38DVcbYIKsBTUM7RClbB0iXFfptZGSys8iHnRN86yUeShxSa9lQDgTFkhOEhktiRQzi4IcEc9MZh2YJM5ZAifCUDKfWjKwajK9JEDenNLHmfbBoDoq3i4blpi4GnjD8zPeGulA==
ztwuXGky+hvhDN70CCpmMYUS8c5aeMP0fABLmmTXXY7IwLyyv0M7v9UJQXPuSiBUxz1ny5XQeTHaELOYvcBm4eCIRQKGDKnSoKgwP2nuRUX8MKOcoGYN4e05wbYwLhWkN2x0j/Yr4SuF38DVcbYIKsBTUM7RClbB0iXFfptZGSys8iHnRN86yUeShxSa9lQDgTFkhOEhktiRQzi4IcEc9MZh2YJM5ZAifCUDKfWjKwajK9JEDenNLHmfbhkDoq3i4blpi4GnjD8zPeGulA==
XOI1vrnZmUdpjTIdstnlWKuxTf7eAPpeqlPJVILLwrG6wFUqi85jpFPJZHmolO9ak1qWuHWRysZI6n7PjQPq6KoZ+thGGyK1v+5g/NmPwj4kDwDshUaDlEZH8Fzo9C65x8n9sN/e9eW1ltgRFtNBLdbeDFfF2T/wboyncACP0MyPm+kLHTxYwlRduK1fMoM5fI6HM3x6Oa0Ill+VeEXjVAqzcwGW589miVIN8npweW+cQi+M6LLFm0nUnIQOgltEo57RfSsIN+Sukw==
RxWlg5e1JEUbIng9n/SwcVqx+kifPJNZyHKlMnTwpCs591BZNwyE/dZyuDP8LnegWH4dVooYRkg+LgMow/LJ0RuEL2iuHw==
fcg6GWg5FUhHk+e6MbqGF397D+KBXUlebzoLTiH8j1AuX3KLBSiO8Gxsf5KYq87ddb+m6NA9bcdbUs7qi6p4ocS+H02VwZVCXADUm7TXx/z368z4mxkUpB3P6DAzj8ArN2ZaJU8LXlmLZMnUwcgi/s19bPRzZsAsIbhqMjLe9izPtrPILTcj9rOmrtU=
hlG2PVO6VgNCcAX7wYvBfzT2+FW7pmre2fVRTaACL1wk9Ctly7Qv0xl6daw7uqf1TzuHC6rn5dEXrmI=
I8GP+32RxpiVEJxZWZaMP4YgOMJxdxrhIlhu8h+NTGC7inBoGUSqRpoS5kiXqlOcJZvT8ssarmE=
hlG2PVO6VgNCcAX7wYvBfzT2+FW7pmre2fVRTaACL1wk9Ctly7Qv0xl6daw7uqf1TzuHC6rn5dEXrmI=
I8GP+32RxpiVEJxZWZaMP4YgOMJxdxrhIlhu8h+NTGC7inBoGUSqRpoS5kiXqlOcJZvT8ssarmE=
NH97VPlr46tTfYaBGI/lF3M1mRjFp93noeDaZE02kZyGhEg/f/eJC6qevwaHPwDAybzEWmB9AfUsh/dWcHt+oPQd7CSTlgCcgehqYpJuNtwvZjOYTUdjRhN2rgU=
5AlA71eNQkh1VkPcA9h0FQNa5PIeq3ADdE8tZlrmybgZBhoS2M3LiTHhBvgfpOOR6Hq1CjQINKPZv2BBNxS0tTb6KMu8FmeoeLZtzgqAtgAeJhMQA4pZWXtMH3CuBw==
gwVVRJ1X5iXM9muVHn3RPCppy9cvmVEZQ08tZlrmybgZBhoS2M3LiTHhBvgfpOOR6Hq1CjQINKPZv2BBNxS0tTb6KMu8FmeoeLZtzgqAtgAeJhMQA4pZWXtMH3CuBw==
yu7zB55kz6sHM8v0Y3H4ARd+YCxRRiViWuLBrAkSMvb4qeNdYbXOPF9gK8W4rh1ulOycN0kr6MW3kDwhpm6ALxxyz3wo4qUKSkR+VE7yO3QjbnFNa1gXdK4D
2XR4R8tmDGl6srzE/D0Dp/aEJ1eNrSoBhh6IHc/VDwesVF1eWt65kPkuSkoYFZvhkQm2gJ9cU/lIkmVSdNDki7mXkHk3LESdVtL4E/xOt0DY3t02ivgG6L5OQ8jD0glxm2RvSK4/
Ap+U3K9v/NLsGOrTn2DGzjfV4vL36NM2V8nVOpp5U2epHx8aHX/Ntemwg0BOVRSlRuRRb28l1JRFTytcOzqu3ahyWBdPYmB6teI6BHXZVcwx70ea6xDlwnlJ0cvZN3Sfe21Jrjw=
iN7w9bSylvP7RG4osXZcdZGv1VJQ6mDNPtr+BtIjp11BJxl4FHHT/NNvrMdaENP0o0ElG3fjJxsljJSqun8LUh3S499baoDKuENIDmm6jqHaVS3+M2kRDPQCWSdczwJpz8JvFHKm3KO5IXxEmdHK+JlzkDjJsRSUHtFhQlT16ML09Ssp3fOjZls7ygS1WZXMcW8HmquQpcI5yZHLmbe0n7vtia78
1rH12aUYKpWhlNyYV3z/Su3Gqw31jDM+uon+BXMQWs7wtWUvJQdpky/bDlCkP+wtk6yVAxsnDAn68zVKXpu4hRL0S6VrNI+T+XpVbFs6xzVvO2dLSmdFEXeuAg==
tMH//TdengqwZGwPVtq9KS/O4PUwNKDVFRghuAix0xWynNv7vPYnCPjWre4KoPbgnobTcAOqGbn77N8Qrmc=
tMH//TdengqwZGwPVtq9KS/O4PUwNKDVFRghuAix0xWynNv7vPYnCPjWre4KoPbgnobTcAOqGbn77N8Qrmc=
