4VWFxA/TekUUkc5qMwYaNsyPsNsEQouveVUnZWsB6jmvUyohOXxXejLLqfzZTZWvFooCNKwL9m5vqhbqJ1lN5MtxgE4hamYBQsW1fqv5iWxc0pFnFD8qCfcyVxRKVuTDkdE0BFEBYpgB4wi4USGMNPYBKQKcxYDiDMVTKSXD20azC4LEfQn9bOn/nxozAD0ikZnZC1HHnH+DnbGuxA==
fzPvNxDgS4xdRqWvYAVCzUvglfGistAqt5+9qMRZGnPgrf7JxP19vbRx3LVChgE+ttKQsj/I7A1mT/kxNoK0i7UFh2yukJ+scFPokG8H0RdtoOCeVAEAMS8uu6Wc0r/vDKYBscgK50kImVsI6q/Lneb79zoJDjXuCuzBc3wel1CYbn0GisimWH5eYxhDAulhW5SPuK7P
ubCmDR96q1gsOuW/Kl5y9dnN8LvYFm3XBpeqlxogxT4QTQ5q35gsbjrTeu1QgwDW4/hOhj0w2g1PNllZBoNcwD0pCH7hiNlwdpTgV/4Q6KqFV+BD1SqDbr0fBVaesmb/Fv73BlDZBGkzHm3Vj3RqvgfXQvMcERF+8ZTsGgLbpx1itMdtVIAHz87Y143K7MBt/7IKSTa66sl16YNPPR6FB5T0q2VLtK/TmXr1rLu6J/XPOwcLKudl0Zeu4g==
TQFBcpOVYHUYnBy5p+dMvsYNp6B5EesPRGIlYSpzpJvRL0zvWD7fMJ3cHnzk6P8OID8+Md0bxpSIib0Lk5aOtvP+SI0sWj9xjbWFTlQE1IeMw7eQ388sBEMtROhViyjsy1twh18C+pnX/87VA+BJSHlc0hJl2QyIK9IQ4Ol8Km5KisYAJ1KT9DVDM/q7oq7J
t0ge0J/V8NekSLOp20TqpWmcSMmRHGDm0bzj65BnnWLY4Itv/Pu5/EInZFcJCzzzUMv/HOWYzoBMfH+CuNuObZUvJniwja03e0LO+qtauBGkLp/ddXHVMnwQ1IuUp4dMF3tMaPup1FQ93+ggE38Am1f22rWvux4pq3TJxOG4Yk4t7exkE9YA3AGoaiISLjacryYzWM2HY4aTtq7F
fyHgZiHANLxcqZKroTf3PGmcSMmRHGDm0bzj65BnnWLY8YNh+vS4rkInZFcJCzzzUMj/HOWYzoBMfH+CuNuObZUvJniwja03e0LO+qtauBGkLp/ddXHVMnwQ1IuUp4dMF3tMaPup1FQ93+ggE38Am1f22rWvux4pq3TJxOG4Yk4t7exkE9YA3AGoaiISLjacryYzWM2HY4aTtq7F
PDcTmGggvXFOxuvT95mabAoo0F+zgwSiyEcAZZhFIGHqacx+ocjoRSl4sDq9mO2ByKcmHBFlpmpQkfyyalOku5GPzE8YHd8Q3Xye3KTI/y5gn76RnTvGtMgpPavTto6Ws17ILWx6P1HNFQXuFCTUp8xjNzCf7ywkA43ESBWrKMyL+/AnHyL6uZdfTnVDwEloOfxSsiX5DKhrcpBAqVwqTgoqRqBncpPUdeOzWvuCruk=
cUP1rgFHnCW4oN/2lhSf11fxbkae5GVbP3V+Su8I9wAZNak+KHgdMJaUwJeekAjqp1eDAzWqI67dH+UWPjIGP/b+18YwWeQpEx4NFS/0yn5n12KzvJFxvtGUzNpiWwddQrSnrfQApw+u2PfNKmygrd+y6olWOkqJlenjj52eZUf09IslqzTPE7l6FewbOoe1Lzsny4pnhZG3rsI=
bYY+f7rKZokiFMHTuScyv47A0DFHYAfNgUFw6tql5cLuV3ce/MRoqLWqPGIKY6SrsX+MH/irX4B9DF4MxPj/PkBv/sF9i0YkaFn9e7OGjoaTroh9jMq/wW1lxT50FNS37JN3YH9frLSj/QSYdZso3KsLsHf/knopNy+OpSPwSXgZDBLixUmMOMsCUJDJbCpeKtoG8IfCE0TVk3OKm7Ku+Q==
bVdYTnZcmLSKXoD6xDZzWJGcussYSoj8Y1c5dXhG9hqvXipOXxI+YDvcsPTme7jIXsZTZ/VP43Jl4hvfI1p46tBzgE4hamYBQsW1fqv5iWxc0pFnFD8qCfcyVxRKVuTDkdE0BFEBYpgB4wi4USGMNPYBKQKcxYDiDMVTKSXD20azC4LEfQn9bOn/nxozAD0ikZnZC1HHnH+DnbGuxA==
nmHW/2LE6rO42ryNfESgq7GpUPLKreX6nn+XxrOG5gJAiZz6muskE0HX7EcoYR/4TeR+FNTw/wYwRx4ZLcOG3NgxXeMjDg4+YwboJVwC/7ldjeUmZBzUj5y7l7gvF2xME5WkAOUTqGRbo9AvL1o6UQfHrr0z+ElAaSTyOpUBTMB7avAIWeSq5tpyZqhXClM85XtTkou6rsE=
h7ns75oxmnIm8gALRi02A31jZBSibTLWKnu825eK1EAeFEgn9vCwGngQ+1PtSgu+1R/tBhZSXu8OPo+2iLkMmZueheWHVLLOvxda4+Sxma7ZlMTKintfDXp0fx2MoA//Jlh/fcKMGN2HchJZDlpimZ3p65+1fr0XjLRT1RNUp6Mx+p2cs5p/BXd7HxtSR+2Bv67K
teGfl2FbPhS1B8Jn6ocLjHg0ezjHZIigRZXCEL7vZxaAzmcSNwsbOP+tZIOh7xQO9BE0UB51be8mztVcxiJGQPOsGHSOy3CoZjYIIA3fe5ItsvPfS4qwikjj+I75Gl7hCnVd/gMJwUyk4smnrK+yqb/ifxRihqxjCUGMxAkxmrhJE6A4uZHE1M5x8cLkVRiCxBU7Kc2Tk6Yrm3qEJfnFDCFP95qbcPUC6akBS+lXBN9LzZmu7A==
xOUBsXNmF7X84haEuNLw48j1kg4F52rXZ9n4GJM2u14AMRhoGTudr5UupdxWQpaAo0wodH7rIGg2lpigvX8LUh3S499baoDKuENIDmm6jqHaVS3+M2kRDPQCWSdczwJpz8JvFHKm3KO5IXxEmdHK+JlzkDjJsRSUHtFhQlT16ML09Ssp3fOjZls7ygS1WZXMcW8HmquQpcI5yZHLmbe0n7vtia78
5/Etrj/W1gqBHknRIOARq5U7oYFr9bWs4lnZ7zATZmglL0STcdASaVZqcatJ+GjOnlS0KSnZcZz1SxXPA94cuQUZYe3AeZTjyAzXsG3mxX/U9mb4n2WZKnm5/kNer0csCeyQ65L0Rup2vmv/wwSsNHqjrBjK7nzBWGfXwtHaJ18fYsxa5Fss7g1C8lFWnSk+t6EdPEi6fQf4V955A0qrFLYuELNludhkvWl2yJW7FPjNeZhkYikFojDttFK4/W+pGftv9ocjLmRRIWm8/ScD2i/YqfKFcbXrPS/oj/dlza64
4p/IDI6iNGCtVg09bOGGBb3qrBc777/jTzsviLZftASSXN6Xot22mbZeTznGeSL3ZHgTpvrbJCMh5yz3SNGZSS1UviS0wP82UHfeqU1zBmy4gZ3TQz4ODgM2KJU8sn8JPT0lFgQs1L/8i1cIT6fs/HMlZDCFI6hUO5MQn0/quuFnd26NU8hJcAkUMor1scxwG9owODnUqta6QqYYN7rTjIXLk6Lriq7x
f1jAudxtuOns8F54gr0OwxMmZT0VNtyj46N/JwcH/9yOs9QgekDuY7rRtp2+ol8tPlUCE0wk45KiF2Rn6Vt8I/C9ee1FyA5QLEx/stgLTj0136YIEF3tZ5tyzspLCvjBBF4fLdUhFeIcINS79HdHHLeLzBhbeZQE3e/oEPMvQEv3hlpFD+ve+ctEyfSBaKIejR1sFLMGQIzhmGoS8n52TA9Ws6ht16NW84au9Q==
jE/LQOX8YMvNvmueFxAJWXZ5gstKj52wNl00j5aV9GtReCxsqfD7cuY0VjYcPCHbkLjaioq2r29nPKD09lvICI5mwuFEL1OyNcLr31N6qKpgkzDOsco2QbLlpX67mbmsDLIB52Sf2kmn0mcUera0g2FxRITBYTJYMYMYuEEBfHSmobmCLCUwotzlIynV44uGA2syRO2pLayZ348aI+ANYkF5SYuhZ+y/U/2BrvQ=
zpLCuYItLsq/0P4k2A3dzvWQwhg/4CFoJInPRR8F42nXxvKl5FJufvZptte2n7qsVxciIxIBODrb+E4xRIXNdZR5zGsJ35G21ppgij/wHEUGx2lpdlqkg5XNNxQuaC/kUFv4yK/fQZ+NaJCmVDlw+c+mK31ciq/nLO6xSUhyV4EokUvQqvdbFYazBwIJNsWmamRRKzzGh1i4ps1+CjAWEF5Wc0CD2nnpu1z/gK73
wsYvUNEhI8iHsyRNpCEQXEla+4io2wpegvRpWzljaBbuEfVKfRMEUhodo/jS1ARf0uC0Eg82JpupOq8mWZ9hnrKimqdSHnO+jKkoYVfeyV1jxDZGA/eGq6CBfbbVlMjSbksbRaaUw5UIMOtHahizheacHNV7Uk4RyqrGARFpZwcRDvnfUJQv3RdEg9t9OlEk1wr7jcsbQ9OWd4mZs67G
znBpdoO9TQFHrGWPXNvS6z3w7QE6kpih6f+bZbo8qJKic/HLwfSmBQQxJfEEnQQYKiSZ0gZeCD6/RHSB1qNhnVYubGcFSd+gblzH4EC/MLwPK8n7Xaz4klQNGD0fwqOJ/P5nAzzqWX0Ixr8FuHWDpIoDU3FWd2+2iYKtYroAWd8csk+8KCIlykoE/hROsrs0Iy7xjWuYl7Suww==
aIY7elv+JlwINofN24Bkoov4PkYG/UgbFHQOUURlDRUUmQwNCvBRFlY6oKo/0NzlhmepSXY6ZGMVrff0LghvBNA7uCiv/wE/DcjQhlQZMFlPBmtdXGrvh6wO8SlIkpfhqHGLsKrXm7UGE8ciCRYFBurEkQs8pke4OMYNngpQVvDeNjOgg/o5STv8v6Cu1w==
GAvRLDu4fz7nEuALGKGoqn+k7p1g2o6g6/zA9NabaIgupufia++zMlUCC98zOkgqANMQzpGKlsESpYV+W9nZLOxyYeeEX3rJBxJHFFp2FAPBsaSEoaHS2FHD+LhhQdz0BuGZggxlUCI8pUMpNSPrBuOrEkTNaY0sOR+vGkMg7eIhOamLwSdMP/O9oa7U
BRi5DYtRt/gESUOKBsYE2on4PlcE60wbFHQOUURlDRUUmQwPCvBRFlY6oKo/0NzlhmepSXY6ZGMVrff0LghvBNA7uCiv/wE/DcjQhlQZMFlPBmtdXGrvh6wO8SlIkpfhqHGLsKrXm7UGE8ciCRYFBurEkQs8pke4OMYNngpQVvDeNjOgg/o5STv8v6Cu1w==
yjjwwqGxbPMZoB+YL9X+SH+k6It8x46g6/zA9NabaIgupuHia++zMlUCC98zOkgqANMQzpGKlsESpYV+W9nZLOxyYeeEX3rJBxJHFFp2FAPBsaSEoaHS2FHD+LhhQdz0BuGZggxlUCI8pUMpNSPrBuOrEkTNaY0sOR+vGkMg7eIhOamLwSdMP/O9oa7U
YqDEmaAHE1TWc3ZelnI7qH+k6Z1uwo6g6/zA9NabaIgupuDia++zMlUCC98zOkgqANMQzpGKlsESpYV+W9nZLOxyYeeEX3rJBxJHFFp2FAPBsaSEoaHS2FHD+LhhQdz0BuGZggxlUCI8pUMpNSPrBuOrEkTNaY0sOR+vGkMg7eIhOamLwSdMP/O9oa7U
HwYCst6Pdc32woxVsoEgpRYDqJuixQ1blL0nXyVlLhDuH6UZaxsfQRsagfjS1ARf0uC0EgUwKJupOq8mWZ9hnrKimqdSHnO+jKkoYVfeyV1jxDZGA/eGq6CBfbbVlMjSbksbRaaUw5UIMOtHahizheacHNV7Uk4RyqrGARFpZwcRDvnfUJQv3RdEg9t8OlEk1wr7jcsbQ9OWd4mZs67G
3ZQd26DULguQQ1D59Bqx0IGg4L/kOxEse6T+qqR/ZRUHP+Tq0mfuDl9jWXk67um1greNzJlsHhCGlNB3rtC4ChvQHONl6vOOrR8VNm7y1l9mfmemgJnUSQMeHTXfNLrel1fyE2zRIV7hlPw6MhvX/dI0Vw2EwFcvvtjnrRqsEM1vMnrphvoaqWXpk69N3jWnZHQ7xRt0//OoegXMa3p3FV+7t2vap1Xxh67y
EWnsYSR7PNqq2m6q+B0gyqLR23K9ew4luTwEdP/rrsiaW1+LaBFC5Ues75sfj0ymBRGLCAIsQlcUr2LcYBO1eC7J/lI+Tdfa7Pn2SCGzLGAydheoNqqNzT9MCRWKXkuuhInwEf9eoe27pD5Wezde2yghBWb9lOACFuuTNX5Uu4UAUDP3Apgb9T68FMVDEpahQkp+UflpD9epbnFvCFQXzR9k2yvUurmUj+rznTNbGyMe13HJm67u
EWnsYSR7PNqq2m6q+B0gyqLR23K9ew4luTwEdP/rrsiaW1+LaBFC5Ues75sfj0ymBRGLCAIsQlcUr2LcYBO1eC7J/lI+Tdfa7Pn2SCGzLGAydheoNqqNzT9MCRWKXkuuhInwEf9eoe27pD5Wezde2yghBWb9lOACFuuTNX5Uu4UAUDP3Apgb9T68FMVDEpahQkp+UflpD9epbnFvCFQXzR9k2yvUurmUj+rznTNbGyMe13HJm67u
yN+ydK2DDLwwYWYpEiwuysnrjlfFBl7792JI8SbD2xw6Tk7XWvC45r9Z5zPlygQyBbXk2dAsG4PyJgx68QoK7Whx52armT+iT7qLX9zEuOhJRXjTGnywCvRu8gDCnT6DkkazkpvQvsrnQmOaAVZBZI4qKYXjXAVtTj7PNki5zBnbnsVlx1RyTn8XGmOksdkuGZQESsp7H406dL+dTKBPf2ZYP/0CjNhdx3JS2U5aohld6asf9X59l0y0k1VTVOcj/fpdHHOaP4U3e9+bkkctAf+uig==
r3BCBdQXA9cANqQbGv8JDpRibbqW5pcmPSWuDAgiASxXcNj/0npH5yczJNnvieFbMyvra5l3MMMe55fCkVpnX9/iDFok2+zuzcIyUZYd6T53Id08iDq9BzjXHnnDymsUdq7Qs6U5GGR96bbIVTvU+A35WGSiqcWi8G10Unh9r6lZey/2x6NuZBGhKby9p0/ab1jp8sXx9et9r6iPt+WNrvg=
SxPQE6XwKcNfFF3c1iP8Ltg7T3IHhMgdeLPYvKzojmGDYYjyn4DVhb1EY0wrfOUiJ9qw9YtJMUaWyoC6P8D8FUY3yfn2ysQzVZ0X5C4YDzQQ6xhYL0/h70248JZUCRApD9aL7dwaT1dsPpE5SIJ30eghK0AqZ/vlxuPnMgkGJfYqlPG7vFbn6Hj27YIKQDbAHuaT0ANK2Zl7jJ+wrsc=
Nns/cecqEa9NFmHy7ANaU9/4242Yog+Y1FQMv6lj2N23iAxpRuYQl1yK33QIqlWWydwOnG76Kwzj1uHFC5AnbK4b
qqb++meOxO1+tWyxxYG0Y7XuoB8+2+z5QQZgmKwW1wbBZuK5k8ilibUbCSbQOmj3bGwYhbeCdAUVyhauPYHFF3FUpzX53coyU0LQsk9zBmy4gZ3TQz4ODgM2KJU8sn8JPT0lFgQs1L/8i1cIT6fs/HMlZDCFI6hUO5MQn0/quuFnd26NU8hJcAkUMor1scxwG9owODnQqda6QqYYN7rTjIXLk6Lriq7x
IaZlDyuY8ocVV7q4GhkrvoowLMF+pFjDtYbKxLai1adZl+ddizMkHpL8pdkNWx9U+7kohBk4FxQUKaJMj1JsaEv6krw6P2P6d20eVEnMaqJPKZ/taxaauucstej+H5zPg4M3iwqVu+I6AqK3Ot7bDlTJIDHvXrGNa+TuNuu3rrvYYfUGDZQQYuarY1WO1Cvl0BDjlxKYC9Xu/MRl05ImAfIKTnHJaT/3ma7Bz7jUh21PpIsLwbmpdN8qo32j22vDbhcBKeuung==
tkh8XSWFR5C7r5Ctgyo2/0+LCpSGL8qzuFD2OTvhaMudj8hz630mIVB9owBPy9zkYy+ImAz6STgiv4lyLYTPb6uVsbrDk0aq5gKd1sfdamgul3Y1+3e1Lo4aFZYxTas9E7Dqo4gXyRDR2HiWDL1ORv5OnJpUO7xufeIiEWZ9OT6ngW38mNrNh2j3LjlTqpsUhs5A85UZSOQNCaYI5ZsE+N2ZqCSyiXUioI0Ekujdn6lp27+2N8O+5KGBOXzNRxfZP/hZstWRBWutj5hPJwX9rog=
5aMwpRjNfbxrOdIg4B6zBjtw2o4+j0c+T2tse0nJ079WDRcfztbqu3rjCvpQwveN5HmQOXo4NPzQpm1IWlOurDHtO9e8FmeoeLZtygmAtgAeJhMQA4pZWXtMH3CuBw==
14piFWAClcvisJwVg/D0Hnd3eqplXSNlZgvpKkNrTm62yn12aX1jvd/APwIgx7HQSWhQ9vQthka23uR6fIskLoWyirE+jXG+77G1nHCK9UfwB0YZ6zpTFE5e+NP96dAkNVlOaD2rTHiVafCEGtmNYjg9LHKQTdepoUtH1h9zJiTZUZHcFTffWffIAVK9QT0rNf9wb5+Vta7A
C7o0wtAOVGmgQzUdg+gSxcyAp8ABV5qSeVUnZWgH6jmvUypOUhJRBlW1p/2bCMOyTJ8VMO0Q/GZopQLGMlZ46tBzgE4hamYBQsW1fqv5iWxc0pFnFD8qCfcyVxRKVuTDkdE0BFEBYpgB4wi4USGMNPYBKQKcxYDiDMVTKSXD20azC4LEfQn9bOn/mxkzAD0ikZnZC1HHnH+DnbGuxA==
IaZlDyuY8ocVV7q4GhkrvoowLMF+pFjDtYbKxLai1adZl+ddizMkHpL8pdkNWx9U+7kohBk4FxQUKaJMj1JsaEv6krw6P2P6d20eVEnMaqJPKZ/taxaauucstej+H5zPg4M3iwqVu+I6AqK3Ot7bDlTJIDHvXrGNa+TuNuu3rrvYYfUGDZQQYuarY1WO1Cvl0BDjlxKYC9Xu/MRl05ImAfIKTnHJaT/3ma7Bz7jUh21PpIsLwbmpdN8qo32j22vDbhcBKeuung==
jE7j7USZLtBP7r2SicLr03PZcpjICSn826Dl6YVpvTLVpcYrqNqKwCswbSp6cEbhCYqoBLqH2o0LZWaTtNuObZUvJniwja03e0LO+qtauBGkLp/ddXHVMnwQ1IuUp4dMF3tMaPup1FQ93+ggE38Am1f22rWvux4pq3TJxOG4Yk4t7exkE9YA3AGsaSISLjacryYzWM2HY4aTtq7F
9QftsJZI6Hn/WIQLNMdFSKLR1Xq5JQsipGtQe7CSj+Cgc2ykWzhC5EvtoJxanFWxGBCLAQ1lQlMYkS23YB64FjPO5yEtXdHc8bquW3+gZ3Q+ThqxKIaYwgpCEheKXkuuhInwEf9eoe27pD5Wezde2yghBWb9lOACFuuTNX5Uu4UAUDP3Apgb9T68FMVDEpahQkp+UflpD9epbnFvCFQXzR9k2yvRubmUj+rznTNbGyMe13HJm67u
f4+mpETtUy0Nh4TCnB7PRBs5itVqN2DPYuwcLuwW3x7FRFshHWVSc8jR/Rfwngi2w47XAV1d4bwB+h67DyD3FO4OSlE4hoii2oJC9xreu840SYDxz15RzYtkTvbLt857eOFVRu2U8CJGK8OV7tQLJXCQA9fymCsVTnykpbOSBkESiq4x6WkfN/kuoQ+Y1GctryQrS+G5ybS/qgM9g9uLg86XoemLrv4=
6pQuDR1l5dt7abBBlNWmSZ/ynh8Z8mrAatDvAMknslJBJR9lUHfS2Ycj4o4aQvnmzSU/fQOYWxIkz93wpSAURhCV+sZKZoDKuENIDmm6jqHaVS3+M2kRDPQCWSdczwJpz8JvFHKm3KO5IXxEmdHK+JlzkDjJsRSUHtFhQlT16ML09Ssp3fOjZls7ygS1WZXMcW8CmauQpcI5yZHLmbe0n7vtia78
N6xQZZnle6NJ9FZ5QRWs9zK9lwGjm2wUM4vIy2dSbC/30ZJ3/xVDYP26/tdUWklmhLfsaE/LL/r3yxPNYqFGJJnRUdzVtx5ZN0hBUv3BfSt1fzBvXxV1rgA=
JRbhkQhS1o78uAmxC6e/q5wFinpShUtEvq4hDSOE/4nRUkElUpK3nMVBh6C58gJnOILtBiBPQPjTQ6t6c0OPXc7Z4sQ9ib1sqX/aGXOAfSLRGRkLkUdcf0Mdca4E
lUJG/KByAscCGhmcxgJaDCkFhbdm5hhiED4MWyvL4NAOT3mBjHjJ3trEDWZhzSvPnMIvDOgyxR9JVJ4EDgJbxKMe0f0riDdkrhM=
IrLzN5u+uM7KtsOGM65NkG0BtJ40Ub3REcBvPnR/Po4LNmaj5mAl7/26JW95Reg1pHTbBTv037MMeWWMC/oXVf+7F6v6J7UxZ64S
9YnVA/gaLiyG/CkUraIvGz+QnaMxScTIzlp2GW+ly+B1ymZ3PIrxJlyHhIh32yf6/9srrYqRHuQhgbl8TUeW2b/42bJVkYVrLY8YT6cFfa4I
CPxv0yAIOqd/PnBTr9RWvefG5+nHo+laDCvOwP9uew6FwaXKX5ywjIgtg2GsHj5tjYe0YrUAGpbp8OlHR2FMgPsq8MjZIakmWrJm6NdKU3xlO1NSC3quAQ==
3Fq5pTa1mD/4Q2ybtu+w+iibhr4OO7T4nAkkGWely+B1ymZ3PIrxJlyHhIh32yf6/9srrYqRHuQhgbl8TUeW2b/42bJVkYVrLY8YT6cFfa4I
E42MQtfFT70RCe5hbA8yvCgFhbdm5hhiED4MWyvL4NAOT3mBjHjJ3trEDWZhzSvPnMIvDOgyxR9JVJ4EDgJbxKMe0f0riDdkrhM=
uqEy3AXjUCHj2rNBZcoIUTRiu7JcP2ffvNdCplD6RO/7vwh0rusRdRzMQVpaQIXS8TlDazxmx3g4ho3bCZDWMN52s+CDOrkJO7w/YK4X
g9HG7QrtXQRU9JAqCtX4T/rp1ndknc/ZF1wM9aOZZOUeWHDAUJnzvQR6nsH1EyQePYSaGnGEWdsvxazsQ/6gdBFl6eoChpa0/65zUJ0vQ64Dfq4N
Ijrvcy8mZs84kBBbHP9B16OXtxIoY7u0xmgumdi9zU+pQJeuzN9WXkN2rtPOQD0f5bo9H2FlwMXstBNV01RnI3T53Rzzmr+Ft3tfmxJHrQF/rgo=
EhKfDCkeMflUa4j9WvWH4XJiZXNczpCxeHUn/9mVMCoQf7Q+0GI0R1vX2MzuE0Fd/KRxQlpYtboREROTfN4XEJgu/UOJCCaYfp7jWENCaSFbVA94rg8=
lxNbcabxh3OpFkKOrrv1Kkv8zkVifYOuvGNfA8wLevqQpvwzi2OwKE53qelsUPnG2tw9ToGl+/fcOn+kSFo1h8nM7uyuqou8YyaBFUugB3yuCw==
mVuEu392OjATU7THaGiSQxzci6VrPVDm6GHxGVUAK3a4D+I2r9YCO1rwqWd5OqHn9dVUrUAUf71nBJN7yDmhxMfKS62bmzOzBje5OWOuFg==
ge5QN+RU9tZW+k6s0MP+kkn2zEdmYoOuvGNfA8wLevqQpvwzi2OwKE53qelsUPnG2tw9ToGl+/fcOn+kSFo1h8nM7uyuqou8YyaBFUugB3yuCw==
kkV/G7CFP9Fd0iH3+cETtk7U+8pGIRmHkD1VousEMAQYVSPJ3Mb+JV2/1IqFGBqe+QjJb7c5DEirkhCgabkprsrKxkCnkpM0tQMzujtirgk=
8OMGzf+uvpq2YSShITr75LScrBQRMbvdlXQqldSw1kypQJeuzN9WXkN2rtPOQD0f5bo9H2FlwMXstBNV01RnI3T53Rzzmr+Ft3tfmxJHrQF/rgo=
mrIm2jrU4tlznvdxX5/YYUv8zFluXPP9oGdTD8EQefqQpvwzi2OwKE53qelsUPnG2tw9ToGl+/fcOn+kSFo1h8nM7uyuqou8YyaBFUugB3yuCw==
e1k9CAqXPUBzDsZfAe4NDTYRmJhwJQbFE3P3oImS0qdIYl2GsO8QOOMju3pjo78dHnlyRI3pTSz5n+oZg6At4mG56YsBpww/sz1hrhQ=
1KXTfqCOtGi5XcMem/tB4Fo9xoBOwQRiED4MWyvL4NAOT3mBjHjJ3trEDWZhzSvPnMIvDOgyxR9JVJ4EDgJbxKMe0f0riDdkrhM=
6IXlAxFgjU1B1Z3IioaFSXJiZXNczpC6ZXU/0IqeLjotILY+0GI0R1vX2MzuE0Fd/KRxQlpYtboREROTfN4XEJgu/UOJCCaYfp7jWENCaSFbVA94rg8=
p75q6tMfZan/ifs/PGPucyqRhrsAJbT4nA0yFWery+B1ymZ3PIrxJlyHhIh32yf6/9srrYqRHuQhgbl8TUeW2b/42bJVkYVrLY8YT6cFfa4I
2J8OqqNHm8/+BFcjHBTZBnJiZXNczpChdlZr3IuQKTsNbLs+0GI0R1vX2MzuE0Fd/KRxQlpYtboREROTfN4XEJgu/UOJCCaYfp7jWENCaSFbVA94rg8=
werklGUBfA7mhJ48CZlGLXBoZ3FY0ZChdlZr3IuQKTsNbLs+0GI0R1vX2MzuE0Fd/KRxQlpYtboREROTfN4XEJgu/UOJCCaYfp7jWENCaSFbVA94rg8=
8MDMLNGjTHtIhs7UZaOXzq6n+k8U3/7cF0ob4r2VdfYXWHDAUJnzvQR6nsH1EyQePYSaGnGEWdsvxazsQ/6gdBFl6eoChpa0/65zUJ0vQ64Dfq4N
dtDp/5uMswmGjo3ng6NeV0Rh+7EickLJG333oImS0qdIYl2GsO8QOOMju3pjo78dHnlyRI3pTSz5n+oZg6At4mG56YsBpww/sz1hrhQ=
koGrZSXsrsfo3lVb85T94nrJmFVmYoO4q3RBD90Yc/qQpvwzi2OwKE53qelsUPnG2tw9ToGl+/fcOn+kSFo1h8nM7uyuqou8YyaBFUugB3yuCw==
z5/FSapYeY0rhSKldcHRrh+pNjuri4xSZjKLpadDWVP00RmN7YBT5hBvOobnFkprotCBl2E6uZfd9Sx9iFS3DT/kO+swuRlUr2qT3VNbe2M+V1EJe64O
vc12Dee9JVhzfBc56EDijQXVloIqCAK1umH5GVUAK3a4D+I2r9YCO1rwqWd5OqHn9dVUrUAUf71nBJN7yDmhxMfKS62bmzOzBje5OWOuFg==
gMzXyiE77TgGVcjR1TmkYx7WjIAqCAK1umH5GVUAK3a4D+I2r9YCO1rwqWd5OqHn9dVUrUAUf71nBJN7yDmhxMfKS62bmzOzBje5OWOuFg==
ylV/npx3I+1K+JCKLxcSzigfg7d6/hliED4MWyvL4NAOT3mBjHjJ3trEDWZhzSvPnMIvDOgyxR9JVJ4EDgJbxKMe0f0riDdkrhM=
VKJ+R9X5ZVVBTN9UKD0bwSsFhbdm5hhiED4MWyvL4NAOT3mBjHjJ3trEDWZhzSvPnMIvDOgyxR9JVJ4EDgJbxKMe0f0riDdkrhM=
VGOaIX17yO6vJNHQ082FHw+ewy7QctQXm2e4PG6j4S089FFSWkiV6tFhsyP8LnegWH4dU4kYRkg+LgMow/LJ0RuEL2iuHw==
zMBsIOMtxj0jGEbNCZCJIikfg7V99BhiED4MWyvL4NAOT3mBjHjJ3trEDWZhzSvPnMIvDOgyxR9JVJ4EDgJbxKMe0f0riDdkrhM=
W+Pv8yWunV1RzcT6CPLoNTcSx7QSeUdfpsDwWOABk2W0Il6ZxctEBg2cmgJBnDkDH51stPMmwOyh/Wlysh72bE/2swit9yO2M2auFQ==
N4Q2nBGWdXBLyTx9CTuGNDYSx7QSeUdfpsDwWOABk2W0Il6ZxctEBg2cmgJBnDkDH51stPMmwOyh/Wlysh72bE/2swit9yO2M2auFQ==
/zGZeqnMpL9hNCk064hdOTUSx7QSeUdfpsDwWOABk2W0Il6ZxctEBg2cmgJBnDkDH51stPMmwOyh/Wlysh72bE/2swit9yO2M2auFQ==
XyETMTEZQly8PoFhc5nsMysfg7d6/hliED4MWyvL4NAOT3mBjHjJ3trEDWZhzSvPnMIvDOgyxR9JVJ4EDgJbxKMe0f0riDdkrhM=
SekalOByFU03yn/3E3B2/CoFhbdm5hhiED4MWyvL4NAOT3mBjHjJ3trEDWZhzSvPnMIvDOgyxR9JVJ4EDgJbxKMe0f0riDdkrhM=
Dv4b3ofSCS1zDK6IwWg4AQ6ewy7QctQXm2e4PG6j4S089FFSWkiV6tFhsyP8LnegWH4dU4kYRkg+LgMow/LJ0RuEL2iuHw==
crUsXMvzj1OB/4TWC2gylTQSx7QSeUdfpsDwWOABk2W0Il6ZxctEBg2cmgJBnDkDH51stPMmwOyh/Wlysh72bE/2swit9yO2M2auFQ==
QBMc76AJaFqhiiZ9klieCTMSx7QSeUdfpsDwWOABk2W0Il6ZxctEBg2cmgJBnDkDH51stPMmwOyh/Wlysh72bE/2swit9yO2M2auFQ==
NnX+Qa3p+umFLdsVPZuA9TISx7QSeUdfpsDwWOABk2W0Il6ZxctEBg2cmgJBnDkDH51stPMmwOyh/Wlysh72bE/2swit9yO2M2auFQ==
yTCTwNqnkOGkaU/pXgzAbCgfg7V99BhiED4MWyvL4NAOT3mBjHjJ3trEDWZhzSvPnMIvDOgyxR9JVJ4EDgJbxKMe0f0riDdkrhM=
4xzqoMfhQ0tpzDoDlTZMF50FinpShUtEvq4hDSOE/4nRUkElUpK3nMVBh6C58gJnOILtBiBPQPjTQ6t6c0OPXc7Z4sQ9ib1sqX/aGXOAfSLRGRkLkUdcf0Mdca4E
2fE5c4vHmpj3o795gbmIBFMf55a13gpSlqdzUSVlagPgMaVHOF5ABjsuv5HF3XksqZqmS0dgP8S2LqJhQIZwkrKimqdSHnO+jKkoYVfeyV1jxDZGA/eGq6CBfbbVlMjSbksbRaaUw5UIMOtHahizheacHNV7Uk4RyqrGARFpZwcRDvnfUJQv3RdEg9t4OVEk1wr7jcsbQ9OWd4mZs67G
SunWGoyDSs0CVy/Fva94hZoiLP3C85A9OTiuSE0tG2VUf97JmzsGrn56BdaB7fs9R1CXYpg3eZABuIjWnB1+Rs7uDFok2+zuzcIyUZYd6T53Id08iDq9BzjXHnnDymsUdq7Qs6U5GGR96bbIVTvU+A35WGSiqcWi8G10Unh9r6lZey/2x6NuZBGhKby9p0bZb1jp8sXx9et9r6iPt+WNrvg=
r3HyMg+FsOqyOzdeadCLCTEf6a2D2F+aDWanrqs/88SrmOXR9VFdCqWdBpPYYmp4W4jtkgrIpll5Mmg8yr86tXtdZqvE425V5RfmwMA1TY8L+k5C2+JYqdSWX+UFSTUKDCjUs+SfZ3RnQ4zQixE07E1naJhjx+AjJ04ajd+D/hHbTMn8kYCCdl3VLNxjbuBkcRXpmmKW1iTfnvNgvb+DvuOOrv0=
4UnAHiWBooStIC9Yt4vPMIJAtL98Wnw057ShKevKr5rl1/lbRRSxjzbl5JhCFn9qjbTm4t5njQA46hblcnu/H6ZtiKm2i7FFFna8j6Uhb1juJHcI4NdgZM9zmdO9hIiqVDVoFf/q89E8JjdrnALpBYg+D20YnVP8ytuDWTZfn46Jul1K2iiJB1zqn1SISpU3yXxO/O7a6+zjdqGli7DnjK77
7pa0cDCSsUJG8czrxO9Fo5PKjFYSj/dkKjTPYAaU7cd6nhPEHUkd7Mm/+hmTwN2isdl5C7EHvP/j3RGuZA==
yNkOcg15PGsRsz+33wRtNs0P9AfaS+ww8rtsc4mcVMixoHhokz8EYm00Y7VjFLdDhPntPKNazyUH+8/7wgedIW+uGg==
ay3pf0dPm49SfFhQA5tQuTdYmbocCRNhhsC8BadIz262IBjLxdxYHzrYgFdWniMXGIxstPMmwOyh/Wlysh72bE/2swit9yO2M2auFQ==
TtPYuZRL/2EydvsudfV/HLLEdwX+735a3V3PTamHX0zwBF0JD5z+we57C00YQY7mn176iNZLU/5HjHpeKNGhmqCNpjZAPUKIS9X0EvxOt0DY3t0zifgG6L5OQ8jD0glxm2RvSK4/
wXVeHYjjsSIbw/mICzL9JzSJna8VHPzyzgc4Wy3AjeYsjS8rN4jzYA6Hk5Ru7GPgqswpt56WD+Qhgbl8TUeW2b/42bJVkYVrLY8YT6cFfa4I
25bYdgQ72nvl6kGxUsTF0kXqcONGZCD2vidD1J6Mc+C6LFl3zja/ZLHhSTydZ6bZzxiJcuUxFevd78gPlyVtrhg=
3kd/KiHI1HOUONp5pemfn80P9AfaS+ww8qZsc4mcVMixoHhokz8EYm00Y7VjFLdDhPntPKNazyUH+8/7wgedIW+uGg==
7pa0cDCSsUJG8czrxO9Fo5PKjFYSj/dkKjTPYAaU7cd6nhPEHUkd7Mm/+hmTwN2isdl5C7EHvP/j3RGuZA==
9tJ4fBLg2aYoOwjONHzDsEXqcONGZCDrvidD1J6Mc+C6LFl3zja/ZLHhSTydZ6bZzxiJcuUxFevd78gPlyVtrhg=
Vbl+oZJhmPrrGk8FFDLrou/u1mkU0fD/Rw8Z4KKVJ+c2WDydF9CvtgZ42JP1BDgHCsCAT2aGQ88o1KzsQ/6gdBFl6eoChpa0/65zUJ0vQ64Dfq4N
tNwsuipVLT4NG2Iimt5sl9JmFysAiC/JPiMmFu2/E3rLuFi2xgpFDwCQ6JSVyURxfCMGQKZW4kQRxQ/24W2l9Uh9OXYQAT66wLHaBPs5bL6c4m+saJKF/0k0XqSOopvko/4Rnatod0SuMw==
GCyAABBphY6YCzN9xGc56BbSBEIq86QtedGjrZHuC8mDlpq6XG9uPPD0qLzPOvME/0GczTHVAPvWsEwzaRz0CNGgmCgzv2SiTTSD9QOUFwNk+c38w9pvZSf7rztih31hT646
YZT0cmJun7G26GzggJjD4hbSBEIq86QtedGjrZHuC8mDlpq3XG9uPPD0qLzPOvME/0GczTHVAPvWsEwzaRz0CNGgmCgzv2SiTTSD9QOUFwNk+c38w9pvZSf7rztih31hT646
dkHZhgWA0pd6+arWh5Nc/b2rs4iRH+StlfF/R/BTEhUJnOnHqTFqOSnq9vjGznLMkU2fbgHV1b2ItQkOMBkussC5yhzbQVx2XKofFIgKFXfJvM487hprLOO2IWWLcGdMrjs=
Pf/Ot/0KL7taJ/U4fWtkv3Me0b5aCk5ohobxQ6MM2WOxJxjLxdxYHzrYgFdWniMXGIxstPMmwOyh/Wlysh72bE/2swit9yO2M2auFQ==
aaUtJiwmxl8G1w5nSmyz+/rk0GlG2Oy9TkEG67qUa/IrWDydF9CvtgZ42JP1BDgHCsCAT2aGQ88o1KzsQ/6gdBFl6eoChpa0/65zUJ0vQ64Dfq4N
K5g/YPZVJIIqdMKFArG/0E47ZTteZGN9XLzQrkpWcLzgs+lbP6THNwt3K8K3sAJiyO3ZJlAx3orAgTo0u2mMLhxyz3wo4qUPSUR+VE7yO3QjbnFNa1gXdK4D
rf0OU5G4surPCNcbxzDLd43xLh1zjp+2fVJZ2KT/YjunzUo7aEXjW+swl4CqH28E4mTnYC5EpSfiDquExTnljAEPUpn7MJWCiemhS0mXJF+rDXmuDA==
Q8XLiN8nBA3Q3+TXktaVXL8sbYRKE96MjSTVlL/H2a4joV+um8zSYKc1Q7f4Ebqhe2MVFg0WLjIdkrnYxL/CuweNajuIBYPbC/C3gIrfz4SCpAdgTgRFp0JOi4TleYUM4c8ymdvwNQIpKUFLKdfE3wtNWa4s
Bu5z3ANfq8LlX7RL0pV/K2W7KYBbspYa4oUpNqvZuxZpEg+Wk4iOG1AzpdkgG4IRoZNZVD0QIJudrICwLSDkkMcPEAqhlO9d10RDW7g5kaQXCjsNCxuDU1Z3SRlzrgY=
KJ7l6tTIusUDEVYO+PtL3S6Xiq5BSr34gAc+C2uFjvssjS8rN4jzYA6Hk5Ru7GPgqswpt56WD+Qhgbl8TUeW2b/42bJVkYVrLY8YT6cFfa4I
aaUtJiwmxl8G1w5nSmyz+/rk0GlG2Oy9TkEG67qUa/IrWDydF9CvtgZ42JP1BDgHCsCAT2aGQ88o1KzsQ/6gdBFl6eoChpa0/65zUJ0vQ64Dfq4N
C1DmQfttXc3gEmWRaJRgxbOI5uW65td8RDnKrPwicAGdzafOe9mr1c9k32quHHg/jZCoe4JEAMP+8vNTQHBMgPsq8MjZIakmWrJm6NdKU3xlO1NSC3quAQ==
ctj+OqQW5Zrht/dTD2G07LWfv7a38dxxQTzBrPwiZwvfwLnEf8y61c9k32quHHg/jZCoe4JEAMP+8vNTQHBMgPsq8MjZIakmWrJm6NdKU3xlO1NSC3quAQ==
uQN1DyQ4qs01iM+HfPYvyLCI5uW65td8RDnKrPwiZwvfwLnEf8y61c9k32quHHg/jZCoe4JEAMP+8vNTQHBMgPsq8MjZIakmWrJm6NdKU3xlO1NSC3quAQ==
ENErvg2pHPD0338lPnDiMbqfv7a38dxxQTzBrPwiZwvfwLnEf8y61c9k32quHHg/jZCoe4JEAMP+8vNTQHBMgPsq8MjZIakmWrJm6NdKU3xlO1NSC3quAQ==
GqYOEZoyUd1bpV3lW1/VgLufv7a38dxxQTzBrPwiZwvfwLnEf8y61c9k32quHHg/jZCoe4JEAMP+8vNTQHBMgPsq8MjZIakmWrJm6NdKU3xlO1NSC3quAQ==
U5Y0FcBkXbvD2G++DKTueS6Xiq5BSr3vikUzFWGBm+osjS8rN4jzYA6Hk5Ru7GPgqswpt56WD+Qhgbl8TUeW2b/42bJVkYVrLY8YT6cFfa4I
XRKLldKF7QzqEqyqs1jAjFdDZ4HdzP7BafNBZFXQiAtlDMhANSD84A+vaJoJ1Adtz6QLC0C5KXRfKiN9I9vrw+4XgSlrrh4=
uKuBDL8p0apimLC9JiwCy0v99GfZaJtUgWywfT7r5zo89WcWQB6Y7stprDP8LnegWH4dU4kYRkg+LgMow/LJ0RuEL2iuHw==
j8JelKxacptkPAQyoj8vm5PKjFYIifd4MjXPYAWO68dmhhLEHUkd7Mm/+hmTwN2isdl5C7EHvP/j3RGuZA==
wsmEfSzGuXMJh2mexbAw1EXqcONGZCDrpCFDyIaNc+C5Nl930i6+ZLHhSTydZ6bZzxiJcuUxFevd78gPlyVtrhg=
UDkV2rlZWQimwn1vQ4D72qqqiDAE3PmwUkgH4rjRc/k2WDydF9CvtgZ42InzBCQfC8CATHyAQ9Mw1azsQ/6gdBFl6eoChpa0/65zUJ0vQ64Dfq4N
DXXQsi5P/4J8Kd6hamhKPwePRxRnqPM8Mof18ZHoHNKGkYvuQXRofbW4qfuCcuZA/0beyXXDDfzRsFY1aQDsCdGgmzI1v3i6TDSD9QOUFwNk+c38w9pvZSf7rztih31hT646
Apxq6gk5GJa3KFNNTRnDXRbcWhBovbJ5NIr16pHoHNKGkYvuQXRofbW4qfuCcuZA/0beyXXDDfzRsFY1aQDsCdGgmzI1v3i6TDSD9QOUFwNk+c38w9pvZSf7rztih31hT646
Cegty6GNPWunor5lKJkY2EjY98EPcGDCxXNWsYpCNl1fHH/C3sS4bVuo1IuzXADI9AzTZ6gpDEirkhCgabkprsrKxkCnkpM0tQMzujtirgk=
esxbac17utFcvIFGIaYrHFdDZ4HdzP7BafNBZFXQkg1lENBBNSD/+gmvdIII1Adtz6QLC0C5KXRfKiN9I9vrw+4XgSlrrh4=
nrIRWZf5QhnYeyzSfVwqApPKjFYSj/dkKjTPYAWU7cd6nhPEHUkd7Mm/+hmTwN2isdl5C7EHvP/j3RGuZA==
95F6Lcly26gFUAa7x/I6xUXqcONGZCDrvidD1J6Mc+C5LFl3zja/ZLHhSTydZ6bZzxiJcuUxFevd78gPlyVtrhg=
qXT9yOjQXUuJ0eUlNa/KmFVxl9FjJkLfFFj37NTVm/tDYF/A4u8HJPoU/2A1tL0HCn5jRI3pTSz5n+oZg6At4mG56YsBpww/sz1hrhQ=
q+ECItzHsuaiyOgSaUZaILLEdwX+735a3V3PTamHX0zwA10JD5z+we57C00YQY7mn176iNZLU/5HjHpeKNGhmqCNpjZAPkKIS9X0EvxOt0DY3t0zifgG6L5OQ8jD0glxm2RvSK4/
x456j5RXbZE6YMJTyFOHwTSJna8VHPzyzgc4Wy3AjeYsjS8rN4jzYA6Hk5Ru7GPgqcwpt56WD+Qhgbl8TUeW2b/42bJVkYVrLY8YT6cFfa4I
rMEKrMljuq335y6pV/6Itx2lLSPilbMddHO35qpVGFT5g1vsq4YKoVkzMYTlUBhrtcyYoCUg74Df7zh6mVS3DT/kO+swuRlUr2qT3VNbe2M+V1EJe64O
5mKSBjOe5oWlx1TLG1vB99JmFysAiC/JPiMmFu2/E3rLv1i2xgpFDwCQ6JSVyURxfCMGQKZW4kQRxQ/24W2l9Uh9OXYQAT66wLLaBPs5bL6c4m+saJKF/0k0XqSOopvko/4Rnatod0SuMw==
UqS9tJshaiXnGyHDIYkcgxbSBEUq86QtedGjrZHuC8mDlpq3XG9uPPD0qLzPOvME/0GczTHVAPvWsEwzaRz0CNGgmygzv2SiTTSD9QOUFwNk+c38w9pvZSf7rztih31hT646
lQvcPelINu88ml/5WVASWL2rs4+RH+StlfF/R/BTEhUJnOnHqTFqOSnq9vjGznLMkU2fbgHV1b2ItQkOMBkussC6yhzbQVx2XKofFIgKFXfJvM487hprLOO2IWWLcGdMrjs=
FdlerTChUDIRvVLS+OIM/3Me0b5aCk5ohobxQ6MM2WOxJxjLxdxYHzrYgFRWniMXGIxstPMmwOyh/Wlysh72bE/2swit9yO2M2auFQ==
8Dg32wElRXv15+Ic8LGbk/rk0GlG2Oy9TkEG67qUa/IrWDydF9CvtgZ42JP1BDgHCsCATGaGQ88o1KzsQ/6gdBFl6eoChpa0/65zUJ0vQ64Dfq4N
RSvYoFgEDoSQwHLTfaOvVnX4hhqjoTwcf5brhmk6ZTj415Zr8zUGe6T9t4tfWEsg1rf7dFb8a+Ch3BHXdqZXJJnRUdzVtx5ZN0hBUv3BfSt1fzBvXxV1rgA=
M50UaR/KehHfcPEBsy1zNI3xLh1zjp+2fVJZ2KT/YjunzUo7aEXjW+swl4CqH28E4mTnYC1EpSfiDquExTnljAEPUpn7MJWCiemhS0mXJF+rDXmuDA==
IEB83vX8+xYj2CnqBe4R0b8sbYRKE96MjSTVlL/A2a4joV+um8zSYKc1Q7f4Ebqhe2MVFg0WLjIdkrnYxL/CuweNajuIBYPbC/C3gIrfz4SCpAdgTQRFp0JOi4TleYUM4c8ymdvwNQIpKUFLKdfE3wtNWa4s
ovjYTPtICWKmPPjuEDXYn2W7KYBbspYa4oUpNqvZuxZpEg+Wk4iOG1AzpdkgG4IRoZNZVD0QIJudrICwLSDnkMcPEAqhlO9d10RDW7g5kaQXCjsNCxuDU1Z3SRlzrgY=
FOjHLp1dflI9eUZFqXTl+S6Xiq5BSr34gAc+C2uFjvssjS8rN4jzYA6Hk5Ru7GPgqcwpt56WD+Qhgbl8TUeW2b/42bJVkYVrLY8YT6cFfa4I
8Dg32wElRXv15+Ic8LGbk/rk0GlG2Oy9TkEG67qUa/IrWDydF9CvtgZ42JP1BDgHCsCATGaGQ88o1KzsQ/6gdBFl6eoChpa0/65zUJ0vQ64Dfq4N
gp6bHLysbxLg9PP7rriTy7OI5uW65td8RDnKrPwicAGdzafOe9mr1c9k32quHHg/jZCoe4JEAMD+8vNTQHBMgPsq8MjZIakmWrJm6NdKU3xlO1NSC3quAQ==
JXFTQA2YSj+hTV70PgXNhLqQsLm38dxxQTzBrPwiZwvfwLnEf8y61c9k32quHHg/jZCoe4JEAMD+8vNTQHBMgPsq8MjZIakmWrJm6NdKU3xlO1NSC3quAQ==
mD4+NMeIaHCPxwElIaM157CI5uW65td8RDnKrPwiZwvfwLnEf8y61c9k32quHHg/jZCoe4JEAMD+8vNTQHBMgPsq8MjZIakmWrJm6NdKU3xlO1NSC3quAQ==
hlVChBbFNBLSYRCkzbhRHLuQsLm38dxxQTzBrPwiZwvfwLnEf8y61c9k32quHHg/jZCoe4JEAMD+8vNTQHBMgPsq8MjZIakmWrJm6NdKU3xlO1NSC3quAQ==
0ZEor/l6XjAII6XuJWmXRrGI5uW65td8RDnKrPwiZwvfwLnEf8y61c9k32quHHg/jZCoe4JEAMD+8vNTQHBMgPsq8MjZIakmWrJm6NdKU3xlO1NSC3quAQ==
Tb4bJZ7bGow9gerjyc/q5rKQsLm38dxxQTzBrPwiZwvfwLnEf8y61c9k32quHHg/jZCoe4JEAMD+8vNTQHBMgPsq8MjZIakmWrJm6NdKU3xlO1NSC3quAQ==
6URlbmlv1LN5WoKIB6yyrC6Xiq5BSr3vikUzFWGBm+osjS8rN4jzYA6Hk5Ru7GPgqcwpt56WD+Qhgbl8TUeW2b/42bJVkYVrLY8YT6cFfa4I
OIBKXpNxbhxV0+/Q52VCSVdDZ4HdzP7BafNBZFXQiAtlDMhANSD/4A+vaJoJ1Adtz6QLC0C5KXRfKiN9I9vrw+4XgSlrrh4=
1OIoRbTwYsoNYEccF4IivJPKjFYIifd4MjXPYASO68dmhhLEHUkd7Mm/+hmTwN2isdl5C7EHvP/j3RGuZA==
9JdQqJP8TI9vL6p50sAQQUXqcONGZCDrpCFDyIaNc+C4Nl930i6+ZLHhSTydZ6bZzxiJcuUxFevd78gPlyVtrhg=
KwmO8qUba9dhoCrD3c9Q/qqqiDAE3PmwUkgH4rjRc/k2WDydF9CvtgZ42InzBCQfC8CATXyAQ9Mw1azsQ/6gdBFl6eoChpa0/65zUJ0vQ64Dfq4N
su7x7iTPbhr1IxEOzII49//25tjcRvL536wrVqRRFEVRyqyOsC0jbnDgsbWO2zbMlg+bKhfY0rqIrw8OLAEvssC70BrbXUR3XKofFIgKFXfJvM487hprLOO2IWWLcGdMrjs=
fRB1l05hshF9Hr0xY2XZub2l7drTUfL52KopAPBXCVpJwayOsC0jbnDgsbWO2zbMlg+bKhfY0rqIrw8OLAEvssC70BrbXUR3XKofFIgKFXfJvM487hprLOO2IWWLcGdMrjs=
JrX8Pbqkcp83sFHEr4qd5RbcWhBovbJ5NIr16pHoHNKGkYvuQXRofbW4qfuCcuZA/0beyXXDDfzRsFY1aQDsCdGgmjI1v3i6TDSD9QOUFwNk+c38w9pvZSf7rztih31hT646
eOvBlmUp9O+oat2Fv8RqYXqKm7MESbeoiw84GnzEjeYsjS8rN4jzYBSBk4h27WPgqNYvt4KODuQhgbl8TUeW2b/42bJVkYVrLY8YT6cFfa4I
/tcRQjIxvZIGUcOC9/M3A1dDZ4HdzP7BafNBZFXQkg1lENBBNSD++gmvdIII1Adtz6QLC0C5KXRfKiN9I9vrw+4XgSlrrh4=
7pa0cDCSsUJG8czrxO9Fo5PKjFYSj/dkKjTPYAaU7cd6nhPEHUkd7Mm/+hmTwN2isdl5C7EHvP/j3RGuZA==
9tJ4fBLg2aYoOwjONHzDsEXqcONGZCDrvidD1J6Mc+C6LFl3zja/ZLHhSTydZ6bZzxiJcuUxFevd78gPlyVtrhg=
2Ne2NeUGQ8Mr4e9naRnK8kcdqO4JLH2Xq8tqphynA6antAp26LkRYgDVdh5AFZLQ6y1Eejxmx3g4ho3bCZDWMN52s+CDOrkJO7w/YK4X
TV1obzjs8vYZ1mpwFz/xf7LEdwX+735a3V3PTamHX0zwA10JD5z+we57C00YQY7mn176iNZLU/5HjHpeKNGhmqCNpjZAPUKIS9X0EvxOt0DY3t0zifgG6L5OQ8jD0glxm2RvSK4/
wXVeHYjjsSIbw/mICzL9JzSJna8VHPzyzgc4Wy3AjeYsjS8rN4jzYA6Hk5Ru7GPgqswpt56WD+Qhgbl8TUeW2b/42bJVkYVrLY8YT6cFfa4I
wrQ6jaoiSZtTP/2+QRVI4wE00JIiLwyLWRixptDVm/tDYF/A4u8HJPoU/2A2tL0HCn5jRI3pTSz5n+oZg6At4mG56YsBpww/sz1hrhQ=
b2g9WxoaahkLk9rZsXp4HjA3IzUPvdW3dmhr0pqeMjxfLtp41jtzDgfc2s6oQUFK4L1GBkANorgLBRSCfN4XEJgu/UOJCCaYfp7jWENCaSFbVA94rg8=
aboxNTvBdH94hUGsd5PXC20EnqYvsmIkFmdLEnfA4tJIHXmWkGH+msCRGmR72SzenMIvDOgyxR9JVJ4EDgJbxKMe0f0riDdkrhM=
vhEcuI4k/k5Xysu5evLMewUoysxwJRbeFUP37NTVm/tDYF/A4u8HJPoU/2A2tL0HCn5jRI3pTSz5n+oZg6At4mG56YsBpww/sz1hrhQ=
m0OILmE3J9Gc6ccbgtQyYAUoysFwJRbeFUP37NTVm/tDYF/A4u8HJPoU/2A2tL0HCn5jRI3pTSz5n+oZg6At4mG56YsBpww/sz1hrhQ=
0EuF8O2dwywR0vDLG7G6Z/TZthURMJmYkDF/1c620HjmXc7phYNdXEEw/NPZXCQooaBoCGN/1ML9tBNV01RnI3T53Rzzmr+Ft3tfmxJHrQF/rgo=
6JGBU0DyZKXv6hWEjt2TAzmqghmhvD9UPZr/iml2ImG1kYx+4iwMfaT9t4tfWEsg1rf7dFb8a+Ci3BHXdqZXJJnRUdzVtx5ZN0hBUv3BfSt1fzBvXxV1rgA=
DVmOv3UfCpTTDZoMhSQt0341mpR1xwh7Di06OBn+0rRAFh4fmZqHlXrhFvlNs+OW52SqBmgJcbLApVYOQAWyoCv9JMq8FmeoeLZtywmAtgAeJhMQA4pZWXtMH3CuBw==
msVoInT6gbHSzaKLab6TRwNb46QZaifFutF26U2jA6antAp26LkRYgDVdh5AFZLQ6y1Eejxmx3g4ho3bCZDWMN52s+CDOrkJO7w/YK4X
o4O/ZsvgKHezRL3WeWQPVnUSzKtaRQZmi8C8BadIz262IBjLxdxYHzrYgFdWniMXGIxstPMmwOyh/Wlysh72bE/2swit9yO2M2auFQ==
nrIRWZf5QhnYeyzSfVwqApPKjFYSj/dkKjTPYAWU7cd6nhPEHUkd7Mm/+hmTwN2isdl5C7EHvP/j3RGuZA==
95F6Lcly26gFUAa7x/I6xUXqcONGZCDrvidD1J6Mc+C5LFl3zja/ZLHhSTydZ6bZzxiJcuUxFevd78gPlyVtrhg=
sME7y3EDX89ak71CtB6ReEcdqO4JLH2Xq8tqphynA6antAp26LkRYgDVdh5AFpLQ6y1Eejxmx3g4ho3bCZDWMN52s+CDOrkJO7w/YK4X
yzbhTIlD/0qqR/9wbbEHl7LEdwX+735a3V3PTamHX0zwBF0JD5z+we57C00YQY7mn176iNZLU/5HjHpeKNGhmqCNpjZAPkKIS9X0EvxOt0DY3t0zifgG6L5OQ8jD0glxm2RvSK4/
x456j5RXbZE6YMJTyFOHwTSJna8VHPzyzgc4Wy3AjeYsjS8rN4jzYA6Hk5Ru7GPgqcwpt56WD+Qhgbl8TUeW2b/42bJVkYVrLY8YT6cFfa4I
bcmEsvo2ZoA6+By1WA57vm0EnqYvsmIkFmdLEnfA4tJIHXmWkGH+msCSGmR72SzenMIvDOgyxR9JVJ4EDgJbxKMe0f0riDdkrhM=
3YV2nO2/xkKCxCzRz39DRwUoysFwJRbeFUP37NTVm/tDYF/A4u8HJPoU/2A1tL0HCn5jRI3pTSz5n+oZg6At4mG56YsBpww/sz1hrhQ=
VR3/9YL1/E7xDUWeBqDiz/TZthURMJmYkDF/1c620HjmXc7phYNdXEEw/NPZXCQooaBrCGN/1ML9tBNV01RnI3T53Rzzmr+Ft3tfmxJHrQF/rgo=
Hkmp1HkAufUkCmCaX6fcthnS37pkUVP9umbkIBodcjHxU+k0rZBQO03ssFA9IPfw989AqlEUf71nBJN7yDmhxMfKS62bmzOzBje5OWOuFg==
ouDBeD5bKPFOTHRqPievSH81mpR1xwh7Di06OBn+0rRAFh4fmZqHlXrhFvlNs+OW52SqBmgJcbLApVYOQAayoCv9JMq8FmeoeLZtywmAtgAeJhMQA4pZWXtMH3CuBw==
6+Yn4NTfO5/5Q6gxkPMiIH81mpN1xwh7Di06OBn+0rRAFh4fmZqHlXrhFvlNs+OW52SqBmgJcbLApVYOQAayoCv9JMq8FmeoeLZtywmAtgAeJhMQA4pZWXtMH3CuBw==
LAdawSABiFP8kzNGr73PggAS9KUZaifFutF26U2jA6antAp26LkRYgDVdh5AFpLQ6y1Eejxmx3g4ho3bCZDWMN52s+CDOrkJO7w/YK4X
S6xq8kV9xsXqbiJm55e/WWkSieUITBN6gLK/FrJE3XW2ERDUwc1vUEazmghFkjsOHpJstPMmwOyh/Wlysh72bE/2swit9yO2M2auFQ==
Hxzn2EwPRusQTp16aZDY7EiR6cpAMGmE0HhDtsh2f0pKEG3Z3vWwaFm5/9zONxqU/QbLYrY2DEirkhCgabkprsrKxkCnkpM0tQMzujtirgk=
hGUUf2Zbu+zLVH81EY/DNpxP2zwUhXxEpK8hWXXP8ZLDT0cCWpK3n99+9e/3oEcpKIDeSG1LRtOFCIR6eUeBX8PY7cQ9ib1sqX/aGXOAfSLRGRkLkUdcf0Mdca4E
TrlbdfMJHNbDsSNl93oAXb4yaINYSZnWzyrRj73UxrgloV+klMzcIe1hEbf9UOetODJJHxcbOTJb3//CgqLPvxeOXW+fEI/JEPCGiJXb3rPN2Gx6ERdJv1tIlYTleYUM4c8ymdvwNQIpKUFLKdfE3wtNWa4s
kPxl11oLpBTi9RGXpIpi874yaINYSZnWzyrRj73UxrglpV+klMzcIe1hEbf9UOetODJJHxcbOTJb3//CgqLPvxeOXW+fEI/JEPCGiJXb3rPN2Gx6ERdJv1tIlYTleYUM4c8ymdvwNQIpKUFLKdfE3wtNWa4s
5XD7Ygpt3kkCoCcVxiUPoglquOlKR6MCkq/GuaSi30JxBiay4ayqPzAoA0boZn96KsCtqX5lMNi56b8s7icapJ3WCxIWpoz4S8JQUEmpKZ6qGgYwBwIThFVTc0obcq45
NPVh8pMN2qr6OKsP85Bao3WAsaikvccnZcKBOI9/S2fIElkfBzvJ8uu/j0ISQh//R+5tb28w34lAUBYIJXuu8/04fHoBd3l/q+glBHXZVcwx70KZ6xDlwnlJ0cvZN3Sfe21Jrjw=
ruWRNASvhy3D4Vf5OLhc7jSxmxHs6mUfO8Ptgi93IyK+yptv4zYxL7Pou5lEWHooybPqQxmAAPr9zx3Pb6BJJJnRUdzVtx5ZN0hBUv3BfSt1fzBvXxV1rgA=
zPK2c4czcqbyUGeAd/QKxMi4Mll935myOx8fwuLibz+3zn1vf1DvSfAwpoi1G34zrRiMenFXqT/7CLWExTnljAEPUpn7MJWCiemhS0mXJF+rDXmuDA==
AI2BxlLgPljhHZNVaNRwoGY/mU3Ysczg4P2ZNA0y1p6JiEpjaPzTCqCivwaSNB3F1oGQRCF9L6Bmo5oYZWJ7vv4C7CSTlgCcge1pYpJuNtwvZjOYTUdjRhN2rgU=
4DmFHZsUQ84V7aQE0ntRdb6l7dTWVKD5zeNlX6JGD0BW2/WArjhtIjqtpL6b3HT43xiOJgXD0ouAqg0fB1ZS2drm2RDDWFpoXKofFIgKFXfJvM487hprLOO2IWWLcGdMrjs=
HepNlbJJF9130GisBPtQbjp6is813x1jUnp3fFbnjbxeBBUe2pHcgmvgDMQfpPaa9X+qN2AWdaP36iplWlqhrDPkItS8FmeoeLZtywmAtgAeJhMQA4pZWXtMH3CuBw==
m7qk1QwGGFSbawMGQuN2suRanMlpHCkHgzIwLToGeJwLdBz99GNWVmVVDRYUKyHSs++3gsryZ1/vHuXv54A3afggTsjdq/aT1Sh0eglnUZ9zuF1ErSntrFlfyhljYE1igfmJi+HnrL8TfUGuNA==
iXcTAQhWZNyyTfsrJOxYuORanMtpHCkHgzIwLToGeJwLdBz99GNWVmVVDRYUKyHSs++3gsryZ1/vHuXv54A3afggTsjdq/aT1Sh0eglnUZ9zuF1ErSntrFlfyhljYE1igfmJi+HnrL8TfUGuNA==
UvhUgzYHtOVA17pjg7Q3ldgJkXYEwyYWtbU9FiTL8ZLDT0cCWpK3n99+9e/3oEcpKIDeSG1LRtOFCIR6eUeBX8PY7cQ9ib1sqX/aGXOAfSLRGRkLkUdcf0Mdca4E
7pa0cDCSsUJG8czrxO9Fo5PKjFYSj/dkKjTPYAaU7cd6nhPEHUkd7Mm/+hmTwN2isdl5C7EHvP/j3RGuZA==
9tJ4fBLg2aYoOwjONHzDsEXqcONGZCDrvidD1J6Mc+C6LFl3zja/ZLHhSTydZ6bZzxiJcuUxFevd78gPlyVtrhg=
9Mi8xHuz26eTXVi//GKVkEcdqe4JLH2Xq8tqphynA6antAp26LkRYgDVdh5AFZLQ6y1Eejxmx3g4ho3bCZDWMN52s+CDOrkJO7w/YK4X
TtPYuZRL/2EydvsudfV/HLLEdwX+735a3V3PTamHX0zwBF0JD5z+we57C00YQY7mn176iNZLU/5HjHpeKNGhmqCNpjZAPUKIS9X0EvxOt0DY3t0zifgG6L5OQ8jD0glxm2RvSK4/
Nemm3sY0hHlNMFXl2lW8j7LEdwX+735a3V3PTamHX0zwAV0JD5z+we57C00YQY7mn176iNZLU/5HjHpeKNGhmqCNpjZAPUKIS9X0EvxOt0DY3t0zifgG6L5OQ8jD0glxm2RvSK4/
wXVeHYjjsSIbw/mICzL9JzSJna8VHPzyzgc4Wy3AjeYsjS8rN4jzYA6Hk5Ru7GPgqswpt56WD+Qhgbl8TUeW2b/42bJVkYVrLY8YT6cFfa4I
aboxNTvBdH94hUGsd5PXC20EnqYvsmIkFmdLEnfA4tJIHXmWkGH+msCRGmR72SzenMIvDOgyxR9JVJ4EDgJbxKMe0f0riDdkrhM=
vhEcuI4k/k5Xysu5evLMewUoysxwJRbeFUP37NTVm/tDYF/A4u8HJPoU/2A2tL0HCn5jRI3pTSz5n+oZg6At4mG56YsBpww/sz1hrhQ=
m0OILmE3J9Gc6ccbgtQyYAUoysFwJRbeFUP37NTVm/tDYF/A4u8HJPoU/2A2tL0HCn5jRI3pTSz5n+oZg6At4mG56YsBpww/sz1hrhQ=
0EuF8O2dwywR0vDLG7G6Z/TZthURMJmYkDF/1c620HjmXc7phYNdXEEw/NPZXCQooaBoCGN/1ML9tBNV01RnI3T53Rzzmr+Ft3tfmxJHrQF/rgo=
Ug9UpQ0HkLuKf+men6EqExnS37pkUVP9umbkIBodcjHxU+k0rZBQO03ssFA9IPTw989AqlEUf71nBJN7yDmhxMfKS62bmzOzBje5OWOuFg==
LbT1BSxKv84KV/X4EgqigX41mpN1xwh7Di06OBn+0rRAFh4fmZqHlXrhFvlNs+OW52SqBmgJcbLApVYOQAWyoCv9JMq8FmeoeLZtywmAtgAeJhMQA4pZWXtMH3CuBw==
VDZyuOmwEuYXD9Z6w/X7AH41mpF1xwh7Di06OBn+0rRAFh4fmZqHlXrhFvlNs+OW52SqBmgJcbLApVYOQAWyoCv9JMq8FmeoeLZtywmAtgAeJhMQA4pZWXtMH3CuBw==
o5m/D8BcoV5/WI/8MCyxPgAS9KUZaifFutF26U2jA6antAp26LkRYgDVdh5AFZLQ6y1Eejxmx3g4ho3bCZDWMN52s+CDOrkJO7w/YK4X
rP6VexPep+4M3iaZwM45bFSmdOxHYiD2vidD1J6Mc+C6LFl3zja/ZLHhSTydZ6bZzxiJcuUxFevd78gPlyVtrhg=
+kGs0V8cbTVYy90rvhGWIBkg1ohvMgffWlSluprblPNCbBzL4u8HJPoU/2A2tL0HCn5jRI3pTSz5n+oZg6At4mG56YsBpww/sz1hrhQ=
m0OILmE3J9Gc6ccbgtQyYAUoysFwJRbeFUP37NTVm/tDYF/A4u8HJPoU/2A2tL0HCn5jRI3pTSz5n+oZg6At4mG56YsBpww/sz1hrhQ=
UnZdusp5LnboQibPeAm0on81mpZ1xwh7Di06OBn+0rRAFh4fmZqHlXrhFvlNs+OW52SqBmgJcbLApVYOQAWyoCv9JMq8FmeoeLZtywmAtgAeJhMQA4pZWXtMH3CuBw==
+IMXf8Ak8RgYRVR5hIUgo381mpV1xwh7Di06OBn+0rRAFh4fmZqHlXrhFvlNs+OW52SqBmgJcbLApVYOQAWyoCv9JMq8FmeoeLZtywmAtgAeJhMQA4pZWXtMH3CuBw==
qvxEUT+LHp+tLbUk+75M6VSmdOxHYiD2vidD1J6Mc+C5LFl3zja/ZLHhSTydZ6bZzxiJcuUxFevd78gPlyVtrhg=
t5z0aq3NklNVFNU0hTb2ARkg1ohvMgffWlSluprblPNCbBzL4u8HJPoU/2A1tL0HCn5jRI3pTSz5n+oZg6At4mG56YsBpww/sz1hrhQ=
8apiKHG7EIGszFq5rydhP7KHu66n79h6Xiz8rLpoaAmAwKPFfpz80c9k32quHHg/jZCoe4JEAMD+8vNTQHBMgPsq8MjZIakmWrJm6NdKU3xlO1NSC3quAQ==
6TnjZYHckGmwHjb7J5JWOUpkJH2bwH6ZnVKJ9N5L+0LcEGz0/42on8fIwPmzRhFpKjBUnN2TX/R3xlY53aNVTClwFGNR/NwY2aCTOBvfXHKVdPtF23S/c+x5RUyrereVn7v365qnFXFHrjI=
bcmEsvo2ZoA6+By1WA57vm0EnqYvsmIkFmdLEnfA4tJIHXmWkGH+msCSGmR72SzenMIvDOgyxR9JVJ4EDgJbxKMe0f0riDdkrhM=
8apiKHG7EIGszFq5rydhP7KHu66n79h6Xiz8rLpoaAmAwKPFfpz80c9k32quHHg/jZCoe4JEAMD+8vNTQHBMgPsq8MjZIakmWrJm6NdKU3xlO1NSC3quAQ==
6TnjZYHckGmwHjb7J5JWOUpkJH2bwH6ZnVKJ9N5L+0LcEGz0/42on8fIwPmzRhFpKjBUnN2TX/R3xlY53aNVTClwFGNR/NwY2aCTOBvfXHKVdPtF23S/c+x5RUyrereVn7v365qnFXFHrjI=
rP6VexPep+4M3iaZwM45bFSmdOxHYiD2vidD1J6Mc+C6LFl3zja/ZLHhSTydZ6bZzxiJcuUxFevd78gPlyVtrhg=
+kGs0V8cbTVYy90rvhGWIBkg1ohvMgffWlSluprblPNCbBzL4u8HJPoU/2A2tL0HCn5jRI3pTSz5n+oZg6At4mG56YsBpww/sz1hrhQ=
bTwQI1v/dr5AnRWRthQUorKHu66n79h6Xiz8rLpoaAmAwKPFfpz80c9k32quHHg/jZCoe4JEAMP+8vNTQHBMgPsq8MjZIakmWrJm6NdKU3xlO1NSC3quAQ==
HNTICKDPlReg4irRwsGsu0pkJH2bwH6ZnVKJ9N5L+ULcEGz0/42on8fIwPmzRhFpKjBUnN2TX/R3xlY53aNVTClwFGNR/NwY2aCQOBvfXHKVdPtF23S/c+x5RUyrereVn7v365qnFXFHrjI=
HNTICKDPlReg4irRwsGsu0pkJH2bwH6ZnVKJ9N5L+ULcEGz0/42on8fIwPmzRhFpKjBUnN2TX/R3xlY53aNVTClwFGNR/NwY2aCQOBvfXHKVdPtF23S/c+x5RUyrereVn7v365qnFXFHrjI=
bcmEsvo2ZoA6+By1WA57vm0EnqYvsmIkFmdLEnfA4tJIHXmWkGH+msCSGmR72SzenMIvDOgyxR9JVJ4EDgJbxKMe0f0riDdkrhM=
3YV2nO2/xkKCxCzRz39DRwUoysFwJRbeFUP37NTVm/tDYF/A4u8HJPoU/2A1tL0HCn5jRI3pTSz5n+oZg6At4mG56YsBpww/sz1hrhQ=
gEJnGhD3Bol7dYYyTTIHKX81mZN1xwh7Di06OBn+0rRAFh4fmZqHlXrhFvlNs+OW52SqBmgJcbLApVYOQAayoCv9JMq8FmeoeLZtywmAtgAeJhMQA4pZWXtMH3CuBw==
H+xIRNBNyIQ9dCZKIml8sBEv3cEhaRDODkS4vdDVm/tDYF/A4u8HJPoU/2A1tL0HCn5jRI3pTSz5n+oZg6At4mG56YsBpww/sz1hrhQ=
t5z0aq3NklNVFNU0hTb2ARkg1ohvMgffWlSluprblPNCbBzL4u8HJPoU/2A1tL0HCn5jRI3pTSz5n+oZg6At4mG56YsBpww/sz1hrhQ=
3YV2nO2/xkKCxCzRz39DRwUoysFwJRbeFUP37NTVm/tDYF/A4u8HJPoU/2A1tL0HCn5jRI3pTSz5n+oZg6At4mG56YsBpww/sz1hrhQ=
aboxNTvBdH94hUGsd5PXC20EnqYvsmIkFmdLEnfA4tJIHXmWkGH+msCRGmR72SzenMIvDOgyxR9JVJ4EDgJbxKMe0f0riDdkrhM=
m0OILmE3J9Gc6ccbgtQyYAUoysFwJRbeFUP37NTVm/tDYF/A4u8HJPoU/2A2tL0HCn5jRI3pTSz5n+oZg6At4mG56YsBpww/sz1hrhQ=
8vkmK91MRd/FG/5nF4CKthEv3cEhaRDODkS4vdDVm/tDYF/A4u8HJPoU/2A2tL0HCn5jRI3pTSz5n+oZg6At4mG56YsBpww/sz1hrhQ=
+kGs0V8cbTVYy90rvhGWIBkg1ohvMgffWlSluprblPNCbBzL4u8HJPoU/2A2tL0HCn5jRI3pTSz5n+oZg6At4mG56YsBpww/sz1hrhQ=
bTwQI1v/dr5AnRWRthQUorKHu66n79h6Xiz8rLpoaAmAwKPFfpz80c9k32quHHg/jZCoe4JEAMP+8vNTQHBMgPsq8MjZIakmWrJm6NdKU3xlO1NSC3quAQ==
H+xIRNBNyIQ9dCZKIml8sBEv3cEhaRDODkS4vdDVm/tDYF/A4u8HJPoU/2A1tL0HCn5jRI3pTSz5n+oZg6At4mG56YsBpww/sz1hrhQ=
t5z0aq3NklNVFNU0hTb2ARkg1ohvMgffWlSluprblPNCbBzL4u8HJPoU/2A1tL0HCn5jRI3pTSz5n+oZg6At4mG56YsBpww/sz1hrhQ=
8apiKHG7EIGszFq5rydhP7KHu66n79h6Xiz8rLpoaAmAwKPFfpz80c9k32quHHg/jZCoe4JEAMD+8vNTQHBMgPsq8MjZIakmWrJm6NdKU3xlO1NSC3quAQ==
e8OQvyhCv9cfd8D4fDbo1UpkJH2bwH6ZnVKJ9N5L/0LcEGz0/42on8fIwPmzRhFpKjBUnN2TX/R3xlY53aNVTClwFGNR/NwY2aCTOBvfXHKVdPtF23S/c+x5RUyrereVn7v365qnFXFHrjI=
bcmEsvo2ZoA6+By1WA57vm0EnqYvsmIkFmdLEnfA4tJIHXmWkGH+msCSGmR72SzenMIvDOgyxR9JVJ4EDgJbxKMe0f0riDdkrhM=
1aAwSFZHYsZDzJvWj+cOD7KHuq6n79h6Xiz8rLpoaAmAwKPFfpz80c9k32quHHg/jZCoe4JEAMD+8vNTQHBMgPsq8MjZIakmWrJm6NdKU3xlO1NSC3quAQ==
ml84m9FldHGykLF+0Mu9AEpkJH2bwH6ZnVKJ9N5L+ELbEGz0/42on8fIwPmzRhFpKjBUnN2TX/R3xlY53aNVTClwFGNR/NwY2aCTOBvfXHKVdPtF23S/c+x5RUyrereVn7v365qnFXFHrjI=
ml84m9FldHGykLF+0Mu9AEpkJH2bwH6ZnVKJ9N5L+ELbEGz0/42on8fIwPmzRhFpKjBUnN2TX/R3xlY53aNVTClwFGNR/NwY2aCTOBvfXHKVdPtF23S/c+x5RUyrereVn7v365qnFXFHrjI=
fWMS1L/rtCXTGvkL2x3PJjcZ9RpZyf/W+riNoQ698Oc6UemxnyYam94mtZTm/swQW/qwGPkxqTZ6YiY4d9rT7MXrE4Iraq4R
TfN7Y3MkqZkq9lkufzfr4fPm13ZZz/rkF0ob9q2YYfkwGz+XAty9rQZJ0NviFTkdN7KaB2aCRdguyqzsQ/6gdBFl6eoChpa0/65zUJ0vQ64Dfq4N
rRkkkTf34dBnZJgAURDq0WC0dNtL79cd94kJZa+atQRuFlvb09HDXV8qptsqDIcErYFCVAwYaIyMrZqNXzqskMMJBwy/lO9d10RDW7g5kaQXCjsNCxuDU1Z3SRlzrgY=
eZf+c0NlItkYnaum0i/dW+ZjfHAtwAPckN7Hw6AuX0q4ps2zScZc3gJChtXjNilBXdjY5+6uwNS/nFtsRv8V1ZwabhZFk3J7AE1+T/HzM9Da4eroHQY62Nxav0TIOvVnyayuDC7Ky1xjBsG1ywBHXK4r
eZf+c0NlItkYnaum0i/dW+ZjfHAtwAPckN7Hw6AuX0q4ps2zScZc3gJChtXjNilBXdjY5+6uwNS/nFtsRv8V1ZwabhZFk3J7AE1+T/HzM9Da4eroHQY62Nxav0TIOvVnyayuDC7Ky1xjBsG1ywBHXK4r
bcmEsvo2ZoA6+By1WA57vm0EnqYvsmIkFmdLEnfA4tJIHXmWkGH+msCSGmR72SzenMIvDOgyxR9JVJ4EDgJbxKMe0f0riDdkrhM=
1aAwSFZHYsZDzJvWj+cOD7KHuq6n79h6Xiz8rLpoaAmAwKPFfpz80c9k32quHHg/jZCoe4JEAMD+8vNTQHBMgPsq8MjZIakmWrJm6NdKU3xlO1NSC3quAQ==
bcmEsvo2ZoA6+By1WA57vm0EnqYvsmIkFmdLEnfA4tJIHXmWkGH+msCSGmR72SzenMIvDOgyxR9JVJ4EDgJbxKMe0f0riDdkrhM=
3YV2nO2/xkKCxCzRz39DRwUoysFwJRbeFUP37NTVm/tDYF/A4u8HJPoU/2A1tL0HCn5jRI3pTSz5n+oZg6At4mG56YsBpww/sz1hrhQ=
H+xIRNBNyIQ9dCZKIml8sBEv3cEhaRDODkS4vdDVm/tDYF/A4u8HJPoU/2A1tL0HCn5jRI3pTSz5n+oZg6At4mG56YsBpww/sz1hrhQ=
t5z0aq3NklNVFNU0hTb2ARkg1ohvMgffWlSluprblPNCbBzL4u8HJPoU/2A1tL0HCn5jRI3pTSz5n+oZg6At4mG56YsBpww/sz1hrhQ=
3YV2nO2/xkKCxCzRz39DRwUoysFwJRbeFUP37NTVm/tDYF/A4u8HJPoU/2A1tL0HCn5jRI3pTSz5n+oZg6At4mG56YsBpww/sz1hrhQ=
DnChhBJgeLRs4/PCe+E/8H81npN1xwh7Di06OBn+0rRAFh4fmZqHlXrhFvlNs+OW52SqBmgJcbLApVYOQAayoCv9JMq8FmeoeLZtywmAtgAeJhMQA4pZWXtMH3CuBw==
H+xIRNBNyIQ9dCZKIml8sBEv3cEhaRDODkS4vdDVm/tDYF/A4u8HJPoU/2A1tL0HCn5jRI3pTSz5n+oZg6At4mG56YsBpww/sz1hrhQ=
t5z0aq3NklNVFNU0hTb2ARkg1ohvMgffWlSluprblPNCbBzL4u8HJPoU/2A1tL0HCn5jRI3pTSz5n+oZg6At4mG56YsBpww/sz1hrhQ=
3YV2nO2/xkKCxCzRz39DRwUoysFwJRbeFUP37NTVm/tDYF/A4u8HJPoU/2A1tL0HCn5jRI3pTSz5n+oZg6At4mG56YsBpww/sz1hrhQ=
aboxNTvBdH94hUGsd5PXC20EnqYvsmIkFmdLEnfA4tJIHXmWkGH+msCRGmR72SzenMIvDOgyxR9JVJ4EDgJbxKMe0f0riDdkrhM=
m0OILmE3J9Gc6ccbgtQyYAUoysFwJRbeFUP37NTVm/tDYF/A4u8HJPoU/2A2tL0HCn5jRI3pTSz5n+oZg6At4mG56YsBpww/sz1hrhQ=
ChhzyYHqbGpS1S+MGYPdPX81mZN1xwh7Di06OBn+0rRAFh4fmZqHlXrhFvlNs+OW52SqBmgJcbLApVYOQAWyoCv9JMq8FmeoeLZtywmAtgAeJhMQA4pZWXtMH3CuBw==
H+xIRNBNyIQ9dCZKIml8sBEv3cEhaRDODkS4vdDVm/tDYF/A4u8HJPoU/2A1tL0HCn5jRI3pTSz5n+oZg6At4mG56YsBpww/sz1hrhQ=
t5z0aq3NklNVFNU0hTb2ARkg1ohvMgffWlSluprblPNCbBzL4u8HJPoU/2A1tL0HCn5jRI3pTSz5n+oZg6At4mG56YsBpww/sz1hrhQ=
3YV2nO2/xkKCxCzRz39DRwUoysFwJRbeFUP37NTVm/tDYF/A4u8HJPoU/2A1tL0HCn5jRI3pTSz5n+oZg6At4mG56YsBpww/sz1hrhQ=
fWMS1L/rtCXTGvkL2x3PJjcZ9RpZyf/W+riNoQ698Oc6UemxnyYam94mtZTm/swQW/qwGPkxqTZ6YiY4d9rT7MXrE4Iraq4R
TfN7Y3MkqZkq9lkufzfr4fPm13ZZz/rkF0ob9q2YYfkwGz+XAty9rQZJ0NviFTkdN7KaB2aCRdguyqzsQ/6gdBFl6eoChpa0/65zUJ0vQ64Dfq4N
r4JOD8TyJqONtnBYJn/mqu/uyz9G2OvlWF1JoOOWbvExF3ycAty9rQZJ0NviFTkdN7KaB2aCRdguyqzsQ/6gdBFl6eoChpa0/65zUJ0vQ64Dfq4N
HqLJLNbp6QjvAnkzhS0aOXWeta+8pZRiKoKYYsx7VWufRRUXTjWH6eillU5IHR3iVO9QLH0w34lAUBYIcmiuxah5ZXoWZHFhpeglBHXZVcwx70KZ6xDlwnlJ0cvZN3Sfe21Jrjw=
cxg20Aw7GeI940/9PyTStVnd7cVBNmmZ0HhDtsh2f0pKEG3Z3vWwaFm5/9zONxqU/QbLYrY2DEirkhCgabkprsrKxkCnkpM0tQMzujtirgk=
7poMcMEsc/58XINCSQwCu3o3hQTHpt3hr+rLYkM82ZaIhAloaPzTCqCivwaSNB3F1oGQRCF9L6Bmo5oYZWJ7vv4C7CSTlgCcge1pYpJuNtwvZjOYTUdjRhN2rgU=
AI2BxlLgPljhHZNVaNRwoGY/mU3Ysczg4P2ZNA0y1p6JiEpjaPzTCqCivwaSNB3F1oGQRCF9L6Bmo5oYZWJ7vv4C7CSTlgCcge1pYpJuNtwvZjOYTUdjRhN2rgU=
KSKwseaAymu2eUyuUwvOreVanM9pHCkHgzIwLToGeJwLdBz99GNWVmVVDRYUKyHSs++3gsryZ1/vHuXv54A3afggTsjdq/aT1Sh0eglnUZ9zuF1ErSntrFlfyhljYE1igfmJi+HnrL8TfUGuNA==
V2m0PiV+fy4jRNz2EDyUa/vp3D8XlO31Q1oG8eeWbvExF3ycAty9rQZJ0NviFTkdN7KaB2aCRdguyqzsQ/6gdBFl6eoChpa0/65zUJ0vQ64Dfq4N
TfN7Y3MkqZkq9lkufzfr4fPm13ZZz/rkF0ob9q2YYfkwGz+XAty9rQZJ0NviFTkdN7KaB2aCRdguyqzsQ/6gdBFl6eoChpa0/65zUJ0vQ64Dfq4N
r4JOD8TyJqONtnBYJn/mqu/uyz9G2OvlWF1JoOOWbvExF3ycAty9rQZJ0NviFTkdN7KaB2aCRdguyqzsQ/6gdBFl6eoChpa0/65zUJ0vQ64Dfq4N
H+xIRNBNyIQ9dCZKIml8sBEv3cEhaRDODkS4vdDVm/tDYF/A4u8HJPoU/2A1tL0HCn5jRI3pTSz5n+oZg6At4mG56YsBpww/sz1hrhQ=
t5z0aq3NklNVFNU0hTb2ARkg1ohvMgffWlSluprblPNCbBzL4u8HJPoU/2A1tL0HCn5jRI3pTSz5n+oZg6At4mG56YsBpww/sz1hrhQ=
3YV2nO2/xkKCxCzRz39DRwUoysFwJRbeFUP37NTVm/tDYF/A4u8HJPoU/2A1tL0HCn5jRI3pTSz5n+oZg6At4mG56YsBpww/sz1hrhQ=
7pa0cDCSsUJG8czrxO9Fo5PKjFYSj/dkKjTPYAaU7cd6nhPEHUkd7Mm/+hmTwN2isdl5C7EHvP/j3RGuZA==
9tJ4fBLg2aYoOwjONHzDsEXqcONGZCDrvidD1J6Mc+C6LFl3zja/ZLHhSTydZ6bZzxiJcuUxFevd78gPlyVtrhg=
7oC5zmJAvAPjw5a1zrlX7EwCYYHdzP7BafNBZFXQiAtlDMhANSD84A+vaJoJ1Adtz6QLC0C5KXRfKiN9I9vrw+4XgSlrrh4=
Fka7tQXgOs4VgKs6HFeHaDCxjALs+GwcMYflnWlrKSTmlZJ6/z1DLKD9t4tfWEsg1rf7dFb8a+Ci3BHXdqZXJJnRUdzVtx5ZN0hBUv3BfSt1fzBvXxV1rgA=
1swXW+ow2V1Gw9RAJIAlyWuer6Sy89A2cMTAI8F+SG2cUB4QGmXL/63yyVNfVQqmXuBWK3gl05tbUCcAOn+/xLJEF2BeZHVnsu47BHXZVcwx70KZ6xDlwnlJ0cvZN3Sfe21Jrjw=
T4abHu+FsdP4YAwTAqAPqeRanM5pHCkHgzIwLSBZfIMVIA32szIeUCBPFxAVdSPI9aLxk4flcgb2EN6r8JU7e+Mgf8DCr+ekmlQfYFZ0XYdqvkNErSntrFlfyhljYE1igfmJi+HnrL8TfUGuNA==
x+vX1RMrTGuyEuyx53qFJC6Xiq5BSr3ziw0mVmKIgussjS8rN4jzYA6Hk5Ru7GPgqswpt56WD+Qhgbl8TUeW2b/42bJVkYVrLY8YT6cFfa4I
XRKLldKF7QzqEqyqs1jAjFdDZ4HdzP7BafNBZFXQiAtlDMhANSD84A+vaJoJ1Adtz6QLC0C5KXRfKiN9I9vrw+4XgSlrrh4=
nrIRWZf5QhnYeyzSfVwqApPKjFYSj/dkKjTPYAWU7cd6nhPEHUkd7Mm/+hmTwN2isdl5C7EHvP/j3RGuZA==
95F6Lcly26gFUAa7x/I6xUXqcONGZCDrvidD1J6Mc+C5LFl3zja/ZLHhSTydZ6bZzxiJcuUxFevd78gPlyVtrhg=
g88EGLRS9Z5Zcsem1IdEqjCxjALs+GwcMYflnWlrKSTmlZJ6/z1DLKD9t4tfWEsg1rf7dFb8a+Ch3BHXdqZXJJnRUdzVtx5ZN0hBUv3BfSt1fzBvXxV1rgA=
724aGymQa914XDIPOlS3E2uer6uy89A2cMTAI8F+SG2cUB4QGmXL/63yyVNfVQqmXuBWK3gl05tbUCcAOn+/xLJEF2BdZHVnsu47BHXZVcwx70KZ6xDlwnlJ0cvZN3Sfe21Jrjw=
ixDzvIsfLiq+uUuwfNsFneRanMlpHCkHgzIwLSBZfIMVIA32szIeUCBPFxAVdSPI9aLxk4flcgb2EN6r8JU7e+Mgf8DCr+ekmlQfYFV0XYdqvkNErSntrFlfyhljYE1igfmJi+HnrL8TfUGuNA==
Ll0FyecS13tHKSGs6XvT5i6Xiq5BSr3ziw0mVmKIgussjS8rN4jzYA6Hk5Ru7GPgqcwpt56WD+Qhgbl8TUeW2b/42bJVkYVrLY8YT6cFfa4I
OIBKXpNxbhxV0+/Q52VCSVdDZ4HdzP7BafNBZFXQiAtlDMhANSD/4A+vaJoJ1Adtz6QLC0C5KXRfKiN9I9vrw+4XgSlrrh4=
Fka7tQXgOs4VgKs6HFeHaDCxjALs+GwcMYflnWlrKSTmlZJ6/z1DLKD9t4tfWEsg1rf7dFb8a+Ci3BHXdqZXJJnRUdzVtx5ZN0hBUv3BfSt1fzBvXxV1rgA=
gBvogijfmG/mh1n/UK4p5Wuer6my89A2cMTAI8F+SG2cUB4QGmXL/63yyVNfVQqmXuBWK3gl05tbUCcAOn+/xLJEF2BeZHVnsu47BHXZVcwx70KZ6xDlwnlJ0cvZN3Sfe21Jrjw=
5DdC7KKCKekbi27ydnUJMORanMtpHCkHgzIwLSBZfIMVIA32szIeUCBPFxAVdSPI9aLxk4flcgb2EN6r8JU7e+Mgf8DCr+ekmlQfYFZ0XYdqvkNErSntrFlfyhljYE1igfmJi+HnrL8TfUGuNA==
x+vX1RMrTGuyEuyx53qFJC6Xiq5BSr3ziw0mVmKIgussjS8rN4jzYA6Hk5Ru7GPgqswpt56WD+Qhgbl8TUeW2b/42bJVkYVrLY8YT6cFfa4I
XRKLldKF7QzqEqyqs1jAjFdDZ4HdzP7BafNBZFXQiAtlDMhANSD84A+vaJoJ1Adtz6QLC0C5KXRfKiN9I9vrw+4XgSlrrh4=
S6xq8kV9xsXqbiJm55e/WWkSieUITBN6gLK/FrJE3XW2ERDUwc1vUEazmghFkjsOHpJstPMmwOyh/Wlysh72bE/2swit9yO2M2auFQ==
Hxzn2EwPRusQTp16aZDY7EiR6cpAMGmE0HhDtsh2f0pKEG3Z3vWwaFm5/9zONxqU/QbLYrY2DEirkhCgabkprsrKxkCnkpM0tQMzujtirgk=
9bJv1j/hw5s8uavAM69MhGxmemUZvpmkfnwl1prZLDoLeJxMnyxmAhXH2v+gXkVb1/I6bVpSsbQTHBKcfN4XEJgu/UOJCCaYfp7jWENCaSFbVA94rg8=
FbAIpbHjV8drTVYo7XaipybBhTqGo0zKlOwYk664blySNSTQnteZAGUeBlrR1Or34HBj7hje//K6WA3Bzp3wkOkxXwSeHxqsjc4r+ibezDCbmjD4uRGpFjqCpli3+tPMBYuTYmtKrjE=
FbWg+I0c99iJizc1D2tAXJzUODwlYTU1lm8zVmPClQm6p0Iae1KiDSZdgrdfOWjws8bQW1l6dhYZIApLePTzQvAKP67CfD3NxqnQ7LH1j+g2i5owNSrbNm6qrAyDniDU0UXpysImFtQ/TnMw3c/DDkNeri0=
NSa9J71vUL5DN999/9lTO4j0+zmjsAhyjMAvMi8TEQjbc2YLeXY7vH4gw5Ls+gKydhXC/w8RSNijztBTSVJWPkloSgMoXFPqYIK/JlLUnWWW4ZCk4d2vwCaDmjglAvsePuLsRNM2gHxBzWlCUo62fG8GM3iN5+MmU1auJQ==
nXGThWew5NJmU8kl4D3ueRN0r+geEeID16XYtOvq0E9xBiay4ayqPzAoA0boZn96KsCtqX5lMNi56b8s7icapJ3WCxIWpoz4S8JQUEmpKZ6qGgYwBwIThFVTc0obcq45
lW0/cHtHs1X4qXUICpPMoHcnfGUZvpmkfnwl1prZLDoLeJxMnyxmAhXH2v+gXkVb1/I6bVpSsbQTHBKcfN4XEJgu/UOJCCaYfp7jWENCaSFbVA94rg8=
Pu2D2LomcOMwbjYHezY8z7IvOm9LcD8JIJA2CJKozkUIOYV6dqTR4UWoRQRVmbVMUS9imQtQRULZCTHL+ffUH5staa4c
RgqxoF8Aly7tjnDQp66hWyZV8RVYz//L+riNoQ698Oc6UemxnyYam94mtZTm/swQW/qwGPkxqTZ6YiY4d9rT7MXrE4Iraq4R
Fka7tQXgOs4VgKs6HFeHaDCxjALs+GwcMYflnWlrKSTmlZJ6/z1DLKD9t4tfWEsg1rf7dFb8a+Ci3BHXdqZXJJnRUdzVtx5ZN0hBUv3BfSt1fzBvXxV1rgA=
SmKfzCxT8RIb81kv0wIjkGuer6qy89A2cMTAI8F+SG2cUB4QGmXL/63yyVNfVQqmXuBWK3gl05tbUCcAOn+/xLJEF2BeZHVnsu47BHXZVcwx70KZ6xDlwnlJ0cvZN3Sfe21Jrjw=
MNiGmMRjiObNpbuoxK2G0ORanMhpHCkHgzIwLSBZfIMVIA32szIeUCBPFxAVdSPI9aLxk4flcgb2EN6r8JU7e+Mgf8DCr+ekmlQfYFZ0XYdqvkNErSntrFlfyhljYE1igfmJi+HnrL8TfUGuNA==
x+vX1RMrTGuyEuyx53qFJC6Xiq5BSr3ziw0mVmKIgussjS8rN4jzYA6Hk5Ru7GPgqswpt56WD+Qhgbl8TUeW2b/42bJVkYVrLY8YT6cFfa4I
XRKLldKF7QzqEqyqs1jAjFdDZ4HdzP7BafNBZFXQiAtlDMhANSD84A+vaJoJ1Adtz6QLC0C5KXRfKiN9I9vrw+4XgSlrrh4=
svHBtYC2YmMnGyAJzj4ynRd0uPseA+sU0anH76f53E4sTCO15qfpNGsqHlXpWzxoKsCtqX5lMI+q6Yl5rz4as47eFRwWpoz4S8JQUEmpKZ6qGgYwBwIThFVTc0obcq45
JT/LGuxHscP85Ia2YTk71PztvMnemuidCirNm5LXyFjCxwV0fncdoc+ckFUhYA8FK/bA35eujslBr/wkcuRdlXZxEGOSrdmlR4qaPxY6pWBecmzUM8ZATGHdaVJyvnaMj5az6O2XoxZzRq41
IVVer76/XhxfxI7vmaN5nIPUJjgrN3FhzClrF3SYjBCn5lgWaFOmHSYQxKxJL32u/4SQTRF4b10bLgAHJ/buUfE3fLzCfD3NxqnQu6L1ub13kponJiLFOG6qrAyDniDU0UXpysImFtQ/TnMw3c/DDkNeri0=
QJutbxkewvjnkGH00CrKifbB8OS3oJBhSSzfobNqYAvfwr7NedO80NpozXGuLXB3moGpYb82Gov+9vVERm5MgPsq8MjZIakmWrJm6NdKU3xlO1NSC3quAQ==
oKXZBw8inoq5cpv4Z99NuQAS9KUZaifQtsNt6VymFqq1rwpH4PEGcwHPS2xaXZLU7TpCZDxmx3g4ho3bCZDWMN52s+CDOrkJO7w/YK4X
1IjBlEX9NhHQwk8rWM+YGVqx+kifPJNZyHKlMnTwpCs591BZNwyE/dZyuDP8LnegWH4dU4kYRkg+LgMow/LJ0RuEL2iuHw==
SZ0n2v/M1DuXSMMbFE52NFqx+kifPJNZyHanPHTwpCs591BZNwyE/dZyuDP8LnegWH4dU4kYRkg+LgMow/LJ0RuEL2iuHw==
Q5ZMiNJ2+P7jVe7zq9Edx7XuoB8+2+z5QQZgmKwW1wbBZuK5k8ilibUbCSbQOmj3bGwYhbeCdAUVyhauPYHFF3FUpzX53coyU0LQsk9zBmy4gZ3TQz4ODgM2KJU8sn8JPT0lFgQs1L/8i1cIT6fs/HMlZDCFI6hUO5MQn0/quuFnd26NU8hJcAkUMor1scxwG9owODnRqda6QqYYN7rTjIXLk6Lriq7x
2O9LW7dsJoJvm2CVIUP2FpdW/wLJQ/Agt/t9Y47JX////zl11i4dZHk0Y7VjFLdDhPntPKNazyUH+8/7wgedIW+uGg==
2vSpNFb9ICgCdS+SJ5fgMBkJ4Iyu0Q1R1bo2RgQsaw7mO6VHOF5ABjsuv5HF3XksqZqmS0dgP8S2LqJhQIZwkrKimqdSHnO+jKkoYVfeyV1jxDZGA/eGq6CBfbbVlMjSbksbRaaUw5UIMOtHahizheacHNV7Uk4RyqrGARFpZwcRDvnfUJQv3RdEg9t4OVEk1wr7jcsbQ9OWd4mZs67G
HkEJ7Mgk4l1RRierbibkLB5hpJUnE6jvXt87ajVlP4YeKiey9ikh7+/oJFluRv0NpHTbBTv037MMeWWMC/oXVf+7F6v6J7UxZ64S
Izq5F+mqbes0MSVrJ8eelDfV4vL36NM2V8nVOpp5U2epHx8aHX/Ntemwg0BOVRSlRuRRb28l1JRBTSVcOzqu3ahyWBdPYmB6teI6BHXZVcwx70KZ6xDlwnlJ0cvZN3Sfe21Jrjw=
MuzKMh2NppyWzxeDy357X/aEJ1eNrSoBhh6IHc/VDwesVF1eWt65kPkuSkoYFZvhkQm2gJ9cU/lIlmdcdNDki7mXkHk3LESdVtL4E/xOt0DY3t0zifgG6L5OQ8jD0glxm2RvSK4/
tp2B9ZcmP9T3nssAm2h+txd+YCxRRiViWuLBrAkSMvb4qeNdYbXOPF9gK8W4qh9glOycN0kr6MW3kDwhpm6ALxxyz3wo4qUPSUR+VE7yO3QjbnFNa1gXdK4D
/vPWHZqr/ETWKQ2l4F1+ISppy9cvmVEZQ08tZlrmybgZBhoS2M3LiTHhBvgfpOOR6H63BDQINKPZv2BBNxS0tTb6KMu8FmeoeLZtywmAtgAeJhMQA4pZWXtMH3CuBw==
S1OgUGpYU8PwSDtSBabGIgNa5PIeq3ADdE8tZlrmybgZBhoS2M3LiTHhBvgfpOOR6H63BDQINKPZv2BBNxS0tTb6KMu8FmeoeLZtywmAtgAeJhMQA4pZWXtMH3CuBw==
3QMTof9D2WGXA/r0pNoIIHM1mRjFp93noeDaZE02kZyGhEg/f/eJC6qevwaHPwDEy7LEWmB9AfUsh/dWcHt+oPQd7CSTlgCcge5pYpJuNtwvZjOYTUdjRhN2rgU=
gJaENWDP71rgqiwPJ2MJ4KLR23K9ew4luTwEdP/rrsiaW1+LaBFC5Ues75sfj0ymBRGLCAIsQlcUr2LcYBO1eC7J/lI+Tdfa7Pn2SCGzLGAydheoNqqNzT9MCRWKXkuuhInwEf9eoe27pD5Wezde2yghBWb9lOACFuuTNX5Uu4UAUDP3Apgb9T68FMVDEpahQkp+UflpD9epbnFvCFQXzR9k2yvTubmUj+rznTNbGyMe13HJm67u
xuAxu2Ys8uqwA0kr2QGQPB5hpJQnE6jvXt87ajVlP4YeKiey9ikh7+/oJFluRv0NpHTbBTv037MPeWWMC/oXVf+7F6v6J7UxZ64S
zpvsWQZiMQ9hO2jqdrc/pexEncJnCGxFyGxsbnM6KpoaaS6zrTIeVmJINFkJcmaLpvK9jYfya3y6A9K8iNIrb+w9foH86qm1kHJePxVlGJhxuF1ErSntrFlfzBhjYE1igfmJi+HnrL8TfUGuNA==
IrU191bAI7aRv0QpYpLQQIUS8c5aeMP0fABLmmTXXY7IwLyyv0M7v9UJQXPuSiBUxz1ny5XQeTHaELOYvcBm4eCIRQKGDKnSoKgwP2nuRUX8MKOcoGYN4e05wbYwLhWkN2x0j/Yr4SuF38DVcbYIKsBTUM7RClbB0iXFfptZGSys8iHnRN86yUeShxSa9lQDgTFkhOEhktiRQzi4IcEc9MZh2YJM5ZAifCUDKfWjKwajK9JEDenNLHmfYh4Dr63i4blpi4GnjD8zPeGulA==
AKlj6GQv7Gb47Yn8XhrukKuxTf7eAPpeqlPJVILLwrG6wFUqi85jpFPJZHmolO9ak1qWuHWRysZI6n7PjQPq6KoZ+thGGyK1v+5g/NmPwj4kDwDshUaDlEZH8Fzo9C65x8n9sN/e9eW1ltgRFtNBLdbeDFfF2T/wboyncACP0MyPm+kLHTxYwlRduK1fMoM5fI6HM3x6Oa0Ill+VeEXjVAqzcwGW589miVIN8npweW+cQi+M6LLFl07UkYQOgltEo57RfSsIN+Sukw==
BsOHVCtYkeXJPTTits4KYYUS8c5aeMP0fABLmmTXXY7IwLyyv0M7v9UJQXPuSiBUxz1ny5XQeTHaELOYvcBm4eCIRQKGDKnSoKgwP2nuRUX8MKOcoGYN4e05wbYwLhWkN2x0j/Yr4SuF38DVcbYIKsBTUM7RClbB0iXFfptZGSys8iHnRN86yUeShxSa9lQDgTFkhOEhktiRQzi4IcEc9MZh2YJM5ZAifCUDKfWjKwajK9JEDenNLHmfbRoDrq3i4blpi4GnjD8zPeGulA==
nAueY+wWCr/xrrnLLOTWBquxTf7eAPpeqlPJVILLwrG6wFUqi85jpFPJZHmolO9ak1qWuHWRysZI6n7PjQPq6KoZ+thGGyK1v+5g/NmPwj4kDwDshUaDlEZH8Fzo9C65x8n9sN/e9eW1ltgRFtNBLdbeDFfF2T/wboyncACP0MyPm+kLHTxYwlRduK1fMoM5fI6HM3x6Oa0Ill+VeEXjVAqzcwGW589miVIN8npweW+cQi+M6LLFmErUkIQOgltEo57RfSsIN+Sukw==
vKc+D5e/A1lBjcP701xAXIUS8c5aeMP0fABLmmTXXY7IwLyyv0M7v9UJQXPuSiBUxz1ny5XQeTHaELOYvcBm4eCIRQKGDKnSoKgwP2nuRUX8MKOcoGYN4e05wbYwLhWkN2x0j/Yr4SuF38DVcbYIKsBTUM7RClbB0iXFfptZGSys8iHnRN86yUeShxSa9lQDgTFkhOEhktiRQzi4IcEc9MZh2YJM5ZAifCUDKfWjKwajK9JEDenNLHmfbhkDrq3i4blpi4GnjD8zPeGulA==
zppM0v7FMJjbTASFtDgLJKuxTf7eAPpeqlPJVILLwrG6wFUqi85jpFPJZHmolO9ak1qWuHWRysZI6n7PjQPq6KoZ+thGGyK1v+5g/NmPwj4kDwDshUaDlEZH8Fzo9C65x8n9sN/e9eW1ltgRFtNBLdbeDFfF2T/wboyncACP0MyPm+kLHTxYwlRduK1fMoM5fI6HM3x6Oa0Ill+VeEXjVAqzcwGW589miVIN8npweW+cQi+M6LLFm0nUkIQOgltEo57RfSsIN+Sukw==
c8tpT0YsICAlrBzj414E41qx+kifPJNZyHKlMnTwpCs591BZNwyE/dZyuDP8LnegWH4dUo4YSEg+LgMow/LJ0RuEL2iuHw==
IpIO4TM7gPkPzVmXUXI1pH97D+KBXUlebzoLTiH8j1AuX3KLBSiO8Gxsf5KYq87ddb+m6NA9bcdbUs7qi6p4ocS+H02VwZVCXADUm7TXx/z368z4mxkUpB3P6DAzj8ArN2ZaJU8LXlmLZMnUwcgi/s19bPRzZsAsIbxuMjze9izPtrPILTcj9rOmrtU=
QfvHAkBn2F9zNeRhwRO0xjT2+FW7pmre2fVRTaACL1wk9Ctly7Qv0x1+daI7uqf1TzuHC6rn5dEXrmI=
5cshADf1HOm2S3TTFKdC0IYgOMJxdxrhIlhu8h+NTGC7inBoGUCuRpQS5kiXqlOcJZvT8ssarmE=
QfvHAkBn2F9zNeRhwRO0xjT2+FW7pmre2fVRTaACL1wk9Ctly7Qv0x1+daI7uqf1TzuHC6rn5dEXrmI=
5cshADf1HOm2S3TTFKdC0IYgOMJxdxrhIlhu8h+NTGC7inBoGUCuRpQS5kiXqlOcJZvT8ssarmE=
vgSMtUltlbQ7X1Wh/RmbKXM1mRjFp93noeDaZE02kZyGhEg/f/eJC6qevwaHPwDAybzEWmB9AfUsh/dWcHt+oPQd7CSTlgCcgexuYpxuNtwvZjOYTUdjRhN2rgU=
CM1/6bPeJs/RFgh+BNmXIANa5PIeq3ADdE8tZlrmybgZBhoS2M3LiTHhBvgfpOOR6Hq1CjQINKPZv2BBNxS0tTb6KMu8FmeoeLZtyg6AuAAeJhMQA4pZWXtMH3CuBw==
3S7b4JA9D47FQSdBQv7emippy9cvmVEZQ08tZlrmybgZBhoS2M3LiTHhBvgfpOOR6Hq1CjQINKPZv2BBNxS0tTb6KMu8FmeoeLZtyg6AuAAeJhMQA4pZWXtMH3CuBw==
eYUCTiQeS6is2CtDHlmwiBd+YCxRRiViWuLBrAkSMvb4qeNdYbXOPF9gK8W4rh1ulOycN0kr6MW3kDwhpm6ALxxyz3wo4qUOTkRwVE7yO3QjbnFNa1gXdK4D
pT8GTCq/3rBOcc+BdSTuCvaEJ1eNrSoBhh6IHc/VDwesVF1eWt65kPkuSkoYFZvhkQm2gJ9cU/lIkmVSdNDki7mXkHk3LESdVtL4E/xOt0DY3t0yjvgI6L5OQ8jD0glxm2RvSK4/
s6twHcjDo4yo9fKJkoCOcTfV4vL36NM2V8nVOpp5U2epHx8aHX/Ntemwg0BOVRSlRuRRb28l1JRFTytcOzqu3ahyWBdPYmB6teI6BHXZVcwx70Oe6x7lwnlJ0cvZN3Sfe21Jrjw=
SlltiXDWHugwtUDoxmsnDpGv1VJQ6mDNPtr+BtIjp11BJxl4FHHT/NNvrMdaENP0o0ElG3fjJxsljJSqun8LUh3S499baoDKuENIDmm6jqHaVS3+M2kRDPQCWSdczwJpz8JvFHKm3KO5IXxEmdHK+JlzkDjJsRSUHtFhQlT16ML09Ssp3fOjZls7ygS1WZXMcW8DnquepcI5yZHLmbe0n7vtia78
BRuv1PHCfv7t68MNhh58K+3Gqw31jDM+uon+BXMQWs7wtWUvJQdpky/bDlCkP+wtk6yVAxsnDAn68zVKXpu4hRL0S6VrNI+T/X5VYls6xzVvO2dLSmdFEXeuAg==
