ttk9lan5VVXrBtcW6gOQnMyPsNsEQouveVUnZWsB6jmvUyohOXxXejLLqfzZTZWvFooCNKwL9m5vqhbqJ1lN5MtxgE4hamYBQsW1fqv5iWxc0pFnFD8qCfcyVxRKVuTDkdE0BFEBYpgB4wi4USGMNPYBKQKcxYDiDMVTKSXD20azC4LEfQn9bOn/nxszDjwimZjZBFHHnH+DnaCjxw==
N05CeGpvyz33AL78ZbmlGkvglfGistAqt5+9qMRZGnPgrf7JxP19vbRx3LVChgE+ttKQsj/I7A1mT/kxNoK0i7UFh2yukJ+scFPokG8H0RdtoOCeVAEAMS8uu6Wc0r/vDKYBscgK50kImVsI6q/Lneb79zoJDjXuCuzBc3wel1CYbn0Gi8ioWX5WYhhMAulhW5SPqaPM
kXLlbjqQ8Qn3ro6AmuuEmtnN8LvYFm3XBpeqlxogxT4QTQ5q35gsbjrTeu1QgwDW4/hOhj0w2g1PNllZBoNcwD0pCH7hiNlwdpTgV/4Q6KqFV+BD1SqDbr0fBVaesmb/Fv73BlDZBGkzHm3Vj3RqvgfXQvMcERF+8ZTsGgLbpx1itMdtVIAHz87Y143K7MBt/7IKSTa66sl16YNPPR6FB5T0q2VLtK/TmXv1orq6L/TPNAcLKudl0Yaj4Q==
mzk6jHXn1JM7Lbq0cwOU08YNp6B5EesPRGIlYSpzpJvRL0zvWD7fMJ3cHnzk6P8OID8+Md0bxpSIib0Lk5aOtvP+SI0sWj9xjbWFTlQE1IeMw7eQ388sBEMtROhViyjsy1twh18C+pnX/87VA+BJSHlc0hJl2QyIK9IQ4Ol8K25Ei8YIJlKc9DVDM/q7s6PK
k/qjiTKmj4ob6ZPod+BzemmcSMmRHGDm0bzj65BnnWLY4Itv/Pu5/EInZFcJCzzzUMv/HOWYzoBMfH+CuNuObZUvJniwja03e0LO+qtauBGkLp/ddXHVMnwQ1IuUp4dMF3tMaPup1FQ93+ggE38Am1f22rWvux4pq3TJxOG4Yk4t7exkE9YA3AGoayIcLzaUriY8WM2HY4aTp6PG
winxh2GhfcI8LeFpFxGTYmmcSMmRHGDm0bzj65BnnWLY8YNh+vS4rkInZFcJCzzzUMj/HOWYzoBMfH+CuNuObZUvJniwja03e0LO+qtauBGkLp/ddXHVMnwQ1IuUp4dMF3tMaPup1FQ93+ggE38Am1f22rWvux4pq3TJxOG4Yk4t7exkE9YA3AGoayIcLzaUriY8WM2HY4aTp6PG
wk+0WXlA5i65KPcuMPe5Vwoo0F+zgwSiyEcAZZhFIGHqacx+ocjoRSl4sDq9mO2ByKcmHBFlpmpQkfyyalOku5GPzE8YHd8Q3Xye3KTI/y5gn76RnTvGtMgpPavTto6Ws17ILWx6P1HNFQXuFCTUp8xjNzCf7ywkA43ESBWrKMyL+/AnHyL6uZdfTnVDwEloOfxSsiX5DKhrcpBAqVwrTgQrRqhmcpzUdeOzWvuTo+o=
q/ZzMUjRrh5JHwfgvTDhJ1fxbkae5GVbP3V+Su8I9wAZNak+KHgdMJaUwJeekAjqp1eDAzWqI67dH+UWPjIGP/b+18YwWeQpEx4NFS/0yn5n12KzvJFxvtGUzNpiWwddQrSnrfQApw+u2PfNKmygrd+y6olWOkqJlenjj52eZUf09IslqzTPE7l7FeIaOo+0LzQny4pnhZGmo8E=
7E5IWPhN3VJHgM9KjYKido7A0DFHYAfNgUFw6tql5cLuV3ce/MRoqLWqPGIKY6SrsX+MH/irX4B9DF4MxPj/PkBv/sF9i0YkaFn9e7OGjoaTroh9jMq/wW1lxT50FNS37JN3YH9frLSj/QSYdZso3KsLsHf/knopNy+OpSPwSXgZDBLixUmMOMsCUJDJbCteJNsG+IbCHETVk3OKm6Oj+g==
gtD9eI+Ij7T4+38WpDQYHpGcussYSoj8Y1c5dXhG9hqvXipOXxI+YDvcsPTme7jIXsZTZ/VP43Jl4hvfI1p46tBzgE4hamYBQsW1fqv5iWxc0pFnFD8qCfcyVxRKVuTDkdE0BFEBYpgB4wi4USGMNPYBKQKcxYDiDMVTKSXD20azC4LEfQn9bOn/nxszDjwimZjZBFHHnH+DnaCjxw==
BgVFz/FlGNn/1FHjo3n7WLGpUPLKreX6nn+XxrOG5gJAiZz6muskE0HX7EcoYR/4TeR+FNTw/wYwRx4ZLcOG3NgxXeMjDg4+YwboJVwC/7ldjeUmZBzUj5y7l7gvF2xME5WkAOUTqGRbo9AvL1o6UQfHrr0z+ElAaSTyOpUBTMB7avAIWeSr5tRzZqBWClw85XtTkouro8I=
D5eU12p/jiWMSUsVXZX4P31jZBSibTLWKnu825eK1EAeFEgn9vCwGngQ+1PtSgu+1R/tBhZSXu8OPo+2iLkMmZueheWHVLLOvxda4+Sxma7ZlMTKintfDXp0fx2MoA//Jlh/fcKMGN2HchJZDlpimZ3p65+1fr0XjLRT1RNUp6Mx+52Sspp3BHd0HxtSR+2BrqPJ
ggx6bw6Grz/hG001uATC/UwxLnMAMoa8ECxmfMV2aZmixBpQEV8/9ug+75K/u7OYJ92cw3m/LC7cATxQFmVFzx6eDRw+Up7gWxyQ9AY7GEg+hrBg1Y+D8sWi+99DmthqMDOgTkGqhoHiBdV+i7lp7PwSsWf0f4qJl/J3FGqWhEMxkdQEccHCGOGjKLgx4Sy0FsFJAryFYGKsBTMpxYN7xtPLosSdSZ3sSb9/GxPOXKI52PkEMQc8/2PdgKPn
AgJMnMD1zJYvs2eVtjg3tcj1kg4F52rXZ9n4GJM2u14AMRhoGTudr5UupdxWQpaAo0wodH7rIGg2lpigvX8LUh3S499baoDKuENIDmm6jqHaVS3+M2kRDPQCWSdczwJpz8JvFHKm3KO5IXxEmdHK+JlzkDjJsRSUHtFhQlT16ML09Ssp3fOjZls7ygS1WZXMcW8Hm6uepMIxyJHEmbe0n7vtmKP/
YcjCvWwIf5BOV4TH509IhpU7oYFr9bWs4lnZ7zATZmglL0STcdASaVZqcatJ+GjOnlS0KSnZcZz1SxXPA94cuQUZYe3AeZTjyAzXsG3mxX/U9mb4n2WZKnm5/kNer0csCeyQ65L0Rup2vmv/wwSsNHqjrBjK7nzBWGfXwtHaJ18fYsxa5Fss7g1C8lFWnSk+t6EdPEi6fQf4V955A0qrFLYuELNludhkvWl2yJW7FPjNeZhkYikFojDttFK4/W+pGftv9ocjLmRRIWm8/ScD2y/WqPKNcLXkPS/oj/dl3KO7
663oTY0nidkLoXLu8SMl8L3qrBc777/jTzsviLZftASSXN6Xot22mbZeTznGeSL3ZHgTpvrbJCMh5yz3SNGZSS1UviS0wP82UHfeqU1zBmy4gZ3TQz4ODgM2KJU8sn8JPT0lFgQs1L/8i1cIT6fs/HMlZDCFI6hUO5MQn0/quuFnd26NU8hJcAkUMor1scxwG9owODnUq9a0Q6YQNrrcjIXLk6Lrm6Py
tGq1THpqiEf3Xd/Rpu3M9hMmZT0VNtyj46N/JwcH/9yOs9QgekDuY7rRtp2+ol8tPlUCE0wk45KiF2Rn6Vt8I/C9ee1FyA5QLEx/stgLTj0136YIEF3tZ5tyzspLCvjBBF4fLdUhFeIcINS79HdHHLeLzBhbeZQE3e/oEPMvQEv3hlpFD+ve+ctEyfSBaKIejR1sFLMGQIzhmGsS/H92RA5WvKht16NW85ej9g==
pBkk22EJeuuCDy04fv5FPnZ5gstKj52wNl00j5aV9GtReCxsqfD7cuY0VjYcPCHbkLjaioq2r29nPKD09lvICI5mwuFEL1OyNcLr31N6qKpgkzDOsco2QbLlpX67mbmsDLIB52Sf2kmn0mcUera0g2FxRITBYTJYMYMYuEEBfHSmobmCLCUwotzlIynV44uGA2syRO2pLayZ348bI+4MYkl4SYShZ+y/U/2Qo/c=
ie5cANYG4gXvKvjbnBbD0vWQwhg/4CFoJInPRR8F42nXxvKl5FJufvZptte2n7qsVxciIxIBODrb+E4xRIXNdZR5zGsJ35G21ppgij/wHEUGx2lpdlqkg5XNNxQuaC/kUFv4yK/fQZ+NaJCmVDlw+c+mK31ciq/nLO6xSUhyV4EokUvQqvdbFYazBwIJNsWmamRRKzzGh1i4ps1+CzAYEV5eckCM2nnpu1z/kaP0
yUn1z1hAvlBUrTypOLbVXkla+4io2wpegvRpWzljaBbuEfVKfRMEUhodo/jS1ARf0uC0Eg82JpupOq8mWZ9hnrKimqdSHnO+jKkoYVfeyV1jxDZGA/eGq6CBfbbVlMjSbksbRaaUw5UIMOtHahizheacHNV7Uk4RyqrGARFpZwcRDvnfUJQv3RdEg9t9O1Eq1grzjMsUQ9OWd4mZoqPF
RDS1CEqhCU140mpV6YpRjT3w7QE6kpih6f+bZbo8qJKic/HLwfSmBQQxJfEEnQQYKiSZ0gZeCD6/RHSB1qNhnVYubGcFSd+gblzH4EC/MLwPK8n7Xaz4klQNGD0fwqOJ/P5nAzzqWX0Ixr8FuHWDpIoDU3FWd2+2iYKtYroAWd8csk+8KCIlyksE8BVOuro0LC7xjWuYl6WjwA==
tr39LFxuVtCM2JwM+vuCu4v4PkYG/UgbFHQOUURlDRUUmQwNCvBRFlY6oKo/0NzlhmepSXY6ZGMVrff0LghvBNA7uCiv/wE/DcjQhlQZMFlPBmtdXGrvh6wO8SlIkpfhqHGLsKrXm7UGE8ciCRYFBurEkQs8pke4OMYNngtQWPHePjKgjPo5STv8v7Gj1A==
ZTh5XKpvjbkp8ZIOyDN313+k7p1g2o6g6/zA9NabaIgupufia++zMlUCC98zOkgqANMQzpGKlsESpYV+W9nZLOxyYeeEX3rJBxJHFFp2FAPBsaSEoaHS2FHD+LhhQdz0BuGZggxlUCI8pUMpNSPrBuOrEkTNaY0sOR+vG0Mu7OIpOKmEwSdMP/O9sKPX
mSmJLnY1i/GhUtwSJ9ZF54n4PlcE60wbFHQOUURlDRUUmQwPCvBRFlY6oKo/0NzlhmepSXY6ZGMVrff0LghvBNA7uCiv/wE/DcjQhlQZMFlPBmtdXGrvh6wO8SlIkpfhqHGLsKrXm7UGE8ciCRYFBurEkQs8pke4OMYNngtQWPHePjKgjPo5STv8v7Gj1A==
tNHxdgL9Vl6q29zD9UYjDH+k6It8x46g6/zA9NabaIgupuHia++zMlUCC98zOkgqANMQzpGKlsESpYV+W9nZLOxyYeeEX3rJBxJHFFp2FAPBsaSEoaHS2FHD+LhhQdz0BuGZggxlUCI8pUMpNSPrBuOrEkTNaY0sOR+vG0Mu7OIpOKmEwSdMP/O9sKPX
0JIt490YguOcctbWdhk0+n+k6Z1uwo6g6/zA9NabaIgupuDia++zMlUCC98zOkgqANMQzpGKlsESpYV+W9nZLOxyYeeEX3rJBxJHFFp2FAPBsaSEoaHS2FHD+LhhQdz0BuGZggxlUCI8pUMpNSPrBuOrEkTNaY0sOR+vG0Mu7OIpOKmEwSdMP/O9sKPX
xRt0Iu/P6LlsDxYesLIUjxYDqJuixQ1blL0nXyVlLhDuH6UZaxsfQRsagfjS1ARf0uC0EgUwKJupOq8mWZ9hnrKimqdSHnO+jKkoYVfeyV1jxDZGA/eGq6CBfbbVlMjSbksbRaaUw5UIMOtHahizheacHNV7Uk4RyqrGARFpZwcRDvnfUJQv3RdEg9t8O1Eq1grzjMsUQ9OWd4mZoqPF
gq5bamUghpmz/v5OssP8zIGg4L/kOxEse6T+qqR/ZRUHP+Tq0mfuDl9jWXk67um1greNzJlsHhCGlNB3rtC4ChvQHONl6vOOrR8VNm7y1l9mfmemgJnUSQMeHTXfNLrel1fyE2zRIV7hlPw6MhvX/dI0Vw2EwFcvvtjnrRqsEM1vMnrphvoaqWXpk69N3jWnZHQ7xRt0//OoewXCanp/FF+0t2vap1XxlqPx
U04uL2HoVXNGPCtVvRlXr6LR23K9ew4luTwEdP/rrsiaW1+LaBFC5Ues75sfj0ymBRGLCAIsQlcUr2LcYBO1eC7J/lI+Tdfa7Pn2SCGzLGAydheoNqqNzT9MCRWKXkuuhInwEf9eoe27pD5Wezde2yghBWb9lOACFuuTNX5Uu4UAUDP3Apgb9T68FMVDEpahQkp+UflpD9epbnFvCFQXzR9k2yvUu7majur7nDNUGyMe13HJiqPt
NG6V93npDq7z4lnevCyVmKLR23K9ew4luTwEdP/rrsiaW1+LaBFC5Ues75sfj0ymBRGLCAIsQlcUr2LcYBO1eC7J/lI+Tdfa7Pn2SCGzLGAydheoNqqNzT9MCRWKXkuuhInwEf9eoe27pD5Wezde2yghBWb9lOACFuuTNX5Uu4UAUDP3Apgb9T68FMVDEpahQkp+UflpD9epbnFvCFQXzR9k2yvXu7majur7nDNUGyMe13HJiqPt
cKS0A4WV7u5VWxi9yUth1snrjlfFBl7792JI8SbD2xw6Tk7XWvC45r9Z5zPlygQyBbXk2dAsG4PyJgx68QoK7Whx52armT+iT7qLX9zEuOhJRXjTGnywCvRu8gDCnT6DkkazkpvQvsrnQmOaAVZBZI4qKYXjXAVtTj7PNki5zBnbnsVlx1RyTn8XGmOksdkuGZQESsp7H406dL+dTKBPf2ZYP/0CjNhdx3JS2U5aohld6asf9X59l0y0k1VTVOcj/PtdEnKaN4Q3dN+bkkctAe6jiQ==
d2MLOWSrtfaDzQ+lLRavtZRibbqW5pcmPSWuDAgiASxXcNj/0npH5yczJNnvieFbMyvra5l3MMMe55fCkVpnX9/iDFok2+zuzcIyUZYd6T53Id08iDq9BzjXHnnDymsUdq7Qs6U5GGR96bbIVTvU+A35WGSiqcWi8G10Unh9r6lZey/2x6NuZBGhKby9p0fab1bo8s3w9eR9r6iPt+Wco/s=
vs5dzNvRPSjxPwTby+r4bdg7T3IHhMgdeLPYvKzojmGDYYjyn4DVhb1EY0wrfOUiJ9qw9YtJMUaWyoC6P8D8FUY3yfn2ysQzVZ0X5C4YDzQQ6xhYL0/h70248JZUCRApD9aL7dwaT1dsPpE5SIJ30eghK0AqZ/vlxuPnMgkGJfYqlPG7vFbn6Hj27YoKQDjBHu6S0AxK2Zl7jJ+ho8Q=
+v0/gA/ETfX4fsxI8qWW6t/4242Yog+Y1FQMv6lj2N23iAxpRuYQl1yK33QIqlWUydwAnW7yKgzs1uHFC5AnfaMY
F8WMgIhvccO8mgq/ANWpJbXuoB8+2+z5QQZgmKwW1wbBZuK5k8ilibUbCSbQOmj3bGwYhbeCdAUVyhauPYHFF3FUpzX53coyU0LQsk9zBmy4gZ3TQz4ODgM2KJU8sn8JPT0lFgQs1L/8i1cIT6fs/HMlZDCFI6hUO5MQn0/quuFnd26NU8hJcAkUMor1scxwG9owODnSqda0Q6YQNrrcjIXLk6Lrm6Py
wjmAQvg7kIY9oOUI4nwNJ4owLMF+pFjDtYbKxLai1adZl+ddizMkHpL8pdkNWx9U+7kohBk4FxQUKaJMj1JsaEv6krw6P2P6d20eVEnMaqJPKZ/taxaauucstej+H5zPg4M3iwqVu+I6AqK3Ot7bDlTJIDHvXrGNa+TuNuu3rrvYYfUGDZQQYuarY1WO1Cvl0BDjlxKYC9Xu/MRl05ImAfIKTnHJaT/3ma7Bz7jUh21PpIsLxbmpet4qq3yj1GvDbhcBKfqjnQ==
1FjWfQuV86zKX7w+yYKVkJ3NBc9etFlmR5Nn8KRdGyrfgV5ZtFHgSxX/UNODrZ5hiE3L4Hfb1ORrP7D45MoR+JrvYdK1dEfvIyUpWmvDvuq+8rX2P81iaCaHjhXTh+1udkq9dqn9I72bQHIDYEdx0InokPY0rUZG9l6kejwLZC7FMkqx/g2xvi8x9ZwwCrVHsIcGGSu6kxSO3jjTvWmQJHXZDmh9K4x4VekwhNpZzWJ4vWxy0M2XqWHLh9bf8+YkGdHR3FW3mlm3RsBSdcD9JPV/sG/fFeSjgw==
pj3j4c0pTPPYZ15/xgeoKvaBMh7l8GNPmxCfEvTVHk+wQhxDXvGjl7YlR0cODrrT2gu6gtA6R+VEkUBhOuDk1LCOnXBaa16EUcXrD/xOt0DY3t03ifgI6b5GQsjM0glxm2RvWaM8
0ac6GUX0LjyFDX/dvJoUwXd3eqplXSNlZgvpKkNrTm62yn12aX1jvd/APwIgx7HQSWhQ9vQthka23uR6fIskLoWyirE+jXG+77G1nHCK9UfwB0YZ6zpTFE5e+NP96dAkNVlOaD2rTHiVafCEGtmNYjg9LHKQTdepoUtH1h9zJiTZUZHcFTfaWffGAFK1QD0kNf9wb5+VpKPD
x0hnxpPOevt53i+9MNTkbcyAp8ABV5qSeVUnZWgH6jmvUypOUhJRBlW1p/2bCMOyTJ8VMO0Q/GZopQLGMlZ46tBzgE4hamYBQsW1fqv5iWxc0pFnFD8qCfcyVxRKVuTDkdE0BFEBYpgB4wi4USGMNPYBKQKcxYDiDMVTKSXD20azC4LEfQn9bOn/nhkzDjwimZjZBFHHnH+DnaCjxw==
9q0V1S6HMfD62vgEbsqI74owLMF+pFjDtYbKxLai1adZl+ddizMkHpL8pdkNWx9U+7kohBk4FxQUKaJMj1JsaEv6krw6P2P6d20eVEnMaqJPKZ/taxaauucstej+H5zPg4M3iwqVu+I6AqK3Ot7bDlTJIDHvXrGNa+TuNuu3rrvYYfUGDZQQYuarY1WO1Cvl0BDjlxKYC9Xu/MRl05ImAfIKTnHJaT/3ma7Bz7jUh21PpIsLxLmpet4qq3yj1GvDbhcBKfqjnQ==
ijHFfCGNIZQM095pQuqSFXPZcpjICSn826Dl6YVpvTLVpcYrqNqKwCswbSp6cEbhCYqoBLqH2o0LZWaTtNuObZUvJniwja03e0LO+qtauBGkLp/ddXHVMnwQ1IuUp4dMF3tMaPup1FQ93+ggE38Am1f22rWvux4pq3TJxOG4Yk4t7exkE9YA3AGpaSIcLzaUriY8WM2HY4aTp6PG
ze/jX3Kcwgwf0rpLcIcNKqLR1Xq5JQsipGtQe7CSj+Cgc2ykWzhC5EvtoJxanFWxGBCLAQ1lQlMYkS23YB64FjPO5yEtXdHc8bquW3+gZ3Q+ThqxKIaYwgpCEheKXkuuhInwEf9eoe27pD5Wezde2yghBWb9lOACFuuTNX5Uu4UAUDP3Apgb9T68FMVDEpahQkp+UflpD9epbnFvCFQXzR9k2yvUubmajur7nDNUGyMe13HJiqPt
70h1BQ00DrP22SyvBE42wRs5itVqN2DPYuwcLuwW3x7FRFshHWVSc8jR/Rfwngi2w47XAV1d4bwB+h67DyD3FO4OSlE4hoii2oJC9xreu840SYDxz15RzYtkTvbLt857eOFVRu2U8CJGK8OV7tQLJXCQA9fymCsVTnykpbOSBkESiq4x6WkfN/kuoQ+Y1GctryQrS+S5ybq+qgs8g9SLg86Xoemao/0=
F92C8B/efkXJmYrl4kmPBJ/ynh8Z8mrAatDvAMknslJBJR9lUHfS2Ycj4o4aQvnmzSU/fQOYWxIkz93wpSAURhCV+sZKZoDKuENIDmm6jqHaVS3+M2kRDPQCWSdczwJpz8JvFHKm3KO5IXxEmdHK+JlzkDjJsRSUHtFhQlT16ML09Ssp3fOjZls7ygS1WZXMcW8GmauepMIxyJHEmbe0n7vtmKP/
X1uRfCmGSExCPkmGzVgRRjK9lwGjm2wUM4vIy2dSbC/30ZJ3/xVDYP26/tdUWklmhLfsaE/LL/r3yxPNYqFGJJnRUdzVtxlZN0ZAUvXAfSR1fzBvXxVkowM=
6Ku8VpLCrC3lVLXLw0c1FZwFinpShUtEvq4hDSOE/4nRUkElUpK3nMVBh6C58gJnOILtBiBPQPjTQ6t6c0OPXc7Z4sQ9ib1sqX/dGXOOfCLZGBkEkUdcf0MdYKMH
O+dvbc1+V87MsbTceYe2PSkFhbdm5hhiED4MWyvL4NAOT3mBjHjJ3trEDWZhzSvPnMIvDOgyxRhJVJAFDgpaxKwe0f0riDd1oxA=
vLXMPxsplNPUbFCjKTz4fW0BtJ40Ub3REcBvPnR/Po4LNmaj5mAl7/26JW95Reg1pHTbBTv037MLeWWCCvofVP+0F6v6J7UxdqMR
58LOzFw8vijIVRMIDiV9qD+QnaMxScTIzlp2GW+ly+B1ymZ3PIrxJlyHhIh32yf6/9srrYqRHuQhgbl8TUeR2b/22LJdkIVkLY8YT6cFbKML
RCpJjJdUdfe56Aot0IaNa+fG5+nHo+laDCvOwP9uew6FwaXKX5ywjIgtg2GsHj5tjYe0YrUAGpbp8OlHR2FMgPsq8MjZJqkmVLNm4NZKXHxlO1NSC2ujAg==
3Sh3bF3Tq/+w+B7qU9s+Xyibhr4OO7T4nAkkGWely+B1ymZ3PIrxJlyHhIh32yf6/9srrYqRHuQhgbl8TUeR2b/22LJdkIVkLY8YT6cFbKML
ppsUvoPc508R20jHSx++gigFhbdm5hhiED4MWyvL4NAOT3mBjHjJ3trEDWZhzSvPnMIvDOgyxRhJVJAFDgpaxKwe0f0riDd1oxA=
cLeFFY6CEhe83J4YExht2DRiu7JcP2ffvNdCplD6RO/7vwh0rusRdRzMQVpaQIXS8TlDazxmx3g4ho3cCZDYMd5+suCMOrkJO7w/caMU
QYL/2g5N/osQ9OKhf/YQWPrp1ndknc/ZF1wM9aOZZOUeWHDAUJnzvQR6nsH1EyQePYSaGnGEWdsvxazsQ/6gdBFi6eoMh5a8/q58UJ0vQ64Db6MO
ycN4DRO3y/+aJbEaA69s9qOXtxIoY7u0xmgumdi9zU+pQJeuzN9WXkN2rtPOQD0f5bo9H2FlwMXstBNV01RnI3P53RLymreEt3RfmxJHrQFuowk=
8DCmIMf8Mmpg7+bFOapnhXJiZXNczpCxeHUn/9mVMCoQf7Q+0GI0R1vX2MzuE0Fd/KRxQlpYtboREROTfN4XEJgu/USJCCiZfpbiWExCaSFbVA9poww=
5nvM5HBua5qrL3Y+ymzHx0v8zkVifYOuvGNfA8wLevqQpvwzi2OwKE53qelsUPnG2tw9ToGl+/fcOn+kSFo1gMnM4O2uooq8bCaBFUugB22jCA==
Zl+glEZ2a3dIxk6FTWs5hhzci6VrPVDm6GHxGVUAK3a4D+I2r9YCO1rwqWd5OqHn9dVUrUAUf71nBJN7zzmhysbKQ6yblDOzBje5OXKjFQ==
F3ywvgmCL1wv/260LcWqlEn2zEdmYoOuvGNfA8wLevqQpvwzi2OwKE53qelsUPnG2tw9ToGl+/fcOn+kSFo1gMnM4O2uooq8bCaBFUugB22jCA==
ozf7my1GQF76LchpcgCSck7U+8pGIRmHkD1VousEMAQYVSPJ3Mb+JV2/1IqFGBqe+QjJb7c5DEirkhCgab4prsTLxkimkpw0tQMzujtzowo=
bd2dohPJE3wQl7NHVWN3JLScrBQRMbvdlXQqldSw1kypQJeuzN9WXkN2rtPOQD0f5bo9H2FlwMXstBNV01RnI3P53RLymreEt3RfmxJHrQFuowk=
qSrFB6L+cAL5DgY8Xe131kv8zFluXPP9oGdTD8EQefqQpvwzi2OwKE53qelsUPnG2tw9ToGl+/fcOn+kSFo1gMnM4O2uooq8bCaBFUugB22jCA==
OPqaEwxKMCz8TG8erHGnYzYRmJhwJQbFE3P3oImS0qdIYl2GsO8QOOMju3pjo78dHnlyRI3pTSz5n+0Zg64s4mm46YQBpww/sz1woxc=
a6mvJrH2tNQxp2HjAtar9Vo9xoBOwQRiED4MWyvL4NAOT3mBjHjJ3trEDWZhzSvPnMIvDOgyxRhJVJAFDgpaxKwe0f0riDd1oxA=
PlRvxoEnuS5HlajHIy4ynXJiZXNczpC6ZXU/0IqeLjotILY+0GI0R1vX2MzuE0Fd/KRxQlpYtboREROTfN4XEJgu/USJCCiZfpbiWExCaSFbVA9poww=
r8XZ1pgDsgT86CfnozqwDCqRhrsAJbT4nA0yFWery+B1ymZ3PIrxJlyHhIh32yf6/9srrYqRHuQhgbl8TUeR2b/22LJdkIVkLY8YT6cFbKML
eSoSmZ859EHBmV2/E+EdiXJiZXNczpChdlZr3IuQKTsNbLs+0GI0R1vX2MzuE0Fd/KRxQlpYtboREROTfN4XEJgu/USJCCiZfpbiWExCaSFbVA9poww=
HTOEN7SrbzhckO3Wdo5pGnBoZ3FY0ZChdlZr3IuQKTsNbLs+0GI0R1vX2MzuE0Fd/KRxQlpYtboREROTfN4XEJgu/USJCCiZfpbiWExCaSFbVA9poww=
dF8u/Owi3PMQZ9m2gvMpH66n+k8U3/7cF0ob4r2VdfYXWHDAUJnzvQR6nsH1EyQePYSaGnGEWdsvxazsQ/6gdBFi6eoMh5a8/q58UJ0vQ64Db6MO
njldAWSxGTUA3QElxIofB0Rh+7EickLJG333oImS0qdIYl2GsO8QOOMju3pjo78dHnlyRI3pTSz5n+0Zg64s4mm46YQBpww/sz1woxc=
kCFyiLoV2+cPIahdO83L8XrJmFVmYoO4q3RBD90Yc/qQpvwzi2OwKE53qelsUPnG2tw9ToGl+/fcOn+kSFo1gMnM4O2uooq8bCaBFUugB22jCA==
I2MfuQhsX7iO8V5glLcKEh+pNjuri4xSZjKLpadDWVP00RmN7YBT5hBvOobnFkprotCBl2E6uZfd9Sx9iFS3DT/kO+s3uRlarmqb3FNUe2M+V1EJaqMN
Ubx7r9Nh5KP4JmA2bdWpbAXVloIqCAK1umH5GVUAK3a4D+I2r9YCO1rwqWd5OqHn9dVUrUAUf71nBJN7zzmhysbKQ6yblDOzBje5OXKjFQ==
nAtoaizcL7sQUNIeoDAfBx7WjIAqCAK1umH5GVUAK3a4D+I2r9YCO1rwqWd5OqHn9dVUrUAUf71nBJN7zzmhysbKQ6yblDOzBje5OXKjFQ==
hk5FAFenAeBmIionX01UOCgfg7d6/hliED4MWyvL4NAOT3mBjHjJ3trEDWZhzSvPnMIvDOgyxRhJVJAFDgpaxKwe0f0riDd1oxA=
nnp5GJMizKXLxT7tqv+kMysFhbdm5hhiED4MWyvL4NAOT3mBjHjJ3trEDWZhzSvPnMIvDOgyxRlJVJAFDgpaxKwe0f0riDd1oxA=
Ybk/CRyYn4LVMFujea+nsA+ewy7QctQXm2e4PG6j4S089FFSWkiV6tFhsyP8LnegWH4dVYkYSEk+JgIozPLJ0RuEL3mjHA==
AZSf56xVEbtuYgabzMNubykfg7V99BhiED4MWyvL4NAOT3mBjHjJ3trEDWZhzSvPnMIvDOgyxRlJVJAFDgpaxKwe0f0riDd1oxA=
hA5GYIJ9h0qg+jPXc6f6WDcSx7QSeUdfpsDwWOABk2W0Il6ZxctEBg2cmgJBnDkDH51stPMmwOyh+2lyvB/2ZE72vAit9yO2M3ejFg==
lCq6ihf9+R9r++69o1kfhjYSx7QSeUdfpsDwWOABk2W0Il6ZxctEBg2cmgJBnDkDH51stPMmwOyh+2lyvB/2ZE72vAit9yO2M3ejFg==
bvjZg4daLmIQ9ysuPV1EgjUSx7QSeUdfpsDwWOABk2W0Il6ZxctEBg2cmgJBnDkDH51stPMmwOyh+2lyvB/2ZE72vAit9yO2M3ejFg==
H3zArVrUjBmKVDEYpMdX2Csfg7d6/hliED4MWyvL4NAOT3mBjHjJ3trEDWZhzSvPnMIvDOgyxRlJVJAFDgpaxKwe0f0riDd1oxA=
k0FRaTxnU1vPD2yTyukTryoFhbdm5hhiED4MWyvL4NAOT3mBjHjJ3trEDWZhzSvPnMIvDOgyxRlJVJAFDgpaxKwe0f0riDd1oxA=
BEhIv2EEHBklPHDQVEsTXQ6ewy7QctQXm2e4PG6j4S089FFSWkiV6tFhsyP8LnegWH4dVYkYSEk+JgIozPLJ0RuEL3mjHA==
YC3M40akBetPBkOvs6d9bjQSx7QSeUdfpsDwWOABk2W0Il6ZxctEBg2cmgJBnDkDH51stPMmwOyh+2lyvB/2ZE72vAit9yO2M3ejFg==
V1HaUkSZlUNxOzs/itSf0jMSx7QSeUdfpsDwWOABk2W0Il6ZxctEBg2cmgJBnDkDH51stPMmwOyh+2lyvB/2ZE72vAit9yO2M3ejFg==
tpW4HzbID5GrOrjIkuLjxTISx7QSeUdfpsDwWOABk2W0Il6ZxctEBg2cmgJBnDkDH51stPMmwOyh+2lyvB/2ZE72vAit9yO2M3ejFg==
RNXXFydLw8pgaLF9SDrxySgfg7V99BhiED4MWyvL4NAOT3mBjHjJ3trEDWZhzSvPnMIvDOgyxRlJVJAFDgpaxKwe0f0riDd1oxA=
OGqBs6/sX1Nvap+mmcWpgp0FinpShUtEvq4hDSOE/4nRUkElUpK3nMVBh6C58gJnOILtBiBPQPjTQ6t6c0OPXc7Z4sQ9ib1sqX/cGXOOfCLZGBkEkUdcf0MdYKMH
2Ty5GsY3Fcqja2TxxpHCvFMf55a13gpSlqdzUSVlagPgMaVHOF5ABjsuv5HF3XksqZqmS0dgP8S2LqJhQIZwkrKimqdSHnO+jKkoYVfeyV1jxDZGA/eGq6CBfbbVlMjSbksbRaaUw5UIMOtHahizheacHNV7Uk4RyqrGARFpZwcRDvnfUJQv3RdEg9t+OVEq1grzjMsUQ9OWd4mZoqPF
nO68Cmoim40Le11oZFCZ65oiLP3C85A9OTiuSE0tG2VUf97JmzsGrn56BdaB7fs9R1CXYpg3eZABuIjWnB1+Rs7uDFok2+zuzcIyUZYd6T53Id08iDq9BzjXHnnDymsUdq7Qs6U5GGR96bbIVTvU+A35WGSiqcWi8G10Unh9r6lZey/2x6NuZBGhKby9p0DZb1bo8s3w9eR9r6iPt+Wco/s=
wmuMp99GcCfGQi1PPlplQjEf6a2D2F+aDWanrqs/88SrmOXR9VFdCqWdBpPYYmp4W4jtkgrIpll5Mmg8yr86tXtdZqvE425V5RfmwMA1TY8L+k5C2+JYqdSWX+UFSTUKDCjUs+SfZ3RnQ4zQixE07E1naJhjx+AjJ04ajd+D/hHbTMn8kYCCdl3VLNxjbuBkcRPpmmyX1izenvxgvb+DvuOfo/4=
eFWR1kIaJr3d4tOJRUcohIJAtL98Wnw057ShKevKr5rl1/lbRRSxjzbl5JhCFn9qjbTm4t5njQA46hblcnu/H6ZtiKm2i7FFFna8j6Uhb1juJHcI4NdgZM9zmdO9hIiqVDVoFf/q89E8JjdrnALpBYg+D20YnVP8ytuDWTZfn46Jul1K2iiJB1zqn1SISpUxyXxA/e7S6uzsdqGli7DnnaP4
KS/yINcew+SWCZcIkaN0G5PKjFYSj/dkKjTPYAaU7cd6nhPEHUkd7Mm//BmTztyiudh5BLEHvP/j3QCjZw==
j6qNYgeIMxD8mGpviXcuts0P9AfaS+ww8rtsc4mcVMixoHhokz8EYm00Y7VjFLdDgvntMqJaxyQH9M/7wgedIX6jGQ==
+GRBx3jj6c6cRdbEH1zATzdYmbocCRNhhsC8BadIz262IBjLxdxYHzrYgFdWniMXGIxstPMmwOyh+2lyvB/2ZE72vAit9yO2M3ejFg==
9soQBP2F5uM8X9diPCDThbLEdwX+735a3V3PTamHX0zwBF0JD5z+we57C00YQY7mn176iNZLU/5HjHpeKNGhmqCNpjZAPUKIS9X0EvxOt0DY3t01ifgI6b5GQsjM0glxm2RvWaM8
pec2pM8xw8RZilznqHaSTzSJna8VHPzyzgc4Wy3AjeYsjS8rN4jzYA6Hk5Ru7GPgqswpt56WD+Qhgbl8TUeQ2b/22LJdkIVkLY8YT6cFbKML
OPRol7Mgmtp2Hntcym/Tu0XqcONGZCD2vidD1J6Mc+C6LFl3zja/ZLHhSTydZ6DZzxaIcu0wFeTd78gPlyV8oxs=
eUPJyGpRRi3cujmZ2Qjf+80P9AfaS+ww8qZsc4mcVMixoHhokz8EYm00Y7VjFLdDgvntMqJaxyQH9M/7wgedIX6jGQ==
KS/yINcew+SWCZcIkaN0G5PKjFYSj/dkKjTPYAaU7cd6nhPEHUkd7Mm//BmTztyiudh5BLEHvP/j3QCjZw==
a82AOmfWiRbnMEgsRRPln0XqcONGZCDrvidD1J6Mc+C6LFl3zja/ZLHhSTydZ6DZzxaIcu0wFeTd78gPlyV8oxs=
IenEgTmEJkqPpyt9q+M2du/u1mkU0fD/Rw8Z4KKVJ+c2WDydF9CvtgZ42JP1BDgHCsCAT2aGQ88o1KzsQ/6gdBFj6eoMh5a8/q58UJ0vQ64Db6MO
v/5frSckPTUZ1L/GadHRbdJmFysAiC/JPiMmFu2/E3rLuFi2xgpFDwCQ6JSVyURxfCMGQKZW4kQRxQ/24W2l9Uh9OXYQAT66wLHaBPs5bL6c4m+saJKF+Uk0UKWOqprkrP4Rnatod1WjMA==
Okmj+TZCWQq8ZUXNSFiiNhbSBEIq86QtedGjrZHuC8mDlpq6XG9uPPD0qLzPOvME/0GczTHVAPvWsEwzaRz0CNGgmCgzv2SiTTSD9QOUFwNi+c3ywtpnZCf0rztih31hXqM5
1JuMIkmAT+t2vna+tuHQHBbSBEIq86QtedGjrZHuC8mDlpq3XG9uPPD0qLzPOvME/0GczTHVAPvWsEwzaRz0CNGgmCgzv2SiTTSD9QOUFwNi+c3ywtpnZCf0rztih31hXqM5
RQMCJ6uMlbLpLx/VrFBvKr2rs4iRH+StlfF/R/BTEhUJnOnHqTFqOSnq9vjGznLMkU2fbgHV1b2ItQkOMBkussC5yhzbQVx2XKofFIgKFXHJvMA97hJqLOy2IWWLcGddozg=
A8wuUMM1aI4h/NudMNnm2HMe0b5aCk5ohobxQ6MM2WOxJxjLxdxYHzrYgFdWniMXGIxstPMmwOyh+2lyvB/2ZE72vAit9yO2M3ejFg==
7VRUqABbvjcly3D/7M9YEvrk0GlG2Oy9TkEG67qUa/IrWDydF9CvtgZ42JP1BDgHCsCAT2aGQ88o1KzsQ/6gdBFj6eoMh5a8/q58UJ0vQ64Db6MO
0KVRYMt6NdRrB4WM708+Jk47ZTteZGN9XLzQrkpWcLzgs+lbP6THNwt3K8K3sAJiyO3ZJlAx3orAgTo0u2mMLhxyz3wo4qUJSURwVU76OnQsbnFNa1gXZaMA
jQjPrzihgJB+XZEhNMhyLo3xLh1zjp+2fVJZ2KT/YjunzUo7aEXjW+swl4CqH28E4mTnYC5EpSfiDquExTnljAEPVJn7PpSCgeihREmXJF+rDWijDw==
SHh3uPOLd+9yZ1ucIMzqP78sbYRKE96MjSTVlL/H2a4joV+um8zSYKc1Q7f4Ebqhe2MVFg0WLjIdkrnYxL/CuweNajuIBYPbC/C3gIrfz4SCpAdgTgRFp0JOi4TleYUM4c80mdv+NAIhKEFEKdfE3wtNSKMv
ZklE83BF0vHKrz6S9pqUDWW7KYBbspYa4oUpNqvZuxZpEg+Wk4iOG1AzpdkgG4IRoZNZVD0QIJudrICwLSDkkMcPEAqhlO9d10RDW745kaoWCjMMCxSDU1Z3SRliowU=
DFkNhMFl2ekzP5jOjRatCy6Xiq5BSr34gAc+C2uFjvssjS8rN4jzYA6Hk5Ru7GPgqswpt56WD+Qhgbl8TUeQ2b/22LJdkIVkLY8YT6cFbKML
7VRUqABbvjcly3D/7M9YEvrk0GlG2Oy9TkEG67qUa/IrWDydF9CvtgZ42JP1BDgHCsCAT2aGQ88o1KzsQ/6gdBFj6eoMh5a8/q58UJ0vQ64Db6MO
xz19BXa++GJYsyhko87NhLOI5uW65td8RDnKrPwicAGdzafOe9mr1c9k32quHHg/jZCoe4JEAMP+8vNTQHBMgPsq8MjZJ6kmVLNm4NZKXHxlO1NSC2ujAg==
rDsta2a4tMkz+ZQxaGa0V7Wfv7a38dxxQTzBrPwiZwvfwLnEf8y61c9k32quHHg/jZCoe4JEAMP+8vNTQHBMgPsq8MjZJ6kmVLNm4NZKXHxlO1NSC2ujAg==
4rLo5ZB4R+2abMPvXrfF9LCI5uW65td8RDnKrPwiZwvfwLnEf8y61c9k32quHHg/jZCoe4JEAMP+8vNTQHBMgPsq8MjZJ6kmVLNm4NZKXHxlO1NSC2ujAg==
NNhnviLnezgOKggr09zXNLqfv7a38dxxQTzBrPwiZwvfwLnEf8y61c9k32quHHg/jZCoe4JEAMP+8vNTQHBMgPsq8MjZJ6kmVLNm4NZKXHxlO1NSC2ujAg==
PFIHQ1oQl68JEgXFiKeM/7ufv7a38dxxQTzBrPwiZwvfwLnEf8y61c9k32quHHg/jZCoe4JEAMP+8vNTQHBMgPsq8MjZJ6kmVLNm4NZKXHxlO1NSC2ujAg==
CtWUH3eA0VyEmvbBwbo14y6Xiq5BSr3vikUzFWGBm+osjS8rN4jzYA6Hk5Ru7GPgqswpt56WD+Qhgbl8TUeQ2b/22LJdkIVkLY8YT6cFbKML
d2Yeu6W4v4Y3TYotmyHHkFdDZ4HdzP7BafNBZFXQiAtlDMhANSD84A+vaJoJ1Adtz6QLC0a5KXpeKit8I9Trw+4XgSl6ox0=
LBZwzt98FK+Thw5xeUb2ZUv99GfZaJtUgWywfT7r5zo89WcWQB6Y7stprDP8LnegWH4dVYkYSEk+JgIozPLJ0RuEL3mjHA==
kX8qhSjX+G03kmM9KbP6kZPKjFYIifd4MjXPYAWO68dmhhLEHUkd7Mm//BmTztyiudh5BLEHvP/j3QCjZw==
KNIs1jig9WtXUGPyhJCnCUXqcONGZCDrpCFDyIaNc+C5Nl930i6+ZLHhSTydZ6DZzxaIcu0wFeTd78gPlyV8oxs=
Njp7MSf8uivFeZ88Jt11+6qqiDAE3PmwUkgH4rjRc/k2WDydF9CvtgZ42InzBCQfC8CATHyAQ9Mw1azsQ/6gdBFj6eoMh5a8/q58UJ0vQ64Db6MO
NBLM4j+JMHkti1LJeuSmbwePRxRnqPM8Mof18ZHoHNKGkYvuQXRofbW4qfuCcuZA/0beyXXDDfzRsFY1aQDsCdGgmzI1v3i6TDSD9QOUFwNi+c3ywtpnZCf0rztih31hXqM5
ZUk49E+fdfcSKZ55SPRQkBbcWhBovbJ5NIr16pHoHNKGkYvuQXRofbW4qfuCcuZA/0beyXXDDfzRsFY1aQDsCdGgmzI1v3i6TDSD9QOUFwNi+c3ywtpnZCf0rztih31hXqM5
7d33uvMQyL4qu4ObXCtxZUjY98EPcGDCxXNWsYpCNl1fHH/C3sS4bVuo1IuzXADI9AzTZ6gpDEirkhCgab8prsTLxkimkpw0tQMzujtzowo=
+w+gVhY6G3WuDaymDHfDLFdDZ4HdzP7BafNBZFXQkg1lENBBNSD/+gmvdIII1Adtz6QLC0a5KXpeKit8I9Trw+4XgSl6ox0=
SiZFuD3cEMyF0QbMK49JCZPKjFYSj/dkKjTPYAWU7cd6nhPEHUkd7Mm//BmTztyiudh5BLEHvP/j3QCjZw==
5+HAxctj55y5RQ4ebYQY4UXqcONGZCDrvidD1J6Mc+C5LFl3zja/ZLHhSTydZ6DZzxaIcu0wFeTd78gPlyV8oxs=
EJqMXyACmeCdtA8YszlOq1Vxl9FjJkLfFFj37NTVm/tDYF/A4u8HJPoU/2A1tL0HCn5jRI3pTSz5n+wZg64s4mm46YQBpww/sz1woxc=
7+dM1BOfKUpD7ilTsU55AbLEdwX+735a3V3PTamHX0zwA10JD5z+we57C00YQY7mn176iNZLU/5HjHpeKNGhmqCNpjZAPkKIS9X0EvxOt0DY3t01ifgI6b5GQsjM0glxm2RvWaM8
vDSdpHo+bq1tR8V8LerkHDSJna8VHPzyzgc4Wy3AjeYsjS8rN4jzYA6Hk5Ru7GPgqcwpt56WD+Qhgbl8TUeQ2b/22LJdkIVkLY8YT6cFbKML
Hd3mhnrXBPi+YLD849gp4B2lLSPilbMddHO35qpVGFT5g1vsq4YKoVkzMYTlUBhrtcyYoCUg74Df7zh6mVS3DT/kO+s2uRlarmqb3FNUe2M+V1EJaqMN
Zo3wQdUzzHWyu8YlKfjxVtJmFysAiC/JPiMmFu2/E3rLv1i2xgpFDwCQ6JSVyURxfCMGQKZW4kQRxQ/24W2l9Uh9OXYQAT66wLLaBPs5bL6c4m+saJKF+Uk0UKWOqprkrP4Rnatod1WjMA==
y+IJh2WwOc6/RS0+r8WozxbSBEUq86QtedGjrZHuC8mDlpq3XG9uPPD0qLzPOvME/0GczTHVAPvWsEwzaRz0CNGgmygzv2SiTTSD9QOUFwNi+c3ywtpnZCf0rztih31hXqM5
OUvunYtsIEdsIYuhCwzuzb2rs4+RH+StlfF/R/BTEhUJnOnHqTFqOSnq9vjGznLMkU2fbgHV1b2ItQkOMBkussC6yhzbQVx2XKofFIgKFXHJvMA97hJqLOy2IWWLcGddozg=
UwwxQc3awxG4usnZU1Ii3XMe0b5aCk5ohobxQ6MM2WOxJxjLxdxYHzrYgFRWniMXGIxstPMmwOyh+2lyvB/2ZE72vAit9yO2M3ejFg==
upmRgsljlhdo+m+NdC7eSfrk0GlG2Oy9TkEG67qUa/IrWDydF9CvtgZ42JP1BDgHCsCATGaGQ88o1KzsQ/6gdBFj6eoMh5a8/q58UJ0vQ64Db6MO
VEq01AcP50+xLffQA3BCwHX4hhqjoTwcf5brhmk6ZTj415Zr8zUGe6T9t4tfWEsg1rf7dFb8a+Ch3BHXdqZXJJnRUdzVtxhZN0ZAUvXAfSR1fzBvXxVkowM=
WK0V0iYVv+JRW5SI4MQRhY3xLh1zjp+2fVJZ2KT/YjunzUo7aEXjW+swl4CqH28E4mTnYC1EpSfiDquExTnljAEPVJn7PpSCgeihREmXJF+rDWijDw==
3j6VV+90W0TiNRKq9xzS0r8sbYRKE96MjSTVlL/A2a4joV+um8zSYKc1Q7f4Ebqhe2MVFg0WLjIdkrnYxL/CuweNajuIBYPbC/C3gIrfz4SCpAdgTQRFp0JOi4TleYUM4c80mdv+NAIhKEFEKdfE3wtNSKMv
Fg2clBSzuehgMKnb0bkzImW7KYBbspYa4oUpNqvZuxZpEg+Wk4iOG1AzpdkgG4IRoZNZVD0QIJudrICwLSDnkMcPEAqhlO9d10RDW745kaoWCjMMCxSDU1Z3SRliowU=
+yCsSvzqFRh7pkoENAkaoS6Xiq5BSr34gAc+C2uFjvssjS8rN4jzYA6Hk5Ru7GPgqcwpt56WD+Qhgbl8TUeQ2b/22LJdkIVkLY8YT6cFbKML
upmRgsljlhdo+m+NdC7eSfrk0GlG2Oy9TkEG67qUa/IrWDydF9CvtgZ42JP1BDgHCsCATGaGQ88o1KzsQ/6gdBFj6eoMh5a8/q58UJ0vQ64Db6MO
8/P91TasWjTrsfdiNGa+bbOI5uW65td8RDnKrPwicAGdzafOe9mr1c9k32quHHg/jZCoe4JEAMD+8vNTQHBMgPsq8MjZJ6kmVLNm4NZKXHxlO1NSC2ujAg==
suKZ3/PnehS8iAdRWTonkrqQsLm38dxxQTzBrPwiZwvfwLnEf8y61c9k32quHHg/jZCoe4JEAMD+8vNTQHBMgPsq8MjZJ6kmVLNm4NZKXHxlO1NSC2ujAg==
bpWa/5WZNnlN/o00k/mwJLCI5uW65td8RDnKrPwiZwvfwLnEf8y61c9k32quHHg/jZCoe4JEAMD+8vNTQHBMgPsq8MjZJ6kmVLNm4NZKXHxlO1NSC2ujAg==
eoygtAoFSG3mpfcmLZOReLuQsLm38dxxQTzBrPwiZwvfwLnEf8y61c9k32quHHg/jZCoe4JEAMD+8vNTQHBMgPsq8MjZJ6kmVLNm4NZKXHxlO1NSC2ujAg==
V+qDFpnFuODMeKbIOpMJd7GI5uW65td8RDnKrPwiZwvfwLnEf8y61c9k32quHHg/jZCoe4JEAMD+8vNTQHBMgPsq8MjZJ6kmVLNm4NZKXHxlO1NSC2ujAg==
5Hmx6yA7EZ/LJIoRky83qrKQsLm38dxxQTzBrPwiZwvfwLnEf8y61c9k32quHHg/jZCoe4JEAMD+8vNTQHBMgPsq8MjZJ6kmVLNm4NZKXHxlO1NSC2ujAg==
dNvw1Qj0ZZFkyqawj1AXvC6Xiq5BSr3vikUzFWGBm+osjS8rN4jzYA6Hk5Ru7GPgqcwpt56WD+Qhgbl8TUeQ2b/22LJdkIVkLY8YT6cFbKML
E3KugSaXOoI6eXvWOq+uyFdDZ4HdzP7BafNBZFXQiAtlDMhANSD/4A+vaJoJ1Adtz6QLC0a5KXpeKit8I9Trw+4XgSl6ox0=
cCU4fB3qXQ3vXy0rbVPMu5PKjFYIifd4MjXPYASO68dmhhLEHUkd7Mm//BmTztyiudh5BLEHvP/j3QCjZw==
k/X/y/39ESV+7QkTbb/wjUXqcONGZCDrpCFDyIaNc+C4Nl930i6+ZLHhSTydZ6DZzxaIcu0wFeTd78gPlyV8oxs=
lsz6btQ60ah44v5BOVn3PaqqiDAE3PmwUkgH4rjRc/k2WDydF9CvtgZ42InzBCQfC8CATXyAQ9Mw1azsQ/6gdBFj6eoMh5a8/q58UJ0vQ64Db6MO
hBc4hgDfcl9zD8dGfQ40Rv/25tjcRvL536wrVqRRFEVRyqyOsC0jbnDgsbWO2zbMlg+bKhfY0rqIrw8OLAEvssC70BrbXUR3XKofFIgKFXHJvMA97hJqLOy2IWWLcGddozg=
C6ThmGFOJZIn1QX23LkAEb2l7drTUfL52KopAPBXCVpJwayOsC0jbnDgsbWO2zbMlg+bKhfY0rqIrw8OLAEvssC70BrbXUR3XKofFIgKFXHJvMA97hJqLOy2IWWLcGddozg=
Rtx710xiqgG8O2Nh1kdHZRbcWhBovbJ5NIr16pHoHNKGkYvuQXRofbW4qfuCcuZA/0beyXXDDfzRsFY1aQDsCdGgmjI1v3i6TDSD9QOUFwNi+c3ywtpnZCf0rztih31hXqM5
++1p2c2iiD7deN821GqoS3qKm7MESbeoiw84GnzEjeYsjS8rN4jzYBSBk4h27WPgqNYvt4KODuQhgbl8TUeQ2b/22LJdkIVkLY8YT6cFbKML
dOYLhDeWAcGXzhaukgOndVdDZ4HdzP7BafNBZFXQkg1lENBBNSD++gmvdIII1Adtz6QLC0a5KXpeKit8I9Trw+4XgSl6ox0=
KS/yINcew+SWCZcIkaN0G5PKjFYSj/dkKjTPYAaU7cd6nhPEHUkd7Mm//BmTztyiudh5BLEHvP/j3QCjZw==
a82AOmfWiRbnMEgsRRPln0XqcONGZCDrvidD1J6Mc+C6LFl3zja/ZLHhSTydZ6DZzxaIcu0wFeTd78gPlyV8oxs=
X7QghSX8LI3XpPRbqCNjskcdqO4JLH2Xq8tqphynA6antAp26LkRYgDVdh5AFZLQ6y1Eejxmx3g4ho3dCZDYMd5+suCMOrkJO7w/caMU
wcpEG/e84hd7y7VTnSBh7rLEdwX+735a3V3PTamHX0zwA10JD5z+we57C00YQY7mn176iNZLU/5HjHpeKNGhmqCNpjZAPUKIS9X0EvxOt0DY3t01ifgI6b5GQsjM0glxm2RvWaM8
pec2pM8xw8RZilznqHaSTzSJna8VHPzyzgc4Wy3AjeYsjS8rN4jzYA6Hk5Ru7GPgqswpt56WD+Qhgbl8TUeQ2b/22LJdkIVkLY8YT6cFbKML
nXjIBHKj34IlwgsrL5UoVQE00JIiLwyLWRixptDVm/tDYF/A4u8HJPoU/2A2tL0HCn5jRI3pTSz5n+wZg64s4mm46YQBpww/sz1woxc=
9dPJqUvLJafLR21+JOQWLDA3IzUPvdW3dmhr0pqeMjxfLtp41jtzDgfc2s6oQUFK4L1GBkANorgLBRSCfN4XEJgu/UWJCCiZfpbiWExCaSFbVA9poww=
BYzoOD+Pg58IHEB5a6TNaW0EnqYvsmIkFmdLEnfA4tJIHXmWkGH+msCRGmR72SzenMIvDOgyxRlJVJAFDgpaxKwe0f0riDd1oxA=
mUKXtg/RZCUQ4Y9yLw+0QwUoysxwJRbeFUP37NTVm/tDYF/A4u8HJPoU/2A2tL0HCn5jRI3pTSz5n+wZg64s4mm46YQBpww/sz1woxc=
zYssC0uGi8t90qpRNQx7kQUoysFwJRbeFUP37NTVm/tDYF/A4u8HJPoU/2A2tL0HCn5jRI3pTSz5n+wZg64s4mm46YQBpww/sz1woxc=
CYlovpTgOZMXEP2V1clGx/TZthURMJmYkDF/1c620HjmXc7phYNdXEEw/NPZXCQooaBoCGN/1ML9tBNV01RnI3L53RLymreEt3RfmxJHrQFuowk=
xfUJPTTYK54QnHpce1wc9DmqghmhvD9UPZr/iml2ImG1kYx+4iwMfaT9t4tfWEsg1rf7dFb8a+Ci3BHXdqZXJJnRUdzVtxhZN0ZAUvXAfSR1fzBvXxVkowM=
tEr0SwEhqRvfPeqiCEnIGn41mpR1xwh7Di06OBn+0rRAFh4fmZqHlXrhFvlNs+OW52SqBmgJcbLApVYOQAWyoCv9JMq8FmeoeLZtzQmAuAEeLhIQDIpZWXtMH2GjBA==
CJVERsQJEdeDkeT9oPJxrANb46QZaifFutF26U2jA6antAp26LkRYgDVdh5AFZLQ6y1Eejxmx3g4ho3dCZDYMd5+suCMOrkJO7w/caMU
RKuQwosTX/uYFivcCW0FO3USzKtaRQZmi8C8BadIz262IBjLxdxYHzrYgFdWniMXGIxstPMmwOyh+2lyvB/2ZE72vAit9yO2M3ejFg==
SiZFuD3cEMyF0QbMK49JCZPKjFYSj/dkKjTPYAWU7cd6nhPEHUkd7Mm//BmTztyiudh5BLEHvP/j3QCjZw==
5+HAxctj55y5RQ4ebYQY4UXqcONGZCDrvidD1J6Mc+C5LFl3zja/ZLHhSTydZ6DZzxaIcu0wFeTd78gPlyV8oxs=
kx3YS5ht1t4slvWKVjjIzEcdqO4JLH2Xq8tqphynA6antAp26LkRYgDVdh5AFpLQ6y1Eejxmx3g4ho3dCZDYMd5+suCMOrkJO7w/caMU
iELkhZT6tbRozbKMBh2dSLLEdwX+735a3V3PTamHX0zwBF0JD5z+we57C00YQY7mn176iNZLU/5HjHpeKNGhmqCNpjZAPkKIS9X0EvxOt0DY3t01ifgI6b5GQsjM0glxm2RvWaM8
vDSdpHo+bq1tR8V8LerkHDSJna8VHPzyzgc4Wy3AjeYsjS8rN4jzYA6Hk5Ru7GPgqcwpt56WD+Qhgbl8TUeQ2b/22LJdkIVkLY8YT6cFbKML
h1JLUC9ecVNlqL5AD4+mX20EnqYvsmIkFmdLEnfA4tJIHXmWkGH+msCSGmR72SzenMIvDOgyxRlJVJAFDgpaxKwe0f0riDd1oxA=
RSml5mXeC3vWyy8XAc2X7AUoysFwJRbeFUP37NTVm/tDYF/A4u8HJPoU/2A1tL0HCn5jRI3pTSz5n+wZg64s4mm46YQBpww/sz1woxc=
yqPEM1PSa6ci5CbRYPC/WPTZthURMJmYkDF/1c620HjmXc7phYNdXEEw/NPZXCQooaBrCGN/1ML9tBNV01RnI3L53RLymreEt3RfmxJHrQFuowk=
8v7E5sl7DxQfdGzVjJbk+RnS37pkUVP9umbkIBodcjHxU+k0rZBQO03ssFA9IPfw989AqlEUf71nBJN7zjmhysbKQ6yblDOzBje5OXKjFQ==
R2GZXXTbhumV98ZoDjGG+n81mpR1xwh7Di06OBn+0rRAFh4fmZqHlXrhFvlNs+OW52SqBmgJcbLApVYOQAayoCv9JMq8FmeoeLZtzQmAuAEeLhIQDIpZWXtMH2GjBA==
+wDCiBeaHywV5dRdX3Qs6381mpN1xwh7Di06OBn+0rRAFh4fmZqHlXrhFvlNs+OW52SqBmgJcbLApVYOQAayoCv9JMq8FmeoeLZtzQmAuAEeLhIQDIpZWXtMH2GjBA==
8xn9RInUCnuaRs2hVAKihAAS9KUZaifFutF26U2jA6antAp26LkRYgDVdh5AFpLQ6y1Eejxmx3g4ho3dCZDYMd5+suCMOrkJO7w/caMU
vcNevP806pYX3JcoeXBgiGkSieUITBN6gLK/FrJE3XW2ERDUwc1vUEazmghFkjsOHpJstPMmwOyh+2lyvB/2ZE72vAit9yO2M3ejFg==
3pbzJMkV3nzSUJbYmKCvCkiR6cpAMGmE0HhDtsh2f0pKEG3Z3vWwaFm5/9zONxqU/QbLYrY2DEirkhCgab8prsTLxkimkpw0tQMzujtzowo=
93RUfrDpmyr4z237KR4NTpxP2zwUhXxEpK8hWXXP8ZLDT0cCWpK3n99+9e/3oEcpKIDeSG1LRtOFCIR6eUeBX8PY7cQ9ib1sqX/cGXOOfCLZGBkEkUdcf0MdYKMH
H7vbZfkD8t8VVb3zkXk1Xb4yaINYSZnWzyrRj73UxrgloV+klMzcIe1hEbf9UOetODJJHxcbOTJb3//CgqLPvxeOXW+fEI/JEPCGiJXb3rPN2Gx6ERdJv1tIlYTleYUM4c80mdv+NAIhKEFEKdfE3wtNSKMv
fEjO1lE76vkNFoxfQVj5074yaINYSZnWzyrRj73UxrglpV+klMzcIe1hEbf9UOetODJJHxcbOTJb3//CgqLPvxeOXW+fEI/JEPCGiJXb3rPN2Gx6ERdJv1tIlYTleYUM4c80mdv+NAIhKEFEKdfE3wtNSKMv
jjR1tHRpbThaJWJXme7lhAlquOlKR6MCkq/GuaSi30JxBiay4ayqPzAoA0boZn96KsCtqX5lMNi56b8s7icapJ3WCxIWpoz4S8JQUEmvKZ6kGwY4BgIchFVTc0obY6M6
CjdMMj4Tur+d8zteKzjbEnWAsaikvccnZcKBOI9/S2fIElkfBzvJ8uu/j0ISQh//R+5tb28w34lAUBYIJXuu8/04fHoBd3l/q+glBHXZVcwx70SZ6x7kwnFI0cTZN3Sfe21Yoz8=
ATbvDlNBRtijZIng2tUwizSxmxHs6mUfO8Ptgi93IyK+yptv4zYxL7Pou5lEWHooybPqQxmAAPr9zx3Pb6BJJJnRUdzVtxhZN0ZAUvXAfSR1fzBvXxVkowM=
AWVJ/VySLVLDQ8itf/tnBsi4Mll935myOx8fwuLibz+3zn1vf1DvSfAwpoi1G34zrRiMenFXqT/7CLWExTnljAEPVJn7PpSCgeihREmXJF+rDWijDw==
YeNuLrF09pKBoO+lPToxMGY/mU3Ysczg4P2ZNA0y1p6JiEpjaPzTCqCivwaSNB3F1oGQRCF9L6Bmo5oYZWJ7vv4C7CSTlgCcgetpYpxvNtQuZjyYTUdjRhNnowY=
LQC/3HI43sqR4avnIbP7vb6l7dTWVKD5zeNlX6JGD0BW2/WArjhtIjqtpL6b3HT43xiOJgXD0ouAqg0fB1ZS2drm2RDDWFpoXKofFIgKFXHJvMA97hJqLOy2IWWLcGddozg=
HTHsD9lstgqp9nLc0VHFMjp6is813x1jUnp3fFbnjbxeBBUe2pHcgmvgDMQfpPaa9X+qN2AWdaP36iplWlqhrDPkItS8FmeoeLZtzQmAuAEeLhIQDIpZWXtMH2GjBA==
IePUy3R3Vq9S4Yrgpn+EZuRanMlpHCkHgzIwLToGeJwLdBz99GNWVmVVDRYUKyHSs++3gsryZ1/vHuXv54A3afggTsjdq/aT1Sh0eglnUZ9zuF1ErSntrFlfzBljbkxiifiJhOHnrL8TfVCjNw==
CndLpA12t+pjwjKIJeD9keRanMtpHCkHgzIwLToGeJwLdBz99GNWVmVVDRYUKyHSs++3gsryZ1/vHuXv54A3afggTsjdq/aT1Sh0eglnUZ9zuF1ErSntrFlfzBljbkxiifiJhOHnrL8TfVCjNw==
4nXc8IciutDsM2Qr+KFkf9gJkXYEwyYWtbU9FiTL8ZLDT0cCWpK3n99+9e/3oEcpKIDeSG1LRtOFCIR6eUeBX8PY7cQ9ib1sqX/cGXOOfCLZGBkEkUdcf0MdYKMH
KS/yINcew+SWCZcIkaN0G5PKjFYSj/dkKjTPYAaU7cd6nhPEHUkd7Mm//BmTztyiudh5BLEHvP/j3QCjZw==
a82AOmfWiRbnMEgsRRPln0XqcONGZCDrvidD1J6Mc+C6LFl3zja/ZLHhSTydZ6DZzxaIcu0wFeTd78gPlyV8oxs=
Y6ZQBa3GglYMyoufVmBi1kcdqe4JLH2Xq8tqphynA6antAp26LkRYgDVdh5AFZLQ6y1Eejxmx3g4ho3dCZDYMd5+suCMOrkJO7w/caMU
9soQBP2F5uM8X9diPCDThbLEdwX+735a3V3PTamHX0zwBF0JD5z+we57C00YQY7mn176iNZLU/5HjHpeKNGhmqCNpjZAPUKIS9X0EvxOt0DY3t01ifgI6b5GQsjM0glxm2RvWaM8
91Glm0GS5Jk7FcvBJV+bLbLEdwX+735a3V3PTamHX0zwAV0JD5z+we57C00YQY7mn176iNZLU/5HjHpeKNGhmqCNpjZAPUKIS9X0EvxOt0DY3t01ifgI6b5GQsjM0glxm2RvWaM8
pec2pM8xw8RZilznqHaSTzSJna8VHPzyzgc4Wy3AjeYsjS8rN4jzYA6Hk5Ru7GPgqswpt56WD+Qhgbl8TUeQ2b/22LJdkIVkLY8YT6cFbKML
BYzoOD+Pg58IHEB5a6TNaW0EnqYvsmIkFmdLEnfA4tJIHXmWkGH+msCRGmR72SzenMIvDOgyxRlJVJAFDgpaxKwe0f0riDd1oxA=
mUKXtg/RZCUQ4Y9yLw+0QwUoysxwJRbeFUP37NTVm/tDYF/A4u8HJPoU/2A2tL0HCn5jRI3pTSz5n+wZg64s4mm46YQBpww/sz1woxc=
zYssC0uGi8t90qpRNQx7kQUoysFwJRbeFUP37NTVm/tDYF/A4u8HJPoU/2A2tL0HCn5jRI3pTSz5n+wZg64s4mm46YQBpww/sz1woxc=
CYlovpTgOZMXEP2V1clGx/TZthURMJmYkDF/1c620HjmXc7phYNdXEEw/NPZXCQooaBoCGN/1ML9tBNV01RnI3L53RLymreEt3RfmxJHrQFuowk=
jO1KLO3uGjHH2SH9I1CKlBnS37pkUVP9umbkIBodcjHxU+k0rZBQO03ssFA9IPTw989AqlEUf71nBJN7zjmhysbKQ6yblDOzBje5OXKjFQ==
PhFatE2HRkly1UlCAXb1L341mpN1xwh7Di06OBn+0rRAFh4fmZqHlXrhFvlNs+OW52SqBmgJcbLApVYOQAWyoCv9JMq8FmeoeLZtzQmAuAEeLhIQDIpZWXtMH2GjBA==
GP4jSXtu1IRO7RsZPHW3Pn41mpF1xwh7Di06OBn+0rRAFh4fmZqHlXrhFvlNs+OW52SqBmgJcbLApVYOQAWyoCv9JMq8FmeoeLZtzQmAuAEeLhIQDIpZWXtMH2GjBA==
4IFVrS4RVjSaefbcISC9gAAS9KUZaifFutF26U2jA6antAp26LkRYgDVdh5AFZLQ6y1Eejxmx3g4ho3dCZDYMd5+suCMOrkJO7w/caMU
NVO//msQOGA0Kf5e7ME9Q1SmdOxHYiD2vidD1J6Mc+C6LFl3zja/ZLHhSTydZ6DZzxaIcu0wFeTd78gPlyV8oxs=
hIoHsrWOpsIPMSPAq608mBkg1ohvMgffWlSluprblPNCbBzL4u8HJPoU/2A2tL0HCn5jRI3pTSz5n+wZg64s4mm46YQBpww/sz1woxc=
zYssC0uGi8t90qpRNQx7kQUoysFwJRbeFUP37NTVm/tDYF/A4u8HJPoU/2A2tL0HCn5jRI3pTSz5n+wZg64s4mm46YQBpww/sz1woxc=
tpkJB+7PEvVOHCqpz/OPwX81mpZ1xwh7Di06OBn+0rRAFh4fmZqHlXrhFvlNs+OW52SqBmgJcbLApVYOQAWyoCv9JMq8FmeoeLZtzQmAuAEeLhIQDIpZWXtMH2GjBA==
C9Ko8gojGAiQBP4O6WVGlX81mpV1xwh7Di06OBn+0rRAFh4fmZqHlXrhFvlNs+OW52SqBmgJcbLApVYOQAWyoCv9JMq8FmeoeLZtzQmAuAEeLhIQDIpZWXtMH2GjBA==
lsxmLvjr+NrgyrlD0nob7VSmdOxHYiD2vidD1J6Mc+C5LFl3zja/ZLHhSTydZ6DZzxaIcu0wFeTd78gPlyV8oxs=
H7Dlu44iCapj0Fg/oJ8MkBkg1ohvMgffWlSluprblPNCbBzL4u8HJPoU/2A1tL0HCn5jRI3pTSz5n+wZg64s4mm46YQBpww/sz1woxc=
E4pZAvvGRSshBFdrYZIY/bKHu66n79h6Xiz8rLpoaAmAwKPFfpz80c9k32quHHg/jZCoe4JEAMD+8vNTQHBMgPsq8MjZJ6kmVLNm4NZKXHxlO1NSC2ujAg==
CAypm3l6qW7/cX9Xgu7qQEpkJH2bwH6ZnVKJ9N5L+0LcEGz0/42on8fIwPmzRhFpKjBUnN2TX/R3xlY53aNVTClwFGNR/NwY2aCTOBvfXHKVdPtF23S/c+p5RUKqer+Un7T365qnFXFWozE=
h1JLUC9ecVNlqL5AD4+mX20EnqYvsmIkFmdLEnfA4tJIHXmWkGH+msCSGmR72SzenMIvDOgyxRlJVJAFDgpaxKwe0f0riDd1oxA=
E4pZAvvGRSshBFdrYZIY/bKHu66n79h6Xiz8rLpoaAmAwKPFfpz80c9k32quHHg/jZCoe4JEAMD+8vNTQHBMgPsq8MjZJ6kmVLNm4NZKXHxlO1NSC2ujAg==
CAypm3l6qW7/cX9Xgu7qQEpkJH2bwH6ZnVKJ9N5L+0LcEGz0/42on8fIwPmzRhFpKjBUnN2TX/R3xlY53aNVTClwFGNR/NwY2aCTOBvfXHKVdPtF23S/c+p5RUKqer+Un7T365qnFXFWozE=
NVO//msQOGA0Kf5e7ME9Q1SmdOxHYiD2vidD1J6Mc+C6LFl3zja/ZLHhSTydZ6DZzxaIcu0wFeTd78gPlyV8oxs=
hIoHsrWOpsIPMSPAq608mBkg1ohvMgffWlSluprblPNCbBzL4u8HJPoU/2A2tL0HCn5jRI3pTSz5n+wZg64s4mm46YQBpww/sz1woxc=
EOYar0WXuWeyZ9934EaLx7KHu66n79h6Xiz8rLpoaAmAwKPFfpz80c9k32quHHg/jZCoe4JEAMP+8vNTQHBMgPsq8MjZJ6kmVLNm4NZKXHxlO1NSC2ujAg==
4ZMPim0RsOik9yIjTevRhEpkJH2bwH6ZnVKJ9N5L+ULcEGz0/42on8fIwPmzRhFpKjBUnN2TX/R3xlY53aNVTClwFGNR/NwY2aCQOBvfXHKVdPtF23S/c+p5RUKqer+Un7T365qnFXFWozE=
4ZMPim0RsOik9yIjTevRhEpkJH2bwH6ZnVKJ9N5L+ULcEGz0/42on8fIwPmzRhFpKjBUnN2TX/R3xlY53aNVTClwFGNR/NwY2aCQOBvfXHKVdPtF23S/c+p5RUKqer+Un7T365qnFXFWozE=
h1JLUC9ecVNlqL5AD4+mX20EnqYvsmIkFmdLEnfA4tJIHXmWkGH+msCSGmR72SzenMIvDOgyxRlJVJAFDgpaxKwe0f0riDd1oxA=
RSml5mXeC3vWyy8XAc2X7AUoysFwJRbeFUP37NTVm/tDYF/A4u8HJPoU/2A1tL0HCn5jRI3pTSz5n+wZg64s4mm46YQBpww/sz1woxc=
HnvIGSEC2YxLiZw4aup8I381mZN1xwh7Di06OBn+0rRAFh4fmZqHlXrhFvlNs+OW52SqBmgJcbLApVYOQAayoCv9JMq8FmeoeLZtzQmAuAEeLhIQDIpZWXtMH2GjBA==
7Lfu/mnIo7uOsl0QhpUeSxEv3cEhaRDODkS4vdDVm/tDYF/A4u8HJPoU/2A1tL0HCn5jRI3pTSz5n+wZg64s4mm46YQBpww/sz1woxc=
H7Dlu44iCapj0Fg/oJ8MkBkg1ohvMgffWlSluprblPNCbBzL4u8HJPoU/2A1tL0HCn5jRI3pTSz5n+wZg64s4mm46YQBpww/sz1woxc=
RSml5mXeC3vWyy8XAc2X7AUoysFwJRbeFUP37NTVm/tDYF/A4u8HJPoU/2A1tL0HCn5jRI3pTSz5n+wZg64s4mm46YQBpww/sz1woxc=
BYzoOD+Pg58IHEB5a6TNaW0EnqYvsmIkFmdLEnfA4tJIHXmWkGH+msCRGmR72SzenMIvDOgyxRlJVJAFDgpaxKwe0f0riDd1oxA=
zYssC0uGi8t90qpRNQx7kQUoysFwJRbeFUP37NTVm/tDYF/A4u8HJPoU/2A2tL0HCn5jRI3pTSz5n+wZg64s4mm46YQBpww/sz1woxc=
UeuBci/9O3HkJFZORgg0MhEv3cEhaRDODkS4vdDVm/tDYF/A4u8HJPoU/2A2tL0HCn5jRI3pTSz5n+wZg64s4mm46YQBpww/sz1woxc=
hIoHsrWOpsIPMSPAq608mBkg1ohvMgffWlSluprblPNCbBzL4u8HJPoU/2A2tL0HCn5jRI3pTSz5n+wZg64s4mm46YQBpww/sz1woxc=
EOYar0WXuWeyZ9934EaLx7KHu66n79h6Xiz8rLpoaAmAwKPFfpz80c9k32quHHg/jZCoe4JEAMP+8vNTQHBMgPsq8MjZJ6kmVLNm4NZKXHxlO1NSC2ujAg==
7Lfu/mnIo7uOsl0QhpUeSxEv3cEhaRDODkS4vdDVm/tDYF/A4u8HJPoU/2A1tL0HCn5jRI3pTSz5n+wZg64s4mm46YQBpww/sz1woxc=
H7Dlu44iCapj0Fg/oJ8MkBkg1ohvMgffWlSluprblPNCbBzL4u8HJPoU/2A1tL0HCn5jRI3pTSz5n+wZg64s4mm46YQBpww/sz1woxc=
E4pZAvvGRSshBFdrYZIY/bKHu66n79h6Xiz8rLpoaAmAwKPFfpz80c9k32quHHg/jZCoe4JEAMD+8vNTQHBMgPsq8MjZJ6kmVLNm4NZKXHxlO1NSC2ujAg==
MN3l3HH4qIPffm27/evthUpkJH2bwH6ZnVKJ9N5L/0LcEGz0/42on8fIwPmzRhFpKjBUnN2TX/R3xlY53aNVTClwFGNR/NwY2aCTOBvfXHKVdPtF23S/c+p5RUKqer+Un7T365qnFXFWozE=
h1JLUC9ecVNlqL5AD4+mX20EnqYvsmIkFmdLEnfA4tJIHXmWkGH+msCSGmR72SzenMIvDOgyxRlJVJAFDgpaxKwe0f0riDd1oxA=
wto3pRTVezKUVwCLxMz4vLKHuq6n79h6Xiz8rLpoaAmAwKPFfpz80c9k32quHHg/jZCoe4JEAMD+8vNTQHBMgPsq8MjZJ6kmVLNm4NZKXHxlO1NSC2ujAg==
EOqnKDw9EkaDelIArEvLOEpkJH2bwH6ZnVKJ9N5L+ELbEGz0/42on8fIwPmzRhFpKjBUnN2TX/R3xlY53aNVTClwFGNR/NwY2aCTOBvfXHKVdPtF23S/c+p5RUKqer+Un7T365qnFXFWozE=
EOqnKDw9EkaDelIArEvLOEpkJH2bwH6ZnVKJ9N5L+ELbEGz0/42on8fIwPmzRhFpKjBUnN2TX/R3xlY53aNVTClwFGNR/NwY2aCTOBvfXHKVdPtF23S/c+p5RUKqer+Un7T365qnFXFWozE=
HDYhKSAVVXNu72vZPiRCDzcZ9RpZyf/W+riNoQ698Oc6UemxnyYam94mtZTm/swQW/qwGPk3qTZ0YyYwdtrc7MXrE4Ire6MS
aZVJ4BAL5UzTEgyKwD08APPm13ZZz/rkF0ob9q2YYfkwGz+XAty9rQZJ0NviFTkdN7KaB2aCRdguyqzsQ/6gdBFj6eoMh5a8/q58UJ0vQ64Db6MO
3oWL9VJQdOzjahnJh8pUZGC0dNtL79cd94kJZa+atQRuFlvb09HDXV8qptsqDIcErYFCVAwYaIyMrZqNXzqskMMJBwy/lO9d10RDW745kaoWCjMMCxSDU1Z3SRliowU=
z7yNI2SICZTSDM36mceMwuZjfHAtwAPckN7Hw6AuX0q4ps2zScZc3gJChtXjNilBXdjY5+6uwNS/nFtsRv8V1ZwabhZFk3J7AE1+T/HzM9Da4eroHQY62Nxav0TIOvVhyaygDS7CylxsBsG1ywBHTaMo
z7yNI2SICZTSDM36mceMwuZjfHAtwAPckN7Hw6AuX0q4ps2zScZc3gJChtXjNilBXdjY5+6uwNS/nFtsRv8V1ZwabhZFk3J7AE1+T/HzM9Da4eroHQY62Nxav0TIOvVhyaygDS7CylxsBsG1ywBHTaMo
h1JLUC9ecVNlqL5AD4+mX20EnqYvsmIkFmdLEnfA4tJIHXmWkGH+msCSGmR72SzenMIvDOgyxRlJVJAFDgpaxKwe0f0riDd1oxA=
wto3pRTVezKUVwCLxMz4vLKHuq6n79h6Xiz8rLpoaAmAwKPFfpz80c9k32quHHg/jZCoe4JEAMD+8vNTQHBMgPsq8MjZJ6kmVLNm4NZKXHxlO1NSC2ujAg==
h1JLUC9ecVNlqL5AD4+mX20EnqYvsmIkFmdLEnfA4tJIHXmWkGH+msCSGmR72SzenMIvDOgyxRlJVJAFDgpaxKwe0f0riDd1oxA=
RSml5mXeC3vWyy8XAc2X7AUoysFwJRbeFUP37NTVm/tDYF/A4u8HJPoU/2A1tL0HCn5jRI3pTSz5n+wZg64s4mm46YQBpww/sz1woxc=
7Lfu/mnIo7uOsl0QhpUeSxEv3cEhaRDODkS4vdDVm/tDYF/A4u8HJPoU/2A1tL0HCn5jRI3pTSz5n+wZg64s4mm46YQBpww/sz1woxc=
H7Dlu44iCapj0Fg/oJ8MkBkg1ohvMgffWlSluprblPNCbBzL4u8HJPoU/2A1tL0HCn5jRI3pTSz5n+wZg64s4mm46YQBpww/sz1woxc=
RSml5mXeC3vWyy8XAc2X7AUoysFwJRbeFUP37NTVm/tDYF/A4u8HJPoU/2A1tL0HCn5jRI3pTSz5n+wZg64s4mm46YQBpww/sz1woxc=
7TTyCNvShSrWKCq+sj/6Tn81npN1xwh7Di06OBn+0rRAFh4fmZqHlXrhFvlNs+OW52SqBmgJcbLApVYOQAayoCv9JMq8FmeoeLZtzQmAuAEeLhIQDIpZWXtMH2GjBA==
7Lfu/mnIo7uOsl0QhpUeSxEv3cEhaRDODkS4vdDVm/tDYF/A4u8HJPoU/2A1tL0HCn5jRI3pTSz5n+wZg64s4mm46YQBpww/sz1woxc=
H7Dlu44iCapj0Fg/oJ8MkBkg1ohvMgffWlSluprblPNCbBzL4u8HJPoU/2A1tL0HCn5jRI3pTSz5n+wZg64s4mm46YQBpww/sz1woxc=
RSml5mXeC3vWyy8XAc2X7AUoysFwJRbeFUP37NTVm/tDYF/A4u8HJPoU/2A1tL0HCn5jRI3pTSz5n+wZg64s4mm46YQBpww/sz1woxc=
BYzoOD+Pg58IHEB5a6TNaW0EnqYvsmIkFmdLEnfA4tJIHXmWkGH+msCRGmR72SzenMIvDOgyxRlJVJAFDgpaxKwe0f0riDd1oxA=
zYssC0uGi8t90qpRNQx7kQUoysFwJRbeFUP37NTVm/tDYF/A4u8HJPoU/2A2tL0HCn5jRI3pTSz5n+wZg64s4mm46YQBpww/sz1woxc=
lDo75Vn1Kqv+o3+OCykuNH81mZN1xwh7Di06OBn+0rRAFh4fmZqHlXrhFvlNs+OW52SqBmgJcbLApVYOQAWyoCv9JMq8FmeoeLZtzQmAuAEeLhIQDIpZWXtMH2GjBA==
7Lfu/mnIo7uOsl0QhpUeSxEv3cEhaRDODkS4vdDVm/tDYF/A4u8HJPoU/2A1tL0HCn5jRI3pTSz5n+wZg64s4mm46YQBpww/sz1woxc=
H7Dlu44iCapj0Fg/oJ8MkBkg1ohvMgffWlSluprblPNCbBzL4u8HJPoU/2A1tL0HCn5jRI3pTSz5n+wZg64s4mm46YQBpww/sz1woxc=
RSml5mXeC3vWyy8XAc2X7AUoysFwJRbeFUP37NTVm/tDYF/A4u8HJPoU/2A1tL0HCn5jRI3pTSz5n+wZg64s4mm46YQBpww/sz1woxc=
HDYhKSAVVXNu72vZPiRCDzcZ9RpZyf/W+riNoQ698Oc6UemxnyYam94mtZTm/swQW/qwGPk3qTZ0YyYwdtrc7MXrE4Ire6MS
aZVJ4BAL5UzTEgyKwD08APPm13ZZz/rkF0ob9q2YYfkwGz+XAty9rQZJ0NviFTkdN7KaB2aCRdguyqzsQ/6gdBFj6eoMh5a8/q58UJ0vQ64Db6MO
YTkd9eReZ/7TxFFe581Ezu/uyz9G2OvlWF1JoOOWbvExF3ycAty9rQZJ0NviFTkdN7KaB2aCRdguyqzsQ/6gdBFj6eoMh5a8/q58UJ0vQ64Db6MO
Akd8mUaXINxK9lUL/YTsY3Weta+8pZRiKoKYYsx7VWufRRUXTjWH6eillU5IHR3iVO9QLH0w34lAUBYIcmiuxah5ZXoWZHFhpeglBHXZVcwx70SZ6x7kwnFI0cTZN3Sfe21Yoz8=
ToS8a7xZ5pWlXTdCmYI/p1nd7cVBNmmZ0HhDtsh2f0pKEG3Z3vWwaFm5/9zONxqU/QbLYrY2DEirkhCgab8prsTLxkimkpw0tQMzujtzowo=
R9NWuP6SyvayOWk0iCMCVHo3hQTHpt3hr+rLYkM82ZaIhAloaPzTCqCivwaSNB3F1oGQRCF9L6Bmo5oYZWJ7vv4C7CSTlgCcgetpYpxvNtQuZjyYTUdjRhNnowY=
YeNuLrF09pKBoO+lPToxMGY/mU3Ysczg4P2ZNA0y1p6JiEpjaPzTCqCivwaSNB3F1oGQRCF9L6Bmo5oYZWJ7vv4C7CSTlgCcgetpYpxvNtQuZjyYTUdjRhNnowY=
AeTywgGTVRhRMhn+c1ADruVanM9pHCkHgzIwLToGeJwLdBz99GNWVmVVDRYUKyHSs++3gsryZ1/vHuXv54A3afggTsjdq/aT1Sh0eglnUZ9zuF1ErSntrFlfzBljbkxiifiJhOHnrL8TfVCjNw==
1Br7bOE6YAfIBlnsSNj29vvp3D8XlO31Q1oG8eeWbvExF3ycAty9rQZJ0NviFTkdN7KaB2aCRdguyqzsQ/6gdBFj6eoMh5a8/q58UJ0vQ64Db6MO
aZVJ4BAL5UzTEgyKwD08APPm13ZZz/rkF0ob9q2YYfkwGz+XAty9rQZJ0NviFTkdN7KaB2aCRdguyqzsQ/6gdBFj6eoMh5a8/q58UJ0vQ64Db6MO
YTkd9eReZ/7TxFFe581Ezu/uyz9G2OvlWF1JoOOWbvExF3ycAty9rQZJ0NviFTkdN7KaB2aCRdguyqzsQ/6gdBFj6eoMh5a8/q58UJ0vQ64Db6MO
7Lfu/mnIo7uOsl0QhpUeSxEv3cEhaRDODkS4vdDVm/tDYF/A4u8HJPoU/2A1tL0HCn5jRI3pTSz5n+wZg64s4mm46YQBpww/sz1woxc=
H7Dlu44iCapj0Fg/oJ8MkBkg1ohvMgffWlSluprblPNCbBzL4u8HJPoU/2A1tL0HCn5jRI3pTSz5n+wZg64s4mm46YQBpww/sz1woxc=
RSml5mXeC3vWyy8XAc2X7AUoysFwJRbeFUP37NTVm/tDYF/A4u8HJPoU/2A1tL0HCn5jRI3pTSz5n+wZg64s4mm46YQBpww/sz1woxc=
HEfy7CtCOZdecq5F+2K9w1qx+kifPJNZyHKlMnTwpCs591BZNwyE/dZyuDP8LnegWH4dVYkYSEk+JgIozPLJ0RuEL3mjHA==
4tRKymacyK/acQ3t25u8GFqx+kifPJNZyHanPHTwpCs591BZNwyE/dZyuDP8LnegWH4dVYkYSEk+JgIozPLJ0RuEL3mjHA==
cfoLRDd/ripdZAQUjqDbrrXuoB8+2+z5QQZgmKwW1wbBZuK5k8ilibUbCSbQOmj3bGwYhbeCdAUVyhauPYHFF3FUpzX53coyU0LQsk9zBmy4gZ3TQz4ODgM2KJU8sn8JPT0lFgQs1L/8i1cIT6fs/HMlZDCFI6hUO5MQn0/quuFnd26NU8hJcAkUMor1scxwG9owODnXqda0Q6YQNrrcjIXLk6Lrm6Py
G6q1NlIkbtmAyzXRr8hgHJdW/wLJQ/Agt/t9Y47JX////zl11i4dZHk0Y7VjFLdDgvntMqJaxyQH9M/7wgedIX6jGQ==
oNujpv54PvPb3mFJBDSWOxkJ4Iyu0Q1R1bo2RgQsaw7mO6VHOF5ABjsuv5HF3XksqZqmS0dgP8S2LqJhQIZwkrKimqdSHnO+jKkoYVfeyV1jxDZGA/eGq6CBfbbVlMjSbksbRaaUw5UIMOtHahizheacHNV7Uk4RyqrGARFpZwcRDvnfUJQv3RdEg9t+OVEq1grzjMsUQ9OWd4mZoqPF
nzRqLHvKN6r/MyqmLrloFh9hpJUnE6jvXt87ajVlP4YeKiey9ikh7+/oJFluRv0NpHTbBTv037MKeWWCCvofVP+0F6v6J7UxdqMR
GkoyZ438WsrsISHFG1nL1TfV4vL36NM2V8nVOpp5U2epHx8aHX/Ntemwg0BOVRSlRuRRb28l1JRBTSVcOzqu3ahyWBdPYmB6teI6BHXZVcwx70SZ6x7kwnFI0cTZN3Sfe21Yoz8=
3ubOUYMDeT47ajCbZEhklvaEJ1eNrSoBhh6IHc/VDwesVF1eWt65kPkuSkoYFZvhkQm2gJ9cU/lIlmdcdNDki7mXkHk3LESdVtL4E/xOt0DY3t01ifgI6b5GQsjM0glxm2RvWaM8
W69SF/e1QqTxJtfujt/U5Bd+YCxRRiViWuLBrAkSMvb4qeNdYbXOPF9gK8W4qh9glOycN0kr6MW3kDwhpm6ALxxyz3wo4qUJSURwVU76OnQsbnFNa1gXZaMA
PP1aMQV0WO2Yyakl9Z1mHyppy9cvmVEZQ08tZlrmybgZBhoS2M3LiTHhBvgfpOOR6H63BDQINKPZv2BBNxS0tTb6KMu8FmeoeLZtzQmAuAEeLhIQDIpZWXtMH2GjBA==
B1rvJ0KjKzbVYNyE1DwMKANa5PIeq3ADdE8tZlrmybgZBhoS2M3LiTHhBvgfpOOR6H63BDQINKPZv2BBNxS0tTb6KMu8FmeoeLZtzQmAuAEeLhIQDIpZWXtMH2GjBA==
gyOft0BDbM5Ix9x6dnr0sXM1mRjFp93noeDaZE02kZyGhEg/f/eJC6qevwaHPwDEy7LEWmB9AfUsh/dWcHt+oPQd7CSTlgCcgeRpYpxvNtQuZjyYTUdjRhNnowY=
t/Bd0eSmDN/dp2sMtFx0PKLR23K9ew4luTwEdP/rrsiaW1+LaBFC5Ues75sfj0ymBRGLCAIsQlcUr2LcYBO1eC7J/lI+Tdfa7Pn2SCGzLGAydheoNqqNzT9MCRWKXkuuhInwEf9eoe27pD5Wezde2yghBWb9lOACFuuTNX5Uu4UAUDP3Apgb9T68FMVDEpahQkp+UflpD9epbnFvCFQXzR9k2yvZubmajur7nDNUGyMe13HJiqPt
LgdE1za1FiYS3Aq8NRI0qB9hpJQnE6jvXt87ajVlP4YeKiey9ikh7+/oJFluRv0NpHTbBTv037MFeWWCCvofVP+0F6v6J7UxdqMR
t0FN1Fnct7kpr3lGRLaev+xEncJnCGxFyGxsbnM6KpoaaS6zrTIeVmJINFkJcmaLpvK9jYfya3y6A9K8iNIrb+w9foH86qm1kHJePxVlGJhxuF1ErSntrFlfyB9jbkxiifiJhOHnrL8TfVCjNw==
CrzWHf4DoLZt4NmHZiDcqSLDmmKPo0SPg+YSj+G4exSSbSfDkJzKRy0WA1LI1M3w92N+9xijrLqtTiybm4zwx+04dEKQO07ii8ku4C7BzDCbmjD4uRSrFj6Bplu1+tzMBYuTYmtbozI=
hGMtC51FWPYx6DyyOenV9SLkc6EadY/1AYATZ8/bdk9ytuOpuQpe0oHaaTUvAnCocyNh/jrk7kiVj/uNwZUQ11S1xsvoegqg6xBtCroQxkFJaqhkeidabUtFZrP0Ow7NVU8mmPAtLVe7Ys7aazo4seTOn7210VXSPDDUq9RHB+zXG0yIuwlUNP3/6ADTH4A7Fxba1W8bnsnrVMnkoVji7u2N7IRTdoC8wYhqAtZNtj/txjw4DSfjZtOHo+Y=
/uLqvRxO8SMkJihnBVBP11qx+kifPJNZyHKlMnTwpCs591BZNwyE/dZyuDP8LnegWH4dVokYQks+LQEozPLJ0RuEL3mjHA==
nUNwEbPmnOirUHvgxL/tan97D+KBXUlebzoLTiH8j1AuX3KLBSiO8Gxsf5KYq87ddb+m6NA9bcdbUs7qi6p4ocS+H02VwZVCXADUm7TXx/z368z4mxkUpB3P6DAzj8ArN2ZaJU8LXlmLZMnUwcgi/s19bPRzZsAsIblpMjbd9i/NtrzILTcj9rO3o9Y=
oa7Simo2yLKXW/r7cMseWDT2+FW7pmre2fVRTaACL1wk9Ctly7Qv0xh5dag4uqT3TzSHC6rn5dEGo2E=
EtTK3x35DfRQ3SfzdVPbPIYgOMJxdxrhIlhu8h+NTGC7inBoGUWpRp4R5kuVqlycJZvT8ssLo2I=
oa7Simo2yLKXW/r7cMseWDT2+FW7pmre2fVRTaACL1wk9Ctly7Qv0xh5dag4uqT3TzSHC6rn5dEGo2E=
EtTK3x35DfRQ3SfzdVPbPIYgOMJxdxrhIlhu8h+NTGC7inBoGUWpRp4R5kuVqlycJZvT8ssLo2I=
3GDFQrlMGP2tNn0176KcAXM1mRjFp93noeDaZE02kZyGhEg/f/eJC6qevwaHPwDAybzEWmB9AfUsh/dWcHt+oPQd7CSTlgCcgeRpYpZtNt8tZjyYTUdjRhNnowY=
74WHUCKzE+KlSSDRgUVSZANa5PIeq3ADdE8tZlrmybgZBhoS2M3LiTHhBvgfpOOR6Hq1CjQINKPZv2BBNxS0tTb6KMu8FmeoeLZtwgmAsgMeJREQDIpZWXtMH2GjBA==
euRLyfKXKUy8zAKuRYsPtCppy9cvmVEZQ08tZlrmybgZBhoS2M3LiTHhBvgfpOOR6Hq1CjQINKPZv2BBNxS0tTb6KMu8FmeoeLZtwwmAsgMeJREQDIpZWXtMH2GjBA==
h9zdfBv1xihSioSUxLLn3Bd+YCxRRiViWuLBrAkSMvb4qeNdYbXOPF9gK8W4rh1ulOycN0kr6MW3kDwhpm6ALxxyz3wo4qUHSUR6V07xOXQsbnFNa1gXZaMA
llKX1EixcCBBUlBhkqv8aPaEJ1eNrSoBhh6IHc/VDwesVF1eWt65kPkuSkoYFZvhkQm2gJ9cU/lIkmVSdNDki7mXkHk3LESdVtL4E/xOt0DY3t07ifgC675NQcjM0glxm2RvWaM8
FoaZmFm3sxUZ4NZ1VUgzozfV4vL36NM2V8nVOpp5U2epHx8aHX/Ntemwg0BOVRSlRuRRb28l1JRFTytcOzqu3ahyWBdPYmB6teI6BHXZVcwx70qZ6xTmwnpL0cTZN3Sfe21Yoz8=
S4WQAS0B9pmRaGqSLtkkFJGv1VJQ6mDNPtr+BtIjp11BJxl4FHHT/NNvrMdaENP0o0ElG3fjJxsljJSqun8LUh3S499baoDKuENIDmm6jqHaVS3+M2kRDPQCWSdczwJpz8JvFHKm3KO5IXxEmdHK+JlzkDjJsRSUHtFhQlT16ML09Ssp3fOjZls7ygS1WZXMcW8CmKuUpsI6y5HEmbe0n7vtmKP/
ElLb5UW+Ya53sa8TcMpMWO3Gqw31jDM+uon+BXMQWs7wtWUvJQdpky/bDlCkP+wtk6yVAxsnDAn68zVKXpu4hRL0S6VrNI+T/3hVaFg6xDdvNGdLSmdFEWajAQ==
cugXtDNVeGRg9ytcwMOMiC/O4PUwNKDVFRghuAix0xWynNv7vPYnCPjWregIoPLjnoXRcAyqGbn77N8Bo2Q=
cugXtDNVeGRg9ytcwMOMiC/O4PUwNKDVFRghuAix0xWynNv7vPYnCPjWregIoPLjnoXRcAyqGbn77N8Bo2Q=
