N8tZK0GLX5dqSht1T/C2bsyPsNsEQouveVUnZWsB6jmvUyohOXxXejLLqfzZTZWvFooCNKwL9m5vqhbqJ1lN5MtxgE4hamYBQsW1fqv5iWxc0pFnFD8qCfcyVxRKVuTDkdE0BFEBYpgB4wi4USGMNPYBKQKcxYDiDMVTKSXD20azC4LEfQn9bOn/mBgzAToilZjZC1HHnH+DnbGuxA==
kSi/Mg5/hOAfMfBHNPr9fEvglfGistAqt5+9qMRZGnPgrf7JxP19vbRx3LVChgE+ttKQsj/I7A1mT/kxNoK0i7UFh2yukJ+scFPokG8H0RdtoOCeVAEAMS8uu6Wc0r/vDKYBscgK50kImVsI6q/Lneb79zoJDjXuCuzBc3wel1CYbn0BiMinX35aYhhDAulhW5SPuK7P
SgKaBrxJe3iUlZnuJsFCH9nN8LvYFm3XBpeqlxogxT4QTQ5q35gsbjrTeu1QgwDW4/hOhj0w2g1PNllZBoNcwD0pCH7hiNlwdpTgV/4Q6KqFV+BD1SqDbr0fBVaesmb/Fv73BlDZBGkzHm3Vj3RqvgfXQvMcERF+8ZTsGgLbpx1itMdtVIAHz87Y143K7MBt/7IKSTa66sl16YNPPR6FB5T0q2VLtK/Tnnj1rby6I/TPOwcLKudl0Zeu4g==
4KCNz6lNM/OTL/w/iGdE8MYNp6B5EesPRGIlYSpzpJvRL0zvWD7fMJ3cHnzk6P8OID8+Md0bxpSIib0Lk5aOtvP+SI0sWj9xjbWFTlQE1IeMw7eQ388sBEMtROhViyjsy1twh18C+pnX/87VA+BJSHlc0hJl2QyIK9IQ4Ol7KG5LjcYEJlKT9DVDM/q7oq7J
7WG9Bf71wP2eExM4hg03i2mcSMmRHGDm0bzj65BnnWLY4Itv/Pu5/EInZFcJCzzzUMv/HOWYzoBMfH+CuNuObZUvJniwja03e0LO+qtauBGkLp/ddXHVMnwQ1IuUp4dMF3tMaPup1FQ93+ggE38Am1f22rWvux4pq3TJxOG4Yk4t7exkE9YA3AGvaCITKTaYriYzWM2HY4aTtq7F
w1X2cIVC1yGb00t1P1xDkGmcSMmRHGDm0bzj65BnnWLY8YNh+vS4rkInZFcJCzzzUMj/HOWYzoBMfH+CuNuObZUvJniwja03e0LO+qtauBGkLp/ddXHVMnwQ1IuUp4dMF3tMaPup1FQ93+ggE38Am1f22rWvux4pq3TJxOG4Yk4t7exkE9YA3AGvaCITKTaYriYzWM2HY4aTtq7F
W4t3x81RODrlhgzM1vSYNgoo0F+zgwSiyEcAZZhFIGHqacx+ocjoRSl4sDq9mO2ByKcmHBFlpmpQkfyyalOku5GPzE8YHd8Q3Xye3KTI/y5gn76RnTvGtMgpPavTto6Ws17ILWx6P1HNFQXuFCTUp8xjNzCf7ywkA43ESBWrKMyL+/AnHyL6uZdfTnVDwEloOfxSsiX5DKhrcpBAqVsoTgstRqRmcpPUdeOzWvuCruk=
mqFA73wSTzh2H+gVyJrgIVfxbkae5GVbP3V+Su8I9wAZNak+KHgdMJaUwJeekAjqp1eDAzWqI67dH+UWPjIGP/b+18YwWeQpEx4NFS/0yn5n12KzvJFxvtGUzNpiWwddQrSnrfQApw+u2PfNKmygrd+y6olWOkqJlenjj52eZUf09IslqzTPE754Fe0cOoO0Lzsny4pnhZG3rsI=
/uNNBEFoPZ1QjDi9Cn+R8o7A0DFHYAfNgUFw6tql5cLuV3ce/MRoqLWqPGIKY6SrsX+MH/irX4B9DF4MxPj/PkBv/sF9i0YkaFn9e7OGjoaTroh9jMq/wW1lxT50FNS37JN3YH9frLSj/QSYdZso3KsLsHf/knopNy+OpSPwSXgZDBLixUmMOMsCUJDJayheK90G9IbCE0TVk3OKm7Ku+Q==
XrK0J6XZS6em0zWWhYmPkJGcussYSoj8Y1c5dXhG9hqvXipOXxI+YDvcsPTme7jIXsZTZ/VP43Jl4hvfI1p46tBzgE4hamYBQsW1fqv5iWxc0pFnFD8qCfcyVxRKVuTDkdE0BFEBYpgB4wi4USGMNPYBKQKcxYDiDMVTKSXD20azC4LEfQn9bOn/mBgzAToilZjZC1HHnH+DnbGuxA==
zXiOTZzBCoThmrWAQr4bYLGpUPLKreX6nn+XxrOG5gJAiZz6muskE0HX7EcoYR/4TeR+FNTw/wYwRx4ZLcOG3NgxXeMjDg4+YwboJVwC/7ldjeUmZBzUj5y7l7gvF2xME5WkAOUTqGRbo9AvL1o6UQfHrr0z+ElAaSTyOpUBTMB7avAIWeOo5tt1ZqxWClM85XtTkou6rsE=
9YVelDp+oI/cu8K9mX5U+n1jZBSibTLWKnu825eK1EAeFEgn9vCwGngQ+1PtSgu+1R/tBhZSXu8OPo+2iLkMmZueheWHVLLOvxda4+Sxma7ZlMTKintfDXp0fx2MoA//Jlh/fcKMGN2HchJZDlpimZ3p65+1fr0XjLRT1RNUp6M2+J2dtJp7BHd7HxtSR+2Bv67K
j0WWSI+zXUmM9V9G7VJSl0WHBi3l0HELal6GZpX8ujVQEOKmuYisAjvrOzhln5Jxn7PQn/fua6tIStRPuL3MZhKP5P9Zwxz7QOe4tHUQbkgcVH+q6BMu5QWHZlCghY3/K+pOUvuSmBm0Bt915fl1+iw41KPEbyfEh9MMQOuh9Jxtd2iIQ7cgk0femh0/M77h+1zJ7LFwwsa9RaxMA94gFFEH6IpD4RaQvg5z8F0Pw07Dnq7t
5Qfk07WABK802Y2hCyP7Ycj1kg4F52rXZ9n4GJM2u14AMRhoGTudr5UupdxWQpaAo0wodH7rIGg2lpigvX8LUh3S499baoDKuENIDmm6jqHaVS3+M2kRDPQCWSdczwJpz8JvFHKm3KO5IXxEmdHK+JlzkDjJsRSUHtFhQlT16ML09Ssp3fOjZls7ygS1WZXMcW8AmKuRosI9yJHLmbe0n7vtia78
Zs1le//HyamPKDHPF1kjgJU7oYFr9bWs4lnZ7zATZmglL0STcdASaVZqcatJ+GjOnlS0KSnZcZz1SxXPA94cuQUZYe3AeZTjyAzXsG3mxX/U9mb4n2WZKnm5/kNer0csCeyQ65L0Rup2vmv/wwSsNHqjrBjK7nzBWGfXwtHaJ18fYsxa5Fss7g1C8lFWnSk+t6EdPEi6fQf4V955A0qrFLYuELNludhkvWl2yJW7FPjNeZhkYikFojDttFK4/W+pGftv9ocjLmRRIWm8/ScE2C/ZrvKBcLXrPS/oj/dlza64
KRIa8Px58w1XsJw3qzGCKb3qrBc777/jTzsviLZftASSXN6Xot22mbZeTznGeSL3ZHgTpvrbJCMh5yz3SNGZSS1UviS0wP82UHfeqU1zBmy4gZ3TQz4ODgM2KJU8sn8JPT0lFgQs1L/8i1cIT6fs/HMlZDCFI6hUO5MQn0/quuFnd26NU8hJcAkUMor1scxwG9owODnTqNa7RaYcNrrTjIXLk6Lriq7x
XAtO8E5Ttl1jx4R1lKLC9BMmZT0VNtyj46N/JwcH/9yOs9QgekDuY7rRtp2+ol8tPlUCE0wk45KiF2Rn6Vt8I/C9ee1FyA5QLEx/stgLTj0136YIEF3tZ5tyzspLCvjBBF4fLdUhFeIcINS79HdHHLeLzBhbeZQE3e/oEPMvQEv3hlpFD+ve+ctEyfSBaKIejR1sFLMGQIzhn2gS83l2SA5Ws6ht16NW84au9Q==
oryzjolo1NLAmYLu6lFudXZ5gstKj52wNl00j5aV9GtReCxsqfD7cuY0VjYcPCHbkLjaioq2r29nPKD09lvICI5mwuFEL1OyNcLr31N6qKpgkzDOsco2QbLlpX67mbmsDLIB52Sf2kmn0mcUera0g2FxRITBYTJYMYMYuEEBfHSmobmCLCUwotzlIynV44uGA2syRO2pLayZ34gYI+EKYkV4SYuhZ+y/U/2BrvQ=
v6BbaXVs4gmxjdeUaZdyXPWQwhg/4CFoJInPRR8F42nXxvKl5FJufvZptte2n7qsVxciIxIBODrb+E4xRIXNdZR5zGsJ35G21ppgij/wHEUGx2lpdlqkg5XNNxQuaC/kUFv4yK/fQZ+NaJCmVDlw+c+mK31ciq/nLO6xSUhyV4EokUvQqvdbFYazBwIJNsWmamRRKzzGh1i4ps15CDAXF15SckCD2nnpu1z/gK73
MTU6fQURmCf4xZG2XaiQfkla+4io2wpegvRpWzljaBbuEfVKfRMEUhodo/jS1ARf0uC0Eg82JpupOq8mWZ9hnrKimqdSHnO+jKkoYVfeyV1jxDZGA/eGq6CBfbbVlMjSbksbRaaUw5UIMOtHahizheacHNV7Uk4RyqrGARFpZwcRDvnfUJQv3RdEg9t6OFEl0Ar/jMsbQ9OWd4mZs67G
oBsjdDxznWXQS9pubmWM7D3w7QE6kpih6f+bZbo8qJKic/HLwfSmBQQxJfEEnQQYKiSZ0gZeCD6/RHSB1qNhnVYubGcFSd+gblzH4EC/MLwPK8n7Xaz4klQNGD0fwqOJ/P5nAzzqWX0Ixr8FuHWDpIoDU3FWd2+2iYKtYroAWd8csk+8KCIlzUgE/xNOtro0Iy7xjWuYl7Suww==
IQD39GntVMh2OMWN7NFI54v4PkYG/UgbFHQOUURlDRUUmQwNCvBRFlY6oKo/0NzlhmepSXY6ZGMVrff0LghvBNA7uCiv/wE/DcjQhlQZMFlPBmtdXGrvh6wO8SlIkpfhqHGLsKrXm7UGE8ciCRYFBurEkQs8pke4OMYNmQhQV/feMjKgg/o5STv8v6Cu1w==
Zup1Uj/PEORHq4Wo+gPTuH+k7p1g2o6g6/zA9NabaIgupufia++zMlUCC98zOkgqANMQzpGKlsESpYV+W9nZLOxyYeeEX3rJBxJHFFp2FAPBsaSEoaHS2FHD+LhhQdz0BuGZggxlUCI8pUMpNSPrBuOrEkTNaY0sOR+oGEMh6uIlOKmLwSdMP/O9oa7U
9bWx2fKDFs+ePF7Bd4Z78on4PlcE60wbFHQOUURlDRUUmQwPCvBRFlY6oKo/0NzlhmepSXY6ZGMVrff0LghvBNA7uCiv/wE/DcjQhlQZMFlPBmtdXGrvh6wO8SlIkpfhqHGLsKrXm7UGE8ciCRYFBurEkQs8pke4OMYNmQhQV/feMjKgg/o5STv8v6Cu1w==
BlPVFTTy5pq572Dh+/CYcX+k6It8x46g6/zA9NabaIgupuHia++zMlUCC98zOkgqANMQzpGKlsESpYV+W9nZLOxyYeeEX3rJBxJHFFp2FAPBsaSEoaHS2FHD+LhhQdz0BuGZggxlUCI8pUMpNSPrBuOrEkTNaY0sOR+oGEMh6uIlOKmLwSdMP/O9oa7U
db4Z48CSdStxSEhwQXGHE3+k6Z1uwo6g6/zA9NabaIgupuDia++zMlUCC98zOkgqANMQzpGKlsESpYV+W9nZLOxyYeeEX3rJBxJHFFp2FAPBsaSEoaHS2FHD+LhhQdz0BuGZggxlUCI8pUMpNSPrBuOrEkTNaY0sOR+oGEMh6uIlOKmLwSdMP/O9oa7U
IGEF9dzj5276Jt79DQk21BYDqJuixQ1blL0nXyVlLhDuH6UZaxsfQRsagfjS1ARf0uC0EgUwKJupOq8mWZ9hnrKimqdSHnO+jKkoYVfeyV1jxDZGA/eGq6CBfbbVlMjSbksbRaaUw5UIMOtHahizheacHNV7Uk4RyqrGARFpZwcRDvnfUJQv3RdEg9t9OFEl0Ar/jMsbQ9OWd4mZs67G
9s9WJJDrkfQymzv/Qs4k8oGg4L/kOxEse6T+qqR/ZRUHP+Tq0mfuDl9jWXk67um1greNzJlsHhCGlNB3rtC4ChvQHONl6vOOrR8VNm7y1l9mfmemgJnUSQMeHTXfNLrel1fyE2zRIV7hlPw6MhvX/dI0Vw2EwFcvvtjnrRqsEM1vMnrphvoaqWXpk69N3jWnZHQ7xRt0//OpeAXNbHpzFF+7t2vap1Xxh67y
TcjTrK/4DRhkwf7v5WiJOqLR23K9ew4luTwEdP/rrsiaW1+LaBFC5Ues75sfj0ymBRGLCAIsQlcUr2LcYBO1eC7J/lI+Tdfa7Pn2SCGzLGAydheoNqqNzT9MCRWKXkuuhInwEf9eoe27pD5Wezde2yghBWb9lOACFuuTNX5Uu4UAUDP3Apgb9T68FMVDEpahQkp+UflpD9epbnFvCFQXzR9k2yvVuLmViOr3nDNbGyMe13HJm67u
TcjTrK/4DRhkwf7v5WiJOqLR23K9ew4luTwEdP/rrsiaW1+LaBFC5Ues75sfj0ymBRGLCAIsQlcUr2LcYBO1eC7J/lI+Tdfa7Pn2SCGzLGAydheoNqqNzT9MCRWKXkuuhInwEf9eoe27pD5Wezde2yghBWb9lOACFuuTNX5Uu4UAUDP3Apgb9T68FMVDEpahQkp+UflpD9epbnFvCFQXzR9k2yvVuLmViOr3nDNbGyMe13HJm67u
DujcSHA4KW9zmb8kiF/GbcnrjlfFBl7792JI8SbD2xw6Tk7XWvC45r9Z5zPlygQyBbXk2dAsG4PyJgx68QoK7Whx52armT+iT7qLX9zEuOhJRXjTGnywCvRu8gDCnT6DkkazkpvQvsrnQmOaAVZBZI4qKYXjXAVtTj7PNki5zBnbnsVlx1RyTn8XGmOksdkuGZQESsp7H406dL+dTKBPf2ZYP/0CjNhdx3JS2U5aohld6asf9X59l0y0k1VTVOcj8vhdHXSaO4Q3e9+bkkctAf+uig==
oyaK3WCSWmJtabxVmYR8mJRibbqW5pcmPSWuDAgiASxXcNj/0npH5yczJNnvieFbMyvra5l3MMMe55fCkVpnX9/iDFok2+zuzcIyUZYd6T53Id08iDq9BzjXHnnDymsUdq7Qs6U5GGR96bbIVTvU+A35WGSiqcWi8G10Unh9r6lZey/2x6NuZBGhKby9p0DYb1nu8sHw9et9r6iPt+WNrvg=
0cA+Njl6GU+oT5F54xK9Etg7T3IHhMgdeLPYvKzojmGDYYjyn4DVhb1EY0wrfOUiJ9qw9YtJMUaWyoC6P8D8FUY3yfn2ysQzVZ0X5C4YDzQQ6xhYL0/h70248JZUCRApD9aL7dwaT1dsPpE5SIJ30eghK0AqZ/vlxuPnMgkGJfYqlPG7vFbn6Hj27Y0IQDfHHuKS0ANK2Zl7jJ+wrsc=
wirwT9nCWXXzOzqGjpCjLN/4242Yog+Y1FQMv6lj2N23iAxpRuYQl1yK33QIqlWeyNwPm27+Kgzj1uHFC5AnbK4b
o3QTFSD1CG6SzkrRLcsL3rXuoB8+2+z5QQZgmKwW1wbBZuK5k8ilibUbCSbQOmj3bGwYhbeCdAUVyhauPYHFF3FUpzX53coyU0LQsk9zBmy4gZ3TQz4ODgM2KJU8sn8JPT0lFgQs1L/8i1cIT6fs/HMlZDCFI6hUO5MQn0/quuFnd26NU8hJcAkUMor1scxwG9owODnYqNa7RaYcNrrTjIXLk6Lriq7x
QRlNdUn4mS+f6qf5JhPRLYowLMF+pFjDtYbKxLai1adZl+ddizMkHpL8pdkNWx9U+7kohBk4FxQUKaJMj1JsaEv6krw6P2P6d20eVEnMaqJPKZ/taxaauucstej+H5zPg4M3iwqVu+I6AqK3Ot7bDlTJIDHvXrGNa+TuNuu3rrvYYfUGDZQQYuarY1WO1Cvl0BDjlxKYC9Xu/MRl05ImAfIKTnHJaT/3ma7Bz7jUh21PpIsLybipddgqp3yj22vDbhcBKeuung==
/O+bCss6URkvTBt5p1B1h9bSDojKts5SQx7LRy8nm2zde6eeq5F5qScY3DIVY4SCjSt8aVzuUMsVIp5AKmAfOiciTlYl0dJ/uAYqWmP16K8V9bF+8TKmB5CeGrzDJK2iIpk3PYE+iGhCAwqxI7HmX6z/PvFdW8bUCEm9yxPWjvZzPkhNrBo/MQ11hY7URNTHDAO3UF+PLETD7UQo1csorEubcEffQvrZVz/OFYOgSQj5nNLS5ZkMyKsSECBpMCguy03GxKYSk7S1gzM6O+KuiQ==
1AyatVBx39RzbOlCnhP5/NgLmT13ok4o/Y0EOAqV8prKTUYWHaSOjtx4y6CRoVA4LrrQUkMKGfTJT6l6cEiBXcrB7sQ9ib1sqX/TGHOBeiLVGBkLkUdcf0Mdca4E
QXMt2YDCGGf0xJNnF4oO03d3eqplXSNlZgvpKkNrTm62yn12aX1jvd/APwIgx7HQSWhQ9vQthka23uR6fIskLoWyirE+jXG+77G1nHCK9UfwB0YZ6zpTFE5e+NP96dAkNVlOaD2rTHiVafCEGtmNYjg9LHKQTdepoUtH1h9zJiTZUZHcFTfXWPfJBlK5QD0rNf9wb5+Vta7A
N6eba6XK+uF/oN1KF84O5syAp8ABV5qSeVUnZWgH6jmvUypOUhJRBlW1p/2bCMOyTJ8VMO0Q/GZopQLGMlZ46tBzgE4hamYBQsW1fqv5iWxc0pFnFD8qCfcyVxRKVuTDkdE0BFEBYpgB4wi4USGMNPYBKQKcxYDiDMVTKSXD20azC4LEfQn9bOn/khgzAToilZjZC1HHnH+DnbGuxA==
zFdBtLtgzH+LnyMA4tlD6YowLMF+pFjDtYbKxLai1adZl+ddizMkHpL8pdkNWx9U+7kohBk4FxQUKaJMj1JsaEv6krw6P2P6d20eVEnMaqJPKZ/taxaauucstej+H5zPg4M3iwqVu+I6AqK3Ot7bDlTJIDHvXrGNa+TuNuu3rrvYYfUGDZQQYuarY1WO1Cvl0BDjlxKYC9Xu/MRl05ImAfIKTnHJaT/3ma7Bz7jUh21PpIsLyLipddgqp3yj22vDbhcBKeuung==
JjWpb8ovq6MP9pytXRePbnPZcpjICSn826Dl6YVpvTLVpcYrqNqKwCswbSp6cEbhCYqoBLqH2o0LZWaTtNuObZUvJniwja03e0LO+qtauBGkLp/ddXHVMnwQ1IuUp4dMF3tMaPup1FQ93+ggE38Am1f22rWvux4pq3TJxOG4Yk4t7exkE9YA3AGlaCITKTaYriYzWM2HY4aTtq7F
Pq+Jq4zUMtu0pH8kqAz+LKLR1Xq5JQsipGtQe7CSj+Cgc2ykWzhC5EvtoJxanFWxGBCLAQ1lQlMYkS23YB64FjPO5yEtXdHc8bquW3+gZ3Q+ThqxKIaYwgpCEheKXkuuhInwEf9eoe27pD5Wezde2yghBWb9lOACFuuTNX5Uu4UAUDP3Apgb9T68FMVDEpahQkp+UflpD9epbnFvCFQXzR9k2yvYuLmViOr3nDNbGyMe13HJm67u
Twlrip2YTFJN7LG/zEDL3xs5itVqN2DPYuwcLuwW3x7FRFshHWVSc8jR/Rfwngi2w47XAV1d4bwB+h67DyD3FO4OSlE4hoii2oJC9xreu840SYDxz15RzYtkTvbLt857eOFVRu2U8CJGK8OV7tQLJXCQA9fymCsVTnykpbOSBkESiq4x6WkfN/kuoQ+Y1GctryQrS+i4ybW4qgc8g9uLg86XoemLrv4=
6X+A0fnXHzPIJbZK7wETe5/ynh8Z8mrAatDvAMknslJBJR9lUHfS2Ycj4o4aQvnmzSU/fQOYWxIkz93wpSAURhCV+sZKZoDKuENIDmm6jqHaVS3+M2kRDPQCWSdczwJpz8JvFHKm3KO5IXxEmdHK+JlzkDjJsRSUHtFhQlT16ML09Ssp3fOjZls7ygS1WZXMcW8KmKuRosI9yJHLmbe0n7vtia78
+gWuOLsAfbZ95oHL9wAeyw+ewy7QctQXm2e4PG6j4S089FFSWkiV6tFhsyP8LnegWH4dW4gYR08+KgIow/LJ0RuEL2iuHw==
69Gyo7iYwvJusHYsh4zBwSgfg7d6/hliED4MWyvL4NAOT3mBjHjJ3trEDWZhzSvPnMIvDOgyxRdIVJ8DDgZaxKMe0f0riDdkrhM=
AybGxFMdtcnAZUJaDhj4oJwFinpShUtEvq4hDSOE/4nRUkElUpK3nMVBh6C58gJnOILtBiBPQPjTQ6t6c0OPXc7Z4sQ9ib1sqX/SGHOBeiLVGBkLkUdcf0Mdca4E
R/aWltLHnKFk0UOREFFjCw6ewy7QctQXm2e4PG6j4S089FFSWkiV6tFhsyP8LnegWH4dW4gYR08+KgIow/LJ0RuEL2iuHw==
l8SUa/Eq2VBXEETVav5ZQQqewy7QctQXm2e4PG6j4S089FFSWkiV6tFhsyP8LnegWH4dW4gYR08+KgIow/LJ0RuEL2iuHw==
wJHKRndAmRCIhTrWS4bIRQmewy7QctQXm2e4PG6j4S089FFSWkiV6tFhsyP8LnegWH4dW4gYR08+KgIow/LJ0RuEL2iuHw==
RsjaNOlMJSAMQj/8OlG9Cyofg7d6/hliED4MWyvL4NAOT3mBjHjJ3trEDWZhzSvPnMIvDOgyxRdIVJ8DDgZaxKMe0f0riDdkrhM=
58t5wTGQgBqG2QOGXWfTGy0fg7d6/hliED4MWyvL4NAOT3mBjHjJ3trEDWZhzSvPnMIvDOgyxRdIVJ8DDgZaxKMe0f0riDdkrhM=
YSbqCXwpOngIlf0oq6Mvjwyewy7QctQXm2e4PG6j4S089FFSWkiV6tFhsyP8LnegWH4dW4gYR08+KgIow/LJ0RuEL2iuHw==
82uYuqtU9JJZ6gOlavJcug2ewy7QctQXm2e4PG6j4S089FFSWkiV6tFhsyP8LnegWH4dW4gYR08+KgIow/LJ0RuEL2iuHw==
azj6FV5iKloNh8FpTmlecQ8ppurlKbNgzVqOF+Q6ueYUV7yon6s/+ucrQ42ywdak6THhnCXXJlhHaXYSCWDNq+Xf4C+PNWWuEA==
c+G2nH8zw0RhY6/SC8HqRwuewy7QctQXm2e4PG6j4S089FFSWkiV6tFhsyP8LnegWH4dW4gYR08+KgIow/LJ0RuEL2iuHw==
yUglCYAVG0Mmo3GpQ2Q50CkFhbdm5hhiED4MWyvL4NAOT3mBjHjJ3trEDWZhzSvPnMIvDOgyxRdIVJ8DDgZaxKMe0f0riDdkrhM=
1BsOhqoLY8qAm2pkTLProw8ppuvlKbNgzVqOF+Q6ueYUV7yon6s/+ucrQ42ywdak6THhnCXXJlhHaXYSCWDNq+Xf4C+PNWWuEA==
aFfO9NzdXyO5BFK44xGN9CgFhbdm5hhiED4MWyvL4NAOT3mBjHjJ3trEDWZhzSvPnMIvDOgyxRdIVJ8DDgZaxKMe0f0riDdkrhM=
KuWX86hXCTBjLG/Nrr5lkSsFhbdm5hhiED4MWyvL4NAOT3mBjHjJ3trEDWZhzSvPnMIvDOgyxRdIVJ8DDgZaxKMe0f0riDdkrhM=
PTnKDDBce1L/LU0oHzzIVCoFhbdm5hhiED4MWyvL4NAOT3mBjHjJ3trEDWZhzSvPnMIvDOgyxRdIVJ8DDgZaxKMe0f0riDdkrhM=
6jjS2zO+sco22M6X2JujeZ0FinpShUtEvq4hDSOE/4nRUkElUpK3nMVBh6C58gJnOILtBiBPQPjTQ6t6c0OPXc7Z4sQ9ib1sqX/SGHOBeiLVGBkLkUdcf0Mdca4E
W5XM8Z6vEKIc1qHtWmrQiJ4FinpShUtEvq4hDSOE/4nRUkElUpK3nMVBh6C58gJnOILtBiBPQPjTQ6t6c0OPXc7Z4sQ9ib1sqX/SGHOBeiLVGBkLkUdcf0Mdca4E
4y1pJh/bwV1HEIxsuhqcEFxwkNBwJRbeFWP3oImS0qdIYl2GsO8QOOMju3pjo78dHnlyRI3pTSz5n+IYg6Eq4mW46YsBpww/sz1hrhQ=
nxVKPhpS2VnCZx12bpC8Mikfg7d6/hliED4MWyvL4NAOT3mBjHjJ3trEDWZhzSvPnMIvDOgyxRdIVJ8DDgZaxKMe0f0riDdkrhM=
14QmLXCaZHmOSd0wJ2CbJA8qpuvlKbNgzVqOF+Q6ueYUV7yon6s/+ucrQ42ywdak6THhnCXXJlhHaXYSCWDNq+Xf4C+PNWWuEA==
Z9/0SqkCB7Y88M0xxdwFllxwkNFqIxbCDWL3oImS0qdIYl2GsO8QOOMju3pjo78dHnlyRI3pTSz5n+IYg6Eq4mW46YsBpww/sz1hrhQ=
RfteB+2NQm427BAG376B6FxwkNBqIxbCDWL3oImS0qdIYl2GsO8QOOMju3pjo78dHnlyRI3pTSz5n+IYg6Eq4mW46YsBpww/sz1hrhQ=
VSrF2EONbwTUIVmRoj5Zng8qpurlKbNgzVqOF+Q6ueYUV7yon6s/+ucrQ42ywdak6THhnCXXJlhHaXYSCWDNq+Xf4C+PNWWuEA==
Z1LP6o376km22nBTtFKBZw8ppunlKbNgzVqOF+Q6ueYUV7yon6s/+ucrQ42ywdak6THhnCXXJlhHaXYSCWDNq+Xf4C+PNWWuEA==
pZGEQ9mPV48rC2hPrdx9Pw8ppujlKbNgzVqOF+Q6ueYUV7yon6s/+ucrQ42ywdak6THhnCXXJlhHaXYSCWDNq+Xf4C+PNWWuEA==
rwDHtY/nsbuVyxZHsRJkLw8rpurlKbNgzVqOF+Q6ueYUV7yon6s/+ucrQ42ywdak6THhnCXXJlhHaXYSCWDNq+Xf4C+PNWWuEA==
zjV4fiAgX6ZUJ4zveEXqVQ8ppu/lKbNgzVqOF+Q6ueYUV7yon6s/+ucrQ42ywdak6THhnCXXJlhHaXYSCWDNq+Xf4C+PNWWuEA==
z1i0a40z4dcb2Ni0nxxTkygdibd/8AdiED4MWyvL4NAOT3mBjHjJ3trEDWZhzSvPnMIvDOgyxRdIVJ8DDgZaxKMe0f0riDdkrhM=
wr/UrNlidDWUbFTw/mtr/g8ppu3lKbNgzVqOF+Q6ueYUV7yon6s/+ucrQ42ywdak6THhnCXXJlhHaXYSCWDNq+Xf4C+PNWWuEA==
Kx0xvnGWSE6iCJFUCwdxoikdibd/8AdiED4MWyvL4NAOT3mBjHjJ3trEDWZhzSvPnMIvDOgyxRdIVJ8DDgZaxKMe0f0riDdkrhM=
EGMLbfIebpx/nI5pBJT6ug8ppu7lKbNgzVqOF+Q6ueYUV7yon6s/+ucrQ42ywdak6THhnCXXJlhHaXYSCWDNq+Xf4C+PNWWuEA==
cfueSJGCrnQsze/8EBD2BFxzkNFqIxbCDWL3oImS0qdIYl2GsO8QOOMju3pjo78dHnlyRI3pTSz5n+IYg6Eq4mW46YsBpww/sz1hrhQ=
DlPQrgFyV1fcmKQ2RfalSw8qpunlKbNgzVqOF+Q6ueYUV7yon6s/+ucrQ42ywdak6THhnCXXJlhHaXYSCWDNq+Xf4C+PNWWuEA==
egvQpuN6YbzQivB+g1UTuw8qpujlKbNgzVqOF+Q6ueYUV7yon6s/+ucrQ42ywdak6THhnCXXJlhHaXYSCWDNq+Xf4C+PNWWuEA==
W2TmAGy4XHqvC+LoVWLEvQ8rpuvlKbNgzVqOF+Q6ueYUV7yon6s/+ucrQ42ywdak6THhnCXXJlhHaXYSCWDNq+Xf4C+PNWWuEA==
jrUJKRps8DyxXLC+0PhjMu3Gphn2rnY+vZy8D2IKZI2stGkjMAB5viHAHx6kP+4um7bWAxYgFQ/tujUPSYWYlRT0S6VrNI+T9HhVbVw6wzRvO2dLSmdFEXeuAg==
roU5O8Vzeh9ZDLmJoDqk0gOjKyGjja8ZdjyQpbBUVUvk0A2G7YBT5hBvOobnFkprotCBl2E6uZfd9Sx9iFS3DT/kO+s4uBlVqGqX3FNbe2M+V1EJe64O
xNVhK7+qtn1gVyoIDz/Zdkv8zkVifYOvvHhZH9wMePqQpvwzi2OwKE53qelsUPnG2tw9ToGl+/fcOn+kSFo1j8jM7+uuroq8YyaBFUugB3yuCw==
XqnymY8jN6qMF6RCmSuFxVH6zF5wfYOvvHhZH9wMePqQpvwzi2OwKE53qelsUPnG2tw9ToGl+/fcOn+kSFo1j8jM7+uuroq8YyaBFUugB3yuCw==
HttbvQi9okd9sHle7mzOJkv8zEJofIOvvHhZH9wMePqQpvwzi2OwKE53qelsUPnG2tw9ToGl+/fcOn+kSFo1j8jM7+uuroq8YyaBFUugB3yuCw==
gZxatUKumQV1oFeridL0jgckzJRtEkL7KXj3oImS0qdIYl2GsO8QOOMju3pjo78dHnlyRI3pTSz5n+sfg6Eq4mW46YsBpww/sz1hrhQ=
U0GUgMhXPqr5K0QqkKje+x0izIh1E0L7KXj3oImS0qdIYl2GsO8QOOMju3pjo78dHnlyRI3pTSz5n+sfg6Eq4mW46YsBpww/sz1hrhQ=
5syDD9byjaq/HO2GUqzSYlf20UNmWtC2q3phS/8qcvqQpvwzi2OwKE53qelsUPnG2tw9ToGl+/fcOn+kSFo1hs/M7+uuroq8YyaBFUugB3yuCw==
uiCU/IhsKVn0esXQWJU58AlyvvlfRrgawK//ufT43Ec5EyaDr7Gsei05BEbEFDA0eIXjuXxWfpW975R6pQgarpnYCR8XqYz4S8JQUEmoL56rHQY0BgIThFVTc0obcq45
SrnrMhwYFouQCWC9K70ifwckzpNnE0L7KXj3oImS0qdIYl2GsO8QOOMju3pjo78dHnlyRI3pTSz5n+sfg6Eq4mW46YsBpww/sz1hrhQ=
w2NPZTQYdzCtHwdS0W8Av58FinpShUtEvq4hDSOE/4nRUkElUpK3nMVBh6C58gJnOILtBiBPQPjTQ6t6c0OPXc7Z4sQ9ib1sqX/bH3OBeiLVGBkLkUdcf0Mdca4E
p7pcQKLcselcBHHt7c7HWpgFinpShUtEvq4hDSOE/4nRUkElUpK3nMVBh6C58gJnOILtBiBPQPjTQ6t6c0OPXc7Z4sQ9ib1sqX/bH3OBeiLVGBkLkUdcf0Mdca4E
oPRbYl1XV+7PKkvy639BhA8rpujlKbNgzVqOF+Q6ueYUV7yon6s/+ucrQ42ywdak6THhnCXXL19HaXYSCWDNq+Xf4C+PNWWuEA==
SHtbd+pQ3a8LsnYiXYbIhQ8spuvlKbNgzVqOF+Q6ueYUV7yon6s/+ucrQ42ywdak6THhnCXXL19HaXYSCWDNq+Xf4C+PNWWuEA==
t+CtbhTq6p9HlbmbGm7zXg8spurlKbNgzVqOF+Q6ueYUV7yon6s/+ucrQ42ywdak6THhnCXXL19HaXYSCWDNq+Xf4C+PNWWuEA==
L6m6U21j7G0SuTmOJHtYwg8rpunlKbNgzVqOF+Q6ueYUV7yon6s/+ucrQ42ywdak6THhnCXXL19HaXYSCWDNq+Xf4C+PNWWuEA==
KtlPXz3ssAULjqZ1qP+Jdykfg7V99BhiED4MWyvL4NAOT3mBjHjJ3trEDWZhzSvPnMIvDOgyxR5PVJ8DDgZaxKMe0f0riDdkrhM=
wto8gFjILOZEIQp6a5BCpFxykNFqIxbCDWL3oImS0qdIYl2GsO8QOOMju3pjo78dHnlyRI3pTSz5n+sfg6Eq4mW46YsBpww/sz1hrhQ=
f7wE3kr+I+8VVHL76lmu7Qiewy7QctQXm2e4PG6j4S089FFSWkiV6tFhsyP8LnegWH4dUo8YR08+KgIow/LJ0RuEL2iuHw==
MzisCl0X7M0RArsRX3Kw4Aeewy7QctQXm2e4PG6j4S089FFSWkiV6tFhsyP8LnegWH4dUo8YR08+KgIow/LJ0RuEL2iuHw==
/RJ/cexRwmak9Ai+SXFAOC0Fhbdm5hhiED4MWyvL4NAOT3mBjHjJ3trEDWZhzSvPnMIvDOgyxR5PVJ8DDgZaxKMe0f0riDdkrhM=
ySmKRkW4iEgNs4v3c6FjFiwFhbdm5hhiED4MWyvL4NAOT3mBjHjJ3trEDWZhzSvPnMIvDOgyxR5PVJ8DDgZaxKMe0f0riDdkrhM=
Ml1ELY45W2qrPw4TkB1UIysfg7d6/hliED4MWyvL4NAOT3mBjHjJ3trEDWZhzSvPnMIvDOgyxR5PVJ8DDgZaxKMe0f0riDdkrhM=
F9ym8eQk0CZSabAMFCk3SCwfg7d6/hliED4MWyvL4NAOT3mBjHjJ3trEDWZhzSvPnMIvDOgyxR5PVJ8DDgZaxKMe0f0riDdkrhM=
pbHYAMQaTudKTfL30jdZBS8Fhbdm5hhiED4MWyvL4NAOT3mBjHjJ3trEDWZhzSvPnMIvDOgyxR5PVJ8DDgZaxKMe0f0riDdkrhM=
Zb6F7KcyZDbweeMWVBIRPCgfg7V99BhiED4MWyvL4NAOT3mBjHjJ3trEDWZhzSvPnMIvDOgyxR5PVJ8DDgZaxKMe0f0riDdkrhM=
7oZuKN3F6Vz9GvX8tDNvMgaewy7QctQXm2e4PG6j4S089FFSWkiV6tFhsyP8LnegWH4dUo8YR08+KgIow/LJ0RuEL2iuHw==
IuvrnX5kdC8Ht+0HGfoKqFMf55a13gpSlqdzUSVlagPgMaVHOF5ABjsuv5HF3XksqZqmS0dgP8S2LqJhQIZwkrKimqdSHnO+jKkoYVfeyV1jxDZGA/eGq6CBfbbVlMjSbksbRaaUw5UIMOtHahizheacHNV7Uk4RyqrGARFpZwcRDvnfUJQv3RdEg9t5P1El0Ar/jMsbQ9OWd4mZs67G
EjwJ5x2lv032gMgWJWbe6poiLP3C85A9OTiuSE0tG2VUf97JmzsGrn56BdaB7fs9R1CXYpg3eZABuIjWnB1+Rs7uDFok2+zuzcIyUZYd6T53Id08iDq9BzjXHnnDymsUdq7Qs6U5GGR96bbIVTvU+A35WGSiqcWi8G10Unh9r6lZey/2x6NuZBGhKby9p0ffb1nu8sHw9et9r6iPt+WNrvg=
rN2iTmE/G8N5p6NXs/xlljEf6a2D2F+aDWanrqs/88SrmOXR9VFdCqWdBpPYYmp4W4jtkgrIpll5Mmg8yr86tXtdZqvE425V5RfmwMA1TY8L+k5C2+JYqdSWX+UFSTUKDCjUs+SfZ3RnQ4zQixE07E1naJhjx+AjJ04ajd+D/hHbTMn8kYCCdl3VLNxjbuBkcRTvmmOR1iDenvNgvb+DvuOOrv0=
ASgNuhWurN/uPIKYWwydiYJAtL98Wnw057ShKevKr5rl1/lbRRSxjzbl5JhCFn9qjbTm4t5njQA46hblcnu/H6ZtiKm2i7FFFna8j6Uhb1juJHcI4NdgZM9zmdO9hIiqVDVoFf/q89E8JjdrnALpBYg+D20YnVP8ytuDWTZfn46Jul1K2iiJB1zqn1SISpU2z3xP++7e6uzjdqGli7DnjK77
i8uADZ/ne3TaQmlg2PAzlVSmdOxHYiD2vidD1J6Mc+C5LFl3zja/ZLHhSTydZ6ffzxmOcuEwFevd78gPlyVtrhg=
GDcyar/wMoPxTXdAo5AYtxkg1ohvMgffWlSluprblPNCbBzL4u8HJPoU/2A1tL0HCn5jRI3pTSz5n+sfg6Eq4mW46YsBpww/sz1hrhQ=
3a6df3crP26YUvAgV0LghiZ52xnPusrw5/v8Y1c0+diChEgtaPzTEabQvBWHOA/e1rCYWyVsGO8ayIBEdm5jp/gc7CSTlgCcgexvYpNpNtguZjOYTUdjRhN2rgU=
h5S83sFHJ51rTgJeD+ztpzSJna8VHPzyzgc4Wy3AjeYsjS8rN4jzYA6Hk5Ru7GPgqcwpt56WD+Qhgbl8TUeX37/53rJRkIVrLY8YT6cFfa4I
Jr53FmC5FRqr92yloZ7URNJmFysAiC/JPiMmFu2/E3rKpU64wRVZBAiBu4yC1FdheG1WCq8SokQWhwuy92Ci8kh9OXYQAT66wLLaBPs5bL6c4m+saJKF/k80X6OOpprko/4Rnatod0SuMw==
Jr53FmC5FRqr92yloZ7URNJmFysAiC/JPiMmFu2/E3rKpU64wRVZBAiBu4yC1FdheG1WCq8SokQWhwuy92Ci8kh9OXYQAT66wLLaBPs5bL6c4m+saJKF/k80X6OOpprko/4Rnatod0SuMw==
933rriAvEi8/2F2MILsVZG0EnqYvsmIkFmdLEnfA4tJIHXmWkGH+msCSGmR72SzenMIvDOgyxR5PVJ8DDgZaxKMe0f0riDdkrhM=
Rw9rrYKeGOWctPonoHX+egUoysFwJRbeFUP37NTVm/tDYF/A4u8HJPoU/2A1tL0HCn5jRI3pTSz5n+sfg6Eq4mW46YsBpww/sz1hrhQ=
ltcpHFfUpkr7pB6AG19qbpxO2D0c1j5K4vh5WT2U+YzRREZBUcmgjt5kyL3gtUs7M4DvQHJPV+TKdO9gJVSNR9re88Q9ib1sqX/bH3OBeiLVGBkLkUdcf0Mdca4E
SU1MEhlg4W3CeJHqJ0lGfREv3cEhaRDODkS4vdDVm/tDYF/A4u8HJPoU/2A1tL0HCn5jRI3pTSz5n+sfg6Eq4mW46YsBpww/sz1hrhQ=
GDcyar/wMoPxTXdAo5AYtxkg1ohvMgffWlSluprblPNCbBzL4u8HJPoU/2A1tL0HCn5jRI3pTSz5n+sfg6Eq4mW46YsBpww/sz1hrhQ=
vIn4qkTYjCsUnycqmXn+WCd52xnPusrw5/v8Y1c0+diChEgtaPzTEabQvBWHOA/e1rCYWyVsGO8ayIBEdm5jp/gc7CSTlgCcgexvYpNpNtguZjOYTUdjRhN2rgU=
933rriAvEi8/2F2MILsVZG0EnqYvsmIkFmdLEnfA4tJIHXmWkGH+msCSGmR72SzenMIvDOgyxR5PVJ8DDgZaxKMe0f0riDdkrhM=
Rw9rrYKeGOWctPonoHX+egUoysFwJRbeFUP37NTVm/tDYF/A4u8HJPoU/2A1tL0HCn5jRI3pTSz5n+sfg6Eq4mW46YsBpww/sz1hrhQ=
SU1MEhlg4W3CeJHqJ0lGfREv3cEhaRDODkS4vdDVm/tDYF/A4u8HJPoU/2A1tL0HCn5jRI3pTSz5n+sfg6Eq4mW46YsBpww/sz1hrhQ=
GDcyar/wMoPxTXdAo5AYtxkg1ohvMgffWlSluprblPNCbBzL4u8HJPoU/2A1tL0HCn5jRI3pTSz5n+sfg6Eq4mW46YsBpww/sz1hrhQ=
vIn4qkTYjCsUnycqmXn+WCd52xnPusrw5/v8Y1c0+diChEgtaPzTEabQvBWHOA/e1rCYWyVsGO8ayIBEdm5jp/gc7CSTlgCcgexvYpNpNtguZjOYTUdjRhN2rgU=
933rriAvEi8/2F2MILsVZG0EnqYvsmIkFmdLEnfA4tJIHXmWkGH+msCSGmR72SzenMIvDOgyxR5PVJ8DDgZaxKMe0f0riDdkrhM=
Rw9rrYKeGOWctPonoHX+egUoysFwJRbeFUP37NTVm/tDYF/A4u8HJPoU/2A1tL0HCn5jRI3pTSz5n+sfg6Eq4mW46YsBpww/sz1hrhQ=
LD4YMmUQOUW9BkmTkuFbPpxO2z0c1j5K4vh5WT2U+YzRREZBUcmgjt5kyL3gtUs7M4DvQHJPV+TKdO9gJVSNR9re88Q9ib1sqX/bH3OBeiLVGBkLkUdcf0Mdca4E
SU1MEhlg4W3CeJHqJ0lGfREv3cEhaRDODkS4vdDVm/tDYF/A4u8HJPoU/2A1tL0HCn5jRI3pTSz5n+sfg6Eq4mW46YsBpww/sz1hrhQ=
GDcyar/wMoPxTXdAo5AYtxkg1ohvMgffWlSluprblPNCbBzL4u8HJPoU/2A1tL0HCn5jRI3pTSz5n+sfg6Eq4mW46YsBpww/sz1hrhQ=
UmFegb4BK3oj7LM3I9XNz7KHuK6n79h6Xiz8rLpoaAmAwKPFfpz80c9k32quHHg/jZCoe4JEAMD+8vNTQHBMgPsq8MjZIK8mW7Vm7NZKU3xlO1NSC3quAQ==
933rriAvEi8/2F2MILsVZG0EnqYvsmIkFmdLEnfA4tJIHXmWkGH+msCSGmR72SzenMIvDOgyxR5PVJ8DDgZaxKMe0f0riDdkrhM=
AiXGv56BEbettnDa1OMJmrOHuK6n79h6Xiz8rLpoaAmAwKPFfpz80c9k32quHHg/jZCoe4JEAMD+8vNTQHBMgPsq8MjZIK8mW7Vm7NZKU3xlO1NSC3quAQ==
933rriAvEi8/2F2MILsVZG0EnqYvsmIkFmdLEnfA4tJIHXmWkGH+msCSGmR72SzenMIvDOgyxR5PVJ8DDgZaxKMe0f0riDdkrhM=
UmFegb4BK3oj7LM3I9XNz7KHuK6n79h6Xiz8rLpoaAmAwKPFfpz80c9k32quHHg/jZCoe4JEAMD+8vNTQHBMgPsq8MjZIK8mW7Vm7NZKU3xlO1NSC3quAQ==
933rriAvEi8/2F2MILsVZG0EnqYvsmIkFmdLEnfA4tJIHXmWkGH+msCSGmR72SzenMIvDOgyxR5PVJ8DDgZaxKMe0f0riDdkrhM=
AiXGv56BEbettnDa1OMJmrOHuK6n79h6Xiz8rLpoaAmAwKPFfpz80c9k32quHHg/jZCoe4JEAMD+8vNTQHBMgPsq8MjZIK8mW7Vm7NZKU3xlO1NSC3quAQ==
h5S83sFHJ51rTgJeD+ztpzSJna8VHPzyzgc4Wy3AjeYsjS8rN4jzYA6Hk5Ru7GPgqcwpt56WD+Qhgbl8TUeX37/53rJRkIVrLY8YT6cFfa4I
lNA87Ga8wGoey6jDyb7aZdJmFysAiC/JPiMmFu2/E3rIpU64wRVZBAiBu4yC1FdheG1WCq8SokQWhwuy92Ci8kh9OXYQAT66wLLaBPs5bL6c4m+saJKF/k80X6OOpprko/4Rnatod0SuMw==
lNA87Ga8wGoey6jDyb7aZdJmFysAiC/JPiMmFu2/E3rIpU64wRVZBAiBu4yC1FdheG1WCq8SokQWhwuy92Ci8kh9OXYQAT66wLLaBPs5bL6c4m+saJKF/k80X6OOpprko/4Rnatod0SuMw==
933rriAvEi8/2F2MILsVZG0EnqYvsmIkFmdLEnfA4tJIHXmWkGH+msCSGmR72SzenMIvDOgyxR5PVJ8DDgZaxKMe0f0riDdkrhM=
Rw9rrYKeGOWctPonoHX+egUoysFwJRbeFUP37NTVm/tDYF/A4u8HJPoU/2A1tL0HCn5jRI3pTSz5n+sfg6Eq4mW46YsBpww/sz1hrhQ=
aMoi8UZHrPpSgkWg9pd1hpxO2j0c1j5K4vh5WT2U+YzRREZBUcmgjt5kyL3gtUs7M4DvQHJPV+TKdO9gJVSNR9re88Q9ib1sqX/bH3OBeiLVGBkLkUdcf0Mdca4E
TUjuDEYGsQtjh7/QiUe6HFSmdOxHYiD2vidD1J6Mc+C+LFl3zja/ZLHhSTydZ6ffzxmOcuEwFevd78gPlyVtrhg=
4LyzssYuqc0dGKv5tABXEBkg1ohvMgffWlSluprblPNCbBzL4u8HJPoU/2AytL0HCn5jRI3pTSz5n+sfg6Eq4mW46YsBpww/sz1hrhQ=
kwM5OrnDiwnoUo+WElzg7rOHuK6n79h6Xiz8rLpoaAmAwKPFfpz80c9k32quHHg/jZCoe4JEAMf+8vNTQHBMgPsq8MjZIK8mW7Vm7NZKU3xlO1NSC3quAQ==
QRrGbIyIKdSWOLZMQDCt3TSJna8VHPzyzgc4Wy3AjeYsjS8rN4jzYA6Hk5Ru7GPgrswpt56WD+Qhgbl8TUeX37/53rJRkIVrLY8YT6cFfa4I
dM3+NvwuhiBpoi+CQ+2eetJmFysAiC/JPiMmFu2/EHrIpU64wRVZBAiBu4yC1FdheG1WCq8SokQWhwuy92Ci8kh9OXYQAT66wLXaBPs5bL6c4m+saJKF/k80X6OOpprko/4Rnatod0SuMw==
dM3+NvwuhiBpoi+CQ+2eetJmFysAiC/JPiMmFu2/EHrIpU64wRVZBAiBu4yC1FdheG1WCq8SokQWhwuy92Ci8kh9OXYQAT66wLXaBPs5bL6c4m+saJKF/k80X6OOpprko/4Rnatod0SuMw==
nluiP3Qpxy1sMY44ll6Vu20EnqYvsmIkFmdLEnfA4tJIHXmWkGH+msCVGmR72SzenMIvDOgyxR5PVJ8DDgZaxKMe0f0riDdkrhM=
UIuZu6oAVsMwMlB+uh10FQUoysFwJRbeFUP37NTVm/tDYF/A4u8HJPoU/2AytL0HCn5jRI3pTSz5n+sfg6Eq4mW46YsBpww/sz1hrhQ=
+pdOZqo9CAXxgJtpbmGW4pxO2j0c1j5K4vh5WT2U+YzRREZBUcmgjt5kyL3gtUs7M4DvQHJPV+TKdO9gIlSNR9re88Q9ib1sqX/bH3OBeiLVGBkLkUdcf0Mdca4E
SU1MEhlg4W3CeJHqJ0lGfREv3cEhaRDODkS4vdDVm/tDYF/A4u8HJPoU/2A1tL0HCn5jRI3pTSz5n+sfg6Eq4mW46YsBpww/sz1hrhQ=
GDcyar/wMoPxTXdAo5AYtxkg1ohvMgffWlSluprblPNCbBzL4u8HJPoU/2A1tL0HCn5jRI3pTSz5n+sfg6Eq4mW46YsBpww/sz1hrhQ=
vIn4qkTYjCsUnycqmXn+WCd52xnPusrw5/v8Y1c0+diChEgtaPzTEabQvBWHOA/e1rCYWyVsGO8ayIBEdm5jp/gc7CSTlgCcgexvYpNpNtguZjOYTUdjRhN2rgU=
h5S83sFHJ51rTgJeD+ztpzSJna8VHPzyzgc4Wy3AjeYsjS8rN4jzYA6Hk5Ru7GPgqcwpt56WD+Qhgbl8TUeX37/53rJRkIVrLY8YT6cFfa4I
VPapCXTTTApvJmTk2wt+N9JmFysAiC/JPiMmFu2/EHrJpU64wRVZBAiBu4yC1FdheG1WCq8SokQWhwuy92Ci8kh9OXYQAT66wLLaBPs5bL6c4m+saJKF/k80X6OOpprko/4Rnatod0SuMw==
VPapCXTTTApvJmTk2wt+N9JmFysAiC/JPiMmFu2/EHrJpU64wRVZBAiBu4yC1FdheG1WCq8SokQWhwuy92Ci8kh9OXYQAT66wLLaBPs5bL6c4m+saJKF/k80X6OOpprko/4Rnatod0SuMw==
V9gCdS00wUl5nTJALXtCrxEv3cEhaRDODkS4vdDVm/tDYF/A4u8HJPoU/2AytL0HCn5jRI3pTSz5n+sfg6Eq4mW46YsBpww/sz1hrhQ=
4LyzssYuqc0dGKv5tABXEBkg1ohvMgffWlSluprblPNCbBzL4u8HJPoU/2AytL0HCn5jRI3pTSz5n+sfg6Eq4mW46YsBpww/sz1hrhQ=
Vc/5lCyN86FrgJONehhuuyd52xnPusrw5/v8Y1c0+diChEgtaPzTEabQvBWHOA/e1rCYWyVsGO8ayIBDdm5jp/gc7CSTlgCcgexvYpNpNtguZjOYTUdjRhN2rgU=
QRrGbIyIKdSWOLZMQDCt3TSJna8VHPzyzgc4Wy3AjeYsjS8rN4jzYA6Hk5Ru7GPgrswpt56WD+Qhgbl8TUeX37/53rJRkIVrLY8YT6cFfa4I
CXZ7aYu4f+VOB21k63mHA9JmFysAiC/JPiMmFu2/EHrKpU64wRVZBAiBu4yC1FdheG1WCq8SokQWhwuy92Ci8kh9OXYQAT66wLXaBPs5bL6c4m+saJKF/k80X6OOpprko/4Rnatod0SuMw==
CXZ7aYu4f+VOB21k63mHA9JmFysAiC/JPiMmFu2/EHrKpU64wRVZBAiBu4yC1FdheG1WCq8SokQWhwuy92Ci8kh9OXYQAT66wLXaBPs5bL6c4m+saJKF/k80X6OOpprko/4Rnatod0SuMw==
nluiP3Qpxy1sMY44ll6Vu20EnqYvsmIkFmdLEnfA4tJIHXmWkGH+msCVGmR72SzenMIvDOgyxR5PVJ8DDgZaxKMe0f0riDdkrhM=
UIuZu6oAVsMwMlB+uh10FQUoysFwJRbeFUP37NTVm/tDYF/A4u8HJPoU/2AytL0HCn5jRI3pTSz5n+sfg6Eq4mW46YsBpww/sz1hrhQ=
SXl2OYMpqhg+cupS8A6quZxO2D0c1j5K4vh5WT2U+YzRREZBUcmgjt5kyL3gtUs7M4DvQHJPV+TKdO9gIlSNR9re88Q9ib1sqX/bH3OBeiLVGBkLkUdcf0Mdca4E
V9gCdS00wUl5nTJALXtCrxEv3cEhaRDODkS4vdDVm/tDYF/A4u8HJPoU/2AytL0HCn5jRI3pTSz5n+sfg6Eq4mW46YsBpww/sz1hrhQ=
4LyzssYuqc0dGKv5tABXEBkg1ohvMgffWlSluprblPNCbBzL4u8HJPoU/2AytL0HCn5jRI3pTSz5n+sfg6Eq4mW46YsBpww/sz1hrhQ=
Vc/5lCyN86FrgJONehhuuyd52xnPusrw5/v8Y1c0+diChEgtaPzTEabQvBWHOA/e1rCYWyVsGO8ayIBDdm5jp/gc7CSTlgCcgexvYpNpNtguZjOYTUdjRhN2rgU=
+YiUz0i5Y1wvl4MjV8WI79JmFysAiC/JPiMmFu2/E3rKpU64wRVZBAiBu4yC1FdheG1WCq8SokQWhwuy92Ci8kh9OXYQAT66wLXaBPs5bL6c4m+saJKF/k80X6OOpprko/4Rnatod0SuMw==
nluiP3Qpxy1sMY44ll6Vu20EnqYvsmIkFmdLEnfA4tJIHXmWkGH+msCVGmR72SzenMIvDOgyxR5PVJ8DDgZaxKMe0f0riDdkrhM=
apugRBSVk6wsmVs23urLSbKHuK6n79h6Xiz8rLpoaAmAwKPFfpz80c9k32quHHg/jZCoe4JEAMf+8vNTQHBMgPsq8MjZIK8mW7Vm7NZKU3xlO1NSC3quAQ==
nluiP3Qpxy1sMY44ll6Vu20EnqYvsmIkFmdLEnfA4tJIHXmWkGH+msCVGmR72SzenMIvDOgyxR5PVJ8DDgZaxKMe0f0riDdkrhM=
kwM5OrnDiwnoUo+WElzg7rOHuK6n79h6Xiz8rLpoaAmAwKPFfpz80c9k32quHHg/jZCoe4JEAMf+8vNTQHBMgPsq8MjZIK8mW7Vm7NZKU3xlO1NSC3quAQ==
dM3+NvwuhiBpoi+CQ+2eetJmFysAiC/JPiMmFu2/EHrIpU64wRVZBAiBu4yC1FdheG1WCq8SokQWhwuy92Ci8kh9OXYQAT66wLXaBPs5bL6c4m+saJKF/k80X6OOpprko/4Rnatod0SuMw==
dM3+NvwuhiBpoi+CQ+2eetJmFysAiC/JPiMmFu2/EHrIpU64wRVZBAiBu4yC1FdheG1WCq8SokQWhwuy92Ci8kh9OXYQAT66wLXaBPs5bL6c4m+saJKF/k80X6OOpprko/4Rnatod0SuMw==
7ATxd9tz1Zkkk01C8AhLABlF9KVNPGbE/4Yq4FajA6antAp26LkRYgDVdh5AEZLQ6y1Eejxmx3g4ho3aD5DXN95ysuCDOrkJO7w/YK4X
nluiP3Qpxy1sMY44ll6Vu20EnqYvsmIkFmdLEnfA4tJIHXmWkGH+msCVGmR72SzenMIvDOgyxR5PVJ8DDgZaxKMe0f0riDdkrhM=
apugRBSVk6wsmVs23urLSbKHuK6n79h6Xiz8rLpoaAmAwKPFfpz80c9k32quHHg/jZCoe4JEAMf+8vNTQHBMgPsq8MjZIK8mW7Vm7NZKU3xlO1NSC3quAQ==
0k+KbHnjHduXbuf6v9pE6LWKvQgcJ4rdlnh8k9LzhyTvRs7phYNdXEEw/NPZXCQooaBsCGN/1ML9tBNV01RnI3X/3R30mruEt3tfmxJHrQF/rgo=
nluiP3Qpxy1sMY44ll6Vu20EnqYvsmIkFmdLEnfA4tJIHXmWkGH+msCVGmR72SzenMIvDOgyxR5PVJ8DDgZaxKMe0f0riDdkrhM=
apugRBSVk6wsmVs23urLSbKHuK6n79h6Xiz8rLpoaAmAwKPFfpz80c9k32quHHg/jZCoe4JEAMf+8vNTQHBMgPsq8MjZIK8mW7Vm7NZKU3xlO1NSC3quAQ==
nluiP3Qpxy1sMY44ll6Vu20EnqYvsmIkFmdLEnfA4tJIHXmWkGH+msCVGmR72SzenMIvDOgyxR5PVJ8DDgZaxKMe0f0riDdkrhM=
apugRBSVk6wsmVs23urLSbKHuK6n79h6Xiz8rLpoaAmAwKPFfpz80c9k32quHHg/jZCoe4JEAMf+8vNTQHBMgPsq8MjZIK8mW7Vm7NZKU3xlO1NSC3quAQ==
0k+KbHnjHduXbuf6v9pE6LWKvQgcJ4rdlnh8k9LzhyTvRs7phYNdXEEw/NPZXCQooaBsCGN/1ML9tBNV01RnI3X/3R30mruEt3tfmxJHrQF/rgo=
nluiP3Qpxy1sMY44ll6Vu20EnqYvsmIkFmdLEnfA4tJIHXmWkGH+msCVGmR72SzenMIvDOgyxR5PVJ8DDgZaxKMe0f0riDdkrhM=
kwM5OrnDiwnoUo+WElzg7rOHuK6n79h6Xiz8rLpoaAmAwKPFfpz80c9k32quHHg/jZCoe4JEAMf+8vNTQHBMgPsq8MjZIK8mW7Vm7NZKU3xlO1NSC3quAQ==
oZlIZBp3j+3Mn7O96Fqk1hm5y0RiXMe5uDVGAo9aEryW/7t612iyKgglqf5wSc6CwI0qTJux/ObcOn+kSFo1hs/M7+uuroq8YyaBFUugB3yuCw==
oZlIZBp3j+3Mn7O96Fqk1hm5y0RiXMe5uDVGAo9aEryW/7t612iyKgglqf5wSc6CwI0qTJux/ObcOn+kSFo1hs/M7+uuroq8YyaBFUugB3yuCw==
nluiP3Qpxy1sMY44ll6Vu20EnqYvsmIkFmdLEnfA4tJIHXmWkGH+msCVGmR72SzenMIvDOgyxR5PVJ8DDgZaxKMe0f0riDdkrhM=
apugRBSVk6wsmVs23urLSbKHuK6n79h6Xiz8rLpoaAmAwKPFfpz80c9k32quHHg/jZCoe4JEAMf+8vNTQHBMgPsq8MjZIK8mW7Vm7NZKU3xlO1NSC3quAQ==
dM3+NvwuhiBpoi+CQ+2eetJmFysAiC/JPiMmFu2/EHrIpU64wRVZBAiBu4yC1FdheG1WCq8SokQWhwuy92Ci8kh9OXYQAT66wLXaBPs5bL6c4m+saJKF/k80X6OOpprko/4Rnatod0SuMw==
QRrGbIyIKdSWOLZMQDCt3TSJna8VHPzyzgc4Wy3AjeYsjS8rN4jzYA6Hk5Ru7GPgrswpt56WD+Qhgbl8TUeX37/53rJRkIVrLY8YT6cFfa4I
933rriAvEi8/2F2MILsVZG0EnqYvsmIkFmdLEnfA4tJIHXmWkGH+msCSGmR72SzenMIvDOgyxR5PVJ8DDgZaxKMe0f0riDdkrhM=
UmFegb4BK3oj7LM3I9XNz7KHuK6n79h6Xiz8rLpoaAmAwKPFfpz80c9k32quHHg/jZCoe4JEAMD+8vNTQHBMgPsq8MjZIK8mW7Vm7NZKU3xlO1NSC3quAQ==
933rriAvEi8/2F2MILsVZG0EnqYvsmIkFmdLEnfA4tJIHXmWkGH+msCSGmR72SzenMIvDOgyxR5PVJ8DDgZaxKMe0f0riDdkrhM=
AiXGv56BEbettnDa1OMJmrOHuK6n79h6Xiz8rLpoaAmAwKPFfpz80c9k32quHHg/jZCoe4JEAMD+8vNTQHBMgPsq8MjZIK8mW7Vm7NZKU3xlO1NSC3quAQ==
rSno7wBpW0jAznUspnVpaBm5y0RiXMe5uDVGAo9aEryW/7t612iyKgglqf5wSc6CwIoqTJux/ObcOn+kSFo1hs/M7+uuroq8YyaBFUugB3yuCw==
rSno7wBpW0jAznUspnVpaBm5y0RiXMe5uDVGAo9aEryW/7t612iyKgglqf5wSc6CwIoqTJux/ObcOn+kSFo1hs/M7+uuroq8YyaBFUugB3yuCw==
Xw3TCyI9llxgEapzZW0bBxlF9KVNPGbE/4Yq4FajA6antAp26LkRYgDVdh5AFpLQ6y1Eejxmx3g4ho3aD5DXN95ysuCDOrkJO7w/YK4X
933rriAvEi8/2F2MILsVZG0EnqYvsmIkFmdLEnfA4tJIHXmWkGH+msCSGmR72SzenMIvDOgyxR5PVJ8DDgZaxKMe0f0riDdkrhM=
UmFegb4BK3oj7LM3I9XNz7KHuK6n79h6Xiz8rLpoaAmAwKPFfpz80c9k32quHHg/jZCoe4JEAMD+8vNTQHBMgPsq8MjZIK8mW7Vm7NZKU3xlO1NSC3quAQ==
lNA87Ga8wGoey6jDyb7aZdJmFysAiC/JPiMmFu2/E3rIpU64wRVZBAiBu4yC1FdheG1WCq8SokQWhwuy92Ci8kh9OXYQAT66wLLaBPs5bL6c4m+saJKF/k80X6OOpprko/4Rnatod0SuMw==
h5S83sFHJ51rTgJeD+ztpzSJna8VHPzyzgc4Wy3AjeYsjS8rN4jzYA6Hk5Ru7GPgqcwpt56WD+Qhgbl8TUeX37/53rJRkIVrLY8YT6cFfa4I
nluiP3Qpxy1sMY44ll6Vu20EnqYvsmIkFmdLEnfA4tJIHXmWkGH+msCVGmR72SzenMIvDOgyxR5PVJ8DDgZaxKMe0f0riDdkrhM=
z3KH1MJ+9uixOQJlt30KzSZ52xnPusrw5/v8Y1c0+diChEgtaPzTEabQvBWHOA/e1rCYWyVsGO8ayIBDdm5jp/gc7CSTlgCcgexvYpNpNtguZjOYTUdjRhN2rgU=
nluiP3Qpxy1sMY44ll6Vu20EnqYvsmIkFmdLEnfA4tJIHXmWkGH+msCVGmR72SzenMIvDOgyxR5PVJ8DDgZaxKMe0f0riDdkrhM=
Vc/5lCyN86FrgJONehhuuyd52xnPusrw5/v8Y1c0+diChEgtaPzTEabQvBWHOA/e1rCYWyVsGO8ayIBDdm5jp/gc7CSTlgCcgexvYpNpNtguZjOYTUdjRhN2rgU=
oZlIZBp3j+3Mn7O96Fqk1hm5y0RiXMe5uDVGAo9aEryW/7t612iyKgglqf5wSc6CwI0qTJux/ObcOn+kSFo1hs/M7+uuroq8YyaBFUugB3yuCw==
oZlIZBp3j+3Mn7O96Fqk1hm5y0RiXMe5uDVGAo9aEryW/7t612iyKgglqf5wSc6CwI0qTJux/ObcOn+kSFo1hs/M7+uuroq8YyaBFUugB3yuCw==
7ATxd9tz1Zkkk01C8AhLABlF9KVNPGbE/4Yq4FajA6antAp26LkRYgDVdh5AEZLQ6y1Eejxmx3g4ho3aD5DXN95ysuCDOrkJO7w/YK4X
nluiP3Qpxy1sMY44ll6Vu20EnqYvsmIkFmdLEnfA4tJIHXmWkGH+msCVGmR72SzenMIvDOgyxR5PVJ8DDgZaxKMe0f0riDdkrhM=
z3KH1MJ+9uixOQJlt30KzSZ52xnPusrw5/v8Y1c0+diChEgtaPzTEabQvBWHOA/e1rCYWyVsGO8ayIBDdm5jp/gc7CSTlgCcgexvYpNpNtguZjOYTUdjRhN2rgU=
+YiUz0i5Y1wvl4MjV8WI79JmFysAiC/JPiMmFu2/E3rKpU64wRVZBAiBu4yC1FdheG1WCq8SokQWhwuy92Ci8kh9OXYQAT66wLXaBPs5bL6c4m+saJKF/k80X6OOpprko/4Rnatod0SuMw==
QRrGbIyIKdSWOLZMQDCt3TSJna8VHPzyzgc4Wy3AjeYsjS8rN4jzYA6Hk5Ru7GPgrswpt56WD+Qhgbl8TUeX37/53rJRkIVrLY8YT6cFfa4I
nluiP3Qpxy1sMY44ll6Vu20EnqYvsmIkFmdLEnfA4tJIHXmWkGH+msCVGmR72SzenMIvDOgyxR5PVJ8DDgZaxKMe0f0riDdkrhM=
Vc/5lCyN86FrgJONehhuuyd52xnPusrw5/v8Y1c0+diChEgtaPzTEabQvBWHOA/e1rCYWyVsGO8ayIBDdm5jp/gc7CSTlgCcgexvYpNpNtguZjOYTUdjRhN2rgU=
nluiP3Qpxy1sMY44ll6Vu20EnqYvsmIkFmdLEnfA4tJIHXmWkGH+msCVGmR72SzenMIvDOgyxR5PVJ8DDgZaxKMe0f0riDdkrhM=
UIuZu6oAVsMwMlB+uh10FQUoysFwJRbeFUP37NTVm/tDYF/A4u8HJPoU/2AytL0HCn5jRI3pTSz5n+sfg6Eq4mW46YsBpww/sz1hrhQ=
933rriAvEi8/2F2MILsVZG0EnqYvsmIkFmdLEnfA4tJIHXmWkGH+msCSGmR72SzenMIvDOgyxR5PVJ8DDgZaxKMe0f0riDdkrhM=
3a6df3crP26YUvAgV0LghiZ52xnPusrw5/v8Y1c0+diChEgtaPzTEabQvBWHOA/e1rCYWyVsGO8ayIBEdm5jp/gc7CSTlgCcgexvYpNpNtguZjOYTUdjRhN2rgU=
933rriAvEi8/2F2MILsVZG0EnqYvsmIkFmdLEnfA4tJIHXmWkGH+msCSGmR72SzenMIvDOgyxR5PVJ8DDgZaxKMe0f0riDdkrhM=
vIn4qkTYjCsUnycqmXn+WCd52xnPusrw5/v8Y1c0+diChEgtaPzTEabQvBWHOA/e1rCYWyVsGO8ayIBEdm5jp/gc7CSTlgCcgexvYpNpNtguZjOYTUdjRhN2rgU=
933rriAvEi8/2F2MILsVZG0EnqYvsmIkFmdLEnfA4tJIHXmWkGH+msCSGmR72SzenMIvDOgyxR5PVJ8DDgZaxKMe0f0riDdkrhM=
vIn4qkTYjCsUnycqmXn+WCd52xnPusrw5/v8Y1c0+diChEgtaPzTEabQvBWHOA/e1rCYWyVsGO8ayIBEdm5jp/gc7CSTlgCcgexvYpNpNtguZjOYTUdjRhN2rgU=
EO+sDfVlMZMZqYAixV/yktJmFysAiC/JPiMmFu2/E3rJpU64wRVZBAiBu4yC1FdheG1WCq8SokQWhwuy92Ci8kh9OXYQAT66wLLaBPs5bL6c4m+saJKF/k80X6OOpprko/4Rnatod0SuMw==
EO+sDfVlMZMZqYAixV/yktJmFysAiC/JPiMmFu2/E3rJpU64wRVZBAiBu4yC1FdheG1WCq8SokQWhwuy92Ci8kh9OXYQAT66wLLaBPs5bL6c4m+saJKF/k80X6OOpprko/4Rnatod0SuMw==
V9gCdS00wUl5nTJALXtCrxEv3cEhaRDODkS4vdDVm/tDYF/A4u8HJPoU/2AytL0HCn5jRI3pTSz5n+sfg6Eq4mW46YsBpww/sz1hrhQ=
4LyzssYuqc0dGKv5tABXEBkg1ohvMgffWlSluprblPNCbBzL4u8HJPoU/2AytL0HCn5jRI3pTSz5n+sfg6Eq4mW46YsBpww/sz1hrhQ=
z3KH1MJ+9uixOQJlt30KzSZ52xnPusrw5/v8Y1c0+diChEgtaPzTEabQvBWHOA/e1rCYWyVsGO8ayIBDdm5jp/gc7CSTlgCcgexvYpNpNtguZjOYTUdjRhN2rgU=
nluiP3Qpxy1sMY44ll6Vu20EnqYvsmIkFmdLEnfA4tJIHXmWkGH+msCVGmR72SzenMIvDOgyxR5PVJ8DDgZaxKMe0f0riDdkrhM=
Vc/5lCyN86FrgJONehhuuyd52xnPusrw5/v8Y1c0+diChEgtaPzTEabQvBWHOA/e1rCYWyVsGO8ayIBDdm5jp/gc7CSTlgCcgexvYpNpNtguZjOYTUdjRhN2rgU=
nluiP3Qpxy1sMY44ll6Vu20EnqYvsmIkFmdLEnfA4tJIHXmWkGH+msCVGmR72SzenMIvDOgyxR5PVJ8DDgZaxKMe0f0riDdkrhM=
UIuZu6oAVsMwMlB+uh10FQUoysFwJRbeFUP37NTVm/tDYF/A4u8HJPoU/2AytL0HCn5jRI3pTSz5n+sfg6Eq4mW46YsBpww/sz1hrhQ=
V9gCdS00wUl5nTJALXtCrxEv3cEhaRDODkS4vdDVm/tDYF/A4u8HJPoU/2AytL0HCn5jRI3pTSz5n+sfg6Eq4mW46YsBpww/sz1hrhQ=
4LyzssYuqc0dGKv5tABXEBkg1ohvMgffWlSluprblPNCbBzL4u8HJPoU/2AytL0HCn5jRI3pTSz5n+sfg6Eq4mW46YsBpww/sz1hrhQ=
kwM5OrnDiwnoUo+WElzg7rOHuK6n79h6Xiz8rLpoaAmAwKPFfpz80c9k32quHHg/jZCoe4JEAMf+8vNTQHBMgPsq8MjZIK8mW7Vm7NZKU3xlO1NSC3quAQ==
nluiP3Qpxy1sMY44ll6Vu20EnqYvsmIkFmdLEnfA4tJIHXmWkGH+msCVGmR72SzenMIvDOgyxR5PVJ8DDgZaxKMe0f0riDdkrhM=
apugRBSVk6wsmVs23urLSbKHuK6n79h6Xiz8rLpoaAmAwKPFfpz80c9k32quHHg/jZCoe4JEAMf+8vNTQHBMgPsq8MjZIK8mW7Vm7NZKU3xlO1NSC3quAQ==
nluiP3Qpxy1sMY44ll6Vu20EnqYvsmIkFmdLEnfA4tJIHXmWkGH+msCVGmR72SzenMIvDOgyxR5PVJ8DDgZaxKMe0f0riDdkrhM=
z3KH1MJ+9uixOQJlt30KzSZ52xnPusrw5/v8Y1c0+diChEgtaPzTEabQvBWHOA/e1rCYWyVsGO8ayIBDdm5jp/gc7CSTlgCcgexvYpNpNtguZjOYTUdjRhN2rgU=
nluiP3Qpxy1sMY44ll6Vu20EnqYvsmIkFmdLEnfA4tJIHXmWkGH+msCVGmR72SzenMIvDOgyxR5PVJ8DDgZaxKMe0f0riDdkrhM=
UIuZu6oAVsMwMlB+uh10FQUoysFwJRbeFUP37NTVm/tDYF/A4u8HJPoU/2AytL0HCn5jRI3pTSz5n+sfg6Eq4mW46YsBpww/sz1hrhQ=
eSEkxcYYC7pDv+eZCmmq4ZxO2z0c1j5K4vh5WT2U+YzRREZBUcmgjt5kyL3gtUs7M4DvQHJPV+TKdO9gIlSNR9re88Q9ib1sqX/bH3OBeiLVGBkLkUdcf0Mdca4E
933rriAvEi8/2F2MILsVZG0EnqYvsmIkFmdLEnfA4tJIHXmWkGH+msCSGmR72SzenMIvDOgyxR5PVJ8DDgZaxKMe0f0riDdkrhM=
Rw9rrYKeGOWctPonoHX+egUoysFwJRbeFUP37NTVm/tDYF/A4u8HJPoU/2A1tL0HCn5jRI3pTSz5n+sfg6Eq4mW46YsBpww/sz1hrhQ=
V9gCdS00wUl5nTJALXtCrxEv3cEhaRDODkS4vdDVm/tDYF/A4u8HJPoU/2AytL0HCn5jRI3pTSz5n+sfg6Eq4mW46YsBpww/sz1hrhQ=
4LyzssYuqc0dGKv5tABXEBkg1ohvMgffWlSluprblPNCbBzL4u8HJPoU/2AytL0HCn5jRI3pTSz5n+sfg6Eq4mW46YsBpww/sz1hrhQ=
z3KH1MJ+9uixOQJlt30KzSZ52xnPusrw5/v8Y1c0+diChEgtaPzTEabQvBWHOA/e1rCYWyVsGO8ayIBDdm5jp/gc7CSTlgCcgexvYpNpNtguZjOYTUdjRhN2rgU=
kOZnamOjpdD48HkLqPUq09JmFysAiC/JPiMmFu2/E3rPpU64wRVZBAiBu4yC1FdheG1WCq8SokQWhwuy92Ci8kh9OXYQAT66wLXaBPs5bL6c4m+saJKF/k80X6OOpprko/4Rnatod0SuMw==
SU1MEhlg4W3CeJHqJ0lGfREv3cEhaRDODkS4vdDVm/tDYF/A4u8HJPoU/2A1tL0HCn5jRI3pTSz5n+sfg6Eq4mW46YsBpww/sz1hrhQ=
GDcyar/wMoPxTXdAo5AYtxkg1ohvMgffWlSluprblPNCbBzL4u8HJPoU/2A1tL0HCn5jRI3pTSz5n+sfg6Eq4mW46YsBpww/sz1hrhQ=
Rw9rrYKeGOWctPonoHX+egUoysFwJRbeFUP37NTVm/tDYF/A4u8HJPoU/2A1tL0HCn5jRI3pTSz5n+sfg6Eq4mW46YsBpww/sz1hrhQ=
nluiP3Qpxy1sMY44ll6Vu20EnqYvsmIkFmdLEnfA4tJIHXmWkGH+msCVGmR72SzenMIvDOgyxR5PVJ8DDgZaxKMe0f0riDdkrhM=
UIuZu6oAVsMwMlB+uh10FQUoysFwJRbeFUP37NTVm/tDYF/A4u8HJPoU/2AytL0HCn5jRI3pTSz5n+sfg6Eq4mW46YsBpww/sz1hrhQ=
f9hmNi47VdYE4ziOWzcHNZxO3T0c1j5K4vh5WT2U+YzRREZBUcmgjt5kyL3gtUs7M4DvQHJPV+TKdO9gIlSNR9re88Q9ib1sqX/bH3OBeiLVGBkLkUdcf0Mdca4E
leRo/8NrGu++yuNaoNAcWlcz5qMGBPpfgPmZuez51lwoBCH04K3pNGs/EkfyWy1tP8y/sn5UOMe9+IhjkkwA/47aEwsQuIz4S8JQUEmoL56rHQY0BgIThFVTc0obcq45
TSbUQDn/tcBIdEyuU7RFvlqx+kifPJNZyHKlMnTwpCs591BZNwyE/dZyuDP8LnegWH4dUo8YR08+KgIow/LJ0RuEL2iuHw==
Q/0nSIfSZ+JHUdicYgTVolqx+kifPJNZyHanPHTwpCs591BZNwyE/dZyuDP8LnegWH4dUo8YR08+KgIow/LJ0RuEL2iuHw==
aejpZxjfhxmkc0d6+61EE7XuoB8+2+z5QQZgmKwW1wbBZuK5k8ilibUbCSbQOmj3bGwYhbeCdAUVyhauPYHFF3FUpzX53coyU0LQsk9zBmy4gZ3TQz4ODgM2KJU8sn8JPT0lFgQs1L/8i1cIT6fs/HMlZDCFI6hUO5MQn0/quuFnd26NU8hJcAkUMor1scxwG9owODnQr9a7RaYcNrrTjIXLk6Lriq7x
UNi+2bYKnd5VcdCwM1A5SJdW/wLJQ/Agt/t9Y47JX////zl11i4dZHk0Y7VjFLdDhf/tPaRayyQH+8/7wgedIW+uGg==
E73/438y/5D73ydGZWtCzRkJ4Iyu0Q1R1bo2RgQsaw7mO6VHOF5ABjsuv5HF3XksqZqmS0dgP8S2LqJhQIZwkrKimqdSHnO+jKkoYVfeyV1jxDZGA/eGq6CBfbbVlMjSbksbRaaUw5UIMOtHahizheacHNV7Uk4RyqrGARFpZwcRDvnfUJQv3RdEg9t5P1El0Ar/jMsbQ9OWd4mZs67G
Rz6GA/NrigjD8bYcaF9cjB9hpJUnE6jvXt87ajVlP4YeKiey9ikh7+/oJFluRv0NpHTbBTv037MNf2WNDPoTVP+7F6v6J7UxZ64S
UYGcVbJ/FhNs52Q2htKrtDfV4vL36NM2V8nVOpp5U2epHx8aHX/Ntemwg0BOVRSlRuRRb28l1JRBTSVcOzqu3ahyWBdPYmB6teI6BHXZVcwx70Of6xHiwn1I0cvZN3Sfe21Jrjw=
vopnxkIDgyaHQ77lOv5AFvaEJ1eNrSoBhh6IHc/VDwesVF1eWt65kPkuSkoYFZvhkQm2gJ9cU/lIlmdcdNDki7mXkHk3LESdVtL4E/xOt0DY3t0yj/gH775KQsjD0glxm2RvSK4/
kxV2UwRQ466IqI3cDDZkHRd+YCxRRiViWuLBrAkSMvb4qeNdYbXOPF9gK8W4qh9glOycN0kr6MW3kDwhpm6ALxxyz3wo4qUOT0R/U072OnQjbnFNa1gXdK4D
5N+F/6WAFp4kjBT2rzO2/Cppy9cvmVEZQ08tZlrmybgZBhoS2M3LiTHhBvgfpOOR6H63BDQINKPZv2BBNxS0tTb6KMu8FmeoeLZtyg+AtwceIhIQA4pZWXtMH3CuBw==
2D+a2pH1t2B/2sIwiTt66gNa5PIeq3ADdE8tZlrmybgZBhoS2M3LiTHhBvgfpOOR6H63BDQINKPZv2BBNxS0tTb6KMu8FmeoeLZtyg+AtwceIhIQA4pZWXtMH3CuBw==
SvyzyAoZATlkHDGJnkcc/HM1mRjFp93noeDaZE02kZyGhEg/f/eJC6qevwaHPwDEy7LEWmB9AfUsh/dWcHt+oPQd7CSTlgCcgexvYpNpNtguZjOYTUdjRhN2rgU=
Vas/+WUOY3mi6Nu0KTChk6LR23K9ew4luTwEdP/rrsiaW1+LaBFC5Ues75sfj0ymBRGLCAIsQlcUr2LcYBO1eC7J/lI+Tdfa7Pn2SCGzLGAydheoNqqNzT9MCRWKXkuuhInwEf9eoe27pD5Wezde2yghBWb9lOACFuuTNX5Uu4UAUDP3Apgb9T68FMVDEpahQkp+UflpD9epbnFvCFQXzR9k2yvRv7mViOr3nDNbGyMe13HJm67u
mTF0WtAemAhkRXtua3Hu4B9hpJQnE6jvXt87ajVlP4YeKiey9ikh7+/oJFluRv0NpHTbBTv037MNf2WNDPoTVP+7F6v6J7UxZ64S
3kcKVVnIkk6QNubwIhJ7w2+QxffETBVLQQJmneQA7er+GGR95M11M7NZXH8WMYbDh8WNisEzmfxjWXNzLIwHWJ7ZX3lQ9cS0TSB8LAx0HHI5XhVmYzS5ayiq3l58gXkCFWy8mIGrWJufkovhZIKqgJwCr0zockXZSxQeww7G2oSj3lE9K8i3pK7T
nbYj1v+BdOWvG1vFP3w/OYUS8c5aeMP0fABLmmTXXY7IwLyyv0M7v9UJQXPuSiBUxz1ny5XQeTHaELOYvcBm4eCIRQKGDKnSoKgwP2nuRUX8MKOcoGYN4e05wbYwLhWkN2x0j/Yr4SuF38DVcbYIKsBTUM7RClbB0iXFfptZGSys8iHnRN86yUeShxSa9lQDgTFkhOEhktiRQzi4IcEc9MZh2YJM5ZAifCUDKfWjKwajK9JEDenNLHmfax4DoKri5bhpi4GnjD8zPeGulA==
QoazCWz2zYqPFZXHyFlsvquxTf7eAPpeqlPJVILLwrG6wFUqi85jpFPJZHmolO9ak1qWuHWRysZI6n7PjQPq6KoZ+thGGyK1v+5g/NmPwj4kDwDshUaDlEZH8Fzo9C65x8n9sN/e9eW1ltgRFtNBLdbeDFfF2T/wboyncACP0MyPm+kLHTxYwlRduK1fMoM5fI6HM3x6Oa0Ill+VeEXjVAqzcwGW589miVIN8npweW+cQi+M6LLFnk7UnoMOhlpEo57RfSsIN+Sukw==
QoazCWz2zYqPFZXHyFlsvquxTf7eAPpeqlPJVILLwrG6wFUqi85jpFPJZHmolO9ak1qWuHWRysZI6n7PjQPq6KoZ+thGGyK1v+5g/NmPwj4kDwDshUaDlEZH8Fzo9C65x8n9sN/e9eW1ltgRFtNBLdbeDFfF2T/wboyncACP0MyPm+kLHTxYwlRduK1fMoM5fI6HM3x6Oa0Ill+VeEXjVAqzcwGW589miVIN8npweW+cQi+M6LLFnk7UnoMOhlpEo57RfSsIN+Sukw==
QoazCWz2zYqPFZXHyFlsvquxTf7eAPpeqlPJVILLwrG6wFUqi85jpFPJZHmolO9ak1qWuHWRysZI6n7PjQPq6KoZ+thGGyK1v+5g/NmPwj4kDwDshUaDlEZH8Fzo9C65x8n9sN/e9eW1ltgRFtNBLdbeDFfF2T/wboyncACP0MyPm+kLHTxYwlRduK1fMoM5fI6HM3x6Oa0Ill+VeEXjVAqzcwGW589miVIN8npweW+cQi+M6LLFnk7UnoMOhlpEo57RfSsIN+Sukw==
QoazCWz2zYqPFZXHyFlsvquxTf7eAPpeqlPJVILLwrG6wFUqi85jpFPJZHmolO9ak1qWuHWRysZI6n7PjQPq6KoZ+thGGyK1v+5g/NmPwj4kDwDshUaDlEZH8Fzo9C65x8n9sN/e9eW1ltgRFtNBLdbeDFfF2T/wboyncACP0MyPm+kLHTxYwlRduK1fMoM5fI6HM3x6Oa0Ill+VeEXjVAqzcwGW589miVIN8npweW+cQi+M6LLFnk7UnoMOhlpEo57RfSsIN+Sukw==
QoazCWz2zYqPFZXHyFlsvquxTf7eAPpeqlPJVILLwrG6wFUqi85jpFPJZHmolO9ak1qWuHWRysZI6n7PjQPq6KoZ+thGGyK1v+5g/NmPwj4kDwDshUaDlEZH8Fzo9C65x8n9sN/e9eW1ltgRFtNBLdbeDFfF2T/wboyncACP0MyPm+kLHTxYwlRduK1fMoM5fI6HM3x6Oa0Ill+VeEXjVAqzcwGW589miVIN8npweW+cQi+M6LLFnk7UnoMOhlpEo57RfSsIN+Sukw==
Pe0Jmr/knHrFvVcn4clVInwS0hp1dOectEMWv/ZG1hJlATAVrCRTEv9f5vkhoWwWJjCzsAjTQqhGg04uKQlNrQrWZoKlUKSFXuqp0dzzqFcpZzUUOu1L/vmISHHJEwp5n+o9TZFYdphHEIiRLIXfB2guRAEqk8n9u4r6QdZj4d1WbuwnBQlf4G6cRyBAf7B8D+tJu13seNJUTZh9H4IjSfw+58M8Ktm9CIY/Rbg1A+SKQ9OxVrfvdolCLaK6wNmfHPLP/ChipYZOxH7TTnY69CPucc1r2Bf0roM=
dOMKwrkli78yaPN8WLkD7bn15xYEho2CcQEmjppvfdprJZWbhfY7ijv4H3FKCc2Qv8djrwmZB0+RqhIFB1L06iSV5ow6aI0ugGd+zEXrpN28RTmRCR4y80/8+Y5Ea9EdPouv/CFn+WaSuif2pOsUa4tVuBg4y+LNjT97zDabji0Vbya4ME2t9/uCzjormrjRJO6fnfUx1XL8UNTLFOeHDJc7TKh7adSUvR/o4JO/AFvXNtr1L/seaSs0yYRh+GIOra3spJMWAByBZG7ikuk2WC7mMxhNx2PGE/auhQ==
d4PoT5mDvfHr+fXSqORCaK01QUBfLc0twfWRDLgggrvD8kdp2GNlmcCv7hRWZG6MfIjM6T6LYm8CoL+my49B0w19Y4wVOb0S9u57O14oRibMse6Pk7ZwzX15CcruTZa08hdzt/pt1eAL12E6frgQMbwQh95mhm5vnhsrmP4yxr82/hdG8FmkqVMeTZVv9Ir+J9ciM3yRsT4RlAxaolvH3QK05y20AOeP7ti3TWpsYC0fsioJljqKCVXpow/dniXHtPTLpes0D5N1ftVs3DpDNO8750vKZ8UR966C
PGt08wfKIw3tTmJn0nSft601QUBfLc0twfWRDLgggrvD8kdp2GNln8Cv7hRQZG6MfIjM6T6LYm8CoL+m55hB2hFzdIwVOb0S9u57O14oRibMse6Pk7ZwzX15CcruTZa08hdzt/pt1eAL12E6frgQMbwQh95mhm5vnhsrmP4yxr82/hdG8FmkqVMeTZVv9Ir+J9ciM3yRsT4RlAxaolvH3QK05y20AOeP7ti3TWpsYC0fsioJljqKCVXpow/dniXHtPTLpes0D5N1ftVs3DpDNO8750vKZ8UR966C
JGezk7Xox2zgcmrr9IoLgGFe0Pfd2rndWb5VPhfKLaodcnVOGIwx7d5lL88G6eA37H8NOy+MLjDjeVA476cQQhe18UYXoMNhm/7Qjl3XeDBQCrqBGIOFrnbBe3kPxuhVgLgEJwWb7HXzDC23R9ZY4MYdyiBxkjBeqCPY223UOOqQ88BOYeomAQJF9X7reclsHFJRZ9S/6gk3spcUitYkw1FR9ASRgSKYQWNIuBGhzDS2gWkC3EXA4kxFEynlQxtGc4tCxL2JPWwpf1Me84D6IlUYmQsRR9x/wx3xroQ=
yJsGD+pkep/ux7ZsOzpCcK01QUBfLc0twfWRDLgggrvD8kdp2GNln8Cv7hRQZG6MfIjM6T6LYm8CoL+my49BzRB8aYwVOb0S9u57O14oRibMse6Pk7ZwzX15CcruTZa08hdzt/pt1eAL12E6frgQMbwQh95mhm5vnhsrmP4yxr82/hdG8FmkqVMeTZVv9Ir+J9ciM3yRsT4RlAxaolvH3QK05y20AOeP7ti3TWpsYC0fsioJljqKCVXpow/dniXHtPTLpes0D5N1ftVs3DpDNO8750vKZ8UR966C
K9jA1MF88QVODuzk088in2Fe0Pfd2rndWb5VPhfKLaodcnVOGIwx695lL88A6eA37H8NOy+MLjDjeVA4/qESVxOh8UYXoMNhm/7Qjl3XeDBQCrqBGIOFrnbBe3kPxuhVgLgEJwWb7HXzDC23R9ZY4MYdyiBxkjBeqCPY223UOOqQ88BOYeomAQJF9X7reclsHFJRZ9S/6gk3spcUitYkw1FR9ASRgSKYQWNIuBGhzDS2gWkC3EXA4kxFEynlQxtGc4tCxL2JPWwpf1Me84D6IlUYmQsRR9x/wx3xroQ=
rp61JWicNpx1PO3UP4V5SnwS0hp1dOectEMWv/ZG1hJlATAVrCRTFO4Hvuk3qjhJITOmmU6wBepR21luLTtKux/LZoKlUKSFXuqp0dzzqFcpZzUUOu1L/vmISHHJEwp5n+o9TZFYdphHEIiRLIXfB2guRAEqk8n9u4r6QdZj4d1WbuwnBQlf4G6cRyBAf7B8D+tJu13seNJUTZh9H4IjSfw+58M8Ktm9CIY/Rbg1A+SKQ9OxVrfvdolCLaK6wNmfHPLP/ChipYZOxH7TTnY69CPucc1r2Bf0roM=
woQYcsgD7z5fwv0tjB2QEHwS0hp1dOectEMWv/ZG1hJlATAVrCRTFO4Hvuk3qjhJITOmmU6wBepR21luJChAph/JZoKlUKSFXuqp0dzzqFcpZzUUOu1L/vmISHHJEwp5n+o9TZFYdphHEIiRLIXfB2guRAEqk8n9u4r6QdZj4d1WbuwnBQlf4G6cRyBAf7B8D+tJu13seNJUTZh9H4IjSfw+58M8Ktm9CIY/Rbg1A+SKQ9OxVrfvdolCLaK6wNmfHPLP/ChipYZOxH7TTnY69CPucc1r2Bf0roM=
wmcYnlxPSkilRXvxGGBWnladyaPw9d10fuWd2msENer4DMS/akQjmL8iv9Zldd8HpqJ6/wIKhVDWV4ODGnOZpf3JjkrIP5hX4jzd4kgjPjB9n5QxlCEZjREKIv9H+PmyPF8hMVavT6B5sykq2n7nihwfpAcjsRiEoF9yQQW7+3DOL/6B/ctGZOgZ/Tszxo7GE+6IPQyKv4HtJcV+9FTU92zTdyD/H6z0I70E2PXbKJwrS7A3f9J6abdvjuWjsEk4mUwSokUJjHhLQlDQSSAuHqqdBrQGghMEVdNzyhvyrrk=
8HQiiFoxs1ZHBtrVvqye9oUS8c5aeMP0fABLmmTXXY7IwLyyv0M7v9UJQXPuSiBUxz1ny5XQeTHaELOYvcBm4eCIRQKGDKnSoKgwP2nuRUX8MKOcoGYN4e05wbYwLhWkN2x0j/Yr4SuF38DVcbYIKsBTUM7RClbB0iXFfptZGSys8iHnRN86yUeShxSa9lQDgTFkhOEhktiRQzi4IcEc9MZh2YJM5ZAifCUDKfWjKwajK9JEDenNLHmfahoDr6ri5bhpi4GnjD8zPeGulA==
6nB9qfJ5o4vONBRilyORP6uxTf7eAPpeqlPJVILLwrG6wFUqi85jpFPJZHmolO9ak1qWuHWRysZI6n7PjQPq6KoZ+thGGyK1v+5g/NmPwj4kDwDshUaDlEZH8Fzo9C65x8n9sN/e9eW1ltgRFtNBLdbeDFfF2T/wboyncACP0MyPm+kLHTxYwlRduK1fMoM5fI6HM3x6Oa0Ill+VeEXjVAqzcwGW589miVIN8npweW+cQi+M6LLFn0rUkYMOhlpEo57RfSsIN+Sukw==
6nB9qfJ5o4vONBRilyORP6uxTf7eAPpeqlPJVILLwrG6wFUqi85jpFPJZHmolO9ak1qWuHWRysZI6n7PjQPq6KoZ+thGGyK1v+5g/NmPwj4kDwDshUaDlEZH8Fzo9C65x8n9sN/e9eW1ltgRFtNBLdbeDFfF2T/wboyncACP0MyPm+kLHTxYwlRduK1fMoM5fI6HM3x6Oa0Ill+VeEXjVAqzcwGW589miVIN8npweW+cQi+M6LLFn0rUkYMOhlpEo57RfSsIN+Sukw==
6nB9qfJ5o4vONBRilyORP6uxTf7eAPpeqlPJVILLwrG6wFUqi85jpFPJZHmolO9ak1qWuHWRysZI6n7PjQPq6KoZ+thGGyK1v+5g/NmPwj4kDwDshUaDlEZH8Fzo9C65x8n9sN/e9eW1ltgRFtNBLdbeDFfF2T/wboyncACP0MyPm+kLHTxYwlRduK1fMoM5fI6HM3x6Oa0Ill+VeEXjVAqzcwGW589miVIN8npweW+cQi+M6LLFn0rUkYMOhlpEo57RfSsIN+Sukw==
6nB9qfJ5o4vONBRilyORP6uxTf7eAPpeqlPJVILLwrG6wFUqi85jpFPJZHmolO9ak1qWuHWRysZI6n7PjQPq6KoZ+thGGyK1v+5g/NmPwj4kDwDshUaDlEZH8Fzo9C65x8n9sN/e9eW1ltgRFtNBLdbeDFfF2T/wboyncACP0MyPm+kLHTxYwlRduK1fMoM5fI6HM3x6Oa0Ill+VeEXjVAqzcwGW589miVIN8npweW+cQi+M6LLFn0rUkYMOhlpEo57RfSsIN+Sukw==
6nB9qfJ5o4vONBRilyORP6uxTf7eAPpeqlPJVILLwrG6wFUqi85jpFPJZHmolO9ak1qWuHWRysZI6n7PjQPq6KoZ+thGGyK1v+5g/NmPwj4kDwDshUaDlEZH8Fzo9C65x8n9sN/e9eW1ltgRFtNBLdbeDFfF2T/wboyncACP0MyPm+kLHTxYwlRduK1fMoM5fI6HM3x6Oa0Ill+VeEXjVAqzcwGW589miVIN8npweW+cQi+M6LLFn0rUkYMOhlpEo57RfSsIN+Sukw==
mdXXzLoNhPez9jbKj85//IUS8c5aeMP0fABLmmTXXY7IwLyyv0M7v9UJQXPuSiBUxz1ny5XQeTHaELOYvcBm4eCIRQKGDKnSoKgwP2nuRUX8MKOcoGYN4e05wbYwLhWkN2x0j/Yr4SuF38DVcbYIKsBTUM7RClbB0iXFfptZGSys8iHnRN86yUeShxSa9lQDgTFkhOEhktiRQzi4IcEc9MZh2YJM5ZAifCUDKfWjKwajK9JEDenNLHmfbhkDr6ri5bhpi4GnjD8zPeGulA==
LrrCgaglrkyeRhJCeHEI56uxTf7eAPpeqlPJVILLwrG6wFUqi85jpFPJZHmolO9ak1qWuHWRysZI6n7PjQPq6KoZ+thGGyK1v+5g/NmPwj4kDwDshUaDlEZH8Fzo9C65x8n9sN/e9eW1ltgRFtNBLdbeDFfF2T/wboyncACP0MyPm+kLHTxYwlRduK1fMoM5fI6HM3x6Oa0Ill+VeEXjVAqzcwGW589miVIN8npweW+cQi+M6LLFm0nUkYMOhlpEo57RfSsIN+Sukw==
JMUY2M4D/nd+E53mDEc6KNgLmT13ok4o/Y0EOHmV8prKTUYWHaT9jtx4y6DioVA4LrqjUkMKGfTJT6l6cEiBXcrB7sQ9ib1sqX/YG3OBeyLWGBkLkUdcf0Mdca4E
3X1uPEhGP/5ZCrIvGiF1HXd3eqplXSNlZgvpKkNrTm62yn12aX1jvd/APwIgx7HQSWhQ9vQthka23uR6fIskLoWyirE+jXG+77G1nHCK9UfwB0YZ6zpTFE5e+NP96dAkNVlOaD2rTHiVafCEGtmNYjg9LHKQTdepoUtH1h9zJiTZUZHcFTfcW/fJB1K6QD0rNf9wb5+Vta7A
6CvAGQ9OTqPHB1tRuPD4a8yAp8ABV5qSeVUnZWgH6jmvUypOUhJRBlW1p/2bCMOyTJ8VMO0Q/GZopQLGMlZ46tBzgE4hamYBQsW1fqv5iWxc0pFnFD8qCfcyVxRKVuTDkdE0BFEBYpgB4wi4USGMNPYBKQKcxYDiDMVTKSXD20azC4LEfQn9bOn/mBszATsilpjZC1HHnH+DnbGuxA==
W7j+U+JxKuDg5AeOvYS5E4owLMF+pFjDtYbKxLai1adZl+ddizMkHpL8pdkNWx9U+7kohBk4FxQUKaJMj1JsaEv6krw6P2P6d20eVEnMaqJPKZ/taxaauucstej+H5zPg4M3iwqVu+I6AqK3Ot7bDlTJIDHvXrGNa+TuNuu3rrvYYfUGDZQQYuarY1WO1Cvl0BDjlxKYC9Xu/MRl05ImAfIKTnHJaT/3ma7Bz7jUh21PpIsLwrupddkqpHyj22vDbhcBKeuung==
UJnWjlvVwuwGFHHpl8NCmXPZcpjICSn826Dl6YVpvTLVpcYrqNqKwCswbSp6cEbhCYqoBLqH2o0LZWaTtNuObZUvJniwja03e0LO+qtauBGkLp/ddXHVMnwQ1IuUp4dMF3tMaPup1FQ93+ggE38Am1f22rWvux4pq3TJxOG4Yk4t7exkE9YA3AGvayITKDabriYzWM2HY4aTtq7F
A++A+UjYnwcnwWoJrRROraLR1Xq5JQsipGtQe7CSj+Cgc2ykWzhC5EvtoJxanFWxGBCLAQ1lQlMYkS23YB64FjPO5yEtXdHc8bquW3+gZ3Q+ThqxKIaYwgpCEheKXkuuhInwEf9eoe27pD5Wezde2yghBWb9lOACFuuTNX5Uu4UAUDP3Apgb9T68FMVDEpahQkp+UflpD9epbnFvCFQXzR9k2yvSu7mVier0nDNbGyMe13HJm67u
OSqSGYmuBXcjMmQaxR+f5xs5itVqN2DPYuwcLuwW3x7FRFshHWVSc8jR/Rfwngi2w47XAV1d4bwB+h67DyD3FO4OSlE4hoii2oJC9xreu840SYDxz15RzYtkTvbLt857eOFVRu2U8CJGK8OV7tQLJXCQA9fymCsVTnykpbOSBkESiq4x6WkfN/kuoQ+Y1GctryQrS+K7ybW5qgQ8g9uLg86XoemLrv4=
TmqgRvnWsrNXqY4wAPw5vJ/ynh8Z8mrAatDvAMknslJBJR9lUHfS2Ycj4o4aQvnmzSU/fQOYWxIkz93wpSAURhCV+sZKZoDKuENIDmm6jqHaVS3+M2kRDPQCWSdczwJpz8JvFHKm3KO5IXxEmdHK+JlzkDjJsRSUHtFhQlT16ML09Ssp3fOjZls7ygS1WZXMcW8Am6uRo8I+yJHLmbe0n7vtia78
IegCGdLpzcZ0SCJUNkEKFQ+ewy7QctQXm2e4PG6j4S089FFSWkiV6tFhsyP8LnegWH4dUYsYR04+KQIow/LJ0RuEL2iuHw==
Ab5cWg/Kmp29GwISEH+YzCgfg7d6/hliED4MWyvL4NAOT3mBjHjJ3trEDWZhzSvPnMIvDOgyxR1LVJ8CDgVaxKMe0f0riDdkrhM=
dkhPm3+XCj3LsatG34QKrZwFinpShUtEvq4hDSOE/4nRUkElUpK3nMVBh6C58gJnOILtBiBPQPjTQ6t6c0OPXc7Z4sQ9ib1sqX/YG3OBeyLWGBkLkUdcf0Mdca4E
rQE7BXUklqHSrKjtcftxSg6ewy7QctQXm2e4PG6j4S089FFSWkiV6tFhsyP8LnegWH4dUYsYR04+KQIow/LJ0RuEL2iuHw==
GDek0TvTm+CZfhDVbfoWkQqewy7QctQXm2e4PG6j4S089FFSWkiV6tFhsyP8LnegWH4dUYsYR04+KQIow/LJ0RuEL2iuHw==
9jo6FGObxQcegCym3ICCSQmewy7QctQXm2e4PG6j4S089FFSWkiV6tFhsyP8LnegWH4dUYsYR04+KQIow/LJ0RuEL2iuHw==
Qwk9RZJfudnCrFZq/PjK9yofg7d6/hliED4MWyvL4NAOT3mBjHjJ3trEDWZhzSvPnMIvDOgyxR1LVJ8CDgVaxKMe0f0riDdkrhM=
4S5PAZ/wfaeYhLMcnc/ryy0fg7d6/hliED4MWyvL4NAOT3mBjHjJ3trEDWZhzSvPnMIvDOgyxRpLVJ8CDgVaxKMe0f0riDdkrhM=
i54uzykV6kE6QVlR7uC+cAyewy7QctQXm2e4PG6j4S089FFSWkiV6tFhsyP8LnegWH4dVosYR04+KQIow/LJ0RuEL2iuHw==
Z+grUnCJMDHeuHX4IYXVvQ2ewy7QctQXm2e4PG6j4S089FFSWkiV6tFhsyP8LnegWH4dVosYR04+KQIow/LJ0RuEL2iuHw==
CKusViLxZ0yOZ7iJ1zlG9A8ppurlKbNgzVqOF+Q6ueYUV7yon6s/+ucrQ42ywdak6THhnCXXK1tHaXcSCmDNq+Xf4C+PNWWuEA==
OM6E1IvHtke4q3Ae7LqQ5Auewy7QctQXm2e4PG6j4S089FFSWkiV6tFhsyP8LnegWH4dVosYR04+KQIow/LJ0RuEL2iuHw==
XxWjZJknZ/KaBPp4jkBqMykFhbdm5hhiED4MWyvL4NAOT3mBjHjJ3trEDWZhzSvPnMIvDOgyxRpLVJ8CDgVaxKMe0f0riDdkrhM=
22o6NTgytsHHddia9Nu/nA8ppuvlKbNgzVqOF+Q6ueYUV7yon6s/+ucrQ42ywdak6THhnCXXK1tHaXcSCmDNq+Xf4C+PNWWuEA==
6U9rJ17xhkfm0rdIE1JdAygFhbdm5hhiED4MWyvL4NAOT3mBjHjJ3trEDWZhzSvPnMIvDOgyxRpLVJ8CDgVaxKMe0f0riDdkrhM=
J002OkZqt4j0ZDCeHlABZSsFhbdm5hhiED4MWyvL4NAOT3mBjHjJ3trEDWZhzSvPnMIvDOgyxRpLVJ8CDgVaxKMe0f0riDdkrhM=
yen4yvDgP4mb4IRC2pZZcCoFhbdm5hhiED4MWyvL4NAOT3mBjHjJ3trEDWZhzSvPnMIvDOgyxRpLVJ8CDgVaxKMe0f0riDdkrhM=
1VqnDMsc49VWkWGjgjT0K50FinpShUtEvq4hDSOE/4nRUkElUpK3nMVBh6C58gJnOILtBiBPQPjTQ6t6c0OPXc7Z4sQ9ib1sqX/fG3OBeyLWGBkLkUdcf0Mdca4E
4D3bbv8L5mmtha2RDITJuJ4FinpShUtEvq4hDSOE/4nRUkElUpK3nMVBh6C58gJnOILtBiBPQPjTQ6t6c0OPXc7Z4sQ9ib1sqX/fG3OBeyLWGBkLkUdcf0Mdca4E
XOpPS6scvw6sYpiFAMxmeFxwkNBwJRbeFWP3oImS0qdIYl2GsO8QOOMju3pjo78dHnlyRI3pTSz5n+8bg6Er4ma46YsBpww/sz1hrhQ=
Mzk/Ye2I7LuOaKdFW5qQ4ikfg7d6/hliED4MWyvL4NAOT3mBjHjJ3trEDWZhzSvPnMIvDOgyxRpLVJ8CDgVaxKMe0f0riDdkrhM=
iSgpkU59v8K9J4VxmTUozA8qpuvlKbNgzVqOF+Q6ueYUV7yon6s/+ucrQ42ywdak6THhnCXXK1tHaXcSCmDNq+Xf4C+PNWWuEA==
wm5vMa5SGvYnCZH+anJrRVxwkNFqIxbCDWL3oImS0qdIYl2GsO8QOOMju3pjo78dHnlyRI3pTSz5n+8bg6Er4ma46YsBpww/sz1hrhQ=
sJp6M8hOIPIsDlz5Fw4IElxwkNBqIxbCDWL3oImS0qdIYl2GsO8QOOMju3pjo78dHnlyRI3pTSz5n+8bg6Er4ma46YsBpww/sz1hrhQ=
kAHb5Tuq1H7d6NQm72ri7A8qpurlKbNgzVqOF+Q6ueYUV7yon6s/+ucrQ42ywdak6THhnCXXK1tHaXcSCmDNq+Xf4C+PNWWuEA==
5lSXZjyqRcNp2+u1TUtaSQ8ppunlKbNgzVqOF+Q6ueYUV7yon6s/+ucrQ42ywdak6THhnCXXK1tHaXcSCmDNq+Xf4C+PNWWuEA==
OuK0vXFv/BhGvVqjrkXE8w8ppujlKbNgzVqOF+Q6ueYUV7yon6s/+ucrQ42ywdak6THhnCXXK1tHaXcSCmDNq+Xf4C+PNWWuEA==
mWx09GwhD9h5Bex7g35NNw8rpurlKbNgzVqOF+Q6ueYUV7yon6s/+ucrQ42ywdak6THhnCXXK1tHaXcSCmDNq+Xf4C+PNWWuEA==
GmgxWyY3oXViz+DxjfjtBA8ppu/lKbNgzVqOF+Q6ueYUV7yon6s/+ucrQ42ywdak6THhnCXXK1tHaXcSCmDNq+Xf4C+PNWWuEA==
3jXPj0j2Y60QUbodSBWJJCgdibd/8AdiED4MWyvL4NAOT3mBjHjJ3trEDWZhzSvPnMIvDOgyxRpLVJ8CDgVaxKMe0f0riDdkrhM=
MD7rYrb+QmwL6Tu4k5H8Og8ppu3lKbNgzVqOF+Q6ueYUV7yon6s/+ucrQ42ywdak6THhnCXXK1tHaXcSCmDNq+Xf4C+PNWWuEA==
WQt91uGwvfqsni9a1XKSfCkdibd/8AdiED4MWyvL4NAOT3mBjHjJ3trEDWZhzSvPnMIvDOgyxRpLVJ8CDgVaxKMe0f0riDdkrhM=
2UwqSpw0NGey5QVzJr9F/g8ppu7lKbNgzVqOF+Q6ueYUV7yon6s/+ucrQ42ywdak6THhnCXXK1tHaXcSCmDNq+Xf4C+PNWWuEA==
BFnf4rs2S/1y5YgIrh0GllxzkNFqIxbCDWL3oImS0qdIYl2GsO8QOOMju3pjo78dHnlyRI3pTSz5n+8bg6Er4ma46YsBpww/sz1hrhQ=
BZ9bAIzeyT16MozWb3dSfQ8qpunlKbNgzVqOF+Q6ueYUV7yon6s/+ucrQ42ywdak6THhnCXXK1tHaXcSCmDNq+Xf4C+PNWWuEA==
viu3ogrnbtEWiYjNEooEGA8qpujlKbNgzVqOF+Q6ueYUV7yon6s/+ucrQ42ywdak6THhnCXXK1tHaXcSCmDNq+Xf4C+PNWWuEA==
eSb1cHhHojH9vUAAxFSdxA8rpuvlKbNgzVqOF+Q6ueYUV7yon6s/+ucrQ42ywdak6THhnCXXK1tHaXcSCmDNq+Xf4C+PNWWuEA==
gE/Em7+FWdIvAzoQHZaeK+3Gphn2rnY+vZy8D2IKZI2stGkjMAB5viHAHx6kP+4um7bWAxYgFQ/tujUPSYWYlRT0S6VrNI+T+XtVbV06wDRvO2dLSmdFEXeuAg==
CzhzwGzJhDtVCiMhRNAeTgOjKyGjja8ZdjyQpbBUVUvk0A2G7YBT5hBvOobnFkprotCBl2E6uZfd9Sx9iFS3DT/kO+s1uxlVqWqU3FNbe2M+V1EJe64O
Id7vIeMnCMUoP5dCVriQLUv8zkVifYOvvHhZH9wMePqQpvwzi2OwKE53qelsUPnG2tw9ToGl+/fcOn+kSFo1gsvM7+qurYq8YyaBFUugB3yuCw==
Lfc3wWy0XpUQkGc0CdH4JlH6zF5wfYOvvHhZH9wMePqQpvwzi2OwKE53qelsUPnG2tw9ToGl+/fcOn+kSFo1gsvM7+qurYq8YyaBFUugB3yuCw==
OxEh/zqavuXH4pKLqATdkEv8zEJofIOvvHhZH9wMePqQpvwzi2OwKE53qelsUPnG2tw9ToGl+/fcOn+kSFo1gsvM7+qurYq8YyaBFUugB3yuCw==
TddNlpROE+vLvx2LU7/55gckzJRtEkL7KXj3oImS0qdIYl2GsO8QOOMju3pjo78dHnlyRI3pTSz5n+8bg6Er4ma46YsBpww/sz1hrhQ=
gAZ8Da/MXVjL0GQkdVvmbh0izIh1E0L7KXj3oImS0qdIYl2GsO8QOOMju3pjo78dHnlyRI3pTSz5n+8bg6Er4ma46YsBpww/sz1hrhQ=
TusT21W8XVhfjv1AOBzQPlf20UNmWtC2q3phS/8qcvqQpvwzi2OwKE53qelsUPnG2tw9ToGl+/fcOn+kSFo1gsvM7+qurYq8YyaBFUugB3yuCw==
KJKfF8PyZZAIrNw5DwWEzglyvvlfRrgawK//ufT43Ec5EyaDr7Gsei05BEbEFDA0eIXjuXxWfpW975R6pQgarpnYCR8XqYz4S8JQUEmsK56rHAY3BgIThFVTc0obcq45
FH/aoC+b198AWAK992nyZwckzpNnE0L7KXj3oImS0qdIYl2GsO8QOOMju3pjo78dHnlyRI3pTSz5n+8bg6Er4ma46YsBpww/sz1hrhQ=
n9fNa1ah/XPAjJxjsFvny58FinpShUtEvq4hDSOE/4nRUkElUpK3nMVBh6C58gJnOILtBiBPQPjTQ6t6c0OPXc7Z4sQ9ib1sqX/fG3OBeyLWGBkLkUdcf0Mdca4E
/ru/pw0Ti86CDup+l95TB5gFinpShUtEvq4hDSOE/4nRUkElUpK3nMVBh6C58gJnOILtBiBPQPjTQ6t6c0OPXc7Z4sQ9ib1sqX/fG3OBeyLWGBkLkUdcf0Mdca4E
Revd5j7laDE9QxMWJS36FA8rpujlKbNgzVqOF+Q6ueYUV7yon6s/+ucrQ42ywdak6THhnCXXK1tHaXcSCmDNq+Xf4C+PNWWuEA==
cRXa9UIWWQ+UpK72XeVpJQ8spuvlKbNgzVqOF+Q6ueYUV7yon6s/+ucrQ42ywdak6THhnCXXK1tHaXcSCmDNq+Xf4C+PNWWuEA==
lhqjadRmSBFWqkIMQMyZzg8spurlKbNgzVqOF+Q6ueYUV7yon6s/+ucrQ42ywdak6THhnCXXK1tHaXcSCmDNq+Xf4C+PNWWuEA==
+gNT7yEw+TrQEUGA6d7IAQ8rpunlKbNgzVqOF+Q6ueYUV7yon6s/+ucrQ42ywdak6THhnCXXK1tHaXcSCmDNq+Xf4C+PNWWuEA==
P3zMhsyH/egJtgtTiSxiESkfg7V99BhiED4MWyvL4NAOT3mBjHjJ3trEDWZhzSvPnMIvDOgyxRpLVJ8CDgVaxKMe0f0riDdkrhM=
6Y5p3T+P38ITc8uy7HHpGVxykNFqIxbCDWL3oImS0qdIYl2GsO8QOOMju3pjo78dHnlyRI3pTSz5n+4bg6Er4ma46YsBpww/sz1hrhQ=
q0BSwT0RPrNq+i4buOa9WQiewy7QctQXm2e4PG6j4S089FFSWkiV6tFhsyP8LnegWH4dV4sYR04+KQIow/LJ0RuEL2iuHw==
02G5VXM9yfKl7U+N+8hhgQeewy7QctQXm2e4PG6j4S089FFSWkiV6tFhsyP8LnegWH4dV4sYR04+KQIow/LJ0RuEL2iuHw==
Z9M/Fjip2OiFAymwPaKBpi0Fhbdm5hhiED4MWyvL4NAOT3mBjHjJ3trEDWZhzSvPnMIvDOgyxRtLVJ8CDgVaxKMe0f0riDdkrhM=
7CPwNepz3wIHzmLkTdLgbCwFhbdm5hhiED4MWyvL4NAOT3mBjHjJ3trEDWZhzSvPnMIvDOgyxRtLVJ8CDgVaxKMe0f0riDdkrhM=
0nNZGpNJVNGMOAER9x6Q+isfg7d6/hliED4MWyvL4NAOT3mBjHjJ3trEDWZhzSvPnMIvDOgyxRtLVJ8CDgVaxKMe0f0riDdkrhM=
vvuGLZzmJoXGr9c6eT19eiwfg7d6/hliED4MWyvL4NAOT3mBjHjJ3trEDWZhzSvPnMIvDOgyxRtLVJ8CDgVaxKMe0f0riDdkrhM=
VKNS9I1dIWzJTRfFgxdv7i8Fhbdm5hhiED4MWyvL4NAOT3mBjHjJ3trEDWZhzSvPnMIvDOgyxRtLVJ8CDgVaxKMe0f0riDdkrhM=
BLKcJVGsNSoh1jTjW2VZNygfg7V99BhiED4MWyvL4NAOT3mBjHjJ3trEDWZhzSvPnMIvDOgyxRtLVJ8CDgVaxKMe0f0riDdkrhM=
1AXT7t4TzLuQ4e2u+Fw7rgaewy7QctQXm2e4PG6j4S089FFSWkiV6tFhsyP8LnegWH4dV4sYR04+KQIow/LJ0RuEL2iuHw==
U+zB68ZZYkzLRlIXfKdWj1Mf55a13gpSlqdzUSVlagPgMaVHOF5ABjsuv5HF3XksqZqmS0dgP8S2LqJhQIZwkrKimqdSHnO+jKkoYVfeyV1jxDZGA/eGq6CBfbbVlMjSbksbRaaUw5UIMOtHahizheacHNV7Uk4RyqrGARFpZwcRDvnfUJQv3RdEg9t8O1El0Qr8jMsbQ9OWd4mZs67G
6FUlmT/4pe9IxLo/m2kWTJoiLP3C85A9OTiuSE0tG2VUf97JmzsGrn56BdaB7fs9R1CXYpg3eZABuIjWnB1+Rs7uDFok2+zuzcIyUZYd6T53Id08iDq9BzjXHnnDymsUdq7Qs6U5GGR96bbIVTvU+A35WGSiqcWi8G10Unh9r6lZey/2x6NuZBGhKby9p0Lbb1nv8sLw9et9r6iPt+WNrvg=
oGG+/Jovj5gICQt7lx0eDjEf6a2D2F+aDWanrqs/88SrmOXR9VFdCqWdBpPYYmp4W4jtkgrIpll5Mmg8yr86tXtdZqvE425V5RfmwMA1TY8L+k5C2+JYqdSWX+UFSTUKDCjUs+SfZ3RnQ4zQixE07E1naJhjx+AjJ04ajd+D/hHbTMn8kYCCdl3VLNxjbuBkcRHrmmOQ1iPenvNgvb+DvuOOrv0=
j9rD0vvBE4gr4MyyGGBgo4JAtL98Wnw057ShKevKr5rl1/lbRRSxjzbl5JhCFn9qjbTm4t5njQA46hblcnu/H6ZtiKm2i7FFFna8j6Uhb1juJHcI4NdgZM9zmdO9hIiqVDVoFf/q89E8JjdrnALpBYg+D20YnVP8ytuDWTZfn46Jul1K2iiJB1zqn1SISpUzy3xP+u7d6uzjdqGli7DnjK77
Y9JFnirBTdldV1FypaWL7FSmdOxHYiD2vidD1J6Mc+C5LFl3zja/ZLHhSTydZ6LbzxmPcuIwFevd78gPlyVtrhg=
qv1B+2SO10X8DMUxcPs0/hkg1ohvMgffWlSluprblPNCbBzL4u8HJPoU/2A1tL0HCn5jRI3pTSz5n+4bg6Er4ma46YsBpww/sz1hrhQ=
iLZjE1jTwImQAQckHRZeqiZ52xnPusrw5/v8Y1c0+diChEgtaPzTEabQvBWHOA/e1rCYWyVsGO8ayIBEdm5jp/gc7CSTlgCcgelrYpNoNtsuZjOYTUdjRhN2rgU=
fv6LThkaexMHq2I4YMIFHzSJna8VHPzyzgc4Wy3AjeYsjS8rN4jzYA6Hk5Ru7GPgqcwpt56WD+Qhgbl8TUeS27/537JSkIVrLY8YT6cFfa4I
05R29xej/LsM8TnWHJiAvtJmFysAiC/JPiMmFu2/E3rKpU64wRVZBAiBu4yC1FdheG1WCq8SokQWhwuy92Ci8kh9OXYQAT66wLLaBPs5bL6c4m+saJKF+0s0X6KOpZrko/4Rnatod0SuMw==
05R29xej/LsM8TnWHJiAvtJmFysAiC/JPiMmFu2/E3rKpU64wRVZBAiBu4yC1FdheG1WCq8SokQWhwuy92Ci8kh9OXYQAT66wLLaBPs5bL6c4m+saJKF+0s0X6KOpZrko/4Rnatod0SuMw==
WqGTtb57jRKID991iJ3rQ20EnqYvsmIkFmdLEnfA4tJIHXmWkGH+msCSGmR72SzenMIvDOgyxRtLVJ8CDgVaxKMe0f0riDdkrhM=
+8fPirjBrP8qxhT+FAqLtgUoysFwJRbeFUP37NTVm/tDYF/A4u8HJPoU/2A1tL0HCn5jRI3pTSz5n+4bg6Er4ma46YsBpww/sz1hrhQ=
kq8od+cqjI+3fsS9sn/m7pxO2D0c1j5K4vh5WT2U+YzRREZBUcmgjt5kyL3gtUs7M4DvQHJPV+TKdO9gJVSNR9re88Q9ib1sqX/eG3OBeyLWGBkLkUdcf0Mdca4E
3WGuWZcK1dNmfyTDfpdpFxEv3cEhaRDODkS4vdDVm/tDYF/A4u8HJPoU/2A1tL0HCn5jRI3pTSz5n+4bg6Er4ma46YsBpww/sz1hrhQ=
qv1B+2SO10X8DMUxcPs0/hkg1ohvMgffWlSluprblPNCbBzL4u8HJPoU/2A1tL0HCn5jRI3pTSz5n+4bg6Er4ma46YsBpww/sz1hrhQ=
cjiYCrP4q3QkT1ZJnxRHxCd52xnPusrw5/v8Y1c0+diChEgtaPzTEabQvBWHOA/e1rCYWyVsGO8ayIBEdm5jp/gc7CSTlgCcgelrYpNoNtsuZjOYTUdjRhN2rgU=
WqGTtb57jRKID991iJ3rQ20EnqYvsmIkFmdLEnfA4tJIHXmWkGH+msCSGmR72SzenMIvDOgyxRtLVJ8CDgVaxKMe0f0riDdkrhM=
+8fPirjBrP8qxhT+FAqLtgUoysFwJRbeFUP37NTVm/tDYF/A4u8HJPoU/2A1tL0HCn5jRI3pTSz5n+4bg6Er4ma46YsBpww/sz1hrhQ=
3WGuWZcK1dNmfyTDfpdpFxEv3cEhaRDODkS4vdDVm/tDYF/A4u8HJPoU/2A1tL0HCn5jRI3pTSz5n+4bg6Er4ma46YsBpww/sz1hrhQ=
qv1B+2SO10X8DMUxcPs0/hkg1ohvMgffWlSluprblPNCbBzL4u8HJPoU/2A1tL0HCn5jRI3pTSz5n+4bg6Er4ma46YsBpww/sz1hrhQ=
cjiYCrP4q3QkT1ZJnxRHxCd52xnPusrw5/v8Y1c0+diChEgtaPzTEabQvBWHOA/e1rCYWyVsGO8ayIBEdm5jp/gc7CSTlgCcgelrYpNoNtsuZjOYTUdjRhN2rgU=
WqGTtb57jRKID991iJ3rQ20EnqYvsmIkFmdLEnfA4tJIHXmWkGH+msCSGmR72SzenMIvDOgyxRtLVJ8CDgVaxKMe0f0riDdkrhM=
+8fPirjBrP8qxhT+FAqLtgUoysFwJRbeFUP37NTVm/tDYF/A4u8HJPoU/2A1tL0HCn5jRI3pTSz5n+4bg6Er4ma46YsBpww/sz1hrhQ=
taOR3ohwkxTe7dM/vfdPN5xO2z0c1j5K4vh5WT2U+YzRREZBUcmgjt5kyL3gtUs7M4DvQHJPV+TKdO9gJVSNR9re88Q9ib1sqX/eG3OBeyLWGBkLkUdcf0Mdca4E
3WGuWZcK1dNmfyTDfpdpFxEv3cEhaRDODkS4vdDVm/tDYF/A4u8HJPoU/2A1tL0HCn5jRI3pTSz5n+4bg6Er4ma46YsBpww/sz1hrhQ=
qv1B+2SO10X8DMUxcPs0/hkg1ohvMgffWlSluprblPNCbBzL4u8HJPoU/2A1tL0HCn5jRI3pTSz5n+4bg6Er4ma46YsBpww/sz1hrhQ=
O1XJ1BQpSupNOMnJwY21SbKHuK6n79h6Xiz8rLpoaAmAwKPFfpz80c9k32quHHg/jZCoe4JEAMD+8vNTQHBMgPsq8MjZJasmW7Rm79ZKU3xlO1NSC3quAQ==
WqGTtb57jRKID991iJ3rQ20EnqYvsmIkFmdLEnfA4tJIHXmWkGH+msCSGmR72SzenMIvDOgyxRtLVJ8CDgVaxKMe0f0riDdkrhM=
USAnRpGv6r8MfR0HT2qBFbOHuK6n79h6Xiz8rLpoaAmAwKPFfpz80c9k32quHHg/jZCoe4JEAMD+8vNTQHBMgPsq8MjZJasmW7Rm79ZKU3xlO1NSC3quAQ==
WqGTtb57jRKID991iJ3rQ20EnqYvsmIkFmdLEnfA4tJIHXmWkGH+msCSGmR72SzenMIvDOgyxRtLVJ8CDgVaxKMe0f0riDdkrhM=
O1XJ1BQpSupNOMnJwY21SbKHuK6n79h6Xiz8rLpoaAmAwKPFfpz80c9k32quHHg/jZCoe4JEAMD+8vNTQHBMgPsq8MjZJasmW7Rm79ZKU3xlO1NSC3quAQ==
WqGTtb57jRKID991iJ3rQ20EnqYvsmIkFmdLEnfA4tJIHXmWkGH+msCSGmR72SzenMIvDOgyxRtLVJ8CDgVaxKMe0f0riDdkrhM=
USAnRpGv6r8MfR0HT2qBFbOHuK6n79h6Xiz8rLpoaAmAwKPFfpz80c9k32quHHg/jZCoe4JEAMD+8vNTQHBMgPsq8MjZJasmW7Rm79ZKU3xlO1NSC3quAQ==
fv6LThkaexMHq2I4YMIFHzSJna8VHPzyzgc4Wy3AjeYsjS8rN4jzYA6Hk5Ru7GPgqcwpt56WD+Qhgbl8TUeS27/537JSkIVrLY8YT6cFfa4I
DDwIKC1BsPPU2KhpbDvfLNJmFysAiC/JPiMmFu2/E3rIpU64wRVZBAiBu4yC1FdheG1WCq8SokQWhwuy92Ci8kh9OXYQAT66wLLaBPs5bL6c4m+saJKF+0s0X6KOpZrko/4Rnatod0SuMw==
DDwIKC1BsPPU2KhpbDvfLNJmFysAiC/JPiMmFu2/E3rIpU64wRVZBAiBu4yC1FdheG1WCq8SokQWhwuy92Ci8kh9OXYQAT66wLLaBPs5bL6c4m+saJKF+0s0X6KOpZrko/4Rnatod0SuMw==
WqGTtb57jRKID991iJ3rQ20EnqYvsmIkFmdLEnfA4tJIHXmWkGH+msCSGmR72SzenMIvDOgyxRtLVJ8CDgVaxKMe0f0riDdkrhM=
+8fPirjBrP8qxhT+FAqLtgUoysFwJRbeFUP37NTVm/tDYF/A4u8HJPoU/2A1tL0HCn5jRI3pTSz5n+4bg6Er4ma46YsBpww/sz1hrhQ=
1LRmGuks64K+rfqpJg4jGpxO2j0c1j5K4vh5WT2U+YzRREZBUcmgjt5kyL3gtUs7M4DvQHJPV+TKdO9gJVSNR9re88Q9ib1sqX/eG3OBeyLWGBkLkUdcf0Mdca4E
9hVLir0N2Ncmmf9NQ+NWdVSmdOxHYiD2vidD1J6Mc+C+LFl3zja/ZLHhSTydZ6LbzxmPcuIwFevd78gPlyVtrhg=
cVsMsyqd3o9w35a987eO8xkg1ohvMgffWlSluprblPNCbBzL4u8HJPoU/2AytL0HCn5jRI3pTSz5n+4bg6Er4ma46YsBpww/sz1hrhQ=
TwWAZ/cm/lBzcGuhdhT0l7OHuK6n79h6Xiz8rLpoaAmAwKPFfpz80c9k32quHHg/jZCoe4JEAMf+8vNTQHBMgPsq8MjZJasmW7Rm79ZKU3xlO1NSC3quAQ==
F7etp15qmT/EY2X1E46s2DSJna8VHPzyzgc4Wy3AjeYsjS8rN4jzYA6Hk5Ru7GPgrswpt56WD+Qhgbl8TUeS27/537JSkIVrLY8YT6cFfa4I
wDwt2F7e8mXsIHgKvAaGyNJmFysAiC/JPiMmFu2/EHrIpU64wRVZBAiBu4yC1FdheG1WCq8SokQWhwuy92Ci8kh9OXYQAT66wLXaBPs5bL6c4m+saJKF+0s0X6KOpZrko/4Rnatod0SuMw==
wDwt2F7e8mXsIHgKvAaGyNJmFysAiC/JPiMmFu2/EHrIpU64wRVZBAiBu4yC1FdheG1WCq8SokQWhwuy92Ci8kh9OXYQAT66wLXaBPs5bL6c4m+saJKF+0s0X6KOpZrko/4Rnatod0SuMw==
ZHO40MFGtrs5Qhc7V2gXKG0EnqYvsmIkFmdLEnfA4tJIHXmWkGH+msCVGmR72SzenMIvDOgyxRtLVJ8CDgVaxKMe0f0riDdkrhM=
XvxNo3mT6q3vts+/MsIEowUoysFwJRbeFUP37NTVm/tDYF/A4u8HJPoU/2AytL0HCn5jRI3pTSz5n+4bg6Er4ma46YsBpww/sz1hrhQ=
NpB6LqPfyCxYg576esV8yZxO2j0c1j5K4vh5WT2U+YzRREZBUcmgjt5kyL3gtUs7M4DvQHJPV+TKdO9gIlSNR9re88Q9ib1sqX/eG3OBeyLWGBkLkUdcf0Mdca4E
3WGuWZcK1dNmfyTDfpdpFxEv3cEhaRDODkS4vdDVm/tDYF/A4u8HJPoU/2A1tL0HCn5jRI3pTSz5n+4bg6Er4ma46YsBpww/sz1hrhQ=
qv1B+2SO10X8DMUxcPs0/hkg1ohvMgffWlSluprblPNCbBzL4u8HJPoU/2A1tL0HCn5jRI3pTSz5n+4bg6Er4ma46YsBpww/sz1hrhQ=
cjiYCrP4q3QkT1ZJnxRHxCd52xnPusrw5/v8Y1c0+diChEgtaPzTEabQvBWHOA/e1rCYWyVsGO8ayIBEdm5jp/gc7CSTlgCcgelrYpNoNtsuZjOYTUdjRhN2rgU=
fv6LThkaexMHq2I4YMIFHzSJna8VHPzyzgc4Wy3AjeYsjS8rN4jzYA6Hk5Ru7GPgqcwpt56WD+Qhgbl8TUeS27/537JSkIVrLY8YT6cFfa4I
vjr04Wvcg2LcgfjDhbQBi9JmFysAiC/JPiMmFu2/EHrJpU64wRVZBAiBu4yC1FdheG1WCq8SokQWhwuy92Ci8kh9OXYQAT66wLLaBPs5bL6c4m+saJKF+0s0X6KOpZrko/4Rnatod0SuMw==
vjr04Wvcg2LcgfjDhbQBi9JmFysAiC/JPiMmFu2/EHrJpU64wRVZBAiBu4yC1FdheG1WCq8SokQWhwuy92Ci8kh9OXYQAT66wLLaBPs5bL6c4m+saJKF+0s0X6KOpZrko/4Rnatod0SuMw==
x2ZVhfuh85wOF650M1OzXREv3cEhaRDODkS4vdDVm/tDYF/A4u8HJPoU/2AytL0HCn5jRI3pTSz5n+4bg6Er4ma46YsBpww/sz1hrhQ=
cVsMsyqd3o9w35a987eO8xkg1ohvMgffWlSluprblPNCbBzL4u8HJPoU/2AytL0HCn5jRI3pTSz5n+4bg6Er4ma46YsBpww/sz1hrhQ=
eu9hUAVFnuqROeTYCEHSFCd52xnPusrw5/v8Y1c0+diChEgtaPzTEabQvBWHOA/e1rCYWyVsGO8ayIBDdm5jp/gc7CSTlgCcgelrYpNoNtsuZjOYTUdjRhN2rgU=
F7etp15qmT/EY2X1E46s2DSJna8VHPzyzgc4Wy3AjeYsjS8rN4jzYA6Hk5Ru7GPgrswpt56WD+Qhgbl8TUeS27/537JSkIVrLY8YT6cFfa4I
U+Qg0vWAUu7ojaw/wb/E6dJmFysAiC/JPiMmFu2/EHrKpU64wRVZBAiBu4yC1FdheG1WCq8SokQWhwuy92Ci8kh9OXYQAT66wLXaBPs5bL6c4m+saJKF+0s0X6KOpZrko/4Rnatod0SuMw==
U+Qg0vWAUu7ojaw/wb/E6dJmFysAiC/JPiMmFu2/EHrKpU64wRVZBAiBu4yC1FdheG1WCq8SokQWhwuy92Ci8kh9OXYQAT66wLXaBPs5bL6c4m+saJKF+0s0X6KOpZrko/4Rnatod0SuMw==
ZHO40MFGtrs5Qhc7V2gXKG0EnqYvsmIkFmdLEnfA4tJIHXmWkGH+msCVGmR72SzenMIvDOgyxRtLVJ8CDgVaxKMe0f0riDdkrhM=
XvxNo3mT6q3vts+/MsIEowUoysFwJRbeFUP37NTVm/tDYF/A4u8HJPoU/2AytL0HCn5jRI3pTSz5n+4bg6Er4ma46YsBpww/sz1hrhQ=
PqHJVEbgJUE4ex2PkYgHA5xO2D0c1j5K4vh5WT2U+YzRREZBUcmgjt5kyL3gtUs7M4DvQHJPV+TKdO9gIlSNR9re88Q9ib1sqX/eG3OBeyLWGBkLkUdcf0Mdca4E
x2ZVhfuh85wOF650M1OzXREv3cEhaRDODkS4vdDVm/tDYF/A4u8HJPoU/2AytL0HCn5jRI3pTSz5n+4bg6Er4ma46YsBpww/sz1hrhQ=
cVsMsyqd3o9w35a987eO8xkg1ohvMgffWlSluprblPNCbBzL4u8HJPoU/2AytL0HCn5jRI3pTSz5n+4bg6Er4ma46YsBpww/sz1hrhQ=
eu9hUAVFnuqROeTYCEHSFCd52xnPusrw5/v8Y1c0+diChEgtaPzTEabQvBWHOA/e1rCYWyVsGO8ayIBDdm5jp/gc7CSTlgCcgelrYpNoNtsuZjOYTUdjRhN2rgU=
SBQN/0Hwz8yxHOoG6aaO2NJmFysAiC/JPiMmFu2/E3rKpU64wRVZBAiBu4yC1FdheG1WCq8SokQWhwuy92Ci8kh9OXYQAT66wLXaBPs5bL6c4m+saJKF+0s0X6KOpZrko/4Rnatod0SuMw==
ZHO40MFGtrs5Qhc7V2gXKG0EnqYvsmIkFmdLEnfA4tJIHXmWkGH+msCVGmR72SzenMIvDOgyxRtLVJ8CDgVaxKMe0f0riDdkrhM=
y2hFE9zKqzF711iAI8ZfUbKHuK6n79h6Xiz8rLpoaAmAwKPFfpz80c9k32quHHg/jZCoe4JEAMf+8vNTQHBMgPsq8MjZJasmW7Rm79ZKU3xlO1NSC3quAQ==
ZHO40MFGtrs5Qhc7V2gXKG0EnqYvsmIkFmdLEnfA4tJIHXmWkGH+msCVGmR72SzenMIvDOgyxRtLVJ8CDgVaxKMe0f0riDdkrhM=
TwWAZ/cm/lBzcGuhdhT0l7OHuK6n79h6Xiz8rLpoaAmAwKPFfpz80c9k32quHHg/jZCoe4JEAMf+8vNTQHBMgPsq8MjZJasmW7Rm79ZKU3xlO1NSC3quAQ==
wDwt2F7e8mXsIHgKvAaGyNJmFysAiC/JPiMmFu2/EHrIpU64wRVZBAiBu4yC1FdheG1WCq8SokQWhwuy92Ci8kh9OXYQAT66wLXaBPs5bL6c4m+saJKF+0s0X6KOpZrko/4Rnatod0SuMw==
wDwt2F7e8mXsIHgKvAaGyNJmFysAiC/JPiMmFu2/EHrIpU64wRVZBAiBu4yC1FdheG1WCq8SokQWhwuy92Ci8kh9OXYQAT66wLXaBPs5bL6c4m+saJKF+0s0X6KOpZrko/4Rnatod0SuMw==
9FG9s1kj5kjza2ZB35I2/hlF9KVNPGbE/4Yq4FajA6antAp26LkRYgDVdh5AEZLQ6y1Eejxmx3g4ho3fC5DXNt5xsuCDOrkJO7w/YK4X
ZHO40MFGtrs5Qhc7V2gXKG0EnqYvsmIkFmdLEnfA4tJIHXmWkGH+msCVGmR72SzenMIvDOgyxRtLVJ8CDgVaxKMe0f0riDdkrhM=
y2hFE9zKqzF711iAI8ZfUbKHuK6n79h6Xiz8rLpoaAmAwKPFfpz80c9k32quHHg/jZCoe4JEAMf+8vNTQHBMgPsq8MjZJasmW7Rm79ZKU3xlO1NSC3quAQ==
h1vMfkr48vH1tDulnbnWFbWKvQgcJ4rdlnh8k9LzhyTvRs7phYNdXEEw/NPZXCQooaBsCGN/1ML9tBNV01RnI3D73R31mriEt3tfmxJHrQF/rgo=
ZHO40MFGtrs5Qhc7V2gXKG0EnqYvsmIkFmdLEnfA4tJIHXmWkGH+msCVGmR72SzenMIvDOgyxRtLVJ8CDgVaxKMe0f0riDdkrhM=
y2hFE9zKqzF711iAI8ZfUbKHuK6n79h6Xiz8rLpoaAmAwKPFfpz80c9k32quHHg/jZCoe4JEAMf+8vNTQHBMgPsq8MjZJasmW7Rm79ZKU3xlO1NSC3quAQ==
ZHO40MFGtrs5Qhc7V2gXKG0EnqYvsmIkFmdLEnfA4tJIHXmWkGH+msCVGmR72SzenMIvDOgyxRtLVJ8CDgVaxKMe0f0riDdkrhM=
y2hFE9zKqzF711iAI8ZfUbKHuK6n79h6Xiz8rLpoaAmAwKPFfpz80c9k32quHHg/jZCoe4JEAMf+8vNTQHBMgPsq8MjZJasmW7Rm79ZKU3xlO1NSC3quAQ==
h1vMfkr48vH1tDulnbnWFbWKvQgcJ4rdlnh8k9LzhyTvRs7phYNdXEEw/NPZXCQooaBsCGN/1ML9tBNV01RnI3D73R31mriEt3tfmxJHrQF/rgo=
ZHO40MFGtrs5Qhc7V2gXKG0EnqYvsmIkFmdLEnfA4tJIHXmWkGH+msCVGmR72SzenMIvDOgyxRtLVJ8CDgVaxKMe0f0riDdkrhM=
TwWAZ/cm/lBzcGuhdhT0l7OHuK6n79h6Xiz8rLpoaAmAwKPFfpz80c9k32quHHg/jZCoe4JEAMf+8vNTQHBMgPsq8MjZJasmW7Rm79ZKU3xlO1NSC3quAQ==
fpxkUuW2Cbqhb+RjqzLyeRm5y0RiXMe5uDVGAo9aEryW/7t612iyKgglqf5wSc6CwI0qTJux/ObcOn+kSFo1g8vM7+qurYq8YyaBFUugB3yuCw==
fpxkUuW2Cbqhb+RjqzLyeRm5y0RiXMe5uDVGAo9aEryW/7t612iyKgglqf5wSc6CwI0qTJux/ObcOn+kSFo1g8vM7+qurYq8YyaBFUugB3yuCw==
ZHO40MFGtrs5Qhc7V2gXKG0EnqYvsmIkFmdLEnfA4tJIHXmWkGH+msCVGmR72SzenMIvDOgyxRtLVJ8CDgVaxKMe0f0riDdkrhM=
y2hFE9zKqzF711iAI8ZfUbKHuK6n79h6Xiz8rLpoaAmAwKPFfpz80c9k32quHHg/jZCoe4JEAMf+8vNTQHBMgPsq8MjZJasmW7Rm79ZKU3xlO1NSC3quAQ==
wDwt2F7e8mXsIHgKvAaGyNJmFysAiC/JPiMmFu2/EHrIpU64wRVZBAiBu4yC1FdheG1WCq8SokQWhwuy92Ci8kh9OXYQAT66wLXaBPs5bL6c4m+saJKF+0s0X6KOpZrko/4Rnatod0SuMw==
F7etp15qmT/EY2X1E46s2DSJna8VHPzyzgc4Wy3AjeYsjS8rN4jzYA6Hk5Ru7GPgrswpt56WD+Qhgbl8TUeS27/537JSkIVrLY8YT6cFfa4I
WqGTtb57jRKID991iJ3rQ20EnqYvsmIkFmdLEnfA4tJIHXmWkGH+msCSGmR72SzenMIvDOgyxRtLVJ8CDgVaxKMe0f0riDdkrhM=
O1XJ1BQpSupNOMnJwY21SbKHuK6n79h6Xiz8rLpoaAmAwKPFfpz80c9k32quHHg/jZCoe4JEAMD+8vNTQHBMgPsq8MjZJasmW7Rm79ZKU3xlO1NSC3quAQ==
WqGTtb57jRKID991iJ3rQ20EnqYvsmIkFmdLEnfA4tJIHXmWkGH+msCSGmR72SzenMIvDOgyxRtLVJ8CDgVaxKMe0f0riDdkrhM=
USAnRpGv6r8MfR0HT2qBFbOHuK6n79h6Xiz8rLpoaAmAwKPFfpz80c9k32quHHg/jZCoe4JEAMD+8vNTQHBMgPsq8MjZJasmW7Rm79ZKU3xlO1NSC3quAQ==
K2Ka9aEC+fOI1qxX4bIoexm5y0RiXMe5uDVGAo9aEryW/7t612iyKgglqf5wSc6CwIoqTJux/ObcOn+kSFo1g8vM7+qurYq8YyaBFUugB3yuCw==
K2Ka9aEC+fOI1qxX4bIoexm5y0RiXMe5uDVGAo9aEryW/7t612iyKgglqf5wSc6CwIoqTJux/ObcOn+kSFo1g8vM7+qurYq8YyaBFUugB3yuCw==
x6gnOVppVFvlxuqoRb/JqhlF9KVNPGbE/4Yq4FajA6antAp26LkRYgDVdh5AFpLQ6y1Eejxmx3g4ho3fC5DXNt5xsuCDOrkJO7w/YK4X
WqGTtb57jRKID991iJ3rQ20EnqYvsmIkFmdLEnfA4tJIHXmWkGH+msCSGmR72SzenMIvDOgyxRtLVJ8CDgVaxKMe0f0riDdkrhM=
O1XJ1BQpSupNOMnJwY21SbKHuK6n79h6Xiz8rLpoaAmAwKPFfpz80c9k32quHHg/jZCoe4JEAMD+8vNTQHBMgPsq8MjZJasmW7Rm79ZKU3xlO1NSC3quAQ==
DDwIKC1BsPPU2KhpbDvfLNJmFysAiC/JPiMmFu2/E3rIpU64wRVZBAiBu4yC1FdheG1WCq8SokQWhwuy92Ci8kh9OXYQAT66wLLaBPs5bL6c4m+saJKF+0s0X6KOpZrko/4Rnatod0SuMw==
fv6LThkaexMHq2I4YMIFHzSJna8VHPzyzgc4Wy3AjeYsjS8rN4jzYA6Hk5Ru7GPgqcwpt56WD+Qhgbl8TUeS27/537JSkIVrLY8YT6cFfa4I
ZHO40MFGtrs5Qhc7V2gXKG0EnqYvsmIkFmdLEnfA4tJIHXmWkGH+msCVGmR72SzenMIvDOgyxRtLVJ8CDgVaxKMe0f0riDdkrhM=
roFZsJ7PRn7Gf4qtdtAcLSZ52xnPusrw5/v8Y1c0+diChEgtaPzTEabQvBWHOA/e1rCYWyVsGO8ayIBDdm5jp/gc7CSTlgCcgelrYpNoNtsuZjOYTUdjRhN2rgU=
ZHO40MFGtrs5Qhc7V2gXKG0EnqYvsmIkFmdLEnfA4tJIHXmWkGH+msCVGmR72SzenMIvDOgyxRtLVJ8CDgVaxKMe0f0riDdkrhM=
eu9hUAVFnuqROeTYCEHSFCd52xnPusrw5/v8Y1c0+diChEgtaPzTEabQvBWHOA/e1rCYWyVsGO8ayIBDdm5jp/gc7CSTlgCcgelrYpNoNtsuZjOYTUdjRhN2rgU=
fpxkUuW2Cbqhb+RjqzLyeRm5y0RiXMe5uDVGAo9aEryW/7t612iyKgglqf5wSc6CwI0qTJux/ObcOn+kSFo1g8vM7+qurYq8YyaBFUugB3yuCw==
fpxkUuW2Cbqhb+RjqzLyeRm5y0RiXMe5uDVGAo9aEryW/7t612iyKgglqf5wSc6CwI0qTJux/ObcOn+kSFo1g8vM7+qurYq8YyaBFUugB3yuCw==
9FG9s1kj5kjza2ZB35I2/hlF9KVNPGbE/4Yq4FajA6antAp26LkRYgDVdh5AEZLQ6y1Eejxmx3g4ho3fC5DXNt5xsuCDOrkJO7w/YK4X
ZHO40MFGtrs5Qhc7V2gXKG0EnqYvsmIkFmdLEnfA4tJIHXmWkGH+msCVGmR72SzenMIvDOgyxRtLVJ8CDgVaxKMe0f0riDdkrhM=
roFZsJ7PRn7Gf4qtdtAcLSZ52xnPusrw5/v8Y1c0+diChEgtaPzTEabQvBWHOA/e1rCYWyVsGO8ayIBDdm5jp/gc7CSTlgCcgelrYpNoNtsuZjOYTUdjRhN2rgU=
SBQN/0Hwz8yxHOoG6aaO2NJmFysAiC/JPiMmFu2/E3rKpU64wRVZBAiBu4yC1FdheG1WCq8SokQWhwuy92Ci8kh9OXYQAT66wLXaBPs5bL6c4m+saJKF+0s0X6KOpZrko/4Rnatod0SuMw==
F7etp15qmT/EY2X1E46s2DSJna8VHPzyzgc4Wy3AjeYsjS8rN4jzYA6Hk5Ru7GPgrswpt56WD+Qhgbl8TUeS27/537JSkIVrLY8YT6cFfa4I
ZHO40MFGtrs5Qhc7V2gXKG0EnqYvsmIkFmdLEnfA4tJIHXmWkGH+msCVGmR72SzenMIvDOgyxRtLVJ8CDgVaxKMe0f0riDdkrhM=
eu9hUAVFnuqROeTYCEHSFCd52xnPusrw5/v8Y1c0+diChEgtaPzTEabQvBWHOA/e1rCYWyVsGO8ayIBDdm5jp/gc7CSTlgCcgelrYpNoNtsuZjOYTUdjRhN2rgU=
ZHO40MFGtrs5Qhc7V2gXKG0EnqYvsmIkFmdLEnfA4tJIHXmWkGH+msCVGmR72SzenMIvDOgyxRtLVJ8CDgVaxKMe0f0riDdkrhM=
XvxNo3mT6q3vts+/MsIEowUoysFwJRbeFUP37NTVm/tDYF/A4u8HJPoU/2AytL0HCn5jRI3pTSz5n+4bg6Er4ma46YsBpww/sz1hrhQ=
WqGTtb57jRKID991iJ3rQ20EnqYvsmIkFmdLEnfA4tJIHXmWkGH+msCSGmR72SzenMIvDOgyxRtLVJ8CDgVaxKMe0f0riDdkrhM=
iLZjE1jTwImQAQckHRZeqiZ52xnPusrw5/v8Y1c0+diChEgtaPzTEabQvBWHOA/e1rCYWyVsGO8ayIBEdm5jp/gc7CSTlgCcgelrYpNoNtsuZjOYTUdjRhN2rgU=
WqGTtb57jRKID991iJ3rQ20EnqYvsmIkFmdLEnfA4tJIHXmWkGH+msCSGmR72SzenMIvDOgyxRtLVJ8CDgVaxKMe0f0riDdkrhM=
cjiYCrP4q3QkT1ZJnxRHxCd52xnPusrw5/v8Y1c0+diChEgtaPzTEabQvBWHOA/e1rCYWyVsGO8ayIBEdm5jp/gc7CSTlgCcgelrYpNoNtsuZjOYTUdjRhN2rgU=
WqGTtb57jRKID991iJ3rQ20EnqYvsmIkFmdLEnfA4tJIHXmWkGH+msCSGmR72SzenMIvDOgyxRtLVJ8CDgVaxKMe0f0riDdkrhM=
cjiYCrP4q3QkT1ZJnxRHxCd52xnPusrw5/v8Y1c0+diChEgtaPzTEabQvBWHOA/e1rCYWyVsGO8ayIBEdm5jp/gc7CSTlgCcgelrYpNoNtsuZjOYTUdjRhN2rgU=
fDHaaW6vJIbPx6QFYaHZTNJmFysAiC/JPiMmFu2/E3rJpU64wRVZBAiBu4yC1FdheG1WCq8SokQWhwuy92Ci8kh9OXYQAT66wLLaBPs5bL6c4m+saJKF+0s0X6KOpZrko/4Rnatod0SuMw==
fDHaaW6vJIbPx6QFYaHZTNJmFysAiC/JPiMmFu2/E3rJpU64wRVZBAiBu4yC1FdheG1WCq8SokQWhwuy92Ci8kh9OXYQAT66wLLaBPs5bL6c4m+saJKF+0s0X6KOpZrko/4Rnatod0SuMw==
x2ZVhfuh85wOF650M1OzXREv3cEhaRDODkS4vdDVm/tDYF/A4u8HJPoU/2AytL0HCn5jRI3pTSz5n+4bg6Er4ma46YsBpww/sz1hrhQ=
cVsMsyqd3o9w35a987eO8xkg1ohvMgffWlSluprblPNCbBzL4u8HJPoU/2AytL0HCn5jRI3pTSz5n+4bg6Er4ma46YsBpww/sz1hrhQ=
roFZsJ7PRn7Gf4qtdtAcLSZ52xnPusrw5/v8Y1c0+diChEgtaPzTEabQvBWHOA/e1rCYWyVsGO8ayIBDdm5jp/gc7CSTlgCcgelrYpNoNtsuZjOYTUdjRhN2rgU=
ZHO40MFGtrs5Qhc7V2gXKG0EnqYvsmIkFmdLEnfA4tJIHXmWkGH+msCVGmR72SzenMIvDOgyxRtLVJ8CDgVaxKMe0f0riDdkrhM=
eu9hUAVFnuqROeTYCEHSFCd52xnPusrw5/v8Y1c0+diChEgtaPzTEabQvBWHOA/e1rCYWyVsGO8ayIBDdm5jp/gc7CSTlgCcgelrYpNoNtsuZjOYTUdjRhN2rgU=
ZHO40MFGtrs5Qhc7V2gXKG0EnqYvsmIkFmdLEnfA4tJIHXmWkGH+msCVGmR72SzenMIvDOgyxRtLVJ8CDgVaxKMe0f0riDdkrhM=
XvxNo3mT6q3vts+/MsIEowUoysFwJRbeFUP37NTVm/tDYF/A4u8HJPoU/2AytL0HCn5jRI3pTSz5n+4bg6Er4ma46YsBpww/sz1hrhQ=
x2ZVhfuh85wOF650M1OzXREv3cEhaRDODkS4vdDVm/tDYF/A4u8HJPoU/2AytL0HCn5jRI3pTSz5n+4bg6Er4ma46YsBpww/sz1hrhQ=
cVsMsyqd3o9w35a987eO8xkg1ohvMgffWlSluprblPNCbBzL4u8HJPoU/2AytL0HCn5jRI3pTSz5n+4bg6Er4ma46YsBpww/sz1hrhQ=
TwWAZ/cm/lBzcGuhdhT0l7OHuK6n79h6Xiz8rLpoaAmAwKPFfpz80c9k32quHHg/jZCoe4JEAMf+8vNTQHBMgPsq8MjZJasmW7Rm79ZKU3xlO1NSC3quAQ==
ZHO40MFGtrs5Qhc7V2gXKG0EnqYvsmIkFmdLEnfA4tJIHXmWkGH+msCVGmR72SzenMIvDOgyxRtLVJ8CDgVaxKMe0f0riDdkrhM=
y2hFE9zKqzF711iAI8ZfUbKHuK6n79h6Xiz8rLpoaAmAwKPFfpz80c9k32quHHg/jZCoe4JEAMf+8vNTQHBMgPsq8MjZJasmW7Rm79ZKU3xlO1NSC3quAQ==
ZHO40MFGtrs5Qhc7V2gXKG0EnqYvsmIkFmdLEnfA4tJIHXmWkGH+msCVGmR72SzenMIvDOgyxRtLVJ8CDgVaxKMe0f0riDdkrhM=
roFZsJ7PRn7Gf4qtdtAcLSZ52xnPusrw5/v8Y1c0+diChEgtaPzTEabQvBWHOA/e1rCYWyVsGO8ayIBDdm5jp/gc7CSTlgCcgelrYpNoNtsuZjOYTUdjRhN2rgU=
ZHO40MFGtrs5Qhc7V2gXKG0EnqYvsmIkFmdLEnfA4tJIHXmWkGH+msCVGmR72SzenMIvDOgyxRtLVJ8CDgVaxKMe0f0riDdkrhM=
XvxNo3mT6q3vts+/MsIEowUoysFwJRbeFUP37NTVm/tDYF/A4u8HJPoU/2AytL0HCn5jRI3pTSz5n+4bg6Er4ma46YsBpww/sz1hrhQ=
KQFHgHt8V5k1TnS3Iq40nZxO2z0c1j5K4vh5WT2U+YzRREZBUcmgjt5kyL3gtUs7M4DvQHJPV+TKdO9gIlSNR9re88Q9ib1sqX/eG3OBeyLWGBkLkUdcf0Mdca4E
WqGTtb57jRKID991iJ3rQ20EnqYvsmIkFmdLEnfA4tJIHXmWkGH+msCSGmR72SzenMIvDOgyxRtLVJ8CDgVaxKMe0f0riDdkrhM=
+8fPirjBrP8qxhT+FAqLtgUoysFwJRbeFUP37NTVm/tDYF/A4u8HJPoU/2A1tL0HCn5jRI3pTSz5n+4bg6Er4ma46YsBpww/sz1hrhQ=
x2ZVhfuh85wOF650M1OzXREv3cEhaRDODkS4vdDVm/tDYF/A4u8HJPoU/2AytL0HCn5jRI3pTSz5n+4bg6Er4ma46YsBpww/sz1hrhQ=
cVsMsyqd3o9w35a987eO8xkg1ohvMgffWlSluprblPNCbBzL4u8HJPoU/2AytL0HCn5jRI3pTSz5n+4bg6Er4ma46YsBpww/sz1hrhQ=
roFZsJ7PRn7Gf4qtdtAcLSZ52xnPusrw5/v8Y1c0+diChEgtaPzTEabQvBWHOA/e1rCYWyVsGO8ayIBDdm5jp/gc7CSTlgCcgelrYpNoNtsuZjOYTUdjRhN2rgU=
IrtvnXFVeeduZN6MZY7Aa9JmFysAiC/JPiMmFu2/E3rPpU64wRVZBAiBu4yC1FdheG1WCq8SokQWhwuy92Ci8kh9OXYQAT66wLXaBPs5bL6c4m+saJKF+0s0X6KOpZrko/4Rnatod0SuMw==
3WGuWZcK1dNmfyTDfpdpFxEv3cEhaRDODkS4vdDVm/tDYF/A4u8HJPoU/2A1tL0HCn5jRI3pTSz5n+4bg6Er4ma46YsBpww/sz1hrhQ=
qv1B+2SO10X8DMUxcPs0/hkg1ohvMgffWlSluprblPNCbBzL4u8HJPoU/2A1tL0HCn5jRI3pTSz5n+4bg6Er4ma46YsBpww/sz1hrhQ=
+8fPirjBrP8qxhT+FAqLtgUoysFwJRbeFUP37NTVm/tDYF/A4u8HJPoU/2A1tL0HCn5jRI3pTSz5n+4bg6Er4ma46YsBpww/sz1hrhQ=
ZHO40MFGtrs5Qhc7V2gXKG0EnqYvsmIkFmdLEnfA4tJIHXmWkGH+msCVGmR72SzenMIvDOgyxRtLVJ8CDgVaxKMe0f0riDdkrhM=
XvxNo3mT6q3vts+/MsIEowUoysFwJRbeFUP37NTVm/tDYF/A4u8HJPoU/2AytL0HCn5jRI3pTSz5n+4bg6Er4ma46YsBpww/sz1hrhQ=
ir6ratLPtwRDotQB5PFZLJxO3T0c1j5K4vh5WT2U+YzRREZBUcmgjt5kyL3gtUs7M4DvQHJPV+TKdO9gIlSNR9re88Q9ib1sqX/eG3OBeyLWGBkLkUdcf0Mdca4E
l8XR2/Z+h4sf/qpftTqf1Fcz5qMGBPpfgPmZuez51lwoBCH04K3pNGs/EkfyWy1tP8y/sn5UOMe9+IhjkkwA/47aEwsQuIz4S8JQUEmtK56rHAY3BgIThFVTc0obcq45
NUCryBa6X8jJp8QRDXkhmFqx+kifPJNZyHKlMnTwpCs591BZNwyE/dZyuDP8LnegWH4dV4sYR04+KQIow/LJ0RuEL2iuHw==
Gn9WOdCdhPV6JaJw3iK2U3Yhz4R25fLev+47I3AxcnYHzlFBivGCjocy8qtvPrmBoAgnAQmSwNfylPm8kaXbi4zMdd6WR3z2k3eB+O+BRGRxV6BjFnl0HZR+Unx8/lewGI69J4vo5z7+OSJ4QyKpwds0T1iuLw==
90WxhOLeDSmuafqZOSmrRNN4EyYSiiqIaWNhRrfrZyCI6jCuxng7HVbV6M/Ilkdgdz9DC/t0/1Ee7Ezv42u55A9dfDgBCxj/luXMQeQiaqCc4m+saJKF+0s0X6KOpZrko/4Rnatod0SuMw==
Ta8njWWmF1J1ei9XAfPGY9jmHVsP/Tf2VIJKPKiJC43LxdxbIQIN4PirycNFEyum1jp617Da+229Hh9DEBrp3Uy11isQE5yEjjosnOMu4CTxUeva49DWY17e86A9f4N+Y06uPQ==
5VdlJmpP6XxSeIdAhTgcpdJ4EyYSiizTPHl2Ta36SiC+/wXvthtZVVrVoYi0hlxxOX1SBuFD7koL7xio8EjtoiNffDgBCxj/luXMQeQiaqCc4m+saJKF+0s0X6KOpZrko/4Rnatod0SuMw==
LQkhPXnTqIfIR2KK2pQBTLyz5pxai8FtFnQv2kR/hEMCGeQ8mKJ4iXFEAb60m9ZPXCggNBsWJ/WH1cMmk3c+Fljl8W+F7ud2WEZZOdQ5Vr+470zA9hYMaOsykAApnSuOi2xG5+aykxT1o7Mae0KuKQ==
l1nK7DnEAgyOQanCTZ6TFLyz5pxai8NtFnQv2kR/hEMCGeQ8mKJ4iXFEAb60m9ZPXCQgNBsWJ/WH1cMmk3c+Fljk8W+F7ud2WEZZOdQ5Vr+470zA9hYMaOsykAApnSuOi2xG5+aykxT1o7Mae0KuKQ==
t1ru/8dPxjC1wRhaUz2crLyz5pxai8FtFnQv2kR/hEMCGeQ8mKJ5iXFEAb60m9ZPXCcgNBsWJ/WH1cMmk3c+Fljk8W+F7ud2WEZZOdQ5Vr+470zA9hYMaOsykAApnSuOi2xG5+aykxT1o7Mae0KuKQ==
VNwzKz5vkEoMwMqr4GBnmOREncJnCC9CyG57eXIZT4cPYT+z5QMvBG9VWEhJNjLeu/O9iZbFdkL4ENCmmtJjb+g7aYfi6qm1kHJaNgJiGJhxuF1ErSntrFlfzhtjYUtihviJi+HnrL8TfUGuNA==
yBOHeBYtD9HEpJhlcx6rdNJ4EyYSiivTPHl2Ta36SiC+/wXvthtaVVrVoYi0hlxxOX1SBuFD7koL7xio8EjtoyNffDgBCxj/luXMQeQiaqCc4m+saJKF+0s0X6KOpZrko/4Rnatod0SuMw==
B/LKejK5S5gWYxvCqzFCB7yz5pxai8ZtFnQv2kR/hEMCGeQ8mKJ4iXFEAb60m9ZPXCQgNBsWJ/WH1cMmk3c+Fljn8W+F7ud2WEZZOdQ5Vr+470zA9hYMaOsykAApnSuOi2xG5+aykxT1o7Mae0KuKQ==
1yWpxf/xEl4ZTA4eO9JQR6tGnZPKl7tngn48dnMr20hSiLcwEqsSzsIXf5OzfPHpxsrXiqymJU9jeUh5KCClC0kG8uZ8DfAHa2/91vfNzk6E9tzeRuAvBMO0M5Vz1MfjUPu93RUa2MRXez/bsscNQV+uKg==
K68KdxtnGJ+y/+x7hTmdQr2z5pxai8BtFnQv2kR/hEMCGeQ8mKJi0DoAAKqT0s5oXH57JF8HLOmQ2N8XonAsMT71sD7ZttN1WEZZOdQ5Vr+470zA9hYMaOsykAApnSuOi2xG5+aykxT1o7Mae0KuKQ==
ZY3rqgeQ7VvSR/5Q/6QfF72z5pxai8NtFnQv2kR/hEMCGeQ8mKJi0DoAAKqT0s5oXH57JF8HLOmQ2N8XonAsMT71sD7Zt9N1WEZZOdQ5Vr+470zA9hYMaOsykAApnSuOi2xG5+aykxT1o7Mae0KuKQ==
10j2eYNf9oxfcsL8/F83/OVEncJnCC4ZnXRscmgIYoc5dArykmBPTGNVEQ41JinP9bGshIzyZ0PuNMO8vLRyNLxnLKvg6qm1kHJaNgJiGJhxuF1ErSntrFlfzhtjYUtihviJi+HnrL8TfUGuNA==
H95UkpHsEA1w1hDRMcKjg7yz5pxai8BtFnQv2kR/hEMCGeQ8mKJ5iXFEAb60m9ZPXCYgNBsWJ/WH1cMmk3c+Fljl8W+F7ud2WEZZOdQ5Vr+470zA9hYMaOsykAApnSuOi2xG5+aykxT1o7Mae0KuKQ==
Yvt15p05WD1yuaYH4w9Dp72z5pxai8NtFnQv2kR/hEMCGeQ8mKJi0DoBAKqT0s5oXH57JF8HLOmQ2N8XonAsMT71sD3ZtdN1WEZZOdQ5Vr+470zA9hYMaOsykAApnSuOi2xG5+aykxT1o7Mae0KuKQ==
Y2SNotnQXu6AMElZ6FJKOysOrizDEEAWClffLUGmLYT0vVqEgJyY51tBVwoGkZjr8o/JTK+KZMZQZ+o/Y5fIjoudYqYQdki26jDT3PfUJ61vJOvLJLsJNfmqRLzD28sDjpdhaUuuPg==
k4j+tJY6LXkXZkdzN6LGm+REncJnCC9CyG57eXIZT4cPYT+z5AMvBG9VWElJNjLeu/O9iZbFdkL4ENCmmtJjb+g7aYfi6qm1kHJaNgJiGJhxuF1ErSntrFlfzhtjYUtihviJi+HnrL8TfUGuNA==
TGZbXYiFzf+0QeO3uqAbfeVEncJnCC0ZnXRscmgIYoc5dArykmBPTGNVEQ41JinP9bGshIzyZ0PuNMO8vLRyNLxnLavg6qm1kHJaNgJiGJhxuF1ErSntrFlfzhtjYUtihviJi+HnrL8TfUGuNA==
MyWnutZRw3o9znZp4E7zHtJ4EyYSii/TPHl2Ta36SiC+/wXvthtYVVrVoYi0hlxxOX1SBuFD7koL7xio8EjtpSNffDgBCxj/luXMQeQiaqCc4m+saJKF+0s0X6KOpZrko/4Rnatod0SuMw==
dJxCOSYPojEt/dVKS4YWtLyz5pxai8BtFnQv2kR/hEMCGeQ8mKJ6iXFEAb60m9ZPXCIgNBsWJ/WH1cMmk3c+Fljl8W+F7ud2WEZZOdQ5Vr+470zA9hYMaOsykAApnSuOi2xG5+aykxT1o7Mae0KuKQ==
s4S2oxe5WXlay+BiN2CC5byz5pxai8FtFnQv2kR/hEMCGeQ8mKJ6iXFEAb60m9ZPXCUgNBsWJ/WH1cMmk3c+Fljl8W+F7ud2WEZZOdQ5Vr+470zA9hYMaOsykAApnSuOi2xG5+aykxT1o7Mae0KuKQ==
miwrnUdQ/VZ+ex3oJFTv7Lyz5pxai8ZtFnQv2kR/hEMCGeQ8mKJ6iXFEAb60m9ZPXCQgNBsWJ/WH1cMmk3c+Fljl8W+F7ud2WEZZOdQ5Vr+470zA9hYMaOsykAApnSuOi2xG5+aykxT1o7Mae0KuKQ==
2KZVwwxkWrFOgBWW76mOs7yz5pxai8NtFnQv2kR/hEMCGeQ8mKJ5iXFEAb60m9ZPXCcgNBsWJ/WH1cMmk3c+Fljl8W+F7ud2WEZZOdQ5Vr+470zA9hYMaOsykAApnSuOi2xG5+aykxT1o7Mae0KuKQ==
+1Zf0eszQpfC9FZNw4zb47yz5pxai8BtFnQv2kR/hEMCGeQ8mKJ4iXFEAb60m9ZPXCkgNBsWJ/WH1cMmk3c+Fljl8W+F7ud2WEZZOdQ5Vr+470zA9hYMaOsykAApnSuOi2xG5+aykxT1o7Mae0KuKQ==
PfSkDLn/oGaj9MAoqMN4zL2z5pxai8BtFnQv2kR/hEMCGeQ8mKJi0DoBAKqT0s5oXH57JF8HLOmQ2N8XonAsMT71sD3ZtNN1WEZZOdQ5Vr+470zA9hYMaOsykAApnSuOi2xG5+aykxT1o7Mae0KuKQ==
Fs6ppu7nwHRv66w5qBowZ9N4EyYSiiqIaWNhRrfrZyCI6jCuxXg7HVbV6M/Ilkdgdz9DC/t0/1Ee7Ezo42u55A9dfDgBCxj/luXMQeQiaqCc4m+saJKF+0s0X6KOpZrko/4Rnatod0SuMw==
RU9N7hzHiatnP8UiuMtI+byz5pxai8ZtFnQv2kR/hEMCGeQ8mKJ5iXFEAb60m9ZPXCkgNBsWJ/WH1cMmk3c+Fljk8W+F7ud2WEZZOdQ5Vr+470zA9hYMaOsykAApnSuOi2xG5+aykxT1o7Mae0KuKQ==
z4ILAy7Q5Y6kGqfdU3nQjtJ4EyYSiivTPHl2Ta36SiC+/wXvthteVVrVoYi0hlxxOX1SBuFD7koL7xio8EjtqSNffDgBCxj/luXMQeQiaqCc4m+saJKF+0s0X6KOpZrko/4Rnatod0SuMw==
IQYktMl/yW3QdnpVgaLRFb2z5pxai8VtFnQv2kR/hEMCGeQ8mKJi0zoAAKqT0s5oXH57JF8HLOmQ2N8XonAsMT71sD3ZstN1WEZZOdQ5Vr+470zA9hYMaOsykAApnSuOi2xG5+aykxT1o7Mae0KuKQ==
C8tV3AEBD6FArCY4FYLUyL2z5pxai8NtFnQv2kR/hEMCGeQ8mKJ9iXFEAb60m9ZPXCEgNBsWJ/WH1cMmk3c+Fljg62mF8v93WEZZOdQ5Vr+470zA9hYMaOsykAApnSuOi2xG5+aykxT1o7Mae0KuKQ==
AqjIOe2YTigGnCjXhYMYiV9Cv01iAHrehzyg3SQ9nqN8ygwQ6h37zJIqMBlW0eC42KKvhFdbKz8rgDcVXqiEGSnZ0Zy3uJSMkX+QexZhRDV0loJEPIYHGLhmTb8LcJdWXpHygIMa+am7HH9Arjc=
k3LwSLYdGlOHyJ7O3o344N7fEUthsDF1GzjOiCu93SgjQU1Czgh8wJBYA7dgcBMqWlEma/Hd0e+8zZ6P61247icKlr9cUQItTwI9BQQKxraemowo5dDx5EHBWfwtB3Lbn7l/MvLQpWsNz7jPB0Vdrig=
a3T2uWYPgeNn9fi0cD88XK1j9JSbdO35Vn2L2iSkuZ3q1h3khLyCmdZLxftsK15KoA+Z9Rg/kZ6ATzdMV8eF08OHz+LY3871+kPRE2zetjpshXE2NVh0XFFPsGsWcWQFtEZitLw2p0j4Fi2vC2B3pp5BUjADapn5+yxfUK4n
KAE0UhxIh4dOeDfdrPHr1YdhdL0xUlu5JWjLoVgT/gsoJ2R1nBcAVzIlZdY2eImqyMkkmD0ypOVSUgfJs87Xufmpu/G7kKixooWUJ65jDIDqYDTTJWRlFjgWGQn0KVZPWD+McFaGjBiLYtAwCY0rfmu8hldGIhNklfPzKltSrtk=
vMzx+skU9Mr/jo+uYIJ8cb2z5pxai8ZtFnQv2kR/hEMCGeQ8mKJi0joAAKqT0s5oXH57JF8HLOmQ2N8XonAsMT71sD/ZtdN1WEZZOdQ5Vr+470zA9hYMaOsykAApnSuOi2xG5+aykxT1o7Mae0KuKQ==
SHjETgOhDDLahVF6O4ue9t7fEUthsDl1GzjOiCu93SgjQU1Czgh8wZBYA7dgcBMqWlEma/Hd0e+8zZ6P61247icKlr1WUwApUAI9BQQKxraemowo5dDx5EHBWfwtB3Lbn7l/MvLQpWsNz7jPB0Vdrig=
XXBQR0OWjzUSKry7wxMHbnfv7ipaqOFCg5Gq9gHYHW4gfUVmr0dUqI/x1SiSF7oTMMvK1EN9TEtdHh4ORysJKQK96uhX32Nniq5XGsJXWFsNMhXl/BrOtpaK9EjN4CkkuRHxXLV3+lsXCefSGgAdK1W/0O8/VVWuIA==
nxJTEP6LxAm8Et2+HuZQ3JTWok9Ngwx/a9BEROSQfjyTSVp0GX7+GlYJZVVyrC8549GwrnynfQibl2N4IubPu3BpaiIzSyw/eRZlHgOsKeOoIk7GnHmJytWkjKChs0iXlo2c+US6mkhcyl+0COrVU8ucj1puvarM45ZhBQvQp6yu2w==
NTP657c1biQtnUWEWdlxOb2z5pxai8BtFnQv2kR/hEMCGeQ8mKJi0joAAKqT0s5oXH57JF8HLOmQ2N8XonAsMT71sDjZt9N1WEZZOdQ5Vr+470zA9hYMaOsykAApnSuOi2xG5+aykxT1o7Mae0KuKQ==
4LTEnKPAEZB2ylgyW4goR72z5pxai8BtFnQv2kR/hEMCGeQ8mKJi0zoAAKqT0s5oXH57JF8HLOmQ2N8XonAsMT71sD/Zt9N1WEZZOdQ5Vr+470zA9hYMaOsykAApnSuOi2xG5+aykxT1o7Mae0KuKQ==
xVQDYlKkwy2YF7co8zlpJoLKJzMlI3ckh3UgQybYvxS9p2pTfUSxG2Mti5VpFTiyq4eIEERpeh4FKgEXT+X0Vtl4d/fEcD7riaujyPCqqa1spdY7MGPcNG6qrAyDniDU0UHrysMgFtM+TnMw3c/DDkNeri0=
3ua4Anj+5VF0xL+4T8AcKL2z5pxai8NtFnQv2kR/hEMCGeQ8mKJ5k3dEHaa1m9ZPXCMgNBsWJ/WH1cMmk3c+Fljg8W+F7ud2WEZZOdQ5Vr+470zA9hYMaOsykAApnSuOi2xG5+aykxT1o7Mae0KuKQ==
hl3h5T6mO8BLId4V6UA7kL2z5pxai8ptFnQv2kR/hEMCGeQ8mKJi0zoAAKqT0s5oXH57JF8HLOmQ2N8XonAsMT71sD3ZsdN1WEZZOdQ5Vr+470zA9hYMaOsykAApnSuOi2xG5+aykxT1o7Mae0KuKQ==
AjEpurNfMISyu56fhpOOIGCY23SGvlyAx6pHie+jeVyxOH3DksfMTB5ZAEifi6bvvSV7+h7+upvoDwvR1bq/r6hueUHEMVaniIcs+CbezDCbmjD4uRWrFjuEpl+2+tPMBYuTYmtKrjE=
ctCM2GZZZVyj0G3gJ9kDZ72z5pxai8dtFnQv2kR/hEMCGeQ8mKJi0joAAKqT0s5oXH57JF8HLOmQ2N8XonAsMT71sD/ZtNN1WEZZOdQ5Vr+470zA9hYMaOsykAApnSuOi2xG5+aykxT1o7Mae0KuKQ==
DlGmDjqIwdSjEXTAlAWlyr2z5pxai8FtFnQv2kR/hEMCGeQ8mKJi0zoAAKqT0s5oXH57JF8HLOmQ2N8XonAsMT71sD/ZttN1WEZZOdQ5Vr+470zA9hYMaOsykAApnSuOi2xG5+aykxT1o7Mae0KuKQ==
nEkuNfnGG4n8TJvrBZDHUb2z5pxai8ZtFnQv2kR/hEMCGeQ8mKJi0zoAAKqT0s5oXH57JF8HLOmQ2N8XonAsMT71sD7ZtdN1WEZZOdQ5Vr+470zA9hYMaOsykAApnSuOi2xG5+aykxT1o7Mae0KuKQ==
kmRZzo6zGhM3AVcdhVmPJL2z5pxai8dtFnQv2kR/hEMCGeQ8mKJi0zoAAKqT0s5oXH57JF8HLOmQ2N8XonAsMT71sD7ZtNN1WEZZOdQ5Vr+470zA9hYMaOsykAApnSuOi2xG5+aykxT1o7Mae0KuKQ==
LDbrid8SbcS1rZVOTL6xDNJ4EyYSiivTPHl2Ta36SiC+/wXvthtfVVrVoYi0hlxxOX1SBuFD7koL7xio8EjtpiNffDgBCxj/luXMQeQiaqCc4m+saJKF+0s0X6KOpZrko/4Rnatod0SuMw==
mRjsGhjcY2kn22h8ndUbvr2z5pxai8JtFnQv2kR/hEMCGeQ8mKJ5k3dEHaa1m9ZPXCMgNBsWJ/WH1cMmk3c+Fljh8W+F7ud2WEZZOdQ5Vr+470zA9hYMaOsykAApnSuOi2xG5+aykxT1o7Mae0KuKQ==
AGpSAi7+hhyoQ5vCckQx+tJ4EyYSiiqIaWNhRrfrZyCI6jCuyXg7HVbV6M3Ilkdgdz9DC/t0/1Ee7Ezt+W25+BdcfDgBCxj/luXMQeQiaqCc4m+saJKF+0s0X6KOpZrko/4Rnatod0SuMw==
47gDcih1xk+2Eh8U3cyc3b2z5pxai8RtFnQv2kR/hEMCGeQ8mKJi0zoAAKqT0s5oXH57JF8HLOmQ2N8XonAsMT71sD3Zs9N1WEZZOdQ5Vr+470zA9hYMaOsykAApnSuOi2xG5+aykxT1o7Mae0KuKQ==
ncudDUGaNWc/6wC57hYnk97fEUthsDF1GzjOiCu93SgjQU1Czgh8wZBYA7dgcBMqWlEma/Hd0e+8zZ6P61247icKl71WUwApUAI9BQQKxraemowo5dDx5EHBWfwtB3Lbn7l/MvLQpWsNz7jPB0Vdrig=
HAwkQo2c7oHMFALeTuK8GDMERjnI1Qn8i9c4tb8fcITuAu/q/NuTS7bjvutxfOZxaIinxOdrnSgX0845P26rleK8/Knpxdvz2fjYvfjgX98WePOcGUisp+HtnbaHjZ5utPbs/pYg3+QzNKM1oxT3w0D7rb1lWoikx/uPewIH3aGvrto=
qtiVI04u7F10D45xCiLKZr2z5pxai8FtFnQv2kR/hEMCGeQ8mKJi0joAAKqT0s5oXH57JF8HLOmQ2N8XonAsMT71sDjZttN1WEZZOdQ5Vr+470zA9hYMaOsykAApnSuOi2xG5+aykxT1o7Mae0KuKQ==
XoothIEFd/6myetYWe6+aq1GnZPKl7tngiVpdGAnwVlE3LY0IP5N7ocRb5GOKO3opdmXzvjzZA0pIVBdNSGhHkldpro5CsFTUkvn1vfNzk6E9tzeRuAvBMO0M5Vz1MfjUPu93RUa2MRXez/bsscNQV+uKg==
5eQt0JXaJBY4vdR6ZTHh8nYhz4R25fLev+47I3AxcnYHzlFBivHD3Ntq7Zs7B52boAgnAQmSwNfylPm8kaXbi4zMdd7NEyCyjkDV3dOaRGRxV6BjFnl0HZR+Unx8/lewGI69J4vo5z7+OSJ4QyKpwds0T1iuLw==
uWzDeI530rg9k5Zl5TIVEFqx+kifPJNZyHanPHTwpCs591BZNwyE/dZyuDP8LnegWH4dVIsYR04+KQIow/LJ0RuEL2iuHw==
Ez1yfY1a4Ik7QKak1A/9KLXuoB8+2+z5QQZgmKwW1wbBZuK5k8ilibUbCSbQOmj3bGwYhbeCdAUVyhauPYHFF3FUpzX53coyU0LQsk9zBmy4gZ3TQz4ODgM2KJU8sn8JPT0lFgQs1L/8i1cIT6fs/HMlZDCFI6hUO5MQn0/quuFnd26NU8hJcAkUMor1scxwG9owODnWq9a7RKYfNrrTjIXLk6Lriq7x
oS/72CT3PyqWqA6D6+wLMZdW/wLJQ/Agt/t9Y47JX////zl11i4dZHk0Y7VjFLdDg/vtPaVayCQH+8/7wgedIW+uGg==
m++6MbfMAiB+EWhhHXijPBkJ4Iyu0Q1R1bo2RgQsaw7mO6VHOF5ABjsuv5HF3XksqZqmS0dgP8S2LqJhQIZwkrKimqdSHnO+jKkoYVfeyV1jxDZGA/eGq6CBfbbVlMjSbksbRaaUw5UIMOtHahizheacHNV7Uk4RyqrGARFpZwcRDvnfUJQv3RdEg9t/O1El0Qr8jMsbQ9OWd4mZs67G
N561HVSXJha6G1rRhHe/VzT2+FW7pmre2fVRTaACL1wk9Ctly7Qv0xt7da09uqD0TzuHC6rn5dEXrmI=
sVAr4cFqcm+YJ2p7wmPqDIYgOMJxdxrhIlhu8h+NTGC7inBoGUarRpsU5k+WqlOcJZvT8ssarmE=
2XMXnOx6WoegD+/mAJEGcG+QxffETBVLQQJmneQA7er+GGR95M11M7NZXH8WMYbDh8WNisEzmfxjWXNzLIwHWJ7ZX3lQ9cS0TSB8LAx0HHI5XhVmYzS5ayiq3l58gXkCFWy8mIGrWJufkovhZIKqgJwCr0zockXaSBQfwg7F2oSj3lE9K8i3pK7T
1D+9onmGdQ2sLv3oOUDnR4US8c5aeMP0fABLmmTXXY7IwLyyv0M7v9UJQXPuSiBUxz1ny5XQeTHaELOYvcBm4eCIRQKGDKnSoKgwP2nuRUX8MKOcoGYN4e05wbYwLhWkN2x0j/Yr4SuF38DVcbYIKsBTUM7RClbB0iXFfptZGSys8iHnRN86yUeShxSa9lQDgTFkhOEhktiRQzi4IcEc9MZh2YJM5ZAifCUDKfWjKwajK9JEDenNLHmfYh4Dr6vi5rhpi4GnjD8zPeGulA==
OWInGN/F9rqPiVKoy9EarquxTf7eAPpeqlPJVILLwrG6wFUqi85jpFPJZHmolO9ak1qWuHWRysZI6n7PjQPq6KoZ+thGGyK1v+5g/NmPwj4kDwDshUaDlEZH8Fzo9C65x8n9sN/e9eW1ltgRFtNBLdbeDFfF2T/wboyncACP0MyPm+kLHTxYwlRduK1fMoM5fI6HM3x6Oa0Ill+VeEXjVAqzcwGW589miVIN8npweW+cQi+M6LLFl07UkYIOhVpEo57RfSsIN+Sukw==
OWInGN/F9rqPiVKoy9EarquxTf7eAPpeqlPJVILLwrG6wFUqi85jpFPJZHmolO9ak1qWuHWRysZI6n7PjQPq6KoZ+thGGyK1v+5g/NmPwj4kDwDshUaDlEZH8Fzo9C65x8n9sN/e9eW1ltgRFtNBLdbeDFfF2T/wboyncACP0MyPm+kLHTxYwlRduK1fMoM5fI6HM3x6Oa0Ill+VeEXjVAqzcwGW589miVIN8npweW+cQi+M6LLFl07UkYIOhVpEo57RfSsIN+Sukw==
OWInGN/F9rqPiVKoy9EarquxTf7eAPpeqlPJVILLwrG6wFUqi85jpFPJZHmolO9ak1qWuHWRysZI6n7PjQPq6KoZ+thGGyK1v+5g/NmPwj4kDwDshUaDlEZH8Fzo9C65x8n9sN/e9eW1ltgRFtNBLdbeDFfF2T/wboyncACP0MyPm+kLHTxYwlRduK1fMoM5fI6HM3x6Oa0Ill+VeEXjVAqzcwGW589miVIN8npweW+cQi+M6LLFl07UkYIOhVpEo57RfSsIN+Sukw==
OWInGN/F9rqPiVKoy9EarquxTf7eAPpeqlPJVILLwrG6wFUqi85jpFPJZHmolO9ak1qWuHWRysZI6n7PjQPq6KoZ+thGGyK1v+5g/NmPwj4kDwDshUaDlEZH8Fzo9C65x8n9sN/e9eW1ltgRFtNBLdbeDFfF2T/wboyncACP0MyPm+kLHTxYwlRduK1fMoM5fI6HM3x6Oa0Ill+VeEXjVAqzcwGW589miVIN8npweW+cQi+M6LLFl07UkYIOhVpEo57RfSsIN+Sukw==
OWInGN/F9rqPiVKoy9EarquxTf7eAPpeqlPJVILLwrG6wFUqi85jpFPJZHmolO9ak1qWuHWRysZI6n7PjQPq6KoZ+thGGyK1v+5g/NmPwj4kDwDshUaDlEZH8Fzo9C65x8n9sN/e9eW1ltgRFtNBLdbeDFfF2T/wboyncACP0MyPm+kLHTxYwlRduK1fMoM5fI6HM3x6Oa0Ill+VeEXjVAqzcwGW589miVIN8npweW+cQi+M6LLFl07UkYIOhVpEo57RfSsIN+Sukw==
/gR9XnA7zyv8t4HJVnAC5oUS8c5aeMP0fABLmmTXXY7IwLyyv0M7v9UJQXPuSiBUxz1ny5XQeTHaELOYvcBm4eCIRQKGDKnSoKgwP2nuRUX8MKOcoGYN4e05wbYwLhWkN2x0j/Yr4SuF38DVcbYIKsBTUM7RClbB0iXFfptZGSys8iHnRN86yUeShxSa9lQDgTFkhOEhktiRQzi4IcEc9MZh2YJM5ZAifCUDKfWjKwajK9JEDenNLHmfaBoDpK/i57hpi4GnjD8zPeGulA==
QMDPCeOa9IJW7PyUhZQpt6uxTf7eAPpeqlPJVILLwrG6wFUqi85jpFPJZHmolO9ak1qWuHWRysZI6n7PjQPq6KoZ+thGGyK1v+5g/NmPwj4kDwDshUaDlEZH8Fzo9C65x8n9sN/e9eW1ltgRFtNBLdbeDFfF2T/wboyncACP0MyPm+kLHTxYwlRduK1fMoM5fI6HM3x6Oa0Ill+VeEXjVAqzcwGW589miVIN8npweW+cQi+M6LLFnUrUmoYOhFpEo57RfSsIN+Sukw==
qRdn8jCkR3Qijzbme4wfnIUS8c5aeMP0fABLmmTXXY7IwLyyv0M7v9UJQXPuSiBUxz1ny5XQeTHaELOYvcBm4eCIRQKGDKnSoKgwP2nuRUX8MKOcoGYN4e05wbYwLhWkN2x0j/Yr4SuF38DVcbYIKsBTUM7RClbB0iXFfptZGSys8iHnRN86yUeShxSa9lQDgTFkhOEhktiRQzi4IcEc9MZh2YJM5ZAifCUDKfWjKwajK9JEDenNLHmfYhkDpK/i57hpi4GnjD8zPeGulA==
32BvMZ8WOQGboZaulW2DsquxTf7eAPpeqlPJVILLwrG6wFUqi85jpFPJZHmolO9ak1qWuHWRysZI6n7PjQPq6KoZ+thGGyK1v+5g/NmPwj4kDwDshUaDlEZH8Fzo9C65x8n9sN/e9eW1ltgRFtNBLdbeDFfF2T/wboyncACP0MyPm+kLHTxYwlRduK1fMoM5fI6HM3x6Oa0Ill+VeEXjVAqzcwGW589miVIN8npweW+cQi+M6LLFl0nUmoYOhFpEo57RfSsIN+Sukw==
QyL5B+2kNYVqSRVLhJtSXvwkf3EdYS4UIqxEEsC531gKBfcoarvf51S0SgRVmbVMUS9lmAtUR0LfCDHL+ffUH5staa4c
YzXVTJ49tqFZaDEg9BuPhlI46LXJGrMs0RnaRPYE+LJcUauonp17qOYjS5eg3Nak6THhnCXXJ1hHbHMSC2DNq+Xf4C+PNWWuEA==
IJ0ycYTjLIdfE8VlldrKjxuTkLEqUlmzoWX+OhZHNzXsXPAI7oJKPU3wqFE9aKDv/c9GsEAUf71nBJN7wDihwMXKTaybmzOzBje5OWOuFg==
9CS35qW78/clN/J9eG3N6YUS8c5aeMP0fABLmmTXXY7IwLyyv0M7v9UJQXPuSiBUxz1ny5XQeTHaELOYvcBm4eCIRQKGDKnSoKgwP2nuRUX8MKOcoGYN4e05wbYwLhWkN2x0j/Yr4SuF38DVcbYIKsBTUM7RClbB0iXFfptZGSys8iHnRN86yUeShxSa9lQDgTFkhOEhktiRQzi4IcEc9MZh2YJM5ZAifCUDKfWjKwajK9JEDenNLHmfaB8DpK/i57hpi4GnjD8zPeGulA==
G+yooCOFZm8Bqef4eYihBKuxTf7eAPpeqlPJVILLwrG6wFUqi85jpFPJZHmolO9ak1qWuHWRysZI6n7PjQPq6KoZ+thGGyK1v+5g/NmPwj4kDwDshUaDlEZH8Fzo9C65x8n9sN/e9eW1ltgRFtNBLdbeDFfF2T/wboyncACP0MyPm+kLHTxYwlRduK1fMoM5fI6HM3x6Oa0Ill+VeEXjVAqzcwGW589miVIN8npweW+cQi+M6LLFnU/UmoYOhFpEo57RfSsIN+Sukw==
yia24GsyjoCY6pTopTQ5cnYgeUK5NGT87z9dlmhvToPLDMeO7MOM2Asi0PCJwC++7viGlsZiE6QVs/Pq2xKuGQ==
BtpLKs95Y818221ba+DvPgtIeco/6imL4egEGIfTLWIQk84HQ4BXGnRfLHyjjmBEMXTu+ia0VsIePvPA/d8DniNurh0=
YeHBHgfuTzhanOKcVhtnZW5NiacvsmIlFixCFHKG5dIUBmuxxTTE2Y7JH1Iv/BDFnMIvDOgyxRxOVJoGDgRaxKMe0f0riDdkrhM=
q0rTnBiGmuWR8uVHeGt7aJTWok9Ngwx/a9BEROSQfjyTSVp0GX7+GlYJZVVyrC8549GwrnynfQibl2N4IubPu3BpaiIzSyw/eRZlHgOsKeOoIk7GnHmJytWkjKChs0iXlo2c+US6mkhcyl+0COrVUsicjV5uvKrM45ZhBQvQp6yu2w==
jMNO+gjDnxb26iVO5p6B4uKi9bjfMSTxPUdlgBgYqv5yeHOPkLDVoDHYt/qLjtNnjsRJbgAF9Ezl7kQBur33PUsy173xpavlo4yIlYqppBOWX0zEoixkh304BXJQeml9jFHf3NezHOTOGiy8I85ghLE377qhdFaCnv7zgH0fA96jrq7d
fbLgOtNTBwHch37hW/OE6oUS8c5aeMP0fABLmmTXXY7IwLyyv0M7v9UJQXPuSiBUxz1ny5XQeTHaELOYvcBm4eCIRQKGDKnSoKgwP2nuRUX8MKOcoGYN4e05wbYwLhWkN2x0j/Yr4SuF38DVcbYIKsBTUM7RClbB0iXFfptZGSys8iHnRN86yUeShxSa9lQDgTFkhOEhktiRQzi4IcEc9MZh2YJM5ZAifCUDKfWjKwajK9JEDenNLHmfYh4Do6/i57hpi4GnjD8zPeGulA==
PJclXaHVtsTXUUbW0ZoXz4US8c5aeMP0fABLmmTXXY7IwLyyv0M7v9UJQXPuSiBUxz1ny5XQeTHaELOYvcBm4eCIRQKGDKnSoKgwP2nuRUX8MKOcoGYN4e05wbYwLhWkN2x0j/Yr4SuF38DVcbYIKsBTUM7RClbB0iXFfptZGSys8iHnRN86yUeShxSa9lQDgTFkhOEhktiRQzi4IcEc9MZh2YJM5ZAifCUDKfWjKwajK9JEDenNLHmfbB8Doq/i57hpi4GnjD8zPeGulA==
bTt/avhwY1GZAFZljk4nk6uxTf7eAPpeqlPJVILLwrG6wFUqi85jpFPJZHmolO9ak1qWuHWRysZI6n7PjQPq6KoZ+thGGyK1v+5g/NmPwj4kDwDshUaDlEZH8Fzo9C65x8n9sN/e9eW1ltgRFtNBLdbeDFfF2T/wboyncACP0MyPm+kLHTxYwlRduK1fMoM5fI6HM3x6Oa0Ill+VeEXjVAqzcwGW589miVIN8npweW+cQi+M6LLFmU/UnIYOhFpEo57RfSsIN+Sukw==
rt9r6EVgvtH0JxTOKTVz6iTwNtoowfc4qKAWBOWKsANzH0HC1bXPEU4qrNpqHN0Tu6AYAR0YaJuFsInCYm71hcwSEwSglO9d10RDW7w5kaoVCj0MCxuDU1Z3SRlzrgY=
dbypLJxfbWeL+t4kJXobbKgXK2rYoOn/WO32BMo7cLZB+80CGzdp2WD1bZTJnbj5U4hTYtETDHsISwqEZuoeblYKHfbJPUO9vwDfgoAHkdCpKPB2VG1mRtYeRPrcS0QupfIqMV7Nkb7PcRUckMqVR9BHppmL+nMUbp6YUx2p8CRVGa7onWtseHUpkAS6ma1iWP2M8jCNt6lBC+dWvzPGJPmRMVz197pZ14aj0tuA3SsVPxDvf9WVruA=
UuzwhOaP63TdMI7zrO0QgmujnMfOqKJMH+MSMnsGPYzGoH20iZ+btDhqP90RJB7C1lqJgfuH1YM49XhrljGsvFISV77NYE5mTsPF1Bj+HsEivxeLJvkgbeavuVE2ovQrNaXHjK7wXwzw8yiwb+cRd+1AoL5UIUDRr057RZzyf0+MBsHRyOqn6Yg5Gyjqz4t9Zps3Ggku9Y6KDIETfD7X8BjOPeeJqGj6/viiOEPiKQHbdM+Yru8=
mFiEFg1mii6Xq8WVBliRTKKEgpiC5thFGK6ZzdussFQ/2yJ6u07N9CY47TwJFwssWJJPFVHsLvr2QpmJ+4/FmxjNSKPW+dxEMorHNk3o3v6uuzWc2LYu+QKnB4Mm8TB1xpeJGfbqBFPVPVcELnjPlJALWHgvLyFPzViwtlQpUMmPdkuN3DoPt+yeUVlIYjdxaEHrYCqHu0VGgycSCSbllqo0sVu8dieI+Fatbwkg+GKeANLwAyoZOfts35Cu5w==
k/1M5H7cpIUEbpPBNfModbxM+1bTUcAS0a8ZbORAk5+qbgftFkiLYOHeDh7JHikJFzZAhFsHQeIi8P5EnYv78Tnh4Lu80SaXMC7a7CNUrbYCpHbt4c4I+OKzyuHDweZPjM9+IT2rRkSo+X2b86aO5lMOCJ3M6r+hrcVF3jQ01NcsM/eAP3+s1GNdhHg1uyi8a6swl7+yekn3jw5FY9BJGNmskgKFaYxYC6LQcIlNKT7keIYWxuITJBUz82rbkq6Z
rADsTp57Khdvtd4x8XMaue+aP3zLCZjqfQbntcYAS9hRdq6GWZap8WfeIFwLzwHaEtjeXI2D+4nJiQDjbJnmL4CGenSz3C1OckwWNbEGSMDSm+r508nmN3ynnnnt44b8GFHdA2MuDh4j5mhFnCL/mZ3tZcYkPNSv3FsX2O83bGzT9STgpTOoRBtDUE/vejpxx6cuXXPYSWApxHJaVSFM4LsKcOgZxanGlJDmzpYqUxwlG9Nyy5qu4Q==
xCX0Dw2k5+XWRW9c/NVedeMeIW2ItOzkQfulQ9AgZ6NB+80CGzdp2WD1bZTJnbj5U4hTYtETDHsISwqEZuoeblYKHfbJPUO9vwDfgoAHkdCpKPB2VG1mRtYeRPrcS0QupfIqMV7Nkb7PcRUckMqVR9BHppmL+nMUbp6YUx2p8CRVGa7onWtseHUpkAS6ma1iWP2M8jCNt6lBC+dWvzPGJPmRMVz197pZ14aj0tuA3SsVPxDvf9WVruA=
JwQtXOfLqUU9PO25OwXRfO+aInDNG4PjTQbntcYAS9hRdq6GWZap8WfeIFwLzwHaEtjeXI2D+4nJiQDjbJnmL4CGenSz3C1OckwWNbEGSMDSm+r508nmN3ynnnnt44b8GFHdA2MuDh4j5mhFnCL/mZ3tZcYkPNSv3FsX2O83bGzT9STgpTOoRBtDUE/vejpxx6cuXXPYSWApxHJaVSFM4LsKcOgZxanGlJDmzpYqUxwlG9Nyy5qu4Q==
3MAWtS/ptMCDEr2GkEeZTXHaVeBR4GP5epllG6nUfK1P3Wooz6faBlsyNYjWRBVAyWvzUKjut2mxkNaGBj5h9fvzPefosbDfNoUkOML2P0qNlCaCXsfN4DjK1oXy2///po3ICTbrcWUWlvwvJUGveO4EN+hgd6AEz1PZMz0kSMpUVai1fwqz8TxG98sc4qkliB7PDZg9ExzK+0M5tv/fbolaHepaSEknXArf9AgqVRPJXAAebnwqjONW4UULECfsrps=
vcocT+oySsfnBa8m8NVclmntcKQGOMD1UY0EaNWadwF+rOu8uQpe0oHaaTUvAnCocyNh/jrk7kiVj/uNwZUQ11S1xsvoegqg6xBtCroQxkFJaqhkeidabUtFZrP0Ow7NVU8mmPAtLVe7Ys7aazo4seTOn7210VXSPDDUq9RHB+zXG0yIuwlUNP3/6ADTH4A7Fxba1W8bnsnrVMnkoVji7u2N7IRTdoC8wYlpAtxMtjruxjM4DSfjZtOWruU=
xQwdcMnBec1TX/aOGsDYPGjkbbMAO4nnAYMYYtDbQ09ytuOpuQpe0oHaaTUvAnCocyNh/jrk7kiVj/uNwZUQ11S1xsvoegqg6xBtCroQxkFJaqhkeidabUtFZrP0Ow7NVU8mmPAtLVe7Ys7aazo4seTOn7210VXSPDDUq9RHB+zXG0yIuwlUNP3/6ADTH4A7Fxba1W8bnsnrVMnkoVji7u2N7IRTdoC8wYppAtxMtjruxjM4DSfjZtOWruU=
JGxjet4S6SAxaoDn40qb5TT2+FW7pmre2fVRTaACL1wk9Ctly7Qv0xt5daI5uqH0TzuHC6rn5dEXrmI=
XZKTeU45E7H10kYrvktAVYYgOMJxdxrhIlhu8h+NTGC7inBoGUapRpQQ5k6WqlOcJZvT8ssarmE=
ZikvC3Uxsz/ZbEloyUO/89G70I+EsA6KxURPr7Y22NeMyQs5SvgaglyK33QIqlWQydwAnm78Kgzj1uHFC5AnbK4b
a4BgFqG/aa3lKf1L7+Tk/lqx+kifPJNZyHKlMnTwpCs591BZNwyE/dZyuDP8LnegWH4dU4gYSEo+KAIow/LJ0RuEL2iuHw==
B8dNDglS3llcJQpKuD9AGn97D+KBXUlebzoLTiH8j1AuX3KLBSiO8Gxsf5KYq87ddb+m6NA9bcdbUs7qi6p4ocS+H02VwZVCXADUm7TXx/z368z4mxkUpB3P6DAzj8ArN2ZaJU8LXlmLZMnUwcgi/s19bPRzZsAsIb1oMjzc9irOtrPILTcj9rOmrtU=
1ANtEbJI+Hg596GpI7t8oDT2+FW7pmre2fVRTaACL1wk9Ctly7Qv0xx4daI5uqH0TzuHC6rn5dEXrmI=
L4PLYyiRqE7wiEtT0+ABiYYgOMJxdxrhIlhu8h+NTGC7inBoGUGoRpQQ5k6WqlOcJZvT8ssarmE=
1ANtEbJI+Hg596GpI7t8oDT2+FW7pmre2fVRTaACL1wk9Ctly7Qv0xx4daI5uqH0TzuHC6rn5dEXrmI=
L4PLYyiRqE7wiEtT0+ABiYYgOMJxdxrhIlhu8h+NTGC7inBoGUGoRpQQ5k6WqlOcJZvT8ssarmE=
QtN9jmXB4kC3lpEiv/5PnnM1mRjFp93noeDaZE02kZyGhEg/f/eJC6qevwaHPwDAybzEWmB9AfUsh/dWcHt+oPQd7CSTlgCcge1oYpxsNtouZjOYTUdjRhN2rgU=
7Ili7RMwS0zAG91mxkRDswNa5PIeq3ADdE8tZlrmybgZBhoS2M3LiTHhBvgfpOOR6Hq1CjQINKPZv2BBNxS0tTb6KMu8FmeoeLZtywiAuAIeIBIQA4pZWXtMH3CuBw==
8v0rw/HEEip8kLZ+DjtArCppy9cvmVEZQ08tZlrmybgZBhoS2M3LiTHhBvgfpOOR6Hq1CjQINKPZv2BBNxS0tTb6KMu8FmeoeLZtywiAuAIeIBIQA4pZWXtMH3CuBw==
2BfqITfFOTbpyN9Ni4P4tBd+YCxRRiViWuLBrAkSMvb4qeNdYbXOPF9gK8W4rh1ulOycN0kr6MW3kDwhpm6ALxxyz3wo4qUPSERwVk70OnQjbnFNa1gXdK4D
5zkx/zV07ufsXMbRxwvn1faEJ1eNrSoBhh6IHc/VDwesVF1eWt65kPkuSkoYFZvhkQm2gJ9cU/lIkmVSdNDki7mXkHk3LESdVtL4E/xOt0DY3t0ziPgI6r5IQsjD0glxm2RvSK4/
d9NNXycW2I96M+q/DmxowDfV4vL36NM2V8nVOpp5U2epHx8aHX/Ntemwg0BOVRSlRuRRb28l1JRFTytcOzqu3ahyWBdPYmB6teI6BHXZVcwx70KY6x7nwn9I0cvZN3Sfe21Jrjw=
35hH8lEark2nGpSwENWcD5Gv1VJQ6mDNPtr+BtIjp11BJxl4FHHT/NNvrMdaENP0o0ElG3fjJxsljJSqun8LUh3S499baoDKuENIDmm6jqHaVS3+M2kRDPQCWSdczwJpz8JvFHKm3KO5IXxEmdHK+JlzkDjJsRSUHtFhQlT16ML09Ssp3fOjZls7ygS1WZXMcW8CmKuep8I/yJHLmbe0n7vtia78
ZNJ+UG9r7li7RR0B49B7mu3Gqw31jDM+uon+BXMQWs7wtWUvJQdpky/bDlCkP+wtk6yVAxsnDAn68zVKXpu4hRL0S6VrNI+T/HhVYlk6wTRvO2dLSmdFEXeuAg==
cIbAIXm5caHNZoPgyCZzUi/O4PUwNKDVFRghuAix0xWynNv7vPYnCPjWresIoPjinoDScAOqGbn77N8Qrmc=
cIbAIXm5caHNZoPgyCZzUi/O4PUwNKDVFRghuAix0xWynNv7vPYnCPjWresIoPjinoDScAOqGbn77N8Qrmc=
